[2024-12-15T19:39:34.582+0000] {processor.py:186} INFO - Started process (PID=46) to work on /home/airflow/.local/lib/python3.12/site-packages/airflow/example_dags/example_skip_dag.py
[2024-12-15T19:39:34.596+0000] {processor.py:914} INFO - Processing file /home/airflow/.local/lib/python3.12/site-packages/airflow/example_dags/example_skip_dag.py for tasks to queue
[2024-12-15T19:39:34.604+0000] {logging_mixin.py:190} INFO - [2024-12-15T19:39:34.600+0000] {dagbag.py:588} INFO - Filling up the DagBag from /home/airflow/.local/lib/python3.12/site-packages/airflow/example_dags/example_skip_dag.py
[2024-12-15T19:39:34.668+0000] {processor.py:925} INFO - DAG(s) 'example_skip_dag' retrieved from /home/airflow/.local/lib/python3.12/site-packages/airflow/example_dags/example_skip_dag.py
[2024-12-15T19:39:35.966+0000] {logging_mixin.py:190} INFO - [2024-12-15T19:39:35.965+0000] {override.py:1911} INFO - Created Permission View: can delete on DAG:example_skip_dag
[2024-12-15T19:39:36.023+0000] {logging_mixin.py:190} INFO - [2024-12-15T19:39:36.023+0000] {override.py:1911} INFO - Created Permission View: can read on DAG:example_skip_dag
[2024-12-15T19:39:36.063+0000] {logging_mixin.py:190} INFO - [2024-12-15T19:39:36.063+0000] {override.py:1911} INFO - Created Permission View: can edit on DAG:example_skip_dag
[2024-12-15T19:39:36.085+0000] {logging_mixin.py:190} INFO - [2024-12-15T19:39:36.085+0000] {override.py:1911} INFO - Created Permission View: menu access on DAG Run:example_skip_dag
[2024-12-15T19:39:36.104+0000] {logging_mixin.py:190} INFO - [2024-12-15T19:39:36.104+0000] {override.py:1911} INFO - Created Permission View: can delete on DAG Run:example_skip_dag
[2024-12-15T19:39:36.130+0000] {logging_mixin.py:190} INFO - [2024-12-15T19:39:36.130+0000] {override.py:1911} INFO - Created Permission View: can create on DAG Run:example_skip_dag
[2024-12-15T19:39:36.154+0000] {logging_mixin.py:190} INFO - [2024-12-15T19:39:36.154+0000] {override.py:1911} INFO - Created Permission View: can read on DAG Run:example_skip_dag
[2024-12-15T19:39:36.159+0000] {logging_mixin.py:190} INFO - [2024-12-15T19:39:36.157+0000] {dag.py:3239} INFO - Sync 1 DAGs
[2024-12-15T19:39:36.225+0000] {logging_mixin.py:190} INFO - [2024-12-15T19:39:36.225+0000] {dag.py:3262} INFO - Creating ORM DAG for example_skip_dag
[2024-12-15T19:39:36.275+0000] {logging_mixin.py:190} INFO - [2024-12-15T19:39:36.274+0000] {dag.py:4180} INFO - Setting next_dagrun for example_skip_dag to 2024-12-14 00:00:00+00:00, run_after=2024-12-15 00:00:00+00:00
[2024-12-15T19:39:36.344+0000] {processor.py:208} INFO - Processing /home/airflow/.local/lib/python3.12/site-packages/airflow/example_dags/example_skip_dag.py took 1.828 seconds
[2024-12-15T19:41:02.004+0000] {processor.py:186} INFO - Started process (PID=118) to work on /home/airflow/.local/lib/python3.12/site-packages/airflow/example_dags/example_skip_dag.py
[2024-12-15T19:41:02.017+0000] {processor.py:914} INFO - Processing file /home/airflow/.local/lib/python3.12/site-packages/airflow/example_dags/example_skip_dag.py for tasks to queue
[2024-12-15T19:41:02.033+0000] {logging_mixin.py:190} INFO - [2024-12-15T19:41:02.033+0000] {dagbag.py:588} INFO - Filling up the DagBag from /home/airflow/.local/lib/python3.12/site-packages/airflow/example_dags/example_skip_dag.py
[2024-12-15T19:41:02.054+0000] {processor.py:925} INFO - DAG(s) 'example_skip_dag' retrieved from /home/airflow/.local/lib/python3.12/site-packages/airflow/example_dags/example_skip_dag.py
[2024-12-15T19:41:02.088+0000] {logging_mixin.py:190} INFO - [2024-12-15T19:41:02.088+0000] {dag.py:3239} INFO - Sync 1 DAGs
[2024-12-15T19:41:02.131+0000] {logging_mixin.py:190} INFO - [2024-12-15T19:41:02.130+0000] {dag.py:4180} INFO - Setting next_dagrun for example_skip_dag to 2024-12-14 00:00:00+00:00, run_after=2024-12-15 00:00:00+00:00
[2024-12-15T19:41:02.156+0000] {processor.py:208} INFO - Processing /home/airflow/.local/lib/python3.12/site-packages/airflow/example_dags/example_skip_dag.py took 0.201 seconds
[2024-12-15T19:41:32.321+0000] {processor.py:186} INFO - Started process (PID=176) to work on /home/airflow/.local/lib/python3.12/site-packages/airflow/example_dags/example_skip_dag.py
[2024-12-15T19:41:32.329+0000] {processor.py:914} INFO - Processing file /home/airflow/.local/lib/python3.12/site-packages/airflow/example_dags/example_skip_dag.py for tasks to queue
[2024-12-15T19:41:32.342+0000] {logging_mixin.py:190} INFO - [2024-12-15T19:41:32.340+0000] {dagbag.py:588} INFO - Filling up the DagBag from /home/airflow/.local/lib/python3.12/site-packages/airflow/example_dags/example_skip_dag.py
[2024-12-15T19:41:32.362+0000] {processor.py:925} INFO - DAG(s) 'example_skip_dag' retrieved from /home/airflow/.local/lib/python3.12/site-packages/airflow/example_dags/example_skip_dag.py
[2024-12-15T19:41:32.398+0000] {logging_mixin.py:190} INFO - [2024-12-15T19:41:32.397+0000] {dag.py:3239} INFO - Sync 1 DAGs
[2024-12-15T19:41:32.434+0000] {logging_mixin.py:190} INFO - [2024-12-15T19:41:32.433+0000] {dag.py:4180} INFO - Setting next_dagrun for example_skip_dag to 2024-12-14 00:00:00+00:00, run_after=2024-12-15 00:00:00+00:00
[2024-12-15T19:41:32.478+0000] {processor.py:208} INFO - Processing /home/airflow/.local/lib/python3.12/site-packages/airflow/example_dags/example_skip_dag.py took 0.193 seconds
[2024-12-15T19:42:24.660+0000] {processor.py:186} INFO - Started process (PID=231) to work on /home/airflow/.local/lib/python3.12/site-packages/airflow/example_dags/example_skip_dag.py
[2024-12-15T19:42:24.662+0000] {processor.py:914} INFO - Processing file /home/airflow/.local/lib/python3.12/site-packages/airflow/example_dags/example_skip_dag.py for tasks to queue
[2024-12-15T19:42:24.668+0000] {logging_mixin.py:190} INFO - [2024-12-15T19:42:24.666+0000] {dagbag.py:588} INFO - Filling up the DagBag from /home/airflow/.local/lib/python3.12/site-packages/airflow/example_dags/example_skip_dag.py
[2024-12-15T19:42:24.695+0000] {processor.py:925} INFO - DAG(s) 'example_skip_dag' retrieved from /home/airflow/.local/lib/python3.12/site-packages/airflow/example_dags/example_skip_dag.py
[2024-12-15T19:42:24.726+0000] {logging_mixin.py:190} INFO - [2024-12-15T19:42:24.726+0000] {dag.py:3239} INFO - Sync 1 DAGs
[2024-12-15T19:42:24.856+0000] {logging_mixin.py:190} INFO - [2024-12-15T19:42:24.855+0000] {dag.py:4180} INFO - Setting next_dagrun for example_skip_dag to 2024-12-14 00:00:00+00:00, run_after=2024-12-15 00:00:00+00:00
[2024-12-15T19:42:24.924+0000] {processor.py:208} INFO - Processing /home/airflow/.local/lib/python3.12/site-packages/airflow/example_dags/example_skip_dag.py took 0.291 seconds
[2024-12-15T19:42:55.049+0000] {processor.py:186} INFO - Started process (PID=293) to work on /home/airflow/.local/lib/python3.12/site-packages/airflow/example_dags/example_skip_dag.py
[2024-12-15T19:42:55.053+0000] {processor.py:914} INFO - Processing file /home/airflow/.local/lib/python3.12/site-packages/airflow/example_dags/example_skip_dag.py for tasks to queue
[2024-12-15T19:42:55.059+0000] {logging_mixin.py:190} INFO - [2024-12-15T19:42:55.058+0000] {dagbag.py:588} INFO - Filling up the DagBag from /home/airflow/.local/lib/python3.12/site-packages/airflow/example_dags/example_skip_dag.py
[2024-12-15T19:42:55.069+0000] {processor.py:925} INFO - DAG(s) 'example_skip_dag' retrieved from /home/airflow/.local/lib/python3.12/site-packages/airflow/example_dags/example_skip_dag.py
[2024-12-15T19:42:55.098+0000] {logging_mixin.py:190} INFO - [2024-12-15T19:42:55.098+0000] {dag.py:3239} INFO - Sync 1 DAGs
[2024-12-15T19:42:55.131+0000] {logging_mixin.py:190} INFO - [2024-12-15T19:42:55.131+0000] {dag.py:4180} INFO - Setting next_dagrun for example_skip_dag to 2024-12-14 00:00:00+00:00, run_after=2024-12-15 00:00:00+00:00
[2024-12-15T19:42:55.152+0000] {processor.py:208} INFO - Processing /home/airflow/.local/lib/python3.12/site-packages/airflow/example_dags/example_skip_dag.py took 0.111 seconds
[2024-12-15T19:43:25.292+0000] {processor.py:186} INFO - Started process (PID=356) to work on /home/airflow/.local/lib/python3.12/site-packages/airflow/example_dags/example_skip_dag.py
[2024-12-15T19:43:25.294+0000] {processor.py:914} INFO - Processing file /home/airflow/.local/lib/python3.12/site-packages/airflow/example_dags/example_skip_dag.py for tasks to queue
[2024-12-15T19:43:25.306+0000] {logging_mixin.py:190} INFO - [2024-12-15T19:43:25.306+0000] {dagbag.py:588} INFO - Filling up the DagBag from /home/airflow/.local/lib/python3.12/site-packages/airflow/example_dags/example_skip_dag.py
[2024-12-15T19:43:25.319+0000] {processor.py:925} INFO - DAG(s) 'example_skip_dag' retrieved from /home/airflow/.local/lib/python3.12/site-packages/airflow/example_dags/example_skip_dag.py
[2024-12-15T19:43:25.354+0000] {logging_mixin.py:190} INFO - [2024-12-15T19:43:25.354+0000] {dag.py:3239} INFO - Sync 1 DAGs
[2024-12-15T19:43:25.393+0000] {logging_mixin.py:190} INFO - [2024-12-15T19:43:25.393+0000] {dag.py:4180} INFO - Setting next_dagrun for example_skip_dag to 2024-12-14 00:00:00+00:00, run_after=2024-12-15 00:00:00+00:00
[2024-12-15T19:43:25.419+0000] {processor.py:208} INFO - Processing /home/airflow/.local/lib/python3.12/site-packages/airflow/example_dags/example_skip_dag.py took 0.134 seconds
[2024-12-15T19:43:57.002+0000] {processor.py:186} INFO - Started process (PID=419) to work on /home/airflow/.local/lib/python3.12/site-packages/airflow/example_dags/example_skip_dag.py
[2024-12-15T19:43:57.011+0000] {processor.py:914} INFO - Processing file /home/airflow/.local/lib/python3.12/site-packages/airflow/example_dags/example_skip_dag.py for tasks to queue
[2024-12-15T19:43:57.033+0000] {logging_mixin.py:190} INFO - [2024-12-15T19:43:57.031+0000] {dagbag.py:588} INFO - Filling up the DagBag from /home/airflow/.local/lib/python3.12/site-packages/airflow/example_dags/example_skip_dag.py
[2024-12-15T19:43:57.111+0000] {processor.py:925} INFO - DAG(s) 'example_skip_dag' retrieved from /home/airflow/.local/lib/python3.12/site-packages/airflow/example_dags/example_skip_dag.py
[2024-12-15T19:43:57.273+0000] {logging_mixin.py:190} INFO - [2024-12-15T19:43:57.273+0000] {dag.py:3239} INFO - Sync 1 DAGs
[2024-12-15T19:43:57.350+0000] {logging_mixin.py:190} INFO - [2024-12-15T19:43:57.350+0000] {dag.py:4180} INFO - Setting next_dagrun for example_skip_dag to 2024-12-14 00:00:00+00:00, run_after=2024-12-15 00:00:00+00:00
[2024-12-15T19:43:57.425+0000] {processor.py:208} INFO - Processing /home/airflow/.local/lib/python3.12/site-packages/airflow/example_dags/example_skip_dag.py took 0.474 seconds
[2024-12-15T19:44:27.868+0000] {processor.py:186} INFO - Started process (PID=485) to work on /home/airflow/.local/lib/python3.12/site-packages/airflow/example_dags/example_skip_dag.py
[2024-12-15T19:44:27.884+0000] {processor.py:914} INFO - Processing file /home/airflow/.local/lib/python3.12/site-packages/airflow/example_dags/example_skip_dag.py for tasks to queue
[2024-12-15T19:44:27.901+0000] {logging_mixin.py:190} INFO - [2024-12-15T19:44:27.900+0000] {dagbag.py:588} INFO - Filling up the DagBag from /home/airflow/.local/lib/python3.12/site-packages/airflow/example_dags/example_skip_dag.py
[2024-12-15T19:44:27.991+0000] {processor.py:925} INFO - DAG(s) 'example_skip_dag' retrieved from /home/airflow/.local/lib/python3.12/site-packages/airflow/example_dags/example_skip_dag.py
[2024-12-15T19:44:28.103+0000] {logging_mixin.py:190} INFO - [2024-12-15T19:44:28.102+0000] {dag.py:3239} INFO - Sync 1 DAGs
[2024-12-15T19:44:28.222+0000] {logging_mixin.py:190} INFO - [2024-12-15T19:44:28.221+0000] {dag.py:4180} INFO - Setting next_dagrun for example_skip_dag to 2024-12-14 00:00:00+00:00, run_after=2024-12-15 00:00:00+00:00
[2024-12-15T19:44:28.283+0000] {processor.py:208} INFO - Processing /home/airflow/.local/lib/python3.12/site-packages/airflow/example_dags/example_skip_dag.py took 0.436 seconds
[2024-12-15T19:45:39.612+0000] {processor.py:186} INFO - Started process (PID=529) to work on /home/airflow/.local/lib/python3.12/site-packages/airflow/example_dags/example_skip_dag.py
[2024-12-15T19:45:39.615+0000] {processor.py:914} INFO - Processing file /home/airflow/.local/lib/python3.12/site-packages/airflow/example_dags/example_skip_dag.py for tasks to queue
[2024-12-15T19:45:39.622+0000] {logging_mixin.py:190} INFO - [2024-12-15T19:45:39.621+0000] {dagbag.py:588} INFO - Filling up the DagBag from /home/airflow/.local/lib/python3.12/site-packages/airflow/example_dags/example_skip_dag.py
[2024-12-15T19:45:39.644+0000] {processor.py:925} INFO - DAG(s) 'example_skip_dag' retrieved from /home/airflow/.local/lib/python3.12/site-packages/airflow/example_dags/example_skip_dag.py
[2024-12-15T19:45:39.679+0000] {logging_mixin.py:190} INFO - [2024-12-15T19:45:39.678+0000] {dag.py:3239} INFO - Sync 1 DAGs
[2024-12-15T19:45:39.716+0000] {logging_mixin.py:190} INFO - [2024-12-15T19:45:39.716+0000] {dag.py:4180} INFO - Setting next_dagrun for example_skip_dag to 2024-12-14 00:00:00+00:00, run_after=2024-12-15 00:00:00+00:00
[2024-12-15T19:45:39.764+0000] {processor.py:208} INFO - Processing /home/airflow/.local/lib/python3.12/site-packages/airflow/example_dags/example_skip_dag.py took 0.172 seconds
[2024-12-15T19:46:09.924+0000] {processor.py:186} INFO - Started process (PID=594) to work on /home/airflow/.local/lib/python3.12/site-packages/airflow/example_dags/example_skip_dag.py
[2024-12-15T19:46:09.936+0000] {processor.py:914} INFO - Processing file /home/airflow/.local/lib/python3.12/site-packages/airflow/example_dags/example_skip_dag.py for tasks to queue
[2024-12-15T19:46:09.945+0000] {logging_mixin.py:190} INFO - [2024-12-15T19:46:09.942+0000] {dagbag.py:588} INFO - Filling up the DagBag from /home/airflow/.local/lib/python3.12/site-packages/airflow/example_dags/example_skip_dag.py
[2024-12-15T19:46:09.967+0000] {processor.py:925} INFO - DAG(s) 'example_skip_dag' retrieved from /home/airflow/.local/lib/python3.12/site-packages/airflow/example_dags/example_skip_dag.py
[2024-12-15T19:46:10.017+0000] {logging_mixin.py:190} INFO - [2024-12-15T19:46:10.017+0000] {dag.py:3239} INFO - Sync 1 DAGs
[2024-12-15T19:46:10.058+0000] {logging_mixin.py:190} INFO - [2024-12-15T19:46:10.058+0000] {dag.py:4180} INFO - Setting next_dagrun for example_skip_dag to 2024-12-14 00:00:00+00:00, run_after=2024-12-15 00:00:00+00:00
[2024-12-15T19:46:10.102+0000] {processor.py:208} INFO - Processing /home/airflow/.local/lib/python3.12/site-packages/airflow/example_dags/example_skip_dag.py took 0.192 seconds
[2024-12-15T19:46:40.168+0000] {processor.py:186} INFO - Started process (PID=660) to work on /home/airflow/.local/lib/python3.12/site-packages/airflow/example_dags/example_skip_dag.py
[2024-12-15T19:46:40.170+0000] {processor.py:914} INFO - Processing file /home/airflow/.local/lib/python3.12/site-packages/airflow/example_dags/example_skip_dag.py for tasks to queue
[2024-12-15T19:46:40.176+0000] {logging_mixin.py:190} INFO - [2024-12-15T19:46:40.175+0000] {dagbag.py:588} INFO - Filling up the DagBag from /home/airflow/.local/lib/python3.12/site-packages/airflow/example_dags/example_skip_dag.py
[2024-12-15T19:46:40.190+0000] {processor.py:925} INFO - DAG(s) 'example_skip_dag' retrieved from /home/airflow/.local/lib/python3.12/site-packages/airflow/example_dags/example_skip_dag.py
[2024-12-15T19:46:40.227+0000] {logging_mixin.py:190} INFO - [2024-12-15T19:46:40.227+0000] {dag.py:3239} INFO - Sync 1 DAGs
[2024-12-15T19:46:40.265+0000] {logging_mixin.py:190} INFO - [2024-12-15T19:46:40.265+0000] {dag.py:4180} INFO - Setting next_dagrun for example_skip_dag to 2024-12-14 00:00:00+00:00, run_after=2024-12-15 00:00:00+00:00
[2024-12-15T19:46:40.287+0000] {processor.py:208} INFO - Processing /home/airflow/.local/lib/python3.12/site-packages/airflow/example_dags/example_skip_dag.py took 0.132 seconds
[2024-12-15T19:47:15.046+0000] {processor.py:186} INFO - Started process (PID=716) to work on /home/airflow/.local/lib/python3.12/site-packages/airflow/example_dags/example_skip_dag.py
[2024-12-15T19:47:15.057+0000] {processor.py:914} INFO - Processing file /home/airflow/.local/lib/python3.12/site-packages/airflow/example_dags/example_skip_dag.py for tasks to queue
[2024-12-15T19:47:15.079+0000] {logging_mixin.py:190} INFO - [2024-12-15T19:47:15.079+0000] {dagbag.py:588} INFO - Filling up the DagBag from /home/airflow/.local/lib/python3.12/site-packages/airflow/example_dags/example_skip_dag.py
[2024-12-15T19:47:15.122+0000] {processor.py:925} INFO - DAG(s) 'example_skip_dag' retrieved from /home/airflow/.local/lib/python3.12/site-packages/airflow/example_dags/example_skip_dag.py
[2024-12-15T19:47:15.184+0000] {logging_mixin.py:190} INFO - [2024-12-15T19:47:15.183+0000] {dag.py:3239} INFO - Sync 1 DAGs
[2024-12-15T19:47:15.238+0000] {logging_mixin.py:190} INFO - [2024-12-15T19:47:15.237+0000] {dag.py:4180} INFO - Setting next_dagrun for example_skip_dag to 2024-12-14 00:00:00+00:00, run_after=2024-12-15 00:00:00+00:00
[2024-12-15T19:47:15.268+0000] {processor.py:208} INFO - Processing /home/airflow/.local/lib/python3.12/site-packages/airflow/example_dags/example_skip_dag.py took 0.239 seconds
[2024-12-15T19:47:50.593+0000] {processor.py:186} INFO - Started process (PID=776) to work on /home/airflow/.local/lib/python3.12/site-packages/airflow/example_dags/example_skip_dag.py
[2024-12-15T19:47:50.606+0000] {processor.py:914} INFO - Processing file /home/airflow/.local/lib/python3.12/site-packages/airflow/example_dags/example_skip_dag.py for tasks to queue
[2024-12-15T19:47:50.619+0000] {logging_mixin.py:190} INFO - [2024-12-15T19:47:50.618+0000] {dagbag.py:588} INFO - Filling up the DagBag from /home/airflow/.local/lib/python3.12/site-packages/airflow/example_dags/example_skip_dag.py
[2024-12-15T19:47:50.672+0000] {processor.py:925} INFO - DAG(s) 'example_skip_dag' retrieved from /home/airflow/.local/lib/python3.12/site-packages/airflow/example_dags/example_skip_dag.py
[2024-12-15T19:47:50.743+0000] {logging_mixin.py:190} INFO - [2024-12-15T19:47:50.743+0000] {dag.py:3239} INFO - Sync 1 DAGs
[2024-12-15T19:47:50.824+0000] {logging_mixin.py:190} INFO - [2024-12-15T19:47:50.824+0000] {dag.py:4180} INFO - Setting next_dagrun for example_skip_dag to 2024-12-14 00:00:00+00:00, run_after=2024-12-15 00:00:00+00:00
[2024-12-15T19:47:50.868+0000] {processor.py:208} INFO - Processing /home/airflow/.local/lib/python3.12/site-packages/airflow/example_dags/example_skip_dag.py took 0.314 seconds
[2024-12-15T19:50:45.797+0000] {processor.py:186} INFO - Started process (PID=42) to work on /home/airflow/.local/lib/python3.12/site-packages/airflow/example_dags/example_skip_dag.py
[2024-12-15T19:50:45.807+0000] {processor.py:914} INFO - Processing file /home/airflow/.local/lib/python3.12/site-packages/airflow/example_dags/example_skip_dag.py for tasks to queue
[2024-12-15T19:50:45.843+0000] {logging_mixin.py:190} INFO - [2024-12-15T19:50:45.834+0000] {dagbag.py:588} INFO - Filling up the DagBag from /home/airflow/.local/lib/python3.12/site-packages/airflow/example_dags/example_skip_dag.py
[2024-12-15T19:50:45.976+0000] {processor.py:925} INFO - DAG(s) 'example_skip_dag' retrieved from /home/airflow/.local/lib/python3.12/site-packages/airflow/example_dags/example_skip_dag.py
[2024-12-15T19:50:46.142+0000] {logging_mixin.py:190} INFO - [2024-12-15T19:50:46.141+0000] {dag.py:3239} INFO - Sync 1 DAGs
[2024-12-15T19:50:46.242+0000] {logging_mixin.py:190} INFO - [2024-12-15T19:50:46.242+0000] {dag.py:4180} INFO - Setting next_dagrun for example_skip_dag to 2024-12-14 00:00:00+00:00, run_after=2024-12-15 00:00:00+00:00
[2024-12-15T19:50:46.310+0000] {processor.py:208} INFO - Processing /home/airflow/.local/lib/python3.12/site-packages/airflow/example_dags/example_skip_dag.py took 0.605 seconds
[2024-12-15T19:51:16.611+0000] {processor.py:186} INFO - Started process (PID=105) to work on /home/airflow/.local/lib/python3.12/site-packages/airflow/example_dags/example_skip_dag.py
[2024-12-15T19:51:16.623+0000] {processor.py:914} INFO - Processing file /home/airflow/.local/lib/python3.12/site-packages/airflow/example_dags/example_skip_dag.py for tasks to queue
[2024-12-15T19:51:16.633+0000] {logging_mixin.py:190} INFO - [2024-12-15T19:51:16.632+0000] {dagbag.py:588} INFO - Filling up the DagBag from /home/airflow/.local/lib/python3.12/site-packages/airflow/example_dags/example_skip_dag.py
[2024-12-15T19:51:16.700+0000] {processor.py:925} INFO - DAG(s) 'example_skip_dag' retrieved from /home/airflow/.local/lib/python3.12/site-packages/airflow/example_dags/example_skip_dag.py
[2024-12-15T19:51:16.777+0000] {logging_mixin.py:190} INFO - [2024-12-15T19:51:16.776+0000] {dag.py:3239} INFO - Sync 1 DAGs
[2024-12-15T19:51:16.838+0000] {logging_mixin.py:190} INFO - [2024-12-15T19:51:16.838+0000] {dag.py:4180} INFO - Setting next_dagrun for example_skip_dag to 2024-12-14 00:00:00+00:00, run_after=2024-12-15 00:00:00+00:00
[2024-12-15T19:51:16.906+0000] {processor.py:208} INFO - Processing /home/airflow/.local/lib/python3.12/site-packages/airflow/example_dags/example_skip_dag.py took 0.329 seconds
[2024-12-15T19:51:47.378+0000] {processor.py:186} INFO - Started process (PID=161) to work on /home/airflow/.local/lib/python3.12/site-packages/airflow/example_dags/example_skip_dag.py
[2024-12-15T19:51:47.381+0000] {processor.py:914} INFO - Processing file /home/airflow/.local/lib/python3.12/site-packages/airflow/example_dags/example_skip_dag.py for tasks to queue
[2024-12-15T19:51:47.402+0000] {logging_mixin.py:190} INFO - [2024-12-15T19:51:47.397+0000] {dagbag.py:588} INFO - Filling up the DagBag from /home/airflow/.local/lib/python3.12/site-packages/airflow/example_dags/example_skip_dag.py
[2024-12-15T19:51:47.421+0000] {processor.py:925} INFO - DAG(s) 'example_skip_dag' retrieved from /home/airflow/.local/lib/python3.12/site-packages/airflow/example_dags/example_skip_dag.py
[2024-12-15T19:51:47.472+0000] {logging_mixin.py:190} INFO - [2024-12-15T19:51:47.472+0000] {dag.py:3239} INFO - Sync 1 DAGs
[2024-12-15T19:51:47.537+0000] {logging_mixin.py:190} INFO - [2024-12-15T19:51:47.537+0000] {dag.py:4180} INFO - Setting next_dagrun for example_skip_dag to 2024-12-14 00:00:00+00:00, run_after=2024-12-15 00:00:00+00:00
[2024-12-15T19:51:47.569+0000] {processor.py:208} INFO - Processing /home/airflow/.local/lib/python3.12/site-packages/airflow/example_dags/example_skip_dag.py took 0.228 seconds
[2024-12-15T19:52:30.683+0000] {processor.py:186} INFO - Started process (PID=226) to work on /home/airflow/.local/lib/python3.12/site-packages/airflow/example_dags/example_skip_dag.py
[2024-12-15T19:52:30.697+0000] {processor.py:914} INFO - Processing file /home/airflow/.local/lib/python3.12/site-packages/airflow/example_dags/example_skip_dag.py for tasks to queue
[2024-12-15T19:52:30.739+0000] {logging_mixin.py:190} INFO - [2024-12-15T19:52:30.739+0000] {dagbag.py:588} INFO - Filling up the DagBag from /home/airflow/.local/lib/python3.12/site-packages/airflow/example_dags/example_skip_dag.py
[2024-12-15T19:52:30.869+0000] {processor.py:925} INFO - DAG(s) 'example_skip_dag' retrieved from /home/airflow/.local/lib/python3.12/site-packages/airflow/example_dags/example_skip_dag.py
[2024-12-15T19:52:31.164+0000] {logging_mixin.py:190} INFO - [2024-12-15T19:52:31.158+0000] {dag.py:3239} INFO - Sync 1 DAGs
[2024-12-15T19:52:32.028+0000] {logging_mixin.py:190} INFO - [2024-12-15T19:52:32.016+0000] {dag.py:4180} INFO - Setting next_dagrun for example_skip_dag to 2024-12-14 00:00:00+00:00, run_after=2024-12-15 00:00:00+00:00
[2024-12-15T19:52:32.494+0000] {processor.py:208} INFO - Processing /home/airflow/.local/lib/python3.12/site-packages/airflow/example_dags/example_skip_dag.py took 1.890 seconds
[2024-12-15T19:53:02.830+0000] {processor.py:186} INFO - Started process (PID=292) to work on /home/airflow/.local/lib/python3.12/site-packages/airflow/example_dags/example_skip_dag.py
[2024-12-15T19:53:02.837+0000] {processor.py:914} INFO - Processing file /home/airflow/.local/lib/python3.12/site-packages/airflow/example_dags/example_skip_dag.py for tasks to queue
[2024-12-15T19:53:02.844+0000] {logging_mixin.py:190} INFO - [2024-12-15T19:53:02.844+0000] {dagbag.py:588} INFO - Filling up the DagBag from /home/airflow/.local/lib/python3.12/site-packages/airflow/example_dags/example_skip_dag.py
[2024-12-15T19:53:02.863+0000] {processor.py:925} INFO - DAG(s) 'example_skip_dag' retrieved from /home/airflow/.local/lib/python3.12/site-packages/airflow/example_dags/example_skip_dag.py
[2024-12-15T19:53:02.959+0000] {logging_mixin.py:190} INFO - [2024-12-15T19:53:02.959+0000] {dag.py:3239} INFO - Sync 1 DAGs
[2024-12-15T19:53:03.021+0000] {logging_mixin.py:190} INFO - [2024-12-15T19:53:03.021+0000] {dag.py:4180} INFO - Setting next_dagrun for example_skip_dag to 2024-12-14 00:00:00+00:00, run_after=2024-12-15 00:00:00+00:00
[2024-12-15T19:53:03.055+0000] {processor.py:208} INFO - Processing /home/airflow/.local/lib/python3.12/site-packages/airflow/example_dags/example_skip_dag.py took 0.259 seconds
[2024-12-15T19:53:41.244+0000] {processor.py:186} INFO - Started process (PID=352) to work on /home/airflow/.local/lib/python3.12/site-packages/airflow/example_dags/example_skip_dag.py
[2024-12-15T19:53:41.311+0000] {processor.py:914} INFO - Processing file /home/airflow/.local/lib/python3.12/site-packages/airflow/example_dags/example_skip_dag.py for tasks to queue
[2024-12-15T19:53:41.331+0000] {logging_mixin.py:190} INFO - [2024-12-15T19:53:41.330+0000] {dagbag.py:588} INFO - Filling up the DagBag from /home/airflow/.local/lib/python3.12/site-packages/airflow/example_dags/example_skip_dag.py
[2024-12-15T19:53:41.477+0000] {processor.py:925} INFO - DAG(s) 'example_skip_dag' retrieved from /home/airflow/.local/lib/python3.12/site-packages/airflow/example_dags/example_skip_dag.py
[2024-12-15T19:53:41.619+0000] {logging_mixin.py:190} INFO - [2024-12-15T19:53:41.618+0000] {dag.py:3239} INFO - Sync 1 DAGs
[2024-12-15T19:53:41.715+0000] {logging_mixin.py:190} INFO - [2024-12-15T19:53:41.714+0000] {dag.py:4180} INFO - Setting next_dagrun for example_skip_dag to 2024-12-14 00:00:00+00:00, run_after=2024-12-15 00:00:00+00:00
[2024-12-15T19:53:41.760+0000] {processor.py:208} INFO - Processing /home/airflow/.local/lib/python3.12/site-packages/airflow/example_dags/example_skip_dag.py took 0.588 seconds
[2024-12-15T19:54:13.087+0000] {processor.py:186} INFO - Started process (PID=405) to work on /home/airflow/.local/lib/python3.12/site-packages/airflow/example_dags/example_skip_dag.py
[2024-12-15T19:54:13.095+0000] {processor.py:914} INFO - Processing file /home/airflow/.local/lib/python3.12/site-packages/airflow/example_dags/example_skip_dag.py for tasks to queue
[2024-12-15T19:54:13.106+0000] {logging_mixin.py:190} INFO - [2024-12-15T19:54:13.104+0000] {dagbag.py:588} INFO - Filling up the DagBag from /home/airflow/.local/lib/python3.12/site-packages/airflow/example_dags/example_skip_dag.py
[2024-12-15T19:54:13.136+0000] {processor.py:925} INFO - DAG(s) 'example_skip_dag' retrieved from /home/airflow/.local/lib/python3.12/site-packages/airflow/example_dags/example_skip_dag.py
[2024-12-15T19:54:13.179+0000] {logging_mixin.py:190} INFO - [2024-12-15T19:54:13.179+0000] {dag.py:3239} INFO - Sync 1 DAGs
[2024-12-15T19:54:13.221+0000] {logging_mixin.py:190} INFO - [2024-12-15T19:54:13.221+0000] {dag.py:4180} INFO - Setting next_dagrun for example_skip_dag to 2024-12-14 00:00:00+00:00, run_after=2024-12-15 00:00:00+00:00
[2024-12-15T19:54:13.255+0000] {processor.py:208} INFO - Processing /home/airflow/.local/lib/python3.12/site-packages/airflow/example_dags/example_skip_dag.py took 0.184 seconds
[2024-12-15T19:54:43.418+0000] {processor.py:186} INFO - Started process (PID=455) to work on /home/airflow/.local/lib/python3.12/site-packages/airflow/example_dags/example_skip_dag.py
[2024-12-15T19:54:43.419+0000] {processor.py:914} INFO - Processing file /home/airflow/.local/lib/python3.12/site-packages/airflow/example_dags/example_skip_dag.py for tasks to queue
[2024-12-15T19:54:43.424+0000] {logging_mixin.py:190} INFO - [2024-12-15T19:54:43.423+0000] {dagbag.py:588} INFO - Filling up the DagBag from /home/airflow/.local/lib/python3.12/site-packages/airflow/example_dags/example_skip_dag.py
[2024-12-15T19:54:43.437+0000] {processor.py:925} INFO - DAG(s) 'example_skip_dag' retrieved from /home/airflow/.local/lib/python3.12/site-packages/airflow/example_dags/example_skip_dag.py
[2024-12-15T19:54:43.463+0000] {logging_mixin.py:190} INFO - [2024-12-15T19:54:43.463+0000] {dag.py:3239} INFO - Sync 1 DAGs
[2024-12-15T19:54:43.507+0000] {logging_mixin.py:190} INFO - [2024-12-15T19:54:43.507+0000] {dag.py:4180} INFO - Setting next_dagrun for example_skip_dag to 2024-12-14 00:00:00+00:00, run_after=2024-12-15 00:00:00+00:00
[2024-12-15T19:54:43.539+0000] {processor.py:208} INFO - Processing /home/airflow/.local/lib/python3.12/site-packages/airflow/example_dags/example_skip_dag.py took 0.131 seconds
[2024-12-15T19:55:13.750+0000] {processor.py:186} INFO - Started process (PID=517) to work on /home/airflow/.local/lib/python3.12/site-packages/airflow/example_dags/example_skip_dag.py
[2024-12-15T19:55:13.770+0000] {processor.py:914} INFO - Processing file /home/airflow/.local/lib/python3.12/site-packages/airflow/example_dags/example_skip_dag.py for tasks to queue
[2024-12-15T19:55:13.776+0000] {logging_mixin.py:190} INFO - [2024-12-15T19:55:13.775+0000] {dagbag.py:588} INFO - Filling up the DagBag from /home/airflow/.local/lib/python3.12/site-packages/airflow/example_dags/example_skip_dag.py
[2024-12-15T19:55:13.815+0000] {processor.py:925} INFO - DAG(s) 'example_skip_dag' retrieved from /home/airflow/.local/lib/python3.12/site-packages/airflow/example_dags/example_skip_dag.py
[2024-12-15T19:55:14.007+0000] {logging_mixin.py:190} INFO - [2024-12-15T19:55:14.006+0000] {dag.py:3239} INFO - Sync 1 DAGs
[2024-12-15T19:55:14.129+0000] {logging_mixin.py:190} INFO - [2024-12-15T19:55:14.128+0000] {dag.py:4180} INFO - Setting next_dagrun for example_skip_dag to 2024-12-14 00:00:00+00:00, run_after=2024-12-15 00:00:00+00:00
[2024-12-15T19:55:14.230+0000] {processor.py:208} INFO - Processing /home/airflow/.local/lib/python3.12/site-packages/airflow/example_dags/example_skip_dag.py took 0.534 seconds
[2024-12-15T19:55:44.823+0000] {processor.py:186} INFO - Started process (PID=582) to work on /home/airflow/.local/lib/python3.12/site-packages/airflow/example_dags/example_skip_dag.py
[2024-12-15T19:55:44.839+0000] {processor.py:914} INFO - Processing file /home/airflow/.local/lib/python3.12/site-packages/airflow/example_dags/example_skip_dag.py for tasks to queue
[2024-12-15T19:55:44.852+0000] {logging_mixin.py:190} INFO - [2024-12-15T19:55:44.850+0000] {dagbag.py:588} INFO - Filling up the DagBag from /home/airflow/.local/lib/python3.12/site-packages/airflow/example_dags/example_skip_dag.py
[2024-12-15T19:55:45.025+0000] {processor.py:925} INFO - DAG(s) 'example_skip_dag' retrieved from /home/airflow/.local/lib/python3.12/site-packages/airflow/example_dags/example_skip_dag.py
[2024-12-15T19:55:45.597+0000] {logging_mixin.py:190} INFO - [2024-12-15T19:55:45.596+0000] {dag.py:3239} INFO - Sync 1 DAGs
[2024-12-15T19:55:45.679+0000] {logging_mixin.py:190} INFO - [2024-12-15T19:55:45.678+0000] {dag.py:4180} INFO - Setting next_dagrun for example_skip_dag to 2024-12-14 00:00:00+00:00, run_after=2024-12-15 00:00:00+00:00
[2024-12-15T19:55:45.753+0000] {processor.py:208} INFO - Processing /home/airflow/.local/lib/python3.12/site-packages/airflow/example_dags/example_skip_dag.py took 0.987 seconds
[2024-12-15T19:58:52.808+0000] {processor.py:186} INFO - Started process (PID=46) to work on /home/airflow/.local/lib/python3.12/site-packages/airflow/example_dags/example_skip_dag.py
[2024-12-15T19:58:52.898+0000] {processor.py:914} INFO - Processing file /home/airflow/.local/lib/python3.12/site-packages/airflow/example_dags/example_skip_dag.py for tasks to queue
[2024-12-15T19:58:52.944+0000] {logging_mixin.py:190} INFO - [2024-12-15T19:58:52.938+0000] {dagbag.py:588} INFO - Filling up the DagBag from /home/airflow/.local/lib/python3.12/site-packages/airflow/example_dags/example_skip_dag.py
[2024-12-15T19:58:53.188+0000] {processor.py:925} INFO - DAG(s) 'example_skip_dag' retrieved from /home/airflow/.local/lib/python3.12/site-packages/airflow/example_dags/example_skip_dag.py
[2024-12-15T19:58:54.080+0000] {logging_mixin.py:190} INFO - [2024-12-15T19:58:54.024+0000] {dag.py:3239} INFO - Sync 1 DAGs
[2024-12-15T19:58:57.029+0000] {logging_mixin.py:190} INFO - [2024-12-15T19:58:57.013+0000] {dag.py:4180} INFO - Setting next_dagrun for example_skip_dag to 2024-12-14 00:00:00+00:00, run_after=2024-12-15 00:00:00+00:00
[2024-12-15T19:58:57.261+0000] {processor.py:208} INFO - Processing /home/airflow/.local/lib/python3.12/site-packages/airflow/example_dags/example_skip_dag.py took 4.659 seconds
[2024-12-15T20:00:47.067+0000] {processor.py:186} INFO - Started process (PID=124) to work on /home/airflow/.local/lib/python3.12/site-packages/airflow/example_dags/example_skip_dag.py
[2024-12-15T20:00:47.074+0000] {processor.py:914} INFO - Processing file /home/airflow/.local/lib/python3.12/site-packages/airflow/example_dags/example_skip_dag.py for tasks to queue
[2024-12-15T20:00:47.088+0000] {logging_mixin.py:190} INFO - [2024-12-15T20:00:47.082+0000] {dagbag.py:588} INFO - Filling up the DagBag from /home/airflow/.local/lib/python3.12/site-packages/airflow/example_dags/example_skip_dag.py
[2024-12-15T20:00:47.124+0000] {processor.py:925} INFO - DAG(s) 'example_skip_dag' retrieved from /home/airflow/.local/lib/python3.12/site-packages/airflow/example_dags/example_skip_dag.py
[2024-12-15T20:00:47.189+0000] {logging_mixin.py:190} INFO - [2024-12-15T20:00:47.188+0000] {dag.py:3239} INFO - Sync 1 DAGs
[2024-12-15T20:00:47.483+0000] {logging_mixin.py:190} INFO - [2024-12-15T20:00:47.482+0000] {dag.py:4180} INFO - Setting next_dagrun for example_skip_dag to 2024-12-14 00:00:00+00:00, run_after=2024-12-15 00:00:00+00:00
[2024-12-15T20:00:47.609+0000] {processor.py:208} INFO - Processing /home/airflow/.local/lib/python3.12/site-packages/airflow/example_dags/example_skip_dag.py took 0.568 seconds
[2024-12-15T20:01:43.796+0000] {processor.py:186} INFO - Started process (PID=183) to work on /home/airflow/.local/lib/python3.12/site-packages/airflow/example_dags/example_skip_dag.py
[2024-12-15T20:01:43.831+0000] {processor.py:914} INFO - Processing file /home/airflow/.local/lib/python3.12/site-packages/airflow/example_dags/example_skip_dag.py for tasks to queue
[2024-12-15T20:01:43.839+0000] {logging_mixin.py:190} INFO - [2024-12-15T20:01:43.839+0000] {dagbag.py:588} INFO - Filling up the DagBag from /home/airflow/.local/lib/python3.12/site-packages/airflow/example_dags/example_skip_dag.py
[2024-12-15T20:01:43.919+0000] {processor.py:925} INFO - DAG(s) 'example_skip_dag' retrieved from /home/airflow/.local/lib/python3.12/site-packages/airflow/example_dags/example_skip_dag.py
[2024-12-15T20:01:44.118+0000] {logging_mixin.py:190} INFO - [2024-12-15T20:01:44.117+0000] {dag.py:3239} INFO - Sync 1 DAGs
[2024-12-15T20:01:44.526+0000] {logging_mixin.py:190} INFO - [2024-12-15T20:01:44.526+0000] {dag.py:4180} INFO - Setting next_dagrun for example_skip_dag to 2024-12-14 00:00:00+00:00, run_after=2024-12-15 00:00:00+00:00
[2024-12-15T20:01:44.705+0000] {processor.py:208} INFO - Processing /home/airflow/.local/lib/python3.12/site-packages/airflow/example_dags/example_skip_dag.py took 0.960 seconds
[2024-12-15T20:02:19.091+0000] {processor.py:186} INFO - Started process (PID=247) to work on /home/airflow/.local/lib/python3.12/site-packages/airflow/example_dags/example_skip_dag.py
[2024-12-15T20:02:19.093+0000] {processor.py:914} INFO - Processing file /home/airflow/.local/lib/python3.12/site-packages/airflow/example_dags/example_skip_dag.py for tasks to queue
[2024-12-15T20:02:19.099+0000] {logging_mixin.py:190} INFO - [2024-12-15T20:02:19.098+0000] {dagbag.py:588} INFO - Filling up the DagBag from /home/airflow/.local/lib/python3.12/site-packages/airflow/example_dags/example_skip_dag.py
[2024-12-15T20:02:19.288+0000] {processor.py:925} INFO - DAG(s) 'example_skip_dag' retrieved from /home/airflow/.local/lib/python3.12/site-packages/airflow/example_dags/example_skip_dag.py
[2024-12-15T20:02:19.413+0000] {logging_mixin.py:190} INFO - [2024-12-15T20:02:19.412+0000] {dag.py:3239} INFO - Sync 1 DAGs
[2024-12-15T20:02:19.517+0000] {logging_mixin.py:190} INFO - [2024-12-15T20:02:19.515+0000] {dag.py:4180} INFO - Setting next_dagrun for example_skip_dag to 2024-12-14 00:00:00+00:00, run_after=2024-12-15 00:00:00+00:00
[2024-12-15T20:02:19.574+0000] {processor.py:208} INFO - Processing /home/airflow/.local/lib/python3.12/site-packages/airflow/example_dags/example_skip_dag.py took 0.495 seconds
[2024-12-15T20:02:57.351+0000] {processor.py:186} INFO - Started process (PID=284) to work on /home/airflow/.local/lib/python3.12/site-packages/airflow/example_dags/example_skip_dag.py
[2024-12-15T20:02:57.354+0000] {processor.py:914} INFO - Processing file /home/airflow/.local/lib/python3.12/site-packages/airflow/example_dags/example_skip_dag.py for tasks to queue
[2024-12-15T20:02:57.364+0000] {logging_mixin.py:190} INFO - [2024-12-15T20:02:57.363+0000] {dagbag.py:588} INFO - Filling up the DagBag from /home/airflow/.local/lib/python3.12/site-packages/airflow/example_dags/example_skip_dag.py
[2024-12-15T20:02:57.390+0000] {processor.py:925} INFO - DAG(s) 'example_skip_dag' retrieved from /home/airflow/.local/lib/python3.12/site-packages/airflow/example_dags/example_skip_dag.py
[2024-12-15T20:02:57.428+0000] {logging_mixin.py:190} INFO - [2024-12-15T20:02:57.428+0000] {dag.py:3239} INFO - Sync 1 DAGs
[2024-12-15T20:02:57.466+0000] {logging_mixin.py:190} INFO - [2024-12-15T20:02:57.466+0000] {dag.py:4180} INFO - Setting next_dagrun for example_skip_dag to 2024-12-14 00:00:00+00:00, run_after=2024-12-15 00:00:00+00:00
[2024-12-15T20:02:57.497+0000] {processor.py:208} INFO - Processing /home/airflow/.local/lib/python3.12/site-packages/airflow/example_dags/example_skip_dag.py took 0.166 seconds
[2024-12-15T20:03:28.624+0000] {processor.py:186} INFO - Started process (PID=346) to work on /home/airflow/.local/lib/python3.12/site-packages/airflow/example_dags/example_skip_dag.py
[2024-12-15T20:03:28.627+0000] {processor.py:914} INFO - Processing file /home/airflow/.local/lib/python3.12/site-packages/airflow/example_dags/example_skip_dag.py for tasks to queue
[2024-12-15T20:03:28.633+0000] {logging_mixin.py:190} INFO - [2024-12-15T20:03:28.632+0000] {dagbag.py:588} INFO - Filling up the DagBag from /home/airflow/.local/lib/python3.12/site-packages/airflow/example_dags/example_skip_dag.py
[2024-12-15T20:03:28.652+0000] {processor.py:925} INFO - DAG(s) 'example_skip_dag' retrieved from /home/airflow/.local/lib/python3.12/site-packages/airflow/example_dags/example_skip_dag.py
[2024-12-15T20:03:28.709+0000] {logging_mixin.py:190} INFO - [2024-12-15T20:03:28.708+0000] {dag.py:3239} INFO - Sync 1 DAGs
[2024-12-15T20:03:28.760+0000] {logging_mixin.py:190} INFO - [2024-12-15T20:03:28.760+0000] {dag.py:4180} INFO - Setting next_dagrun for example_skip_dag to 2024-12-14 00:00:00+00:00, run_after=2024-12-15 00:00:00+00:00
[2024-12-15T20:03:28.786+0000] {processor.py:208} INFO - Processing /home/airflow/.local/lib/python3.12/site-packages/airflow/example_dags/example_skip_dag.py took 0.179 seconds
[2024-12-15T20:03:59.065+0000] {processor.py:186} INFO - Started process (PID=414) to work on /home/airflow/.local/lib/python3.12/site-packages/airflow/example_dags/example_skip_dag.py
[2024-12-15T20:03:59.067+0000] {processor.py:914} INFO - Processing file /home/airflow/.local/lib/python3.12/site-packages/airflow/example_dags/example_skip_dag.py for tasks to queue
[2024-12-15T20:03:59.083+0000] {logging_mixin.py:190} INFO - [2024-12-15T20:03:59.079+0000] {dagbag.py:588} INFO - Filling up the DagBag from /home/airflow/.local/lib/python3.12/site-packages/airflow/example_dags/example_skip_dag.py
[2024-12-15T20:03:59.134+0000] {processor.py:925} INFO - DAG(s) 'example_skip_dag' retrieved from /home/airflow/.local/lib/python3.12/site-packages/airflow/example_dags/example_skip_dag.py
[2024-12-15T20:03:59.201+0000] {logging_mixin.py:190} INFO - [2024-12-15T20:03:59.201+0000] {dag.py:3239} INFO - Sync 1 DAGs
[2024-12-15T20:03:59.259+0000] {logging_mixin.py:190} INFO - [2024-12-15T20:03:59.259+0000] {dag.py:4180} INFO - Setting next_dagrun for example_skip_dag to 2024-12-14 00:00:00+00:00, run_after=2024-12-15 00:00:00+00:00
[2024-12-15T20:03:59.305+0000] {processor.py:208} INFO - Processing /home/airflow/.local/lib/python3.12/site-packages/airflow/example_dags/example_skip_dag.py took 0.278 seconds
[2024-12-15T20:04:30.088+0000] {processor.py:186} INFO - Started process (PID=479) to work on /home/airflow/.local/lib/python3.12/site-packages/airflow/example_dags/example_skip_dag.py
[2024-12-15T20:04:30.101+0000] {processor.py:914} INFO - Processing file /home/airflow/.local/lib/python3.12/site-packages/airflow/example_dags/example_skip_dag.py for tasks to queue
[2024-12-15T20:04:30.130+0000] {logging_mixin.py:190} INFO - [2024-12-15T20:04:30.125+0000] {dagbag.py:588} INFO - Filling up the DagBag from /home/airflow/.local/lib/python3.12/site-packages/airflow/example_dags/example_skip_dag.py
[2024-12-15T20:04:30.250+0000] {processor.py:925} INFO - DAG(s) 'example_skip_dag' retrieved from /home/airflow/.local/lib/python3.12/site-packages/airflow/example_dags/example_skip_dag.py
[2024-12-15T20:04:30.345+0000] {logging_mixin.py:190} INFO - [2024-12-15T20:04:30.344+0000] {dag.py:3239} INFO - Sync 1 DAGs
[2024-12-15T20:04:30.564+0000] {logging_mixin.py:190} INFO - [2024-12-15T20:04:30.563+0000] {dag.py:4180} INFO - Setting next_dagrun for example_skip_dag to 2024-12-14 00:00:00+00:00, run_after=2024-12-15 00:00:00+00:00
[2024-12-15T20:04:30.722+0000] {processor.py:208} INFO - Processing /home/airflow/.local/lib/python3.12/site-packages/airflow/example_dags/example_skip_dag.py took 0.673 seconds
[2024-12-15T20:05:01.074+0000] {processor.py:186} INFO - Started process (PID=544) to work on /home/airflow/.local/lib/python3.12/site-packages/airflow/example_dags/example_skip_dag.py
[2024-12-15T20:05:01.079+0000] {processor.py:914} INFO - Processing file /home/airflow/.local/lib/python3.12/site-packages/airflow/example_dags/example_skip_dag.py for tasks to queue
[2024-12-15T20:05:01.106+0000] {logging_mixin.py:190} INFO - [2024-12-15T20:05:01.086+0000] {dagbag.py:588} INFO - Filling up the DagBag from /home/airflow/.local/lib/python3.12/site-packages/airflow/example_dags/example_skip_dag.py
[2024-12-15T20:05:01.337+0000] {processor.py:925} INFO - DAG(s) 'example_skip_dag' retrieved from /home/airflow/.local/lib/python3.12/site-packages/airflow/example_dags/example_skip_dag.py
[2024-12-15T20:05:01.577+0000] {logging_mixin.py:190} INFO - [2024-12-15T20:05:01.574+0000] {dag.py:3239} INFO - Sync 1 DAGs
[2024-12-15T20:05:01.740+0000] {logging_mixin.py:190} INFO - [2024-12-15T20:05:01.739+0000] {dag.py:4180} INFO - Setting next_dagrun for example_skip_dag to 2024-12-14 00:00:00+00:00, run_after=2024-12-15 00:00:00+00:00
[2024-12-15T20:05:01.820+0000] {processor.py:208} INFO - Processing /home/airflow/.local/lib/python3.12/site-packages/airflow/example_dags/example_skip_dag.py took 0.769 seconds
[2024-12-15T20:05:51.522+0000] {processor.py:186} INFO - Started process (PID=554) to work on /home/airflow/.local/lib/python3.12/site-packages/airflow/example_dags/example_skip_dag.py
[2024-12-15T20:05:51.525+0000] {processor.py:914} INFO - Processing file /home/airflow/.local/lib/python3.12/site-packages/airflow/example_dags/example_skip_dag.py for tasks to queue
[2024-12-15T20:05:51.534+0000] {logging_mixin.py:190} INFO - [2024-12-15T20:05:51.533+0000] {dagbag.py:588} INFO - Filling up the DagBag from /home/airflow/.local/lib/python3.12/site-packages/airflow/example_dags/example_skip_dag.py
[2024-12-15T20:05:51.560+0000] {processor.py:925} INFO - DAG(s) 'example_skip_dag' retrieved from /home/airflow/.local/lib/python3.12/site-packages/airflow/example_dags/example_skip_dag.py
[2024-12-15T20:05:51.623+0000] {logging_mixin.py:190} INFO - [2024-12-15T20:05:51.623+0000] {dag.py:3239} INFO - Sync 1 DAGs
[2024-12-15T20:05:51.716+0000] {logging_mixin.py:190} INFO - [2024-12-15T20:05:51.715+0000] {dag.py:4180} INFO - Setting next_dagrun for example_skip_dag to 2024-12-14 00:00:00+00:00, run_after=2024-12-15 00:00:00+00:00
[2024-12-15T20:05:51.923+0000] {processor.py:208} INFO - Processing /home/airflow/.local/lib/python3.12/site-packages/airflow/example_dags/example_skip_dag.py took 0.430 seconds
[2024-12-15T20:06:22.688+0000] {processor.py:186} INFO - Started process (PID=619) to work on /home/airflow/.local/lib/python3.12/site-packages/airflow/example_dags/example_skip_dag.py
[2024-12-15T20:06:22.707+0000] {processor.py:914} INFO - Processing file /home/airflow/.local/lib/python3.12/site-packages/airflow/example_dags/example_skip_dag.py for tasks to queue
[2024-12-15T20:06:22.713+0000] {logging_mixin.py:190} INFO - [2024-12-15T20:06:22.712+0000] {dagbag.py:588} INFO - Filling up the DagBag from /home/airflow/.local/lib/python3.12/site-packages/airflow/example_dags/example_skip_dag.py
[2024-12-15T20:06:22.764+0000] {processor.py:925} INFO - DAG(s) 'example_skip_dag' retrieved from /home/airflow/.local/lib/python3.12/site-packages/airflow/example_dags/example_skip_dag.py
[2024-12-15T20:06:22.866+0000] {logging_mixin.py:190} INFO - [2024-12-15T20:06:22.866+0000] {dag.py:3239} INFO - Sync 1 DAGs
[2024-12-15T20:06:22.976+0000] {logging_mixin.py:190} INFO - [2024-12-15T20:06:22.976+0000] {dag.py:4180} INFO - Setting next_dagrun for example_skip_dag to 2024-12-14 00:00:00+00:00, run_after=2024-12-15 00:00:00+00:00
[2024-12-15T20:06:23.101+0000] {processor.py:208} INFO - Processing /home/airflow/.local/lib/python3.12/site-packages/airflow/example_dags/example_skip_dag.py took 0.438 seconds
[2024-12-15T20:06:53.885+0000] {processor.py:186} INFO - Started process (PID=684) to work on /home/airflow/.local/lib/python3.12/site-packages/airflow/example_dags/example_skip_dag.py
[2024-12-15T20:06:53.891+0000] {processor.py:914} INFO - Processing file /home/airflow/.local/lib/python3.12/site-packages/airflow/example_dags/example_skip_dag.py for tasks to queue
[2024-12-15T20:06:53.896+0000] {logging_mixin.py:190} INFO - [2024-12-15T20:06:53.895+0000] {dagbag.py:588} INFO - Filling up the DagBag from /home/airflow/.local/lib/python3.12/site-packages/airflow/example_dags/example_skip_dag.py
[2024-12-15T20:06:53.909+0000] {processor.py:925} INFO - DAG(s) 'example_skip_dag' retrieved from /home/airflow/.local/lib/python3.12/site-packages/airflow/example_dags/example_skip_dag.py
[2024-12-15T20:06:53.939+0000] {logging_mixin.py:190} INFO - [2024-12-15T20:06:53.939+0000] {dag.py:3239} INFO - Sync 1 DAGs
[2024-12-15T20:06:53.973+0000] {logging_mixin.py:190} INFO - [2024-12-15T20:06:53.972+0000] {dag.py:4180} INFO - Setting next_dagrun for example_skip_dag to 2024-12-14 00:00:00+00:00, run_after=2024-12-15 00:00:00+00:00
[2024-12-15T20:06:54.016+0000] {processor.py:208} INFO - Processing /home/airflow/.local/lib/python3.12/site-packages/airflow/example_dags/example_skip_dag.py took 0.141 seconds
[2024-12-15T20:15:47.157+0000] {processor.py:186} INFO - Started process (PID=46) to work on /home/airflow/.local/lib/python3.12/site-packages/airflow/example_dags/example_skip_dag.py
[2024-12-15T20:15:47.179+0000] {processor.py:914} INFO - Processing file /home/airflow/.local/lib/python3.12/site-packages/airflow/example_dags/example_skip_dag.py for tasks to queue
[2024-12-15T20:15:47.213+0000] {logging_mixin.py:190} INFO - [2024-12-15T20:15:47.213+0000] {dagbag.py:588} INFO - Filling up the DagBag from /home/airflow/.local/lib/python3.12/site-packages/airflow/example_dags/example_skip_dag.py
[2024-12-15T20:15:47.357+0000] {processor.py:925} INFO - DAG(s) 'example_skip_dag' retrieved from /home/airflow/.local/lib/python3.12/site-packages/airflow/example_dags/example_skip_dag.py
[2024-12-15T20:15:47.628+0000] {logging_mixin.py:190} INFO - [2024-12-15T20:15:47.628+0000] {dag.py:3239} INFO - Sync 1 DAGs
[2024-12-15T20:15:48.248+0000] {logging_mixin.py:190} INFO - [2024-12-15T20:15:48.248+0000] {dag.py:4180} INFO - Setting next_dagrun for example_skip_dag to 2024-12-14 00:00:00+00:00, run_after=2024-12-15 00:00:00+00:00
[2024-12-15T20:15:48.458+0000] {processor.py:208} INFO - Processing /home/airflow/.local/lib/python3.12/site-packages/airflow/example_dags/example_skip_dag.py took 1.363 seconds
[2024-12-15T20:16:41.380+0000] {processor.py:186} INFO - Started process (PID=112) to work on /home/airflow/.local/lib/python3.12/site-packages/airflow/example_dags/example_skip_dag.py
[2024-12-15T20:16:41.383+0000] {processor.py:914} INFO - Processing file /home/airflow/.local/lib/python3.12/site-packages/airflow/example_dags/example_skip_dag.py for tasks to queue
[2024-12-15T20:16:41.391+0000] {logging_mixin.py:190} INFO - [2024-12-15T20:16:41.391+0000] {dagbag.py:588} INFO - Filling up the DagBag from /home/airflow/.local/lib/python3.12/site-packages/airflow/example_dags/example_skip_dag.py
[2024-12-15T20:16:41.421+0000] {processor.py:925} INFO - DAG(s) 'example_skip_dag' retrieved from /home/airflow/.local/lib/python3.12/site-packages/airflow/example_dags/example_skip_dag.py
[2024-12-15T20:16:41.467+0000] {logging_mixin.py:190} INFO - [2024-12-15T20:16:41.467+0000] {dag.py:3239} INFO - Sync 1 DAGs
[2024-12-15T20:16:41.501+0000] {logging_mixin.py:190} INFO - [2024-12-15T20:16:41.501+0000] {dag.py:4180} INFO - Setting next_dagrun for example_skip_dag to 2024-12-14 00:00:00+00:00, run_after=2024-12-15 00:00:00+00:00
[2024-12-15T20:16:41.541+0000] {processor.py:208} INFO - Processing /home/airflow/.local/lib/python3.12/site-packages/airflow/example_dags/example_skip_dag.py took 0.176 seconds
[2024-12-15T20:17:11.805+0000] {processor.py:186} INFO - Started process (PID=171) to work on /home/airflow/.local/lib/python3.12/site-packages/airflow/example_dags/example_skip_dag.py
[2024-12-15T20:17:11.812+0000] {processor.py:914} INFO - Processing file /home/airflow/.local/lib/python3.12/site-packages/airflow/example_dags/example_skip_dag.py for tasks to queue
[2024-12-15T20:17:11.835+0000] {logging_mixin.py:190} INFO - [2024-12-15T20:17:11.832+0000] {dagbag.py:588} INFO - Filling up the DagBag from /home/airflow/.local/lib/python3.12/site-packages/airflow/example_dags/example_skip_dag.py
[2024-12-15T20:17:11.865+0000] {processor.py:925} INFO - DAG(s) 'example_skip_dag' retrieved from /home/airflow/.local/lib/python3.12/site-packages/airflow/example_dags/example_skip_dag.py
[2024-12-15T20:17:11.945+0000] {logging_mixin.py:190} INFO - [2024-12-15T20:17:11.945+0000] {dag.py:3239} INFO - Sync 1 DAGs
[2024-12-15T20:17:11.986+0000] {logging_mixin.py:190} INFO - [2024-12-15T20:17:11.985+0000] {dag.py:4180} INFO - Setting next_dagrun for example_skip_dag to 2024-12-14 00:00:00+00:00, run_after=2024-12-15 00:00:00+00:00
[2024-12-15T20:17:12.013+0000] {processor.py:208} INFO - Processing /home/airflow/.local/lib/python3.12/site-packages/airflow/example_dags/example_skip_dag.py took 0.229 seconds
[2024-12-15T20:17:43.567+0000] {processor.py:186} INFO - Started process (PID=235) to work on /home/airflow/.local/lib/python3.12/site-packages/airflow/example_dags/example_skip_dag.py
[2024-12-15T20:17:43.570+0000] {processor.py:914} INFO - Processing file /home/airflow/.local/lib/python3.12/site-packages/airflow/example_dags/example_skip_dag.py for tasks to queue
[2024-12-15T20:17:43.574+0000] {logging_mixin.py:190} INFO - [2024-12-15T20:17:43.574+0000] {dagbag.py:588} INFO - Filling up the DagBag from /home/airflow/.local/lib/python3.12/site-packages/airflow/example_dags/example_skip_dag.py
[2024-12-15T20:17:43.586+0000] {processor.py:925} INFO - DAG(s) 'example_skip_dag' retrieved from /home/airflow/.local/lib/python3.12/site-packages/airflow/example_dags/example_skip_dag.py
[2024-12-15T20:17:43.632+0000] {logging_mixin.py:190} INFO - [2024-12-15T20:17:43.631+0000] {dag.py:3239} INFO - Sync 1 DAGs
[2024-12-15T20:17:43.679+0000] {logging_mixin.py:190} INFO - [2024-12-15T20:17:43.679+0000] {dag.py:4180} INFO - Setting next_dagrun for example_skip_dag to 2024-12-14 00:00:00+00:00, run_after=2024-12-15 00:00:00+00:00
[2024-12-15T20:17:43.728+0000] {processor.py:208} INFO - Processing /home/airflow/.local/lib/python3.12/site-packages/airflow/example_dags/example_skip_dag.py took 0.174 seconds
[2024-12-15T20:18:14.504+0000] {processor.py:186} INFO - Started process (PID=291) to work on /home/airflow/.local/lib/python3.12/site-packages/airflow/example_dags/example_skip_dag.py
[2024-12-15T20:18:14.506+0000] {processor.py:914} INFO - Processing file /home/airflow/.local/lib/python3.12/site-packages/airflow/example_dags/example_skip_dag.py for tasks to queue
[2024-12-15T20:18:14.511+0000] {logging_mixin.py:190} INFO - [2024-12-15T20:18:14.510+0000] {dagbag.py:588} INFO - Filling up the DagBag from /home/airflow/.local/lib/python3.12/site-packages/airflow/example_dags/example_skip_dag.py
[2024-12-15T20:18:14.541+0000] {processor.py:925} INFO - DAG(s) 'example_skip_dag' retrieved from /home/airflow/.local/lib/python3.12/site-packages/airflow/example_dags/example_skip_dag.py
[2024-12-15T20:18:14.625+0000] {logging_mixin.py:190} INFO - [2024-12-15T20:18:14.625+0000] {dag.py:3239} INFO - Sync 1 DAGs
[2024-12-15T20:18:14.692+0000] {logging_mixin.py:190} INFO - [2024-12-15T20:18:14.692+0000] {dag.py:4180} INFO - Setting next_dagrun for example_skip_dag to 2024-12-14 00:00:00+00:00, run_after=2024-12-15 00:00:00+00:00
[2024-12-15T20:18:14.744+0000] {processor.py:208} INFO - Processing /home/airflow/.local/lib/python3.12/site-packages/airflow/example_dags/example_skip_dag.py took 0.258 seconds
[2024-12-15T20:18:59.047+0000] {processor.py:186} INFO - Started process (PID=360) to work on /home/airflow/.local/lib/python3.12/site-packages/airflow/example_dags/example_skip_dag.py
[2024-12-15T20:18:59.049+0000] {processor.py:914} INFO - Processing file /home/airflow/.local/lib/python3.12/site-packages/airflow/example_dags/example_skip_dag.py for tasks to queue
[2024-12-15T20:18:59.055+0000] {logging_mixin.py:190} INFO - [2024-12-15T20:18:59.054+0000] {dagbag.py:588} INFO - Filling up the DagBag from /home/airflow/.local/lib/python3.12/site-packages/airflow/example_dags/example_skip_dag.py
[2024-12-15T20:18:59.071+0000] {processor.py:925} INFO - DAG(s) 'example_skip_dag' retrieved from /home/airflow/.local/lib/python3.12/site-packages/airflow/example_dags/example_skip_dag.py
[2024-12-15T20:18:59.115+0000] {logging_mixin.py:190} INFO - [2024-12-15T20:18:59.115+0000] {dag.py:3239} INFO - Sync 1 DAGs
[2024-12-15T20:18:59.148+0000] {logging_mixin.py:190} INFO - [2024-12-15T20:18:59.148+0000] {dag.py:4180} INFO - Setting next_dagrun for example_skip_dag to 2024-12-14 00:00:00+00:00, run_after=2024-12-15 00:00:00+00:00
[2024-12-15T20:18:59.170+0000] {processor.py:208} INFO - Processing /home/airflow/.local/lib/python3.12/site-packages/airflow/example_dags/example_skip_dag.py took 0.133 seconds
[2024-12-15T20:20:02.466+0000] {processor.py:186} INFO - Started process (PID=427) to work on /home/airflow/.local/lib/python3.12/site-packages/airflow/example_dags/example_skip_dag.py
[2024-12-15T20:20:02.472+0000] {processor.py:914} INFO - Processing file /home/airflow/.local/lib/python3.12/site-packages/airflow/example_dags/example_skip_dag.py for tasks to queue
[2024-12-15T20:20:02.484+0000] {logging_mixin.py:190} INFO - [2024-12-15T20:20:02.481+0000] {dagbag.py:588} INFO - Filling up the DagBag from /home/airflow/.local/lib/python3.12/site-packages/airflow/example_dags/example_skip_dag.py
[2024-12-15T20:20:02.573+0000] {processor.py:925} INFO - DAG(s) 'example_skip_dag' retrieved from /home/airflow/.local/lib/python3.12/site-packages/airflow/example_dags/example_skip_dag.py
[2024-12-15T20:20:02.726+0000] {logging_mixin.py:190} INFO - [2024-12-15T20:20:02.726+0000] {dag.py:3239} INFO - Sync 1 DAGs
[2024-12-15T20:20:03.015+0000] {logging_mixin.py:190} INFO - [2024-12-15T20:20:03.014+0000] {dag.py:4180} INFO - Setting next_dagrun for example_skip_dag to 2024-12-14 00:00:00+00:00, run_after=2024-12-15 00:00:00+00:00
[2024-12-15T20:20:03.135+0000] {processor.py:208} INFO - Processing /home/airflow/.local/lib/python3.12/site-packages/airflow/example_dags/example_skip_dag.py took 0.693 seconds
[2024-12-15T20:21:11.719+0000] {processor.py:186} INFO - Started process (PID=490) to work on /home/airflow/.local/lib/python3.12/site-packages/airflow/example_dags/example_skip_dag.py
[2024-12-15T20:21:11.721+0000] {processor.py:914} INFO - Processing file /home/airflow/.local/lib/python3.12/site-packages/airflow/example_dags/example_skip_dag.py for tasks to queue
[2024-12-15T20:21:11.723+0000] {logging_mixin.py:190} INFO - [2024-12-15T20:21:11.723+0000] {dagbag.py:588} INFO - Filling up the DagBag from /home/airflow/.local/lib/python3.12/site-packages/airflow/example_dags/example_skip_dag.py
[2024-12-15T20:21:11.746+0000] {processor.py:925} INFO - DAG(s) 'example_skip_dag' retrieved from /home/airflow/.local/lib/python3.12/site-packages/airflow/example_dags/example_skip_dag.py
[2024-12-15T20:21:11.812+0000] {logging_mixin.py:190} INFO - [2024-12-15T20:21:11.811+0000] {dag.py:3239} INFO - Sync 1 DAGs
[2024-12-15T20:21:11.849+0000] {logging_mixin.py:190} INFO - [2024-12-15T20:21:11.849+0000] {dag.py:4180} INFO - Setting next_dagrun for example_skip_dag to 2024-12-14 00:00:00+00:00, run_after=2024-12-15 00:00:00+00:00
[2024-12-15T20:21:11.878+0000] {processor.py:208} INFO - Processing /home/airflow/.local/lib/python3.12/site-packages/airflow/example_dags/example_skip_dag.py took 0.186 seconds
[2024-12-15T20:21:42.081+0000] {processor.py:186} INFO - Started process (PID=550) to work on /home/airflow/.local/lib/python3.12/site-packages/airflow/example_dags/example_skip_dag.py
[2024-12-15T20:21:42.084+0000] {processor.py:914} INFO - Processing file /home/airflow/.local/lib/python3.12/site-packages/airflow/example_dags/example_skip_dag.py for tasks to queue
[2024-12-15T20:21:42.089+0000] {logging_mixin.py:190} INFO - [2024-12-15T20:21:42.088+0000] {dagbag.py:588} INFO - Filling up the DagBag from /home/airflow/.local/lib/python3.12/site-packages/airflow/example_dags/example_skip_dag.py
[2024-12-15T20:21:42.107+0000] {processor.py:925} INFO - DAG(s) 'example_skip_dag' retrieved from /home/airflow/.local/lib/python3.12/site-packages/airflow/example_dags/example_skip_dag.py
[2024-12-15T20:21:42.147+0000] {logging_mixin.py:190} INFO - [2024-12-15T20:21:42.147+0000] {dag.py:3239} INFO - Sync 1 DAGs
[2024-12-15T20:21:42.193+0000] {logging_mixin.py:190} INFO - [2024-12-15T20:21:42.193+0000] {dag.py:4180} INFO - Setting next_dagrun for example_skip_dag to 2024-12-14 00:00:00+00:00, run_after=2024-12-15 00:00:00+00:00
[2024-12-15T20:21:42.221+0000] {processor.py:208} INFO - Processing /home/airflow/.local/lib/python3.12/site-packages/airflow/example_dags/example_skip_dag.py took 0.149 seconds
[2024-12-15T20:22:12.524+0000] {processor.py:186} INFO - Started process (PID=615) to work on /home/airflow/.local/lib/python3.12/site-packages/airflow/example_dags/example_skip_dag.py
[2024-12-15T20:22:12.528+0000] {processor.py:914} INFO - Processing file /home/airflow/.local/lib/python3.12/site-packages/airflow/example_dags/example_skip_dag.py for tasks to queue
[2024-12-15T20:22:12.533+0000] {logging_mixin.py:190} INFO - [2024-12-15T20:22:12.533+0000] {dagbag.py:588} INFO - Filling up the DagBag from /home/airflow/.local/lib/python3.12/site-packages/airflow/example_dags/example_skip_dag.py
[2024-12-15T20:22:12.552+0000] {processor.py:925} INFO - DAG(s) 'example_skip_dag' retrieved from /home/airflow/.local/lib/python3.12/site-packages/airflow/example_dags/example_skip_dag.py
[2024-12-15T20:22:12.614+0000] {logging_mixin.py:190} INFO - [2024-12-15T20:22:12.613+0000] {dag.py:3239} INFO - Sync 1 DAGs
[2024-12-15T20:22:12.664+0000] {logging_mixin.py:190} INFO - [2024-12-15T20:22:12.664+0000] {dag.py:4180} INFO - Setting next_dagrun for example_skip_dag to 2024-12-14 00:00:00+00:00, run_after=2024-12-15 00:00:00+00:00
[2024-12-15T20:22:12.716+0000] {processor.py:208} INFO - Processing /home/airflow/.local/lib/python3.12/site-packages/airflow/example_dags/example_skip_dag.py took 0.213 seconds
[2024-12-15T20:22:42.900+0000] {processor.py:186} INFO - Started process (PID=680) to work on /home/airflow/.local/lib/python3.12/site-packages/airflow/example_dags/example_skip_dag.py
[2024-12-15T20:22:42.902+0000] {processor.py:914} INFO - Processing file /home/airflow/.local/lib/python3.12/site-packages/airflow/example_dags/example_skip_dag.py for tasks to queue
[2024-12-15T20:22:42.905+0000] {logging_mixin.py:190} INFO - [2024-12-15T20:22:42.905+0000] {dagbag.py:588} INFO - Filling up the DagBag from /home/airflow/.local/lib/python3.12/site-packages/airflow/example_dags/example_skip_dag.py
[2024-12-15T20:22:42.926+0000] {processor.py:925} INFO - DAG(s) 'example_skip_dag' retrieved from /home/airflow/.local/lib/python3.12/site-packages/airflow/example_dags/example_skip_dag.py
[2024-12-15T20:22:42.989+0000] {logging_mixin.py:190} INFO - [2024-12-15T20:22:42.989+0000] {dag.py:3239} INFO - Sync 1 DAGs
[2024-12-15T20:22:43.069+0000] {logging_mixin.py:190} INFO - [2024-12-15T20:22:43.069+0000] {dag.py:4180} INFO - Setting next_dagrun for example_skip_dag to 2024-12-14 00:00:00+00:00, run_after=2024-12-15 00:00:00+00:00
[2024-12-15T20:22:43.124+0000] {processor.py:208} INFO - Processing /home/airflow/.local/lib/python3.12/site-packages/airflow/example_dags/example_skip_dag.py took 0.241 seconds
[2024-12-15T20:23:14.799+0000] {processor.py:186} INFO - Started process (PID=739) to work on /home/airflow/.local/lib/python3.12/site-packages/airflow/example_dags/example_skip_dag.py
[2024-12-15T20:23:14.814+0000] {processor.py:914} INFO - Processing file /home/airflow/.local/lib/python3.12/site-packages/airflow/example_dags/example_skip_dag.py for tasks to queue
[2024-12-15T20:23:14.822+0000] {logging_mixin.py:190} INFO - [2024-12-15T20:23:14.821+0000] {dagbag.py:588} INFO - Filling up the DagBag from /home/airflow/.local/lib/python3.12/site-packages/airflow/example_dags/example_skip_dag.py
[2024-12-15T20:23:14.866+0000] {processor.py:925} INFO - DAG(s) 'example_skip_dag' retrieved from /home/airflow/.local/lib/python3.12/site-packages/airflow/example_dags/example_skip_dag.py
[2024-12-15T20:23:15.336+0000] {logging_mixin.py:190} INFO - [2024-12-15T20:23:15.335+0000] {dag.py:3239} INFO - Sync 1 DAGs
[2024-12-15T20:23:15.516+0000] {logging_mixin.py:190} INFO - [2024-12-15T20:23:15.516+0000] {dag.py:4180} INFO - Setting next_dagrun for example_skip_dag to 2024-12-14 00:00:00+00:00, run_after=2024-12-15 00:00:00+00:00
[2024-12-15T20:23:15.638+0000] {processor.py:208} INFO - Processing /home/airflow/.local/lib/python3.12/site-packages/airflow/example_dags/example_skip_dag.py took 0.873 seconds
[2024-12-15T20:23:47.327+0000] {processor.py:186} INFO - Started process (PID=804) to work on /home/airflow/.local/lib/python3.12/site-packages/airflow/example_dags/example_skip_dag.py
[2024-12-15T20:23:47.333+0000] {processor.py:914} INFO - Processing file /home/airflow/.local/lib/python3.12/site-packages/airflow/example_dags/example_skip_dag.py for tasks to queue
[2024-12-15T20:23:47.337+0000] {logging_mixin.py:190} INFO - [2024-12-15T20:23:47.336+0000] {dagbag.py:588} INFO - Filling up the DagBag from /home/airflow/.local/lib/python3.12/site-packages/airflow/example_dags/example_skip_dag.py
[2024-12-15T20:23:47.362+0000] {processor.py:925} INFO - DAG(s) 'example_skip_dag' retrieved from /home/airflow/.local/lib/python3.12/site-packages/airflow/example_dags/example_skip_dag.py
[2024-12-15T20:23:47.492+0000] {logging_mixin.py:190} INFO - [2024-12-15T20:23:47.492+0000] {dag.py:3239} INFO - Sync 1 DAGs
[2024-12-15T20:23:47.599+0000] {logging_mixin.py:190} INFO - [2024-12-15T20:23:47.599+0000] {dag.py:4180} INFO - Setting next_dagrun for example_skip_dag to 2024-12-14 00:00:00+00:00, run_after=2024-12-15 00:00:00+00:00
[2024-12-15T20:23:47.690+0000] {processor.py:208} INFO - Processing /home/airflow/.local/lib/python3.12/site-packages/airflow/example_dags/example_skip_dag.py took 0.386 seconds
[2024-12-15T20:24:42.415+0000] {processor.py:186} INFO - Started process (PID=827) to work on /home/airflow/.local/lib/python3.12/site-packages/airflow/example_dags/example_skip_dag.py
[2024-12-15T20:24:42.431+0000] {processor.py:914} INFO - Processing file /home/airflow/.local/lib/python3.12/site-packages/airflow/example_dags/example_skip_dag.py for tasks to queue
[2024-12-15T20:24:42.439+0000] {logging_mixin.py:190} INFO - [2024-12-15T20:24:42.434+0000] {dagbag.py:588} INFO - Filling up the DagBag from /home/airflow/.local/lib/python3.12/site-packages/airflow/example_dags/example_skip_dag.py
[2024-12-15T20:24:42.502+0000] {processor.py:925} INFO - DAG(s) 'example_skip_dag' retrieved from /home/airflow/.local/lib/python3.12/site-packages/airflow/example_dags/example_skip_dag.py
[2024-12-15T20:24:42.827+0000] {logging_mixin.py:190} INFO - [2024-12-15T20:24:42.822+0000] {dag.py:3239} INFO - Sync 1 DAGs
[2024-12-15T20:24:42.999+0000] {logging_mixin.py:190} INFO - [2024-12-15T20:24:42.998+0000] {dag.py:4180} INFO - Setting next_dagrun for example_skip_dag to 2024-12-14 00:00:00+00:00, run_after=2024-12-15 00:00:00+00:00
[2024-12-15T20:24:43.106+0000] {processor.py:208} INFO - Processing /home/airflow/.local/lib/python3.12/site-packages/airflow/example_dags/example_skip_dag.py took 0.735 seconds
[2024-12-15T20:28:36.940+0000] {processor.py:186} INFO - Started process (PID=848) to work on /home/airflow/.local/lib/python3.12/site-packages/airflow/example_dags/example_skip_dag.py
[2024-12-15T20:28:36.950+0000] {processor.py:914} INFO - Processing file /home/airflow/.local/lib/python3.12/site-packages/airflow/example_dags/example_skip_dag.py for tasks to queue
[2024-12-15T20:28:36.980+0000] {logging_mixin.py:190} INFO - [2024-12-15T20:28:36.979+0000] {dagbag.py:588} INFO - Filling up the DagBag from /home/airflow/.local/lib/python3.12/site-packages/airflow/example_dags/example_skip_dag.py
[2024-12-15T20:28:37.296+0000] {processor.py:925} INFO - DAG(s) 'example_skip_dag' retrieved from /home/airflow/.local/lib/python3.12/site-packages/airflow/example_dags/example_skip_dag.py
[2024-12-15T20:28:37.570+0000] {logging_mixin.py:190} INFO - [2024-12-15T20:28:37.570+0000] {dag.py:3239} INFO - Sync 1 DAGs
[2024-12-15T20:28:37.738+0000] {logging_mixin.py:190} INFO - [2024-12-15T20:28:37.737+0000] {dag.py:4180} INFO - Setting next_dagrun for example_skip_dag to 2024-12-14 00:00:00+00:00, run_after=2024-12-15 00:00:00+00:00
[2024-12-15T20:28:37.890+0000] {processor.py:208} INFO - Processing /home/airflow/.local/lib/python3.12/site-packages/airflow/example_dags/example_skip_dag.py took 1.012 seconds
[2024-12-15T20:29:27.662+0000] {processor.py:186} INFO - Started process (PID=917) to work on /home/airflow/.local/lib/python3.12/site-packages/airflow/example_dags/example_skip_dag.py
[2024-12-15T20:29:27.674+0000] {processor.py:914} INFO - Processing file /home/airflow/.local/lib/python3.12/site-packages/airflow/example_dags/example_skip_dag.py for tasks to queue
[2024-12-15T20:29:27.699+0000] {logging_mixin.py:190} INFO - [2024-12-15T20:29:27.695+0000] {dagbag.py:588} INFO - Filling up the DagBag from /home/airflow/.local/lib/python3.12/site-packages/airflow/example_dags/example_skip_dag.py
[2024-12-15T20:29:27.756+0000] {processor.py:925} INFO - DAG(s) 'example_skip_dag' retrieved from /home/airflow/.local/lib/python3.12/site-packages/airflow/example_dags/example_skip_dag.py
[2024-12-15T20:29:27.864+0000] {logging_mixin.py:190} INFO - [2024-12-15T20:29:27.864+0000] {dag.py:3239} INFO - Sync 1 DAGs
[2024-12-15T20:29:27.955+0000] {logging_mixin.py:190} INFO - [2024-12-15T20:29:27.954+0000] {dag.py:4180} INFO - Setting next_dagrun for example_skip_dag to 2024-12-14 00:00:00+00:00, run_after=2024-12-15 00:00:00+00:00
[2024-12-15T20:29:28.057+0000] {processor.py:208} INFO - Processing /home/airflow/.local/lib/python3.12/site-packages/airflow/example_dags/example_skip_dag.py took 0.428 seconds
[2024-12-15T20:30:29.893+0000] {processor.py:186} INFO - Started process (PID=968) to work on /home/airflow/.local/lib/python3.12/site-packages/airflow/example_dags/example_skip_dag.py
[2024-12-15T20:30:29.899+0000] {processor.py:914} INFO - Processing file /home/airflow/.local/lib/python3.12/site-packages/airflow/example_dags/example_skip_dag.py for tasks to queue
[2024-12-15T20:30:29.913+0000] {logging_mixin.py:190} INFO - [2024-12-15T20:30:29.911+0000] {dagbag.py:588} INFO - Filling up the DagBag from /home/airflow/.local/lib/python3.12/site-packages/airflow/example_dags/example_skip_dag.py
[2024-12-15T20:30:29.947+0000] {processor.py:925} INFO - DAG(s) 'example_skip_dag' retrieved from /home/airflow/.local/lib/python3.12/site-packages/airflow/example_dags/example_skip_dag.py
[2024-12-15T20:30:30.036+0000] {logging_mixin.py:190} INFO - [2024-12-15T20:30:30.036+0000] {dag.py:3239} INFO - Sync 1 DAGs
[2024-12-15T20:30:30.126+0000] {logging_mixin.py:190} INFO - [2024-12-15T20:30:30.126+0000] {dag.py:4180} INFO - Setting next_dagrun for example_skip_dag to 2024-12-14 00:00:00+00:00, run_after=2024-12-15 00:00:00+00:00
[2024-12-15T20:30:30.183+0000] {processor.py:208} INFO - Processing /home/airflow/.local/lib/python3.12/site-packages/airflow/example_dags/example_skip_dag.py took 0.315 seconds
[2024-12-15T20:31:02.525+0000] {processor.py:186} INFO - Started process (PID=1033) to work on /home/airflow/.local/lib/python3.12/site-packages/airflow/example_dags/example_skip_dag.py
[2024-12-15T20:31:02.531+0000] {processor.py:914} INFO - Processing file /home/airflow/.local/lib/python3.12/site-packages/airflow/example_dags/example_skip_dag.py for tasks to queue
[2024-12-15T20:31:02.534+0000] {logging_mixin.py:190} INFO - [2024-12-15T20:31:02.534+0000] {dagbag.py:588} INFO - Filling up the DagBag from /home/airflow/.local/lib/python3.12/site-packages/airflow/example_dags/example_skip_dag.py
[2024-12-15T20:31:02.581+0000] {processor.py:925} INFO - DAG(s) 'example_skip_dag' retrieved from /home/airflow/.local/lib/python3.12/site-packages/airflow/example_dags/example_skip_dag.py
[2024-12-15T20:31:02.700+0000] {logging_mixin.py:190} INFO - [2024-12-15T20:31:02.699+0000] {dag.py:3239} INFO - Sync 1 DAGs
[2024-12-15T20:31:02.813+0000] {logging_mixin.py:190} INFO - [2024-12-15T20:31:02.813+0000] {dag.py:4180} INFO - Setting next_dagrun for example_skip_dag to 2024-12-14 00:00:00+00:00, run_after=2024-12-15 00:00:00+00:00
[2024-12-15T20:31:02.846+0000] {processor.py:208} INFO - Processing /home/airflow/.local/lib/python3.12/site-packages/airflow/example_dags/example_skip_dag.py took 0.350 seconds
[2024-12-15T20:31:33.981+0000] {processor.py:186} INFO - Started process (PID=1093) to work on /home/airflow/.local/lib/python3.12/site-packages/airflow/example_dags/example_skip_dag.py
[2024-12-15T20:31:33.983+0000] {processor.py:914} INFO - Processing file /home/airflow/.local/lib/python3.12/site-packages/airflow/example_dags/example_skip_dag.py for tasks to queue
[2024-12-15T20:31:33.985+0000] {logging_mixin.py:190} INFO - [2024-12-15T20:31:33.984+0000] {dagbag.py:588} INFO - Filling up the DagBag from /home/airflow/.local/lib/python3.12/site-packages/airflow/example_dags/example_skip_dag.py
[2024-12-15T20:31:34.008+0000] {processor.py:925} INFO - DAG(s) 'example_skip_dag' retrieved from /home/airflow/.local/lib/python3.12/site-packages/airflow/example_dags/example_skip_dag.py
[2024-12-15T20:31:34.093+0000] {logging_mixin.py:190} INFO - [2024-12-15T20:31:34.092+0000] {dag.py:3239} INFO - Sync 1 DAGs
[2024-12-15T20:31:34.150+0000] {logging_mixin.py:190} INFO - [2024-12-15T20:31:34.148+0000] {dag.py:4180} INFO - Setting next_dagrun for example_skip_dag to 2024-12-14 00:00:00+00:00, run_after=2024-12-15 00:00:00+00:00
[2024-12-15T20:31:34.206+0000] {processor.py:208} INFO - Processing /home/airflow/.local/lib/python3.12/site-packages/airflow/example_dags/example_skip_dag.py took 0.235 seconds
[2024-12-15T20:32:48.681+0000] {processor.py:186} INFO - Started process (PID=1118) to work on /home/airflow/.local/lib/python3.12/site-packages/airflow/example_dags/example_skip_dag.py
[2024-12-15T20:32:48.694+0000] {processor.py:914} INFO - Processing file /home/airflow/.local/lib/python3.12/site-packages/airflow/example_dags/example_skip_dag.py for tasks to queue
[2024-12-15T20:32:48.705+0000] {logging_mixin.py:190} INFO - [2024-12-15T20:32:48.705+0000] {dagbag.py:588} INFO - Filling up the DagBag from /home/airflow/.local/lib/python3.12/site-packages/airflow/example_dags/example_skip_dag.py
[2024-12-15T20:32:48.793+0000] {processor.py:925} INFO - DAG(s) 'example_skip_dag' retrieved from /home/airflow/.local/lib/python3.12/site-packages/airflow/example_dags/example_skip_dag.py
[2024-12-15T20:32:48.905+0000] {logging_mixin.py:190} INFO - [2024-12-15T20:32:48.905+0000] {dag.py:3239} INFO - Sync 1 DAGs
[2024-12-15T20:32:49.027+0000] {logging_mixin.py:190} INFO - [2024-12-15T20:32:49.027+0000] {dag.py:4180} INFO - Setting next_dagrun for example_skip_dag to 2024-12-14 00:00:00+00:00, run_after=2024-12-15 00:00:00+00:00
[2024-12-15T20:32:49.120+0000] {processor.py:208} INFO - Processing /home/airflow/.local/lib/python3.12/site-packages/airflow/example_dags/example_skip_dag.py took 0.508 seconds
[2024-12-15T20:33:19.634+0000] {processor.py:186} INFO - Started process (PID=1184) to work on /home/airflow/.local/lib/python3.12/site-packages/airflow/example_dags/example_skip_dag.py
[2024-12-15T20:33:19.643+0000] {processor.py:914} INFO - Processing file /home/airflow/.local/lib/python3.12/site-packages/airflow/example_dags/example_skip_dag.py for tasks to queue
[2024-12-15T20:33:19.657+0000] {logging_mixin.py:190} INFO - [2024-12-15T20:33:19.655+0000] {dagbag.py:588} INFO - Filling up the DagBag from /home/airflow/.local/lib/python3.12/site-packages/airflow/example_dags/example_skip_dag.py
[2024-12-15T20:33:19.714+0000] {processor.py:925} INFO - DAG(s) 'example_skip_dag' retrieved from /home/airflow/.local/lib/python3.12/site-packages/airflow/example_dags/example_skip_dag.py
[2024-12-15T20:33:19.802+0000] {logging_mixin.py:190} INFO - [2024-12-15T20:33:19.801+0000] {dag.py:3239} INFO - Sync 1 DAGs
[2024-12-15T20:33:19.890+0000] {logging_mixin.py:190} INFO - [2024-12-15T20:33:19.890+0000] {dag.py:4180} INFO - Setting next_dagrun for example_skip_dag to 2024-12-14 00:00:00+00:00, run_after=2024-12-15 00:00:00+00:00
[2024-12-15T20:33:19.988+0000] {processor.py:208} INFO - Processing /home/airflow/.local/lib/python3.12/site-packages/airflow/example_dags/example_skip_dag.py took 0.376 seconds
[2024-12-15T20:33:50.267+0000] {processor.py:186} INFO - Started process (PID=1248) to work on /home/airflow/.local/lib/python3.12/site-packages/airflow/example_dags/example_skip_dag.py
[2024-12-15T20:33:50.269+0000] {processor.py:914} INFO - Processing file /home/airflow/.local/lib/python3.12/site-packages/airflow/example_dags/example_skip_dag.py for tasks to queue
[2024-12-15T20:33:50.275+0000] {logging_mixin.py:190} INFO - [2024-12-15T20:33:50.274+0000] {dagbag.py:588} INFO - Filling up the DagBag from /home/airflow/.local/lib/python3.12/site-packages/airflow/example_dags/example_skip_dag.py
[2024-12-15T20:33:50.287+0000] {processor.py:925} INFO - DAG(s) 'example_skip_dag' retrieved from /home/airflow/.local/lib/python3.12/site-packages/airflow/example_dags/example_skip_dag.py
[2024-12-15T20:33:50.319+0000] {logging_mixin.py:190} INFO - [2024-12-15T20:33:50.318+0000] {dag.py:3239} INFO - Sync 1 DAGs
[2024-12-15T20:33:50.352+0000] {logging_mixin.py:190} INFO - [2024-12-15T20:33:50.352+0000] {dag.py:4180} INFO - Setting next_dagrun for example_skip_dag to 2024-12-14 00:00:00+00:00, run_after=2024-12-15 00:00:00+00:00
[2024-12-15T20:33:50.384+0000] {processor.py:208} INFO - Processing /home/airflow/.local/lib/python3.12/site-packages/airflow/example_dags/example_skip_dag.py took 0.129 seconds
[2024-12-15T20:34:21.576+0000] {processor.py:186} INFO - Started process (PID=1309) to work on /home/airflow/.local/lib/python3.12/site-packages/airflow/example_dags/example_skip_dag.py
[2024-12-15T20:34:21.614+0000] {processor.py:914} INFO - Processing file /home/airflow/.local/lib/python3.12/site-packages/airflow/example_dags/example_skip_dag.py for tasks to queue
[2024-12-15T20:34:21.651+0000] {logging_mixin.py:190} INFO - [2024-12-15T20:34:21.650+0000] {dagbag.py:588} INFO - Filling up the DagBag from /home/airflow/.local/lib/python3.12/site-packages/airflow/example_dags/example_skip_dag.py
[2024-12-15T20:34:21.809+0000] {processor.py:925} INFO - DAG(s) 'example_skip_dag' retrieved from /home/airflow/.local/lib/python3.12/site-packages/airflow/example_dags/example_skip_dag.py
[2024-12-15T20:34:22.023+0000] {logging_mixin.py:190} INFO - [2024-12-15T20:34:22.023+0000] {dag.py:3239} INFO - Sync 1 DAGs
[2024-12-15T20:34:22.130+0000] {logging_mixin.py:190} INFO - [2024-12-15T20:34:22.125+0000] {dag.py:4180} INFO - Setting next_dagrun for example_skip_dag to 2024-12-14 00:00:00+00:00, run_after=2024-12-15 00:00:00+00:00
[2024-12-15T20:34:22.235+0000] {processor.py:208} INFO - Processing /home/airflow/.local/lib/python3.12/site-packages/airflow/example_dags/example_skip_dag.py took 0.700 seconds
[2024-12-15T20:34:52.735+0000] {processor.py:186} INFO - Started process (PID=1372) to work on /home/airflow/.local/lib/python3.12/site-packages/airflow/example_dags/example_skip_dag.py
[2024-12-15T20:34:52.741+0000] {processor.py:914} INFO - Processing file /home/airflow/.local/lib/python3.12/site-packages/airflow/example_dags/example_skip_dag.py for tasks to queue
[2024-12-15T20:34:52.749+0000] {logging_mixin.py:190} INFO - [2024-12-15T20:34:52.748+0000] {dagbag.py:588} INFO - Filling up the DagBag from /home/airflow/.local/lib/python3.12/site-packages/airflow/example_dags/example_skip_dag.py
[2024-12-15T20:34:52.820+0000] {processor.py:925} INFO - DAG(s) 'example_skip_dag' retrieved from /home/airflow/.local/lib/python3.12/site-packages/airflow/example_dags/example_skip_dag.py
[2024-12-15T20:34:53.466+0000] {logging_mixin.py:190} INFO - [2024-12-15T20:34:53.303+0000] {dag.py:3239} INFO - Sync 1 DAGs
[2024-12-15T20:34:54.499+0000] {logging_mixin.py:190} INFO - [2024-12-15T20:34:54.498+0000] {dag.py:4180} INFO - Setting next_dagrun for example_skip_dag to 2024-12-14 00:00:00+00:00, run_after=2024-12-15 00:00:00+00:00
[2024-12-15T20:34:54.616+0000] {processor.py:208} INFO - Processing /home/airflow/.local/lib/python3.12/site-packages/airflow/example_dags/example_skip_dag.py took 1.939 seconds
[2024-12-15T20:35:25.691+0000] {processor.py:186} INFO - Started process (PID=1437) to work on /home/airflow/.local/lib/python3.12/site-packages/airflow/example_dags/example_skip_dag.py
[2024-12-15T20:35:25.697+0000] {processor.py:914} INFO - Processing file /home/airflow/.local/lib/python3.12/site-packages/airflow/example_dags/example_skip_dag.py for tasks to queue
[2024-12-15T20:35:25.700+0000] {logging_mixin.py:190} INFO - [2024-12-15T20:35:25.699+0000] {dagbag.py:588} INFO - Filling up the DagBag from /home/airflow/.local/lib/python3.12/site-packages/airflow/example_dags/example_skip_dag.py
[2024-12-15T20:35:25.766+0000] {processor.py:925} INFO - DAG(s) 'example_skip_dag' retrieved from /home/airflow/.local/lib/python3.12/site-packages/airflow/example_dags/example_skip_dag.py
[2024-12-15T20:35:25.850+0000] {logging_mixin.py:190} INFO - [2024-12-15T20:35:25.849+0000] {dag.py:3239} INFO - Sync 1 DAGs
[2024-12-15T20:35:25.964+0000] {logging_mixin.py:190} INFO - [2024-12-15T20:35:25.963+0000] {dag.py:4180} INFO - Setting next_dagrun for example_skip_dag to 2024-12-14 00:00:00+00:00, run_after=2024-12-15 00:00:00+00:00
[2024-12-15T20:35:25.990+0000] {processor.py:208} INFO - Processing /home/airflow/.local/lib/python3.12/site-packages/airflow/example_dags/example_skip_dag.py took 0.333 seconds
[2024-12-15T20:35:59.079+0000] {processor.py:186} INFO - Started process (PID=1496) to work on /home/airflow/.local/lib/python3.12/site-packages/airflow/example_dags/example_skip_dag.py
[2024-12-15T20:35:59.081+0000] {processor.py:914} INFO - Processing file /home/airflow/.local/lib/python3.12/site-packages/airflow/example_dags/example_skip_dag.py for tasks to queue
[2024-12-15T20:35:59.087+0000] {logging_mixin.py:190} INFO - [2024-12-15T20:35:59.086+0000] {dagbag.py:588} INFO - Filling up the DagBag from /home/airflow/.local/lib/python3.12/site-packages/airflow/example_dags/example_skip_dag.py
[2024-12-15T20:35:59.119+0000] {processor.py:925} INFO - DAG(s) 'example_skip_dag' retrieved from /home/airflow/.local/lib/python3.12/site-packages/airflow/example_dags/example_skip_dag.py
[2024-12-15T20:35:59.167+0000] {logging_mixin.py:190} INFO - [2024-12-15T20:35:59.166+0000] {dag.py:3239} INFO - Sync 1 DAGs
[2024-12-15T20:35:59.202+0000] {logging_mixin.py:190} INFO - [2024-12-15T20:35:59.201+0000] {dag.py:4180} INFO - Setting next_dagrun for example_skip_dag to 2024-12-14 00:00:00+00:00, run_after=2024-12-15 00:00:00+00:00
[2024-12-15T20:35:59.249+0000] {processor.py:208} INFO - Processing /home/airflow/.local/lib/python3.12/site-packages/airflow/example_dags/example_skip_dag.py took 0.184 seconds
[2024-12-15T20:36:29.961+0000] {processor.py:186} INFO - Started process (PID=1559) to work on /home/airflow/.local/lib/python3.12/site-packages/airflow/example_dags/example_skip_dag.py
[2024-12-15T20:36:29.966+0000] {processor.py:914} INFO - Processing file /home/airflow/.local/lib/python3.12/site-packages/airflow/example_dags/example_skip_dag.py for tasks to queue
[2024-12-15T20:36:29.971+0000] {logging_mixin.py:190} INFO - [2024-12-15T20:36:29.970+0000] {dagbag.py:588} INFO - Filling up the DagBag from /home/airflow/.local/lib/python3.12/site-packages/airflow/example_dags/example_skip_dag.py
[2024-12-15T20:36:29.989+0000] {processor.py:925} INFO - DAG(s) 'example_skip_dag' retrieved from /home/airflow/.local/lib/python3.12/site-packages/airflow/example_dags/example_skip_dag.py
[2024-12-15T20:36:30.025+0000] {logging_mixin.py:190} INFO - [2024-12-15T20:36:30.025+0000] {dag.py:3239} INFO - Sync 1 DAGs
[2024-12-15T20:36:30.050+0000] {logging_mixin.py:190} INFO - [2024-12-15T20:36:30.050+0000] {dag.py:4180} INFO - Setting next_dagrun for example_skip_dag to 2024-12-14 00:00:00+00:00, run_after=2024-12-15 00:00:00+00:00
[2024-12-15T20:36:30.075+0000] {processor.py:208} INFO - Processing /home/airflow/.local/lib/python3.12/site-packages/airflow/example_dags/example_skip_dag.py took 0.124 seconds
[2024-12-15T20:37:01.766+0000] {processor.py:186} INFO - Started process (PID=1613) to work on /home/airflow/.local/lib/python3.12/site-packages/airflow/example_dags/example_skip_dag.py
[2024-12-15T20:37:01.769+0000] {processor.py:914} INFO - Processing file /home/airflow/.local/lib/python3.12/site-packages/airflow/example_dags/example_skip_dag.py for tasks to queue
[2024-12-15T20:37:01.772+0000] {logging_mixin.py:190} INFO - [2024-12-15T20:37:01.771+0000] {dagbag.py:588} INFO - Filling up the DagBag from /home/airflow/.local/lib/python3.12/site-packages/airflow/example_dags/example_skip_dag.py
[2024-12-15T20:37:01.787+0000] {processor.py:925} INFO - DAG(s) 'example_skip_dag' retrieved from /home/airflow/.local/lib/python3.12/site-packages/airflow/example_dags/example_skip_dag.py
[2024-12-15T20:37:01.819+0000] {logging_mixin.py:190} INFO - [2024-12-15T20:37:01.819+0000] {dag.py:3239} INFO - Sync 1 DAGs
[2024-12-15T20:37:01.862+0000] {logging_mixin.py:190} INFO - [2024-12-15T20:37:01.862+0000] {dag.py:4180} INFO - Setting next_dagrun for example_skip_dag to 2024-12-14 00:00:00+00:00, run_after=2024-12-15 00:00:00+00:00
[2024-12-15T20:37:01.888+0000] {processor.py:208} INFO - Processing /home/airflow/.local/lib/python3.12/site-packages/airflow/example_dags/example_skip_dag.py took 0.134 seconds
[2024-12-15T20:37:34.454+0000] {processor.py:186} INFO - Started process (PID=1678) to work on /home/airflow/.local/lib/python3.12/site-packages/airflow/example_dags/example_skip_dag.py
[2024-12-15T20:37:34.457+0000] {processor.py:914} INFO - Processing file /home/airflow/.local/lib/python3.12/site-packages/airflow/example_dags/example_skip_dag.py for tasks to queue
[2024-12-15T20:37:34.561+0000] {logging_mixin.py:190} INFO - [2024-12-15T20:37:34.560+0000] {dagbag.py:588} INFO - Filling up the DagBag from /home/airflow/.local/lib/python3.12/site-packages/airflow/example_dags/example_skip_dag.py
[2024-12-15T20:37:34.586+0000] {processor.py:925} INFO - DAG(s) 'example_skip_dag' retrieved from /home/airflow/.local/lib/python3.12/site-packages/airflow/example_dags/example_skip_dag.py
[2024-12-15T20:37:34.661+0000] {logging_mixin.py:190} INFO - [2024-12-15T20:37:34.658+0000] {dag.py:3239} INFO - Sync 1 DAGs
[2024-12-15T20:37:34.710+0000] {logging_mixin.py:190} INFO - [2024-12-15T20:37:34.709+0000] {dag.py:4180} INFO - Setting next_dagrun for example_skip_dag to 2024-12-14 00:00:00+00:00, run_after=2024-12-15 00:00:00+00:00
[2024-12-15T20:37:34.739+0000] {processor.py:208} INFO - Processing /home/airflow/.local/lib/python3.12/site-packages/airflow/example_dags/example_skip_dag.py took 0.299 seconds
[2024-12-15T20:38:17.244+0000] {processor.py:186} INFO - Started process (PID=1731) to work on /home/airflow/.local/lib/python3.12/site-packages/airflow/example_dags/example_skip_dag.py
[2024-12-15T20:38:17.246+0000] {processor.py:914} INFO - Processing file /home/airflow/.local/lib/python3.12/site-packages/airflow/example_dags/example_skip_dag.py for tasks to queue
[2024-12-15T20:38:17.248+0000] {logging_mixin.py:190} INFO - [2024-12-15T20:38:17.248+0000] {dagbag.py:588} INFO - Filling up the DagBag from /home/airflow/.local/lib/python3.12/site-packages/airflow/example_dags/example_skip_dag.py
[2024-12-15T20:38:17.264+0000] {processor.py:925} INFO - DAG(s) 'example_skip_dag' retrieved from /home/airflow/.local/lib/python3.12/site-packages/airflow/example_dags/example_skip_dag.py
[2024-12-15T20:38:17.297+0000] {logging_mixin.py:190} INFO - [2024-12-15T20:38:17.297+0000] {dag.py:3239} INFO - Sync 1 DAGs
[2024-12-15T20:38:17.333+0000] {logging_mixin.py:190} INFO - [2024-12-15T20:38:17.333+0000] {dag.py:4180} INFO - Setting next_dagrun for example_skip_dag to 2024-12-14 00:00:00+00:00, run_after=2024-12-15 00:00:00+00:00
[2024-12-15T20:38:17.357+0000] {processor.py:208} INFO - Processing /home/airflow/.local/lib/python3.12/site-packages/airflow/example_dags/example_skip_dag.py took 0.123 seconds
[2024-12-15T20:39:51.880+0000] {processor.py:186} INFO - Started process (PID=1797) to work on /home/airflow/.local/lib/python3.12/site-packages/airflow/example_dags/example_skip_dag.py
[2024-12-15T20:39:51.895+0000] {processor.py:914} INFO - Processing file /home/airflow/.local/lib/python3.12/site-packages/airflow/example_dags/example_skip_dag.py for tasks to queue
[2024-12-15T20:39:51.902+0000] {logging_mixin.py:190} INFO - [2024-12-15T20:39:51.901+0000] {dagbag.py:588} INFO - Filling up the DagBag from /home/airflow/.local/lib/python3.12/site-packages/airflow/example_dags/example_skip_dag.py
[2024-12-15T20:39:51.998+0000] {processor.py:925} INFO - DAG(s) 'example_skip_dag' retrieved from /home/airflow/.local/lib/python3.12/site-packages/airflow/example_dags/example_skip_dag.py
[2024-12-15T20:39:52.376+0000] {logging_mixin.py:190} INFO - [2024-12-15T20:39:52.352+0000] {dag.py:3239} INFO - Sync 1 DAGs
[2024-12-15T20:39:52.613+0000] {logging_mixin.py:190} INFO - [2024-12-15T20:39:52.612+0000] {dag.py:4180} INFO - Setting next_dagrun for example_skip_dag to 2024-12-14 00:00:00+00:00, run_after=2024-12-15 00:00:00+00:00
[2024-12-15T20:39:52.724+0000] {processor.py:208} INFO - Processing /home/airflow/.local/lib/python3.12/site-packages/airflow/example_dags/example_skip_dag.py took 0.916 seconds
[2024-12-15T20:41:18.215+0000] {processor.py:186} INFO - Started process (PID=1864) to work on /home/airflow/.local/lib/python3.12/site-packages/airflow/example_dags/example_skip_dag.py
[2024-12-15T20:41:18.224+0000] {processor.py:914} INFO - Processing file /home/airflow/.local/lib/python3.12/site-packages/airflow/example_dags/example_skip_dag.py for tasks to queue
[2024-12-15T20:41:18.228+0000] {logging_mixin.py:190} INFO - [2024-12-15T20:41:18.227+0000] {dagbag.py:588} INFO - Filling up the DagBag from /home/airflow/.local/lib/python3.12/site-packages/airflow/example_dags/example_skip_dag.py
[2024-12-15T20:41:18.263+0000] {processor.py:925} INFO - DAG(s) 'example_skip_dag' retrieved from /home/airflow/.local/lib/python3.12/site-packages/airflow/example_dags/example_skip_dag.py
[2024-12-15T20:41:18.311+0000] {logging_mixin.py:190} INFO - [2024-12-15T20:41:18.310+0000] {dag.py:3239} INFO - Sync 1 DAGs
[2024-12-15T20:41:18.357+0000] {logging_mixin.py:190} INFO - [2024-12-15T20:41:18.356+0000] {dag.py:4180} INFO - Setting next_dagrun for example_skip_dag to 2024-12-14 00:00:00+00:00, run_after=2024-12-15 00:00:00+00:00
[2024-12-15T20:41:18.467+0000] {processor.py:208} INFO - Processing /home/airflow/.local/lib/python3.12/site-packages/airflow/example_dags/example_skip_dag.py took 0.265 seconds
[2024-12-15T20:41:48.565+0000] {processor.py:186} INFO - Started process (PID=1929) to work on /home/airflow/.local/lib/python3.12/site-packages/airflow/example_dags/example_skip_dag.py
[2024-12-15T20:41:48.571+0000] {processor.py:914} INFO - Processing file /home/airflow/.local/lib/python3.12/site-packages/airflow/example_dags/example_skip_dag.py for tasks to queue
[2024-12-15T20:41:48.575+0000] {logging_mixin.py:190} INFO - [2024-12-15T20:41:48.574+0000] {dagbag.py:588} INFO - Filling up the DagBag from /home/airflow/.local/lib/python3.12/site-packages/airflow/example_dags/example_skip_dag.py
[2024-12-15T20:41:48.598+0000] {processor.py:925} INFO - DAG(s) 'example_skip_dag' retrieved from /home/airflow/.local/lib/python3.12/site-packages/airflow/example_dags/example_skip_dag.py
[2024-12-15T20:41:48.651+0000] {logging_mixin.py:190} INFO - [2024-12-15T20:41:48.650+0000] {dag.py:3239} INFO - Sync 1 DAGs
[2024-12-15T20:41:48.701+0000] {logging_mixin.py:190} INFO - [2024-12-15T20:41:48.701+0000] {dag.py:4180} INFO - Setting next_dagrun for example_skip_dag to 2024-12-14 00:00:00+00:00, run_after=2024-12-15 00:00:00+00:00
[2024-12-15T20:41:48.739+0000] {processor.py:208} INFO - Processing /home/airflow/.local/lib/python3.12/site-packages/airflow/example_dags/example_skip_dag.py took 0.188 seconds
[2024-12-15T20:42:19.799+0000] {processor.py:186} INFO - Started process (PID=1993) to work on /home/airflow/.local/lib/python3.12/site-packages/airflow/example_dags/example_skip_dag.py
[2024-12-15T20:42:19.806+0000] {processor.py:914} INFO - Processing file /home/airflow/.local/lib/python3.12/site-packages/airflow/example_dags/example_skip_dag.py for tasks to queue
[2024-12-15T20:42:19.823+0000] {logging_mixin.py:190} INFO - [2024-12-15T20:42:19.822+0000] {dagbag.py:588} INFO - Filling up the DagBag from /home/airflow/.local/lib/python3.12/site-packages/airflow/example_dags/example_skip_dag.py
[2024-12-15T20:42:20.021+0000] {processor.py:925} INFO - DAG(s) 'example_skip_dag' retrieved from /home/airflow/.local/lib/python3.12/site-packages/airflow/example_dags/example_skip_dag.py
[2024-12-15T20:42:20.147+0000] {logging_mixin.py:190} INFO - [2024-12-15T20:42:20.147+0000] {dag.py:3239} INFO - Sync 1 DAGs
[2024-12-15T20:42:20.199+0000] {logging_mixin.py:190} INFO - [2024-12-15T20:42:20.199+0000] {dag.py:4180} INFO - Setting next_dagrun for example_skip_dag to 2024-12-14 00:00:00+00:00, run_after=2024-12-15 00:00:00+00:00
[2024-12-15T20:42:20.251+0000] {processor.py:208} INFO - Processing /home/airflow/.local/lib/python3.12/site-packages/airflow/example_dags/example_skip_dag.py took 0.502 seconds
