[2024-12-15T19:40:57.746+0000] {processor.py:186} INFO - Started process (PID=101) to work on /home/airflow/.local/lib/python3.12/site-packages/airflow/example_dags/example_python_decorator.py
[2024-12-15T19:40:57.754+0000] {processor.py:914} INFO - Processing file /home/airflow/.local/lib/python3.12/site-packages/airflow/example_dags/example_python_decorator.py for tasks to queue
[2024-12-15T19:40:57.768+0000] {logging_mixin.py:190} INFO - [2024-12-15T19:40:57.767+0000] {dagbag.py:588} INFO - Filling up the DagBag from /home/airflow/.local/lib/python3.12/site-packages/airflow/example_dags/example_python_decorator.py
[2024-12-15T19:40:57.818+0000] {processor.py:925} INFO - DAG(s) 'example_python_decorator' retrieved from /home/airflow/.local/lib/python3.12/site-packages/airflow/example_dags/example_python_decorator.py
[2024-12-15T19:40:58.095+0000] {logging_mixin.py:190} INFO - [2024-12-15T19:40:58.093+0000] {override.py:1911} INFO - Created Permission View: can delete on DAG:example_python_decorator
[2024-12-15T19:40:58.112+0000] {logging_mixin.py:190} INFO - [2024-12-15T19:40:58.112+0000] {override.py:1911} INFO - Created Permission View: can read on DAG:example_python_decorator
[2024-12-15T19:40:58.133+0000] {logging_mixin.py:190} INFO - [2024-12-15T19:40:58.130+0000] {override.py:1911} INFO - Created Permission View: can edit on DAG:example_python_decorator
[2024-12-15T19:40:58.155+0000] {logging_mixin.py:190} INFO - [2024-12-15T19:40:58.154+0000] {override.py:1911} INFO - Created Permission View: menu access on DAG Run:example_python_decorator
[2024-12-15T19:40:58.184+0000] {logging_mixin.py:190} INFO - [2024-12-15T19:40:58.183+0000] {override.py:1911} INFO - Created Permission View: can delete on DAG Run:example_python_decorator
[2024-12-15T19:40:58.198+0000] {logging_mixin.py:190} INFO - [2024-12-15T19:40:58.198+0000] {override.py:1911} INFO - Created Permission View: can create on DAG Run:example_python_decorator
[2024-12-15T19:40:58.216+0000] {logging_mixin.py:190} INFO - [2024-12-15T19:40:58.215+0000] {override.py:1911} INFO - Created Permission View: can read on DAG Run:example_python_decorator
[2024-12-15T19:40:58.218+0000] {logging_mixin.py:190} INFO - [2024-12-15T19:40:58.217+0000] {dag.py:3239} INFO - Sync 1 DAGs
[2024-12-15T19:40:58.260+0000] {logging_mixin.py:190} INFO - [2024-12-15T19:40:58.260+0000] {dag.py:3262} INFO - Creating ORM DAG for example_python_decorator
[2024-12-15T19:40:58.264+0000] {logging_mixin.py:190} INFO - [2024-12-15T19:40:58.263+0000] {dag.py:4180} INFO - Setting next_dagrun for example_python_decorator to None, run_after=None
[2024-12-15T19:40:58.295+0000] {processor.py:208} INFO - Processing /home/airflow/.local/lib/python3.12/site-packages/airflow/example_dags/example_python_decorator.py took 0.578 seconds
[2024-12-15T19:41:28.683+0000] {processor.py:186} INFO - Started process (PID=165) to work on /home/airflow/.local/lib/python3.12/site-packages/airflow/example_dags/example_python_decorator.py
[2024-12-15T19:41:28.686+0000] {processor.py:914} INFO - Processing file /home/airflow/.local/lib/python3.12/site-packages/airflow/example_dags/example_python_decorator.py for tasks to queue
[2024-12-15T19:41:28.691+0000] {logging_mixin.py:190} INFO - [2024-12-15T19:41:28.691+0000] {dagbag.py:588} INFO - Filling up the DagBag from /home/airflow/.local/lib/python3.12/site-packages/airflow/example_dags/example_python_decorator.py
[2024-12-15T19:41:28.715+0000] {processor.py:925} INFO - DAG(s) 'example_python_decorator' retrieved from /home/airflow/.local/lib/python3.12/site-packages/airflow/example_dags/example_python_decorator.py
[2024-12-15T19:41:28.753+0000] {logging_mixin.py:190} INFO - [2024-12-15T19:41:28.753+0000] {dag.py:3239} INFO - Sync 1 DAGs
[2024-12-15T19:41:28.779+0000] {logging_mixin.py:190} INFO - [2024-12-15T19:41:28.779+0000] {dag.py:4180} INFO - Setting next_dagrun for example_python_decorator to None, run_after=None
[2024-12-15T19:41:28.807+0000] {processor.py:208} INFO - Processing /home/airflow/.local/lib/python3.12/site-packages/airflow/example_dags/example_python_decorator.py took 0.137 seconds
[2024-12-15T19:42:40.100+0000] {processor.py:186} INFO - Started process (PID=258) to work on /home/airflow/.local/lib/python3.12/site-packages/airflow/example_dags/example_python_decorator.py
[2024-12-15T19:42:40.104+0000] {processor.py:914} INFO - Processing file /home/airflow/.local/lib/python3.12/site-packages/airflow/example_dags/example_python_decorator.py for tasks to queue
[2024-12-15T19:42:40.107+0000] {logging_mixin.py:190} INFO - [2024-12-15T19:42:40.107+0000] {dagbag.py:588} INFO - Filling up the DagBag from /home/airflow/.local/lib/python3.12/site-packages/airflow/example_dags/example_python_decorator.py
[2024-12-15T19:42:40.296+0000] {processor.py:925} INFO - DAG(s) 'example_python_decorator' retrieved from /home/airflow/.local/lib/python3.12/site-packages/airflow/example_dags/example_python_decorator.py
[2024-12-15T19:42:40.560+0000] {logging_mixin.py:190} INFO - [2024-12-15T19:42:40.556+0000] {dag.py:3239} INFO - Sync 1 DAGs
[2024-12-15T19:42:40.804+0000] {logging_mixin.py:190} INFO - [2024-12-15T19:42:40.803+0000] {dag.py:4180} INFO - Setting next_dagrun for example_python_decorator to None, run_after=None
[2024-12-15T19:42:40.997+0000] {processor.py:208} INFO - Processing /home/airflow/.local/lib/python3.12/site-packages/airflow/example_dags/example_python_decorator.py took 0.919 seconds
[2024-12-15T19:43:11.763+0000] {processor.py:186} INFO - Started process (PID=323) to work on /home/airflow/.local/lib/python3.12/site-packages/airflow/example_dags/example_python_decorator.py
[2024-12-15T19:43:11.789+0000] {processor.py:914} INFO - Processing file /home/airflow/.local/lib/python3.12/site-packages/airflow/example_dags/example_python_decorator.py for tasks to queue
[2024-12-15T19:43:11.804+0000] {logging_mixin.py:190} INFO - [2024-12-15T19:43:11.804+0000] {dagbag.py:588} INFO - Filling up the DagBag from /home/airflow/.local/lib/python3.12/site-packages/airflow/example_dags/example_python_decorator.py
[2024-12-15T19:43:11.895+0000] {processor.py:925} INFO - DAG(s) 'example_python_decorator' retrieved from /home/airflow/.local/lib/python3.12/site-packages/airflow/example_dags/example_python_decorator.py
[2024-12-15T19:43:11.995+0000] {logging_mixin.py:190} INFO - [2024-12-15T19:43:11.994+0000] {dag.py:3239} INFO - Sync 1 DAGs
[2024-12-15T19:43:12.074+0000] {logging_mixin.py:190} INFO - [2024-12-15T19:43:12.074+0000] {dag.py:4180} INFO - Setting next_dagrun for example_python_decorator to None, run_after=None
[2024-12-15T19:43:12.222+0000] {processor.py:208} INFO - Processing /home/airflow/.local/lib/python3.12/site-packages/airflow/example_dags/example_python_decorator.py took 0.504 seconds
[2024-12-15T19:43:43.248+0000] {processor.py:186} INFO - Started process (PID=386) to work on /home/airflow/.local/lib/python3.12/site-packages/airflow/example_dags/example_python_decorator.py
[2024-12-15T19:43:43.257+0000] {processor.py:914} INFO - Processing file /home/airflow/.local/lib/python3.12/site-packages/airflow/example_dags/example_python_decorator.py for tasks to queue
[2024-12-15T19:43:43.268+0000] {logging_mixin.py:190} INFO - [2024-12-15T19:43:43.264+0000] {dagbag.py:588} INFO - Filling up the DagBag from /home/airflow/.local/lib/python3.12/site-packages/airflow/example_dags/example_python_decorator.py
[2024-12-15T19:43:43.331+0000] {processor.py:925} INFO - DAG(s) 'example_python_decorator' retrieved from /home/airflow/.local/lib/python3.12/site-packages/airflow/example_dags/example_python_decorator.py
[2024-12-15T19:43:43.371+0000] {logging_mixin.py:190} INFO - [2024-12-15T19:43:43.370+0000] {dag.py:3239} INFO - Sync 1 DAGs
[2024-12-15T19:43:43.404+0000] {logging_mixin.py:190} INFO - [2024-12-15T19:43:43.404+0000] {dag.py:4180} INFO - Setting next_dagrun for example_python_decorator to None, run_after=None
[2024-12-15T19:43:43.471+0000] {processor.py:208} INFO - Processing /home/airflow/.local/lib/python3.12/site-packages/airflow/example_dags/example_python_decorator.py took 0.240 seconds
[2024-12-15T19:44:14.726+0000] {processor.py:186} INFO - Started process (PID=451) to work on /home/airflow/.local/lib/python3.12/site-packages/airflow/example_dags/example_python_decorator.py
[2024-12-15T19:44:14.730+0000] {processor.py:914} INFO - Processing file /home/airflow/.local/lib/python3.12/site-packages/airflow/example_dags/example_python_decorator.py for tasks to queue
[2024-12-15T19:44:14.736+0000] {logging_mixin.py:190} INFO - [2024-12-15T19:44:14.735+0000] {dagbag.py:588} INFO - Filling up the DagBag from /home/airflow/.local/lib/python3.12/site-packages/airflow/example_dags/example_python_decorator.py
[2024-12-15T19:44:14.770+0000] {processor.py:925} INFO - DAG(s) 'example_python_decorator' retrieved from /home/airflow/.local/lib/python3.12/site-packages/airflow/example_dags/example_python_decorator.py
[2024-12-15T19:44:14.813+0000] {logging_mixin.py:190} INFO - [2024-12-15T19:44:14.813+0000] {dag.py:3239} INFO - Sync 1 DAGs
[2024-12-15T19:44:14.835+0000] {logging_mixin.py:190} INFO - [2024-12-15T19:44:14.834+0000] {dag.py:4180} INFO - Setting next_dagrun for example_python_decorator to None, run_after=None
[2024-12-15T19:44:14.903+0000] {processor.py:208} INFO - Processing /home/airflow/.local/lib/python3.12/site-packages/airflow/example_dags/example_python_decorator.py took 0.196 seconds
[2024-12-15T19:45:38.410+0000] {processor.py:186} INFO - Started process (PID=517) to work on /home/airflow/.local/lib/python3.12/site-packages/airflow/example_dags/example_python_decorator.py
[2024-12-15T19:45:38.419+0000] {processor.py:914} INFO - Processing file /home/airflow/.local/lib/python3.12/site-packages/airflow/example_dags/example_python_decorator.py for tasks to queue
[2024-12-15T19:45:38.428+0000] {logging_mixin.py:190} INFO - [2024-12-15T19:45:38.427+0000] {dagbag.py:588} INFO - Filling up the DagBag from /home/airflow/.local/lib/python3.12/site-packages/airflow/example_dags/example_python_decorator.py
[2024-12-15T19:45:38.500+0000] {processor.py:925} INFO - DAG(s) 'example_python_decorator' retrieved from /home/airflow/.local/lib/python3.12/site-packages/airflow/example_dags/example_python_decorator.py
[2024-12-15T19:45:38.586+0000] {logging_mixin.py:190} INFO - [2024-12-15T19:45:38.585+0000] {dag.py:3239} INFO - Sync 1 DAGs
[2024-12-15T19:45:38.615+0000] {logging_mixin.py:190} INFO - [2024-12-15T19:45:38.614+0000] {dag.py:4180} INFO - Setting next_dagrun for example_python_decorator to None, run_after=None
[2024-12-15T19:45:38.655+0000] {processor.py:208} INFO - Processing /home/airflow/.local/lib/python3.12/site-packages/airflow/example_dags/example_python_decorator.py took 0.268 seconds
[2024-12-15T19:46:08.927+0000] {processor.py:186} INFO - Started process (PID=579) to work on /home/airflow/.local/lib/python3.12/site-packages/airflow/example_dags/example_python_decorator.py
[2024-12-15T19:46:08.929+0000] {processor.py:914} INFO - Processing file /home/airflow/.local/lib/python3.12/site-packages/airflow/example_dags/example_python_decorator.py for tasks to queue
[2024-12-15T19:46:08.937+0000] {logging_mixin.py:190} INFO - [2024-12-15T19:46:08.937+0000] {dagbag.py:588} INFO - Filling up the DagBag from /home/airflow/.local/lib/python3.12/site-packages/airflow/example_dags/example_python_decorator.py
[2024-12-15T19:46:08.965+0000] {processor.py:925} INFO - DAG(s) 'example_python_decorator' retrieved from /home/airflow/.local/lib/python3.12/site-packages/airflow/example_dags/example_python_decorator.py
[2024-12-15T19:46:09.022+0000] {logging_mixin.py:190} INFO - [2024-12-15T19:46:09.022+0000] {dag.py:3239} INFO - Sync 1 DAGs
[2024-12-15T19:46:09.048+0000] {logging_mixin.py:190} INFO - [2024-12-15T19:46:09.047+0000] {dag.py:4180} INFO - Setting next_dagrun for example_python_decorator to None, run_after=None
[2024-12-15T19:46:09.072+0000] {processor.py:208} INFO - Processing /home/airflow/.local/lib/python3.12/site-packages/airflow/example_dags/example_python_decorator.py took 0.153 seconds
[2024-12-15T19:46:39.436+0000] {processor.py:186} INFO - Started process (PID=653) to work on /home/airflow/.local/lib/python3.12/site-packages/airflow/example_dags/example_python_decorator.py
[2024-12-15T19:46:39.438+0000] {processor.py:914} INFO - Processing file /home/airflow/.local/lib/python3.12/site-packages/airflow/example_dags/example_python_decorator.py for tasks to queue
[2024-12-15T19:46:39.443+0000] {logging_mixin.py:190} INFO - [2024-12-15T19:46:39.442+0000] {dagbag.py:588} INFO - Filling up the DagBag from /home/airflow/.local/lib/python3.12/site-packages/airflow/example_dags/example_python_decorator.py
[2024-12-15T19:46:39.472+0000] {processor.py:925} INFO - DAG(s) 'example_python_decorator' retrieved from /home/airflow/.local/lib/python3.12/site-packages/airflow/example_dags/example_python_decorator.py
[2024-12-15T19:46:39.504+0000] {logging_mixin.py:190} INFO - [2024-12-15T19:46:39.504+0000] {dag.py:3239} INFO - Sync 1 DAGs
[2024-12-15T19:46:39.524+0000] {logging_mixin.py:190} INFO - [2024-12-15T19:46:39.524+0000] {dag.py:4180} INFO - Setting next_dagrun for example_python_decorator to None, run_after=None
[2024-12-15T19:46:39.547+0000] {processor.py:208} INFO - Processing /home/airflow/.local/lib/python3.12/site-packages/airflow/example_dags/example_python_decorator.py took 0.120 seconds
[2024-12-15T19:47:17.620+0000] {processor.py:186} INFO - Started process (PID=735) to work on /home/airflow/.local/lib/python3.12/site-packages/airflow/example_dags/example_python_decorator.py
[2024-12-15T19:47:17.622+0000] {processor.py:914} INFO - Processing file /home/airflow/.local/lib/python3.12/site-packages/airflow/example_dags/example_python_decorator.py for tasks to queue
[2024-12-15T19:47:17.626+0000] {logging_mixin.py:190} INFO - [2024-12-15T19:47:17.625+0000] {dagbag.py:588} INFO - Filling up the DagBag from /home/airflow/.local/lib/python3.12/site-packages/airflow/example_dags/example_python_decorator.py
[2024-12-15T19:47:17.654+0000] {processor.py:925} INFO - DAG(s) 'example_python_decorator' retrieved from /home/airflow/.local/lib/python3.12/site-packages/airflow/example_dags/example_python_decorator.py
[2024-12-15T19:47:17.688+0000] {logging_mixin.py:190} INFO - [2024-12-15T19:47:17.687+0000] {dag.py:3239} INFO - Sync 1 DAGs
[2024-12-15T19:47:17.711+0000] {logging_mixin.py:190} INFO - [2024-12-15T19:47:17.711+0000] {dag.py:4180} INFO - Setting next_dagrun for example_python_decorator to None, run_after=None
[2024-12-15T19:47:17.750+0000] {processor.py:208} INFO - Processing /home/airflow/.local/lib/python3.12/site-packages/airflow/example_dags/example_python_decorator.py took 0.139 seconds
[2024-12-15T19:47:57.650+0000] {processor.py:186} INFO - Started process (PID=800) to work on /home/airflow/.local/lib/python3.12/site-packages/airflow/example_dags/example_python_decorator.py
[2024-12-15T19:47:57.652+0000] {processor.py:914} INFO - Processing file /home/airflow/.local/lib/python3.12/site-packages/airflow/example_dags/example_python_decorator.py for tasks to queue
[2024-12-15T19:47:57.657+0000] {logging_mixin.py:190} INFO - [2024-12-15T19:47:57.656+0000] {dagbag.py:588} INFO - Filling up the DagBag from /home/airflow/.local/lib/python3.12/site-packages/airflow/example_dags/example_python_decorator.py
[2024-12-15T19:47:57.702+0000] {processor.py:925} INFO - DAG(s) 'example_python_decorator' retrieved from /home/airflow/.local/lib/python3.12/site-packages/airflow/example_dags/example_python_decorator.py
[2024-12-15T19:47:57.745+0000] {logging_mixin.py:190} INFO - [2024-12-15T19:47:57.744+0000] {dag.py:3239} INFO - Sync 1 DAGs
[2024-12-15T19:47:57.776+0000] {logging_mixin.py:190} INFO - [2024-12-15T19:47:57.776+0000] {dag.py:4180} INFO - Setting next_dagrun for example_python_decorator to None, run_after=None
[2024-12-15T19:47:57.801+0000] {processor.py:208} INFO - Processing /home/airflow/.local/lib/python3.12/site-packages/airflow/example_dags/example_python_decorator.py took 0.167 seconds
[2024-12-15T19:51:09.741+0000] {processor.py:186} INFO - Started process (PID=89) to work on /home/airflow/.local/lib/python3.12/site-packages/airflow/example_dags/example_python_decorator.py
[2024-12-15T19:51:09.745+0000] {processor.py:914} INFO - Processing file /home/airflow/.local/lib/python3.12/site-packages/airflow/example_dags/example_python_decorator.py for tasks to queue
[2024-12-15T19:51:09.773+0000] {logging_mixin.py:190} INFO - [2024-12-15T19:51:09.770+0000] {dagbag.py:588} INFO - Filling up the DagBag from /home/airflow/.local/lib/python3.12/site-packages/airflow/example_dags/example_python_decorator.py
[2024-12-15T19:51:09.836+0000] {processor.py:925} INFO - DAG(s) 'example_python_decorator' retrieved from /home/airflow/.local/lib/python3.12/site-packages/airflow/example_dags/example_python_decorator.py
[2024-12-15T19:51:10.182+0000] {logging_mixin.py:190} INFO - [2024-12-15T19:51:10.182+0000] {dag.py:3239} INFO - Sync 1 DAGs
[2024-12-15T19:51:10.261+0000] {logging_mixin.py:190} INFO - [2024-12-15T19:51:10.261+0000] {dag.py:4180} INFO - Setting next_dagrun for example_python_decorator to None, run_after=None
[2024-12-15T19:51:10.462+0000] {processor.py:208} INFO - Processing /home/airflow/.local/lib/python3.12/site-packages/airflow/example_dags/example_python_decorator.py took 0.745 seconds
[2024-12-15T19:51:45.431+0000] {processor.py:186} INFO - Started process (PID=154) to work on /home/airflow/.local/lib/python3.12/site-packages/airflow/example_dags/example_python_decorator.py
[2024-12-15T19:51:45.441+0000] {processor.py:914} INFO - Processing file /home/airflow/.local/lib/python3.12/site-packages/airflow/example_dags/example_python_decorator.py for tasks to queue
[2024-12-15T19:51:45.498+0000] {logging_mixin.py:190} INFO - [2024-12-15T19:51:45.496+0000] {dagbag.py:588} INFO - Filling up the DagBag from /home/airflow/.local/lib/python3.12/site-packages/airflow/example_dags/example_python_decorator.py
[2024-12-15T19:51:45.614+0000] {processor.py:925} INFO - DAG(s) 'example_python_decorator' retrieved from /home/airflow/.local/lib/python3.12/site-packages/airflow/example_dags/example_python_decorator.py
[2024-12-15T19:51:45.680+0000] {logging_mixin.py:190} INFO - [2024-12-15T19:51:45.679+0000] {dag.py:3239} INFO - Sync 1 DAGs
[2024-12-15T19:51:45.770+0000] {logging_mixin.py:190} INFO - [2024-12-15T19:51:45.769+0000] {dag.py:4180} INFO - Setting next_dagrun for example_python_decorator to None, run_after=None
[2024-12-15T19:51:45.818+0000] {processor.py:208} INFO - Processing /home/airflow/.local/lib/python3.12/site-packages/airflow/example_dags/example_python_decorator.py took 0.439 seconds
[2024-12-15T19:52:30.131+0000] {processor.py:186} INFO - Started process (PID=224) to work on /home/airflow/.local/lib/python3.12/site-packages/airflow/example_dags/example_python_decorator.py
[2024-12-15T19:52:30.133+0000] {processor.py:914} INFO - Processing file /home/airflow/.local/lib/python3.12/site-packages/airflow/example_dags/example_python_decorator.py for tasks to queue
[2024-12-15T19:52:30.138+0000] {logging_mixin.py:190} INFO - [2024-12-15T19:52:30.137+0000] {dagbag.py:588} INFO - Filling up the DagBag from /home/airflow/.local/lib/python3.12/site-packages/airflow/example_dags/example_python_decorator.py
[2024-12-15T19:52:30.164+0000] {processor.py:925} INFO - DAG(s) 'example_python_decorator' retrieved from /home/airflow/.local/lib/python3.12/site-packages/airflow/example_dags/example_python_decorator.py
[2024-12-15T19:52:30.214+0000] {logging_mixin.py:190} INFO - [2024-12-15T19:52:30.214+0000] {dag.py:3239} INFO - Sync 1 DAGs
[2024-12-15T19:52:30.390+0000] {logging_mixin.py:190} INFO - [2024-12-15T19:52:30.365+0000] {dag.py:4180} INFO - Setting next_dagrun for example_python_decorator to None, run_after=None
[2024-12-15T19:52:30.496+0000] {processor.py:208} INFO - Processing /home/airflow/.local/lib/python3.12/site-packages/airflow/example_dags/example_python_decorator.py took 0.375 seconds
[2024-12-15T19:53:02.740+0000] {processor.py:186} INFO - Started process (PID=291) to work on /home/airflow/.local/lib/python3.12/site-packages/airflow/example_dags/example_python_decorator.py
[2024-12-15T19:53:02.744+0000] {processor.py:914} INFO - Processing file /home/airflow/.local/lib/python3.12/site-packages/airflow/example_dags/example_python_decorator.py for tasks to queue
[2024-12-15T19:53:02.750+0000] {logging_mixin.py:190} INFO - [2024-12-15T19:53:02.750+0000] {dagbag.py:588} INFO - Filling up the DagBag from /home/airflow/.local/lib/python3.12/site-packages/airflow/example_dags/example_python_decorator.py
[2024-12-15T19:53:02.809+0000] {processor.py:925} INFO - DAG(s) 'example_python_decorator' retrieved from /home/airflow/.local/lib/python3.12/site-packages/airflow/example_dags/example_python_decorator.py
[2024-12-15T19:53:02.877+0000] {logging_mixin.py:190} INFO - [2024-12-15T19:53:02.877+0000] {dag.py:3239} INFO - Sync 1 DAGs
[2024-12-15T19:53:02.940+0000] {logging_mixin.py:190} INFO - [2024-12-15T19:53:02.939+0000] {dag.py:4180} INFO - Setting next_dagrun for example_python_decorator to None, run_after=None
[2024-12-15T19:53:02.991+0000] {processor.py:208} INFO - Processing /home/airflow/.local/lib/python3.12/site-packages/airflow/example_dags/example_python_decorator.py took 0.270 seconds
[2024-12-15T19:53:43.667+0000] {processor.py:186} INFO - Started process (PID=359) to work on /home/airflow/.local/lib/python3.12/site-packages/airflow/example_dags/example_python_decorator.py
[2024-12-15T19:53:43.679+0000] {processor.py:914} INFO - Processing file /home/airflow/.local/lib/python3.12/site-packages/airflow/example_dags/example_python_decorator.py for tasks to queue
[2024-12-15T19:53:43.708+0000] {logging_mixin.py:190} INFO - [2024-12-15T19:53:43.707+0000] {dagbag.py:588} INFO - Filling up the DagBag from /home/airflow/.local/lib/python3.12/site-packages/airflow/example_dags/example_python_decorator.py
[2024-12-15T19:53:43.754+0000] {processor.py:925} INFO - DAG(s) 'example_python_decorator' retrieved from /home/airflow/.local/lib/python3.12/site-packages/airflow/example_dags/example_python_decorator.py
[2024-12-15T19:53:43.813+0000] {logging_mixin.py:190} INFO - [2024-12-15T19:53:43.812+0000] {dag.py:3239} INFO - Sync 1 DAGs
[2024-12-15T19:53:43.860+0000] {logging_mixin.py:190} INFO - [2024-12-15T19:53:43.860+0000] {dag.py:4180} INFO - Setting next_dagrun for example_python_decorator to None, run_after=None
[2024-12-15T19:53:43.966+0000] {processor.py:208} INFO - Processing /home/airflow/.local/lib/python3.12/site-packages/airflow/example_dags/example_python_decorator.py took 0.312 seconds
[2024-12-15T19:54:17.315+0000] {processor.py:186} INFO - Started process (PID=422) to work on /home/airflow/.local/lib/python3.12/site-packages/airflow/example_dags/example_python_decorator.py
[2024-12-15T19:54:17.334+0000] {processor.py:914} INFO - Processing file /home/airflow/.local/lib/python3.12/site-packages/airflow/example_dags/example_python_decorator.py for tasks to queue
[2024-12-15T19:54:17.362+0000] {logging_mixin.py:190} INFO - [2024-12-15T19:54:17.361+0000] {dagbag.py:588} INFO - Filling up the DagBag from /home/airflow/.local/lib/python3.12/site-packages/airflow/example_dags/example_python_decorator.py
[2024-12-15T19:54:17.406+0000] {processor.py:925} INFO - DAG(s) 'example_python_decorator' retrieved from /home/airflow/.local/lib/python3.12/site-packages/airflow/example_dags/example_python_decorator.py
[2024-12-15T19:54:17.448+0000] {logging_mixin.py:190} INFO - [2024-12-15T19:54:17.448+0000] {dag.py:3239} INFO - Sync 1 DAGs
[2024-12-15T19:54:17.479+0000] {logging_mixin.py:190} INFO - [2024-12-15T19:54:17.478+0000] {dag.py:4180} INFO - Setting next_dagrun for example_python_decorator to None, run_after=None
[2024-12-15T19:54:17.526+0000] {processor.py:208} INFO - Processing /home/airflow/.local/lib/python3.12/site-packages/airflow/example_dags/example_python_decorator.py took 0.253 seconds
[2024-12-15T19:54:47.664+0000] {processor.py:186} INFO - Started process (PID=487) to work on /home/airflow/.local/lib/python3.12/site-packages/airflow/example_dags/example_python_decorator.py
[2024-12-15T19:54:47.666+0000] {processor.py:914} INFO - Processing file /home/airflow/.local/lib/python3.12/site-packages/airflow/example_dags/example_python_decorator.py for tasks to queue
[2024-12-15T19:54:47.668+0000] {logging_mixin.py:190} INFO - [2024-12-15T19:54:47.668+0000] {dagbag.py:588} INFO - Filling up the DagBag from /home/airflow/.local/lib/python3.12/site-packages/airflow/example_dags/example_python_decorator.py
[2024-12-15T19:54:47.689+0000] {processor.py:925} INFO - DAG(s) 'example_python_decorator' retrieved from /home/airflow/.local/lib/python3.12/site-packages/airflow/example_dags/example_python_decorator.py
[2024-12-15T19:54:47.721+0000] {logging_mixin.py:190} INFO - [2024-12-15T19:54:47.721+0000] {dag.py:3239} INFO - Sync 1 DAGs
[2024-12-15T19:54:47.742+0000] {logging_mixin.py:190} INFO - [2024-12-15T19:54:47.742+0000] {dag.py:4180} INFO - Setting next_dagrun for example_python_decorator to None, run_after=None
[2024-12-15T19:54:47.768+0000] {processor.py:208} INFO - Processing /home/airflow/.local/lib/python3.12/site-packages/airflow/example_dags/example_python_decorator.py took 0.112 seconds
[2024-12-15T19:55:27.176+0000] {processor.py:186} INFO - Started process (PID=560) to work on /home/airflow/.local/lib/python3.12/site-packages/airflow/example_dags/example_python_decorator.py
[2024-12-15T19:55:27.178+0000] {processor.py:914} INFO - Processing file /home/airflow/.local/lib/python3.12/site-packages/airflow/example_dags/example_python_decorator.py for tasks to queue
[2024-12-15T19:55:27.185+0000] {logging_mixin.py:190} INFO - [2024-12-15T19:55:27.184+0000] {dagbag.py:588} INFO - Filling up the DagBag from /home/airflow/.local/lib/python3.12/site-packages/airflow/example_dags/example_python_decorator.py
[2024-12-15T19:55:27.248+0000] {processor.py:925} INFO - DAG(s) 'example_python_decorator' retrieved from /home/airflow/.local/lib/python3.12/site-packages/airflow/example_dags/example_python_decorator.py
[2024-12-15T19:55:27.323+0000] {logging_mixin.py:190} INFO - [2024-12-15T19:55:27.322+0000] {dag.py:3239} INFO - Sync 1 DAGs
[2024-12-15T19:55:27.463+0000] {logging_mixin.py:190} INFO - [2024-12-15T19:55:27.462+0000] {dag.py:4180} INFO - Setting next_dagrun for example_python_decorator to None, run_after=None
[2024-12-15T19:55:27.535+0000] {processor.py:208} INFO - Processing /home/airflow/.local/lib/python3.12/site-packages/airflow/example_dags/example_python_decorator.py took 0.373 seconds
[2024-12-15T19:56:06.051+0000] {processor.py:186} INFO - Started process (PID=624) to work on /home/airflow/.local/lib/python3.12/site-packages/airflow/example_dags/example_python_decorator.py
[2024-12-15T19:56:06.058+0000] {processor.py:914} INFO - Processing file /home/airflow/.local/lib/python3.12/site-packages/airflow/example_dags/example_python_decorator.py for tasks to queue
[2024-12-15T19:56:06.061+0000] {logging_mixin.py:190} INFO - [2024-12-15T19:56:06.060+0000] {dagbag.py:588} INFO - Filling up the DagBag from /home/airflow/.local/lib/python3.12/site-packages/airflow/example_dags/example_python_decorator.py
[2024-12-15T19:56:06.109+0000] {processor.py:925} INFO - DAG(s) 'example_python_decorator' retrieved from /home/airflow/.local/lib/python3.12/site-packages/airflow/example_dags/example_python_decorator.py
[2024-12-15T19:56:06.155+0000] {logging_mixin.py:190} INFO - [2024-12-15T19:56:06.155+0000] {dag.py:3239} INFO - Sync 1 DAGs
[2024-12-15T19:56:06.197+0000] {logging_mixin.py:190} INFO - [2024-12-15T19:56:06.197+0000] {dag.py:4180} INFO - Setting next_dagrun for example_python_decorator to None, run_after=None
[2024-12-15T19:56:06.259+0000] {processor.py:208} INFO - Processing /home/airflow/.local/lib/python3.12/site-packages/airflow/example_dags/example_python_decorator.py took 0.225 seconds
[2024-12-15T20:00:13.261+0000] {processor.py:186} INFO - Started process (PID=101) to work on /home/airflow/.local/lib/python3.12/site-packages/airflow/example_dags/example_python_decorator.py
[2024-12-15T20:00:13.296+0000] {processor.py:914} INFO - Processing file /home/airflow/.local/lib/python3.12/site-packages/airflow/example_dags/example_python_decorator.py for tasks to queue
[2024-12-15T20:00:13.308+0000] {logging_mixin.py:190} INFO - [2024-12-15T20:00:13.308+0000] {dagbag.py:588} INFO - Filling up the DagBag from /home/airflow/.local/lib/python3.12/site-packages/airflow/example_dags/example_python_decorator.py
[2024-12-15T20:00:13.664+0000] {processor.py:925} INFO - DAG(s) 'example_python_decorator' retrieved from /home/airflow/.local/lib/python3.12/site-packages/airflow/example_dags/example_python_decorator.py
[2024-12-15T20:00:17.899+0000] {logging_mixin.py:190} INFO - [2024-12-15T20:00:17.898+0000] {dag.py:3239} INFO - Sync 1 DAGs
[2024-12-15T20:00:17.924+0000] {logging_mixin.py:190} INFO - [2024-12-15T20:00:17.924+0000] {dag.py:4180} INFO - Setting next_dagrun for example_python_decorator to None, run_after=None
[2024-12-15T20:00:18.171+0000] {processor.py:208} INFO - Processing /home/airflow/.local/lib/python3.12/site-packages/airflow/example_dags/example_python_decorator.py took 5.052 seconds
[2024-12-15T20:01:49.218+0000] {processor.py:186} INFO - Started process (PID=192) to work on /home/airflow/.local/lib/python3.12/site-packages/airflow/example_dags/example_python_decorator.py
[2024-12-15T20:01:49.222+0000] {processor.py:914} INFO - Processing file /home/airflow/.local/lib/python3.12/site-packages/airflow/example_dags/example_python_decorator.py for tasks to queue
[2024-12-15T20:01:49.240+0000] {logging_mixin.py:190} INFO - [2024-12-15T20:01:49.238+0000] {dagbag.py:588} INFO - Filling up the DagBag from /home/airflow/.local/lib/python3.12/site-packages/airflow/example_dags/example_python_decorator.py
[2024-12-15T20:01:49.332+0000] {processor.py:925} INFO - DAG(s) 'example_python_decorator' retrieved from /home/airflow/.local/lib/python3.12/site-packages/airflow/example_dags/example_python_decorator.py
[2024-12-15T20:01:49.457+0000] {logging_mixin.py:190} INFO - [2024-12-15T20:01:49.457+0000] {dag.py:3239} INFO - Sync 1 DAGs
[2024-12-15T20:01:49.517+0000] {logging_mixin.py:190} INFO - [2024-12-15T20:01:49.517+0000] {dag.py:4180} INFO - Setting next_dagrun for example_python_decorator to None, run_after=None
[2024-12-15T20:01:49.608+0000] {processor.py:208} INFO - Processing /home/airflow/.local/lib/python3.12/site-packages/airflow/example_dags/example_python_decorator.py took 0.430 seconds
[2024-12-15T20:02:25.385+0000] {processor.py:186} INFO - Started process (PID=256) to work on /home/airflow/.local/lib/python3.12/site-packages/airflow/example_dags/example_python_decorator.py
[2024-12-15T20:02:25.388+0000] {processor.py:914} INFO - Processing file /home/airflow/.local/lib/python3.12/site-packages/airflow/example_dags/example_python_decorator.py for tasks to queue
[2024-12-15T20:02:25.400+0000] {logging_mixin.py:190} INFO - [2024-12-15T20:02:25.399+0000] {dagbag.py:588} INFO - Filling up the DagBag from /home/airflow/.local/lib/python3.12/site-packages/airflow/example_dags/example_python_decorator.py
[2024-12-15T20:02:25.570+0000] {processor.py:925} INFO - DAG(s) 'example_python_decorator' retrieved from /home/airflow/.local/lib/python3.12/site-packages/airflow/example_dags/example_python_decorator.py
[2024-12-15T20:02:25.723+0000] {logging_mixin.py:190} INFO - [2024-12-15T20:02:25.712+0000] {dag.py:3239} INFO - Sync 1 DAGs
[2024-12-15T20:02:25.769+0000] {logging_mixin.py:190} INFO - [2024-12-15T20:02:25.769+0000] {dag.py:4180} INFO - Setting next_dagrun for example_python_decorator to None, run_after=None
[2024-12-15T20:02:25.830+0000] {processor.py:208} INFO - Processing /home/airflow/.local/lib/python3.12/site-packages/airflow/example_dags/example_python_decorator.py took 0.462 seconds
[2024-12-15T20:03:07.330+0000] {processor.py:186} INFO - Started process (PID=320) to work on /home/airflow/.local/lib/python3.12/site-packages/airflow/example_dags/example_python_decorator.py
[2024-12-15T20:03:07.333+0000] {processor.py:914} INFO - Processing file /home/airflow/.local/lib/python3.12/site-packages/airflow/example_dags/example_python_decorator.py for tasks to queue
[2024-12-15T20:03:07.337+0000] {logging_mixin.py:190} INFO - [2024-12-15T20:03:07.336+0000] {dagbag.py:588} INFO - Filling up the DagBag from /home/airflow/.local/lib/python3.12/site-packages/airflow/example_dags/example_python_decorator.py
[2024-12-15T20:03:07.360+0000] {processor.py:925} INFO - DAG(s) 'example_python_decorator' retrieved from /home/airflow/.local/lib/python3.12/site-packages/airflow/example_dags/example_python_decorator.py
[2024-12-15T20:03:07.395+0000] {logging_mixin.py:190} INFO - [2024-12-15T20:03:07.395+0000] {dag.py:3239} INFO - Sync 1 DAGs
[2024-12-15T20:03:07.424+0000] {logging_mixin.py:190} INFO - [2024-12-15T20:03:07.424+0000] {dag.py:4180} INFO - Setting next_dagrun for example_python_decorator to None, run_after=None
[2024-12-15T20:03:07.447+0000] {processor.py:208} INFO - Processing /home/airflow/.local/lib/python3.12/site-packages/airflow/example_dags/example_python_decorator.py took 0.128 seconds
[2024-12-15T20:03:37.682+0000] {processor.py:186} INFO - Started process (PID=384) to work on /home/airflow/.local/lib/python3.12/site-packages/airflow/example_dags/example_python_decorator.py
[2024-12-15T20:03:37.685+0000] {processor.py:914} INFO - Processing file /home/airflow/.local/lib/python3.12/site-packages/airflow/example_dags/example_python_decorator.py for tasks to queue
[2024-12-15T20:03:37.692+0000] {logging_mixin.py:190} INFO - [2024-12-15T20:03:37.692+0000] {dagbag.py:588} INFO - Filling up the DagBag from /home/airflow/.local/lib/python3.12/site-packages/airflow/example_dags/example_python_decorator.py
[2024-12-15T20:03:37.718+0000] {processor.py:925} INFO - DAG(s) 'example_python_decorator' retrieved from /home/airflow/.local/lib/python3.12/site-packages/airflow/example_dags/example_python_decorator.py
[2024-12-15T20:03:37.750+0000] {logging_mixin.py:190} INFO - [2024-12-15T20:03:37.750+0000] {dag.py:3239} INFO - Sync 1 DAGs
[2024-12-15T20:03:37.769+0000] {logging_mixin.py:190} INFO - [2024-12-15T20:03:37.769+0000] {dag.py:4180} INFO - Setting next_dagrun for example_python_decorator to None, run_after=None
[2024-12-15T20:03:37.795+0000] {processor.py:208} INFO - Processing /home/airflow/.local/lib/python3.12/site-packages/airflow/example_dags/example_python_decorator.py took 0.137 seconds
[2024-12-15T20:04:12.044+0000] {processor.py:186} INFO - Started process (PID=455) to work on /home/airflow/.local/lib/python3.12/site-packages/airflow/example_dags/example_python_decorator.py
[2024-12-15T20:04:12.048+0000] {processor.py:914} INFO - Processing file /home/airflow/.local/lib/python3.12/site-packages/airflow/example_dags/example_python_decorator.py for tasks to queue
[2024-12-15T20:04:12.062+0000] {logging_mixin.py:190} INFO - [2024-12-15T20:04:12.059+0000] {dagbag.py:588} INFO - Filling up the DagBag from /home/airflow/.local/lib/python3.12/site-packages/airflow/example_dags/example_python_decorator.py
[2024-12-15T20:04:12.128+0000] {processor.py:925} INFO - DAG(s) 'example_python_decorator' retrieved from /home/airflow/.local/lib/python3.12/site-packages/airflow/example_dags/example_python_decorator.py
[2024-12-15T20:04:12.261+0000] {logging_mixin.py:190} INFO - [2024-12-15T20:04:12.256+0000] {dag.py:3239} INFO - Sync 1 DAGs
[2024-12-15T20:04:12.328+0000] {logging_mixin.py:190} INFO - [2024-12-15T20:04:12.328+0000] {dag.py:4180} INFO - Setting next_dagrun for example_python_decorator to None, run_after=None
[2024-12-15T20:04:12.446+0000] {processor.py:208} INFO - Processing /home/airflow/.local/lib/python3.12/site-packages/airflow/example_dags/example_python_decorator.py took 0.428 seconds
[2024-12-15T20:04:47.114+0000] {processor.py:186} INFO - Started process (PID=520) to work on /home/airflow/.local/lib/python3.12/site-packages/airflow/example_dags/example_python_decorator.py
[2024-12-15T20:04:47.118+0000] {processor.py:914} INFO - Processing file /home/airflow/.local/lib/python3.12/site-packages/airflow/example_dags/example_python_decorator.py for tasks to queue
[2024-12-15T20:04:47.125+0000] {logging_mixin.py:190} INFO - [2024-12-15T20:04:47.124+0000] {dagbag.py:588} INFO - Filling up the DagBag from /home/airflow/.local/lib/python3.12/site-packages/airflow/example_dags/example_python_decorator.py
[2024-12-15T20:04:47.198+0000] {processor.py:925} INFO - DAG(s) 'example_python_decorator' retrieved from /home/airflow/.local/lib/python3.12/site-packages/airflow/example_dags/example_python_decorator.py
[2024-12-15T20:04:47.331+0000] {logging_mixin.py:190} INFO - [2024-12-15T20:04:47.330+0000] {dag.py:3239} INFO - Sync 1 DAGs
[2024-12-15T20:04:47.409+0000] {logging_mixin.py:190} INFO - [2024-12-15T20:04:47.408+0000] {dag.py:4180} INFO - Setting next_dagrun for example_python_decorator to None, run_after=None
[2024-12-15T20:04:47.634+0000] {processor.py:208} INFO - Processing /home/airflow/.local/lib/python3.12/site-packages/airflow/example_dags/example_python_decorator.py took 0.548 seconds
[2024-12-15T20:06:10.103+0000] {processor.py:186} INFO - Started process (PID=599) to work on /home/airflow/.local/lib/python3.12/site-packages/airflow/example_dags/example_python_decorator.py
[2024-12-15T20:06:10.106+0000] {processor.py:914} INFO - Processing file /home/airflow/.local/lib/python3.12/site-packages/airflow/example_dags/example_python_decorator.py for tasks to queue
[2024-12-15T20:06:10.121+0000] {logging_mixin.py:190} INFO - [2024-12-15T20:06:10.118+0000] {dagbag.py:588} INFO - Filling up the DagBag from /home/airflow/.local/lib/python3.12/site-packages/airflow/example_dags/example_python_decorator.py
[2024-12-15T20:06:10.155+0000] {processor.py:925} INFO - DAG(s) 'example_python_decorator' retrieved from /home/airflow/.local/lib/python3.12/site-packages/airflow/example_dags/example_python_decorator.py
[2024-12-15T20:06:10.238+0000] {logging_mixin.py:190} INFO - [2024-12-15T20:06:10.238+0000] {dag.py:3239} INFO - Sync 1 DAGs
[2024-12-15T20:06:10.306+0000] {logging_mixin.py:190} INFO - [2024-12-15T20:06:10.305+0000] {dag.py:4180} INFO - Setting next_dagrun for example_python_decorator to None, run_after=None
[2024-12-15T20:06:10.340+0000] {processor.py:208} INFO - Processing /home/airflow/.local/lib/python3.12/site-packages/airflow/example_dags/example_python_decorator.py took 0.266 seconds
[2024-12-15T20:06:40.534+0000] {processor.py:186} INFO - Started process (PID=665) to work on /home/airflow/.local/lib/python3.12/site-packages/airflow/example_dags/example_python_decorator.py
[2024-12-15T20:06:40.536+0000] {processor.py:914} INFO - Processing file /home/airflow/.local/lib/python3.12/site-packages/airflow/example_dags/example_python_decorator.py for tasks to queue
[2024-12-15T20:06:40.543+0000] {logging_mixin.py:190} INFO - [2024-12-15T20:06:40.541+0000] {dagbag.py:588} INFO - Filling up the DagBag from /home/airflow/.local/lib/python3.12/site-packages/airflow/example_dags/example_python_decorator.py
[2024-12-15T20:06:40.569+0000] {processor.py:925} INFO - DAG(s) 'example_python_decorator' retrieved from /home/airflow/.local/lib/python3.12/site-packages/airflow/example_dags/example_python_decorator.py
[2024-12-15T20:06:40.604+0000] {logging_mixin.py:190} INFO - [2024-12-15T20:06:40.604+0000] {dag.py:3239} INFO - Sync 1 DAGs
[2024-12-15T20:06:40.628+0000] {logging_mixin.py:190} INFO - [2024-12-15T20:06:40.627+0000] {dag.py:4180} INFO - Setting next_dagrun for example_python_decorator to None, run_after=None
[2024-12-15T20:06:40.658+0000] {processor.py:208} INFO - Processing /home/airflow/.local/lib/python3.12/site-packages/airflow/example_dags/example_python_decorator.py took 0.137 seconds
[2024-12-15T20:07:11.730+0000] {processor.py:186} INFO - Started process (PID=731) to work on /home/airflow/.local/lib/python3.12/site-packages/airflow/example_dags/example_python_decorator.py
[2024-12-15T20:07:11.739+0000] {processor.py:914} INFO - Processing file /home/airflow/.local/lib/python3.12/site-packages/airflow/example_dags/example_python_decorator.py for tasks to queue
[2024-12-15T20:07:11.743+0000] {logging_mixin.py:190} INFO - [2024-12-15T20:07:11.742+0000] {dagbag.py:588} INFO - Filling up the DagBag from /home/airflow/.local/lib/python3.12/site-packages/airflow/example_dags/example_python_decorator.py
[2024-12-15T20:07:11.779+0000] {processor.py:925} INFO - DAG(s) 'example_python_decorator' retrieved from /home/airflow/.local/lib/python3.12/site-packages/airflow/example_dags/example_python_decorator.py
[2024-12-15T20:07:11.814+0000] {logging_mixin.py:190} INFO - [2024-12-15T20:07:11.814+0000] {dag.py:3239} INFO - Sync 1 DAGs
[2024-12-15T20:07:11.839+0000] {logging_mixin.py:190} INFO - [2024-12-15T20:07:11.838+0000] {dag.py:4180} INFO - Setting next_dagrun for example_python_decorator to None, run_after=None
[2024-12-15T20:07:11.868+0000] {processor.py:208} INFO - Processing /home/airflow/.local/lib/python3.12/site-packages/airflow/example_dags/example_python_decorator.py took 0.150 seconds
[2024-12-15T20:16:33.652+0000] {processor.py:186} INFO - Started process (PID=95) to work on /home/airflow/.local/lib/python3.12/site-packages/airflow/example_dags/example_python_decorator.py
[2024-12-15T20:16:33.654+0000] {processor.py:914} INFO - Processing file /home/airflow/.local/lib/python3.12/site-packages/airflow/example_dags/example_python_decorator.py for tasks to queue
[2024-12-15T20:16:33.659+0000] {logging_mixin.py:190} INFO - [2024-12-15T20:16:33.659+0000] {dagbag.py:588} INFO - Filling up the DagBag from /home/airflow/.local/lib/python3.12/site-packages/airflow/example_dags/example_python_decorator.py
[2024-12-15T20:16:33.684+0000] {processor.py:925} INFO - DAG(s) 'example_python_decorator' retrieved from /home/airflow/.local/lib/python3.12/site-packages/airflow/example_dags/example_python_decorator.py
[2024-12-15T20:16:34.225+0000] {logging_mixin.py:190} INFO - [2024-12-15T20:16:34.224+0000] {dag.py:3239} INFO - Sync 1 DAGs
[2024-12-15T20:16:34.261+0000] {logging_mixin.py:190} INFO - [2024-12-15T20:16:34.260+0000] {dag.py:4180} INFO - Setting next_dagrun for example_python_decorator to None, run_after=None
[2024-12-15T20:16:34.310+0000] {processor.py:208} INFO - Processing /home/airflow/.local/lib/python3.12/site-packages/airflow/example_dags/example_python_decorator.py took 0.679 seconds
[2024-12-15T20:17:05.496+0000] {processor.py:186} INFO - Started process (PID=159) to work on /home/airflow/.local/lib/python3.12/site-packages/airflow/example_dags/example_python_decorator.py
[2024-12-15T20:17:05.500+0000] {processor.py:914} INFO - Processing file /home/airflow/.local/lib/python3.12/site-packages/airflow/example_dags/example_python_decorator.py for tasks to queue
[2024-12-15T20:17:05.504+0000] {logging_mixin.py:190} INFO - [2024-12-15T20:17:05.503+0000] {dagbag.py:588} INFO - Filling up the DagBag from /home/airflow/.local/lib/python3.12/site-packages/airflow/example_dags/example_python_decorator.py
[2024-12-15T20:17:05.532+0000] {processor.py:925} INFO - DAG(s) 'example_python_decorator' retrieved from /home/airflow/.local/lib/python3.12/site-packages/airflow/example_dags/example_python_decorator.py
[2024-12-15T20:17:05.568+0000] {logging_mixin.py:190} INFO - [2024-12-15T20:17:05.568+0000] {dag.py:3239} INFO - Sync 1 DAGs
[2024-12-15T20:17:05.597+0000] {logging_mixin.py:190} INFO - [2024-12-15T20:17:05.596+0000] {dag.py:4180} INFO - Setting next_dagrun for example_python_decorator to None, run_after=None
[2024-12-15T20:17:05.654+0000] {processor.py:208} INFO - Processing /home/airflow/.local/lib/python3.12/site-packages/airflow/example_dags/example_python_decorator.py took 0.169 seconds
[2024-12-15T20:17:38.798+0000] {processor.py:186} INFO - Started process (PID=223) to work on /home/airflow/.local/lib/python3.12/site-packages/airflow/example_dags/example_python_decorator.py
[2024-12-15T20:17:38.810+0000] {processor.py:914} INFO - Processing file /home/airflow/.local/lib/python3.12/site-packages/airflow/example_dags/example_python_decorator.py for tasks to queue
[2024-12-15T20:17:38.819+0000] {logging_mixin.py:190} INFO - [2024-12-15T20:17:38.819+0000] {dagbag.py:588} INFO - Filling up the DagBag from /home/airflow/.local/lib/python3.12/site-packages/airflow/example_dags/example_python_decorator.py
[2024-12-15T20:17:38.887+0000] {processor.py:925} INFO - DAG(s) 'example_python_decorator' retrieved from /home/airflow/.local/lib/python3.12/site-packages/airflow/example_dags/example_python_decorator.py
[2024-12-15T20:17:38.957+0000] {logging_mixin.py:190} INFO - [2024-12-15T20:17:38.957+0000] {dag.py:3239} INFO - Sync 1 DAGs
[2024-12-15T20:17:39.012+0000] {logging_mixin.py:190} INFO - [2024-12-15T20:17:39.012+0000] {dag.py:4180} INFO - Setting next_dagrun for example_python_decorator to None, run_after=None
[2024-12-15T20:17:39.102+0000] {processor.py:208} INFO - Processing /home/airflow/.local/lib/python3.12/site-packages/airflow/example_dags/example_python_decorator.py took 0.331 seconds
[2024-12-15T20:18:13.966+0000] {processor.py:186} INFO - Started process (PID=287) to work on /home/airflow/.local/lib/python3.12/site-packages/airflow/example_dags/example_python_decorator.py
[2024-12-15T20:18:13.970+0000] {processor.py:914} INFO - Processing file /home/airflow/.local/lib/python3.12/site-packages/airflow/example_dags/example_python_decorator.py for tasks to queue
[2024-12-15T20:18:13.977+0000] {logging_mixin.py:190} INFO - [2024-12-15T20:18:13.977+0000] {dagbag.py:588} INFO - Filling up the DagBag from /home/airflow/.local/lib/python3.12/site-packages/airflow/example_dags/example_python_decorator.py
[2024-12-15T20:18:14.014+0000] {processor.py:925} INFO - DAG(s) 'example_python_decorator' retrieved from /home/airflow/.local/lib/python3.12/site-packages/airflow/example_dags/example_python_decorator.py
[2024-12-15T20:18:14.063+0000] {logging_mixin.py:190} INFO - [2024-12-15T20:18:14.063+0000] {dag.py:3239} INFO - Sync 1 DAGs
[2024-12-15T20:18:14.085+0000] {logging_mixin.py:190} INFO - [2024-12-15T20:18:14.085+0000] {dag.py:4180} INFO - Setting next_dagrun for example_python_decorator to None, run_after=None
[2024-12-15T20:18:14.118+0000] {processor.py:208} INFO - Processing /home/airflow/.local/lib/python3.12/site-packages/airflow/example_dags/example_python_decorator.py took 0.166 seconds
[2024-12-15T20:18:58.639+0000] {processor.py:186} INFO - Started process (PID=357) to work on /home/airflow/.local/lib/python3.12/site-packages/airflow/example_dags/example_python_decorator.py
[2024-12-15T20:18:58.646+0000] {processor.py:914} INFO - Processing file /home/airflow/.local/lib/python3.12/site-packages/airflow/example_dags/example_python_decorator.py for tasks to queue
[2024-12-15T20:18:58.652+0000] {logging_mixin.py:190} INFO - [2024-12-15T20:18:58.651+0000] {dagbag.py:588} INFO - Filling up the DagBag from /home/airflow/.local/lib/python3.12/site-packages/airflow/example_dags/example_python_decorator.py
[2024-12-15T20:18:58.694+0000] {processor.py:925} INFO - DAG(s) 'example_python_decorator' retrieved from /home/airflow/.local/lib/python3.12/site-packages/airflow/example_dags/example_python_decorator.py
[2024-12-15T20:18:58.759+0000] {logging_mixin.py:190} INFO - [2024-12-15T20:18:58.759+0000] {dag.py:3239} INFO - Sync 1 DAGs
[2024-12-15T20:18:58.782+0000] {logging_mixin.py:190} INFO - [2024-12-15T20:18:58.782+0000] {dag.py:4180} INFO - Setting next_dagrun for example_python_decorator to None, run_after=None
[2024-12-15T20:18:58.816+0000] {processor.py:208} INFO - Processing /home/airflow/.local/lib/python3.12/site-packages/airflow/example_dags/example_python_decorator.py took 0.190 seconds
[2024-12-15T20:21:06.977+0000] {processor.py:186} INFO - Started process (PID=467) to work on /home/airflow/.local/lib/python3.12/site-packages/airflow/example_dags/example_python_decorator.py
[2024-12-15T20:21:06.979+0000] {processor.py:914} INFO - Processing file /home/airflow/.local/lib/python3.12/site-packages/airflow/example_dags/example_python_decorator.py for tasks to queue
[2024-12-15T20:21:06.988+0000] {logging_mixin.py:190} INFO - [2024-12-15T20:21:06.985+0000] {dagbag.py:588} INFO - Filling up the DagBag from /home/airflow/.local/lib/python3.12/site-packages/airflow/example_dags/example_python_decorator.py
[2024-12-15T20:21:07.044+0000] {processor.py:925} INFO - DAG(s) 'example_python_decorator' retrieved from /home/airflow/.local/lib/python3.12/site-packages/airflow/example_dags/example_python_decorator.py
[2024-12-15T20:21:07.109+0000] {logging_mixin.py:190} INFO - [2024-12-15T20:21:07.109+0000] {dag.py:3239} INFO - Sync 1 DAGs
[2024-12-15T20:21:07.157+0000] {logging_mixin.py:190} INFO - [2024-12-15T20:21:07.155+0000] {dag.py:4180} INFO - Setting next_dagrun for example_python_decorator to None, run_after=None
[2024-12-15T20:21:07.252+0000] {processor.py:208} INFO - Processing /home/airflow/.local/lib/python3.12/site-packages/airflow/example_dags/example_python_decorator.py took 0.295 seconds
[2024-12-15T20:21:37.732+0000] {processor.py:186} INFO - Started process (PID=531) to work on /home/airflow/.local/lib/python3.12/site-packages/airflow/example_dags/example_python_decorator.py
[2024-12-15T20:21:37.735+0000] {processor.py:914} INFO - Processing file /home/airflow/.local/lib/python3.12/site-packages/airflow/example_dags/example_python_decorator.py for tasks to queue
[2024-12-15T20:21:37.739+0000] {logging_mixin.py:190} INFO - [2024-12-15T20:21:37.739+0000] {dagbag.py:588} INFO - Filling up the DagBag from /home/airflow/.local/lib/python3.12/site-packages/airflow/example_dags/example_python_decorator.py
[2024-12-15T20:21:37.764+0000] {processor.py:925} INFO - DAG(s) 'example_python_decorator' retrieved from /home/airflow/.local/lib/python3.12/site-packages/airflow/example_dags/example_python_decorator.py
[2024-12-15T20:21:37.791+0000] {logging_mixin.py:190} INFO - [2024-12-15T20:21:37.790+0000] {dag.py:3239} INFO - Sync 1 DAGs
[2024-12-15T20:21:37.817+0000] {logging_mixin.py:190} INFO - [2024-12-15T20:21:37.817+0000] {dag.py:4180} INFO - Setting next_dagrun for example_python_decorator to None, run_after=None
[2024-12-15T20:21:37.852+0000] {processor.py:208} INFO - Processing /home/airflow/.local/lib/python3.12/site-packages/airflow/example_dags/example_python_decorator.py took 0.130 seconds
[2024-12-15T20:22:09.770+0000] {processor.py:186} INFO - Started process (PID=597) to work on /home/airflow/.local/lib/python3.12/site-packages/airflow/example_dags/example_python_decorator.py
[2024-12-15T20:22:09.777+0000] {processor.py:914} INFO - Processing file /home/airflow/.local/lib/python3.12/site-packages/airflow/example_dags/example_python_decorator.py for tasks to queue
[2024-12-15T20:22:09.782+0000] {logging_mixin.py:190} INFO - [2024-12-15T20:22:09.781+0000] {dagbag.py:588} INFO - Filling up the DagBag from /home/airflow/.local/lib/python3.12/site-packages/airflow/example_dags/example_python_decorator.py
[2024-12-15T20:22:09.839+0000] {processor.py:925} INFO - DAG(s) 'example_python_decorator' retrieved from /home/airflow/.local/lib/python3.12/site-packages/airflow/example_dags/example_python_decorator.py
[2024-12-15T20:22:09.902+0000] {logging_mixin.py:190} INFO - [2024-12-15T20:22:09.902+0000] {dag.py:3239} INFO - Sync 1 DAGs
[2024-12-15T20:22:09.928+0000] {logging_mixin.py:190} INFO - [2024-12-15T20:22:09.927+0000] {dag.py:4180} INFO - Setting next_dagrun for example_python_decorator to None, run_after=None
[2024-12-15T20:22:09.961+0000] {processor.py:208} INFO - Processing /home/airflow/.local/lib/python3.12/site-packages/airflow/example_dags/example_python_decorator.py took 0.235 seconds
[2024-12-15T20:22:40.626+0000] {processor.py:186} INFO - Started process (PID=670) to work on /home/airflow/.local/lib/python3.12/site-packages/airflow/example_dags/example_python_decorator.py
[2024-12-15T20:22:40.628+0000] {processor.py:914} INFO - Processing file /home/airflow/.local/lib/python3.12/site-packages/airflow/example_dags/example_python_decorator.py for tasks to queue
[2024-12-15T20:22:40.630+0000] {logging_mixin.py:190} INFO - [2024-12-15T20:22:40.630+0000] {dagbag.py:588} INFO - Filling up the DagBag from /home/airflow/.local/lib/python3.12/site-packages/airflow/example_dags/example_python_decorator.py
[2024-12-15T20:22:40.654+0000] {processor.py:925} INFO - DAG(s) 'example_python_decorator' retrieved from /home/airflow/.local/lib/python3.12/site-packages/airflow/example_dags/example_python_decorator.py
[2024-12-15T20:22:40.687+0000] {logging_mixin.py:190} INFO - [2024-12-15T20:22:40.687+0000] {dag.py:3239} INFO - Sync 1 DAGs
[2024-12-15T20:22:40.710+0000] {logging_mixin.py:190} INFO - [2024-12-15T20:22:40.710+0000] {dag.py:4180} INFO - Setting next_dagrun for example_python_decorator to None, run_after=None
[2024-12-15T20:22:40.733+0000] {processor.py:208} INFO - Processing /home/airflow/.local/lib/python3.12/site-packages/airflow/example_dags/example_python_decorator.py took 0.117 seconds
[2024-12-15T20:23:11.569+0000] {processor.py:186} INFO - Started process (PID=734) to work on /home/airflow/.local/lib/python3.12/site-packages/airflow/example_dags/example_python_decorator.py
[2024-12-15T20:23:11.584+0000] {processor.py:914} INFO - Processing file /home/airflow/.local/lib/python3.12/site-packages/airflow/example_dags/example_python_decorator.py for tasks to queue
[2024-12-15T20:23:11.589+0000] {logging_mixin.py:190} INFO - [2024-12-15T20:23:11.588+0000] {dagbag.py:588} INFO - Filling up the DagBag from /home/airflow/.local/lib/python3.12/site-packages/airflow/example_dags/example_python_decorator.py
[2024-12-15T20:23:11.622+0000] {processor.py:925} INFO - DAG(s) 'example_python_decorator' retrieved from /home/airflow/.local/lib/python3.12/site-packages/airflow/example_dags/example_python_decorator.py
[2024-12-15T20:23:11.655+0000] {logging_mixin.py:190} INFO - [2024-12-15T20:23:11.654+0000] {dag.py:3239} INFO - Sync 1 DAGs
[2024-12-15T20:23:11.698+0000] {logging_mixin.py:190} INFO - [2024-12-15T20:23:11.698+0000] {dag.py:4180} INFO - Setting next_dagrun for example_python_decorator to None, run_after=None
[2024-12-15T20:23:12.212+0000] {processor.py:208} INFO - Processing /home/airflow/.local/lib/python3.12/site-packages/airflow/example_dags/example_python_decorator.py took 0.657 seconds
[2024-12-15T20:23:43.110+0000] {processor.py:186} INFO - Started process (PID=799) to work on /home/airflow/.local/lib/python3.12/site-packages/airflow/example_dags/example_python_decorator.py
[2024-12-15T20:23:43.112+0000] {processor.py:914} INFO - Processing file /home/airflow/.local/lib/python3.12/site-packages/airflow/example_dags/example_python_decorator.py for tasks to queue
[2024-12-15T20:23:43.114+0000] {logging_mixin.py:190} INFO - [2024-12-15T20:23:43.114+0000] {dagbag.py:588} INFO - Filling up the DagBag from /home/airflow/.local/lib/python3.12/site-packages/airflow/example_dags/example_python_decorator.py
[2024-12-15T20:23:43.133+0000] {processor.py:925} INFO - DAG(s) 'example_python_decorator' retrieved from /home/airflow/.local/lib/python3.12/site-packages/airflow/example_dags/example_python_decorator.py
[2024-12-15T20:23:43.161+0000] {logging_mixin.py:190} INFO - [2024-12-15T20:23:43.160+0000] {dag.py:3239} INFO - Sync 1 DAGs
[2024-12-15T20:23:43.179+0000] {logging_mixin.py:190} INFO - [2024-12-15T20:23:43.178+0000] {dag.py:4180} INFO - Setting next_dagrun for example_python_decorator to None, run_after=None
[2024-12-15T20:23:43.202+0000] {processor.py:208} INFO - Processing /home/airflow/.local/lib/python3.12/site-packages/airflow/example_dags/example_python_decorator.py took 0.101 seconds
[2024-12-15T20:29:18.979+0000] {processor.py:186} INFO - Started process (PID=900) to work on /home/airflow/.local/lib/python3.12/site-packages/airflow/example_dags/example_python_decorator.py
[2024-12-15T20:29:18.994+0000] {processor.py:914} INFO - Processing file /home/airflow/.local/lib/python3.12/site-packages/airflow/example_dags/example_python_decorator.py for tasks to queue
[2024-12-15T20:29:19.008+0000] {logging_mixin.py:190} INFO - [2024-12-15T20:29:19.007+0000] {dagbag.py:588} INFO - Filling up the DagBag from /home/airflow/.local/lib/python3.12/site-packages/airflow/example_dags/example_python_decorator.py
[2024-12-15T20:29:19.139+0000] {processor.py:925} INFO - DAG(s) 'example_python_decorator' retrieved from /home/airflow/.local/lib/python3.12/site-packages/airflow/example_dags/example_python_decorator.py
[2024-12-15T20:29:19.396+0000] {logging_mixin.py:190} INFO - [2024-12-15T20:29:19.394+0000] {dag.py:3239} INFO - Sync 1 DAGs
[2024-12-15T20:29:19.532+0000] {logging_mixin.py:190} INFO - [2024-12-15T20:29:19.532+0000] {dag.py:4180} INFO - Setting next_dagrun for example_python_decorator to None, run_after=None
[2024-12-15T20:29:19.651+0000] {processor.py:208} INFO - Processing /home/airflow/.local/lib/python3.12/site-packages/airflow/example_dags/example_python_decorator.py took 0.713 seconds
[2024-12-15T20:30:35.565+0000] {processor.py:186} INFO - Started process (PID=978) to work on /home/airflow/.local/lib/python3.12/site-packages/airflow/example_dags/example_python_decorator.py
[2024-12-15T20:30:35.570+0000] {processor.py:914} INFO - Processing file /home/airflow/.local/lib/python3.12/site-packages/airflow/example_dags/example_python_decorator.py for tasks to queue
[2024-12-15T20:30:35.574+0000] {logging_mixin.py:190} INFO - [2024-12-15T20:30:35.573+0000] {dagbag.py:588} INFO - Filling up the DagBag from /home/airflow/.local/lib/python3.12/site-packages/airflow/example_dags/example_python_decorator.py
[2024-12-15T20:30:35.624+0000] {processor.py:925} INFO - DAG(s) 'example_python_decorator' retrieved from /home/airflow/.local/lib/python3.12/site-packages/airflow/example_dags/example_python_decorator.py
[2024-12-15T20:30:35.693+0000] {logging_mixin.py:190} INFO - [2024-12-15T20:30:35.693+0000] {dag.py:3239} INFO - Sync 1 DAGs
[2024-12-15T20:30:35.723+0000] {logging_mixin.py:190} INFO - [2024-12-15T20:30:35.723+0000] {dag.py:4180} INFO - Setting next_dagrun for example_python_decorator to None, run_after=None
[2024-12-15T20:30:35.769+0000] {processor.py:208} INFO - Processing /home/airflow/.local/lib/python3.12/site-packages/airflow/example_dags/example_python_decorator.py took 0.220 seconds
[2024-12-15T20:31:06.350+0000] {processor.py:186} INFO - Started process (PID=1043) to work on /home/airflow/.local/lib/python3.12/site-packages/airflow/example_dags/example_python_decorator.py
[2024-12-15T20:31:06.361+0000] {processor.py:914} INFO - Processing file /home/airflow/.local/lib/python3.12/site-packages/airflow/example_dags/example_python_decorator.py for tasks to queue
[2024-12-15T20:31:06.363+0000] {logging_mixin.py:190} INFO - [2024-12-15T20:31:06.363+0000] {dagbag.py:588} INFO - Filling up the DagBag from /home/airflow/.local/lib/python3.12/site-packages/airflow/example_dags/example_python_decorator.py
[2024-12-15T20:31:06.426+0000] {processor.py:925} INFO - DAG(s) 'example_python_decorator' retrieved from /home/airflow/.local/lib/python3.12/site-packages/airflow/example_dags/example_python_decorator.py
[2024-12-15T20:31:06.483+0000] {logging_mixin.py:190} INFO - [2024-12-15T20:31:06.483+0000] {dag.py:3239} INFO - Sync 1 DAGs
[2024-12-15T20:31:06.525+0000] {logging_mixin.py:190} INFO - [2024-12-15T20:31:06.525+0000] {dag.py:4180} INFO - Setting next_dagrun for example_python_decorator to None, run_after=None
[2024-12-15T20:31:06.571+0000] {processor.py:208} INFO - Processing /home/airflow/.local/lib/python3.12/site-packages/airflow/example_dags/example_python_decorator.py took 0.257 seconds
[2024-12-15T20:31:38.037+0000] {processor.py:186} INFO - Started process (PID=1108) to work on /home/airflow/.local/lib/python3.12/site-packages/airflow/example_dags/example_python_decorator.py
[2024-12-15T20:31:38.045+0000] {processor.py:914} INFO - Processing file /home/airflow/.local/lib/python3.12/site-packages/airflow/example_dags/example_python_decorator.py for tasks to queue
[2024-12-15T20:31:38.048+0000] {logging_mixin.py:190} INFO - [2024-12-15T20:31:38.047+0000] {dagbag.py:588} INFO - Filling up the DagBag from /home/airflow/.local/lib/python3.12/site-packages/airflow/example_dags/example_python_decorator.py
[2024-12-15T20:31:38.147+0000] {processor.py:925} INFO - DAG(s) 'example_python_decorator' retrieved from /home/airflow/.local/lib/python3.12/site-packages/airflow/example_dags/example_python_decorator.py
[2024-12-15T20:31:38.359+0000] {logging_mixin.py:190} INFO - [2024-12-15T20:31:38.346+0000] {dag.py:3239} INFO - Sync 1 DAGs
[2024-12-15T20:31:38.415+0000] {logging_mixin.py:190} INFO - [2024-12-15T20:31:38.415+0000] {dag.py:4180} INFO - Setting next_dagrun for example_python_decorator to None, run_after=None
[2024-12-15T20:31:38.490+0000] {processor.py:208} INFO - Processing /home/airflow/.local/lib/python3.12/site-packages/airflow/example_dags/example_python_decorator.py took 0.495 seconds
[2024-12-15T20:33:13.825+0000] {processor.py:186} INFO - Started process (PID=1159) to work on /home/airflow/.local/lib/python3.12/site-packages/airflow/example_dags/example_python_decorator.py
[2024-12-15T20:33:13.830+0000] {processor.py:914} INFO - Processing file /home/airflow/.local/lib/python3.12/site-packages/airflow/example_dags/example_python_decorator.py for tasks to queue
[2024-12-15T20:33:13.835+0000] {logging_mixin.py:190} INFO - [2024-12-15T20:33:13.834+0000] {dagbag.py:588} INFO - Filling up the DagBag from /home/airflow/.local/lib/python3.12/site-packages/airflow/example_dags/example_python_decorator.py
[2024-12-15T20:33:13.900+0000] {processor.py:925} INFO - DAG(s) 'example_python_decorator' retrieved from /home/airflow/.local/lib/python3.12/site-packages/airflow/example_dags/example_python_decorator.py
[2024-12-15T20:33:14.011+0000] {logging_mixin.py:190} INFO - [2024-12-15T20:33:14.009+0000] {dag.py:3239} INFO - Sync 1 DAGs
[2024-12-15T20:33:14.065+0000] {logging_mixin.py:190} INFO - [2024-12-15T20:33:14.065+0000] {dag.py:4180} INFO - Setting next_dagrun for example_python_decorator to None, run_after=None
[2024-12-15T20:33:14.131+0000] {processor.py:208} INFO - Processing /home/airflow/.local/lib/python3.12/site-packages/airflow/example_dags/example_python_decorator.py took 0.336 seconds
[2024-12-15T20:33:45.080+0000] {processor.py:186} INFO - Started process (PID=1232) to work on /home/airflow/.local/lib/python3.12/site-packages/airflow/example_dags/example_python_decorator.py
[2024-12-15T20:33:45.082+0000] {processor.py:914} INFO - Processing file /home/airflow/.local/lib/python3.12/site-packages/airflow/example_dags/example_python_decorator.py for tasks to queue
[2024-12-15T20:33:45.086+0000] {logging_mixin.py:190} INFO - [2024-12-15T20:33:45.085+0000] {dagbag.py:588} INFO - Filling up the DagBag from /home/airflow/.local/lib/python3.12/site-packages/airflow/example_dags/example_python_decorator.py
[2024-12-15T20:33:45.118+0000] {processor.py:925} INFO - DAG(s) 'example_python_decorator' retrieved from /home/airflow/.local/lib/python3.12/site-packages/airflow/example_dags/example_python_decorator.py
[2024-12-15T20:33:45.153+0000] {logging_mixin.py:190} INFO - [2024-12-15T20:33:45.153+0000] {dag.py:3239} INFO - Sync 1 DAGs
[2024-12-15T20:33:45.179+0000] {logging_mixin.py:190} INFO - [2024-12-15T20:33:45.179+0000] {dag.py:4180} INFO - Setting next_dagrun for example_python_decorator to None, run_after=None
[2024-12-15T20:33:45.205+0000] {processor.py:208} INFO - Processing /home/airflow/.local/lib/python3.12/site-packages/airflow/example_dags/example_python_decorator.py took 0.142 seconds
[2024-12-15T20:34:17.178+0000] {processor.py:186} INFO - Started process (PID=1298) to work on /home/airflow/.local/lib/python3.12/site-packages/airflow/example_dags/example_python_decorator.py
[2024-12-15T20:34:17.184+0000] {processor.py:914} INFO - Processing file /home/airflow/.local/lib/python3.12/site-packages/airflow/example_dags/example_python_decorator.py for tasks to queue
[2024-12-15T20:34:17.212+0000] {logging_mixin.py:190} INFO - [2024-12-15T20:34:17.211+0000] {dagbag.py:588} INFO - Filling up the DagBag from /home/airflow/.local/lib/python3.12/site-packages/airflow/example_dags/example_python_decorator.py
[2024-12-15T20:34:17.474+0000] {processor.py:925} INFO - DAG(s) 'example_python_decorator' retrieved from /home/airflow/.local/lib/python3.12/site-packages/airflow/example_dags/example_python_decorator.py
[2024-12-15T20:34:17.628+0000] {logging_mixin.py:190} INFO - [2024-12-15T20:34:17.621+0000] {dag.py:3239} INFO - Sync 1 DAGs
[2024-12-15T20:34:17.749+0000] {logging_mixin.py:190} INFO - [2024-12-15T20:34:17.748+0000] {dag.py:4180} INFO - Setting next_dagrun for example_python_decorator to None, run_after=None
[2024-12-15T20:34:17.846+0000] {processor.py:208} INFO - Processing /home/airflow/.local/lib/python3.12/site-packages/airflow/example_dags/example_python_decorator.py took 0.771 seconds
[2024-12-15T20:34:48.710+0000] {processor.py:186} INFO - Started process (PID=1362) to work on /home/airflow/.local/lib/python3.12/site-packages/airflow/example_dags/example_python_decorator.py
[2024-12-15T20:34:48.714+0000] {processor.py:914} INFO - Processing file /home/airflow/.local/lib/python3.12/site-packages/airflow/example_dags/example_python_decorator.py for tasks to queue
[2024-12-15T20:34:48.718+0000] {logging_mixin.py:190} INFO - [2024-12-15T20:34:48.717+0000] {dagbag.py:588} INFO - Filling up the DagBag from /home/airflow/.local/lib/python3.12/site-packages/airflow/example_dags/example_python_decorator.py
[2024-12-15T20:34:48.745+0000] {processor.py:925} INFO - DAG(s) 'example_python_decorator' retrieved from /home/airflow/.local/lib/python3.12/site-packages/airflow/example_dags/example_python_decorator.py
[2024-12-15T20:34:48.799+0000] {logging_mixin.py:190} INFO - [2024-12-15T20:34:48.798+0000] {dag.py:3239} INFO - Sync 1 DAGs
[2024-12-15T20:34:48.832+0000] {logging_mixin.py:190} INFO - [2024-12-15T20:34:48.831+0000] {dag.py:4180} INFO - Setting next_dagrun for example_python_decorator to None, run_after=None
[2024-12-15T20:34:48.874+0000] {processor.py:208} INFO - Processing /home/airflow/.local/lib/python3.12/site-packages/airflow/example_dags/example_python_decorator.py took 0.180 seconds
[2024-12-15T20:35:18.962+0000] {processor.py:186} INFO - Started process (PID=1427) to work on /home/airflow/.local/lib/python3.12/site-packages/airflow/example_dags/example_python_decorator.py
[2024-12-15T20:35:18.965+0000] {processor.py:914} INFO - Processing file /home/airflow/.local/lib/python3.12/site-packages/airflow/example_dags/example_python_decorator.py for tasks to queue
[2024-12-15T20:35:18.970+0000] {logging_mixin.py:190} INFO - [2024-12-15T20:35:18.969+0000] {dagbag.py:588} INFO - Filling up the DagBag from /home/airflow/.local/lib/python3.12/site-packages/airflow/example_dags/example_python_decorator.py
[2024-12-15T20:35:18.998+0000] {processor.py:925} INFO - DAG(s) 'example_python_decorator' retrieved from /home/airflow/.local/lib/python3.12/site-packages/airflow/example_dags/example_python_decorator.py
[2024-12-15T20:35:19.035+0000] {logging_mixin.py:190} INFO - [2024-12-15T20:35:19.035+0000] {dag.py:3239} INFO - Sync 1 DAGs
[2024-12-15T20:35:19.061+0000] {logging_mixin.py:190} INFO - [2024-12-15T20:35:19.061+0000] {dag.py:4180} INFO - Setting next_dagrun for example_python_decorator to None, run_after=None
[2024-12-15T20:35:19.130+0000] {processor.py:208} INFO - Processing /home/airflow/.local/lib/python3.12/site-packages/airflow/example_dags/example_python_decorator.py took 0.183 seconds
[2024-12-15T20:35:58.473+0000] {processor.py:186} INFO - Started process (PID=1491) to work on /home/airflow/.local/lib/python3.12/site-packages/airflow/example_dags/example_python_decorator.py
[2024-12-15T20:35:58.476+0000] {processor.py:914} INFO - Processing file /home/airflow/.local/lib/python3.12/site-packages/airflow/example_dags/example_python_decorator.py for tasks to queue
[2024-12-15T20:35:58.479+0000] {logging_mixin.py:190} INFO - [2024-12-15T20:35:58.479+0000] {dagbag.py:588} INFO - Filling up the DagBag from /home/airflow/.local/lib/python3.12/site-packages/airflow/example_dags/example_python_decorator.py
[2024-12-15T20:35:58.520+0000] {processor.py:925} INFO - DAG(s) 'example_python_decorator' retrieved from /home/airflow/.local/lib/python3.12/site-packages/airflow/example_dags/example_python_decorator.py
[2024-12-15T20:35:58.581+0000] {logging_mixin.py:190} INFO - [2024-12-15T20:35:58.581+0000] {dag.py:3239} INFO - Sync 1 DAGs
[2024-12-15T20:35:58.615+0000] {logging_mixin.py:190} INFO - [2024-12-15T20:35:58.615+0000] {dag.py:4180} INFO - Setting next_dagrun for example_python_decorator to None, run_after=None
[2024-12-15T20:35:58.645+0000] {processor.py:208} INFO - Processing /home/airflow/.local/lib/python3.12/site-packages/airflow/example_dags/example_python_decorator.py took 0.186 seconds
[2024-12-15T20:36:29.665+0000] {processor.py:186} INFO - Started process (PID=1557) to work on /home/airflow/.local/lib/python3.12/site-packages/airflow/example_dags/example_python_decorator.py
[2024-12-15T20:36:29.666+0000] {processor.py:914} INFO - Processing file /home/airflow/.local/lib/python3.12/site-packages/airflow/example_dags/example_python_decorator.py for tasks to queue
[2024-12-15T20:36:29.669+0000] {logging_mixin.py:190} INFO - [2024-12-15T20:36:29.668+0000] {dagbag.py:588} INFO - Filling up the DagBag from /home/airflow/.local/lib/python3.12/site-packages/airflow/example_dags/example_python_decorator.py
[2024-12-15T20:36:29.694+0000] {processor.py:925} INFO - DAG(s) 'example_python_decorator' retrieved from /home/airflow/.local/lib/python3.12/site-packages/airflow/example_dags/example_python_decorator.py
[2024-12-15T20:36:29.727+0000] {logging_mixin.py:190} INFO - [2024-12-15T20:36:29.727+0000] {dag.py:3239} INFO - Sync 1 DAGs
[2024-12-15T20:36:29.748+0000] {logging_mixin.py:190} INFO - [2024-12-15T20:36:29.747+0000] {dag.py:4180} INFO - Setting next_dagrun for example_python_decorator to None, run_after=None
[2024-12-15T20:36:29.772+0000] {processor.py:208} INFO - Processing /home/airflow/.local/lib/python3.12/site-packages/airflow/example_dags/example_python_decorator.py took 0.117 seconds
[2024-12-15T20:37:03.310+0000] {processor.py:186} INFO - Started process (PID=1627) to work on /home/airflow/.local/lib/python3.12/site-packages/airflow/example_dags/example_python_decorator.py
[2024-12-15T20:37:03.313+0000] {processor.py:914} INFO - Processing file /home/airflow/.local/lib/python3.12/site-packages/airflow/example_dags/example_python_decorator.py for tasks to queue
[2024-12-15T20:37:03.316+0000] {logging_mixin.py:190} INFO - [2024-12-15T20:37:03.316+0000] {dagbag.py:588} INFO - Filling up the DagBag from /home/airflow/.local/lib/python3.12/site-packages/airflow/example_dags/example_python_decorator.py
[2024-12-15T20:37:03.340+0000] {processor.py:925} INFO - DAG(s) 'example_python_decorator' retrieved from /home/airflow/.local/lib/python3.12/site-packages/airflow/example_dags/example_python_decorator.py
[2024-12-15T20:37:03.401+0000] {logging_mixin.py:190} INFO - [2024-12-15T20:37:03.401+0000] {dag.py:3239} INFO - Sync 1 DAGs
[2024-12-15T20:37:03.427+0000] {logging_mixin.py:190} INFO - [2024-12-15T20:37:03.427+0000] {dag.py:4180} INFO - Setting next_dagrun for example_python_decorator to None, run_after=None
[2024-12-15T20:37:03.455+0000] {processor.py:208} INFO - Processing /home/airflow/.local/lib/python3.12/site-packages/airflow/example_dags/example_python_decorator.py took 0.157 seconds
[2024-12-15T20:37:37.973+0000] {processor.py:186} INFO - Started process (PID=1692) to work on /home/airflow/.local/lib/python3.12/site-packages/airflow/example_dags/example_python_decorator.py
[2024-12-15T20:37:37.975+0000] {processor.py:914} INFO - Processing file /home/airflow/.local/lib/python3.12/site-packages/airflow/example_dags/example_python_decorator.py for tasks to queue
[2024-12-15T20:37:37.978+0000] {logging_mixin.py:190} INFO - [2024-12-15T20:37:37.977+0000] {dagbag.py:588} INFO - Filling up the DagBag from /home/airflow/.local/lib/python3.12/site-packages/airflow/example_dags/example_python_decorator.py
[2024-12-15T20:37:38.004+0000] {processor.py:925} INFO - DAG(s) 'example_python_decorator' retrieved from /home/airflow/.local/lib/python3.12/site-packages/airflow/example_dags/example_python_decorator.py
[2024-12-15T20:37:38.069+0000] {logging_mixin.py:190} INFO - [2024-12-15T20:37:38.068+0000] {dag.py:3239} INFO - Sync 1 DAGs
[2024-12-15T20:37:38.096+0000] {logging_mixin.py:190} INFO - [2024-12-15T20:37:38.096+0000] {dag.py:4180} INFO - Setting next_dagrun for example_python_decorator to None, run_after=None
[2024-12-15T20:37:38.143+0000] {processor.py:208} INFO - Processing /home/airflow/.local/lib/python3.12/site-packages/airflow/example_dags/example_python_decorator.py took 0.178 seconds
[2024-12-15T20:38:21.239+0000] {processor.py:186} INFO - Started process (PID=1761) to work on /home/airflow/.local/lib/python3.12/site-packages/airflow/example_dags/example_python_decorator.py
[2024-12-15T20:38:21.241+0000] {processor.py:914} INFO - Processing file /home/airflow/.local/lib/python3.12/site-packages/airflow/example_dags/example_python_decorator.py for tasks to queue
[2024-12-15T20:38:21.245+0000] {logging_mixin.py:190} INFO - [2024-12-15T20:38:21.244+0000] {dagbag.py:588} INFO - Filling up the DagBag from /home/airflow/.local/lib/python3.12/site-packages/airflow/example_dags/example_python_decorator.py
[2024-12-15T20:38:21.273+0000] {processor.py:925} INFO - DAG(s) 'example_python_decorator' retrieved from /home/airflow/.local/lib/python3.12/site-packages/airflow/example_dags/example_python_decorator.py
[2024-12-15T20:38:21.315+0000] {logging_mixin.py:190} INFO - [2024-12-15T20:38:21.313+0000] {dag.py:3239} INFO - Sync 1 DAGs
[2024-12-15T20:38:21.339+0000] {logging_mixin.py:190} INFO - [2024-12-15T20:38:21.339+0000] {dag.py:4180} INFO - Setting next_dagrun for example_python_decorator to None, run_after=None
[2024-12-15T20:38:21.373+0000] {processor.py:208} INFO - Processing /home/airflow/.local/lib/python3.12/site-packages/airflow/example_dags/example_python_decorator.py took 0.142 seconds
[2024-12-15T20:41:13.787+0000] {processor.py:186} INFO - Started process (PID=1848) to work on /home/airflow/.local/lib/python3.12/site-packages/airflow/example_dags/example_python_decorator.py
[2024-12-15T20:41:13.790+0000] {processor.py:914} INFO - Processing file /home/airflow/.local/lib/python3.12/site-packages/airflow/example_dags/example_python_decorator.py for tasks to queue
[2024-12-15T20:41:13.799+0000] {logging_mixin.py:190} INFO - [2024-12-15T20:41:13.796+0000] {dagbag.py:588} INFO - Filling up the DagBag from /home/airflow/.local/lib/python3.12/site-packages/airflow/example_dags/example_python_decorator.py
[2024-12-15T20:41:13.887+0000] {processor.py:925} INFO - DAG(s) 'example_python_decorator' retrieved from /home/airflow/.local/lib/python3.12/site-packages/airflow/example_dags/example_python_decorator.py
[2024-12-15T20:41:13.984+0000] {logging_mixin.py:190} INFO - [2024-12-15T20:41:13.983+0000] {dag.py:3239} INFO - Sync 1 DAGs
[2024-12-15T20:41:14.044+0000] {logging_mixin.py:190} INFO - [2024-12-15T20:41:14.044+0000] {dag.py:4180} INFO - Setting next_dagrun for example_python_decorator to None, run_after=None
[2024-12-15T20:41:14.115+0000] {processor.py:208} INFO - Processing /home/airflow/.local/lib/python3.12/site-packages/airflow/example_dags/example_python_decorator.py took 0.379 seconds
[2024-12-15T20:41:44.671+0000] {processor.py:186} INFO - Started process (PID=1914) to work on /home/airflow/.local/lib/python3.12/site-packages/airflow/example_dags/example_python_decorator.py
[2024-12-15T20:41:44.673+0000] {processor.py:914} INFO - Processing file /home/airflow/.local/lib/python3.12/site-packages/airflow/example_dags/example_python_decorator.py for tasks to queue
[2024-12-15T20:41:44.678+0000] {logging_mixin.py:190} INFO - [2024-12-15T20:41:44.678+0000] {dagbag.py:588} INFO - Filling up the DagBag from /home/airflow/.local/lib/python3.12/site-packages/airflow/example_dags/example_python_decorator.py
[2024-12-15T20:41:44.706+0000] {processor.py:925} INFO - DAG(s) 'example_python_decorator' retrieved from /home/airflow/.local/lib/python3.12/site-packages/airflow/example_dags/example_python_decorator.py
[2024-12-15T20:41:44.744+0000] {logging_mixin.py:190} INFO - [2024-12-15T20:41:44.743+0000] {dag.py:3239} INFO - Sync 1 DAGs
[2024-12-15T20:41:44.763+0000] {logging_mixin.py:190} INFO - [2024-12-15T20:41:44.762+0000] {dag.py:4180} INFO - Setting next_dagrun for example_python_decorator to None, run_after=None
[2024-12-15T20:41:44.783+0000] {processor.py:208} INFO - Processing /home/airflow/.local/lib/python3.12/site-packages/airflow/example_dags/example_python_decorator.py took 0.121 seconds
[2024-12-15T20:42:15.389+0000] {processor.py:186} INFO - Started process (PID=1978) to work on /home/airflow/.local/lib/python3.12/site-packages/airflow/example_dags/example_python_decorator.py
[2024-12-15T20:42:15.405+0000] {processor.py:914} INFO - Processing file /home/airflow/.local/lib/python3.12/site-packages/airflow/example_dags/example_python_decorator.py for tasks to queue
[2024-12-15T20:42:15.412+0000] {logging_mixin.py:190} INFO - [2024-12-15T20:42:15.411+0000] {dagbag.py:588} INFO - Filling up the DagBag from /home/airflow/.local/lib/python3.12/site-packages/airflow/example_dags/example_python_decorator.py
[2024-12-15T20:42:15.444+0000] {processor.py:925} INFO - DAG(s) 'example_python_decorator' retrieved from /home/airflow/.local/lib/python3.12/site-packages/airflow/example_dags/example_python_decorator.py
[2024-12-15T20:42:15.498+0000] {logging_mixin.py:190} INFO - [2024-12-15T20:42:15.497+0000] {dag.py:3239} INFO - Sync 1 DAGs
[2024-12-15T20:42:15.540+0000] {logging_mixin.py:190} INFO - [2024-12-15T20:42:15.540+0000] {dag.py:4180} INFO - Setting next_dagrun for example_python_decorator to None, run_after=None
[2024-12-15T20:42:15.579+0000] {processor.py:208} INFO - Processing /home/airflow/.local/lib/python3.12/site-packages/airflow/example_dags/example_python_decorator.py took 0.203 seconds
