[2024-12-15T19:40:40.839+0000] {processor.py:186} INFO - Started process (PID=66) to work on /home/airflow/.local/lib/python3.12/site-packages/airflow/example_dags/example_setup_teardown.py
[2024-12-15T19:40:40.843+0000] {processor.py:914} INFO - Processing file /home/airflow/.local/lib/python3.12/site-packages/airflow/example_dags/example_setup_teardown.py for tasks to queue
[2024-12-15T19:40:40.925+0000] {logging_mixin.py:190} INFO - [2024-12-15T19:40:40.873+0000] {dagbag.py:588} INFO - Filling up the DagBag from /home/airflow/.local/lib/python3.12/site-packages/airflow/example_dags/example_setup_teardown.py
[2024-12-15T19:40:42.136+0000] {processor.py:925} INFO - DAG(s) 'example_setup_teardown' retrieved from /home/airflow/.local/lib/python3.12/site-packages/airflow/example_dags/example_setup_teardown.py
[2024-12-15T19:40:44.320+0000] {logging_mixin.py:190} INFO - [2024-12-15T19:40:44.319+0000] {override.py:1911} INFO - Created Permission View: can delete on DAG:example_setup_teardown
[2024-12-15T19:40:44.344+0000] {logging_mixin.py:190} INFO - [2024-12-15T19:40:44.343+0000] {override.py:1911} INFO - Created Permission View: can read on DAG:example_setup_teardown
[2024-12-15T19:40:44.367+0000] {logging_mixin.py:190} INFO - [2024-12-15T19:40:44.366+0000] {override.py:1911} INFO - Created Permission View: can edit on DAG:example_setup_teardown
[2024-12-15T19:40:44.389+0000] {logging_mixin.py:190} INFO - [2024-12-15T19:40:44.389+0000] {override.py:1911} INFO - Created Permission View: menu access on DAG Run:example_setup_teardown
[2024-12-15T19:40:44.421+0000] {logging_mixin.py:190} INFO - [2024-12-15T19:40:44.421+0000] {override.py:1911} INFO - Created Permission View: can delete on DAG Run:example_setup_teardown
[2024-12-15T19:40:44.478+0000] {logging_mixin.py:190} INFO - [2024-12-15T19:40:44.477+0000] {override.py:1911} INFO - Created Permission View: can create on DAG Run:example_setup_teardown
[2024-12-15T19:40:44.499+0000] {logging_mixin.py:190} INFO - [2024-12-15T19:40:44.499+0000] {override.py:1911} INFO - Created Permission View: can read on DAG Run:example_setup_teardown
[2024-12-15T19:40:44.500+0000] {logging_mixin.py:190} INFO - [2024-12-15T19:40:44.500+0000] {dag.py:3239} INFO - Sync 1 DAGs
[2024-12-15T19:40:44.532+0000] {logging_mixin.py:190} INFO - [2024-12-15T19:40:44.532+0000] {dag.py:3262} INFO - Creating ORM DAG for example_setup_teardown
[2024-12-15T19:40:44.534+0000] {logging_mixin.py:190} INFO - [2024-12-15T19:40:44.533+0000] {dag.py:4180} INFO - Setting next_dagrun for example_setup_teardown to None, run_after=None
[2024-12-15T19:40:44.572+0000] {processor.py:208} INFO - Processing /home/airflow/.local/lib/python3.12/site-packages/airflow/example_dags/example_setup_teardown.py took 3.945 seconds
[2024-12-15T19:41:14.869+0000] {processor.py:186} INFO - Started process (PID=135) to work on /home/airflow/.local/lib/python3.12/site-packages/airflow/example_dags/example_setup_teardown.py
[2024-12-15T19:41:14.882+0000] {processor.py:914} INFO - Processing file /home/airflow/.local/lib/python3.12/site-packages/airflow/example_dags/example_setup_teardown.py for tasks to queue
[2024-12-15T19:41:14.893+0000] {logging_mixin.py:190} INFO - [2024-12-15T19:41:14.891+0000] {dagbag.py:588} INFO - Filling up the DagBag from /home/airflow/.local/lib/python3.12/site-packages/airflow/example_dags/example_setup_teardown.py
[2024-12-15T19:41:15.022+0000] {processor.py:925} INFO - DAG(s) 'example_setup_teardown' retrieved from /home/airflow/.local/lib/python3.12/site-packages/airflow/example_dags/example_setup_teardown.py
[2024-12-15T19:41:15.186+0000] {logging_mixin.py:190} INFO - [2024-12-15T19:41:15.186+0000] {dag.py:3239} INFO - Sync 1 DAGs
[2024-12-15T19:41:15.293+0000] {logging_mixin.py:190} INFO - [2024-12-15T19:41:15.293+0000] {dag.py:4180} INFO - Setting next_dagrun for example_setup_teardown to None, run_after=None
[2024-12-15T19:41:15.368+0000] {processor.py:208} INFO - Processing /home/airflow/.local/lib/python3.12/site-packages/airflow/example_dags/example_setup_teardown.py took 0.571 seconds
[2024-12-15T19:41:45.756+0000] {processor.py:186} INFO - Started process (PID=199) to work on /home/airflow/.local/lib/python3.12/site-packages/airflow/example_dags/example_setup_teardown.py
[2024-12-15T19:41:45.763+0000] {processor.py:914} INFO - Processing file /home/airflow/.local/lib/python3.12/site-packages/airflow/example_dags/example_setup_teardown.py for tasks to queue
[2024-12-15T19:41:45.770+0000] {logging_mixin.py:190} INFO - [2024-12-15T19:41:45.769+0000] {dagbag.py:588} INFO - Filling up the DagBag from /home/airflow/.local/lib/python3.12/site-packages/airflow/example_dags/example_setup_teardown.py
[2024-12-15T19:41:45.789+0000] {processor.py:925} INFO - DAG(s) 'example_setup_teardown' retrieved from /home/airflow/.local/lib/python3.12/site-packages/airflow/example_dags/example_setup_teardown.py
[2024-12-15T19:41:45.877+0000] {logging_mixin.py:190} INFO - [2024-12-15T19:41:45.876+0000] {dag.py:3239} INFO - Sync 1 DAGs
[2024-12-15T19:41:45.923+0000] {logging_mixin.py:190} INFO - [2024-12-15T19:41:45.923+0000] {dag.py:4180} INFO - Setting next_dagrun for example_setup_teardown to None, run_after=None
[2024-12-15T19:41:45.972+0000] {processor.py:208} INFO - Processing /home/airflow/.local/lib/python3.12/site-packages/airflow/example_dags/example_setup_teardown.py took 0.233 seconds
[2024-12-15T19:42:35.016+0000] {processor.py:186} INFO - Started process (PID=242) to work on /home/airflow/.local/lib/python3.12/site-packages/airflow/example_dags/example_setup_teardown.py
[2024-12-15T19:42:35.020+0000] {processor.py:914} INFO - Processing file /home/airflow/.local/lib/python3.12/site-packages/airflow/example_dags/example_setup_teardown.py for tasks to queue
[2024-12-15T19:42:35.026+0000] {logging_mixin.py:190} INFO - [2024-12-15T19:42:35.025+0000] {dagbag.py:588} INFO - Filling up the DagBag from /home/airflow/.local/lib/python3.12/site-packages/airflow/example_dags/example_setup_teardown.py
[2024-12-15T19:42:35.048+0000] {processor.py:925} INFO - DAG(s) 'example_setup_teardown' retrieved from /home/airflow/.local/lib/python3.12/site-packages/airflow/example_dags/example_setup_teardown.py
[2024-12-15T19:42:35.166+0000] {logging_mixin.py:190} INFO - [2024-12-15T19:42:35.164+0000] {dag.py:3239} INFO - Sync 1 DAGs
[2024-12-15T19:42:35.209+0000] {logging_mixin.py:190} INFO - [2024-12-15T19:42:35.209+0000] {dag.py:4180} INFO - Setting next_dagrun for example_setup_teardown to None, run_after=None
[2024-12-15T19:42:35.263+0000] {processor.py:208} INFO - Processing /home/airflow/.local/lib/python3.12/site-packages/airflow/example_dags/example_setup_teardown.py took 0.262 seconds
[2024-12-15T19:43:05.474+0000] {processor.py:186} INFO - Started process (PID=307) to work on /home/airflow/.local/lib/python3.12/site-packages/airflow/example_dags/example_setup_teardown.py
[2024-12-15T19:43:05.476+0000] {processor.py:914} INFO - Processing file /home/airflow/.local/lib/python3.12/site-packages/airflow/example_dags/example_setup_teardown.py for tasks to queue
[2024-12-15T19:43:05.482+0000] {logging_mixin.py:190} INFO - [2024-12-15T19:43:05.481+0000] {dagbag.py:588} INFO - Filling up the DagBag from /home/airflow/.local/lib/python3.12/site-packages/airflow/example_dags/example_setup_teardown.py
[2024-12-15T19:43:05.496+0000] {processor.py:925} INFO - DAG(s) 'example_setup_teardown' retrieved from /home/airflow/.local/lib/python3.12/site-packages/airflow/example_dags/example_setup_teardown.py
[2024-12-15T19:43:05.523+0000] {logging_mixin.py:190} INFO - [2024-12-15T19:43:05.523+0000] {dag.py:3239} INFO - Sync 1 DAGs
[2024-12-15T19:43:05.557+0000] {logging_mixin.py:190} INFO - [2024-12-15T19:43:05.556+0000] {dag.py:4180} INFO - Setting next_dagrun for example_setup_teardown to None, run_after=None
[2024-12-15T19:43:05.582+0000] {processor.py:208} INFO - Processing /home/airflow/.local/lib/python3.12/site-packages/airflow/example_dags/example_setup_teardown.py took 0.118 seconds
[2024-12-15T19:43:37.378+0000] {processor.py:186} INFO - Started process (PID=370) to work on /home/airflow/.local/lib/python3.12/site-packages/airflow/example_dags/example_setup_teardown.py
[2024-12-15T19:43:37.384+0000] {processor.py:914} INFO - Processing file /home/airflow/.local/lib/python3.12/site-packages/airflow/example_dags/example_setup_teardown.py for tasks to queue
[2024-12-15T19:43:37.393+0000] {logging_mixin.py:190} INFO - [2024-12-15T19:43:37.391+0000] {dagbag.py:588} INFO - Filling up the DagBag from /home/airflow/.local/lib/python3.12/site-packages/airflow/example_dags/example_setup_teardown.py
[2024-12-15T19:43:37.434+0000] {processor.py:925} INFO - DAG(s) 'example_setup_teardown' retrieved from /home/airflow/.local/lib/python3.12/site-packages/airflow/example_dags/example_setup_teardown.py
[2024-12-15T19:43:37.479+0000] {logging_mixin.py:190} INFO - [2024-12-15T19:43:37.479+0000] {dag.py:3239} INFO - Sync 1 DAGs
[2024-12-15T19:43:37.509+0000] {logging_mixin.py:190} INFO - [2024-12-15T19:43:37.509+0000] {dag.py:4180} INFO - Setting next_dagrun for example_setup_teardown to None, run_after=None
[2024-12-15T19:43:37.536+0000] {processor.py:208} INFO - Processing /home/airflow/.local/lib/python3.12/site-packages/airflow/example_dags/example_setup_teardown.py took 0.178 seconds
[2024-12-15T19:44:09.717+0000] {processor.py:186} INFO - Started process (PID=434) to work on /home/airflow/.local/lib/python3.12/site-packages/airflow/example_dags/example_setup_teardown.py
[2024-12-15T19:44:09.721+0000] {processor.py:914} INFO - Processing file /home/airflow/.local/lib/python3.12/site-packages/airflow/example_dags/example_setup_teardown.py for tasks to queue
[2024-12-15T19:44:09.727+0000] {logging_mixin.py:190} INFO - [2024-12-15T19:44:09.726+0000] {dagbag.py:588} INFO - Filling up the DagBag from /home/airflow/.local/lib/python3.12/site-packages/airflow/example_dags/example_setup_teardown.py
[2024-12-15T19:44:09.742+0000] {processor.py:925} INFO - DAG(s) 'example_setup_teardown' retrieved from /home/airflow/.local/lib/python3.12/site-packages/airflow/example_dags/example_setup_teardown.py
[2024-12-15T19:44:09.778+0000] {logging_mixin.py:190} INFO - [2024-12-15T19:44:09.778+0000] {dag.py:3239} INFO - Sync 1 DAGs
[2024-12-15T19:44:09.801+0000] {logging_mixin.py:190} INFO - [2024-12-15T19:44:09.801+0000] {dag.py:4180} INFO - Setting next_dagrun for example_setup_teardown to None, run_after=None
[2024-12-15T19:44:09.830+0000] {processor.py:208} INFO - Processing /home/airflow/.local/lib/python3.12/site-packages/airflow/example_dags/example_setup_teardown.py took 0.127 seconds
[2024-12-15T19:45:33.506+0000] {processor.py:186} INFO - Started process (PID=501) to work on /home/airflow/.local/lib/python3.12/site-packages/airflow/example_dags/example_setup_teardown.py
[2024-12-15T19:45:33.511+0000] {processor.py:914} INFO - Processing file /home/airflow/.local/lib/python3.12/site-packages/airflow/example_dags/example_setup_teardown.py for tasks to queue
[2024-12-15T19:45:33.548+0000] {logging_mixin.py:190} INFO - [2024-12-15T19:45:33.547+0000] {dagbag.py:588} INFO - Filling up the DagBag from /home/airflow/.local/lib/python3.12/site-packages/airflow/example_dags/example_setup_teardown.py
[2024-12-15T19:45:33.604+0000] {processor.py:925} INFO - DAG(s) 'example_setup_teardown' retrieved from /home/airflow/.local/lib/python3.12/site-packages/airflow/example_dags/example_setup_teardown.py
[2024-12-15T19:45:33.712+0000] {logging_mixin.py:190} INFO - [2024-12-15T19:45:33.711+0000] {dag.py:3239} INFO - Sync 1 DAGs
[2024-12-15T19:45:33.798+0000] {logging_mixin.py:190} INFO - [2024-12-15T19:45:33.798+0000] {dag.py:4180} INFO - Setting next_dagrun for example_setup_teardown to None, run_after=None
[2024-12-15T19:45:33.867+0000] {processor.py:208} INFO - Processing /home/airflow/.local/lib/python3.12/site-packages/airflow/example_dags/example_setup_teardown.py took 0.389 seconds
[2024-12-15T19:46:04.093+0000] {processor.py:186} INFO - Started process (PID=563) to work on /home/airflow/.local/lib/python3.12/site-packages/airflow/example_dags/example_setup_teardown.py
[2024-12-15T19:46:04.096+0000] {processor.py:914} INFO - Processing file /home/airflow/.local/lib/python3.12/site-packages/airflow/example_dags/example_setup_teardown.py for tasks to queue
[2024-12-15T19:46:04.101+0000] {logging_mixin.py:190} INFO - [2024-12-15T19:46:04.101+0000] {dagbag.py:588} INFO - Filling up the DagBag from /home/airflow/.local/lib/python3.12/site-packages/airflow/example_dags/example_setup_teardown.py
[2024-12-15T19:46:04.130+0000] {processor.py:925} INFO - DAG(s) 'example_setup_teardown' retrieved from /home/airflow/.local/lib/python3.12/site-packages/airflow/example_dags/example_setup_teardown.py
[2024-12-15T19:46:04.193+0000] {logging_mixin.py:190} INFO - [2024-12-15T19:46:04.192+0000] {dag.py:3239} INFO - Sync 1 DAGs
[2024-12-15T19:46:04.245+0000] {logging_mixin.py:190} INFO - [2024-12-15T19:46:04.244+0000] {dag.py:4180} INFO - Setting next_dagrun for example_setup_teardown to None, run_after=None
[2024-12-15T19:46:04.362+0000] {processor.py:208} INFO - Processing /home/airflow/.local/lib/python3.12/site-packages/airflow/example_dags/example_setup_teardown.py took 0.281 seconds
[2024-12-15T19:46:35.365+0000] {processor.py:186} INFO - Started process (PID=627) to work on /home/airflow/.local/lib/python3.12/site-packages/airflow/example_dags/example_setup_teardown.py
[2024-12-15T19:46:35.368+0000] {processor.py:914} INFO - Processing file /home/airflow/.local/lib/python3.12/site-packages/airflow/example_dags/example_setup_teardown.py for tasks to queue
[2024-12-15T19:46:35.375+0000] {logging_mixin.py:190} INFO - [2024-12-15T19:46:35.374+0000] {dagbag.py:588} INFO - Filling up the DagBag from /home/airflow/.local/lib/python3.12/site-packages/airflow/example_dags/example_setup_teardown.py
[2024-12-15T19:46:35.391+0000] {processor.py:925} INFO - DAG(s) 'example_setup_teardown' retrieved from /home/airflow/.local/lib/python3.12/site-packages/airflow/example_dags/example_setup_teardown.py
[2024-12-15T19:46:35.422+0000] {logging_mixin.py:190} INFO - [2024-12-15T19:46:35.422+0000] {dag.py:3239} INFO - Sync 1 DAGs
[2024-12-15T19:46:35.445+0000] {logging_mixin.py:190} INFO - [2024-12-15T19:46:35.445+0000] {dag.py:4180} INFO - Setting next_dagrun for example_setup_teardown to None, run_after=None
[2024-12-15T19:46:35.475+0000] {processor.py:208} INFO - Processing /home/airflow/.local/lib/python3.12/site-packages/airflow/example_dags/example_setup_teardown.py took 0.122 seconds
[2024-12-15T19:47:06.567+0000] {processor.py:186} INFO - Started process (PID=693) to work on /home/airflow/.local/lib/python3.12/site-packages/airflow/example_dags/example_setup_teardown.py
[2024-12-15T19:47:06.572+0000] {processor.py:914} INFO - Processing file /home/airflow/.local/lib/python3.12/site-packages/airflow/example_dags/example_setup_teardown.py for tasks to queue
[2024-12-15T19:47:06.598+0000] {logging_mixin.py:190} INFO - [2024-12-15T19:47:06.597+0000] {dagbag.py:588} INFO - Filling up the DagBag from /home/airflow/.local/lib/python3.12/site-packages/airflow/example_dags/example_setup_teardown.py
[2024-12-15T19:47:06.657+0000] {processor.py:925} INFO - DAG(s) 'example_setup_teardown' retrieved from /home/airflow/.local/lib/python3.12/site-packages/airflow/example_dags/example_setup_teardown.py
[2024-12-15T19:47:06.750+0000] {logging_mixin.py:190} INFO - [2024-12-15T19:47:06.749+0000] {dag.py:3239} INFO - Sync 1 DAGs
[2024-12-15T19:47:06.830+0000] {logging_mixin.py:190} INFO - [2024-12-15T19:47:06.820+0000] {dag.py:4180} INFO - Setting next_dagrun for example_setup_teardown to None, run_after=None
[2024-12-15T19:47:06.901+0000] {processor.py:208} INFO - Processing /home/airflow/.local/lib/python3.12/site-packages/airflow/example_dags/example_setup_teardown.py took 0.377 seconds
[2024-12-15T19:47:37.096+0000] {processor.py:186} INFO - Started process (PID=757) to work on /home/airflow/.local/lib/python3.12/site-packages/airflow/example_dags/example_setup_teardown.py
[2024-12-15T19:47:37.101+0000] {processor.py:914} INFO - Processing file /home/airflow/.local/lib/python3.12/site-packages/airflow/example_dags/example_setup_teardown.py for tasks to queue
[2024-12-15T19:47:37.109+0000] {logging_mixin.py:190} INFO - [2024-12-15T19:47:37.108+0000] {dagbag.py:588} INFO - Filling up the DagBag from /home/airflow/.local/lib/python3.12/site-packages/airflow/example_dags/example_setup_teardown.py
[2024-12-15T19:47:37.131+0000] {processor.py:925} INFO - DAG(s) 'example_setup_teardown' retrieved from /home/airflow/.local/lib/python3.12/site-packages/airflow/example_dags/example_setup_teardown.py
[2024-12-15T19:47:37.169+0000] {logging_mixin.py:190} INFO - [2024-12-15T19:47:37.168+0000] {dag.py:3239} INFO - Sync 1 DAGs
[2024-12-15T19:47:37.245+0000] {logging_mixin.py:190} INFO - [2024-12-15T19:47:37.244+0000] {dag.py:4180} INFO - Setting next_dagrun for example_setup_teardown to None, run_after=None
[2024-12-15T19:47:37.306+0000] {processor.py:208} INFO - Processing /home/airflow/.local/lib/python3.12/site-packages/airflow/example_dags/example_setup_teardown.py took 0.241 seconds
[2024-12-15T19:50:55.735+0000] {processor.py:186} INFO - Started process (PID=60) to work on /home/airflow/.local/lib/python3.12/site-packages/airflow/example_dags/example_setup_teardown.py
[2024-12-15T19:50:55.739+0000] {processor.py:914} INFO - Processing file /home/airflow/.local/lib/python3.12/site-packages/airflow/example_dags/example_setup_teardown.py for tasks to queue
[2024-12-15T19:50:55.753+0000] {logging_mixin.py:190} INFO - [2024-12-15T19:50:55.749+0000] {dagbag.py:588} INFO - Filling up the DagBag from /home/airflow/.local/lib/python3.12/site-packages/airflow/example_dags/example_setup_teardown.py
[2024-12-15T19:50:55.791+0000] {processor.py:925} INFO - DAG(s) 'example_setup_teardown' retrieved from /home/airflow/.local/lib/python3.12/site-packages/airflow/example_dags/example_setup_teardown.py
[2024-12-15T19:50:55.891+0000] {logging_mixin.py:190} INFO - [2024-12-15T19:50:55.891+0000] {dag.py:3239} INFO - Sync 1 DAGs
[2024-12-15T19:50:56.012+0000] {logging_mixin.py:190} INFO - [2024-12-15T19:50:56.012+0000] {dag.py:4180} INFO - Setting next_dagrun for example_setup_teardown to None, run_after=None
[2024-12-15T19:50:56.083+0000] {processor.py:208} INFO - Processing /home/airflow/.local/lib/python3.12/site-packages/airflow/example_dags/example_setup_teardown.py took 0.372 seconds
[2024-12-15T19:51:37.309+0000] {processor.py:186} INFO - Started process (PID=125) to work on /home/airflow/.local/lib/python3.12/site-packages/airflow/example_dags/example_setup_teardown.py
[2024-12-15T19:51:37.312+0000] {processor.py:914} INFO - Processing file /home/airflow/.local/lib/python3.12/site-packages/airflow/example_dags/example_setup_teardown.py for tasks to queue
[2024-12-15T19:51:37.323+0000] {logging_mixin.py:190} INFO - [2024-12-15T19:51:37.322+0000] {dagbag.py:588} INFO - Filling up the DagBag from /home/airflow/.local/lib/python3.12/site-packages/airflow/example_dags/example_setup_teardown.py
[2024-12-15T19:51:37.368+0000] {processor.py:925} INFO - DAG(s) 'example_setup_teardown' retrieved from /home/airflow/.local/lib/python3.12/site-packages/airflow/example_dags/example_setup_teardown.py
[2024-12-15T19:51:37.409+0000] {logging_mixin.py:190} INFO - [2024-12-15T19:51:37.409+0000] {dag.py:3239} INFO - Sync 1 DAGs
[2024-12-15T19:51:37.460+0000] {logging_mixin.py:190} INFO - [2024-12-15T19:51:37.459+0000] {dag.py:4180} INFO - Setting next_dagrun for example_setup_teardown to None, run_after=None
[2024-12-15T19:51:37.504+0000] {processor.py:208} INFO - Processing /home/airflow/.local/lib/python3.12/site-packages/airflow/example_dags/example_setup_teardown.py took 0.218 seconds
[2024-12-15T19:52:19.985+0000] {processor.py:186} INFO - Started process (PID=189) to work on /home/airflow/.local/lib/python3.12/site-packages/airflow/example_dags/example_setup_teardown.py
[2024-12-15T19:52:19.988+0000] {processor.py:914} INFO - Processing file /home/airflow/.local/lib/python3.12/site-packages/airflow/example_dags/example_setup_teardown.py for tasks to queue
[2024-12-15T19:52:20.012+0000] {logging_mixin.py:190} INFO - [2024-12-15T19:52:20.011+0000] {dagbag.py:588} INFO - Filling up the DagBag from /home/airflow/.local/lib/python3.12/site-packages/airflow/example_dags/example_setup_teardown.py
[2024-12-15T19:52:20.041+0000] {processor.py:925} INFO - DAG(s) 'example_setup_teardown' retrieved from /home/airflow/.local/lib/python3.12/site-packages/airflow/example_dags/example_setup_teardown.py
[2024-12-15T19:52:20.152+0000] {logging_mixin.py:190} INFO - [2024-12-15T19:52:20.152+0000] {dag.py:3239} INFO - Sync 1 DAGs
[2024-12-15T19:52:20.287+0000] {logging_mixin.py:190} INFO - [2024-12-15T19:52:20.271+0000] {dag.py:4180} INFO - Setting next_dagrun for example_setup_teardown to None, run_after=None
[2024-12-15T19:52:20.371+0000] {processor.py:208} INFO - Processing /home/airflow/.local/lib/python3.12/site-packages/airflow/example_dags/example_setup_teardown.py took 0.404 seconds
[2024-12-15T19:52:52.588+0000] {processor.py:186} INFO - Started process (PID=253) to work on /home/airflow/.local/lib/python3.12/site-packages/airflow/example_dags/example_setup_teardown.py
[2024-12-15T19:52:52.595+0000] {processor.py:914} INFO - Processing file /home/airflow/.local/lib/python3.12/site-packages/airflow/example_dags/example_setup_teardown.py for tasks to queue
[2024-12-15T19:52:52.624+0000] {logging_mixin.py:190} INFO - [2024-12-15T19:52:52.623+0000] {dagbag.py:588} INFO - Filling up the DagBag from /home/airflow/.local/lib/python3.12/site-packages/airflow/example_dags/example_setup_teardown.py
[2024-12-15T19:52:52.654+0000] {processor.py:925} INFO - DAG(s) 'example_setup_teardown' retrieved from /home/airflow/.local/lib/python3.12/site-packages/airflow/example_dags/example_setup_teardown.py
[2024-12-15T19:52:52.708+0000] {logging_mixin.py:190} INFO - [2024-12-15T19:52:52.704+0000] {dag.py:3239} INFO - Sync 1 DAGs
[2024-12-15T19:52:52.760+0000] {logging_mixin.py:190} INFO - [2024-12-15T19:52:52.759+0000] {dag.py:4180} INFO - Setting next_dagrun for example_setup_teardown to None, run_after=None
[2024-12-15T19:52:52.803+0000] {processor.py:208} INFO - Processing /home/airflow/.local/lib/python3.12/site-packages/airflow/example_dags/example_setup_teardown.py took 0.237 seconds
[2024-12-15T19:53:34.440+0000] {processor.py:186} INFO - Started process (PID=325) to work on /home/airflow/.local/lib/python3.12/site-packages/airflow/example_dags/example_setup_teardown.py
[2024-12-15T19:53:34.452+0000] {processor.py:914} INFO - Processing file /home/airflow/.local/lib/python3.12/site-packages/airflow/example_dags/example_setup_teardown.py for tasks to queue
[2024-12-15T19:53:34.464+0000] {logging_mixin.py:190} INFO - [2024-12-15T19:53:34.464+0000] {dagbag.py:588} INFO - Filling up the DagBag from /home/airflow/.local/lib/python3.12/site-packages/airflow/example_dags/example_setup_teardown.py
[2024-12-15T19:53:34.484+0000] {processor.py:925} INFO - DAG(s) 'example_setup_teardown' retrieved from /home/airflow/.local/lib/python3.12/site-packages/airflow/example_dags/example_setup_teardown.py
[2024-12-15T19:53:34.564+0000] {logging_mixin.py:190} INFO - [2024-12-15T19:53:34.564+0000] {dag.py:3239} INFO - Sync 1 DAGs
[2024-12-15T19:53:34.640+0000] {logging_mixin.py:190} INFO - [2024-12-15T19:53:34.640+0000] {dag.py:4180} INFO - Setting next_dagrun for example_setup_teardown to None, run_after=None
[2024-12-15T19:53:34.799+0000] {processor.py:208} INFO - Processing /home/airflow/.local/lib/python3.12/site-packages/airflow/example_dags/example_setup_teardown.py took 0.377 seconds
[2024-12-15T19:54:10.633+0000] {processor.py:186} INFO - Started process (PID=389) to work on /home/airflow/.local/lib/python3.12/site-packages/airflow/example_dags/example_setup_teardown.py
[2024-12-15T19:54:10.635+0000] {processor.py:914} INFO - Processing file /home/airflow/.local/lib/python3.12/site-packages/airflow/example_dags/example_setup_teardown.py for tasks to queue
[2024-12-15T19:54:10.640+0000] {logging_mixin.py:190} INFO - [2024-12-15T19:54:10.639+0000] {dagbag.py:588} INFO - Filling up the DagBag from /home/airflow/.local/lib/python3.12/site-packages/airflow/example_dags/example_setup_teardown.py
[2024-12-15T19:54:10.653+0000] {processor.py:925} INFO - DAG(s) 'example_setup_teardown' retrieved from /home/airflow/.local/lib/python3.12/site-packages/airflow/example_dags/example_setup_teardown.py
[2024-12-15T19:54:10.685+0000] {logging_mixin.py:190} INFO - [2024-12-15T19:54:10.685+0000] {dag.py:3239} INFO - Sync 1 DAGs
[2024-12-15T19:54:10.709+0000] {logging_mixin.py:190} INFO - [2024-12-15T19:54:10.708+0000] {dag.py:4180} INFO - Setting next_dagrun for example_setup_teardown to None, run_after=None
[2024-12-15T19:54:10.738+0000] {processor.py:208} INFO - Processing /home/airflow/.local/lib/python3.12/site-packages/airflow/example_dags/example_setup_teardown.py took 0.116 seconds
[2024-12-15T19:54:43.099+0000] {processor.py:186} INFO - Started process (PID=453) to work on /home/airflow/.local/lib/python3.12/site-packages/airflow/example_dags/example_setup_teardown.py
[2024-12-15T19:54:43.101+0000] {processor.py:914} INFO - Processing file /home/airflow/.local/lib/python3.12/site-packages/airflow/example_dags/example_setup_teardown.py for tasks to queue
[2024-12-15T19:54:43.106+0000] {logging_mixin.py:190} INFO - [2024-12-15T19:54:43.105+0000] {dagbag.py:588} INFO - Filling up the DagBag from /home/airflow/.local/lib/python3.12/site-packages/airflow/example_dags/example_setup_teardown.py
[2024-12-15T19:54:43.122+0000] {processor.py:925} INFO - DAG(s) 'example_setup_teardown' retrieved from /home/airflow/.local/lib/python3.12/site-packages/airflow/example_dags/example_setup_teardown.py
[2024-12-15T19:54:43.156+0000] {logging_mixin.py:190} INFO - [2024-12-15T19:54:43.156+0000] {dag.py:3239} INFO - Sync 1 DAGs
[2024-12-15T19:54:43.181+0000] {logging_mixin.py:190} INFO - [2024-12-15T19:54:43.181+0000] {dag.py:4180} INFO - Setting next_dagrun for example_setup_teardown to None, run_after=None
[2024-12-15T19:54:43.208+0000] {processor.py:208} INFO - Processing /home/airflow/.local/lib/python3.12/site-packages/airflow/example_dags/example_setup_teardown.py took 0.120 seconds
[2024-12-15T19:55:14.364+0000] {processor.py:186} INFO - Started process (PID=518) to work on /home/airflow/.local/lib/python3.12/site-packages/airflow/example_dags/example_setup_teardown.py
[2024-12-15T19:55:14.368+0000] {processor.py:914} INFO - Processing file /home/airflow/.local/lib/python3.12/site-packages/airflow/example_dags/example_setup_teardown.py for tasks to queue
[2024-12-15T19:55:14.377+0000] {logging_mixin.py:190} INFO - [2024-12-15T19:55:14.376+0000] {dagbag.py:588} INFO - Filling up the DagBag from /home/airflow/.local/lib/python3.12/site-packages/airflow/example_dags/example_setup_teardown.py
[2024-12-15T19:55:14.417+0000] {processor.py:925} INFO - DAG(s) 'example_setup_teardown' retrieved from /home/airflow/.local/lib/python3.12/site-packages/airflow/example_dags/example_setup_teardown.py
[2024-12-15T19:55:14.525+0000] {logging_mixin.py:190} INFO - [2024-12-15T19:55:14.525+0000] {dag.py:3239} INFO - Sync 1 DAGs
[2024-12-15T19:55:14.615+0000] {logging_mixin.py:190} INFO - [2024-12-15T19:55:14.615+0000] {dag.py:4180} INFO - Setting next_dagrun for example_setup_teardown to None, run_after=None
[2024-12-15T19:55:14.690+0000] {processor.py:208} INFO - Processing /home/airflow/.local/lib/python3.12/site-packages/airflow/example_dags/example_setup_teardown.py took 0.368 seconds
[2024-12-15T19:55:45.836+0000] {processor.py:186} INFO - Started process (PID=583) to work on /home/airflow/.local/lib/python3.12/site-packages/airflow/example_dags/example_setup_teardown.py
[2024-12-15T19:55:45.840+0000] {processor.py:914} INFO - Processing file /home/airflow/.local/lib/python3.12/site-packages/airflow/example_dags/example_setup_teardown.py for tasks to queue
[2024-12-15T19:55:45.845+0000] {logging_mixin.py:190} INFO - [2024-12-15T19:55:45.844+0000] {dagbag.py:588} INFO - Filling up the DagBag from /home/airflow/.local/lib/python3.12/site-packages/airflow/example_dags/example_setup_teardown.py
[2024-12-15T19:55:45.868+0000] {processor.py:925} INFO - DAG(s) 'example_setup_teardown' retrieved from /home/airflow/.local/lib/python3.12/site-packages/airflow/example_dags/example_setup_teardown.py
[2024-12-15T19:55:45.899+0000] {logging_mixin.py:190} INFO - [2024-12-15T19:55:45.899+0000] {dag.py:3239} INFO - Sync 1 DAGs
[2024-12-15T19:55:45.922+0000] {logging_mixin.py:190} INFO - [2024-12-15T19:55:45.922+0000] {dag.py:4180} INFO - Setting next_dagrun for example_setup_teardown to None, run_after=None
[2024-12-15T19:55:45.949+0000] {processor.py:208} INFO - Processing /home/airflow/.local/lib/python3.12/site-packages/airflow/example_dags/example_setup_teardown.py took 0.128 seconds
[2024-12-15T19:59:30.655+0000] {processor.py:186} INFO - Started process (PID=65) to work on /home/airflow/.local/lib/python3.12/site-packages/airflow/example_dags/example_setup_teardown.py
[2024-12-15T19:59:30.661+0000] {processor.py:914} INFO - Processing file /home/airflow/.local/lib/python3.12/site-packages/airflow/example_dags/example_setup_teardown.py for tasks to queue
[2024-12-15T19:59:30.685+0000] {logging_mixin.py:190} INFO - [2024-12-15T19:59:30.685+0000] {dagbag.py:588} INFO - Filling up the DagBag from /home/airflow/.local/lib/python3.12/site-packages/airflow/example_dags/example_setup_teardown.py
[2024-12-15T19:59:30.745+0000] {processor.py:925} INFO - DAG(s) 'example_setup_teardown' retrieved from /home/airflow/.local/lib/python3.12/site-packages/airflow/example_dags/example_setup_teardown.py
[2024-12-15T19:59:30.868+0000] {logging_mixin.py:190} INFO - [2024-12-15T19:59:30.868+0000] {dag.py:3239} INFO - Sync 1 DAGs
[2024-12-15T19:59:31.011+0000] {logging_mixin.py:190} INFO - [2024-12-15T19:59:31.011+0000] {dag.py:4180} INFO - Setting next_dagrun for example_setup_teardown to None, run_after=None
[2024-12-15T19:59:31.113+0000] {processor.py:208} INFO - Processing /home/airflow/.local/lib/python3.12/site-packages/airflow/example_dags/example_setup_teardown.py took 0.485 seconds
[2024-12-15T20:01:31.089+0000] {processor.py:186} INFO - Started process (PID=141) to work on /home/airflow/.local/lib/python3.12/site-packages/airflow/example_dags/example_setup_teardown.py
[2024-12-15T20:01:31.096+0000] {processor.py:914} INFO - Processing file /home/airflow/.local/lib/python3.12/site-packages/airflow/example_dags/example_setup_teardown.py for tasks to queue
[2024-12-15T20:01:31.101+0000] {logging_mixin.py:190} INFO - [2024-12-15T20:01:31.100+0000] {dagbag.py:588} INFO - Filling up the DagBag from /home/airflow/.local/lib/python3.12/site-packages/airflow/example_dags/example_setup_teardown.py
[2024-12-15T20:01:31.129+0000] {processor.py:925} INFO - DAG(s) 'example_setup_teardown' retrieved from /home/airflow/.local/lib/python3.12/site-packages/airflow/example_dags/example_setup_teardown.py
[2024-12-15T20:01:31.229+0000] {logging_mixin.py:190} INFO - [2024-12-15T20:01:31.229+0000] {dag.py:3239} INFO - Sync 1 DAGs
[2024-12-15T20:01:31.294+0000] {logging_mixin.py:190} INFO - [2024-12-15T20:01:31.294+0000] {dag.py:4180} INFO - Setting next_dagrun for example_setup_teardown to None, run_after=None
[2024-12-15T20:01:31.357+0000] {processor.py:208} INFO - Processing /home/airflow/.local/lib/python3.12/site-packages/airflow/example_dags/example_setup_teardown.py took 0.278 seconds
[2024-12-15T20:02:03.387+0000] {processor.py:186} INFO - Started process (PID=213) to work on /home/airflow/.local/lib/python3.12/site-packages/airflow/example_dags/example_setup_teardown.py
[2024-12-15T20:02:03.389+0000] {processor.py:914} INFO - Processing file /home/airflow/.local/lib/python3.12/site-packages/airflow/example_dags/example_setup_teardown.py for tasks to queue
[2024-12-15T20:02:03.393+0000] {logging_mixin.py:190} INFO - [2024-12-15T20:02:03.392+0000] {dagbag.py:588} INFO - Filling up the DagBag from /home/airflow/.local/lib/python3.12/site-packages/airflow/example_dags/example_setup_teardown.py
[2024-12-15T20:02:03.420+0000] {processor.py:925} INFO - DAG(s) 'example_setup_teardown' retrieved from /home/airflow/.local/lib/python3.12/site-packages/airflow/example_dags/example_setup_teardown.py
[2024-12-15T20:02:03.470+0000] {logging_mixin.py:190} INFO - [2024-12-15T20:02:03.460+0000] {dag.py:3239} INFO - Sync 1 DAGs
[2024-12-15T20:02:03.501+0000] {logging_mixin.py:190} INFO - [2024-12-15T20:02:03.501+0000] {dag.py:4180} INFO - Setting next_dagrun for example_setup_teardown to None, run_after=None
[2024-12-15T20:02:03.541+0000] {processor.py:208} INFO - Processing /home/airflow/.local/lib/python3.12/site-packages/airflow/example_dags/example_setup_teardown.py took 0.183 seconds
[2024-12-15T20:02:58.690+0000] {processor.py:186} INFO - Started process (PID=291) to work on /home/airflow/.local/lib/python3.12/site-packages/airflow/example_dags/example_setup_teardown.py
[2024-12-15T20:02:58.692+0000] {processor.py:914} INFO - Processing file /home/airflow/.local/lib/python3.12/site-packages/airflow/example_dags/example_setup_teardown.py for tasks to queue
[2024-12-15T20:02:58.698+0000] {logging_mixin.py:190} INFO - [2024-12-15T20:02:58.697+0000] {dagbag.py:588} INFO - Filling up the DagBag from /home/airflow/.local/lib/python3.12/site-packages/airflow/example_dags/example_setup_teardown.py
[2024-12-15T20:02:58.716+0000] {processor.py:925} INFO - DAG(s) 'example_setup_teardown' retrieved from /home/airflow/.local/lib/python3.12/site-packages/airflow/example_dags/example_setup_teardown.py
[2024-12-15T20:02:58.767+0000] {logging_mixin.py:190} INFO - [2024-12-15T20:02:58.766+0000] {dag.py:3239} INFO - Sync 1 DAGs
[2024-12-15T20:02:58.822+0000] {logging_mixin.py:190} INFO - [2024-12-15T20:02:58.822+0000] {dag.py:4180} INFO - Setting next_dagrun for example_setup_teardown to None, run_after=None
[2024-12-15T20:02:58.852+0000] {processor.py:208} INFO - Processing /home/airflow/.local/lib/python3.12/site-packages/airflow/example_dags/example_setup_teardown.py took 0.173 seconds
[2024-12-15T20:03:29.736+0000] {processor.py:186} INFO - Started process (PID=354) to work on /home/airflow/.local/lib/python3.12/site-packages/airflow/example_dags/example_setup_teardown.py
[2024-12-15T20:03:29.741+0000] {processor.py:914} INFO - Processing file /home/airflow/.local/lib/python3.12/site-packages/airflow/example_dags/example_setup_teardown.py for tasks to queue
[2024-12-15T20:03:29.752+0000] {logging_mixin.py:190} INFO - [2024-12-15T20:03:29.751+0000] {dagbag.py:588} INFO - Filling up the DagBag from /home/airflow/.local/lib/python3.12/site-packages/airflow/example_dags/example_setup_teardown.py
[2024-12-15T20:03:29.775+0000] {processor.py:925} INFO - DAG(s) 'example_setup_teardown' retrieved from /home/airflow/.local/lib/python3.12/site-packages/airflow/example_dags/example_setup_teardown.py
[2024-12-15T20:03:29.807+0000] {logging_mixin.py:190} INFO - [2024-12-15T20:03:29.807+0000] {dag.py:3239} INFO - Sync 1 DAGs
[2024-12-15T20:03:29.834+0000] {logging_mixin.py:190} INFO - [2024-12-15T20:03:29.834+0000] {dag.py:4180} INFO - Setting next_dagrun for example_setup_teardown to None, run_after=None
[2024-12-15T20:03:29.867+0000] {processor.py:208} INFO - Processing /home/airflow/.local/lib/python3.12/site-packages/airflow/example_dags/example_setup_teardown.py took 0.152 seconds
[2024-12-15T20:04:02.133+0000] {processor.py:186} INFO - Started process (PID=424) to work on /home/airflow/.local/lib/python3.12/site-packages/airflow/example_dags/example_setup_teardown.py
[2024-12-15T20:04:02.153+0000] {processor.py:914} INFO - Processing file /home/airflow/.local/lib/python3.12/site-packages/airflow/example_dags/example_setup_teardown.py for tasks to queue
[2024-12-15T20:04:02.161+0000] {logging_mixin.py:190} INFO - [2024-12-15T20:04:02.161+0000] {dagbag.py:588} INFO - Filling up the DagBag from /home/airflow/.local/lib/python3.12/site-packages/airflow/example_dags/example_setup_teardown.py
[2024-12-15T20:04:02.191+0000] {processor.py:925} INFO - DAG(s) 'example_setup_teardown' retrieved from /home/airflow/.local/lib/python3.12/site-packages/airflow/example_dags/example_setup_teardown.py
[2024-12-15T20:04:02.227+0000] {logging_mixin.py:190} INFO - [2024-12-15T20:04:02.227+0000] {dag.py:3239} INFO - Sync 1 DAGs
[2024-12-15T20:04:02.302+0000] {logging_mixin.py:190} INFO - [2024-12-15T20:04:02.302+0000] {dag.py:4180} INFO - Setting next_dagrun for example_setup_teardown to None, run_after=None
[2024-12-15T20:04:02.386+0000] {processor.py:208} INFO - Processing /home/airflow/.local/lib/python3.12/site-packages/airflow/example_dags/example_setup_teardown.py took 0.303 seconds
[2024-12-15T20:04:37.772+0000] {processor.py:186} INFO - Started process (PID=489) to work on /home/airflow/.local/lib/python3.12/site-packages/airflow/example_dags/example_setup_teardown.py
[2024-12-15T20:04:37.796+0000] {processor.py:914} INFO - Processing file /home/airflow/.local/lib/python3.12/site-packages/airflow/example_dags/example_setup_teardown.py for tasks to queue
[2024-12-15T20:04:37.805+0000] {logging_mixin.py:190} INFO - [2024-12-15T20:04:37.804+0000] {dagbag.py:588} INFO - Filling up the DagBag from /home/airflow/.local/lib/python3.12/site-packages/airflow/example_dags/example_setup_teardown.py
[2024-12-15T20:04:37.847+0000] {processor.py:925} INFO - DAG(s) 'example_setup_teardown' retrieved from /home/airflow/.local/lib/python3.12/site-packages/airflow/example_dags/example_setup_teardown.py
[2024-12-15T20:04:38.139+0000] {logging_mixin.py:190} INFO - [2024-12-15T20:04:38.138+0000] {dag.py:3239} INFO - Sync 1 DAGs
[2024-12-15T20:04:38.265+0000] {logging_mixin.py:190} INFO - [2024-12-15T20:04:38.260+0000] {dag.py:4180} INFO - Setting next_dagrun for example_setup_teardown to None, run_after=None
[2024-12-15T20:04:38.331+0000] {processor.py:208} INFO - Processing /home/airflow/.local/lib/python3.12/site-packages/airflow/example_dags/example_setup_teardown.py took 0.587 seconds
[2024-12-15T20:06:00.679+0000] {processor.py:186} INFO - Started process (PID=562) to work on /home/airflow/.local/lib/python3.12/site-packages/airflow/example_dags/example_setup_teardown.py
[2024-12-15T20:06:00.682+0000] {processor.py:914} INFO - Processing file /home/airflow/.local/lib/python3.12/site-packages/airflow/example_dags/example_setup_teardown.py for tasks to queue
[2024-12-15T20:06:00.692+0000] {logging_mixin.py:190} INFO - [2024-12-15T20:06:00.691+0000] {dagbag.py:588} INFO - Filling up the DagBag from /home/airflow/.local/lib/python3.12/site-packages/airflow/example_dags/example_setup_teardown.py
[2024-12-15T20:06:00.718+0000] {processor.py:925} INFO - DAG(s) 'example_setup_teardown' retrieved from /home/airflow/.local/lib/python3.12/site-packages/airflow/example_dags/example_setup_teardown.py
[2024-12-15T20:06:00.774+0000] {logging_mixin.py:190} INFO - [2024-12-15T20:06:00.773+0000] {dag.py:3239} INFO - Sync 1 DAGs
[2024-12-15T20:06:00.822+0000] {logging_mixin.py:190} INFO - [2024-12-15T20:06:00.822+0000] {dag.py:4180} INFO - Setting next_dagrun for example_setup_teardown to None, run_after=None
[2024-12-15T20:06:00.915+0000] {processor.py:208} INFO - Processing /home/airflow/.local/lib/python3.12/site-packages/airflow/example_dags/example_setup_teardown.py took 0.258 seconds
[2024-12-15T20:06:32.133+0000] {processor.py:186} INFO - Started process (PID=627) to work on /home/airflow/.local/lib/python3.12/site-packages/airflow/example_dags/example_setup_teardown.py
[2024-12-15T20:06:32.136+0000] {processor.py:914} INFO - Processing file /home/airflow/.local/lib/python3.12/site-packages/airflow/example_dags/example_setup_teardown.py for tasks to queue
[2024-12-15T20:06:32.150+0000] {logging_mixin.py:190} INFO - [2024-12-15T20:06:32.148+0000] {dagbag.py:588} INFO - Filling up the DagBag from /home/airflow/.local/lib/python3.12/site-packages/airflow/example_dags/example_setup_teardown.py
[2024-12-15T20:06:32.198+0000] {processor.py:925} INFO - DAG(s) 'example_setup_teardown' retrieved from /home/airflow/.local/lib/python3.12/site-packages/airflow/example_dags/example_setup_teardown.py
[2024-12-15T20:06:32.258+0000] {logging_mixin.py:190} INFO - [2024-12-15T20:06:32.258+0000] {dag.py:3239} INFO - Sync 1 DAGs
[2024-12-15T20:06:32.300+0000] {logging_mixin.py:190} INFO - [2024-12-15T20:06:32.299+0000] {dag.py:4180} INFO - Setting next_dagrun for example_setup_teardown to None, run_after=None
[2024-12-15T20:06:32.353+0000] {processor.py:208} INFO - Processing /home/airflow/.local/lib/python3.12/site-packages/airflow/example_dags/example_setup_teardown.py took 0.254 seconds
[2024-12-15T20:07:03.403+0000] {processor.py:186} INFO - Started process (PID=692) to work on /home/airflow/.local/lib/python3.12/site-packages/airflow/example_dags/example_setup_teardown.py
[2024-12-15T20:07:03.425+0000] {processor.py:914} INFO - Processing file /home/airflow/.local/lib/python3.12/site-packages/airflow/example_dags/example_setup_teardown.py for tasks to queue
[2024-12-15T20:07:03.457+0000] {logging_mixin.py:190} INFO - [2024-12-15T20:07:03.456+0000] {dagbag.py:588} INFO - Filling up the DagBag from /home/airflow/.local/lib/python3.12/site-packages/airflow/example_dags/example_setup_teardown.py
[2024-12-15T20:07:03.643+0000] {processor.py:925} INFO - DAG(s) 'example_setup_teardown' retrieved from /home/airflow/.local/lib/python3.12/site-packages/airflow/example_dags/example_setup_teardown.py
[2024-12-15T20:07:03.910+0000] {logging_mixin.py:190} INFO - [2024-12-15T20:07:03.910+0000] {dag.py:3239} INFO - Sync 1 DAGs
[2024-12-15T20:07:04.009+0000] {logging_mixin.py:190} INFO - [2024-12-15T20:07:04.009+0000] {dag.py:4180} INFO - Setting next_dagrun for example_setup_teardown to None, run_after=None
[2024-12-15T20:07:04.112+0000] {processor.py:208} INFO - Processing /home/airflow/.local/lib/python3.12/site-packages/airflow/example_dags/example_setup_teardown.py took 0.799 seconds
[2024-12-15T20:16:28.041+0000] {processor.py:186} INFO - Started process (PID=66) to work on /home/airflow/.local/lib/python3.12/site-packages/airflow/example_dags/example_setup_teardown.py
[2024-12-15T20:16:28.044+0000] {processor.py:914} INFO - Processing file /home/airflow/.local/lib/python3.12/site-packages/airflow/example_dags/example_setup_teardown.py for tasks to queue
[2024-12-15T20:16:28.064+0000] {logging_mixin.py:190} INFO - [2024-12-15T20:16:28.062+0000] {dagbag.py:588} INFO - Filling up the DagBag from /home/airflow/.local/lib/python3.12/site-packages/airflow/example_dags/example_setup_teardown.py
[2024-12-15T20:16:28.109+0000] {processor.py:925} INFO - DAG(s) 'example_setup_teardown' retrieved from /home/airflow/.local/lib/python3.12/site-packages/airflow/example_dags/example_setup_teardown.py
[2024-12-15T20:16:28.213+0000] {logging_mixin.py:190} INFO - [2024-12-15T20:16:28.212+0000] {dag.py:3239} INFO - Sync 1 DAGs
[2024-12-15T20:16:28.295+0000] {logging_mixin.py:190} INFO - [2024-12-15T20:16:28.295+0000] {dag.py:4180} INFO - Setting next_dagrun for example_setup_teardown to None, run_after=None
[2024-12-15T20:16:28.390+0000] {processor.py:208} INFO - Processing /home/airflow/.local/lib/python3.12/site-packages/airflow/example_dags/example_setup_teardown.py took 0.378 seconds
[2024-12-15T20:16:59.297+0000] {processor.py:186} INFO - Started process (PID=130) to work on /home/airflow/.local/lib/python3.12/site-packages/airflow/example_dags/example_setup_teardown.py
[2024-12-15T20:16:59.300+0000] {processor.py:914} INFO - Processing file /home/airflow/.local/lib/python3.12/site-packages/airflow/example_dags/example_setup_teardown.py for tasks to queue
[2024-12-15T20:16:59.310+0000] {logging_mixin.py:190} INFO - [2024-12-15T20:16:59.308+0000] {dagbag.py:588} INFO - Filling up the DagBag from /home/airflow/.local/lib/python3.12/site-packages/airflow/example_dags/example_setup_teardown.py
[2024-12-15T20:16:59.335+0000] {processor.py:925} INFO - DAG(s) 'example_setup_teardown' retrieved from /home/airflow/.local/lib/python3.12/site-packages/airflow/example_dags/example_setup_teardown.py
[2024-12-15T20:16:59.391+0000] {logging_mixin.py:190} INFO - [2024-12-15T20:16:59.391+0000] {dag.py:3239} INFO - Sync 1 DAGs
[2024-12-15T20:16:59.432+0000] {logging_mixin.py:190} INFO - [2024-12-15T20:16:59.431+0000] {dag.py:4180} INFO - Setting next_dagrun for example_setup_teardown to None, run_after=None
[2024-12-15T20:16:59.480+0000] {processor.py:208} INFO - Processing /home/airflow/.local/lib/python3.12/site-packages/airflow/example_dags/example_setup_teardown.py took 0.201 seconds
[2024-12-15T20:17:29.637+0000] {processor.py:186} INFO - Started process (PID=193) to work on /home/airflow/.local/lib/python3.12/site-packages/airflow/example_dags/example_setup_teardown.py
[2024-12-15T20:17:29.648+0000] {processor.py:914} INFO - Processing file /home/airflow/.local/lib/python3.12/site-packages/airflow/example_dags/example_setup_teardown.py for tasks to queue
[2024-12-15T20:17:29.684+0000] {logging_mixin.py:190} INFO - [2024-12-15T20:17:29.680+0000] {dagbag.py:588} INFO - Filling up the DagBag from /home/airflow/.local/lib/python3.12/site-packages/airflow/example_dags/example_setup_teardown.py
[2024-12-15T20:17:29.711+0000] {processor.py:925} INFO - DAG(s) 'example_setup_teardown' retrieved from /home/airflow/.local/lib/python3.12/site-packages/airflow/example_dags/example_setup_teardown.py
[2024-12-15T20:17:29.747+0000] {logging_mixin.py:190} INFO - [2024-12-15T20:17:29.747+0000] {dag.py:3239} INFO - Sync 1 DAGs
[2024-12-15T20:17:29.780+0000] {logging_mixin.py:190} INFO - [2024-12-15T20:17:29.779+0000] {dag.py:4180} INFO - Setting next_dagrun for example_setup_teardown to None, run_after=None
[2024-12-15T20:17:29.811+0000] {processor.py:208} INFO - Processing /home/airflow/.local/lib/python3.12/site-packages/airflow/example_dags/example_setup_teardown.py took 0.219 seconds
[2024-12-15T20:18:02.766+0000] {processor.py:186} INFO - Started process (PID=257) to work on /home/airflow/.local/lib/python3.12/site-packages/airflow/example_dags/example_setup_teardown.py
[2024-12-15T20:18:02.778+0000] {processor.py:914} INFO - Processing file /home/airflow/.local/lib/python3.12/site-packages/airflow/example_dags/example_setup_teardown.py for tasks to queue
[2024-12-15T20:18:02.792+0000] {logging_mixin.py:190} INFO - [2024-12-15T20:18:02.791+0000] {dagbag.py:588} INFO - Filling up the DagBag from /home/airflow/.local/lib/python3.12/site-packages/airflow/example_dags/example_setup_teardown.py
[2024-12-15T20:18:02.839+0000] {processor.py:925} INFO - DAG(s) 'example_setup_teardown' retrieved from /home/airflow/.local/lib/python3.12/site-packages/airflow/example_dags/example_setup_teardown.py
[2024-12-15T20:18:02.911+0000] {logging_mixin.py:190} INFO - [2024-12-15T20:18:02.911+0000] {dag.py:3239} INFO - Sync 1 DAGs
[2024-12-15T20:18:02.951+0000] {logging_mixin.py:190} INFO - [2024-12-15T20:18:02.951+0000] {dag.py:4180} INFO - Setting next_dagrun for example_setup_teardown to None, run_after=None
[2024-12-15T20:18:03.013+0000] {processor.py:208} INFO - Processing /home/airflow/.local/lib/python3.12/site-packages/airflow/example_dags/example_setup_teardown.py took 0.288 seconds
[2024-12-15T20:18:37.245+0000] {processor.py:186} INFO - Started process (PID=321) to work on /home/airflow/.local/lib/python3.12/site-packages/airflow/example_dags/example_setup_teardown.py
[2024-12-15T20:18:37.248+0000] {processor.py:914} INFO - Processing file /home/airflow/.local/lib/python3.12/site-packages/airflow/example_dags/example_setup_teardown.py for tasks to queue
[2024-12-15T20:18:37.253+0000] {logging_mixin.py:190} INFO - [2024-12-15T20:18:37.252+0000] {dagbag.py:588} INFO - Filling up the DagBag from /home/airflow/.local/lib/python3.12/site-packages/airflow/example_dags/example_setup_teardown.py
[2024-12-15T20:18:37.268+0000] {processor.py:925} INFO - DAG(s) 'example_setup_teardown' retrieved from /home/airflow/.local/lib/python3.12/site-packages/airflow/example_dags/example_setup_teardown.py
[2024-12-15T20:18:37.301+0000] {logging_mixin.py:190} INFO - [2024-12-15T20:18:37.301+0000] {dag.py:3239} INFO - Sync 1 DAGs
[2024-12-15T20:18:37.334+0000] {logging_mixin.py:190} INFO - [2024-12-15T20:18:37.334+0000] {dag.py:4180} INFO - Setting next_dagrun for example_setup_teardown to None, run_after=None
[2024-12-15T20:18:37.381+0000] {processor.py:208} INFO - Processing /home/airflow/.local/lib/python3.12/site-packages/airflow/example_dags/example_setup_teardown.py took 0.147 seconds
[2024-12-15T20:19:09.911+0000] {processor.py:186} INFO - Started process (PID=384) to work on /home/airflow/.local/lib/python3.12/site-packages/airflow/example_dags/example_setup_teardown.py
[2024-12-15T20:19:09.915+0000] {processor.py:914} INFO - Processing file /home/airflow/.local/lib/python3.12/site-packages/airflow/example_dags/example_setup_teardown.py for tasks to queue
[2024-12-15T20:19:09.922+0000] {logging_mixin.py:190} INFO - [2024-12-15T20:19:09.921+0000] {dagbag.py:588} INFO - Filling up the DagBag from /home/airflow/.local/lib/python3.12/site-packages/airflow/example_dags/example_setup_teardown.py
[2024-12-15T20:19:09.941+0000] {processor.py:925} INFO - DAG(s) 'example_setup_teardown' retrieved from /home/airflow/.local/lib/python3.12/site-packages/airflow/example_dags/example_setup_teardown.py
[2024-12-15T20:19:09.994+0000] {logging_mixin.py:190} INFO - [2024-12-15T20:19:09.994+0000] {dag.py:3239} INFO - Sync 1 DAGs
[2024-12-15T20:19:10.026+0000] {logging_mixin.py:190} INFO - [2024-12-15T20:19:10.025+0000] {dag.py:4180} INFO - Setting next_dagrun for example_setup_teardown to None, run_after=None
[2024-12-15T20:19:10.053+0000] {processor.py:208} INFO - Processing /home/airflow/.local/lib/python3.12/site-packages/airflow/example_dags/example_setup_teardown.py took 0.158 seconds
[2024-12-15T20:20:42.770+0000] {processor.py:186} INFO - Started process (PID=444) to work on /home/airflow/.local/lib/python3.12/site-packages/airflow/example_dags/example_setup_teardown.py
[2024-12-15T20:20:42.784+0000] {processor.py:914} INFO - Processing file /home/airflow/.local/lib/python3.12/site-packages/airflow/example_dags/example_setup_teardown.py for tasks to queue
[2024-12-15T20:20:42.793+0000] {logging_mixin.py:190} INFO - [2024-12-15T20:20:42.792+0000] {dagbag.py:588} INFO - Filling up the DagBag from /home/airflow/.local/lib/python3.12/site-packages/airflow/example_dags/example_setup_teardown.py
[2024-12-15T20:20:42.880+0000] {processor.py:925} INFO - DAG(s) 'example_setup_teardown' retrieved from /home/airflow/.local/lib/python3.12/site-packages/airflow/example_dags/example_setup_teardown.py
[2024-12-15T20:20:42.969+0000] {logging_mixin.py:190} INFO - [2024-12-15T20:20:42.968+0000] {dag.py:3239} INFO - Sync 1 DAGs
[2024-12-15T20:20:43.013+0000] {logging_mixin.py:190} INFO - [2024-12-15T20:20:43.013+0000] {dag.py:4180} INFO - Setting next_dagrun for example_setup_teardown to None, run_after=None
[2024-12-15T20:20:43.199+0000] {processor.py:208} INFO - Processing /home/airflow/.local/lib/python3.12/site-packages/airflow/example_dags/example_setup_teardown.py took 0.452 seconds
[2024-12-15T20:21:16.879+0000] {processor.py:186} INFO - Started process (PID=507) to work on /home/airflow/.local/lib/python3.12/site-packages/airflow/example_dags/example_setup_teardown.py
[2024-12-15T20:21:16.884+0000] {processor.py:914} INFO - Processing file /home/airflow/.local/lib/python3.12/site-packages/airflow/example_dags/example_setup_teardown.py for tasks to queue
[2024-12-15T20:21:16.895+0000] {logging_mixin.py:190} INFO - [2024-12-15T20:21:16.893+0000] {dagbag.py:588} INFO - Filling up the DagBag from /home/airflow/.local/lib/python3.12/site-packages/airflow/example_dags/example_setup_teardown.py
[2024-12-15T20:21:16.937+0000] {processor.py:925} INFO - DAG(s) 'example_setup_teardown' retrieved from /home/airflow/.local/lib/python3.12/site-packages/airflow/example_dags/example_setup_teardown.py
[2024-12-15T20:21:17.026+0000] {logging_mixin.py:190} INFO - [2024-12-15T20:21:17.026+0000] {dag.py:3239} INFO - Sync 1 DAGs
[2024-12-15T20:21:17.084+0000] {logging_mixin.py:190} INFO - [2024-12-15T20:21:17.084+0000] {dag.py:4180} INFO - Setting next_dagrun for example_setup_teardown to None, run_after=None
[2024-12-15T20:21:17.151+0000] {processor.py:208} INFO - Processing /home/airflow/.local/lib/python3.12/site-packages/airflow/example_dags/example_setup_teardown.py took 0.318 seconds
[2024-12-15T20:21:47.578+0000] {processor.py:186} INFO - Started process (PID=573) to work on /home/airflow/.local/lib/python3.12/site-packages/airflow/example_dags/example_setup_teardown.py
[2024-12-15T20:21:47.581+0000] {processor.py:914} INFO - Processing file /home/airflow/.local/lib/python3.12/site-packages/airflow/example_dags/example_setup_teardown.py for tasks to queue
[2024-12-15T20:21:47.584+0000] {logging_mixin.py:190} INFO - [2024-12-15T20:21:47.583+0000] {dagbag.py:588} INFO - Filling up the DagBag from /home/airflow/.local/lib/python3.12/site-packages/airflow/example_dags/example_setup_teardown.py
[2024-12-15T20:21:47.599+0000] {processor.py:925} INFO - DAG(s) 'example_setup_teardown' retrieved from /home/airflow/.local/lib/python3.12/site-packages/airflow/example_dags/example_setup_teardown.py
[2024-12-15T20:21:47.628+0000] {logging_mixin.py:190} INFO - [2024-12-15T20:21:47.627+0000] {dag.py:3239} INFO - Sync 1 DAGs
[2024-12-15T20:21:47.654+0000] {logging_mixin.py:190} INFO - [2024-12-15T20:21:47.653+0000] {dag.py:4180} INFO - Setting next_dagrun for example_setup_teardown to None, run_after=None
[2024-12-15T20:21:47.711+0000] {processor.py:208} INFO - Processing /home/airflow/.local/lib/python3.12/site-packages/airflow/example_dags/example_setup_teardown.py took 0.141 seconds
[2024-12-15T20:22:21.387+0000] {processor.py:186} INFO - Started process (PID=633) to work on /home/airflow/.local/lib/python3.12/site-packages/airflow/example_dags/example_setup_teardown.py
[2024-12-15T20:22:21.392+0000] {processor.py:914} INFO - Processing file /home/airflow/.local/lib/python3.12/site-packages/airflow/example_dags/example_setup_teardown.py for tasks to queue
[2024-12-15T20:22:21.398+0000] {logging_mixin.py:190} INFO - [2024-12-15T20:22:21.397+0000] {dagbag.py:588} INFO - Filling up the DagBag from /home/airflow/.local/lib/python3.12/site-packages/airflow/example_dags/example_setup_teardown.py
[2024-12-15T20:22:21.426+0000] {processor.py:925} INFO - DAG(s) 'example_setup_teardown' retrieved from /home/airflow/.local/lib/python3.12/site-packages/airflow/example_dags/example_setup_teardown.py
[2024-12-15T20:22:21.500+0000] {logging_mixin.py:190} INFO - [2024-12-15T20:22:21.500+0000] {dag.py:3239} INFO - Sync 1 DAGs
[2024-12-15T20:22:21.535+0000] {logging_mixin.py:190} INFO - [2024-12-15T20:22:21.535+0000] {dag.py:4180} INFO - Setting next_dagrun for example_setup_teardown to None, run_after=None
[2024-12-15T20:22:21.571+0000] {processor.py:208} INFO - Processing /home/airflow/.local/lib/python3.12/site-packages/airflow/example_dags/example_setup_teardown.py took 0.199 seconds
[2024-12-15T20:22:52.471+0000] {processor.py:186} INFO - Started process (PID=697) to work on /home/airflow/.local/lib/python3.12/site-packages/airflow/example_dags/example_setup_teardown.py
[2024-12-15T20:22:52.475+0000] {processor.py:914} INFO - Processing file /home/airflow/.local/lib/python3.12/site-packages/airflow/example_dags/example_setup_teardown.py for tasks to queue
[2024-12-15T20:22:52.481+0000] {logging_mixin.py:190} INFO - [2024-12-15T20:22:52.479+0000] {dagbag.py:588} INFO - Filling up the DagBag from /home/airflow/.local/lib/python3.12/site-packages/airflow/example_dags/example_setup_teardown.py
[2024-12-15T20:22:52.507+0000] {processor.py:925} INFO - DAG(s) 'example_setup_teardown' retrieved from /home/airflow/.local/lib/python3.12/site-packages/airflow/example_dags/example_setup_teardown.py
[2024-12-15T20:22:52.556+0000] {logging_mixin.py:190} INFO - [2024-12-15T20:22:52.555+0000] {dag.py:3239} INFO - Sync 1 DAGs
[2024-12-15T20:22:52.618+0000] {logging_mixin.py:190} INFO - [2024-12-15T20:22:52.617+0000] {dag.py:4180} INFO - Setting next_dagrun for example_setup_teardown to None, run_after=None
[2024-12-15T20:22:52.685+0000] {processor.py:208} INFO - Processing /home/airflow/.local/lib/python3.12/site-packages/airflow/example_dags/example_setup_teardown.py took 0.225 seconds
[2024-12-15T20:23:26.206+0000] {processor.py:186} INFO - Started process (PID=762) to work on /home/airflow/.local/lib/python3.12/site-packages/airflow/example_dags/example_setup_teardown.py
[2024-12-15T20:23:26.209+0000] {processor.py:914} INFO - Processing file /home/airflow/.local/lib/python3.12/site-packages/airflow/example_dags/example_setup_teardown.py for tasks to queue
[2024-12-15T20:23:26.212+0000] {logging_mixin.py:190} INFO - [2024-12-15T20:23:26.212+0000] {dagbag.py:588} INFO - Filling up the DagBag from /home/airflow/.local/lib/python3.12/site-packages/airflow/example_dags/example_setup_teardown.py
[2024-12-15T20:23:26.232+0000] {processor.py:925} INFO - DAG(s) 'example_setup_teardown' retrieved from /home/airflow/.local/lib/python3.12/site-packages/airflow/example_dags/example_setup_teardown.py
[2024-12-15T20:23:26.298+0000] {logging_mixin.py:190} INFO - [2024-12-15T20:23:26.298+0000] {dag.py:3239} INFO - Sync 1 DAGs
[2024-12-15T20:23:26.345+0000] {logging_mixin.py:190} INFO - [2024-12-15T20:23:26.345+0000] {dag.py:4180} INFO - Setting next_dagrun for example_setup_teardown to None, run_after=None
[2024-12-15T20:23:26.379+0000] {processor.py:208} INFO - Processing /home/airflow/.local/lib/python3.12/site-packages/airflow/example_dags/example_setup_teardown.py took 0.186 seconds
[2024-12-15T20:29:00.609+0000] {processor.py:186} INFO - Started process (PID=865) to work on /home/airflow/.local/lib/python3.12/site-packages/airflow/example_dags/example_setup_teardown.py
[2024-12-15T20:29:00.618+0000] {processor.py:914} INFO - Processing file /home/airflow/.local/lib/python3.12/site-packages/airflow/example_dags/example_setup_teardown.py for tasks to queue
[2024-12-15T20:29:00.684+0000] {logging_mixin.py:190} INFO - [2024-12-15T20:29:00.682+0000] {dagbag.py:588} INFO - Filling up the DagBag from /home/airflow/.local/lib/python3.12/site-packages/airflow/example_dags/example_setup_teardown.py
[2024-12-15T20:29:00.766+0000] {processor.py:925} INFO - DAG(s) 'example_setup_teardown' retrieved from /home/airflow/.local/lib/python3.12/site-packages/airflow/example_dags/example_setup_teardown.py
[2024-12-15T20:29:00.881+0000] {logging_mixin.py:190} INFO - [2024-12-15T20:29:00.880+0000] {dag.py:3239} INFO - Sync 1 DAGs
[2024-12-15T20:29:00.916+0000] {logging_mixin.py:190} INFO - [2024-12-15T20:29:00.915+0000] {dag.py:4180} INFO - Setting next_dagrun for example_setup_teardown to None, run_after=None
[2024-12-15T20:29:01.057+0000] {processor.py:208} INFO - Processing /home/airflow/.local/lib/python3.12/site-packages/airflow/example_dags/example_setup_teardown.py took 0.488 seconds
[2024-12-15T20:30:18.369+0000] {processor.py:186} INFO - Started process (PID=940) to work on /home/airflow/.local/lib/python3.12/site-packages/airflow/example_dags/example_setup_teardown.py
[2024-12-15T20:30:18.386+0000] {processor.py:914} INFO - Processing file /home/airflow/.local/lib/python3.12/site-packages/airflow/example_dags/example_setup_teardown.py for tasks to queue
[2024-12-15T20:30:18.410+0000] {logging_mixin.py:190} INFO - [2024-12-15T20:30:18.401+0000] {dagbag.py:588} INFO - Filling up the DagBag from /home/airflow/.local/lib/python3.12/site-packages/airflow/example_dags/example_setup_teardown.py
[2024-12-15T20:30:18.534+0000] {processor.py:925} INFO - DAG(s) 'example_setup_teardown' retrieved from /home/airflow/.local/lib/python3.12/site-packages/airflow/example_dags/example_setup_teardown.py
[2024-12-15T20:30:18.680+0000] {logging_mixin.py:190} INFO - [2024-12-15T20:30:18.680+0000] {dag.py:3239} INFO - Sync 1 DAGs
[2024-12-15T20:30:18.752+0000] {logging_mixin.py:190} INFO - [2024-12-15T20:30:18.752+0000] {dag.py:4180} INFO - Setting next_dagrun for example_setup_teardown to None, run_after=None
[2024-12-15T20:30:18.840+0000] {processor.py:208} INFO - Processing /home/airflow/.local/lib/python3.12/site-packages/airflow/example_dags/example_setup_teardown.py took 0.743 seconds
[2024-12-15T20:30:49.320+0000] {processor.py:186} INFO - Started process (PID=1005) to work on /home/airflow/.local/lib/python3.12/site-packages/airflow/example_dags/example_setup_teardown.py
[2024-12-15T20:30:49.322+0000] {processor.py:914} INFO - Processing file /home/airflow/.local/lib/python3.12/site-packages/airflow/example_dags/example_setup_teardown.py for tasks to queue
[2024-12-15T20:30:49.324+0000] {logging_mixin.py:190} INFO - [2024-12-15T20:30:49.323+0000] {dagbag.py:588} INFO - Filling up the DagBag from /home/airflow/.local/lib/python3.12/site-packages/airflow/example_dags/example_setup_teardown.py
[2024-12-15T20:30:49.339+0000] {processor.py:925} INFO - DAG(s) 'example_setup_teardown' retrieved from /home/airflow/.local/lib/python3.12/site-packages/airflow/example_dags/example_setup_teardown.py
[2024-12-15T20:30:49.365+0000] {logging_mixin.py:190} INFO - [2024-12-15T20:30:49.365+0000] {dag.py:3239} INFO - Sync 1 DAGs
[2024-12-15T20:30:49.383+0000] {logging_mixin.py:190} INFO - [2024-12-15T20:30:49.382+0000] {dag.py:4180} INFO - Setting next_dagrun for example_setup_teardown to None, run_after=None
[2024-12-15T20:30:49.410+0000] {processor.py:208} INFO - Processing /home/airflow/.local/lib/python3.12/site-packages/airflow/example_dags/example_setup_teardown.py took 0.098 seconds
[2024-12-15T20:31:19.636+0000] {processor.py:186} INFO - Started process (PID=1070) to work on /home/airflow/.local/lib/python3.12/site-packages/airflow/example_dags/example_setup_teardown.py
[2024-12-15T20:31:19.639+0000] {processor.py:914} INFO - Processing file /home/airflow/.local/lib/python3.12/site-packages/airflow/example_dags/example_setup_teardown.py for tasks to queue
[2024-12-15T20:31:19.643+0000] {logging_mixin.py:190} INFO - [2024-12-15T20:31:19.642+0000] {dagbag.py:588} INFO - Filling up the DagBag from /home/airflow/.local/lib/python3.12/site-packages/airflow/example_dags/example_setup_teardown.py
[2024-12-15T20:31:19.660+0000] {processor.py:925} INFO - DAG(s) 'example_setup_teardown' retrieved from /home/airflow/.local/lib/python3.12/site-packages/airflow/example_dags/example_setup_teardown.py
[2024-12-15T20:31:19.698+0000] {logging_mixin.py:190} INFO - [2024-12-15T20:31:19.697+0000] {dag.py:3239} INFO - Sync 1 DAGs
[2024-12-15T20:31:19.720+0000] {logging_mixin.py:190} INFO - [2024-12-15T20:31:19.719+0000] {dag.py:4180} INFO - Setting next_dagrun for example_setup_teardown to None, run_after=None
[2024-12-15T20:31:19.776+0000] {processor.py:208} INFO - Processing /home/airflow/.local/lib/python3.12/site-packages/airflow/example_dags/example_setup_teardown.py took 0.147 seconds
[2024-12-15T20:32:57.594+0000] {processor.py:186} INFO - Started process (PID=1130) to work on /home/airflow/.local/lib/python3.12/site-packages/airflow/example_dags/example_setup_teardown.py
[2024-12-15T20:32:57.604+0000] {processor.py:914} INFO - Processing file /home/airflow/.local/lib/python3.12/site-packages/airflow/example_dags/example_setup_teardown.py for tasks to queue
[2024-12-15T20:32:57.606+0000] {logging_mixin.py:190} INFO - [2024-12-15T20:32:57.606+0000] {dagbag.py:588} INFO - Filling up the DagBag from /home/airflow/.local/lib/python3.12/site-packages/airflow/example_dags/example_setup_teardown.py
[2024-12-15T20:32:57.636+0000] {processor.py:925} INFO - DAG(s) 'example_setup_teardown' retrieved from /home/airflow/.local/lib/python3.12/site-packages/airflow/example_dags/example_setup_teardown.py
[2024-12-15T20:32:57.723+0000] {logging_mixin.py:190} INFO - [2024-12-15T20:32:57.723+0000] {dag.py:3239} INFO - Sync 1 DAGs
[2024-12-15T20:32:57.761+0000] {logging_mixin.py:190} INFO - [2024-12-15T20:32:57.760+0000] {dag.py:4180} INFO - Setting next_dagrun for example_setup_teardown to None, run_after=None
[2024-12-15T20:32:57.806+0000] {processor.py:208} INFO - Processing /home/airflow/.local/lib/python3.12/site-packages/airflow/example_dags/example_setup_teardown.py took 0.231 seconds
[2024-12-15T20:33:28.092+0000] {processor.py:186} INFO - Started process (PID=1195) to work on /home/airflow/.local/lib/python3.12/site-packages/airflow/example_dags/example_setup_teardown.py
[2024-12-15T20:33:28.100+0000] {processor.py:914} INFO - Processing file /home/airflow/.local/lib/python3.12/site-packages/airflow/example_dags/example_setup_teardown.py for tasks to queue
[2024-12-15T20:33:28.107+0000] {logging_mixin.py:190} INFO - [2024-12-15T20:33:28.106+0000] {dagbag.py:588} INFO - Filling up the DagBag from /home/airflow/.local/lib/python3.12/site-packages/airflow/example_dags/example_setup_teardown.py
[2024-12-15T20:33:28.152+0000] {processor.py:925} INFO - DAG(s) 'example_setup_teardown' retrieved from /home/airflow/.local/lib/python3.12/site-packages/airflow/example_dags/example_setup_teardown.py
[2024-12-15T20:33:28.251+0000] {logging_mixin.py:190} INFO - [2024-12-15T20:33:28.248+0000] {dag.py:3239} INFO - Sync 1 DAGs
[2024-12-15T20:33:28.340+0000] {logging_mixin.py:190} INFO - [2024-12-15T20:33:28.340+0000] {dag.py:4180} INFO - Setting next_dagrun for example_setup_teardown to None, run_after=None
[2024-12-15T20:33:28.374+0000] {processor.py:208} INFO - Processing /home/airflow/.local/lib/python3.12/site-packages/airflow/example_dags/example_setup_teardown.py took 0.324 seconds
[2024-12-15T20:33:58.900+0000] {processor.py:186} INFO - Started process (PID=1259) to work on /home/airflow/.local/lib/python3.12/site-packages/airflow/example_dags/example_setup_teardown.py
[2024-12-15T20:33:58.904+0000] {processor.py:914} INFO - Processing file /home/airflow/.local/lib/python3.12/site-packages/airflow/example_dags/example_setup_teardown.py for tasks to queue
[2024-12-15T20:33:58.907+0000] {logging_mixin.py:190} INFO - [2024-12-15T20:33:58.906+0000] {dagbag.py:588} INFO - Filling up the DagBag from /home/airflow/.local/lib/python3.12/site-packages/airflow/example_dags/example_setup_teardown.py
[2024-12-15T20:33:58.919+0000] {processor.py:925} INFO - DAG(s) 'example_setup_teardown' retrieved from /home/airflow/.local/lib/python3.12/site-packages/airflow/example_dags/example_setup_teardown.py
[2024-12-15T20:33:58.956+0000] {logging_mixin.py:190} INFO - [2024-12-15T20:33:58.956+0000] {dag.py:3239} INFO - Sync 1 DAGs
[2024-12-15T20:33:58.976+0000] {logging_mixin.py:190} INFO - [2024-12-15T20:33:58.976+0000] {dag.py:4180} INFO - Setting next_dagrun for example_setup_teardown to None, run_after=None
[2024-12-15T20:33:59.002+0000] {processor.py:208} INFO - Processing /home/airflow/.local/lib/python3.12/site-packages/airflow/example_dags/example_setup_teardown.py took 0.114 seconds
[2024-12-15T20:34:30.531+0000] {processor.py:186} INFO - Started process (PID=1325) to work on /home/airflow/.local/lib/python3.12/site-packages/airflow/example_dags/example_setup_teardown.py
[2024-12-15T20:34:30.533+0000] {processor.py:914} INFO - Processing file /home/airflow/.local/lib/python3.12/site-packages/airflow/example_dags/example_setup_teardown.py for tasks to queue
[2024-12-15T20:34:30.536+0000] {logging_mixin.py:190} INFO - [2024-12-15T20:34:30.535+0000] {dagbag.py:588} INFO - Filling up the DagBag from /home/airflow/.local/lib/python3.12/site-packages/airflow/example_dags/example_setup_teardown.py
[2024-12-15T20:34:30.553+0000] {processor.py:925} INFO - DAG(s) 'example_setup_teardown' retrieved from /home/airflow/.local/lib/python3.12/site-packages/airflow/example_dags/example_setup_teardown.py
[2024-12-15T20:34:30.584+0000] {logging_mixin.py:190} INFO - [2024-12-15T20:34:30.584+0000] {dag.py:3239} INFO - Sync 1 DAGs
[2024-12-15T20:34:30.610+0000] {logging_mixin.py:190} INFO - [2024-12-15T20:34:30.609+0000] {dag.py:4180} INFO - Setting next_dagrun for example_setup_teardown to None, run_after=None
[2024-12-15T20:34:30.655+0000] {processor.py:208} INFO - Processing /home/airflow/.local/lib/python3.12/site-packages/airflow/example_dags/example_setup_teardown.py took 0.140 seconds
[2024-12-15T20:35:06.481+0000] {processor.py:186} INFO - Started process (PID=1391) to work on /home/airflow/.local/lib/python3.12/site-packages/airflow/example_dags/example_setup_teardown.py
[2024-12-15T20:35:06.489+0000] {processor.py:914} INFO - Processing file /home/airflow/.local/lib/python3.12/site-packages/airflow/example_dags/example_setup_teardown.py for tasks to queue
[2024-12-15T20:35:06.492+0000] {logging_mixin.py:190} INFO - [2024-12-15T20:35:06.491+0000] {dagbag.py:588} INFO - Filling up the DagBag from /home/airflow/.local/lib/python3.12/site-packages/airflow/example_dags/example_setup_teardown.py
[2024-12-15T20:35:06.516+0000] {processor.py:925} INFO - DAG(s) 'example_setup_teardown' retrieved from /home/airflow/.local/lib/python3.12/site-packages/airflow/example_dags/example_setup_teardown.py
[2024-12-15T20:35:06.589+0000] {logging_mixin.py:190} INFO - [2024-12-15T20:35:06.588+0000] {dag.py:3239} INFO - Sync 1 DAGs
[2024-12-15T20:35:06.646+0000] {logging_mixin.py:190} INFO - [2024-12-15T20:35:06.641+0000] {dag.py:4180} INFO - Setting next_dagrun for example_setup_teardown to None, run_after=None
[2024-12-15T20:35:06.707+0000] {processor.py:208} INFO - Processing /home/airflow/.local/lib/python3.12/site-packages/airflow/example_dags/example_setup_teardown.py took 0.240 seconds
[2024-12-15T20:35:54.822+0000] {processor.py:186} INFO - Started process (PID=1462) to work on /home/airflow/.local/lib/python3.12/site-packages/airflow/example_dags/example_setup_teardown.py
[2024-12-15T20:35:54.824+0000] {processor.py:914} INFO - Processing file /home/airflow/.local/lib/python3.12/site-packages/airflow/example_dags/example_setup_teardown.py for tasks to queue
[2024-12-15T20:35:54.827+0000] {logging_mixin.py:190} INFO - [2024-12-15T20:35:54.826+0000] {dagbag.py:588} INFO - Filling up the DagBag from /home/airflow/.local/lib/python3.12/site-packages/airflow/example_dags/example_setup_teardown.py
[2024-12-15T20:35:54.843+0000] {processor.py:925} INFO - DAG(s) 'example_setup_teardown' retrieved from /home/airflow/.local/lib/python3.12/site-packages/airflow/example_dags/example_setup_teardown.py
[2024-12-15T20:35:54.871+0000] {logging_mixin.py:190} INFO - [2024-12-15T20:35:54.871+0000] {dag.py:3239} INFO - Sync 1 DAGs
[2024-12-15T20:35:54.891+0000] {logging_mixin.py:190} INFO - [2024-12-15T20:35:54.891+0000] {dag.py:4180} INFO - Setting next_dagrun for example_setup_teardown to None, run_after=None
[2024-12-15T20:35:54.916+0000] {processor.py:208} INFO - Processing /home/airflow/.local/lib/python3.12/site-packages/airflow/example_dags/example_setup_teardown.py took 0.108 seconds
[2024-12-15T20:36:25.802+0000] {processor.py:186} INFO - Started process (PID=1527) to work on /home/airflow/.local/lib/python3.12/site-packages/airflow/example_dags/example_setup_teardown.py
[2024-12-15T20:36:25.804+0000] {processor.py:914} INFO - Processing file /home/airflow/.local/lib/python3.12/site-packages/airflow/example_dags/example_setup_teardown.py for tasks to queue
[2024-12-15T20:36:25.807+0000] {logging_mixin.py:190} INFO - [2024-12-15T20:36:25.806+0000] {dagbag.py:588} INFO - Filling up the DagBag from /home/airflow/.local/lib/python3.12/site-packages/airflow/example_dags/example_setup_teardown.py
[2024-12-15T20:36:25.820+0000] {processor.py:925} INFO - DAG(s) 'example_setup_teardown' retrieved from /home/airflow/.local/lib/python3.12/site-packages/airflow/example_dags/example_setup_teardown.py
[2024-12-15T20:36:25.850+0000] {logging_mixin.py:190} INFO - [2024-12-15T20:36:25.850+0000] {dag.py:3239} INFO - Sync 1 DAGs
[2024-12-15T20:36:25.871+0000] {logging_mixin.py:190} INFO - [2024-12-15T20:36:25.871+0000] {dag.py:4180} INFO - Setting next_dagrun for example_setup_teardown to None, run_after=None
[2024-12-15T20:36:25.899+0000] {processor.py:208} INFO - Processing /home/airflow/.local/lib/python3.12/site-packages/airflow/example_dags/example_setup_teardown.py took 0.106 seconds
[2024-12-15T20:36:56.289+0000] {processor.py:186} INFO - Started process (PID=1592) to work on /home/airflow/.local/lib/python3.12/site-packages/airflow/example_dags/example_setup_teardown.py
[2024-12-15T20:36:56.292+0000] {processor.py:914} INFO - Processing file /home/airflow/.local/lib/python3.12/site-packages/airflow/example_dags/example_setup_teardown.py for tasks to queue
[2024-12-15T20:36:56.295+0000] {logging_mixin.py:190} INFO - [2024-12-15T20:36:56.295+0000] {dagbag.py:588} INFO - Filling up the DagBag from /home/airflow/.local/lib/python3.12/site-packages/airflow/example_dags/example_setup_teardown.py
[2024-12-15T20:36:56.316+0000] {processor.py:925} INFO - DAG(s) 'example_setup_teardown' retrieved from /home/airflow/.local/lib/python3.12/site-packages/airflow/example_dags/example_setup_teardown.py
[2024-12-15T20:36:56.351+0000] {logging_mixin.py:190} INFO - [2024-12-15T20:36:56.351+0000] {dag.py:3239} INFO - Sync 1 DAGs
[2024-12-15T20:36:56.374+0000] {logging_mixin.py:190} INFO - [2024-12-15T20:36:56.372+0000] {dag.py:4180} INFO - Setting next_dagrun for example_setup_teardown to None, run_after=None
[2024-12-15T20:36:56.398+0000] {processor.py:208} INFO - Processing /home/airflow/.local/lib/python3.12/site-packages/airflow/example_dags/example_setup_teardown.py took 0.119 seconds
[2024-12-15T20:37:28.294+0000] {processor.py:186} INFO - Started process (PID=1656) to work on /home/airflow/.local/lib/python3.12/site-packages/airflow/example_dags/example_setup_teardown.py
[2024-12-15T20:37:28.302+0000] {processor.py:914} INFO - Processing file /home/airflow/.local/lib/python3.12/site-packages/airflow/example_dags/example_setup_teardown.py for tasks to queue
[2024-12-15T20:37:28.310+0000] {logging_mixin.py:190} INFO - [2024-12-15T20:37:28.308+0000] {dagbag.py:588} INFO - Filling up the DagBag from /home/airflow/.local/lib/python3.12/site-packages/airflow/example_dags/example_setup_teardown.py
[2024-12-15T20:37:28.351+0000] {processor.py:925} INFO - DAG(s) 'example_setup_teardown' retrieved from /home/airflow/.local/lib/python3.12/site-packages/airflow/example_dags/example_setup_teardown.py
[2024-12-15T20:37:28.411+0000] {logging_mixin.py:190} INFO - [2024-12-15T20:37:28.411+0000] {dag.py:3239} INFO - Sync 1 DAGs
[2024-12-15T20:37:28.430+0000] {logging_mixin.py:190} INFO - [2024-12-15T20:37:28.430+0000] {dag.py:4180} INFO - Setting next_dagrun for example_setup_teardown to None, run_after=None
[2024-12-15T20:37:28.455+0000] {processor.py:208} INFO - Processing /home/airflow/.local/lib/python3.12/site-packages/airflow/example_dags/example_setup_teardown.py took 0.184 seconds
[2024-12-15T20:37:59.080+0000] {processor.py:186} INFO - Started process (PID=1721) to work on /home/airflow/.local/lib/python3.12/site-packages/airflow/example_dags/example_setup_teardown.py
[2024-12-15T20:37:59.086+0000] {processor.py:914} INFO - Processing file /home/airflow/.local/lib/python3.12/site-packages/airflow/example_dags/example_setup_teardown.py for tasks to queue
[2024-12-15T20:37:59.092+0000] {logging_mixin.py:190} INFO - [2024-12-15T20:37:59.090+0000] {dagbag.py:588} INFO - Filling up the DagBag from /home/airflow/.local/lib/python3.12/site-packages/airflow/example_dags/example_setup_teardown.py
[2024-12-15T20:37:59.142+0000] {processor.py:925} INFO - DAG(s) 'example_setup_teardown' retrieved from /home/airflow/.local/lib/python3.12/site-packages/airflow/example_dags/example_setup_teardown.py
[2024-12-15T20:37:59.251+0000] {logging_mixin.py:190} INFO - [2024-12-15T20:37:59.251+0000] {dag.py:3239} INFO - Sync 1 DAGs
[2024-12-15T20:37:59.338+0000] {logging_mixin.py:190} INFO - [2024-12-15T20:37:59.338+0000] {dag.py:4180} INFO - Setting next_dagrun for example_setup_teardown to None, run_after=None
[2024-12-15T20:37:59.419+0000] {processor.py:208} INFO - Processing /home/airflow/.local/lib/python3.12/site-packages/airflow/example_dags/example_setup_teardown.py took 0.374 seconds
[2024-12-15T20:38:29.663+0000] {processor.py:186} INFO - Started process (PID=1787) to work on /home/airflow/.local/lib/python3.12/site-packages/airflow/example_dags/example_setup_teardown.py
[2024-12-15T20:38:29.666+0000] {processor.py:914} INFO - Processing file /home/airflow/.local/lib/python3.12/site-packages/airflow/example_dags/example_setup_teardown.py for tasks to queue
[2024-12-15T20:38:29.672+0000] {logging_mixin.py:190} INFO - [2024-12-15T20:38:29.671+0000] {dagbag.py:588} INFO - Filling up the DagBag from /home/airflow/.local/lib/python3.12/site-packages/airflow/example_dags/example_setup_teardown.py
[2024-12-15T20:38:29.695+0000] {processor.py:925} INFO - DAG(s) 'example_setup_teardown' retrieved from /home/airflow/.local/lib/python3.12/site-packages/airflow/example_dags/example_setup_teardown.py
[2024-12-15T20:38:29.743+0000] {logging_mixin.py:190} INFO - [2024-12-15T20:38:29.743+0000] {dag.py:3239} INFO - Sync 1 DAGs
[2024-12-15T20:38:29.764+0000] {logging_mixin.py:190} INFO - [2024-12-15T20:38:29.764+0000] {dag.py:4180} INFO - Setting next_dagrun for example_setup_teardown to None, run_after=None
[2024-12-15T20:38:29.796+0000] {processor.py:208} INFO - Processing /home/airflow/.local/lib/python3.12/site-packages/airflow/example_dags/example_setup_teardown.py took 0.152 seconds
[2024-12-15T20:40:59.753+0000] {processor.py:186} INFO - Started process (PID=1815) to work on /home/airflow/.local/lib/python3.12/site-packages/airflow/example_dags/example_setup_teardown.py
[2024-12-15T20:40:59.757+0000] {processor.py:914} INFO - Processing file /home/airflow/.local/lib/python3.12/site-packages/airflow/example_dags/example_setup_teardown.py for tasks to queue
[2024-12-15T20:40:59.768+0000] {logging_mixin.py:190} INFO - [2024-12-15T20:40:59.766+0000] {dagbag.py:588} INFO - Filling up the DagBag from /home/airflow/.local/lib/python3.12/site-packages/airflow/example_dags/example_setup_teardown.py
[2024-12-15T20:40:59.856+0000] {processor.py:925} INFO - DAG(s) 'example_setup_teardown' retrieved from /home/airflow/.local/lib/python3.12/site-packages/airflow/example_dags/example_setup_teardown.py
[2024-12-15T20:41:00.024+0000] {logging_mixin.py:190} INFO - [2024-12-15T20:41:00.023+0000] {dag.py:3239} INFO - Sync 1 DAGs
[2024-12-15T20:41:00.081+0000] {logging_mixin.py:190} INFO - [2024-12-15T20:41:00.081+0000] {dag.py:4180} INFO - Setting next_dagrun for example_setup_teardown to None, run_after=None
[2024-12-15T20:41:00.151+0000] {processor.py:208} INFO - Processing /home/airflow/.local/lib/python3.12/site-packages/airflow/example_dags/example_setup_teardown.py took 0.421 seconds
[2024-12-15T20:41:30.493+0000] {processor.py:186} INFO - Started process (PID=1878) to work on /home/airflow/.local/lib/python3.12/site-packages/airflow/example_dags/example_setup_teardown.py
[2024-12-15T20:41:30.498+0000] {processor.py:914} INFO - Processing file /home/airflow/.local/lib/python3.12/site-packages/airflow/example_dags/example_setup_teardown.py for tasks to queue
[2024-12-15T20:41:30.501+0000] {logging_mixin.py:190} INFO - [2024-12-15T20:41:30.500+0000] {dagbag.py:588} INFO - Filling up the DagBag from /home/airflow/.local/lib/python3.12/site-packages/airflow/example_dags/example_setup_teardown.py
[2024-12-15T20:41:30.515+0000] {processor.py:925} INFO - DAG(s) 'example_setup_teardown' retrieved from /home/airflow/.local/lib/python3.12/site-packages/airflow/example_dags/example_setup_teardown.py
[2024-12-15T20:41:30.545+0000] {logging_mixin.py:190} INFO - [2024-12-15T20:41:30.545+0000] {dag.py:3239} INFO - Sync 1 DAGs
[2024-12-15T20:41:30.566+0000] {logging_mixin.py:190} INFO - [2024-12-15T20:41:30.566+0000] {dag.py:4180} INFO - Setting next_dagrun for example_setup_teardown to None, run_after=None
[2024-12-15T20:41:30.591+0000] {processor.py:208} INFO - Processing /home/airflow/.local/lib/python3.12/site-packages/airflow/example_dags/example_setup_teardown.py took 0.112 seconds
[2024-12-15T20:42:00.959+0000] {processor.py:186} INFO - Started process (PID=1943) to work on /home/airflow/.local/lib/python3.12/site-packages/airflow/example_dags/example_setup_teardown.py
[2024-12-15T20:42:00.963+0000] {processor.py:914} INFO - Processing file /home/airflow/.local/lib/python3.12/site-packages/airflow/example_dags/example_setup_teardown.py for tasks to queue
[2024-12-15T20:42:00.966+0000] {logging_mixin.py:190} INFO - [2024-12-15T20:42:00.965+0000] {dagbag.py:588} INFO - Filling up the DagBag from /home/airflow/.local/lib/python3.12/site-packages/airflow/example_dags/example_setup_teardown.py
[2024-12-15T20:42:00.979+0000] {processor.py:925} INFO - DAG(s) 'example_setup_teardown' retrieved from /home/airflow/.local/lib/python3.12/site-packages/airflow/example_dags/example_setup_teardown.py
[2024-12-15T20:42:01.009+0000] {logging_mixin.py:190} INFO - [2024-12-15T20:42:01.008+0000] {dag.py:3239} INFO - Sync 1 DAGs
[2024-12-15T20:42:01.028+0000] {logging_mixin.py:190} INFO - [2024-12-15T20:42:01.027+0000] {dag.py:4180} INFO - Setting next_dagrun for example_setup_teardown to None, run_after=None
[2024-12-15T20:42:01.052+0000] {processor.py:208} INFO - Processing /home/airflow/.local/lib/python3.12/site-packages/airflow/example_dags/example_setup_teardown.py took 0.104 seconds
