[2024-12-15T19:40:51.991+0000] {processor.py:186} INFO - Started process (PID=85) to work on /home/airflow/.local/lib/python3.12/site-packages/airflow/example_dags/example_sensor_decorator.py
[2024-12-15T19:40:52.005+0000] {processor.py:914} INFO - Processing file /home/airflow/.local/lib/python3.12/site-packages/airflow/example_dags/example_sensor_decorator.py for tasks to queue
[2024-12-15T19:40:52.023+0000] {logging_mixin.py:190} INFO - [2024-12-15T19:40:52.023+0000] {dagbag.py:588} INFO - Filling up the DagBag from /home/airflow/.local/lib/python3.12/site-packages/airflow/example_dags/example_sensor_decorator.py
[2024-12-15T19:40:52.064+0000] {processor.py:925} INFO - DAG(s) 'example_sensor_decorator' retrieved from /home/airflow/.local/lib/python3.12/site-packages/airflow/example_dags/example_sensor_decorator.py
[2024-12-15T19:40:53.037+0000] {logging_mixin.py:190} INFO - [2024-12-15T19:40:53.036+0000] {override.py:1911} INFO - Created Permission View: can delete on DAG:example_sensor_decorator
[2024-12-15T19:40:53.123+0000] {logging_mixin.py:190} INFO - [2024-12-15T19:40:53.122+0000] {override.py:1911} INFO - Created Permission View: can read on DAG:example_sensor_decorator
[2024-12-15T19:40:53.154+0000] {logging_mixin.py:190} INFO - [2024-12-15T19:40:53.154+0000] {override.py:1911} INFO - Created Permission View: can edit on DAG:example_sensor_decorator
[2024-12-15T19:40:53.175+0000] {logging_mixin.py:190} INFO - [2024-12-15T19:40:53.174+0000] {override.py:1911} INFO - Created Permission View: menu access on DAG Run:example_sensor_decorator
[2024-12-15T19:40:53.196+0000] {logging_mixin.py:190} INFO - [2024-12-15T19:40:53.195+0000] {override.py:1911} INFO - Created Permission View: can delete on DAG Run:example_sensor_decorator
[2024-12-15T19:40:53.214+0000] {logging_mixin.py:190} INFO - [2024-12-15T19:40:53.214+0000] {override.py:1911} INFO - Created Permission View: can create on DAG Run:example_sensor_decorator
[2024-12-15T19:40:53.246+0000] {logging_mixin.py:190} INFO - [2024-12-15T19:40:53.242+0000] {override.py:1911} INFO - Created Permission View: can read on DAG Run:example_sensor_decorator
[2024-12-15T19:40:53.251+0000] {logging_mixin.py:190} INFO - [2024-12-15T19:40:53.250+0000] {dag.py:3239} INFO - Sync 1 DAGs
[2024-12-15T19:40:53.326+0000] {logging_mixin.py:190} INFO - [2024-12-15T19:40:53.326+0000] {dag.py:3262} INFO - Creating ORM DAG for example_sensor_decorator
[2024-12-15T19:40:53.333+0000] {logging_mixin.py:190} INFO - [2024-12-15T19:40:53.332+0000] {dag.py:4180} INFO - Setting next_dagrun for example_sensor_decorator to None, run_after=None
[2024-12-15T19:40:53.489+0000] {processor.py:208} INFO - Processing /home/airflow/.local/lib/python3.12/site-packages/airflow/example_dags/example_sensor_decorator.py took 1.514 seconds
[2024-12-15T19:41:24.226+0000] {processor.py:186} INFO - Started process (PID=149) to work on /home/airflow/.local/lib/python3.12/site-packages/airflow/example_dags/example_sensor_decorator.py
[2024-12-15T19:41:24.239+0000] {processor.py:914} INFO - Processing file /home/airflow/.local/lib/python3.12/site-packages/airflow/example_dags/example_sensor_decorator.py for tasks to queue
[2024-12-15T19:41:24.244+0000] {logging_mixin.py:190} INFO - [2024-12-15T19:41:24.244+0000] {dagbag.py:588} INFO - Filling up the DagBag from /home/airflow/.local/lib/python3.12/site-packages/airflow/example_dags/example_sensor_decorator.py
[2024-12-15T19:41:24.311+0000] {processor.py:925} INFO - DAG(s) 'example_sensor_decorator' retrieved from /home/airflow/.local/lib/python3.12/site-packages/airflow/example_dags/example_sensor_decorator.py
[2024-12-15T19:41:24.349+0000] {logging_mixin.py:190} INFO - [2024-12-15T19:41:24.349+0000] {dag.py:3239} INFO - Sync 1 DAGs
[2024-12-15T19:41:24.376+0000] {logging_mixin.py:190} INFO - [2024-12-15T19:41:24.375+0000] {dag.py:4180} INFO - Setting next_dagrun for example_sensor_decorator to None, run_after=None
[2024-12-15T19:41:24.427+0000] {processor.py:208} INFO - Processing /home/airflow/.local/lib/python3.12/site-packages/airflow/example_dags/example_sensor_decorator.py took 0.242 seconds
[2024-12-15T19:41:56.489+0000] {processor.py:186} INFO - Started process (PID=214) to work on /home/airflow/.local/lib/python3.12/site-packages/airflow/example_dags/example_sensor_decorator.py
[2024-12-15T19:41:56.493+0000] {processor.py:914} INFO - Processing file /home/airflow/.local/lib/python3.12/site-packages/airflow/example_dags/example_sensor_decorator.py for tasks to queue
[2024-12-15T19:41:56.501+0000] {logging_mixin.py:190} INFO - [2024-12-15T19:41:56.501+0000] {dagbag.py:588} INFO - Filling up the DagBag from /home/airflow/.local/lib/python3.12/site-packages/airflow/example_dags/example_sensor_decorator.py
[2024-12-15T19:41:56.522+0000] {processor.py:925} INFO - DAG(s) 'example_sensor_decorator' retrieved from /home/airflow/.local/lib/python3.12/site-packages/airflow/example_dags/example_sensor_decorator.py
[2024-12-15T19:41:56.653+0000] {logging_mixin.py:190} INFO - [2024-12-15T19:41:56.652+0000] {dag.py:3239} INFO - Sync 1 DAGs
[2024-12-15T19:41:56.842+0000] {logging_mixin.py:190} INFO - [2024-12-15T19:41:56.834+0000] {dag.py:4180} INFO - Setting next_dagrun for example_sensor_decorator to None, run_after=None
[2024-12-15T19:41:56.983+0000] {processor.py:208} INFO - Processing /home/airflow/.local/lib/python3.12/site-packages/airflow/example_dags/example_sensor_decorator.py took 0.516 seconds
[2024-12-15T19:42:47.845+0000] {processor.py:186} INFO - Started process (PID=277) to work on /home/airflow/.local/lib/python3.12/site-packages/airflow/example_dags/example_sensor_decorator.py
[2024-12-15T19:42:47.848+0000] {processor.py:914} INFO - Processing file /home/airflow/.local/lib/python3.12/site-packages/airflow/example_dags/example_sensor_decorator.py for tasks to queue
[2024-12-15T19:42:47.857+0000] {logging_mixin.py:190} INFO - [2024-12-15T19:42:47.856+0000] {dagbag.py:588} INFO - Filling up the DagBag from /home/airflow/.local/lib/python3.12/site-packages/airflow/example_dags/example_sensor_decorator.py
[2024-12-15T19:42:47.875+0000] {processor.py:925} INFO - DAG(s) 'example_sensor_decorator' retrieved from /home/airflow/.local/lib/python3.12/site-packages/airflow/example_dags/example_sensor_decorator.py
[2024-12-15T19:42:47.916+0000] {logging_mixin.py:190} INFO - [2024-12-15T19:42:47.916+0000] {dag.py:3239} INFO - Sync 1 DAGs
[2024-12-15T19:42:47.950+0000] {logging_mixin.py:190} INFO - [2024-12-15T19:42:47.949+0000] {dag.py:4180} INFO - Setting next_dagrun for example_sensor_decorator to None, run_after=None
[2024-12-15T19:42:47.988+0000] {processor.py:208} INFO - Processing /home/airflow/.local/lib/python3.12/site-packages/airflow/example_dags/example_sensor_decorator.py took 0.159 seconds
[2024-12-15T19:43:18.765+0000] {processor.py:186} INFO - Started process (PID=342) to work on /home/airflow/.local/lib/python3.12/site-packages/airflow/example_dags/example_sensor_decorator.py
[2024-12-15T19:43:18.767+0000] {processor.py:914} INFO - Processing file /home/airflow/.local/lib/python3.12/site-packages/airflow/example_dags/example_sensor_decorator.py for tasks to queue
[2024-12-15T19:43:18.771+0000] {logging_mixin.py:190} INFO - [2024-12-15T19:43:18.771+0000] {dagbag.py:588} INFO - Filling up the DagBag from /home/airflow/.local/lib/python3.12/site-packages/airflow/example_dags/example_sensor_decorator.py
[2024-12-15T19:43:18.784+0000] {processor.py:925} INFO - DAG(s) 'example_sensor_decorator' retrieved from /home/airflow/.local/lib/python3.12/site-packages/airflow/example_dags/example_sensor_decorator.py
[2024-12-15T19:43:18.820+0000] {logging_mixin.py:190} INFO - [2024-12-15T19:43:18.820+0000] {dag.py:3239} INFO - Sync 1 DAGs
[2024-12-15T19:43:18.842+0000] {logging_mixin.py:190} INFO - [2024-12-15T19:43:18.841+0000] {dag.py:4180} INFO - Setting next_dagrun for example_sensor_decorator to None, run_after=None
[2024-12-15T19:43:18.877+0000] {processor.py:208} INFO - Processing /home/airflow/.local/lib/python3.12/site-packages/airflow/example_dags/example_sensor_decorator.py took 0.120 seconds
[2024-12-15T19:43:51.314+0000] {processor.py:186} INFO - Started process (PID=405) to work on /home/airflow/.local/lib/python3.12/site-packages/airflow/example_dags/example_sensor_decorator.py
[2024-12-15T19:43:51.325+0000] {processor.py:914} INFO - Processing file /home/airflow/.local/lib/python3.12/site-packages/airflow/example_dags/example_sensor_decorator.py for tasks to queue
[2024-12-15T19:43:51.332+0000] {logging_mixin.py:190} INFO - [2024-12-15T19:43:51.331+0000] {dagbag.py:588} INFO - Filling up the DagBag from /home/airflow/.local/lib/python3.12/site-packages/airflow/example_dags/example_sensor_decorator.py
[2024-12-15T19:43:51.428+0000] {processor.py:925} INFO - DAG(s) 'example_sensor_decorator' retrieved from /home/airflow/.local/lib/python3.12/site-packages/airflow/example_dags/example_sensor_decorator.py
[2024-12-15T19:43:51.566+0000] {logging_mixin.py:190} INFO - [2024-12-15T19:43:51.566+0000] {dag.py:3239} INFO - Sync 1 DAGs
[2024-12-15T19:43:51.715+0000] {logging_mixin.py:190} INFO - [2024-12-15T19:43:51.713+0000] {dag.py:4180} INFO - Setting next_dagrun for example_sensor_decorator to None, run_after=None
[2024-12-15T19:43:51.857+0000] {processor.py:208} INFO - Processing /home/airflow/.local/lib/python3.12/site-packages/airflow/example_dags/example_sensor_decorator.py took 0.579 seconds
[2024-12-15T19:44:22.762+0000] {processor.py:186} INFO - Started process (PID=469) to work on /home/airflow/.local/lib/python3.12/site-packages/airflow/example_dags/example_sensor_decorator.py
[2024-12-15T19:44:22.764+0000] {processor.py:914} INFO - Processing file /home/airflow/.local/lib/python3.12/site-packages/airflow/example_dags/example_sensor_decorator.py for tasks to queue
[2024-12-15T19:44:22.767+0000] {logging_mixin.py:190} INFO - [2024-12-15T19:44:22.767+0000] {dagbag.py:588} INFO - Filling up the DagBag from /home/airflow/.local/lib/python3.12/site-packages/airflow/example_dags/example_sensor_decorator.py
[2024-12-15T19:44:22.794+0000] {processor.py:925} INFO - DAG(s) 'example_sensor_decorator' retrieved from /home/airflow/.local/lib/python3.12/site-packages/airflow/example_dags/example_sensor_decorator.py
[2024-12-15T19:44:22.820+0000] {logging_mixin.py:190} INFO - [2024-12-15T19:44:22.819+0000] {dag.py:3239} INFO - Sync 1 DAGs
[2024-12-15T19:44:22.839+0000] {logging_mixin.py:190} INFO - [2024-12-15T19:44:22.839+0000] {dag.py:4180} INFO - Setting next_dagrun for example_sensor_decorator to None, run_after=None
[2024-12-15T19:44:22.861+0000] {processor.py:208} INFO - Processing /home/airflow/.local/lib/python3.12/site-packages/airflow/example_dags/example_sensor_decorator.py took 0.110 seconds
[2024-12-15T19:45:40.702+0000] {processor.py:186} INFO - Started process (PID=535) to work on /home/airflow/.local/lib/python3.12/site-packages/airflow/example_dags/example_sensor_decorator.py
[2024-12-15T19:45:40.705+0000] {processor.py:914} INFO - Processing file /home/airflow/.local/lib/python3.12/site-packages/airflow/example_dags/example_sensor_decorator.py for tasks to queue
[2024-12-15T19:45:40.710+0000] {logging_mixin.py:190} INFO - [2024-12-15T19:45:40.710+0000] {dagbag.py:588} INFO - Filling up the DagBag from /home/airflow/.local/lib/python3.12/site-packages/airflow/example_dags/example_sensor_decorator.py
[2024-12-15T19:45:40.726+0000] {processor.py:925} INFO - DAG(s) 'example_sensor_decorator' retrieved from /home/airflow/.local/lib/python3.12/site-packages/airflow/example_dags/example_sensor_decorator.py
[2024-12-15T19:45:40.756+0000] {logging_mixin.py:190} INFO - [2024-12-15T19:45:40.755+0000] {dag.py:3239} INFO - Sync 1 DAGs
[2024-12-15T19:45:40.775+0000] {logging_mixin.py:190} INFO - [2024-12-15T19:45:40.775+0000] {dag.py:4180} INFO - Setting next_dagrun for example_sensor_decorator to None, run_after=None
[2024-12-15T19:45:40.810+0000] {processor.py:208} INFO - Processing /home/airflow/.local/lib/python3.12/site-packages/airflow/example_dags/example_sensor_decorator.py took 0.125 seconds
[2024-12-15T19:46:11.733+0000] {processor.py:186} INFO - Started process (PID=600) to work on /home/airflow/.local/lib/python3.12/site-packages/airflow/example_dags/example_sensor_decorator.py
[2024-12-15T19:46:11.734+0000] {processor.py:914} INFO - Processing file /home/airflow/.local/lib/python3.12/site-packages/airflow/example_dags/example_sensor_decorator.py for tasks to queue
[2024-12-15T19:46:11.740+0000] {logging_mixin.py:190} INFO - [2024-12-15T19:46:11.739+0000] {dagbag.py:588} INFO - Filling up the DagBag from /home/airflow/.local/lib/python3.12/site-packages/airflow/example_dags/example_sensor_decorator.py
[2024-12-15T19:46:11.751+0000] {processor.py:925} INFO - DAG(s) 'example_sensor_decorator' retrieved from /home/airflow/.local/lib/python3.12/site-packages/airflow/example_dags/example_sensor_decorator.py
[2024-12-15T19:46:11.789+0000] {logging_mixin.py:190} INFO - [2024-12-15T19:46:11.788+0000] {dag.py:3239} INFO - Sync 1 DAGs
[2024-12-15T19:46:11.820+0000] {logging_mixin.py:190} INFO - [2024-12-15T19:46:11.819+0000] {dag.py:4180} INFO - Setting next_dagrun for example_sensor_decorator to None, run_after=None
[2024-12-15T19:46:11.860+0000] {processor.py:208} INFO - Processing /home/airflow/.local/lib/python3.12/site-packages/airflow/example_dags/example_sensor_decorator.py took 0.139 seconds
[2024-12-15T19:46:42.676+0000] {processor.py:186} INFO - Started process (PID=666) to work on /home/airflow/.local/lib/python3.12/site-packages/airflow/example_dags/example_sensor_decorator.py
[2024-12-15T19:46:42.678+0000] {processor.py:914} INFO - Processing file /home/airflow/.local/lib/python3.12/site-packages/airflow/example_dags/example_sensor_decorator.py for tasks to queue
[2024-12-15T19:46:42.682+0000] {logging_mixin.py:190} INFO - [2024-12-15T19:46:42.681+0000] {dagbag.py:588} INFO - Filling up the DagBag from /home/airflow/.local/lib/python3.12/site-packages/airflow/example_dags/example_sensor_decorator.py
[2024-12-15T19:46:42.697+0000] {processor.py:925} INFO - DAG(s) 'example_sensor_decorator' retrieved from /home/airflow/.local/lib/python3.12/site-packages/airflow/example_dags/example_sensor_decorator.py
[2024-12-15T19:46:42.732+0000] {logging_mixin.py:190} INFO - [2024-12-15T19:46:42.731+0000] {dag.py:3239} INFO - Sync 1 DAGs
[2024-12-15T19:46:42.752+0000] {logging_mixin.py:190} INFO - [2024-12-15T19:46:42.752+0000] {dag.py:4180} INFO - Setting next_dagrun for example_sensor_decorator to None, run_after=None
[2024-12-15T19:46:42.775+0000] {processor.py:208} INFO - Processing /home/airflow/.local/lib/python3.12/site-packages/airflow/example_dags/example_sensor_decorator.py took 0.109 seconds
[2024-12-15T19:47:15.995+0000] {processor.py:186} INFO - Started process (PID=723) to work on /home/airflow/.local/lib/python3.12/site-packages/airflow/example_dags/example_sensor_decorator.py
[2024-12-15T19:47:16.004+0000] {processor.py:914} INFO - Processing file /home/airflow/.local/lib/python3.12/site-packages/airflow/example_dags/example_sensor_decorator.py for tasks to queue
[2024-12-15T19:47:16.016+0000] {logging_mixin.py:190} INFO - [2024-12-15T19:47:16.015+0000] {dagbag.py:588} INFO - Filling up the DagBag from /home/airflow/.local/lib/python3.12/site-packages/airflow/example_dags/example_sensor_decorator.py
[2024-12-15T19:47:16.059+0000] {processor.py:925} INFO - DAG(s) 'example_sensor_decorator' retrieved from /home/airflow/.local/lib/python3.12/site-packages/airflow/example_dags/example_sensor_decorator.py
[2024-12-15T19:47:16.141+0000] {logging_mixin.py:190} INFO - [2024-12-15T19:47:16.141+0000] {dag.py:3239} INFO - Sync 1 DAGs
[2024-12-15T19:47:16.188+0000] {logging_mixin.py:190} INFO - [2024-12-15T19:47:16.187+0000] {dag.py:4180} INFO - Setting next_dagrun for example_sensor_decorator to None, run_after=None
[2024-12-15T19:47:16.252+0000] {processor.py:208} INFO - Processing /home/airflow/.local/lib/python3.12/site-packages/airflow/example_dags/example_sensor_decorator.py took 0.276 seconds
[2024-12-15T19:47:53.292+0000] {processor.py:186} INFO - Started process (PID=784) to work on /home/airflow/.local/lib/python3.12/site-packages/airflow/example_dags/example_sensor_decorator.py
[2024-12-15T19:47:53.297+0000] {processor.py:914} INFO - Processing file /home/airflow/.local/lib/python3.12/site-packages/airflow/example_dags/example_sensor_decorator.py for tasks to queue
[2024-12-15T19:47:53.321+0000] {logging_mixin.py:190} INFO - [2024-12-15T19:47:53.320+0000] {dagbag.py:588} INFO - Filling up the DagBag from /home/airflow/.local/lib/python3.12/site-packages/airflow/example_dags/example_sensor_decorator.py
[2024-12-15T19:47:53.567+0000] {processor.py:925} INFO - DAG(s) 'example_sensor_decorator' retrieved from /home/airflow/.local/lib/python3.12/site-packages/airflow/example_dags/example_sensor_decorator.py
[2024-12-15T19:47:53.999+0000] {logging_mixin.py:190} INFO - [2024-12-15T19:47:53.998+0000] {dag.py:3239} INFO - Sync 1 DAGs
[2024-12-15T19:47:54.072+0000] {logging_mixin.py:190} INFO - [2024-12-15T19:47:54.072+0000] {dag.py:4180} INFO - Setting next_dagrun for example_sensor_decorator to None, run_after=None
[2024-12-15T19:47:54.194+0000] {processor.py:208} INFO - Processing /home/airflow/.local/lib/python3.12/site-packages/airflow/example_dags/example_sensor_decorator.py took 0.934 seconds
[2024-12-15T19:51:04.929+0000] {processor.py:186} INFO - Started process (PID=73) to work on /home/airflow/.local/lib/python3.12/site-packages/airflow/example_dags/example_sensor_decorator.py
[2024-12-15T19:51:04.968+0000] {processor.py:914} INFO - Processing file /home/airflow/.local/lib/python3.12/site-packages/airflow/example_dags/example_sensor_decorator.py for tasks to queue
[2024-12-15T19:51:04.983+0000] {logging_mixin.py:190} INFO - [2024-12-15T19:51:04.981+0000] {dagbag.py:588} INFO - Filling up the DagBag from /home/airflow/.local/lib/python3.12/site-packages/airflow/example_dags/example_sensor_decorator.py
[2024-12-15T19:51:05.018+0000] {processor.py:925} INFO - DAG(s) 'example_sensor_decorator' retrieved from /home/airflow/.local/lib/python3.12/site-packages/airflow/example_dags/example_sensor_decorator.py
[2024-12-15T19:51:05.044+0000] {logging_mixin.py:190} INFO - [2024-12-15T19:51:05.043+0000] {dag.py:3239} INFO - Sync 1 DAGs
[2024-12-15T19:51:05.071+0000] {logging_mixin.py:190} INFO - [2024-12-15T19:51:05.070+0000] {dag.py:4180} INFO - Setting next_dagrun for example_sensor_decorator to None, run_after=None
[2024-12-15T19:51:05.094+0000] {processor.py:208} INFO - Processing /home/airflow/.local/lib/python3.12/site-packages/airflow/example_dags/example_sensor_decorator.py took 0.200 seconds
[2024-12-15T19:51:40.886+0000] {processor.py:186} INFO - Started process (PID=138) to work on /home/airflow/.local/lib/python3.12/site-packages/airflow/example_dags/example_sensor_decorator.py
[2024-12-15T19:51:40.902+0000] {processor.py:914} INFO - Processing file /home/airflow/.local/lib/python3.12/site-packages/airflow/example_dags/example_sensor_decorator.py for tasks to queue
[2024-12-15T19:51:40.919+0000] {logging_mixin.py:190} INFO - [2024-12-15T19:51:40.918+0000] {dagbag.py:588} INFO - Filling up the DagBag from /home/airflow/.local/lib/python3.12/site-packages/airflow/example_dags/example_sensor_decorator.py
[2024-12-15T19:51:40.983+0000] {processor.py:925} INFO - DAG(s) 'example_sensor_decorator' retrieved from /home/airflow/.local/lib/python3.12/site-packages/airflow/example_dags/example_sensor_decorator.py
[2024-12-15T19:51:41.037+0000] {logging_mixin.py:190} INFO - [2024-12-15T19:51:41.034+0000] {dag.py:3239} INFO - Sync 1 DAGs
[2024-12-15T19:51:41.138+0000] {logging_mixin.py:190} INFO - [2024-12-15T19:51:41.137+0000] {dag.py:4180} INFO - Setting next_dagrun for example_sensor_decorator to None, run_after=None
[2024-12-15T19:51:41.240+0000] {processor.py:208} INFO - Processing /home/airflow/.local/lib/python3.12/site-packages/airflow/example_dags/example_sensor_decorator.py took 0.397 seconds
[2024-12-15T19:52:24.309+0000] {processor.py:186} INFO - Started process (PID=208) to work on /home/airflow/.local/lib/python3.12/site-packages/airflow/example_dags/example_sensor_decorator.py
[2024-12-15T19:52:24.315+0000] {processor.py:914} INFO - Processing file /home/airflow/.local/lib/python3.12/site-packages/airflow/example_dags/example_sensor_decorator.py for tasks to queue
[2024-12-15T19:52:24.327+0000] {logging_mixin.py:190} INFO - [2024-12-15T19:52:24.326+0000] {dagbag.py:588} INFO - Filling up the DagBag from /home/airflow/.local/lib/python3.12/site-packages/airflow/example_dags/example_sensor_decorator.py
[2024-12-15T19:52:24.409+0000] {processor.py:925} INFO - DAG(s) 'example_sensor_decorator' retrieved from /home/airflow/.local/lib/python3.12/site-packages/airflow/example_dags/example_sensor_decorator.py
[2024-12-15T19:52:24.562+0000] {logging_mixin.py:190} INFO - [2024-12-15T19:52:24.560+0000] {dag.py:3239} INFO - Sync 1 DAGs
[2024-12-15T19:52:24.619+0000] {logging_mixin.py:190} INFO - [2024-12-15T19:52:24.619+0000] {dag.py:4180} INFO - Setting next_dagrun for example_sensor_decorator to None, run_after=None
[2024-12-15T19:52:24.708+0000] {processor.py:208} INFO - Processing /home/airflow/.local/lib/python3.12/site-packages/airflow/example_dags/example_sensor_decorator.py took 0.518 seconds
[2024-12-15T19:52:55.656+0000] {processor.py:186} INFO - Started process (PID=275) to work on /home/airflow/.local/lib/python3.12/site-packages/airflow/example_dags/example_sensor_decorator.py
[2024-12-15T19:52:55.662+0000] {processor.py:914} INFO - Processing file /home/airflow/.local/lib/python3.12/site-packages/airflow/example_dags/example_sensor_decorator.py for tasks to queue
[2024-12-15T19:52:55.667+0000] {logging_mixin.py:190} INFO - [2024-12-15T19:52:55.666+0000] {dagbag.py:588} INFO - Filling up the DagBag from /home/airflow/.local/lib/python3.12/site-packages/airflow/example_dags/example_sensor_decorator.py
[2024-12-15T19:52:55.696+0000] {processor.py:925} INFO - DAG(s) 'example_sensor_decorator' retrieved from /home/airflow/.local/lib/python3.12/site-packages/airflow/example_dags/example_sensor_decorator.py
[2024-12-15T19:52:55.752+0000] {logging_mixin.py:190} INFO - [2024-12-15T19:52:55.752+0000] {dag.py:3239} INFO - Sync 1 DAGs
[2024-12-15T19:52:55.795+0000] {logging_mixin.py:190} INFO - [2024-12-15T19:52:55.794+0000] {dag.py:4180} INFO - Setting next_dagrun for example_sensor_decorator to None, run_after=None
[2024-12-15T19:52:55.845+0000] {processor.py:208} INFO - Processing /home/airflow/.local/lib/python3.12/site-packages/airflow/example_dags/example_sensor_decorator.py took 0.233 seconds
[2024-12-15T19:53:36.984+0000] {processor.py:186} INFO - Started process (PID=338) to work on /home/airflow/.local/lib/python3.12/site-packages/airflow/example_dags/example_sensor_decorator.py
[2024-12-15T19:53:36.988+0000] {processor.py:914} INFO - Processing file /home/airflow/.local/lib/python3.12/site-packages/airflow/example_dags/example_sensor_decorator.py for tasks to queue
[2024-12-15T19:53:36.995+0000] {logging_mixin.py:190} INFO - [2024-12-15T19:53:36.994+0000] {dagbag.py:588} INFO - Filling up the DagBag from /home/airflow/.local/lib/python3.12/site-packages/airflow/example_dags/example_sensor_decorator.py
[2024-12-15T19:53:37.122+0000] {processor.py:925} INFO - DAG(s) 'example_sensor_decorator' retrieved from /home/airflow/.local/lib/python3.12/site-packages/airflow/example_dags/example_sensor_decorator.py
[2024-12-15T19:53:37.228+0000] {logging_mixin.py:190} INFO - [2024-12-15T19:53:37.227+0000] {dag.py:3239} INFO - Sync 1 DAGs
[2024-12-15T19:53:37.279+0000] {logging_mixin.py:190} INFO - [2024-12-15T19:53:37.279+0000] {dag.py:4180} INFO - Setting next_dagrun for example_sensor_decorator to None, run_after=None
[2024-12-15T19:53:37.444+0000] {processor.py:208} INFO - Processing /home/airflow/.local/lib/python3.12/site-packages/airflow/example_dags/example_sensor_decorator.py took 0.485 seconds
[2024-12-15T19:54:12.512+0000] {processor.py:186} INFO - Started process (PID=402) to work on /home/airflow/.local/lib/python3.12/site-packages/airflow/example_dags/example_sensor_decorator.py
[2024-12-15T19:54:12.515+0000] {processor.py:914} INFO - Processing file /home/airflow/.local/lib/python3.12/site-packages/airflow/example_dags/example_sensor_decorator.py for tasks to queue
[2024-12-15T19:54:12.522+0000] {logging_mixin.py:190} INFO - [2024-12-15T19:54:12.521+0000] {dagbag.py:588} INFO - Filling up the DagBag from /home/airflow/.local/lib/python3.12/site-packages/airflow/example_dags/example_sensor_decorator.py
[2024-12-15T19:54:12.541+0000] {processor.py:925} INFO - DAG(s) 'example_sensor_decorator' retrieved from /home/airflow/.local/lib/python3.12/site-packages/airflow/example_dags/example_sensor_decorator.py
[2024-12-15T19:54:12.584+0000] {logging_mixin.py:190} INFO - [2024-12-15T19:54:12.583+0000] {dag.py:3239} INFO - Sync 1 DAGs
[2024-12-15T19:54:12.630+0000] {logging_mixin.py:190} INFO - [2024-12-15T19:54:12.629+0000] {dag.py:4180} INFO - Setting next_dagrun for example_sensor_decorator to None, run_after=None
[2024-12-15T19:54:12.724+0000] {processor.py:208} INFO - Processing /home/airflow/.local/lib/python3.12/site-packages/airflow/example_dags/example_sensor_decorator.py took 0.247 seconds
[2024-12-15T19:54:45.472+0000] {processor.py:186} INFO - Started process (PID=468) to work on /home/airflow/.local/lib/python3.12/site-packages/airflow/example_dags/example_sensor_decorator.py
[2024-12-15T19:54:45.480+0000] {processor.py:914} INFO - Processing file /home/airflow/.local/lib/python3.12/site-packages/airflow/example_dags/example_sensor_decorator.py for tasks to queue
[2024-12-15T19:54:45.489+0000] {logging_mixin.py:190} INFO - [2024-12-15T19:54:45.488+0000] {dagbag.py:588} INFO - Filling up the DagBag from /home/airflow/.local/lib/python3.12/site-packages/airflow/example_dags/example_sensor_decorator.py
[2024-12-15T19:54:45.511+0000] {processor.py:925} INFO - DAG(s) 'example_sensor_decorator' retrieved from /home/airflow/.local/lib/python3.12/site-packages/airflow/example_dags/example_sensor_decorator.py
[2024-12-15T19:54:45.555+0000] {logging_mixin.py:190} INFO - [2024-12-15T19:54:45.554+0000] {dag.py:3239} INFO - Sync 1 DAGs
[2024-12-15T19:54:45.583+0000] {logging_mixin.py:190} INFO - [2024-12-15T19:54:45.582+0000] {dag.py:4180} INFO - Setting next_dagrun for example_sensor_decorator to None, run_after=None
[2024-12-15T19:54:45.612+0000] {processor.py:208} INFO - Processing /home/airflow/.local/lib/python3.12/site-packages/airflow/example_dags/example_sensor_decorator.py took 0.159 seconds
[2024-12-15T19:55:20.237+0000] {processor.py:186} INFO - Started process (PID=536) to work on /home/airflow/.local/lib/python3.12/site-packages/airflow/example_dags/example_sensor_decorator.py
[2024-12-15T19:55:20.240+0000] {processor.py:914} INFO - Processing file /home/airflow/.local/lib/python3.12/site-packages/airflow/example_dags/example_sensor_decorator.py for tasks to queue
[2024-12-15T19:55:20.243+0000] {logging_mixin.py:190} INFO - [2024-12-15T19:55:20.243+0000] {dagbag.py:588} INFO - Filling up the DagBag from /home/airflow/.local/lib/python3.12/site-packages/airflow/example_dags/example_sensor_decorator.py
[2024-12-15T19:55:20.258+0000] {processor.py:925} INFO - DAG(s) 'example_sensor_decorator' retrieved from /home/airflow/.local/lib/python3.12/site-packages/airflow/example_dags/example_sensor_decorator.py
[2024-12-15T19:55:20.290+0000] {logging_mixin.py:190} INFO - [2024-12-15T19:55:20.289+0000] {dag.py:3239} INFO - Sync 1 DAGs
[2024-12-15T19:55:20.318+0000] {logging_mixin.py:190} INFO - [2024-12-15T19:55:20.318+0000] {dag.py:4180} INFO - Setting next_dagrun for example_sensor_decorator to None, run_after=None
[2024-12-15T19:55:20.343+0000] {processor.py:208} INFO - Processing /home/airflow/.local/lib/python3.12/site-packages/airflow/example_dags/example_sensor_decorator.py took 0.115 seconds
[2024-12-15T19:56:02.823+0000] {processor.py:186} INFO - Started process (PID=608) to work on /home/airflow/.local/lib/python3.12/site-packages/airflow/example_dags/example_sensor_decorator.py
[2024-12-15T19:56:02.830+0000] {processor.py:914} INFO - Processing file /home/airflow/.local/lib/python3.12/site-packages/airflow/example_dags/example_sensor_decorator.py for tasks to queue
[2024-12-15T19:56:02.836+0000] {logging_mixin.py:190} INFO - [2024-12-15T19:56:02.834+0000] {dagbag.py:588} INFO - Filling up the DagBag from /home/airflow/.local/lib/python3.12/site-packages/airflow/example_dags/example_sensor_decorator.py
[2024-12-15T19:56:02.864+0000] {processor.py:925} INFO - DAG(s) 'example_sensor_decorator' retrieved from /home/airflow/.local/lib/python3.12/site-packages/airflow/example_dags/example_sensor_decorator.py
[2024-12-15T19:56:02.912+0000] {logging_mixin.py:190} INFO - [2024-12-15T19:56:02.912+0000] {dag.py:3239} INFO - Sync 1 DAGs
[2024-12-15T19:56:02.951+0000] {logging_mixin.py:190} INFO - [2024-12-15T19:56:02.951+0000] {dag.py:4180} INFO - Setting next_dagrun for example_sensor_decorator to None, run_after=None
[2024-12-15T19:56:03.006+0000] {processor.py:208} INFO - Processing /home/airflow/.local/lib/python3.12/site-packages/airflow/example_dags/example_sensor_decorator.py took 0.204 seconds
[2024-12-15T19:59:43.804+0000] {processor.py:186} INFO - Started process (PID=78) to work on /home/airflow/.local/lib/python3.12/site-packages/airflow/example_dags/example_sensor_decorator.py
[2024-12-15T19:59:43.820+0000] {processor.py:914} INFO - Processing file /home/airflow/.local/lib/python3.12/site-packages/airflow/example_dags/example_sensor_decorator.py for tasks to queue
[2024-12-15T19:59:43.836+0000] {logging_mixin.py:190} INFO - [2024-12-15T19:59:43.835+0000] {dagbag.py:588} INFO - Filling up the DagBag from /home/airflow/.local/lib/python3.12/site-packages/airflow/example_dags/example_sensor_decorator.py
[2024-12-15T19:59:43.933+0000] {processor.py:925} INFO - DAG(s) 'example_sensor_decorator' retrieved from /home/airflow/.local/lib/python3.12/site-packages/airflow/example_dags/example_sensor_decorator.py
[2024-12-15T19:59:44.143+0000] {logging_mixin.py:190} INFO - [2024-12-15T19:59:44.142+0000] {dag.py:3239} INFO - Sync 1 DAGs
[2024-12-15T19:59:44.271+0000] {logging_mixin.py:190} INFO - [2024-12-15T19:59:44.242+0000] {dag.py:4180} INFO - Setting next_dagrun for example_sensor_decorator to None, run_after=None
[2024-12-15T19:59:45.113+0000] {processor.py:208} INFO - Processing /home/airflow/.local/lib/python3.12/site-packages/airflow/example_dags/example_sensor_decorator.py took 1.367 seconds
[2024-12-15T20:01:36.716+0000] {processor.py:186} INFO - Started process (PID=161) to work on /home/airflow/.local/lib/python3.12/site-packages/airflow/example_dags/example_sensor_decorator.py
[2024-12-15T20:01:36.718+0000] {processor.py:914} INFO - Processing file /home/airflow/.local/lib/python3.12/site-packages/airflow/example_dags/example_sensor_decorator.py for tasks to queue
[2024-12-15T20:01:36.725+0000] {logging_mixin.py:190} INFO - [2024-12-15T20:01:36.722+0000] {dagbag.py:588} INFO - Filling up the DagBag from /home/airflow/.local/lib/python3.12/site-packages/airflow/example_dags/example_sensor_decorator.py
[2024-12-15T20:01:36.758+0000] {processor.py:925} INFO - DAG(s) 'example_sensor_decorator' retrieved from /home/airflow/.local/lib/python3.12/site-packages/airflow/example_dags/example_sensor_decorator.py
[2024-12-15T20:01:36.788+0000] {logging_mixin.py:190} INFO - [2024-12-15T20:01:36.788+0000] {dag.py:3239} INFO - Sync 1 DAGs
[2024-12-15T20:01:36.819+0000] {logging_mixin.py:190} INFO - [2024-12-15T20:01:36.818+0000] {dag.py:4180} INFO - Setting next_dagrun for example_sensor_decorator to None, run_after=None
[2024-12-15T20:01:36.874+0000] {processor.py:208} INFO - Processing /home/airflow/.local/lib/python3.12/site-packages/airflow/example_dags/example_sensor_decorator.py took 0.173 seconds
[2024-12-15T20:02:07.870+0000] {processor.py:186} INFO - Started process (PID=227) to work on /home/airflow/.local/lib/python3.12/site-packages/airflow/example_dags/example_sensor_decorator.py
[2024-12-15T20:02:07.874+0000] {processor.py:914} INFO - Processing file /home/airflow/.local/lib/python3.12/site-packages/airflow/example_dags/example_sensor_decorator.py for tasks to queue
[2024-12-15T20:02:07.888+0000] {logging_mixin.py:190} INFO - [2024-12-15T20:02:07.887+0000] {dagbag.py:588} INFO - Filling up the DagBag from /home/airflow/.local/lib/python3.12/site-packages/airflow/example_dags/example_sensor_decorator.py
[2024-12-15T20:02:07.925+0000] {processor.py:925} INFO - DAG(s) 'example_sensor_decorator' retrieved from /home/airflow/.local/lib/python3.12/site-packages/airflow/example_dags/example_sensor_decorator.py
[2024-12-15T20:02:07.993+0000] {logging_mixin.py:190} INFO - [2024-12-15T20:02:07.992+0000] {dag.py:3239} INFO - Sync 1 DAGs
[2024-12-15T20:02:08.047+0000] {logging_mixin.py:190} INFO - [2024-12-15T20:02:08.047+0000] {dag.py:4180} INFO - Setting next_dagrun for example_sensor_decorator to None, run_after=None
[2024-12-15T20:02:08.102+0000] {processor.py:208} INFO - Processing /home/airflow/.local/lib/python3.12/site-packages/airflow/example_dags/example_sensor_decorator.py took 0.253 seconds
[2024-12-15T20:03:03.275+0000] {processor.py:186} INFO - Started process (PID=304) to work on /home/airflow/.local/lib/python3.12/site-packages/airflow/example_dags/example_sensor_decorator.py
[2024-12-15T20:03:03.278+0000] {processor.py:914} INFO - Processing file /home/airflow/.local/lib/python3.12/site-packages/airflow/example_dags/example_sensor_decorator.py for tasks to queue
[2024-12-15T20:03:03.282+0000] {logging_mixin.py:190} INFO - [2024-12-15T20:03:03.281+0000] {dagbag.py:588} INFO - Filling up the DagBag from /home/airflow/.local/lib/python3.12/site-packages/airflow/example_dags/example_sensor_decorator.py
[2024-12-15T20:03:03.303+0000] {processor.py:925} INFO - DAG(s) 'example_sensor_decorator' retrieved from /home/airflow/.local/lib/python3.12/site-packages/airflow/example_dags/example_sensor_decorator.py
[2024-12-15T20:03:03.340+0000] {logging_mixin.py:190} INFO - [2024-12-15T20:03:03.337+0000] {dag.py:3239} INFO - Sync 1 DAGs
[2024-12-15T20:03:03.373+0000] {logging_mixin.py:190} INFO - [2024-12-15T20:03:03.372+0000] {dag.py:4180} INFO - Setting next_dagrun for example_sensor_decorator to None, run_after=None
[2024-12-15T20:03:03.415+0000] {processor.py:208} INFO - Processing /home/airflow/.local/lib/python3.12/site-packages/airflow/example_dags/example_sensor_decorator.py took 0.148 seconds
[2024-12-15T20:03:33.792+0000] {processor.py:186} INFO - Started process (PID=367) to work on /home/airflow/.local/lib/python3.12/site-packages/airflow/example_dags/example_sensor_decorator.py
[2024-12-15T20:03:33.794+0000] {processor.py:914} INFO - Processing file /home/airflow/.local/lib/python3.12/site-packages/airflow/example_dags/example_sensor_decorator.py for tasks to queue
[2024-12-15T20:03:33.799+0000] {logging_mixin.py:190} INFO - [2024-12-15T20:03:33.799+0000] {dagbag.py:588} INFO - Filling up the DagBag from /home/airflow/.local/lib/python3.12/site-packages/airflow/example_dags/example_sensor_decorator.py
[2024-12-15T20:03:33.815+0000] {processor.py:925} INFO - DAG(s) 'example_sensor_decorator' retrieved from /home/airflow/.local/lib/python3.12/site-packages/airflow/example_dags/example_sensor_decorator.py
[2024-12-15T20:03:33.855+0000] {logging_mixin.py:190} INFO - [2024-12-15T20:03:33.854+0000] {dag.py:3239} INFO - Sync 1 DAGs
[2024-12-15T20:03:33.881+0000] {logging_mixin.py:190} INFO - [2024-12-15T20:03:33.880+0000] {dag.py:4180} INFO - Setting next_dagrun for example_sensor_decorator to None, run_after=None
[2024-12-15T20:03:33.924+0000] {processor.py:208} INFO - Processing /home/airflow/.local/lib/python3.12/site-packages/airflow/example_dags/example_sensor_decorator.py took 0.142 seconds
[2024-12-15T20:04:05.002+0000] {processor.py:186} INFO - Started process (PID=437) to work on /home/airflow/.local/lib/python3.12/site-packages/airflow/example_dags/example_sensor_decorator.py
[2024-12-15T20:04:05.005+0000] {processor.py:914} INFO - Processing file /home/airflow/.local/lib/python3.12/site-packages/airflow/example_dags/example_sensor_decorator.py for tasks to queue
[2024-12-15T20:04:05.011+0000] {logging_mixin.py:190} INFO - [2024-12-15T20:04:05.009+0000] {dagbag.py:588} INFO - Filling up the DagBag from /home/airflow/.local/lib/python3.12/site-packages/airflow/example_dags/example_sensor_decorator.py
[2024-12-15T20:04:05.024+0000] {processor.py:925} INFO - DAG(s) 'example_sensor_decorator' retrieved from /home/airflow/.local/lib/python3.12/site-packages/airflow/example_dags/example_sensor_decorator.py
[2024-12-15T20:04:05.059+0000] {logging_mixin.py:190} INFO - [2024-12-15T20:04:05.059+0000] {dag.py:3239} INFO - Sync 1 DAGs
[2024-12-15T20:04:05.081+0000] {logging_mixin.py:190} INFO - [2024-12-15T20:04:05.081+0000] {dag.py:4180} INFO - Setting next_dagrun for example_sensor_decorator to None, run_after=None
[2024-12-15T20:04:05.147+0000] {processor.py:208} INFO - Processing /home/airflow/.local/lib/python3.12/site-packages/airflow/example_dags/example_sensor_decorator.py took 0.158 seconds
[2024-12-15T20:04:43.503+0000] {processor.py:186} INFO - Started process (PID=504) to work on /home/airflow/.local/lib/python3.12/site-packages/airflow/example_dags/example_sensor_decorator.py
[2024-12-15T20:04:43.506+0000] {processor.py:914} INFO - Processing file /home/airflow/.local/lib/python3.12/site-packages/airflow/example_dags/example_sensor_decorator.py for tasks to queue
[2024-12-15T20:04:43.522+0000] {logging_mixin.py:190} INFO - [2024-12-15T20:04:43.521+0000] {dagbag.py:588} INFO - Filling up the DagBag from /home/airflow/.local/lib/python3.12/site-packages/airflow/example_dags/example_sensor_decorator.py
[2024-12-15T20:04:43.554+0000] {processor.py:925} INFO - DAG(s) 'example_sensor_decorator' retrieved from /home/airflow/.local/lib/python3.12/site-packages/airflow/example_dags/example_sensor_decorator.py
[2024-12-15T20:04:43.621+0000] {logging_mixin.py:190} INFO - [2024-12-15T20:04:43.620+0000] {dag.py:3239} INFO - Sync 1 DAGs
[2024-12-15T20:04:43.669+0000] {logging_mixin.py:190} INFO - [2024-12-15T20:04:43.666+0000] {dag.py:4180} INFO - Setting next_dagrun for example_sensor_decorator to None, run_after=None
[2024-12-15T20:04:43.744+0000] {processor.py:208} INFO - Processing /home/airflow/.local/lib/python3.12/site-packages/airflow/example_dags/example_sensor_decorator.py took 0.265 seconds
[2024-12-15T20:06:05.865+0000] {processor.py:186} INFO - Started process (PID=583) to work on /home/airflow/.local/lib/python3.12/site-packages/airflow/example_dags/example_sensor_decorator.py
[2024-12-15T20:06:05.870+0000] {processor.py:914} INFO - Processing file /home/airflow/.local/lib/python3.12/site-packages/airflow/example_dags/example_sensor_decorator.py for tasks to queue
[2024-12-15T20:06:05.884+0000] {logging_mixin.py:190} INFO - [2024-12-15T20:06:05.883+0000] {dagbag.py:588} INFO - Filling up the DagBag from /home/airflow/.local/lib/python3.12/site-packages/airflow/example_dags/example_sensor_decorator.py
[2024-12-15T20:06:05.921+0000] {processor.py:925} INFO - DAG(s) 'example_sensor_decorator' retrieved from /home/airflow/.local/lib/python3.12/site-packages/airflow/example_dags/example_sensor_decorator.py
[2024-12-15T20:06:05.995+0000] {logging_mixin.py:190} INFO - [2024-12-15T20:06:05.995+0000] {dag.py:3239} INFO - Sync 1 DAGs
[2024-12-15T20:06:06.035+0000] {logging_mixin.py:190} INFO - [2024-12-15T20:06:06.035+0000] {dag.py:4180} INFO - Setting next_dagrun for example_sensor_decorator to None, run_after=None
[2024-12-15T20:06:06.121+0000] {processor.py:208} INFO - Processing /home/airflow/.local/lib/python3.12/site-packages/airflow/example_dags/example_sensor_decorator.py took 0.279 seconds
[2024-12-15T20:06:36.531+0000] {processor.py:186} INFO - Started process (PID=648) to work on /home/airflow/.local/lib/python3.12/site-packages/airflow/example_dags/example_sensor_decorator.py
[2024-12-15T20:06:36.533+0000] {processor.py:914} INFO - Processing file /home/airflow/.local/lib/python3.12/site-packages/airflow/example_dags/example_sensor_decorator.py for tasks to queue
[2024-12-15T20:06:36.538+0000] {logging_mixin.py:190} INFO - [2024-12-15T20:06:36.537+0000] {dagbag.py:588} INFO - Filling up the DagBag from /home/airflow/.local/lib/python3.12/site-packages/airflow/example_dags/example_sensor_decorator.py
[2024-12-15T20:06:36.552+0000] {processor.py:925} INFO - DAG(s) 'example_sensor_decorator' retrieved from /home/airflow/.local/lib/python3.12/site-packages/airflow/example_dags/example_sensor_decorator.py
[2024-12-15T20:06:36.587+0000] {logging_mixin.py:190} INFO - [2024-12-15T20:06:36.586+0000] {dag.py:3239} INFO - Sync 1 DAGs
[2024-12-15T20:06:36.608+0000] {logging_mixin.py:190} INFO - [2024-12-15T20:06:36.608+0000] {dag.py:4180} INFO - Setting next_dagrun for example_sensor_decorator to None, run_after=None
[2024-12-15T20:06:36.635+0000] {processor.py:208} INFO - Processing /home/airflow/.local/lib/python3.12/site-packages/airflow/example_dags/example_sensor_decorator.py took 0.114 seconds
[2024-12-15T20:07:09.453+0000] {processor.py:186} INFO - Started process (PID=714) to work on /home/airflow/.local/lib/python3.12/site-packages/airflow/example_dags/example_sensor_decorator.py
[2024-12-15T20:07:09.456+0000] {processor.py:914} INFO - Processing file /home/airflow/.local/lib/python3.12/site-packages/airflow/example_dags/example_sensor_decorator.py for tasks to queue
[2024-12-15T20:07:09.463+0000] {logging_mixin.py:190} INFO - [2024-12-15T20:07:09.462+0000] {dagbag.py:588} INFO - Filling up the DagBag from /home/airflow/.local/lib/python3.12/site-packages/airflow/example_dags/example_sensor_decorator.py
[2024-12-15T20:07:09.479+0000] {processor.py:925} INFO - DAG(s) 'example_sensor_decorator' retrieved from /home/airflow/.local/lib/python3.12/site-packages/airflow/example_dags/example_sensor_decorator.py
[2024-12-15T20:07:09.515+0000] {logging_mixin.py:190} INFO - [2024-12-15T20:07:09.514+0000] {dag.py:3239} INFO - Sync 1 DAGs
[2024-12-15T20:07:09.542+0000] {logging_mixin.py:190} INFO - [2024-12-15T20:07:09.541+0000] {dag.py:4180} INFO - Setting next_dagrun for example_sensor_decorator to None, run_after=None
[2024-12-15T20:07:09.567+0000] {processor.py:208} INFO - Processing /home/airflow/.local/lib/python3.12/site-packages/airflow/example_dags/example_sensor_decorator.py took 0.123 seconds
[2024-12-15T20:16:31.461+0000] {processor.py:186} INFO - Started process (PID=79) to work on /home/airflow/.local/lib/python3.12/site-packages/airflow/example_dags/example_sensor_decorator.py
[2024-12-15T20:16:31.463+0000] {processor.py:914} INFO - Processing file /home/airflow/.local/lib/python3.12/site-packages/airflow/example_dags/example_sensor_decorator.py for tasks to queue
[2024-12-15T20:16:31.467+0000] {logging_mixin.py:190} INFO - [2024-12-15T20:16:31.466+0000] {dagbag.py:588} INFO - Filling up the DagBag from /home/airflow/.local/lib/python3.12/site-packages/airflow/example_dags/example_sensor_decorator.py
[2024-12-15T20:16:31.479+0000] {processor.py:925} INFO - DAG(s) 'example_sensor_decorator' retrieved from /home/airflow/.local/lib/python3.12/site-packages/airflow/example_dags/example_sensor_decorator.py
[2024-12-15T20:16:31.509+0000] {logging_mixin.py:190} INFO - [2024-12-15T20:16:31.508+0000] {dag.py:3239} INFO - Sync 1 DAGs
[2024-12-15T20:16:31.530+0000] {logging_mixin.py:190} INFO - [2024-12-15T20:16:31.530+0000] {dag.py:4180} INFO - Setting next_dagrun for example_sensor_decorator to None, run_after=None
[2024-12-15T20:16:31.566+0000] {processor.py:208} INFO - Processing /home/airflow/.local/lib/python3.12/site-packages/airflow/example_dags/example_sensor_decorator.py took 0.116 seconds
[2024-12-15T20:17:03.786+0000] {processor.py:186} INFO - Started process (PID=143) to work on /home/airflow/.local/lib/python3.12/site-packages/airflow/example_dags/example_sensor_decorator.py
[2024-12-15T20:17:03.791+0000] {processor.py:914} INFO - Processing file /home/airflow/.local/lib/python3.12/site-packages/airflow/example_dags/example_sensor_decorator.py for tasks to queue
[2024-12-15T20:17:03.795+0000] {logging_mixin.py:190} INFO - [2024-12-15T20:17:03.794+0000] {dagbag.py:588} INFO - Filling up the DagBag from /home/airflow/.local/lib/python3.12/site-packages/airflow/example_dags/example_sensor_decorator.py
[2024-12-15T20:17:03.808+0000] {processor.py:925} INFO - DAG(s) 'example_sensor_decorator' retrieved from /home/airflow/.local/lib/python3.12/site-packages/airflow/example_dags/example_sensor_decorator.py
[2024-12-15T20:17:03.848+0000] {logging_mixin.py:190} INFO - [2024-12-15T20:17:03.848+0000] {dag.py:3239} INFO - Sync 1 DAGs
[2024-12-15T20:17:03.913+0000] {logging_mixin.py:190} INFO - [2024-12-15T20:17:03.912+0000] {dag.py:4180} INFO - Setting next_dagrun for example_sensor_decorator to None, run_after=None
[2024-12-15T20:17:03.939+0000] {processor.py:208} INFO - Processing /home/airflow/.local/lib/python3.12/site-packages/airflow/example_dags/example_sensor_decorator.py took 0.165 seconds
[2024-12-15T20:17:36.166+0000] {processor.py:186} INFO - Started process (PID=207) to work on /home/airflow/.local/lib/python3.12/site-packages/airflow/example_dags/example_sensor_decorator.py
[2024-12-15T20:17:36.170+0000] {processor.py:914} INFO - Processing file /home/airflow/.local/lib/python3.12/site-packages/airflow/example_dags/example_sensor_decorator.py for tasks to queue
[2024-12-15T20:17:36.178+0000] {logging_mixin.py:190} INFO - [2024-12-15T20:17:36.178+0000] {dagbag.py:588} INFO - Filling up the DagBag from /home/airflow/.local/lib/python3.12/site-packages/airflow/example_dags/example_sensor_decorator.py
[2024-12-15T20:17:36.211+0000] {processor.py:925} INFO - DAG(s) 'example_sensor_decorator' retrieved from /home/airflow/.local/lib/python3.12/site-packages/airflow/example_dags/example_sensor_decorator.py
[2024-12-15T20:17:36.278+0000] {logging_mixin.py:190} INFO - [2024-12-15T20:17:36.278+0000] {dag.py:3239} INFO - Sync 1 DAGs
[2024-12-15T20:17:36.335+0000] {logging_mixin.py:190} INFO - [2024-12-15T20:17:36.335+0000] {dag.py:4180} INFO - Setting next_dagrun for example_sensor_decorator to None, run_after=None
[2024-12-15T20:17:36.404+0000] {processor.py:208} INFO - Processing /home/airflow/.local/lib/python3.12/site-packages/airflow/example_dags/example_sensor_decorator.py took 0.264 seconds
[2024-12-15T20:18:10.002+0000] {processor.py:186} INFO - Started process (PID=271) to work on /home/airflow/.local/lib/python3.12/site-packages/airflow/example_dags/example_sensor_decorator.py
[2024-12-15T20:18:10.005+0000] {processor.py:914} INFO - Processing file /home/airflow/.local/lib/python3.12/site-packages/airflow/example_dags/example_sensor_decorator.py for tasks to queue
[2024-12-15T20:18:10.015+0000] {logging_mixin.py:190} INFO - [2024-12-15T20:18:10.013+0000] {dagbag.py:588} INFO - Filling up the DagBag from /home/airflow/.local/lib/python3.12/site-packages/airflow/example_dags/example_sensor_decorator.py
[2024-12-15T20:18:10.042+0000] {processor.py:925} INFO - DAG(s) 'example_sensor_decorator' retrieved from /home/airflow/.local/lib/python3.12/site-packages/airflow/example_dags/example_sensor_decorator.py
[2024-12-15T20:18:10.098+0000] {logging_mixin.py:190} INFO - [2024-12-15T20:18:10.097+0000] {dag.py:3239} INFO - Sync 1 DAGs
[2024-12-15T20:18:10.138+0000] {logging_mixin.py:190} INFO - [2024-12-15T20:18:10.138+0000] {dag.py:4180} INFO - Setting next_dagrun for example_sensor_decorator to None, run_after=None
[2024-12-15T20:18:10.191+0000] {processor.py:208} INFO - Processing /home/airflow/.local/lib/python3.12/site-packages/airflow/example_dags/example_sensor_decorator.py took 0.214 seconds
[2024-12-15T20:18:43.529+0000] {processor.py:186} INFO - Started process (PID=334) to work on /home/airflow/.local/lib/python3.12/site-packages/airflow/example_dags/example_sensor_decorator.py
[2024-12-15T20:18:43.549+0000] {processor.py:914} INFO - Processing file /home/airflow/.local/lib/python3.12/site-packages/airflow/example_dags/example_sensor_decorator.py for tasks to queue
[2024-12-15T20:18:43.606+0000] {logging_mixin.py:190} INFO - [2024-12-15T20:18:43.596+0000] {dagbag.py:588} INFO - Filling up the DagBag from /home/airflow/.local/lib/python3.12/site-packages/airflow/example_dags/example_sensor_decorator.py
[2024-12-15T20:18:43.705+0000] {processor.py:925} INFO - DAG(s) 'example_sensor_decorator' retrieved from /home/airflow/.local/lib/python3.12/site-packages/airflow/example_dags/example_sensor_decorator.py
[2024-12-15T20:18:43.898+0000] {logging_mixin.py:190} INFO - [2024-12-15T20:18:43.896+0000] {dag.py:3239} INFO - Sync 1 DAGs
[2024-12-15T20:18:44.116+0000] {logging_mixin.py:190} INFO - [2024-12-15T20:18:44.116+0000] {dag.py:4180} INFO - Setting next_dagrun for example_sensor_decorator to None, run_after=None
[2024-12-15T20:18:44.213+0000] {processor.py:208} INFO - Processing /home/airflow/.local/lib/python3.12/site-packages/airflow/example_dags/example_sensor_decorator.py took 0.739 seconds
[2024-12-15T20:19:17.083+0000] {processor.py:186} INFO - Started process (PID=398) to work on /home/airflow/.local/lib/python3.12/site-packages/airflow/example_dags/example_sensor_decorator.py
[2024-12-15T20:19:17.086+0000] {processor.py:914} INFO - Processing file /home/airflow/.local/lib/python3.12/site-packages/airflow/example_dags/example_sensor_decorator.py for tasks to queue
[2024-12-15T20:19:17.104+0000] {logging_mixin.py:190} INFO - [2024-12-15T20:19:17.102+0000] {dagbag.py:588} INFO - Filling up the DagBag from /home/airflow/.local/lib/python3.12/site-packages/airflow/example_dags/example_sensor_decorator.py
[2024-12-15T20:19:17.136+0000] {processor.py:925} INFO - DAG(s) 'example_sensor_decorator' retrieved from /home/airflow/.local/lib/python3.12/site-packages/airflow/example_dags/example_sensor_decorator.py
[2024-12-15T20:19:17.209+0000] {logging_mixin.py:190} INFO - [2024-12-15T20:19:17.208+0000] {dag.py:3239} INFO - Sync 1 DAGs
[2024-12-15T20:19:17.295+0000] {logging_mixin.py:190} INFO - [2024-12-15T20:19:17.294+0000] {dag.py:4180} INFO - Setting next_dagrun for example_sensor_decorator to None, run_after=None
[2024-12-15T20:19:17.443+0000] {processor.py:208} INFO - Processing /home/airflow/.local/lib/python3.12/site-packages/airflow/example_dags/example_sensor_decorator.py took 0.399 seconds
[2024-12-15T20:21:03.528+0000] {processor.py:186} INFO - Started process (PID=457) to work on /home/airflow/.local/lib/python3.12/site-packages/airflow/example_dags/example_sensor_decorator.py
[2024-12-15T20:21:03.601+0000] {processor.py:914} INFO - Processing file /home/airflow/.local/lib/python3.12/site-packages/airflow/example_dags/example_sensor_decorator.py for tasks to queue
[2024-12-15T20:21:03.611+0000] {logging_mixin.py:190} INFO - [2024-12-15T20:21:03.607+0000] {dagbag.py:588} INFO - Filling up the DagBag from /home/airflow/.local/lib/python3.12/site-packages/airflow/example_dags/example_sensor_decorator.py
[2024-12-15T20:21:03.693+0000] {processor.py:925} INFO - DAG(s) 'example_sensor_decorator' retrieved from /home/airflow/.local/lib/python3.12/site-packages/airflow/example_dags/example_sensor_decorator.py
[2024-12-15T20:21:03.774+0000] {logging_mixin.py:190} INFO - [2024-12-15T20:21:03.773+0000] {dag.py:3239} INFO - Sync 1 DAGs
[2024-12-15T20:21:03.813+0000] {logging_mixin.py:190} INFO - [2024-12-15T20:21:03.813+0000] {dag.py:4180} INFO - Setting next_dagrun for example_sensor_decorator to None, run_after=None
[2024-12-15T20:21:03.944+0000] {processor.py:208} INFO - Processing /home/airflow/.local/lib/python3.12/site-packages/airflow/example_dags/example_sensor_decorator.py took 0.444 seconds
[2024-12-15T20:21:34.617+0000] {processor.py:186} INFO - Started process (PID=521) to work on /home/airflow/.local/lib/python3.12/site-packages/airflow/example_dags/example_sensor_decorator.py
[2024-12-15T20:21:34.621+0000] {processor.py:914} INFO - Processing file /home/airflow/.local/lib/python3.12/site-packages/airflow/example_dags/example_sensor_decorator.py for tasks to queue
[2024-12-15T20:21:34.624+0000] {logging_mixin.py:190} INFO - [2024-12-15T20:21:34.624+0000] {dagbag.py:588} INFO - Filling up the DagBag from /home/airflow/.local/lib/python3.12/site-packages/airflow/example_dags/example_sensor_decorator.py
[2024-12-15T20:21:34.640+0000] {processor.py:925} INFO - DAG(s) 'example_sensor_decorator' retrieved from /home/airflow/.local/lib/python3.12/site-packages/airflow/example_dags/example_sensor_decorator.py
[2024-12-15T20:21:34.699+0000] {logging_mixin.py:190} INFO - [2024-12-15T20:21:34.697+0000] {dag.py:3239} INFO - Sync 1 DAGs
[2024-12-15T20:21:34.763+0000] {logging_mixin.py:190} INFO - [2024-12-15T20:21:34.759+0000] {dag.py:4180} INFO - Setting next_dagrun for example_sensor_decorator to None, run_after=None
[2024-12-15T20:21:34.801+0000] {processor.py:208} INFO - Processing /home/airflow/.local/lib/python3.12/site-packages/airflow/example_dags/example_sensor_decorator.py took 0.205 seconds
[2024-12-15T20:22:05.310+0000] {processor.py:186} INFO - Started process (PID=586) to work on /home/airflow/.local/lib/python3.12/site-packages/airflow/example_dags/example_sensor_decorator.py
[2024-12-15T20:22:05.313+0000] {processor.py:914} INFO - Processing file /home/airflow/.local/lib/python3.12/site-packages/airflow/example_dags/example_sensor_decorator.py for tasks to queue
[2024-12-15T20:22:05.316+0000] {logging_mixin.py:190} INFO - [2024-12-15T20:22:05.315+0000] {dagbag.py:588} INFO - Filling up the DagBag from /home/airflow/.local/lib/python3.12/site-packages/airflow/example_dags/example_sensor_decorator.py
[2024-12-15T20:22:05.335+0000] {processor.py:925} INFO - DAG(s) 'example_sensor_decorator' retrieved from /home/airflow/.local/lib/python3.12/site-packages/airflow/example_dags/example_sensor_decorator.py
[2024-12-15T20:22:05.359+0000] {logging_mixin.py:190} INFO - [2024-12-15T20:22:05.359+0000] {dag.py:3239} INFO - Sync 1 DAGs
[2024-12-15T20:22:05.383+0000] {logging_mixin.py:190} INFO - [2024-12-15T20:22:05.383+0000] {dag.py:4180} INFO - Setting next_dagrun for example_sensor_decorator to None, run_after=None
[2024-12-15T20:22:05.423+0000] {processor.py:208} INFO - Processing /home/airflow/.local/lib/python3.12/site-packages/airflow/example_dags/example_sensor_decorator.py took 0.134 seconds
[2024-12-15T20:22:35.627+0000] {processor.py:186} INFO - Started process (PID=651) to work on /home/airflow/.local/lib/python3.12/site-packages/airflow/example_dags/example_sensor_decorator.py
[2024-12-15T20:22:35.628+0000] {processor.py:914} INFO - Processing file /home/airflow/.local/lib/python3.12/site-packages/airflow/example_dags/example_sensor_decorator.py for tasks to queue
[2024-12-15T20:22:35.633+0000] {logging_mixin.py:190} INFO - [2024-12-15T20:22:35.632+0000] {dagbag.py:588} INFO - Filling up the DagBag from /home/airflow/.local/lib/python3.12/site-packages/airflow/example_dags/example_sensor_decorator.py
[2024-12-15T20:22:35.670+0000] {processor.py:925} INFO - DAG(s) 'example_sensor_decorator' retrieved from /home/airflow/.local/lib/python3.12/site-packages/airflow/example_dags/example_sensor_decorator.py
[2024-12-15T20:22:35.724+0000] {logging_mixin.py:190} INFO - [2024-12-15T20:22:35.723+0000] {dag.py:3239} INFO - Sync 1 DAGs
[2024-12-15T20:22:35.755+0000] {logging_mixin.py:190} INFO - [2024-12-15T20:22:35.755+0000] {dag.py:4180} INFO - Setting next_dagrun for example_sensor_decorator to None, run_after=None
[2024-12-15T20:22:35.793+0000] {processor.py:208} INFO - Processing /home/airflow/.local/lib/python3.12/site-packages/airflow/example_dags/example_sensor_decorator.py took 0.187 seconds
[2024-12-15T20:23:05.898+0000] {processor.py:186} INFO - Started process (PID=716) to work on /home/airflow/.local/lib/python3.12/site-packages/airflow/example_dags/example_sensor_decorator.py
[2024-12-15T20:23:05.900+0000] {processor.py:914} INFO - Processing file /home/airflow/.local/lib/python3.12/site-packages/airflow/example_dags/example_sensor_decorator.py for tasks to queue
[2024-12-15T20:23:05.903+0000] {logging_mixin.py:190} INFO - [2024-12-15T20:23:05.902+0000] {dagbag.py:588} INFO - Filling up the DagBag from /home/airflow/.local/lib/python3.12/site-packages/airflow/example_dags/example_sensor_decorator.py
[2024-12-15T20:23:05.917+0000] {processor.py:925} INFO - DAG(s) 'example_sensor_decorator' retrieved from /home/airflow/.local/lib/python3.12/site-packages/airflow/example_dags/example_sensor_decorator.py
[2024-12-15T20:23:05.944+0000] {logging_mixin.py:190} INFO - [2024-12-15T20:23:05.944+0000] {dag.py:3239} INFO - Sync 1 DAGs
[2024-12-15T20:23:05.966+0000] {logging_mixin.py:190} INFO - [2024-12-15T20:23:05.966+0000] {dag.py:4180} INFO - Setting next_dagrun for example_sensor_decorator to None, run_after=None
[2024-12-15T20:23:05.991+0000] {processor.py:208} INFO - Processing /home/airflow/.local/lib/python3.12/site-packages/airflow/example_dags/example_sensor_decorator.py took 0.105 seconds
[2024-12-15T20:23:36.769+0000] {processor.py:186} INFO - Started process (PID=781) to work on /home/airflow/.local/lib/python3.12/site-packages/airflow/example_dags/example_sensor_decorator.py
[2024-12-15T20:23:36.785+0000] {processor.py:914} INFO - Processing file /home/airflow/.local/lib/python3.12/site-packages/airflow/example_dags/example_sensor_decorator.py for tasks to queue
[2024-12-15T20:23:36.788+0000] {logging_mixin.py:190} INFO - [2024-12-15T20:23:36.788+0000] {dagbag.py:588} INFO - Filling up the DagBag from /home/airflow/.local/lib/python3.12/site-packages/airflow/example_dags/example_sensor_decorator.py
[2024-12-15T20:23:36.806+0000] {processor.py:925} INFO - DAG(s) 'example_sensor_decorator' retrieved from /home/airflow/.local/lib/python3.12/site-packages/airflow/example_dags/example_sensor_decorator.py
[2024-12-15T20:23:36.837+0000] {logging_mixin.py:190} INFO - [2024-12-15T20:23:36.836+0000] {dag.py:3239} INFO - Sync 1 DAGs
[2024-12-15T20:23:36.863+0000] {logging_mixin.py:190} INFO - [2024-12-15T20:23:36.863+0000] {dag.py:4180} INFO - Setting next_dagrun for example_sensor_decorator to None, run_after=None
[2024-12-15T20:23:36.885+0000] {processor.py:208} INFO - Processing /home/airflow/.local/lib/python3.12/site-packages/airflow/example_dags/example_sensor_decorator.py took 0.127 seconds
[2024-12-15T20:29:11.747+0000] {processor.py:186} INFO - Started process (PID=884) to work on /home/airflow/.local/lib/python3.12/site-packages/airflow/example_dags/example_sensor_decorator.py
[2024-12-15T20:29:11.760+0000] {processor.py:914} INFO - Processing file /home/airflow/.local/lib/python3.12/site-packages/airflow/example_dags/example_sensor_decorator.py for tasks to queue
[2024-12-15T20:29:11.772+0000] {logging_mixin.py:190} INFO - [2024-12-15T20:29:11.771+0000] {dagbag.py:588} INFO - Filling up the DagBag from /home/airflow/.local/lib/python3.12/site-packages/airflow/example_dags/example_sensor_decorator.py
[2024-12-15T20:29:11.857+0000] {processor.py:925} INFO - DAG(s) 'example_sensor_decorator' retrieved from /home/airflow/.local/lib/python3.12/site-packages/airflow/example_dags/example_sensor_decorator.py
[2024-12-15T20:29:11.994+0000] {logging_mixin.py:190} INFO - [2024-12-15T20:29:11.993+0000] {dag.py:3239} INFO - Sync 1 DAGs
[2024-12-15T20:29:12.094+0000] {logging_mixin.py:190} INFO - [2024-12-15T20:29:12.093+0000] {dag.py:4180} INFO - Setting next_dagrun for example_sensor_decorator to None, run_after=None
[2024-12-15T20:29:12.251+0000] {processor.py:208} INFO - Processing /home/airflow/.local/lib/python3.12/site-packages/airflow/example_dags/example_sensor_decorator.py took 0.566 seconds
[2024-12-15T20:30:25.361+0000] {processor.py:186} INFO - Started process (PID=953) to work on /home/airflow/.local/lib/python3.12/site-packages/airflow/example_dags/example_sensor_decorator.py
[2024-12-15T20:30:25.365+0000] {processor.py:914} INFO - Processing file /home/airflow/.local/lib/python3.12/site-packages/airflow/example_dags/example_sensor_decorator.py for tasks to queue
[2024-12-15T20:30:25.370+0000] {logging_mixin.py:190} INFO - [2024-12-15T20:30:25.369+0000] {dagbag.py:588} INFO - Filling up the DagBag from /home/airflow/.local/lib/python3.12/site-packages/airflow/example_dags/example_sensor_decorator.py
[2024-12-15T20:30:25.414+0000] {processor.py:925} INFO - DAG(s) 'example_sensor_decorator' retrieved from /home/airflow/.local/lib/python3.12/site-packages/airflow/example_dags/example_sensor_decorator.py
[2024-12-15T20:30:25.471+0000] {logging_mixin.py:190} INFO - [2024-12-15T20:30:25.468+0000] {dag.py:3239} INFO - Sync 1 DAGs
[2024-12-15T20:30:25.515+0000] {logging_mixin.py:190} INFO - [2024-12-15T20:30:25.515+0000] {dag.py:4180} INFO - Setting next_dagrun for example_sensor_decorator to None, run_after=None
[2024-12-15T20:30:25.555+0000] {processor.py:208} INFO - Processing /home/airflow/.local/lib/python3.12/site-packages/airflow/example_dags/example_sensor_decorator.py took 0.216 seconds
[2024-12-15T20:30:58.927+0000] {processor.py:186} INFO - Started process (PID=1019) to work on /home/airflow/.local/lib/python3.12/site-packages/airflow/example_dags/example_sensor_decorator.py
[2024-12-15T20:30:58.931+0000] {processor.py:914} INFO - Processing file /home/airflow/.local/lib/python3.12/site-packages/airflow/example_dags/example_sensor_decorator.py for tasks to queue
[2024-12-15T20:30:58.976+0000] {logging_mixin.py:190} INFO - [2024-12-15T20:30:58.975+0000] {dagbag.py:588} INFO - Filling up the DagBag from /home/airflow/.local/lib/python3.12/site-packages/airflow/example_dags/example_sensor_decorator.py
[2024-12-15T20:30:59.077+0000] {processor.py:925} INFO - DAG(s) 'example_sensor_decorator' retrieved from /home/airflow/.local/lib/python3.12/site-packages/airflow/example_dags/example_sensor_decorator.py
[2024-12-15T20:30:59.230+0000] {logging_mixin.py:190} INFO - [2024-12-15T20:30:59.230+0000] {dag.py:3239} INFO - Sync 1 DAGs
[2024-12-15T20:30:59.414+0000] {logging_mixin.py:190} INFO - [2024-12-15T20:30:59.406+0000] {dag.py:4180} INFO - Setting next_dagrun for example_sensor_decorator to None, run_after=None
[2024-12-15T20:30:59.515+0000] {processor.py:208} INFO - Processing /home/airflow/.local/lib/python3.12/site-packages/airflow/example_dags/example_sensor_decorator.py took 0.627 seconds
[2024-12-15T20:31:30.062+0000] {processor.py:186} INFO - Started process (PID=1083) to work on /home/airflow/.local/lib/python3.12/site-packages/airflow/example_dags/example_sensor_decorator.py
[2024-12-15T20:31:30.072+0000] {processor.py:914} INFO - Processing file /home/airflow/.local/lib/python3.12/site-packages/airflow/example_dags/example_sensor_decorator.py for tasks to queue
[2024-12-15T20:31:30.081+0000] {logging_mixin.py:190} INFO - [2024-12-15T20:31:30.080+0000] {dagbag.py:588} INFO - Filling up the DagBag from /home/airflow/.local/lib/python3.12/site-packages/airflow/example_dags/example_sensor_decorator.py
[2024-12-15T20:31:30.150+0000] {processor.py:925} INFO - DAG(s) 'example_sensor_decorator' retrieved from /home/airflow/.local/lib/python3.12/site-packages/airflow/example_dags/example_sensor_decorator.py
[2024-12-15T20:31:30.329+0000] {logging_mixin.py:190} INFO - [2024-12-15T20:31:30.327+0000] {dag.py:3239} INFO - Sync 1 DAGs
[2024-12-15T20:31:30.401+0000] {logging_mixin.py:190} INFO - [2024-12-15T20:31:30.401+0000] {dag.py:4180} INFO - Setting next_dagrun for example_sensor_decorator to None, run_after=None
[2024-12-15T20:31:30.477+0000] {processor.py:208} INFO - Processing /home/airflow/.local/lib/python3.12/site-packages/airflow/example_dags/example_sensor_decorator.py took 0.488 seconds
[2024-12-15T20:33:03.736+0000] {processor.py:186} INFO - Started process (PID=1143) to work on /home/airflow/.local/lib/python3.12/site-packages/airflow/example_dags/example_sensor_decorator.py
[2024-12-15T20:33:03.748+0000] {processor.py:914} INFO - Processing file /home/airflow/.local/lib/python3.12/site-packages/airflow/example_dags/example_sensor_decorator.py for tasks to queue
[2024-12-15T20:33:03.756+0000] {logging_mixin.py:190} INFO - [2024-12-15T20:33:03.756+0000] {dagbag.py:588} INFO - Filling up the DagBag from /home/airflow/.local/lib/python3.12/site-packages/airflow/example_dags/example_sensor_decorator.py
[2024-12-15T20:33:03.784+0000] {processor.py:925} INFO - DAG(s) 'example_sensor_decorator' retrieved from /home/airflow/.local/lib/python3.12/site-packages/airflow/example_dags/example_sensor_decorator.py
[2024-12-15T20:33:03.836+0000] {logging_mixin.py:190} INFO - [2024-12-15T20:33:03.835+0000] {dag.py:3239} INFO - Sync 1 DAGs
[2024-12-15T20:33:03.878+0000] {logging_mixin.py:190} INFO - [2024-12-15T20:33:03.878+0000] {dag.py:4180} INFO - Setting next_dagrun for example_sensor_decorator to None, run_after=None
[2024-12-15T20:33:03.960+0000] {processor.py:208} INFO - Processing /home/airflow/.local/lib/python3.12/site-packages/airflow/example_dags/example_sensor_decorator.py took 0.264 seconds
[2024-12-15T20:33:34.855+0000] {processor.py:186} INFO - Started process (PID=1209) to work on /home/airflow/.local/lib/python3.12/site-packages/airflow/example_dags/example_sensor_decorator.py
[2024-12-15T20:33:34.861+0000] {processor.py:914} INFO - Processing file /home/airflow/.local/lib/python3.12/site-packages/airflow/example_dags/example_sensor_decorator.py for tasks to queue
[2024-12-15T20:33:34.870+0000] {logging_mixin.py:190} INFO - [2024-12-15T20:33:34.869+0000] {dagbag.py:588} INFO - Filling up the DagBag from /home/airflow/.local/lib/python3.12/site-packages/airflow/example_dags/example_sensor_decorator.py
[2024-12-15T20:33:34.900+0000] {processor.py:925} INFO - DAG(s) 'example_sensor_decorator' retrieved from /home/airflow/.local/lib/python3.12/site-packages/airflow/example_dags/example_sensor_decorator.py
[2024-12-15T20:33:34.963+0000] {logging_mixin.py:190} INFO - [2024-12-15T20:33:34.962+0000] {dag.py:3239} INFO - Sync 1 DAGs
[2024-12-15T20:33:35.019+0000] {logging_mixin.py:190} INFO - [2024-12-15T20:33:35.019+0000] {dag.py:4180} INFO - Setting next_dagrun for example_sensor_decorator to None, run_after=None
[2024-12-15T20:33:35.098+0000] {processor.py:208} INFO - Processing /home/airflow/.local/lib/python3.12/site-packages/airflow/example_dags/example_sensor_decorator.py took 0.279 seconds
[2024-12-15T20:34:05.991+0000] {processor.py:186} INFO - Started process (PID=1274) to work on /home/airflow/.local/lib/python3.12/site-packages/airflow/example_dags/example_sensor_decorator.py
[2024-12-15T20:34:05.994+0000] {processor.py:914} INFO - Processing file /home/airflow/.local/lib/python3.12/site-packages/airflow/example_dags/example_sensor_decorator.py for tasks to queue
[2024-12-15T20:34:06.003+0000] {logging_mixin.py:190} INFO - [2024-12-15T20:34:06.002+0000] {dagbag.py:588} INFO - Filling up the DagBag from /home/airflow/.local/lib/python3.12/site-packages/airflow/example_dags/example_sensor_decorator.py
[2024-12-15T20:34:06.015+0000] {processor.py:925} INFO - DAG(s) 'example_sensor_decorator' retrieved from /home/airflow/.local/lib/python3.12/site-packages/airflow/example_dags/example_sensor_decorator.py
[2024-12-15T20:34:06.049+0000] {logging_mixin.py:190} INFO - [2024-12-15T20:34:06.049+0000] {dag.py:3239} INFO - Sync 1 DAGs
[2024-12-15T20:34:06.069+0000] {logging_mixin.py:190} INFO - [2024-12-15T20:34:06.069+0000] {dag.py:4180} INFO - Setting next_dagrun for example_sensor_decorator to None, run_after=None
[2024-12-15T20:34:06.096+0000] {processor.py:208} INFO - Processing /home/airflow/.local/lib/python3.12/site-packages/airflow/example_dags/example_sensor_decorator.py took 0.115 seconds
[2024-12-15T20:34:36.302+0000] {processor.py:186} INFO - Started process (PID=1339) to work on /home/airflow/.local/lib/python3.12/site-packages/airflow/example_dags/example_sensor_decorator.py
[2024-12-15T20:34:36.304+0000] {processor.py:914} INFO - Processing file /home/airflow/.local/lib/python3.12/site-packages/airflow/example_dags/example_sensor_decorator.py for tasks to queue
[2024-12-15T20:34:36.309+0000] {logging_mixin.py:190} INFO - [2024-12-15T20:34:36.307+0000] {dagbag.py:588} INFO - Filling up the DagBag from /home/airflow/.local/lib/python3.12/site-packages/airflow/example_dags/example_sensor_decorator.py
[2024-12-15T20:34:36.324+0000] {processor.py:925} INFO - DAG(s) 'example_sensor_decorator' retrieved from /home/airflow/.local/lib/python3.12/site-packages/airflow/example_dags/example_sensor_decorator.py
[2024-12-15T20:34:36.352+0000] {logging_mixin.py:190} INFO - [2024-12-15T20:34:36.352+0000] {dag.py:3239} INFO - Sync 1 DAGs
[2024-12-15T20:34:36.372+0000] {logging_mixin.py:190} INFO - [2024-12-15T20:34:36.372+0000] {dag.py:4180} INFO - Setting next_dagrun for example_sensor_decorator to None, run_after=None
[2024-12-15T20:34:36.399+0000] {processor.py:208} INFO - Processing /home/airflow/.local/lib/python3.12/site-packages/airflow/example_dags/example_sensor_decorator.py took 0.109 seconds
[2024-12-15T20:35:09.763+0000] {processor.py:186} INFO - Started process (PID=1404) to work on /home/airflow/.local/lib/python3.12/site-packages/airflow/example_dags/example_sensor_decorator.py
[2024-12-15T20:35:09.770+0000] {processor.py:914} INFO - Processing file /home/airflow/.local/lib/python3.12/site-packages/airflow/example_dags/example_sensor_decorator.py for tasks to queue
[2024-12-15T20:35:09.773+0000] {logging_mixin.py:190} INFO - [2024-12-15T20:35:09.773+0000] {dagbag.py:588} INFO - Filling up the DagBag from /home/airflow/.local/lib/python3.12/site-packages/airflow/example_dags/example_sensor_decorator.py
[2024-12-15T20:35:09.798+0000] {processor.py:925} INFO - DAG(s) 'example_sensor_decorator' retrieved from /home/airflow/.local/lib/python3.12/site-packages/airflow/example_dags/example_sensor_decorator.py
[2024-12-15T20:35:09.892+0000] {logging_mixin.py:190} INFO - [2024-12-15T20:35:09.891+0000] {dag.py:3239} INFO - Sync 1 DAGs
[2024-12-15T20:35:09.940+0000] {logging_mixin.py:190} INFO - [2024-12-15T20:35:09.939+0000] {dag.py:4180} INFO - Setting next_dagrun for example_sensor_decorator to None, run_after=None
[2024-12-15T20:35:10.008+0000] {processor.py:208} INFO - Processing /home/airflow/.local/lib/python3.12/site-packages/airflow/example_dags/example_sensor_decorator.py took 0.279 seconds
[2024-12-15T20:35:56.629+0000] {processor.py:186} INFO - Started process (PID=1475) to work on /home/airflow/.local/lib/python3.12/site-packages/airflow/example_dags/example_sensor_decorator.py
[2024-12-15T20:35:56.652+0000] {processor.py:914} INFO - Processing file /home/airflow/.local/lib/python3.12/site-packages/airflow/example_dags/example_sensor_decorator.py for tasks to queue
[2024-12-15T20:35:56.655+0000] {logging_mixin.py:190} INFO - [2024-12-15T20:35:56.654+0000] {dagbag.py:588} INFO - Filling up the DagBag from /home/airflow/.local/lib/python3.12/site-packages/airflow/example_dags/example_sensor_decorator.py
[2024-12-15T20:35:56.670+0000] {processor.py:925} INFO - DAG(s) 'example_sensor_decorator' retrieved from /home/airflow/.local/lib/python3.12/site-packages/airflow/example_dags/example_sensor_decorator.py
[2024-12-15T20:35:56.701+0000] {logging_mixin.py:190} INFO - [2024-12-15T20:35:56.701+0000] {dag.py:3239} INFO - Sync 1 DAGs
[2024-12-15T20:35:56.724+0000] {logging_mixin.py:190} INFO - [2024-12-15T20:35:56.724+0000] {dag.py:4180} INFO - Setting next_dagrun for example_sensor_decorator to None, run_after=None
[2024-12-15T20:35:56.745+0000] {processor.py:208} INFO - Processing /home/airflow/.local/lib/python3.12/site-packages/airflow/example_dags/example_sensor_decorator.py took 0.124 seconds
[2024-12-15T20:36:28.053+0000] {processor.py:186} INFO - Started process (PID=1541) to work on /home/airflow/.local/lib/python3.12/site-packages/airflow/example_dags/example_sensor_decorator.py
[2024-12-15T20:36:28.056+0000] {processor.py:914} INFO - Processing file /home/airflow/.local/lib/python3.12/site-packages/airflow/example_dags/example_sensor_decorator.py for tasks to queue
[2024-12-15T20:36:28.060+0000] {logging_mixin.py:190} INFO - [2024-12-15T20:36:28.059+0000] {dagbag.py:588} INFO - Filling up the DagBag from /home/airflow/.local/lib/python3.12/site-packages/airflow/example_dags/example_sensor_decorator.py
[2024-12-15T20:36:28.077+0000] {processor.py:925} INFO - DAG(s) 'example_sensor_decorator' retrieved from /home/airflow/.local/lib/python3.12/site-packages/airflow/example_dags/example_sensor_decorator.py
[2024-12-15T20:36:28.127+0000] {logging_mixin.py:190} INFO - [2024-12-15T20:36:28.126+0000] {dag.py:3239} INFO - Sync 1 DAGs
[2024-12-15T20:36:28.147+0000] {logging_mixin.py:190} INFO - [2024-12-15T20:36:28.146+0000] {dag.py:4180} INFO - Setting next_dagrun for example_sensor_decorator to None, run_after=None
[2024-12-15T20:36:28.174+0000] {processor.py:208} INFO - Processing /home/airflow/.local/lib/python3.12/site-packages/airflow/example_dags/example_sensor_decorator.py took 0.133 seconds
[2024-12-15T20:37:01.075+0000] {processor.py:186} INFO - Started process (PID=1607) to work on /home/airflow/.local/lib/python3.12/site-packages/airflow/example_dags/example_sensor_decorator.py
[2024-12-15T20:37:01.082+0000] {processor.py:914} INFO - Processing file /home/airflow/.local/lib/python3.12/site-packages/airflow/example_dags/example_sensor_decorator.py for tasks to queue
[2024-12-15T20:37:01.085+0000] {logging_mixin.py:190} INFO - [2024-12-15T20:37:01.084+0000] {dagbag.py:588} INFO - Filling up the DagBag from /home/airflow/.local/lib/python3.12/site-packages/airflow/example_dags/example_sensor_decorator.py
[2024-12-15T20:37:01.102+0000] {processor.py:925} INFO - DAG(s) 'example_sensor_decorator' retrieved from /home/airflow/.local/lib/python3.12/site-packages/airflow/example_dags/example_sensor_decorator.py
[2024-12-15T20:37:01.135+0000] {logging_mixin.py:190} INFO - [2024-12-15T20:37:01.135+0000] {dag.py:3239} INFO - Sync 1 DAGs
[2024-12-15T20:37:01.180+0000] {logging_mixin.py:190} INFO - [2024-12-15T20:37:01.180+0000] {dag.py:4180} INFO - Setting next_dagrun for example_sensor_decorator to None, run_after=None
[2024-12-15T20:37:01.209+0000] {processor.py:208} INFO - Processing /home/airflow/.local/lib/python3.12/site-packages/airflow/example_dags/example_sensor_decorator.py took 0.144 seconds
[2024-12-15T20:37:33.409+0000] {processor.py:186} INFO - Started process (PID=1672) to work on /home/airflow/.local/lib/python3.12/site-packages/airflow/example_dags/example_sensor_decorator.py
[2024-12-15T20:37:33.411+0000] {processor.py:914} INFO - Processing file /home/airflow/.local/lib/python3.12/site-packages/airflow/example_dags/example_sensor_decorator.py for tasks to queue
[2024-12-15T20:37:33.414+0000] {logging_mixin.py:190} INFO - [2024-12-15T20:37:33.414+0000] {dagbag.py:588} INFO - Filling up the DagBag from /home/airflow/.local/lib/python3.12/site-packages/airflow/example_dags/example_sensor_decorator.py
[2024-12-15T20:37:33.428+0000] {processor.py:925} INFO - DAG(s) 'example_sensor_decorator' retrieved from /home/airflow/.local/lib/python3.12/site-packages/airflow/example_dags/example_sensor_decorator.py
[2024-12-15T20:37:33.455+0000] {logging_mixin.py:190} INFO - [2024-12-15T20:37:33.454+0000] {dag.py:3239} INFO - Sync 1 DAGs
[2024-12-15T20:37:33.475+0000] {logging_mixin.py:190} INFO - [2024-12-15T20:37:33.475+0000] {dag.py:4180} INFO - Setting next_dagrun for example_sensor_decorator to None, run_after=None
[2024-12-15T20:37:33.530+0000] {processor.py:208} INFO - Processing /home/airflow/.local/lib/python3.12/site-packages/airflow/example_dags/example_sensor_decorator.py took 0.132 seconds
[2024-12-15T20:38:19.626+0000] {processor.py:186} INFO - Started process (PID=1745) to work on /home/airflow/.local/lib/python3.12/site-packages/airflow/example_dags/example_sensor_decorator.py
[2024-12-15T20:38:19.629+0000] {processor.py:914} INFO - Processing file /home/airflow/.local/lib/python3.12/site-packages/airflow/example_dags/example_sensor_decorator.py for tasks to queue
[2024-12-15T20:38:19.631+0000] {logging_mixin.py:190} INFO - [2024-12-15T20:38:19.631+0000] {dagbag.py:588} INFO - Filling up the DagBag from /home/airflow/.local/lib/python3.12/site-packages/airflow/example_dags/example_sensor_decorator.py
[2024-12-15T20:38:19.645+0000] {processor.py:925} INFO - DAG(s) 'example_sensor_decorator' retrieved from /home/airflow/.local/lib/python3.12/site-packages/airflow/example_dags/example_sensor_decorator.py
[2024-12-15T20:38:19.673+0000] {logging_mixin.py:190} INFO - [2024-12-15T20:38:19.672+0000] {dag.py:3239} INFO - Sync 1 DAGs
[2024-12-15T20:38:19.695+0000] {logging_mixin.py:190} INFO - [2024-12-15T20:38:19.694+0000] {dag.py:4180} INFO - Setting next_dagrun for example_sensor_decorator to None, run_after=None
[2024-12-15T20:38:19.722+0000] {processor.py:208} INFO - Processing /home/airflow/.local/lib/python3.12/site-packages/airflow/example_dags/example_sensor_decorator.py took 0.105 seconds
[2024-12-15T20:41:07.063+0000] {processor.py:186} INFO - Started process (PID=1832) to work on /home/airflow/.local/lib/python3.12/site-packages/airflow/example_dags/example_sensor_decorator.py
[2024-12-15T20:41:07.068+0000] {processor.py:914} INFO - Processing file /home/airflow/.local/lib/python3.12/site-packages/airflow/example_dags/example_sensor_decorator.py for tasks to queue
[2024-12-15T20:41:07.071+0000] {logging_mixin.py:190} INFO - [2024-12-15T20:41:07.071+0000] {dagbag.py:588} INFO - Filling up the DagBag from /home/airflow/.local/lib/python3.12/site-packages/airflow/example_dags/example_sensor_decorator.py
[2024-12-15T20:41:07.132+0000] {processor.py:925} INFO - DAG(s) 'example_sensor_decorator' retrieved from /home/airflow/.local/lib/python3.12/site-packages/airflow/example_dags/example_sensor_decorator.py
[2024-12-15T20:41:07.213+0000] {logging_mixin.py:190} INFO - [2024-12-15T20:41:07.213+0000] {dag.py:3239} INFO - Sync 1 DAGs
[2024-12-15T20:41:07.241+0000] {logging_mixin.py:190} INFO - [2024-12-15T20:41:07.240+0000] {dag.py:4180} INFO - Setting next_dagrun for example_sensor_decorator to None, run_after=None
[2024-12-15T20:41:07.295+0000] {processor.py:208} INFO - Processing /home/airflow/.local/lib/python3.12/site-packages/airflow/example_dags/example_sensor_decorator.py took 0.273 seconds
[2024-12-15T20:41:37.716+0000] {processor.py:186} INFO - Started process (PID=1897) to work on /home/airflow/.local/lib/python3.12/site-packages/airflow/example_dags/example_sensor_decorator.py
[2024-12-15T20:41:37.722+0000] {processor.py:914} INFO - Processing file /home/airflow/.local/lib/python3.12/site-packages/airflow/example_dags/example_sensor_decorator.py for tasks to queue
[2024-12-15T20:41:37.725+0000] {logging_mixin.py:190} INFO - [2024-12-15T20:41:37.724+0000] {dagbag.py:588} INFO - Filling up the DagBag from /home/airflow/.local/lib/python3.12/site-packages/airflow/example_dags/example_sensor_decorator.py
[2024-12-15T20:41:37.749+0000] {processor.py:925} INFO - DAG(s) 'example_sensor_decorator' retrieved from /home/airflow/.local/lib/python3.12/site-packages/airflow/example_dags/example_sensor_decorator.py
[2024-12-15T20:41:37.786+0000] {logging_mixin.py:190} INFO - [2024-12-15T20:41:37.786+0000] {dag.py:3239} INFO - Sync 1 DAGs
[2024-12-15T20:41:37.810+0000] {logging_mixin.py:190} INFO - [2024-12-15T20:41:37.810+0000] {dag.py:4180} INFO - Setting next_dagrun for example_sensor_decorator to None, run_after=None
[2024-12-15T20:41:37.848+0000] {processor.py:208} INFO - Processing /home/airflow/.local/lib/python3.12/site-packages/airflow/example_dags/example_sensor_decorator.py took 0.143 seconds
[2024-12-15T20:42:08.510+0000] {processor.py:186} INFO - Started process (PID=1961) to work on /home/airflow/.local/lib/python3.12/site-packages/airflow/example_dags/example_sensor_decorator.py
[2024-12-15T20:42:08.513+0000] {processor.py:914} INFO - Processing file /home/airflow/.local/lib/python3.12/site-packages/airflow/example_dags/example_sensor_decorator.py for tasks to queue
[2024-12-15T20:42:08.519+0000] {logging_mixin.py:190} INFO - [2024-12-15T20:42:08.518+0000] {dagbag.py:588} INFO - Filling up the DagBag from /home/airflow/.local/lib/python3.12/site-packages/airflow/example_dags/example_sensor_decorator.py
[2024-12-15T20:42:08.551+0000] {processor.py:925} INFO - DAG(s) 'example_sensor_decorator' retrieved from /home/airflow/.local/lib/python3.12/site-packages/airflow/example_dags/example_sensor_decorator.py
[2024-12-15T20:42:08.610+0000] {logging_mixin.py:190} INFO - [2024-12-15T20:42:08.610+0000] {dag.py:3239} INFO - Sync 1 DAGs
[2024-12-15T20:42:08.638+0000] {logging_mixin.py:190} INFO - [2024-12-15T20:42:08.638+0000] {dag.py:4180} INFO - Setting next_dagrun for example_sensor_decorator to None, run_after=None
[2024-12-15T20:42:08.664+0000] {processor.py:208} INFO - Processing /home/airflow/.local/lib/python3.12/site-packages/airflow/example_dags/example_sensor_decorator.py took 0.179 seconds
