[2024-12-15T19:40:06.720+0000] {processor.py:186} INFO - Started process (PID=60) to work on /home/airflow/.local/lib/python3.12/site-packages/airflow/example_dags/example_sla_dag.py
[2024-12-15T19:40:06.727+0000] {processor.py:914} INFO - Processing file /home/airflow/.local/lib/python3.12/site-packages/airflow/example_dags/example_sla_dag.py for tasks to queue
[2024-12-15T19:40:06.743+0000] {logging_mixin.py:190} INFO - [2024-12-15T19:40:06.742+0000] {dagbag.py:588} INFO - Filling up the DagBag from /home/airflow/.local/lib/python3.12/site-packages/airflow/example_dags/example_sla_dag.py
[2024-12-15T19:40:06.893+0000] {processor.py:925} INFO - DAG(s) 'example_sla_dag' retrieved from /home/airflow/.local/lib/python3.12/site-packages/airflow/example_dags/example_sla_dag.py
[2024-12-15T19:40:07.466+0000] {logging_mixin.py:190} INFO - [2024-12-15T19:40:07.465+0000] {override.py:1911} INFO - Created Permission View: can delete on DAG:example_sla_dag
[2024-12-15T19:40:07.539+0000] {logging_mixin.py:190} INFO - [2024-12-15T19:40:07.539+0000] {override.py:1911} INFO - Created Permission View: can read on DAG:example_sla_dag
[2024-12-15T19:40:07.553+0000] {logging_mixin.py:190} INFO - [2024-12-15T19:40:07.552+0000] {override.py:1911} INFO - Created Permission View: can edit on DAG:example_sla_dag
[2024-12-15T19:40:07.608+0000] {logging_mixin.py:190} INFO - [2024-12-15T19:40:07.607+0000] {override.py:1911} INFO - Created Permission View: menu access on DAG Run:example_sla_dag
[2024-12-15T19:40:07.640+0000] {logging_mixin.py:190} INFO - [2024-12-15T19:40:07.640+0000] {override.py:1911} INFO - Created Permission View: can delete on DAG Run:example_sla_dag
[2024-12-15T19:40:07.665+0000] {logging_mixin.py:190} INFO - [2024-12-15T19:40:07.664+0000] {override.py:1911} INFO - Created Permission View: can create on DAG Run:example_sla_dag
[2024-12-15T19:40:07.689+0000] {logging_mixin.py:190} INFO - [2024-12-15T19:40:07.688+0000] {override.py:1911} INFO - Created Permission View: can read on DAG Run:example_sla_dag
[2024-12-15T19:40:07.690+0000] {logging_mixin.py:190} INFO - [2024-12-15T19:40:07.690+0000] {dag.py:3239} INFO - Sync 1 DAGs
[2024-12-15T19:40:07.803+0000] {logging_mixin.py:190} INFO - [2024-12-15T19:40:07.803+0000] {dag.py:3262} INFO - Creating ORM DAG for example_sla_dag
[2024-12-15T19:40:07.887+0000] {logging_mixin.py:190} INFO - [2024-12-15T19:40:07.887+0000] {dag.py:4180} INFO - Setting next_dagrun for example_sla_dag to 2024-12-15 19:38:00+00:00, run_after=2024-12-15 19:40:00+00:00
[2024-12-15T19:40:07.943+0000] {processor.py:208} INFO - Processing /home/airflow/.local/lib/python3.12/site-packages/airflow/example_dags/example_sla_dag.py took 1.298 seconds
[2024-12-15T19:41:04.819+0000] {processor.py:186} INFO - Started process (PID=124) to work on /home/airflow/.local/lib/python3.12/site-packages/airflow/example_dags/example_sla_dag.py
[2024-12-15T19:41:04.825+0000] {processor.py:914} INFO - Processing file /home/airflow/.local/lib/python3.12/site-packages/airflow/example_dags/example_sla_dag.py for tasks to queue
[2024-12-15T19:41:04.836+0000] {logging_mixin.py:190} INFO - [2024-12-15T19:41:04.835+0000] {dagbag.py:588} INFO - Filling up the DagBag from /home/airflow/.local/lib/python3.12/site-packages/airflow/example_dags/example_sla_dag.py
[2024-12-15T19:41:04.855+0000] {processor.py:925} INFO - DAG(s) 'example_sla_dag' retrieved from /home/airflow/.local/lib/python3.12/site-packages/airflow/example_dags/example_sla_dag.py
[2024-12-15T19:41:04.924+0000] {logging_mixin.py:190} INFO - [2024-12-15T19:41:04.924+0000] {dag.py:3239} INFO - Sync 1 DAGs
[2024-12-15T19:41:05.001+0000] {logging_mixin.py:190} INFO - [2024-12-15T19:41:05.001+0000] {dag.py:4180} INFO - Setting next_dagrun for example_sla_dag to 2024-12-15 19:38:00+00:00, run_after=2024-12-15 19:40:00+00:00
[2024-12-15T19:41:05.050+0000] {processor.py:208} INFO - Processing /home/airflow/.local/lib/python3.12/site-packages/airflow/example_dags/example_sla_dag.py took 0.252 seconds
[2024-12-15T19:41:35.882+0000] {processor.py:186} INFO - Started process (PID=187) to work on /home/airflow/.local/lib/python3.12/site-packages/airflow/example_dags/example_sla_dag.py
[2024-12-15T19:41:35.887+0000] {processor.py:914} INFO - Processing file /home/airflow/.local/lib/python3.12/site-packages/airflow/example_dags/example_sla_dag.py for tasks to queue
[2024-12-15T19:41:35.895+0000] {logging_mixin.py:190} INFO - [2024-12-15T19:41:35.894+0000] {dagbag.py:588} INFO - Filling up the DagBag from /home/airflow/.local/lib/python3.12/site-packages/airflow/example_dags/example_sla_dag.py
[2024-12-15T19:41:35.914+0000] {processor.py:925} INFO - DAG(s) 'example_sla_dag' retrieved from /home/airflow/.local/lib/python3.12/site-packages/airflow/example_dags/example_sla_dag.py
[2024-12-15T19:41:35.967+0000] {logging_mixin.py:190} INFO - [2024-12-15T19:41:35.966+0000] {dag.py:3239} INFO - Sync 1 DAGs
[2024-12-15T19:41:36.063+0000] {logging_mixin.py:190} INFO - [2024-12-15T19:41:36.063+0000] {dag.py:4180} INFO - Setting next_dagrun for example_sla_dag to 2024-12-15 19:38:00+00:00, run_after=2024-12-15 19:40:00+00:00
[2024-12-15T19:41:36.342+0000] {processor.py:208} INFO - Processing /home/airflow/.local/lib/python3.12/site-packages/airflow/example_dags/example_sla_dag.py took 0.472 seconds
[2024-12-15T19:42:33.111+0000] {processor.py:186} INFO - Started process (PID=237) to work on /home/airflow/.local/lib/python3.12/site-packages/airflow/example_dags/example_sla_dag.py
[2024-12-15T19:42:33.113+0000] {processor.py:914} INFO - Processing file /home/airflow/.local/lib/python3.12/site-packages/airflow/example_dags/example_sla_dag.py for tasks to queue
[2024-12-15T19:42:33.121+0000] {logging_mixin.py:190} INFO - [2024-12-15T19:42:33.118+0000] {dagbag.py:588} INFO - Filling up the DagBag from /home/airflow/.local/lib/python3.12/site-packages/airflow/example_dags/example_sla_dag.py
[2024-12-15T19:42:33.154+0000] {processor.py:925} INFO - DAG(s) 'example_sla_dag' retrieved from /home/airflow/.local/lib/python3.12/site-packages/airflow/example_dags/example_sla_dag.py
[2024-12-15T19:42:33.209+0000] {logging_mixin.py:190} INFO - [2024-12-15T19:42:33.209+0000] {dag.py:3239} INFO - Sync 1 DAGs
[2024-12-15T19:42:33.285+0000] {logging_mixin.py:190} INFO - [2024-12-15T19:42:33.284+0000] {dag.py:4180} INFO - Setting next_dagrun for example_sla_dag to 2024-12-15 19:40:00+00:00, run_after=2024-12-15 19:42:00+00:00
[2024-12-15T19:42:33.343+0000] {processor.py:208} INFO - Processing /home/airflow/.local/lib/python3.12/site-packages/airflow/example_dags/example_sla_dag.py took 0.243 seconds
[2024-12-15T19:43:04.863+0000] {processor.py:186} INFO - Started process (PID=302) to work on /home/airflow/.local/lib/python3.12/site-packages/airflow/example_dags/example_sla_dag.py
[2024-12-15T19:43:04.866+0000] {processor.py:914} INFO - Processing file /home/airflow/.local/lib/python3.12/site-packages/airflow/example_dags/example_sla_dag.py for tasks to queue
[2024-12-15T19:43:04.870+0000] {logging_mixin.py:190} INFO - [2024-12-15T19:43:04.870+0000] {dagbag.py:588} INFO - Filling up the DagBag from /home/airflow/.local/lib/python3.12/site-packages/airflow/example_dags/example_sla_dag.py
[2024-12-15T19:43:04.886+0000] {processor.py:925} INFO - DAG(s) 'example_sla_dag' retrieved from /home/airflow/.local/lib/python3.12/site-packages/airflow/example_dags/example_sla_dag.py
[2024-12-15T19:43:04.927+0000] {logging_mixin.py:190} INFO - [2024-12-15T19:43:04.926+0000] {dag.py:3239} INFO - Sync 1 DAGs
[2024-12-15T19:43:04.972+0000] {logging_mixin.py:190} INFO - [2024-12-15T19:43:04.972+0000] {dag.py:4180} INFO - Setting next_dagrun for example_sla_dag to 2024-12-15 19:40:00+00:00, run_after=2024-12-15 19:42:00+00:00
[2024-12-15T19:43:04.997+0000] {processor.py:208} INFO - Processing /home/airflow/.local/lib/python3.12/site-packages/airflow/example_dags/example_sla_dag.py took 0.145 seconds
[2024-12-15T19:43:36.335+0000] {processor.py:186} INFO - Started process (PID=365) to work on /home/airflow/.local/lib/python3.12/site-packages/airflow/example_dags/example_sla_dag.py
[2024-12-15T19:43:36.338+0000] {processor.py:914} INFO - Processing file /home/airflow/.local/lib/python3.12/site-packages/airflow/example_dags/example_sla_dag.py for tasks to queue
[2024-12-15T19:43:36.351+0000] {logging_mixin.py:190} INFO - [2024-12-15T19:43:36.351+0000] {dagbag.py:588} INFO - Filling up the DagBag from /home/airflow/.local/lib/python3.12/site-packages/airflow/example_dags/example_sla_dag.py
[2024-12-15T19:43:36.394+0000] {processor.py:925} INFO - DAG(s) 'example_sla_dag' retrieved from /home/airflow/.local/lib/python3.12/site-packages/airflow/example_dags/example_sla_dag.py
[2024-12-15T19:43:36.455+0000] {logging_mixin.py:190} INFO - [2024-12-15T19:43:36.455+0000] {dag.py:3239} INFO - Sync 1 DAGs
[2024-12-15T19:43:36.564+0000] {logging_mixin.py:190} INFO - [2024-12-15T19:43:36.564+0000] {dag.py:4180} INFO - Setting next_dagrun for example_sla_dag to 2024-12-15 19:40:00+00:00, run_after=2024-12-15 19:42:00+00:00
[2024-12-15T19:43:36.630+0000] {processor.py:208} INFO - Processing /home/airflow/.local/lib/python3.12/site-packages/airflow/example_dags/example_sla_dag.py took 0.318 seconds
[2024-12-15T19:44:06.740+0000] {processor.py:186} INFO - Started process (PID=429) to work on /home/airflow/.local/lib/python3.12/site-packages/airflow/example_dags/example_sla_dag.py
[2024-12-15T19:44:06.743+0000] {processor.py:914} INFO - Processing file /home/airflow/.local/lib/python3.12/site-packages/airflow/example_dags/example_sla_dag.py for tasks to queue
[2024-12-15T19:44:06.748+0000] {logging_mixin.py:190} INFO - [2024-12-15T19:44:06.747+0000] {dagbag.py:588} INFO - Filling up the DagBag from /home/airflow/.local/lib/python3.12/site-packages/airflow/example_dags/example_sla_dag.py
[2024-12-15T19:44:06.765+0000] {processor.py:925} INFO - DAG(s) 'example_sla_dag' retrieved from /home/airflow/.local/lib/python3.12/site-packages/airflow/example_dags/example_sla_dag.py
[2024-12-15T19:44:06.811+0000] {logging_mixin.py:190} INFO - [2024-12-15T19:44:06.811+0000] {dag.py:3239} INFO - Sync 1 DAGs
[2024-12-15T19:44:06.851+0000] {logging_mixin.py:190} INFO - [2024-12-15T19:44:06.851+0000] {dag.py:4180} INFO - Setting next_dagrun for example_sla_dag to 2024-12-15 19:42:00+00:00, run_after=2024-12-15 19:44:00+00:00
[2024-12-15T19:44:06.879+0000] {processor.py:208} INFO - Processing /home/airflow/.local/lib/python3.12/site-packages/airflow/example_dags/example_sla_dag.py took 0.150 seconds
[2024-12-15T19:45:27.065+0000] {processor.py:186} INFO - Started process (PID=495) to work on /home/airflow/.local/lib/python3.12/site-packages/airflow/example_dags/example_sla_dag.py
[2024-12-15T19:45:27.072+0000] {processor.py:914} INFO - Processing file /home/airflow/.local/lib/python3.12/site-packages/airflow/example_dags/example_sla_dag.py for tasks to queue
[2024-12-15T19:45:27.075+0000] {logging_mixin.py:190} INFO - [2024-12-15T19:45:27.075+0000] {dagbag.py:588} INFO - Filling up the DagBag from /home/airflow/.local/lib/python3.12/site-packages/airflow/example_dags/example_sla_dag.py
[2024-12-15T19:45:27.131+0000] {processor.py:925} INFO - DAG(s) 'example_sla_dag' retrieved from /home/airflow/.local/lib/python3.12/site-packages/airflow/example_dags/example_sla_dag.py
[2024-12-15T19:45:27.183+0000] {logging_mixin.py:190} INFO - [2024-12-15T19:45:27.183+0000] {dag.py:3239} INFO - Sync 1 DAGs
[2024-12-15T19:45:27.287+0000] {logging_mixin.py:190} INFO - [2024-12-15T19:45:27.287+0000] {dag.py:4180} INFO - Setting next_dagrun for example_sla_dag to 2024-12-15 19:42:00+00:00, run_after=2024-12-15 19:44:00+00:00
[2024-12-15T19:45:27.394+0000] {processor.py:208} INFO - Processing /home/airflow/.local/lib/python3.12/site-packages/airflow/example_dags/example_sla_dag.py took 0.354 seconds
[2024-12-15T19:45:57.839+0000] {processor.py:186} INFO - Started process (PID=557) to work on /home/airflow/.local/lib/python3.12/site-packages/airflow/example_dags/example_sla_dag.py
[2024-12-15T19:45:57.843+0000] {processor.py:914} INFO - Processing file /home/airflow/.local/lib/python3.12/site-packages/airflow/example_dags/example_sla_dag.py for tasks to queue
[2024-12-15T19:45:57.856+0000] {logging_mixin.py:190} INFO - [2024-12-15T19:45:57.855+0000] {dagbag.py:588} INFO - Filling up the DagBag from /home/airflow/.local/lib/python3.12/site-packages/airflow/example_dags/example_sla_dag.py
[2024-12-15T19:45:57.885+0000] {processor.py:925} INFO - DAG(s) 'example_sla_dag' retrieved from /home/airflow/.local/lib/python3.12/site-packages/airflow/example_dags/example_sla_dag.py
[2024-12-15T19:45:57.923+0000] {logging_mixin.py:190} INFO - [2024-12-15T19:45:57.923+0000] {dag.py:3239} INFO - Sync 1 DAGs
[2024-12-15T19:45:57.973+0000] {logging_mixin.py:190} INFO - [2024-12-15T19:45:57.973+0000] {dag.py:4180} INFO - Setting next_dagrun for example_sla_dag to 2024-12-15 19:42:00+00:00, run_after=2024-12-15 19:44:00+00:00
[2024-12-15T19:45:58.000+0000] {processor.py:208} INFO - Processing /home/airflow/.local/lib/python3.12/site-packages/airflow/example_dags/example_sla_dag.py took 0.175 seconds
[2024-12-15T19:46:30.809+0000] {processor.py:186} INFO - Started process (PID=622) to work on /home/airflow/.local/lib/python3.12/site-packages/airflow/example_dags/example_sla_dag.py
[2024-12-15T19:46:30.821+0000] {processor.py:914} INFO - Processing file /home/airflow/.local/lib/python3.12/site-packages/airflow/example_dags/example_sla_dag.py for tasks to queue
[2024-12-15T19:46:30.851+0000] {logging_mixin.py:190} INFO - [2024-12-15T19:46:30.847+0000] {dagbag.py:588} INFO - Filling up the DagBag from /home/airflow/.local/lib/python3.12/site-packages/airflow/example_dags/example_sla_dag.py
[2024-12-15T19:46:30.933+0000] {processor.py:925} INFO - DAG(s) 'example_sla_dag' retrieved from /home/airflow/.local/lib/python3.12/site-packages/airflow/example_dags/example_sla_dag.py
[2024-12-15T19:46:31.053+0000] {logging_mixin.py:190} INFO - [2024-12-15T19:46:31.052+0000] {dag.py:3239} INFO - Sync 1 DAGs
[2024-12-15T19:46:31.216+0000] {logging_mixin.py:190} INFO - [2024-12-15T19:46:31.210+0000] {dag.py:4180} INFO - Setting next_dagrun for example_sla_dag to 2024-12-15 19:44:00+00:00, run_after=2024-12-15 19:46:00+00:00
[2024-12-15T19:46:31.290+0000] {processor.py:208} INFO - Processing /home/airflow/.local/lib/python3.12/site-packages/airflow/example_dags/example_sla_dag.py took 0.557 seconds
[2024-12-15T19:47:01.863+0000] {processor.py:186} INFO - Started process (PID=687) to work on /home/airflow/.local/lib/python3.12/site-packages/airflow/example_dags/example_sla_dag.py
[2024-12-15T19:47:01.864+0000] {processor.py:914} INFO - Processing file /home/airflow/.local/lib/python3.12/site-packages/airflow/example_dags/example_sla_dag.py for tasks to queue
[2024-12-15T19:47:01.870+0000] {logging_mixin.py:190} INFO - [2024-12-15T19:47:01.869+0000] {dagbag.py:588} INFO - Filling up the DagBag from /home/airflow/.local/lib/python3.12/site-packages/airflow/example_dags/example_sla_dag.py
[2024-12-15T19:47:01.888+0000] {processor.py:925} INFO - DAG(s) 'example_sla_dag' retrieved from /home/airflow/.local/lib/python3.12/site-packages/airflow/example_dags/example_sla_dag.py
[2024-12-15T19:47:01.921+0000] {logging_mixin.py:190} INFO - [2024-12-15T19:47:01.920+0000] {dag.py:3239} INFO - Sync 1 DAGs
[2024-12-15T19:47:01.961+0000] {logging_mixin.py:190} INFO - [2024-12-15T19:47:01.961+0000] {dag.py:4180} INFO - Setting next_dagrun for example_sla_dag to 2024-12-15 19:44:00+00:00, run_after=2024-12-15 19:46:00+00:00
[2024-12-15T19:47:01.989+0000] {processor.py:208} INFO - Processing /home/airflow/.local/lib/python3.12/site-packages/airflow/example_dags/example_sla_dag.py took 0.137 seconds
[2024-12-15T19:47:32.526+0000] {processor.py:186} INFO - Started process (PID=752) to work on /home/airflow/.local/lib/python3.12/site-packages/airflow/example_dags/example_sla_dag.py
[2024-12-15T19:47:32.528+0000] {processor.py:914} INFO - Processing file /home/airflow/.local/lib/python3.12/site-packages/airflow/example_dags/example_sla_dag.py for tasks to queue
[2024-12-15T19:47:32.535+0000] {logging_mixin.py:190} INFO - [2024-12-15T19:47:32.533+0000] {dagbag.py:588} INFO - Filling up the DagBag from /home/airflow/.local/lib/python3.12/site-packages/airflow/example_dags/example_sla_dag.py
[2024-12-15T19:47:32.559+0000] {processor.py:925} INFO - DAG(s) 'example_sla_dag' retrieved from /home/airflow/.local/lib/python3.12/site-packages/airflow/example_dags/example_sla_dag.py
[2024-12-15T19:47:32.612+0000] {logging_mixin.py:190} INFO - [2024-12-15T19:47:32.612+0000] {dag.py:3239} INFO - Sync 1 DAGs
[2024-12-15T19:47:32.701+0000] {logging_mixin.py:190} INFO - [2024-12-15T19:47:32.701+0000] {dag.py:4180} INFO - Setting next_dagrun for example_sla_dag to 2024-12-15 19:44:00+00:00, run_after=2024-12-15 19:46:00+00:00
[2024-12-15T19:47:32.777+0000] {processor.py:208} INFO - Processing /home/airflow/.local/lib/python3.12/site-packages/airflow/example_dags/example_sla_dag.py took 0.267 seconds
[2024-12-15T19:50:52.813+0000] {processor.py:186} INFO - Started process (PID=54) to work on /home/airflow/.local/lib/python3.12/site-packages/airflow/example_dags/example_sla_dag.py
[2024-12-15T19:50:52.818+0000] {processor.py:914} INFO - Processing file /home/airflow/.local/lib/python3.12/site-packages/airflow/example_dags/example_sla_dag.py for tasks to queue
[2024-12-15T19:50:52.833+0000] {logging_mixin.py:190} INFO - [2024-12-15T19:50:52.827+0000] {dagbag.py:588} INFO - Filling up the DagBag from /home/airflow/.local/lib/python3.12/site-packages/airflow/example_dags/example_sla_dag.py
[2024-12-15T19:50:52.879+0000] {processor.py:925} INFO - DAG(s) 'example_sla_dag' retrieved from /home/airflow/.local/lib/python3.12/site-packages/airflow/example_dags/example_sla_dag.py
[2024-12-15T19:50:53.043+0000] {logging_mixin.py:190} INFO - [2024-12-15T19:50:53.043+0000] {dag.py:3239} INFO - Sync 1 DAGs
[2024-12-15T19:50:53.131+0000] {logging_mixin.py:190} INFO - [2024-12-15T19:50:53.130+0000] {dag.py:4180} INFO - Setting next_dagrun for example_sla_dag to 2024-12-15 19:48:00+00:00, run_after=2024-12-15 19:50:00+00:00
[2024-12-15T19:50:53.172+0000] {processor.py:208} INFO - Processing /home/airflow/.local/lib/python3.12/site-packages/airflow/example_dags/example_sla_dag.py took 0.387 seconds
[2024-12-15T19:51:31.978+0000] {processor.py:186} INFO - Started process (PID=119) to work on /home/airflow/.local/lib/python3.12/site-packages/airflow/example_dags/example_sla_dag.py
[2024-12-15T19:51:31.998+0000] {processor.py:914} INFO - Processing file /home/airflow/.local/lib/python3.12/site-packages/airflow/example_dags/example_sla_dag.py for tasks to queue
[2024-12-15T19:51:32.025+0000] {logging_mixin.py:190} INFO - [2024-12-15T19:51:32.024+0000] {dagbag.py:588} INFO - Filling up the DagBag from /home/airflow/.local/lib/python3.12/site-packages/airflow/example_dags/example_sla_dag.py
[2024-12-15T19:51:32.166+0000] {processor.py:925} INFO - DAG(s) 'example_sla_dag' retrieved from /home/airflow/.local/lib/python3.12/site-packages/airflow/example_dags/example_sla_dag.py
[2024-12-15T19:51:32.292+0000] {logging_mixin.py:190} INFO - [2024-12-15T19:51:32.292+0000] {dag.py:3239} INFO - Sync 1 DAGs
[2024-12-15T19:51:32.424+0000] {logging_mixin.py:190} INFO - [2024-12-15T19:51:32.424+0000] {dag.py:4180} INFO - Setting next_dagrun for example_sla_dag to 2024-12-15 19:48:00+00:00, run_after=2024-12-15 19:50:00+00:00
[2024-12-15T19:51:32.520+0000] {processor.py:208} INFO - Processing /home/airflow/.local/lib/python3.12/site-packages/airflow/example_dags/example_sla_dag.py took 0.682 seconds
[2024-12-15T19:52:15.531+0000] {processor.py:186} INFO - Started process (PID=183) to work on /home/airflow/.local/lib/python3.12/site-packages/airflow/example_dags/example_sla_dag.py
[2024-12-15T19:52:15.536+0000] {processor.py:914} INFO - Processing file /home/airflow/.local/lib/python3.12/site-packages/airflow/example_dags/example_sla_dag.py for tasks to queue
[2024-12-15T19:52:15.560+0000] {logging_mixin.py:190} INFO - [2024-12-15T19:52:15.556+0000] {dagbag.py:588} INFO - Filling up the DagBag from /home/airflow/.local/lib/python3.12/site-packages/airflow/example_dags/example_sla_dag.py
[2024-12-15T19:52:15.601+0000] {processor.py:925} INFO - DAG(s) 'example_sla_dag' retrieved from /home/airflow/.local/lib/python3.12/site-packages/airflow/example_dags/example_sla_dag.py
[2024-12-15T19:52:15.731+0000] {logging_mixin.py:190} INFO - [2024-12-15T19:52:15.730+0000] {dag.py:3239} INFO - Sync 1 DAGs
[2024-12-15T19:52:15.886+0000] {logging_mixin.py:190} INFO - [2024-12-15T19:52:15.885+0000] {dag.py:4180} INFO - Setting next_dagrun for example_sla_dag to 2024-12-15 19:50:00+00:00, run_after=2024-12-15 19:52:00+00:00
[2024-12-15T19:52:16.226+0000] {processor.py:208} INFO - Processing /home/airflow/.local/lib/python3.12/site-packages/airflow/example_dags/example_sla_dag.py took 0.769 seconds
[2024-12-15T19:52:47.010+0000] {processor.py:186} INFO - Started process (PID=247) to work on /home/airflow/.local/lib/python3.12/site-packages/airflow/example_dags/example_sla_dag.py
[2024-12-15T19:52:47.012+0000] {processor.py:914} INFO - Processing file /home/airflow/.local/lib/python3.12/site-packages/airflow/example_dags/example_sla_dag.py for tasks to queue
[2024-12-15T19:52:47.017+0000] {logging_mixin.py:190} INFO - [2024-12-15T19:52:47.016+0000] {dagbag.py:588} INFO - Filling up the DagBag from /home/airflow/.local/lib/python3.12/site-packages/airflow/example_dags/example_sla_dag.py
[2024-12-15T19:52:47.033+0000] {processor.py:925} INFO - DAG(s) 'example_sla_dag' retrieved from /home/airflow/.local/lib/python3.12/site-packages/airflow/example_dags/example_sla_dag.py
[2024-12-15T19:52:47.068+0000] {logging_mixin.py:190} INFO - [2024-12-15T19:52:47.068+0000] {dag.py:3239} INFO - Sync 1 DAGs
[2024-12-15T19:52:47.120+0000] {logging_mixin.py:190} INFO - [2024-12-15T19:52:47.120+0000] {dag.py:4180} INFO - Setting next_dagrun for example_sla_dag to 2024-12-15 19:50:00+00:00, run_after=2024-12-15 19:52:00+00:00
[2024-12-15T19:52:47.158+0000] {processor.py:208} INFO - Processing /home/airflow/.local/lib/python3.12/site-packages/airflow/example_dags/example_sla_dag.py took 0.158 seconds
[2024-12-15T19:53:26.523+0000] {processor.py:186} INFO - Started process (PID=319) to work on /home/airflow/.local/lib/python3.12/site-packages/airflow/example_dags/example_sla_dag.py
[2024-12-15T19:53:26.534+0000] {processor.py:914} INFO - Processing file /home/airflow/.local/lib/python3.12/site-packages/airflow/example_dags/example_sla_dag.py for tasks to queue
[2024-12-15T19:53:26.547+0000] {logging_mixin.py:190} INFO - [2024-12-15T19:53:26.545+0000] {dagbag.py:588} INFO - Filling up the DagBag from /home/airflow/.local/lib/python3.12/site-packages/airflow/example_dags/example_sla_dag.py
[2024-12-15T19:53:26.817+0000] {processor.py:925} INFO - DAG(s) 'example_sla_dag' retrieved from /home/airflow/.local/lib/python3.12/site-packages/airflow/example_dags/example_sla_dag.py
[2024-12-15T19:53:27.165+0000] {logging_mixin.py:190} INFO - [2024-12-15T19:53:27.164+0000] {dag.py:3239} INFO - Sync 1 DAGs
[2024-12-15T19:53:27.413+0000] {logging_mixin.py:190} INFO - [2024-12-15T19:53:27.413+0000] {dag.py:4180} INFO - Setting next_dagrun for example_sla_dag to 2024-12-15 19:50:00+00:00, run_after=2024-12-15 19:52:00+00:00
[2024-12-15T19:53:27.677+0000] {processor.py:208} INFO - Processing /home/airflow/.local/lib/python3.12/site-packages/airflow/example_dags/example_sla_dag.py took 1.320 seconds
[2024-12-15T19:54:03.060+0000] {processor.py:186} INFO - Started process (PID=381) to work on /home/airflow/.local/lib/python3.12/site-packages/airflow/example_dags/example_sla_dag.py
[2024-12-15T19:54:03.074+0000] {processor.py:914} INFO - Processing file /home/airflow/.local/lib/python3.12/site-packages/airflow/example_dags/example_sla_dag.py for tasks to queue
[2024-12-15T19:54:03.097+0000] {logging_mixin.py:190} INFO - [2024-12-15T19:54:03.089+0000] {dagbag.py:588} INFO - Filling up the DagBag from /home/airflow/.local/lib/python3.12/site-packages/airflow/example_dags/example_sla_dag.py
[2024-12-15T19:54:03.168+0000] {processor.py:925} INFO - DAG(s) 'example_sla_dag' retrieved from /home/airflow/.local/lib/python3.12/site-packages/airflow/example_dags/example_sla_dag.py
[2024-12-15T19:54:03.299+0000] {logging_mixin.py:190} INFO - [2024-12-15T19:54:03.299+0000] {dag.py:3239} INFO - Sync 1 DAGs
[2024-12-15T19:54:03.468+0000] {logging_mixin.py:190} INFO - [2024-12-15T19:54:03.468+0000] {dag.py:4180} INFO - Setting next_dagrun for example_sla_dag to 2024-12-15 19:52:00+00:00, run_after=2024-12-15 19:54:00+00:00
[2024-12-15T19:54:03.563+0000] {processor.py:208} INFO - Processing /home/airflow/.local/lib/python3.12/site-packages/airflow/example_dags/example_sla_dag.py took 0.525 seconds
[2024-12-15T19:54:34.285+0000] {processor.py:186} INFO - Started process (PID=445) to work on /home/airflow/.local/lib/python3.12/site-packages/airflow/example_dags/example_sla_dag.py
[2024-12-15T19:54:34.287+0000] {processor.py:914} INFO - Processing file /home/airflow/.local/lib/python3.12/site-packages/airflow/example_dags/example_sla_dag.py for tasks to queue
[2024-12-15T19:54:34.313+0000] {logging_mixin.py:190} INFO - [2024-12-15T19:54:34.312+0000] {dagbag.py:588} INFO - Filling up the DagBag from /home/airflow/.local/lib/python3.12/site-packages/airflow/example_dags/example_sla_dag.py
[2024-12-15T19:54:34.380+0000] {processor.py:925} INFO - DAG(s) 'example_sla_dag' retrieved from /home/airflow/.local/lib/python3.12/site-packages/airflow/example_dags/example_sla_dag.py
[2024-12-15T19:54:34.467+0000] {logging_mixin.py:190} INFO - [2024-12-15T19:54:34.466+0000] {dag.py:3239} INFO - Sync 1 DAGs
[2024-12-15T19:54:34.680+0000] {logging_mixin.py:190} INFO - [2024-12-15T19:54:34.679+0000] {dag.py:4180} INFO - Setting next_dagrun for example_sla_dag to 2024-12-15 19:52:00+00:00, run_after=2024-12-15 19:54:00+00:00
[2024-12-15T19:54:34.753+0000] {processor.py:208} INFO - Processing /home/airflow/.local/lib/python3.12/site-packages/airflow/example_dags/example_sla_dag.py took 0.545 seconds
[2024-12-15T19:55:04.921+0000] {processor.py:186} INFO - Started process (PID=509) to work on /home/airflow/.local/lib/python3.12/site-packages/airflow/example_dags/example_sla_dag.py
[2024-12-15T19:55:04.926+0000] {processor.py:914} INFO - Processing file /home/airflow/.local/lib/python3.12/site-packages/airflow/example_dags/example_sla_dag.py for tasks to queue
[2024-12-15T19:55:04.930+0000] {logging_mixin.py:190} INFO - [2024-12-15T19:55:04.929+0000] {dagbag.py:588} INFO - Filling up the DagBag from /home/airflow/.local/lib/python3.12/site-packages/airflow/example_dags/example_sla_dag.py
[2024-12-15T19:55:04.950+0000] {processor.py:925} INFO - DAG(s) 'example_sla_dag' retrieved from /home/airflow/.local/lib/python3.12/site-packages/airflow/example_dags/example_sla_dag.py
[2024-12-15T19:55:04.976+0000] {logging_mixin.py:190} INFO - [2024-12-15T19:55:04.975+0000] {dag.py:3239} INFO - Sync 1 DAGs
[2024-12-15T19:55:05.013+0000] {logging_mixin.py:190} INFO - [2024-12-15T19:55:05.013+0000] {dag.py:4180} INFO - Setting next_dagrun for example_sla_dag to 2024-12-15 19:52:00+00:00, run_after=2024-12-15 19:54:00+00:00
[2024-12-15T19:55:05.038+0000] {processor.py:208} INFO - Processing /home/airflow/.local/lib/python3.12/site-packages/airflow/example_dags/example_sla_dag.py took 0.133 seconds
[2024-12-15T19:55:35.695+0000] {processor.py:186} INFO - Started process (PID=575) to work on /home/airflow/.local/lib/python3.12/site-packages/airflow/example_dags/example_sla_dag.py
[2024-12-15T19:55:35.698+0000] {processor.py:914} INFO - Processing file /home/airflow/.local/lib/python3.12/site-packages/airflow/example_dags/example_sla_dag.py for tasks to queue
[2024-12-15T19:55:35.703+0000] {logging_mixin.py:190} INFO - [2024-12-15T19:55:35.703+0000] {dagbag.py:588} INFO - Filling up the DagBag from /home/airflow/.local/lib/python3.12/site-packages/airflow/example_dags/example_sla_dag.py
[2024-12-15T19:55:35.726+0000] {processor.py:925} INFO - DAG(s) 'example_sla_dag' retrieved from /home/airflow/.local/lib/python3.12/site-packages/airflow/example_dags/example_sla_dag.py
[2024-12-15T19:55:35.767+0000] {logging_mixin.py:190} INFO - [2024-12-15T19:55:35.766+0000] {dag.py:3239} INFO - Sync 1 DAGs
[2024-12-15T19:55:35.813+0000] {logging_mixin.py:190} INFO - [2024-12-15T19:55:35.813+0000] {dag.py:4180} INFO - Setting next_dagrun for example_sla_dag to 2024-12-15 19:52:00+00:00, run_after=2024-12-15 19:54:00+00:00
[2024-12-15T19:55:35.847+0000] {processor.py:208} INFO - Processing /home/airflow/.local/lib/python3.12/site-packages/airflow/example_dags/example_sla_dag.py took 0.162 seconds
[2024-12-15T19:56:07.314+0000] {processor.py:186} INFO - Started process (PID=631) to work on /home/airflow/.local/lib/python3.12/site-packages/airflow/example_dags/example_sla_dag.py
[2024-12-15T19:56:07.315+0000] {processor.py:914} INFO - Processing file /home/airflow/.local/lib/python3.12/site-packages/airflow/example_dags/example_sla_dag.py for tasks to queue
[2024-12-15T19:56:07.318+0000] {logging_mixin.py:190} INFO - [2024-12-15T19:56:07.317+0000] {dagbag.py:588} INFO - Filling up the DagBag from /home/airflow/.local/lib/python3.12/site-packages/airflow/example_dags/example_sla_dag.py
[2024-12-15T19:56:07.334+0000] {processor.py:925} INFO - DAG(s) 'example_sla_dag' retrieved from /home/airflow/.local/lib/python3.12/site-packages/airflow/example_dags/example_sla_dag.py
[2024-12-15T19:56:07.364+0000] {logging_mixin.py:190} INFO - [2024-12-15T19:56:07.363+0000] {dag.py:3239} INFO - Sync 1 DAGs
[2024-12-15T19:56:07.400+0000] {logging_mixin.py:190} INFO - [2024-12-15T19:56:07.400+0000] {dag.py:4180} INFO - Setting next_dagrun for example_sla_dag to 2024-12-15 19:54:00+00:00, run_after=2024-12-15 19:56:00+00:00
[2024-12-15T19:56:07.424+0000] {processor.py:208} INFO - Processing /home/airflow/.local/lib/python3.12/site-packages/airflow/example_dags/example_sla_dag.py took 0.120 seconds
[2024-12-15T19:59:19.861+0000] {processor.py:186} INFO - Started process (PID=52) to work on /home/airflow/.local/lib/python3.12/site-packages/airflow/example_dags/example_sla_dag.py
[2024-12-15T19:59:19.888+0000] {processor.py:914} INFO - Processing file /home/airflow/.local/lib/python3.12/site-packages/airflow/example_dags/example_sla_dag.py for tasks to queue
[2024-12-15T19:59:19.942+0000] {logging_mixin.py:190} INFO - [2024-12-15T19:59:19.941+0000] {dagbag.py:588} INFO - Filling up the DagBag from /home/airflow/.local/lib/python3.12/site-packages/airflow/example_dags/example_sla_dag.py
[2024-12-15T19:59:20.208+0000] {processor.py:925} INFO - DAG(s) 'example_sla_dag' retrieved from /home/airflow/.local/lib/python3.12/site-packages/airflow/example_dags/example_sla_dag.py
[2024-12-15T19:59:20.404+0000] {logging_mixin.py:190} INFO - [2024-12-15T19:59:20.403+0000] {dag.py:3239} INFO - Sync 1 DAGs
[2024-12-15T19:59:20.720+0000] {logging_mixin.py:190} INFO - [2024-12-15T19:59:20.719+0000] {dag.py:4180} INFO - Setting next_dagrun for example_sla_dag to 2024-12-15 19:56:00+00:00, run_after=2024-12-15 19:58:00+00:00
[2024-12-15T19:59:20.815+0000] {processor.py:208} INFO - Processing /home/airflow/.local/lib/python3.12/site-packages/airflow/example_dags/example_sla_dag.py took 1.017 seconds
[2024-12-15T20:01:11.752+0000] {processor.py:186} INFO - Started process (PID=135) to work on /home/airflow/.local/lib/python3.12/site-packages/airflow/example_dags/example_sla_dag.py
[2024-12-15T20:01:11.769+0000] {processor.py:914} INFO - Processing file /home/airflow/.local/lib/python3.12/site-packages/airflow/example_dags/example_sla_dag.py for tasks to queue
[2024-12-15T20:01:11.782+0000] {logging_mixin.py:190} INFO - [2024-12-15T20:01:11.781+0000] {dagbag.py:588} INFO - Filling up the DagBag from /home/airflow/.local/lib/python3.12/site-packages/airflow/example_dags/example_sla_dag.py
[2024-12-15T20:01:11.900+0000] {processor.py:925} INFO - DAG(s) 'example_sla_dag' retrieved from /home/airflow/.local/lib/python3.12/site-packages/airflow/example_dags/example_sla_dag.py
[2024-12-15T20:01:12.060+0000] {logging_mixin.py:190} INFO - [2024-12-15T20:01:12.058+0000] {dag.py:3239} INFO - Sync 1 DAGs
[2024-12-15T20:01:12.485+0000] {logging_mixin.py:190} INFO - [2024-12-15T20:01:12.484+0000] {dag.py:4180} INFO - Setting next_dagrun for example_sla_dag to 2024-12-15 19:58:00+00:00, run_after=2024-12-15 20:00:00+00:00
[2024-12-15T20:01:12.535+0000] {processor.py:208} INFO - Processing /home/airflow/.local/lib/python3.12/site-packages/airflow/example_dags/example_sla_dag.py took 0.846 seconds
[2024-12-15T20:01:47.137+0000] {processor.py:186} INFO - Started process (PID=188) to work on /home/airflow/.local/lib/python3.12/site-packages/airflow/example_dags/example_sla_dag.py
[2024-12-15T20:01:47.152+0000] {processor.py:914} INFO - Processing file /home/airflow/.local/lib/python3.12/site-packages/airflow/example_dags/example_sla_dag.py for tasks to queue
[2024-12-15T20:01:47.167+0000] {logging_mixin.py:190} INFO - [2024-12-15T20:01:47.161+0000] {dagbag.py:588} INFO - Filling up the DagBag from /home/airflow/.local/lib/python3.12/site-packages/airflow/example_dags/example_sla_dag.py
[2024-12-15T20:01:47.219+0000] {processor.py:925} INFO - DAG(s) 'example_sla_dag' retrieved from /home/airflow/.local/lib/python3.12/site-packages/airflow/example_dags/example_sla_dag.py
[2024-12-15T20:01:47.330+0000] {logging_mixin.py:190} INFO - [2024-12-15T20:01:47.330+0000] {dag.py:3239} INFO - Sync 1 DAGs
[2024-12-15T20:01:47.479+0000] {logging_mixin.py:190} INFO - [2024-12-15T20:01:47.479+0000] {dag.py:4180} INFO - Setting next_dagrun for example_sla_dag to 2024-12-15 19:58:00+00:00, run_after=2024-12-15 20:00:00+00:00
[2024-12-15T20:01:47.547+0000] {processor.py:208} INFO - Processing /home/airflow/.local/lib/python3.12/site-packages/airflow/example_dags/example_sla_dag.py took 0.434 seconds
[2024-12-15T20:02:20.813+0000] {processor.py:186} INFO - Started process (PID=251) to work on /home/airflow/.local/lib/python3.12/site-packages/airflow/example_dags/example_sla_dag.py
[2024-12-15T20:02:20.815+0000] {processor.py:914} INFO - Processing file /home/airflow/.local/lib/python3.12/site-packages/airflow/example_dags/example_sla_dag.py for tasks to queue
[2024-12-15T20:02:20.820+0000] {logging_mixin.py:190} INFO - [2024-12-15T20:02:20.819+0000] {dagbag.py:588} INFO - Filling up the DagBag from /home/airflow/.local/lib/python3.12/site-packages/airflow/example_dags/example_sla_dag.py
[2024-12-15T20:02:20.905+0000] {processor.py:925} INFO - DAG(s) 'example_sla_dag' retrieved from /home/airflow/.local/lib/python3.12/site-packages/airflow/example_dags/example_sla_dag.py
[2024-12-15T20:02:21.031+0000] {logging_mixin.py:190} INFO - [2024-12-15T20:02:21.031+0000] {dag.py:3239} INFO - Sync 1 DAGs
[2024-12-15T20:02:21.146+0000] {logging_mixin.py:190} INFO - [2024-12-15T20:02:21.146+0000] {dag.py:4180} INFO - Setting next_dagrun for example_sla_dag to 2024-12-15 20:00:00+00:00, run_after=2024-12-15 20:02:00+00:00
[2024-12-15T20:02:21.210+0000] {processor.py:208} INFO - Processing /home/airflow/.local/lib/python3.12/site-packages/airflow/example_dags/example_sla_dag.py took 0.457 seconds
[2024-12-15T20:02:58.190+0000] {processor.py:186} INFO - Started process (PID=288) to work on /home/airflow/.local/lib/python3.12/site-packages/airflow/example_dags/example_sla_dag.py
[2024-12-15T20:02:58.193+0000] {processor.py:914} INFO - Processing file /home/airflow/.local/lib/python3.12/site-packages/airflow/example_dags/example_sla_dag.py for tasks to queue
[2024-12-15T20:02:58.199+0000] {logging_mixin.py:190} INFO - [2024-12-15T20:02:58.198+0000] {dagbag.py:588} INFO - Filling up the DagBag from /home/airflow/.local/lib/python3.12/site-packages/airflow/example_dags/example_sla_dag.py
[2024-12-15T20:02:58.225+0000] {processor.py:925} INFO - DAG(s) 'example_sla_dag' retrieved from /home/airflow/.local/lib/python3.12/site-packages/airflow/example_dags/example_sla_dag.py
[2024-12-15T20:02:58.283+0000] {logging_mixin.py:190} INFO - [2024-12-15T20:02:58.282+0000] {dag.py:3239} INFO - Sync 1 DAGs
[2024-12-15T20:02:58.381+0000] {logging_mixin.py:190} INFO - [2024-12-15T20:02:58.372+0000] {dag.py:4180} INFO - Setting next_dagrun for example_sla_dag to 2024-12-15 20:00:00+00:00, run_after=2024-12-15 20:02:00+00:00
[2024-12-15T20:02:58.477+0000] {processor.py:208} INFO - Processing /home/airflow/.local/lib/python3.12/site-packages/airflow/example_dags/example_sla_dag.py took 0.304 seconds
[2024-12-15T20:03:29.349+0000] {processor.py:186} INFO - Started process (PID=352) to work on /home/airflow/.local/lib/python3.12/site-packages/airflow/example_dags/example_sla_dag.py
[2024-12-15T20:03:29.352+0000] {processor.py:914} INFO - Processing file /home/airflow/.local/lib/python3.12/site-packages/airflow/example_dags/example_sla_dag.py for tasks to queue
[2024-12-15T20:03:29.358+0000] {logging_mixin.py:190} INFO - [2024-12-15T20:03:29.357+0000] {dagbag.py:588} INFO - Filling up the DagBag from /home/airflow/.local/lib/python3.12/site-packages/airflow/example_dags/example_sla_dag.py
[2024-12-15T20:03:29.381+0000] {processor.py:925} INFO - DAG(s) 'example_sla_dag' retrieved from /home/airflow/.local/lib/python3.12/site-packages/airflow/example_dags/example_sla_dag.py
[2024-12-15T20:03:29.412+0000] {logging_mixin.py:190} INFO - [2024-12-15T20:03:29.411+0000] {dag.py:3239} INFO - Sync 1 DAGs
[2024-12-15T20:03:29.456+0000] {logging_mixin.py:190} INFO - [2024-12-15T20:03:29.456+0000] {dag.py:4180} INFO - Setting next_dagrun for example_sla_dag to 2024-12-15 20:00:00+00:00, run_after=2024-12-15 20:02:00+00:00
[2024-12-15T20:03:29.491+0000] {processor.py:208} INFO - Processing /home/airflow/.local/lib/python3.12/site-packages/airflow/example_dags/example_sla_dag.py took 0.154 seconds
[2024-12-15T20:04:01.518+0000] {processor.py:186} INFO - Started process (PID=421) to work on /home/airflow/.local/lib/python3.12/site-packages/airflow/example_dags/example_sla_dag.py
[2024-12-15T20:04:01.521+0000] {processor.py:914} INFO - Processing file /home/airflow/.local/lib/python3.12/site-packages/airflow/example_dags/example_sla_dag.py for tasks to queue
[2024-12-15T20:04:01.526+0000] {logging_mixin.py:190} INFO - [2024-12-15T20:04:01.525+0000] {dagbag.py:588} INFO - Filling up the DagBag from /home/airflow/.local/lib/python3.12/site-packages/airflow/example_dags/example_sla_dag.py
[2024-12-15T20:04:01.556+0000] {processor.py:925} INFO - DAG(s) 'example_sla_dag' retrieved from /home/airflow/.local/lib/python3.12/site-packages/airflow/example_dags/example_sla_dag.py
[2024-12-15T20:04:01.609+0000] {logging_mixin.py:190} INFO - [2024-12-15T20:04:01.609+0000] {dag.py:3239} INFO - Sync 1 DAGs
[2024-12-15T20:04:01.669+0000] {logging_mixin.py:190} INFO - [2024-12-15T20:04:01.669+0000] {dag.py:4180} INFO - Setting next_dagrun for example_sla_dag to 2024-12-15 20:02:00+00:00, run_after=2024-12-15 20:04:00+00:00
[2024-12-15T20:04:01.773+0000] {processor.py:208} INFO - Processing /home/airflow/.local/lib/python3.12/site-packages/airflow/example_dags/example_sla_dag.py took 0.281 seconds
[2024-12-15T20:04:35.825+0000] {processor.py:186} INFO - Started process (PID=486) to work on /home/airflow/.local/lib/python3.12/site-packages/airflow/example_dags/example_sla_dag.py
[2024-12-15T20:04:35.828+0000] {processor.py:914} INFO - Processing file /home/airflow/.local/lib/python3.12/site-packages/airflow/example_dags/example_sla_dag.py for tasks to queue
[2024-12-15T20:04:35.839+0000] {logging_mixin.py:190} INFO - [2024-12-15T20:04:35.838+0000] {dagbag.py:588} INFO - Filling up the DagBag from /home/airflow/.local/lib/python3.12/site-packages/airflow/example_dags/example_sla_dag.py
[2024-12-15T20:04:35.870+0000] {processor.py:925} INFO - DAG(s) 'example_sla_dag' retrieved from /home/airflow/.local/lib/python3.12/site-packages/airflow/example_dags/example_sla_dag.py
[2024-12-15T20:04:35.915+0000] {logging_mixin.py:190} INFO - [2024-12-15T20:04:35.915+0000] {dag.py:3239} INFO - Sync 1 DAGs
[2024-12-15T20:04:36.042+0000] {logging_mixin.py:190} INFO - [2024-12-15T20:04:36.042+0000] {dag.py:4180} INFO - Setting next_dagrun for example_sla_dag to 2024-12-15 20:02:00+00:00, run_after=2024-12-15 20:04:00+00:00
[2024-12-15T20:04:36.098+0000] {processor.py:208} INFO - Processing /home/airflow/.local/lib/python3.12/site-packages/airflow/example_dags/example_sla_dag.py took 0.299 seconds
[2024-12-15T20:05:08.456+0000] {processor.py:186} INFO - Started process (PID=550) to work on /home/airflow/.local/lib/python3.12/site-packages/airflow/example_dags/example_sla_dag.py
[2024-12-15T20:05:08.473+0000] {processor.py:914} INFO - Processing file /home/airflow/.local/lib/python3.12/site-packages/airflow/example_dags/example_sla_dag.py for tasks to queue
[2024-12-15T20:05:08.497+0000] {logging_mixin.py:190} INFO - [2024-12-15T20:05:08.496+0000] {dagbag.py:588} INFO - Filling up the DagBag from /home/airflow/.local/lib/python3.12/site-packages/airflow/example_dags/example_sla_dag.py
[2024-12-15T20:05:08.585+0000] {processor.py:925} INFO - DAG(s) 'example_sla_dag' retrieved from /home/airflow/.local/lib/python3.12/site-packages/airflow/example_dags/example_sla_dag.py
[2024-12-15T20:05:08.866+0000] {logging_mixin.py:190} INFO - [2024-12-15T20:05:08.844+0000] {dag.py:3239} INFO - Sync 1 DAGs
[2024-12-15T20:05:09.103+0000] {logging_mixin.py:190} INFO - [2024-12-15T20:05:09.095+0000] {dag.py:4180} INFO - Setting next_dagrun for example_sla_dag to 2024-12-15 20:02:00+00:00, run_after=2024-12-15 20:04:00+00:00
[2024-12-15T20:05:48.148+0000] {processor.py:208} INFO - Processing /home/airflow/.local/lib/python3.12/site-packages/airflow/example_dags/example_sla_dag.py took 39.758 seconds
[2024-12-15T20:06:18.546+0000] {processor.py:186} INFO - Started process (PID=615) to work on /home/airflow/.local/lib/python3.12/site-packages/airflow/example_dags/example_sla_dag.py
[2024-12-15T20:06:18.553+0000] {processor.py:914} INFO - Processing file /home/airflow/.local/lib/python3.12/site-packages/airflow/example_dags/example_sla_dag.py for tasks to queue
[2024-12-15T20:06:18.559+0000] {logging_mixin.py:190} INFO - [2024-12-15T20:06:18.559+0000] {dagbag.py:588} INFO - Filling up the DagBag from /home/airflow/.local/lib/python3.12/site-packages/airflow/example_dags/example_sla_dag.py
[2024-12-15T20:06:18.610+0000] {processor.py:925} INFO - DAG(s) 'example_sla_dag' retrieved from /home/airflow/.local/lib/python3.12/site-packages/airflow/example_dags/example_sla_dag.py
[2024-12-15T20:06:18.676+0000] {logging_mixin.py:190} INFO - [2024-12-15T20:06:18.676+0000] {dag.py:3239} INFO - Sync 1 DAGs
[2024-12-15T20:06:18.768+0000] {logging_mixin.py:190} INFO - [2024-12-15T20:06:18.768+0000] {dag.py:4180} INFO - Setting next_dagrun for example_sla_dag to 2024-12-15 20:04:00+00:00, run_after=2024-12-15 20:06:00+00:00
[2024-12-15T20:06:18.826+0000] {processor.py:208} INFO - Processing /home/airflow/.local/lib/python3.12/site-packages/airflow/example_dags/example_sla_dag.py took 0.305 seconds
[2024-12-15T20:06:49.411+0000] {processor.py:186} INFO - Started process (PID=681) to work on /home/airflow/.local/lib/python3.12/site-packages/airflow/example_dags/example_sla_dag.py
[2024-12-15T20:06:49.413+0000] {processor.py:914} INFO - Processing file /home/airflow/.local/lib/python3.12/site-packages/airflow/example_dags/example_sla_dag.py for tasks to queue
[2024-12-15T20:06:49.418+0000] {logging_mixin.py:190} INFO - [2024-12-15T20:06:49.418+0000] {dagbag.py:588} INFO - Filling up the DagBag from /home/airflow/.local/lib/python3.12/site-packages/airflow/example_dags/example_sla_dag.py
[2024-12-15T20:06:49.434+0000] {processor.py:925} INFO - DAG(s) 'example_sla_dag' retrieved from /home/airflow/.local/lib/python3.12/site-packages/airflow/example_dags/example_sla_dag.py
[2024-12-15T20:06:49.460+0000] {logging_mixin.py:190} INFO - [2024-12-15T20:06:49.460+0000] {dag.py:3239} INFO - Sync 1 DAGs
[2024-12-15T20:06:49.493+0000] {logging_mixin.py:190} INFO - [2024-12-15T20:06:49.492+0000] {dag.py:4180} INFO - Setting next_dagrun for example_sla_dag to 2024-12-15 20:04:00+00:00, run_after=2024-12-15 20:06:00+00:00
[2024-12-15T20:06:49.516+0000] {processor.py:208} INFO - Processing /home/airflow/.local/lib/python3.12/site-packages/airflow/example_dags/example_sla_dag.py took 0.114 seconds
[2024-12-15T20:07:20.078+0000] {processor.py:186} INFO - Started process (PID=747) to work on /home/airflow/.local/lib/python3.12/site-packages/airflow/example_dags/example_sla_dag.py
[2024-12-15T20:07:20.086+0000] {processor.py:914} INFO - Processing file /home/airflow/.local/lib/python3.12/site-packages/airflow/example_dags/example_sla_dag.py for tasks to queue
[2024-12-15T20:07:20.097+0000] {logging_mixin.py:190} INFO - [2024-12-15T20:07:20.096+0000] {dagbag.py:588} INFO - Filling up the DagBag from /home/airflow/.local/lib/python3.12/site-packages/airflow/example_dags/example_sla_dag.py
[2024-12-15T20:07:20.224+0000] {processor.py:925} INFO - DAG(s) 'example_sla_dag' retrieved from /home/airflow/.local/lib/python3.12/site-packages/airflow/example_dags/example_sla_dag.py
[2024-12-15T20:07:20.608+0000] {logging_mixin.py:190} INFO - [2024-12-15T20:07:20.606+0000] {dag.py:3239} INFO - Sync 1 DAGs
[2024-12-15T20:07:20.715+0000] {logging_mixin.py:190} INFO - [2024-12-15T20:07:20.715+0000] {dag.py:4180} INFO - Setting next_dagrun for example_sla_dag to 2024-12-15 20:04:00+00:00, run_after=2024-12-15 20:06:00+00:00
[2024-12-15T20:07:20.752+0000] {processor.py:208} INFO - Processing /home/airflow/.local/lib/python3.12/site-packages/airflow/example_dags/example_sla_dag.py took 0.694 seconds
[2024-12-15T20:16:01.517+0000] {processor.py:186} INFO - Started process (PID=52) to work on /home/airflow/.local/lib/python3.12/site-packages/airflow/example_dags/example_sla_dag.py
[2024-12-15T20:16:01.519+0000] {processor.py:914} INFO - Processing file /home/airflow/.local/lib/python3.12/site-packages/airflow/example_dags/example_sla_dag.py for tasks to queue
[2024-12-15T20:16:01.582+0000] {logging_mixin.py:190} INFO - [2024-12-15T20:16:01.557+0000] {dagbag.py:588} INFO - Filling up the DagBag from /home/airflow/.local/lib/python3.12/site-packages/airflow/example_dags/example_sla_dag.py
[2024-12-15T20:16:01.746+0000] {processor.py:925} INFO - DAG(s) 'example_sla_dag' retrieved from /home/airflow/.local/lib/python3.12/site-packages/airflow/example_dags/example_sla_dag.py
[2024-12-15T20:16:02.381+0000] {logging_mixin.py:190} INFO - [2024-12-15T20:16:02.381+0000] {dag.py:3239} INFO - Sync 1 DAGs
[2024-12-15T20:16:02.514+0000] {logging_mixin.py:190} INFO - [2024-12-15T20:16:02.514+0000] {dag.py:4180} INFO - Setting next_dagrun for example_sla_dag to 2024-12-15 20:14:00+00:00, run_after=2024-12-15 20:16:00+00:00
[2024-12-15T20:16:02.595+0000] {processor.py:208} INFO - Processing /home/airflow/.local/lib/python3.12/site-packages/airflow/example_dags/example_sla_dag.py took 1.188 seconds
[2024-12-15T20:16:50.121+0000] {processor.py:186} INFO - Started process (PID=124) to work on /home/airflow/.local/lib/python3.12/site-packages/airflow/example_dags/example_sla_dag.py
[2024-12-15T20:16:50.158+0000] {processor.py:914} INFO - Processing file /home/airflow/.local/lib/python3.12/site-packages/airflow/example_dags/example_sla_dag.py for tasks to queue
[2024-12-15T20:16:50.174+0000] {logging_mixin.py:190} INFO - [2024-12-15T20:16:50.173+0000] {dagbag.py:588} INFO - Filling up the DagBag from /home/airflow/.local/lib/python3.12/site-packages/airflow/example_dags/example_sla_dag.py
[2024-12-15T20:16:50.303+0000] {processor.py:925} INFO - DAG(s) 'example_sla_dag' retrieved from /home/airflow/.local/lib/python3.12/site-packages/airflow/example_dags/example_sla_dag.py
[2024-12-15T20:16:50.459+0000] {logging_mixin.py:190} INFO - [2024-12-15T20:16:50.458+0000] {dag.py:3239} INFO - Sync 1 DAGs
[2024-12-15T20:16:50.611+0000] {logging_mixin.py:190} INFO - [2024-12-15T20:16:50.611+0000] {dag.py:4180} INFO - Setting next_dagrun for example_sla_dag to 2024-12-15 20:14:00+00:00, run_after=2024-12-15 20:16:00+00:00
[2024-12-15T20:16:51.180+0000] {processor.py:208} INFO - Processing /home/airflow/.local/lib/python3.12/site-packages/airflow/example_dags/example_sla_dag.py took 1.115 seconds
[2024-12-15T20:17:21.796+0000] {processor.py:186} INFO - Started process (PID=187) to work on /home/airflow/.local/lib/python3.12/site-packages/airflow/example_dags/example_sla_dag.py
[2024-12-15T20:17:21.798+0000] {processor.py:914} INFO - Processing file /home/airflow/.local/lib/python3.12/site-packages/airflow/example_dags/example_sla_dag.py for tasks to queue
[2024-12-15T20:17:21.803+0000] {logging_mixin.py:190} INFO - [2024-12-15T20:17:21.802+0000] {dagbag.py:588} INFO - Filling up the DagBag from /home/airflow/.local/lib/python3.12/site-packages/airflow/example_dags/example_sla_dag.py
[2024-12-15T20:17:21.851+0000] {processor.py:925} INFO - DAG(s) 'example_sla_dag' retrieved from /home/airflow/.local/lib/python3.12/site-packages/airflow/example_dags/example_sla_dag.py
[2024-12-15T20:17:21.953+0000] {logging_mixin.py:190} INFO - [2024-12-15T20:17:21.951+0000] {dag.py:3239} INFO - Sync 1 DAGs
[2024-12-15T20:17:22.101+0000] {logging_mixin.py:190} INFO - [2024-12-15T20:17:22.101+0000] {dag.py:4180} INFO - Setting next_dagrun for example_sla_dag to 2024-12-15 20:14:00+00:00, run_after=2024-12-15 20:16:00+00:00
[2024-12-15T20:17:22.179+0000] {processor.py:208} INFO - Processing /home/airflow/.local/lib/python3.12/site-packages/airflow/example_dags/example_sla_dag.py took 0.426 seconds
[2024-12-15T20:17:52.417+0000] {processor.py:186} INFO - Started process (PID=250) to work on /home/airflow/.local/lib/python3.12/site-packages/airflow/example_dags/example_sla_dag.py
[2024-12-15T20:17:52.419+0000] {processor.py:914} INFO - Processing file /home/airflow/.local/lib/python3.12/site-packages/airflow/example_dags/example_sla_dag.py for tasks to queue
[2024-12-15T20:17:52.424+0000] {logging_mixin.py:190} INFO - [2024-12-15T20:17:52.424+0000] {dagbag.py:588} INFO - Filling up the DagBag from /home/airflow/.local/lib/python3.12/site-packages/airflow/example_dags/example_sla_dag.py
[2024-12-15T20:17:52.442+0000] {processor.py:925} INFO - DAG(s) 'example_sla_dag' retrieved from /home/airflow/.local/lib/python3.12/site-packages/airflow/example_dags/example_sla_dag.py
[2024-12-15T20:17:52.470+0000] {logging_mixin.py:190} INFO - [2024-12-15T20:17:52.469+0000] {dag.py:3239} INFO - Sync 1 DAGs
[2024-12-15T20:17:52.508+0000] {logging_mixin.py:190} INFO - [2024-12-15T20:17:52.508+0000] {dag.py:4180} INFO - Setting next_dagrun for example_sla_dag to 2024-12-15 20:14:00+00:00, run_after=2024-12-15 20:16:00+00:00
[2024-12-15T20:17:52.535+0000] {processor.py:208} INFO - Processing /home/airflow/.local/lib/python3.12/site-packages/airflow/example_dags/example_sla_dag.py took 0.129 seconds
[2024-12-15T20:18:23.479+0000] {processor.py:186} INFO - Started process (PID=314) to work on /home/airflow/.local/lib/python3.12/site-packages/airflow/example_dags/example_sla_dag.py
[2024-12-15T20:18:23.482+0000] {processor.py:914} INFO - Processing file /home/airflow/.local/lib/python3.12/site-packages/airflow/example_dags/example_sla_dag.py for tasks to queue
[2024-12-15T20:18:23.488+0000] {logging_mixin.py:190} INFO - [2024-12-15T20:18:23.487+0000] {dagbag.py:588} INFO - Filling up the DagBag from /home/airflow/.local/lib/python3.12/site-packages/airflow/example_dags/example_sla_dag.py
[2024-12-15T20:18:23.519+0000] {processor.py:925} INFO - DAG(s) 'example_sla_dag' retrieved from /home/airflow/.local/lib/python3.12/site-packages/airflow/example_dags/example_sla_dag.py
[2024-12-15T20:18:23.569+0000] {logging_mixin.py:190} INFO - [2024-12-15T20:18:23.568+0000] {dag.py:3239} INFO - Sync 1 DAGs
[2024-12-15T20:18:23.619+0000] {logging_mixin.py:190} INFO - [2024-12-15T20:18:23.619+0000] {dag.py:4180} INFO - Setting next_dagrun for example_sla_dag to 2024-12-15 20:16:00+00:00, run_after=2024-12-15 20:18:00+00:00
[2024-12-15T20:18:23.654+0000] {processor.py:208} INFO - Processing /home/airflow/.local/lib/python3.12/site-packages/airflow/example_dags/example_sla_dag.py took 0.189 seconds
[2024-12-15T20:18:59.766+0000] {processor.py:186} INFO - Started process (PID=364) to work on /home/airflow/.local/lib/python3.12/site-packages/airflow/example_dags/example_sla_dag.py
[2024-12-15T20:18:59.767+0000] {processor.py:914} INFO - Processing file /home/airflow/.local/lib/python3.12/site-packages/airflow/example_dags/example_sla_dag.py for tasks to queue
[2024-12-15T20:18:59.771+0000] {logging_mixin.py:190} INFO - [2024-12-15T20:18:59.771+0000] {dagbag.py:588} INFO - Filling up the DagBag from /home/airflow/.local/lib/python3.12/site-packages/airflow/example_dags/example_sla_dag.py
[2024-12-15T20:18:59.790+0000] {processor.py:925} INFO - DAG(s) 'example_sla_dag' retrieved from /home/airflow/.local/lib/python3.12/site-packages/airflow/example_dags/example_sla_dag.py
[2024-12-15T20:18:59.814+0000] {logging_mixin.py:190} INFO - [2024-12-15T20:18:59.814+0000] {dag.py:3239} INFO - Sync 1 DAGs
[2024-12-15T20:18:59.845+0000] {logging_mixin.py:190} INFO - [2024-12-15T20:18:59.845+0000] {dag.py:4180} INFO - Setting next_dagrun for example_sla_dag to 2024-12-15 20:16:00+00:00, run_after=2024-12-15 20:18:00+00:00
[2024-12-15T20:18:59.867+0000] {processor.py:208} INFO - Processing /home/airflow/.local/lib/python3.12/site-packages/airflow/example_dags/example_sla_dag.py took 0.109 seconds
[2024-12-15T20:20:39.377+0000] {processor.py:186} INFO - Started process (PID=439) to work on /home/airflow/.local/lib/python3.12/site-packages/airflow/example_dags/example_sla_dag.py
[2024-12-15T20:20:39.388+0000] {processor.py:914} INFO - Processing file /home/airflow/.local/lib/python3.12/site-packages/airflow/example_dags/example_sla_dag.py for tasks to queue
[2024-12-15T20:20:39.440+0000] {logging_mixin.py:190} INFO - [2024-12-15T20:20:39.428+0000] {dagbag.py:588} INFO - Filling up the DagBag from /home/airflow/.local/lib/python3.12/site-packages/airflow/example_dags/example_sla_dag.py
[2024-12-15T20:20:39.982+0000] {processor.py:925} INFO - DAG(s) 'example_sla_dag' retrieved from /home/airflow/.local/lib/python3.12/site-packages/airflow/example_dags/example_sla_dag.py
[2024-12-15T20:20:40.533+0000] {logging_mixin.py:190} INFO - [2024-12-15T20:20:40.532+0000] {dag.py:3239} INFO - Sync 1 DAGs
[2024-12-15T20:20:40.955+0000] {logging_mixin.py:190} INFO - [2024-12-15T20:20:40.948+0000] {dag.py:4180} INFO - Setting next_dagrun for example_sla_dag to 2024-12-15 20:18:00+00:00, run_after=2024-12-15 20:20:00+00:00
[2024-12-15T20:20:41.474+0000] {processor.py:208} INFO - Processing /home/airflow/.local/lib/python3.12/site-packages/airflow/example_dags/example_sla_dag.py took 2.174 seconds
[2024-12-15T20:21:13.613+0000] {processor.py:186} INFO - Started process (PID=496) to work on /home/airflow/.local/lib/python3.12/site-packages/airflow/example_dags/example_sla_dag.py
[2024-12-15T20:21:13.615+0000] {processor.py:914} INFO - Processing file /home/airflow/.local/lib/python3.12/site-packages/airflow/example_dags/example_sla_dag.py for tasks to queue
[2024-12-15T20:21:13.618+0000] {logging_mixin.py:190} INFO - [2024-12-15T20:21:13.618+0000] {dagbag.py:588} INFO - Filling up the DagBag from /home/airflow/.local/lib/python3.12/site-packages/airflow/example_dags/example_sla_dag.py
[2024-12-15T20:21:13.637+0000] {processor.py:925} INFO - DAG(s) 'example_sla_dag' retrieved from /home/airflow/.local/lib/python3.12/site-packages/airflow/example_dags/example_sla_dag.py
[2024-12-15T20:21:13.677+0000] {logging_mixin.py:190} INFO - [2024-12-15T20:21:13.676+0000] {dag.py:3239} INFO - Sync 1 DAGs
[2024-12-15T20:21:13.717+0000] {logging_mixin.py:190} INFO - [2024-12-15T20:21:13.716+0000] {dag.py:4180} INFO - Setting next_dagrun for example_sla_dag to 2024-12-15 20:18:00+00:00, run_after=2024-12-15 20:20:00+00:00
[2024-12-15T20:21:13.747+0000] {processor.py:208} INFO - Processing /home/airflow/.local/lib/python3.12/site-packages/airflow/example_dags/example_sla_dag.py took 0.146 seconds
[2024-12-15T20:21:45.768+0000] {processor.py:186} INFO - Started process (PID=562) to work on /home/airflow/.local/lib/python3.12/site-packages/airflow/example_dags/example_sla_dag.py
[2024-12-15T20:21:45.772+0000] {processor.py:914} INFO - Processing file /home/airflow/.local/lib/python3.12/site-packages/airflow/example_dags/example_sla_dag.py for tasks to queue
[2024-12-15T20:21:45.776+0000] {logging_mixin.py:190} INFO - [2024-12-15T20:21:45.775+0000] {dagbag.py:588} INFO - Filling up the DagBag from /home/airflow/.local/lib/python3.12/site-packages/airflow/example_dags/example_sla_dag.py
[2024-12-15T20:21:45.814+0000] {processor.py:925} INFO - DAG(s) 'example_sla_dag' retrieved from /home/airflow/.local/lib/python3.12/site-packages/airflow/example_dags/example_sla_dag.py
[2024-12-15T20:21:45.863+0000] {logging_mixin.py:190} INFO - [2024-12-15T20:21:45.862+0000] {dag.py:3239} INFO - Sync 1 DAGs
[2024-12-15T20:21:45.915+0000] {logging_mixin.py:190} INFO - [2024-12-15T20:21:45.915+0000] {dag.py:4180} INFO - Setting next_dagrun for example_sla_dag to 2024-12-15 20:18:00+00:00, run_after=2024-12-15 20:20:00+00:00
[2024-12-15T20:21:45.953+0000] {processor.py:208} INFO - Processing /home/airflow/.local/lib/python3.12/site-packages/airflow/example_dags/example_sla_dag.py took 0.197 seconds
[2024-12-15T20:22:20.064+0000] {processor.py:186} INFO - Started process (PID=627) to work on /home/airflow/.local/lib/python3.12/site-packages/airflow/example_dags/example_sla_dag.py
[2024-12-15T20:22:20.070+0000] {processor.py:914} INFO - Processing file /home/airflow/.local/lib/python3.12/site-packages/airflow/example_dags/example_sla_dag.py for tasks to queue
[2024-12-15T20:22:20.080+0000] {logging_mixin.py:190} INFO - [2024-12-15T20:22:20.078+0000] {dagbag.py:588} INFO - Filling up the DagBag from /home/airflow/.local/lib/python3.12/site-packages/airflow/example_dags/example_sla_dag.py
[2024-12-15T20:22:20.135+0000] {processor.py:925} INFO - DAG(s) 'example_sla_dag' retrieved from /home/airflow/.local/lib/python3.12/site-packages/airflow/example_dags/example_sla_dag.py
[2024-12-15T20:22:20.168+0000] {logging_mixin.py:190} INFO - [2024-12-15T20:22:20.168+0000] {dag.py:3239} INFO - Sync 1 DAGs
[2024-12-15T20:22:20.229+0000] {logging_mixin.py:190} INFO - [2024-12-15T20:22:20.228+0000] {dag.py:4180} INFO - Setting next_dagrun for example_sla_dag to 2024-12-15 20:20:00+00:00, run_after=2024-12-15 20:22:00+00:00
[2024-12-15T20:22:20.253+0000] {processor.py:208} INFO - Processing /home/airflow/.local/lib/python3.12/site-packages/airflow/example_dags/example_sla_dag.py took 0.221 seconds
[2024-12-15T20:22:51.818+0000] {processor.py:186} INFO - Started process (PID=693) to work on /home/airflow/.local/lib/python3.12/site-packages/airflow/example_dags/example_sla_dag.py
[2024-12-15T20:22:51.822+0000] {processor.py:914} INFO - Processing file /home/airflow/.local/lib/python3.12/site-packages/airflow/example_dags/example_sla_dag.py for tasks to queue
[2024-12-15T20:22:51.826+0000] {logging_mixin.py:190} INFO - [2024-12-15T20:22:51.825+0000] {dagbag.py:588} INFO - Filling up the DagBag from /home/airflow/.local/lib/python3.12/site-packages/airflow/example_dags/example_sla_dag.py
[2024-12-15T20:22:51.872+0000] {processor.py:925} INFO - DAG(s) 'example_sla_dag' retrieved from /home/airflow/.local/lib/python3.12/site-packages/airflow/example_dags/example_sla_dag.py
[2024-12-15T20:22:51.915+0000] {logging_mixin.py:190} INFO - [2024-12-15T20:22:51.914+0000] {dag.py:3239} INFO - Sync 1 DAGs
[2024-12-15T20:22:51.980+0000] {logging_mixin.py:190} INFO - [2024-12-15T20:22:51.980+0000] {dag.py:4180} INFO - Setting next_dagrun for example_sla_dag to 2024-12-15 20:20:00+00:00, run_after=2024-12-15 20:22:00+00:00
[2024-12-15T20:22:52.028+0000] {processor.py:208} INFO - Processing /home/airflow/.local/lib/python3.12/site-packages/airflow/example_dags/example_sla_dag.py took 0.238 seconds
[2024-12-15T20:23:24.110+0000] {processor.py:186} INFO - Started process (PID=758) to work on /home/airflow/.local/lib/python3.12/site-packages/airflow/example_dags/example_sla_dag.py
[2024-12-15T20:23:24.113+0000] {processor.py:914} INFO - Processing file /home/airflow/.local/lib/python3.12/site-packages/airflow/example_dags/example_sla_dag.py for tasks to queue
[2024-12-15T20:23:24.117+0000] {logging_mixin.py:190} INFO - [2024-12-15T20:23:24.116+0000] {dagbag.py:588} INFO - Filling up the DagBag from /home/airflow/.local/lib/python3.12/site-packages/airflow/example_dags/example_sla_dag.py
[2024-12-15T20:23:24.158+0000] {processor.py:925} INFO - DAG(s) 'example_sla_dag' retrieved from /home/airflow/.local/lib/python3.12/site-packages/airflow/example_dags/example_sla_dag.py
[2024-12-15T20:23:24.232+0000] {logging_mixin.py:190} INFO - [2024-12-15T20:23:24.232+0000] {dag.py:3239} INFO - Sync 1 DAGs
[2024-12-15T20:23:24.353+0000] {logging_mixin.py:190} INFO - [2024-12-15T20:23:24.353+0000] {dag.py:4180} INFO - Setting next_dagrun for example_sla_dag to 2024-12-15 20:20:00+00:00, run_after=2024-12-15 20:22:00+00:00
[2024-12-15T20:23:24.428+0000] {processor.py:208} INFO - Processing /home/airflow/.local/lib/python3.12/site-packages/airflow/example_dags/example_sla_dag.py took 0.329 seconds
[2024-12-15T20:28:50.260+0000] {processor.py:186} INFO - Started process (PID=859) to work on /home/airflow/.local/lib/python3.12/site-packages/airflow/example_dags/example_sla_dag.py
[2024-12-15T20:28:50.272+0000] {processor.py:914} INFO - Processing file /home/airflow/.local/lib/python3.12/site-packages/airflow/example_dags/example_sla_dag.py for tasks to queue
[2024-12-15T20:28:50.289+0000] {logging_mixin.py:190} INFO - [2024-12-15T20:28:50.287+0000] {dagbag.py:588} INFO - Filling up the DagBag from /home/airflow/.local/lib/python3.12/site-packages/airflow/example_dags/example_sla_dag.py
[2024-12-15T20:28:50.398+0000] {processor.py:925} INFO - DAG(s) 'example_sla_dag' retrieved from /home/airflow/.local/lib/python3.12/site-packages/airflow/example_dags/example_sla_dag.py
[2024-12-15T20:28:50.734+0000] {logging_mixin.py:190} INFO - [2024-12-15T20:28:50.725+0000] {dag.py:3239} INFO - Sync 1 DAGs
[2024-12-15T20:28:50.991+0000] {logging_mixin.py:190} INFO - [2024-12-15T20:28:50.991+0000] {dag.py:4180} INFO - Setting next_dagrun for example_sla_dag to 2024-12-15 20:26:00+00:00, run_after=2024-12-15 20:28:00+00:00
[2024-12-15T20:28:51.178+0000] {processor.py:208} INFO - Processing /home/airflow/.local/lib/python3.12/site-packages/airflow/example_dags/example_sla_dag.py took 1.005 seconds
[2024-12-15T20:29:39.951+0000] {processor.py:186} INFO - Started process (PID=923) to work on /home/airflow/.local/lib/python3.12/site-packages/airflow/example_dags/example_sla_dag.py
[2024-12-15T20:29:39.967+0000] {processor.py:914} INFO - Processing file /home/airflow/.local/lib/python3.12/site-packages/airflow/example_dags/example_sla_dag.py for tasks to queue
[2024-12-15T20:29:39.985+0000] {logging_mixin.py:190} INFO - [2024-12-15T20:29:39.978+0000] {dagbag.py:588} INFO - Filling up the DagBag from /home/airflow/.local/lib/python3.12/site-packages/airflow/example_dags/example_sla_dag.py
[2024-12-15T20:29:40.481+0000] {processor.py:925} INFO - DAG(s) 'example_sla_dag' retrieved from /home/airflow/.local/lib/python3.12/site-packages/airflow/example_dags/example_sla_dag.py
[2024-12-15T20:29:42.000+0000] {logging_mixin.py:190} INFO - [2024-12-15T20:29:41.984+0000] {dag.py:3239} INFO - Sync 1 DAGs
[2024-12-15T20:29:42.512+0000] {logging_mixin.py:190} INFO - [2024-12-15T20:29:42.499+0000] {dag.py:4180} INFO - Setting next_dagrun for example_sla_dag to 2024-12-15 20:26:00+00:00, run_after=2024-12-15 20:28:00+00:00
[2024-12-15T20:29:42.694+0000] {processor.py:208} INFO - Processing /home/airflow/.local/lib/python3.12/site-packages/airflow/example_dags/example_sla_dag.py took 2.831 seconds
[2024-12-15T20:30:32.711+0000] {processor.py:186} INFO - Started process (PID=973) to work on /home/airflow/.local/lib/python3.12/site-packages/airflow/example_dags/example_sla_dag.py
[2024-12-15T20:30:32.714+0000] {processor.py:914} INFO - Processing file /home/airflow/.local/lib/python3.12/site-packages/airflow/example_dags/example_sla_dag.py for tasks to queue
[2024-12-15T20:30:32.717+0000] {logging_mixin.py:190} INFO - [2024-12-15T20:30:32.716+0000] {dagbag.py:588} INFO - Filling up the DagBag from /home/airflow/.local/lib/python3.12/site-packages/airflow/example_dags/example_sla_dag.py
[2024-12-15T20:30:32.776+0000] {processor.py:925} INFO - DAG(s) 'example_sla_dag' retrieved from /home/airflow/.local/lib/python3.12/site-packages/airflow/example_dags/example_sla_dag.py
[2024-12-15T20:30:32.900+0000] {logging_mixin.py:190} INFO - [2024-12-15T20:30:32.899+0000] {dag.py:3239} INFO - Sync 1 DAGs
[2024-12-15T20:30:33.077+0000] {logging_mixin.py:190} INFO - [2024-12-15T20:30:33.076+0000] {dag.py:4180} INFO - Setting next_dagrun for example_sla_dag to 2024-12-15 20:28:00+00:00, run_after=2024-12-15 20:30:00+00:00
[2024-12-15T20:30:33.145+0000] {processor.py:208} INFO - Processing /home/airflow/.local/lib/python3.12/site-packages/airflow/example_dags/example_sla_dag.py took 0.453 seconds
[2024-12-15T20:31:03.374+0000] {processor.py:186} INFO - Started process (PID=1038) to work on /home/airflow/.local/lib/python3.12/site-packages/airflow/example_dags/example_sla_dag.py
[2024-12-15T20:31:03.381+0000] {processor.py:914} INFO - Processing file /home/airflow/.local/lib/python3.12/site-packages/airflow/example_dags/example_sla_dag.py for tasks to queue
[2024-12-15T20:31:03.387+0000] {logging_mixin.py:190} INFO - [2024-12-15T20:31:03.385+0000] {dagbag.py:588} INFO - Filling up the DagBag from /home/airflow/.local/lib/python3.12/site-packages/airflow/example_dags/example_sla_dag.py
[2024-12-15T20:31:03.428+0000] {processor.py:925} INFO - DAG(s) 'example_sla_dag' retrieved from /home/airflow/.local/lib/python3.12/site-packages/airflow/example_dags/example_sla_dag.py
[2024-12-15T20:31:03.490+0000] {logging_mixin.py:190} INFO - [2024-12-15T20:31:03.490+0000] {dag.py:3239} INFO - Sync 1 DAGs
[2024-12-15T20:31:03.623+0000] {logging_mixin.py:190} INFO - [2024-12-15T20:31:03.623+0000] {dag.py:4180} INFO - Setting next_dagrun for example_sla_dag to 2024-12-15 20:28:00+00:00, run_after=2024-12-15 20:30:00+00:00
[2024-12-15T20:31:03.711+0000] {processor.py:208} INFO - Processing /home/airflow/.local/lib/python3.12/site-packages/airflow/example_dags/example_sla_dag.py took 0.369 seconds
[2024-12-15T20:31:34.835+0000] {processor.py:186} INFO - Started process (PID=1097) to work on /home/airflow/.local/lib/python3.12/site-packages/airflow/example_dags/example_sla_dag.py
[2024-12-15T20:31:34.846+0000] {processor.py:914} INFO - Processing file /home/airflow/.local/lib/python3.12/site-packages/airflow/example_dags/example_sla_dag.py for tasks to queue
[2024-12-15T20:31:34.860+0000] {logging_mixin.py:190} INFO - [2024-12-15T20:31:34.858+0000] {dagbag.py:588} INFO - Filling up the DagBag from /home/airflow/.local/lib/python3.12/site-packages/airflow/example_dags/example_sla_dag.py
[2024-12-15T20:31:34.919+0000] {processor.py:925} INFO - DAG(s) 'example_sla_dag' retrieved from /home/airflow/.local/lib/python3.12/site-packages/airflow/example_dags/example_sla_dag.py
[2024-12-15T20:31:35.018+0000] {logging_mixin.py:190} INFO - [2024-12-15T20:31:35.017+0000] {dag.py:3239} INFO - Sync 1 DAGs
[2024-12-15T20:31:35.107+0000] {logging_mixin.py:190} INFO - [2024-12-15T20:31:35.107+0000] {dag.py:4180} INFO - Setting next_dagrun for example_sla_dag to 2024-12-15 20:28:00+00:00, run_after=2024-12-15 20:30:00+00:00
[2024-12-15T20:31:35.182+0000] {processor.py:208} INFO - Processing /home/airflow/.local/lib/python3.12/site-packages/airflow/example_dags/example_sla_dag.py took 0.380 seconds
[2024-12-15T20:32:53.914+0000] {processor.py:186} INFO - Started process (PID=1124) to work on /home/airflow/.local/lib/python3.12/site-packages/airflow/example_dags/example_sla_dag.py
[2024-12-15T20:32:53.926+0000] {processor.py:914} INFO - Processing file /home/airflow/.local/lib/python3.12/site-packages/airflow/example_dags/example_sla_dag.py for tasks to queue
[2024-12-15T20:32:53.940+0000] {logging_mixin.py:190} INFO - [2024-12-15T20:32:53.939+0000] {dagbag.py:588} INFO - Filling up the DagBag from /home/airflow/.local/lib/python3.12/site-packages/airflow/example_dags/example_sla_dag.py
[2024-12-15T20:32:54.001+0000] {processor.py:925} INFO - DAG(s) 'example_sla_dag' retrieved from /home/airflow/.local/lib/python3.12/site-packages/airflow/example_dags/example_sla_dag.py
[2024-12-15T20:32:54.063+0000] {logging_mixin.py:190} INFO - [2024-12-15T20:32:54.062+0000] {dag.py:3239} INFO - Sync 1 DAGs
[2024-12-15T20:32:54.253+0000] {logging_mixin.py:190} INFO - [2024-12-15T20:32:54.252+0000] {dag.py:4180} INFO - Setting next_dagrun for example_sla_dag to 2024-12-15 20:30:00+00:00, run_after=2024-12-15 20:32:00+00:00
[2024-12-15T20:32:54.314+0000] {processor.py:208} INFO - Processing /home/airflow/.local/lib/python3.12/site-packages/airflow/example_dags/example_sla_dag.py took 0.432 seconds
[2024-12-15T20:33:26.268+0000] {processor.py:186} INFO - Started process (PID=1190) to work on /home/airflow/.local/lib/python3.12/site-packages/airflow/example_dags/example_sla_dag.py
[2024-12-15T20:33:26.270+0000] {processor.py:914} INFO - Processing file /home/airflow/.local/lib/python3.12/site-packages/airflow/example_dags/example_sla_dag.py for tasks to queue
[2024-12-15T20:33:26.274+0000] {logging_mixin.py:190} INFO - [2024-12-15T20:33:26.273+0000] {dagbag.py:588} INFO - Filling up the DagBag from /home/airflow/.local/lib/python3.12/site-packages/airflow/example_dags/example_sla_dag.py
[2024-12-15T20:33:26.290+0000] {processor.py:925} INFO - DAG(s) 'example_sla_dag' retrieved from /home/airflow/.local/lib/python3.12/site-packages/airflow/example_dags/example_sla_dag.py
[2024-12-15T20:33:26.324+0000] {logging_mixin.py:190} INFO - [2024-12-15T20:33:26.323+0000] {dag.py:3239} INFO - Sync 1 DAGs
[2024-12-15T20:33:26.359+0000] {logging_mixin.py:190} INFO - [2024-12-15T20:33:26.358+0000] {dag.py:4180} INFO - Setting next_dagrun for example_sla_dag to 2024-12-15 20:30:00+00:00, run_after=2024-12-15 20:32:00+00:00
[2024-12-15T20:33:26.382+0000] {processor.py:208} INFO - Processing /home/airflow/.local/lib/python3.12/site-packages/airflow/example_dags/example_sla_dag.py took 0.124 seconds
[2024-12-15T20:33:56.773+0000] {processor.py:186} INFO - Started process (PID=1254) to work on /home/airflow/.local/lib/python3.12/site-packages/airflow/example_dags/example_sla_dag.py
[2024-12-15T20:33:56.781+0000] {processor.py:914} INFO - Processing file /home/airflow/.local/lib/python3.12/site-packages/airflow/example_dags/example_sla_dag.py for tasks to queue
[2024-12-15T20:33:56.791+0000] {logging_mixin.py:190} INFO - [2024-12-15T20:33:56.786+0000] {dagbag.py:588} INFO - Filling up the DagBag from /home/airflow/.local/lib/python3.12/site-packages/airflow/example_dags/example_sla_dag.py
[2024-12-15T20:33:56.848+0000] {processor.py:925} INFO - DAG(s) 'example_sla_dag' retrieved from /home/airflow/.local/lib/python3.12/site-packages/airflow/example_dags/example_sla_dag.py
[2024-12-15T20:33:56.885+0000] {logging_mixin.py:190} INFO - [2024-12-15T20:33:56.884+0000] {dag.py:3239} INFO - Sync 1 DAGs
[2024-12-15T20:33:56.934+0000] {logging_mixin.py:190} INFO - [2024-12-15T20:33:56.933+0000] {dag.py:4180} INFO - Setting next_dagrun for example_sla_dag to 2024-12-15 20:30:00+00:00, run_after=2024-12-15 20:32:00+00:00
[2024-12-15T20:33:56.970+0000] {processor.py:208} INFO - Processing /home/airflow/.local/lib/python3.12/site-packages/airflow/example_dags/example_sla_dag.py took 0.253 seconds
[2024-12-15T20:34:27.560+0000] {processor.py:186} INFO - Started process (PID=1319) to work on /home/airflow/.local/lib/python3.12/site-packages/airflow/example_dags/example_sla_dag.py
[2024-12-15T20:34:27.564+0000] {processor.py:914} INFO - Processing file /home/airflow/.local/lib/python3.12/site-packages/airflow/example_dags/example_sla_dag.py for tasks to queue
[2024-12-15T20:34:27.570+0000] {logging_mixin.py:190} INFO - [2024-12-15T20:34:27.568+0000] {dagbag.py:588} INFO - Filling up the DagBag from /home/airflow/.local/lib/python3.12/site-packages/airflow/example_dags/example_sla_dag.py
[2024-12-15T20:34:27.607+0000] {processor.py:925} INFO - DAG(s) 'example_sla_dag' retrieved from /home/airflow/.local/lib/python3.12/site-packages/airflow/example_dags/example_sla_dag.py
[2024-12-15T20:34:27.680+0000] {logging_mixin.py:190} INFO - [2024-12-15T20:34:27.680+0000] {dag.py:3239} INFO - Sync 1 DAGs
[2024-12-15T20:34:27.746+0000] {logging_mixin.py:190} INFO - [2024-12-15T20:34:27.746+0000] {dag.py:4180} INFO - Setting next_dagrun for example_sla_dag to 2024-12-15 20:32:00+00:00, run_after=2024-12-15 20:34:00+00:00
[2024-12-15T20:34:27.802+0000] {processor.py:208} INFO - Processing /home/airflow/.local/lib/python3.12/site-packages/airflow/example_dags/example_sla_dag.py took 0.261 seconds
[2024-12-15T20:34:59.758+0000] {processor.py:186} INFO - Started process (PID=1382) to work on /home/airflow/.local/lib/python3.12/site-packages/airflow/example_dags/example_sla_dag.py
[2024-12-15T20:34:59.772+0000] {processor.py:914} INFO - Processing file /home/airflow/.local/lib/python3.12/site-packages/airflow/example_dags/example_sla_dag.py for tasks to queue
[2024-12-15T20:34:59.790+0000] {logging_mixin.py:190} INFO - [2024-12-15T20:34:59.790+0000] {dagbag.py:588} INFO - Filling up the DagBag from /home/airflow/.local/lib/python3.12/site-packages/airflow/example_dags/example_sla_dag.py
[2024-12-15T20:34:59.891+0000] {processor.py:925} INFO - DAG(s) 'example_sla_dag' retrieved from /home/airflow/.local/lib/python3.12/site-packages/airflow/example_dags/example_sla_dag.py
[2024-12-15T20:34:59.977+0000] {logging_mixin.py:190} INFO - [2024-12-15T20:34:59.977+0000] {dag.py:3239} INFO - Sync 1 DAGs
[2024-12-15T20:35:00.103+0000] {logging_mixin.py:190} INFO - [2024-12-15T20:35:00.101+0000] {dag.py:4180} INFO - Setting next_dagrun for example_sla_dag to 2024-12-15 20:32:00+00:00, run_after=2024-12-15 20:34:00+00:00
[2024-12-15T20:35:00.159+0000] {processor.py:208} INFO - Processing /home/airflow/.local/lib/python3.12/site-packages/airflow/example_dags/example_sla_dag.py took 0.479 seconds
[2024-12-15T20:35:31.026+0000] {processor.py:186} INFO - Started process (PID=1447) to work on /home/airflow/.local/lib/python3.12/site-packages/airflow/example_dags/example_sla_dag.py
[2024-12-15T20:35:31.029+0000] {processor.py:914} INFO - Processing file /home/airflow/.local/lib/python3.12/site-packages/airflow/example_dags/example_sla_dag.py for tasks to queue
[2024-12-15T20:35:31.034+0000] {logging_mixin.py:190} INFO - [2024-12-15T20:35:31.033+0000] {dagbag.py:588} INFO - Filling up the DagBag from /home/airflow/.local/lib/python3.12/site-packages/airflow/example_dags/example_sla_dag.py
[2024-12-15T20:35:31.132+0000] {processor.py:925} INFO - DAG(s) 'example_sla_dag' retrieved from /home/airflow/.local/lib/python3.12/site-packages/airflow/example_dags/example_sla_dag.py
[2024-12-15T20:35:31.190+0000] {logging_mixin.py:190} INFO - [2024-12-15T20:35:31.190+0000] {dag.py:3239} INFO - Sync 1 DAGs
[2024-12-15T20:35:31.361+0000] {logging_mixin.py:190} INFO - [2024-12-15T20:35:31.360+0000] {dag.py:4180} INFO - Setting next_dagrun for example_sla_dag to 2024-12-15 20:32:00+00:00, run_after=2024-12-15 20:34:00+00:00
[2024-12-15T20:35:31.426+0000] {processor.py:208} INFO - Processing /home/airflow/.local/lib/python3.12/site-packages/airflow/example_dags/example_sla_dag.py took 0.434 seconds
[2024-12-15T20:36:01.698+0000] {processor.py:186} INFO - Started process (PID=1510) to work on /home/airflow/.local/lib/python3.12/site-packages/airflow/example_dags/example_sla_dag.py
[2024-12-15T20:36:01.701+0000] {processor.py:914} INFO - Processing file /home/airflow/.local/lib/python3.12/site-packages/airflow/example_dags/example_sla_dag.py for tasks to queue
[2024-12-15T20:36:01.706+0000] {logging_mixin.py:190} INFO - [2024-12-15T20:36:01.705+0000] {dagbag.py:588} INFO - Filling up the DagBag from /home/airflow/.local/lib/python3.12/site-packages/airflow/example_dags/example_sla_dag.py
[2024-12-15T20:36:01.726+0000] {processor.py:925} INFO - DAG(s) 'example_sla_dag' retrieved from /home/airflow/.local/lib/python3.12/site-packages/airflow/example_dags/example_sla_dag.py
[2024-12-15T20:36:01.752+0000] {logging_mixin.py:190} INFO - [2024-12-15T20:36:01.751+0000] {dag.py:3239} INFO - Sync 1 DAGs
[2024-12-15T20:36:01.786+0000] {logging_mixin.py:190} INFO - [2024-12-15T20:36:01.786+0000] {dag.py:4180} INFO - Setting next_dagrun for example_sla_dag to 2024-12-15 20:34:00+00:00, run_after=2024-12-15 20:36:00+00:00
[2024-12-15T20:36:01.813+0000] {processor.py:208} INFO - Processing /home/airflow/.local/lib/python3.12/site-packages/airflow/example_dags/example_sla_dag.py took 0.124 seconds
[2024-12-15T20:36:32.405+0000] {processor.py:186} INFO - Started process (PID=1576) to work on /home/airflow/.local/lib/python3.12/site-packages/airflow/example_dags/example_sla_dag.py
[2024-12-15T20:36:32.408+0000] {processor.py:914} INFO - Processing file /home/airflow/.local/lib/python3.12/site-packages/airflow/example_dags/example_sla_dag.py for tasks to queue
[2024-12-15T20:36:32.409+0000] {logging_mixin.py:190} INFO - [2024-12-15T20:36:32.409+0000] {dagbag.py:588} INFO - Filling up the DagBag from /home/airflow/.local/lib/python3.12/site-packages/airflow/example_dags/example_sla_dag.py
[2024-12-15T20:36:32.423+0000] {processor.py:925} INFO - DAG(s) 'example_sla_dag' retrieved from /home/airflow/.local/lib/python3.12/site-packages/airflow/example_dags/example_sla_dag.py
[2024-12-15T20:36:32.452+0000] {logging_mixin.py:190} INFO - [2024-12-15T20:36:32.451+0000] {dag.py:3239} INFO - Sync 1 DAGs
[2024-12-15T20:36:32.479+0000] {logging_mixin.py:190} INFO - [2024-12-15T20:36:32.479+0000] {dag.py:4180} INFO - Setting next_dagrun for example_sla_dag to 2024-12-15 20:34:00+00:00, run_after=2024-12-15 20:36:00+00:00
[2024-12-15T20:36:32.500+0000] {processor.py:208} INFO - Processing /home/airflow/.local/lib/python3.12/site-packages/airflow/example_dags/example_sla_dag.py took 0.103 seconds
[2024-12-15T20:37:04.546+0000] {processor.py:186} INFO - Started process (PID=1642) to work on /home/airflow/.local/lib/python3.12/site-packages/airflow/example_dags/example_sla_dag.py
[2024-12-15T20:37:04.548+0000] {processor.py:914} INFO - Processing file /home/airflow/.local/lib/python3.12/site-packages/airflow/example_dags/example_sla_dag.py for tasks to queue
[2024-12-15T20:37:04.553+0000] {logging_mixin.py:190} INFO - [2024-12-15T20:37:04.553+0000] {dagbag.py:588} INFO - Filling up the DagBag from /home/airflow/.local/lib/python3.12/site-packages/airflow/example_dags/example_sla_dag.py
[2024-12-15T20:37:04.571+0000] {processor.py:925} INFO - DAG(s) 'example_sla_dag' retrieved from /home/airflow/.local/lib/python3.12/site-packages/airflow/example_dags/example_sla_dag.py
[2024-12-15T20:37:04.592+0000] {logging_mixin.py:190} INFO - [2024-12-15T20:37:04.592+0000] {dag.py:3239} INFO - Sync 1 DAGs
[2024-12-15T20:37:04.623+0000] {logging_mixin.py:190} INFO - [2024-12-15T20:37:04.622+0000] {dag.py:4180} INFO - Setting next_dagrun for example_sla_dag to 2024-12-15 20:34:00+00:00, run_after=2024-12-15 20:36:00+00:00
[2024-12-15T20:37:04.643+0000] {processor.py:208} INFO - Processing /home/airflow/.local/lib/python3.12/site-packages/airflow/example_dags/example_sla_dag.py took 0.114 seconds
[2024-12-15T20:37:40.283+0000] {processor.py:186} INFO - Started process (PID=1704) to work on /home/airflow/.local/lib/python3.12/site-packages/airflow/example_dags/example_sla_dag.py
[2024-12-15T20:37:40.286+0000] {processor.py:914} INFO - Processing file /home/airflow/.local/lib/python3.12/site-packages/airflow/example_dags/example_sla_dag.py for tasks to queue
[2024-12-15T20:37:40.289+0000] {logging_mixin.py:190} INFO - [2024-12-15T20:37:40.288+0000] {dagbag.py:588} INFO - Filling up the DagBag from /home/airflow/.local/lib/python3.12/site-packages/airflow/example_dags/example_sla_dag.py
[2024-12-15T20:37:40.306+0000] {processor.py:925} INFO - DAG(s) 'example_sla_dag' retrieved from /home/airflow/.local/lib/python3.12/site-packages/airflow/example_dags/example_sla_dag.py
[2024-12-15T20:37:40.355+0000] {logging_mixin.py:190} INFO - [2024-12-15T20:37:40.354+0000] {dag.py:3239} INFO - Sync 1 DAGs
[2024-12-15T20:37:40.438+0000] {logging_mixin.py:190} INFO - [2024-12-15T20:37:40.438+0000] {dag.py:4180} INFO - Setting next_dagrun for example_sla_dag to 2024-12-15 20:34:00+00:00, run_after=2024-12-15 20:36:00+00:00
[2024-12-15T20:37:40.501+0000] {processor.py:208} INFO - Processing /home/airflow/.local/lib/python3.12/site-packages/airflow/example_dags/example_sla_dag.py took 0.241 seconds
[2024-12-15T20:38:17.779+0000] {processor.py:186} INFO - Started process (PID=1735) to work on /home/airflow/.local/lib/python3.12/site-packages/airflow/example_dags/example_sla_dag.py
[2024-12-15T20:38:17.781+0000] {processor.py:914} INFO - Processing file /home/airflow/.local/lib/python3.12/site-packages/airflow/example_dags/example_sla_dag.py for tasks to queue
[2024-12-15T20:38:17.784+0000] {logging_mixin.py:190} INFO - [2024-12-15T20:38:17.783+0000] {dagbag.py:588} INFO - Filling up the DagBag from /home/airflow/.local/lib/python3.12/site-packages/airflow/example_dags/example_sla_dag.py
[2024-12-15T20:38:17.804+0000] {processor.py:925} INFO - DAG(s) 'example_sla_dag' retrieved from /home/airflow/.local/lib/python3.12/site-packages/airflow/example_dags/example_sla_dag.py
[2024-12-15T20:38:17.832+0000] {logging_mixin.py:190} INFO - [2024-12-15T20:38:17.832+0000] {dag.py:3239} INFO - Sync 1 DAGs
[2024-12-15T20:38:17.865+0000] {logging_mixin.py:190} INFO - [2024-12-15T20:38:17.865+0000] {dag.py:4180} INFO - Setting next_dagrun for example_sla_dag to 2024-12-15 20:36:00+00:00, run_after=2024-12-15 20:38:00+00:00
[2024-12-15T20:38:17.891+0000] {processor.py:208} INFO - Processing /home/airflow/.local/lib/python3.12/site-packages/airflow/example_dags/example_sla_dag.py took 0.129 seconds
[2024-12-15T20:40:38.499+0000] {processor.py:186} INFO - Started process (PID=1809) to work on /home/airflow/.local/lib/python3.12/site-packages/airflow/example_dags/example_sla_dag.py
[2024-12-15T20:40:38.536+0000] {processor.py:914} INFO - Processing file /home/airflow/.local/lib/python3.12/site-packages/airflow/example_dags/example_sla_dag.py for tasks to queue
[2024-12-15T20:40:38.579+0000] {logging_mixin.py:190} INFO - [2024-12-15T20:40:38.561+0000] {dagbag.py:588} INFO - Filling up the DagBag from /home/airflow/.local/lib/python3.12/site-packages/airflow/example_dags/example_sla_dag.py
[2024-12-15T20:40:38.679+0000] {processor.py:925} INFO - DAG(s) 'example_sla_dag' retrieved from /home/airflow/.local/lib/python3.12/site-packages/airflow/example_dags/example_sla_dag.py
[2024-12-15T20:40:38.866+0000] {logging_mixin.py:190} INFO - [2024-12-15T20:40:38.866+0000] {dag.py:3239} INFO - Sync 1 DAGs
[2024-12-15T20:40:39.094+0000] {logging_mixin.py:190} INFO - [2024-12-15T20:40:39.094+0000] {dag.py:4180} INFO - Setting next_dagrun for example_sla_dag to 2024-12-15 20:38:00+00:00, run_after=2024-12-15 20:40:00+00:00
[2024-12-15T20:40:39.181+0000] {processor.py:208} INFO - Processing /home/airflow/.local/lib/python3.12/site-packages/airflow/example_dags/example_sla_dag.py took 0.747 seconds
[2024-12-15T20:41:22.944+0000] {processor.py:186} INFO - Started process (PID=1870) to work on /home/airflow/.local/lib/python3.12/site-packages/airflow/example_dags/example_sla_dag.py
[2024-12-15T20:41:22.948+0000] {processor.py:914} INFO - Processing file /home/airflow/.local/lib/python3.12/site-packages/airflow/example_dags/example_sla_dag.py for tasks to queue
[2024-12-15T20:41:22.955+0000] {logging_mixin.py:190} INFO - [2024-12-15T20:41:22.954+0000] {dagbag.py:588} INFO - Filling up the DagBag from /home/airflow/.local/lib/python3.12/site-packages/airflow/example_dags/example_sla_dag.py
[2024-12-15T20:41:22.991+0000] {processor.py:925} INFO - DAG(s) 'example_sla_dag' retrieved from /home/airflow/.local/lib/python3.12/site-packages/airflow/example_dags/example_sla_dag.py
[2024-12-15T20:41:23.056+0000] {logging_mixin.py:190} INFO - [2024-12-15T20:41:23.055+0000] {dag.py:3239} INFO - Sync 1 DAGs
[2024-12-15T20:41:23.100+0000] {logging_mixin.py:190} INFO - [2024-12-15T20:41:23.100+0000] {dag.py:4180} INFO - Setting next_dagrun for example_sla_dag to 2024-12-15 20:38:00+00:00, run_after=2024-12-15 20:40:00+00:00
[2024-12-15T20:41:23.127+0000] {processor.py:208} INFO - Processing /home/airflow/.local/lib/python3.12/site-packages/airflow/example_dags/example_sla_dag.py took 0.208 seconds
[2024-12-15T20:41:54.150+0000] {processor.py:186} INFO - Started process (PID=1936) to work on /home/airflow/.local/lib/python3.12/site-packages/airflow/example_dags/example_sla_dag.py
[2024-12-15T20:41:54.154+0000] {processor.py:914} INFO - Processing file /home/airflow/.local/lib/python3.12/site-packages/airflow/example_dags/example_sla_dag.py for tasks to queue
[2024-12-15T20:41:54.164+0000] {logging_mixin.py:190} INFO - [2024-12-15T20:41:54.161+0000] {dagbag.py:588} INFO - Filling up the DagBag from /home/airflow/.local/lib/python3.12/site-packages/airflow/example_dags/example_sla_dag.py
[2024-12-15T20:41:54.193+0000] {processor.py:925} INFO - DAG(s) 'example_sla_dag' retrieved from /home/airflow/.local/lib/python3.12/site-packages/airflow/example_dags/example_sla_dag.py
[2024-12-15T20:41:54.220+0000] {logging_mixin.py:190} INFO - [2024-12-15T20:41:54.220+0000] {dag.py:3239} INFO - Sync 1 DAGs
[2024-12-15T20:41:54.250+0000] {logging_mixin.py:190} INFO - [2024-12-15T20:41:54.250+0000] {dag.py:4180} INFO - Setting next_dagrun for example_sla_dag to 2024-12-15 20:38:00+00:00, run_after=2024-12-15 20:40:00+00:00
[2024-12-15T20:41:54.281+0000] {processor.py:208} INFO - Processing /home/airflow/.local/lib/python3.12/site-packages/airflow/example_dags/example_sla_dag.py took 0.163 seconds
[2024-12-15T20:42:25.949+0000] {processor.py:186} INFO - Started process (PID=1999) to work on /home/airflow/.local/lib/python3.12/site-packages/airflow/example_dags/example_sla_dag.py
[2024-12-15T20:42:25.982+0000] {processor.py:914} INFO - Processing file /home/airflow/.local/lib/python3.12/site-packages/airflow/example_dags/example_sla_dag.py for tasks to queue
[2024-12-15T20:42:26.079+0000] {logging_mixin.py:190} INFO - [2024-12-15T20:42:26.077+0000] {dagbag.py:588} INFO - Filling up the DagBag from /home/airflow/.local/lib/python3.12/site-packages/airflow/example_dags/example_sla_dag.py
[2024-12-15T20:42:26.124+0000] {processor.py:925} INFO - DAG(s) 'example_sla_dag' retrieved from /home/airflow/.local/lib/python3.12/site-packages/airflow/example_dags/example_sla_dag.py
[2024-12-15T20:42:26.480+0000] {logging_mixin.py:190} INFO - [2024-12-15T20:42:26.479+0000] {dag.py:3239} INFO - Sync 1 DAGs
[2024-12-15T20:42:27.921+0000] {logging_mixin.py:190} INFO - [2024-12-15T20:42:27.874+0000] {dag.py:4180} INFO - Setting next_dagrun for example_sla_dag to 2024-12-15 20:40:00+00:00, run_after=2024-12-15 20:42:00+00:00
[2024-12-15T20:42:30.712+0000] {processor.py:208} INFO - Processing /home/airflow/.local/lib/python3.12/site-packages/airflow/example_dags/example_sla_dag.py took 4.989 seconds
