[2024-12-15T19:40:07.030+0000] {processor.py:186} INFO - Started process (PID=61) to work on /home/airflow/.local/lib/python3.12/site-packages/airflow/example_dags/example_branch_python_dop_operator_3.py
[2024-12-15T19:40:07.040+0000] {processor.py:914} INFO - Processing file /home/airflow/.local/lib/python3.12/site-packages/airflow/example_dags/example_branch_python_dop_operator_3.py for tasks to queue
[2024-12-15T19:40:07.046+0000] {logging_mixin.py:190} INFO - [2024-12-15T19:40:07.045+0000] {dagbag.py:588} INFO - Filling up the DagBag from /home/airflow/.local/lib/python3.12/site-packages/airflow/example_dags/example_branch_python_dop_operator_3.py
[2024-12-15T19:40:07.099+0000] {processor.py:925} INFO - DAG(s) 'example_branch_dop_operator_v3' retrieved from /home/airflow/.local/lib/python3.12/site-packages/airflow/example_dags/example_branch_python_dop_operator_3.py
[2024-12-15T19:40:07.629+0000] {logging_mixin.py:190} INFO - [2024-12-15T19:40:07.628+0000] {override.py:1911} INFO - Created Permission View: can delete on DAG:example_branch_dop_operator_v3
[2024-12-15T19:40:07.693+0000] {logging_mixin.py:190} INFO - [2024-12-15T19:40:07.692+0000] {override.py:1911} INFO - Created Permission View: can read on DAG:example_branch_dop_operator_v3
[2024-12-15T19:40:07.750+0000] {logging_mixin.py:190} INFO - [2024-12-15T19:40:07.749+0000] {override.py:1911} INFO - Created Permission View: can edit on DAG:example_branch_dop_operator_v3
[2024-12-15T19:40:07.798+0000] {logging_mixin.py:190} INFO - [2024-12-15T19:40:07.798+0000] {override.py:1911} INFO - Created Permission View: menu access on DAG Run:example_branch_dop_operator_v3
[2024-12-15T19:40:07.842+0000] {logging_mixin.py:190} INFO - [2024-12-15T19:40:07.842+0000] {override.py:1911} INFO - Created Permission View: can delete on DAG Run:example_branch_dop_operator_v3
[2024-12-15T19:40:07.871+0000] {logging_mixin.py:190} INFO - [2024-12-15T19:40:07.871+0000] {override.py:1911} INFO - Created Permission View: can create on DAG Run:example_branch_dop_operator_v3
[2024-12-15T19:40:07.915+0000] {logging_mixin.py:190} INFO - [2024-12-15T19:40:07.915+0000] {override.py:1911} INFO - Created Permission View: can read on DAG Run:example_branch_dop_operator_v3
[2024-12-15T19:40:07.920+0000] {logging_mixin.py:190} INFO - [2024-12-15T19:40:07.918+0000] {dag.py:3239} INFO - Sync 1 DAGs
[2024-12-15T19:40:07.993+0000] {logging_mixin.py:190} INFO - [2024-12-15T19:40:07.993+0000] {dag.py:3262} INFO - Creating ORM DAG for example_branch_dop_operator_v3
[2024-12-15T19:40:08.082+0000] {logging_mixin.py:190} INFO - [2024-12-15T19:40:08.077+0000] {dag.py:4180} INFO - Setting next_dagrun for example_branch_dop_operator_v3 to 2024-12-15 19:39:00+00:00, run_after=2024-12-15 19:40:00+00:00
[2024-12-15T19:40:08.148+0000] {processor.py:208} INFO - Processing /home/airflow/.local/lib/python3.12/site-packages/airflow/example_dags/example_branch_python_dop_operator_3.py took 1.152 seconds
[2024-12-15T19:41:05.101+0000] {processor.py:186} INFO - Started process (PID=125) to work on /home/airflow/.local/lib/python3.12/site-packages/airflow/example_dags/example_branch_python_dop_operator_3.py
[2024-12-15T19:41:05.104+0000] {processor.py:914} INFO - Processing file /home/airflow/.local/lib/python3.12/site-packages/airflow/example_dags/example_branch_python_dop_operator_3.py for tasks to queue
[2024-12-15T19:41:05.110+0000] {logging_mixin.py:190} INFO - [2024-12-15T19:41:05.109+0000] {dagbag.py:588} INFO - Filling up the DagBag from /home/airflow/.local/lib/python3.12/site-packages/airflow/example_dags/example_branch_python_dop_operator_3.py
[2024-12-15T19:41:05.132+0000] {processor.py:925} INFO - DAG(s) 'example_branch_dop_operator_v3' retrieved from /home/airflow/.local/lib/python3.12/site-packages/airflow/example_dags/example_branch_python_dop_operator_3.py
[2024-12-15T19:41:05.173+0000] {logging_mixin.py:190} INFO - [2024-12-15T19:41:05.173+0000] {dag.py:3239} INFO - Sync 1 DAGs
[2024-12-15T19:41:05.282+0000] {logging_mixin.py:190} INFO - [2024-12-15T19:41:05.280+0000] {dag.py:4180} INFO - Setting next_dagrun for example_branch_dop_operator_v3 to 2024-12-15 19:40:00+00:00, run_after=2024-12-15 19:41:00+00:00
[2024-12-15T19:41:05.327+0000] {processor.py:208} INFO - Processing /home/airflow/.local/lib/python3.12/site-packages/airflow/example_dags/example_branch_python_dop_operator_3.py took 0.235 seconds
[2024-12-15T19:41:36.480+0000] {processor.py:186} INFO - Started process (PID=188) to work on /home/airflow/.local/lib/python3.12/site-packages/airflow/example_dags/example_branch_python_dop_operator_3.py
[2024-12-15T19:41:36.557+0000] {processor.py:914} INFO - Processing file /home/airflow/.local/lib/python3.12/site-packages/airflow/example_dags/example_branch_python_dop_operator_3.py for tasks to queue
[2024-12-15T19:41:36.604+0000] {logging_mixin.py:190} INFO - [2024-12-15T19:41:36.603+0000] {dagbag.py:588} INFO - Filling up the DagBag from /home/airflow/.local/lib/python3.12/site-packages/airflow/example_dags/example_branch_python_dop_operator_3.py
[2024-12-15T19:41:36.834+0000] {processor.py:925} INFO - DAG(s) 'example_branch_dop_operator_v3' retrieved from /home/airflow/.local/lib/python3.12/site-packages/airflow/example_dags/example_branch_python_dop_operator_3.py
[2024-12-15T19:41:38.926+0000] {logging_mixin.py:190} INFO - [2024-12-15T19:41:38.925+0000] {dag.py:3239} INFO - Sync 1 DAGs
[2024-12-15T19:41:39.659+0000] {logging_mixin.py:190} INFO - [2024-12-15T19:41:39.658+0000] {dag.py:4180} INFO - Setting next_dagrun for example_branch_dop_operator_v3 to 2024-12-15 19:40:00+00:00, run_after=2024-12-15 19:41:00+00:00
[2024-12-15T19:41:39.893+0000] {processor.py:208} INFO - Processing /home/airflow/.local/lib/python3.12/site-packages/airflow/example_dags/example_branch_python_dop_operator_3.py took 3.459 seconds
[2024-12-15T19:42:33.147+0000] {processor.py:186} INFO - Started process (PID=238) to work on /home/airflow/.local/lib/python3.12/site-packages/airflow/example_dags/example_branch_python_dop_operator_3.py
[2024-12-15T19:42:33.148+0000] {processor.py:914} INFO - Processing file /home/airflow/.local/lib/python3.12/site-packages/airflow/example_dags/example_branch_python_dop_operator_3.py for tasks to queue
[2024-12-15T19:42:33.152+0000] {logging_mixin.py:190} INFO - [2024-12-15T19:42:33.152+0000] {dagbag.py:588} INFO - Filling up the DagBag from /home/airflow/.local/lib/python3.12/site-packages/airflow/example_dags/example_branch_python_dop_operator_3.py
[2024-12-15T19:42:33.191+0000] {processor.py:925} INFO - DAG(s) 'example_branch_dop_operator_v3' retrieved from /home/airflow/.local/lib/python3.12/site-packages/airflow/example_dags/example_branch_python_dop_operator_3.py
[2024-12-15T19:42:33.236+0000] {logging_mixin.py:190} INFO - [2024-12-15T19:42:33.235+0000] {dag.py:3239} INFO - Sync 1 DAGs
[2024-12-15T19:42:33.297+0000] {logging_mixin.py:190} INFO - [2024-12-15T19:42:33.297+0000] {dag.py:4180} INFO - Setting next_dagrun for example_branch_dop_operator_v3 to 2024-12-15 19:41:00+00:00, run_after=2024-12-15 19:42:00+00:00
[2024-12-15T19:42:33.337+0000] {processor.py:208} INFO - Processing /home/airflow/.local/lib/python3.12/site-packages/airflow/example_dags/example_branch_python_dop_operator_3.py took 0.200 seconds
[2024-12-15T19:43:04.906+0000] {processor.py:186} INFO - Started process (PID=303) to work on /home/airflow/.local/lib/python3.12/site-packages/airflow/example_dags/example_branch_python_dop_operator_3.py
[2024-12-15T19:43:04.910+0000] {processor.py:914} INFO - Processing file /home/airflow/.local/lib/python3.12/site-packages/airflow/example_dags/example_branch_python_dop_operator_3.py for tasks to queue
[2024-12-15T19:43:04.918+0000] {logging_mixin.py:190} INFO - [2024-12-15T19:43:04.918+0000] {dagbag.py:588} INFO - Filling up the DagBag from /home/airflow/.local/lib/python3.12/site-packages/airflow/example_dags/example_branch_python_dop_operator_3.py
[2024-12-15T19:43:04.943+0000] {processor.py:925} INFO - DAG(s) 'example_branch_dop_operator_v3' retrieved from /home/airflow/.local/lib/python3.12/site-packages/airflow/example_dags/example_branch_python_dop_operator_3.py
[2024-12-15T19:43:04.971+0000] {logging_mixin.py:190} INFO - [2024-12-15T19:43:04.971+0000] {dag.py:3239} INFO - Sync 1 DAGs
[2024-12-15T19:43:05.022+0000] {logging_mixin.py:190} INFO - [2024-12-15T19:43:05.021+0000] {dag.py:4180} INFO - Setting next_dagrun for example_branch_dop_operator_v3 to 2024-12-15 19:42:00+00:00, run_after=2024-12-15 19:43:00+00:00
[2024-12-15T19:43:05.049+0000] {processor.py:208} INFO - Processing /home/airflow/.local/lib/python3.12/site-packages/airflow/example_dags/example_branch_python_dop_operator_3.py took 0.154 seconds
[2024-12-15T19:43:36.724+0000] {processor.py:186} INFO - Started process (PID=366) to work on /home/airflow/.local/lib/python3.12/site-packages/airflow/example_dags/example_branch_python_dop_operator_3.py
[2024-12-15T19:43:36.727+0000] {processor.py:914} INFO - Processing file /home/airflow/.local/lib/python3.12/site-packages/airflow/example_dags/example_branch_python_dop_operator_3.py for tasks to queue
[2024-12-15T19:43:36.731+0000] {logging_mixin.py:190} INFO - [2024-12-15T19:43:36.731+0000] {dagbag.py:588} INFO - Filling up the DagBag from /home/airflow/.local/lib/python3.12/site-packages/airflow/example_dags/example_branch_python_dop_operator_3.py
[2024-12-15T19:43:36.752+0000] {processor.py:925} INFO - DAG(s) 'example_branch_dop_operator_v3' retrieved from /home/airflow/.local/lib/python3.12/site-packages/airflow/example_dags/example_branch_python_dop_operator_3.py
[2024-12-15T19:43:36.796+0000] {logging_mixin.py:190} INFO - [2024-12-15T19:43:36.795+0000] {dag.py:3239} INFO - Sync 1 DAGs
[2024-12-15T19:43:36.833+0000] {logging_mixin.py:190} INFO - [2024-12-15T19:43:36.832+0000] {dag.py:4180} INFO - Setting next_dagrun for example_branch_dop_operator_v3 to 2024-12-15 19:42:00+00:00, run_after=2024-12-15 19:43:00+00:00
[2024-12-15T19:43:36.888+0000] {processor.py:208} INFO - Processing /home/airflow/.local/lib/python3.12/site-packages/airflow/example_dags/example_branch_python_dop_operator_3.py took 0.181 seconds
[2024-12-15T19:44:09.332+0000] {processor.py:186} INFO - Started process (PID=431) to work on /home/airflow/.local/lib/python3.12/site-packages/airflow/example_dags/example_branch_python_dop_operator_3.py
[2024-12-15T19:44:09.335+0000] {processor.py:914} INFO - Processing file /home/airflow/.local/lib/python3.12/site-packages/airflow/example_dags/example_branch_python_dop_operator_3.py for tasks to queue
[2024-12-15T19:44:09.342+0000] {logging_mixin.py:190} INFO - [2024-12-15T19:44:09.340+0000] {dagbag.py:588} INFO - Filling up the DagBag from /home/airflow/.local/lib/python3.12/site-packages/airflow/example_dags/example_branch_python_dop_operator_3.py
[2024-12-15T19:44:09.375+0000] {processor.py:925} INFO - DAG(s) 'example_branch_dop_operator_v3' retrieved from /home/airflow/.local/lib/python3.12/site-packages/airflow/example_dags/example_branch_python_dop_operator_3.py
[2024-12-15T19:44:09.423+0000] {logging_mixin.py:190} INFO - [2024-12-15T19:44:09.423+0000] {dag.py:3239} INFO - Sync 1 DAGs
[2024-12-15T19:44:09.465+0000] {logging_mixin.py:190} INFO - [2024-12-15T19:44:09.465+0000] {dag.py:4180} INFO - Setting next_dagrun for example_branch_dop_operator_v3 to 2024-12-15 19:43:00+00:00, run_after=2024-12-15 19:44:00+00:00
[2024-12-15T19:44:09.495+0000] {processor.py:208} INFO - Processing /home/airflow/.local/lib/python3.12/site-packages/airflow/example_dags/example_branch_python_dop_operator_3.py took 0.214 seconds
[2024-12-15T19:45:27.543+0000] {processor.py:186} INFO - Started process (PID=496) to work on /home/airflow/.local/lib/python3.12/site-packages/airflow/example_dags/example_branch_python_dop_operator_3.py
[2024-12-15T19:45:27.557+0000] {processor.py:914} INFO - Processing file /home/airflow/.local/lib/python3.12/site-packages/airflow/example_dags/example_branch_python_dop_operator_3.py for tasks to queue
[2024-12-15T19:45:27.568+0000] {logging_mixin.py:190} INFO - [2024-12-15T19:45:27.567+0000] {dagbag.py:588} INFO - Filling up the DagBag from /home/airflow/.local/lib/python3.12/site-packages/airflow/example_dags/example_branch_python_dop_operator_3.py
[2024-12-15T19:45:27.604+0000] {processor.py:925} INFO - DAG(s) 'example_branch_dop_operator_v3' retrieved from /home/airflow/.local/lib/python3.12/site-packages/airflow/example_dags/example_branch_python_dop_operator_3.py
[2024-12-15T19:45:27.649+0000] {logging_mixin.py:190} INFO - [2024-12-15T19:45:27.649+0000] {dag.py:3239} INFO - Sync 1 DAGs
[2024-12-15T19:45:27.747+0000] {logging_mixin.py:190} INFO - [2024-12-15T19:45:27.747+0000] {dag.py:4180} INFO - Setting next_dagrun for example_branch_dop_operator_v3 to 2024-12-15 19:44:00+00:00, run_after=2024-12-15 19:45:00+00:00
[2024-12-15T19:45:27.843+0000] {processor.py:208} INFO - Processing /home/airflow/.local/lib/python3.12/site-packages/airflow/example_dags/example_branch_python_dop_operator_3.py took 0.335 seconds
[2024-12-15T19:45:58.052+0000] {processor.py:186} INFO - Started process (PID=558) to work on /home/airflow/.local/lib/python3.12/site-packages/airflow/example_dags/example_branch_python_dop_operator_3.py
[2024-12-15T19:45:58.055+0000] {processor.py:914} INFO - Processing file /home/airflow/.local/lib/python3.12/site-packages/airflow/example_dags/example_branch_python_dop_operator_3.py for tasks to queue
[2024-12-15T19:45:58.062+0000] {logging_mixin.py:190} INFO - [2024-12-15T19:45:58.061+0000] {dagbag.py:588} INFO - Filling up the DagBag from /home/airflow/.local/lib/python3.12/site-packages/airflow/example_dags/example_branch_python_dop_operator_3.py
[2024-12-15T19:45:58.079+0000] {processor.py:925} INFO - DAG(s) 'example_branch_dop_operator_v3' retrieved from /home/airflow/.local/lib/python3.12/site-packages/airflow/example_dags/example_branch_python_dop_operator_3.py
[2024-12-15T19:45:58.103+0000] {logging_mixin.py:190} INFO - [2024-12-15T19:45:58.103+0000] {dag.py:3239} INFO - Sync 1 DAGs
[2024-12-15T19:45:58.138+0000] {logging_mixin.py:190} INFO - [2024-12-15T19:45:58.138+0000] {dag.py:4180} INFO - Setting next_dagrun for example_branch_dop_operator_v3 to 2024-12-15 19:44:00+00:00, run_after=2024-12-15 19:45:00+00:00
[2024-12-15T19:45:58.160+0000] {processor.py:208} INFO - Processing /home/airflow/.local/lib/python3.12/site-packages/airflow/example_dags/example_branch_python_dop_operator_3.py took 0.121 seconds
[2024-12-15T19:46:31.414+0000] {processor.py:186} INFO - Started process (PID=623) to work on /home/airflow/.local/lib/python3.12/site-packages/airflow/example_dags/example_branch_python_dop_operator_3.py
[2024-12-15T19:46:31.447+0000] {processor.py:914} INFO - Processing file /home/airflow/.local/lib/python3.12/site-packages/airflow/example_dags/example_branch_python_dop_operator_3.py for tasks to queue
[2024-12-15T19:46:31.499+0000] {logging_mixin.py:190} INFO - [2024-12-15T19:46:31.478+0000] {dagbag.py:588} INFO - Filling up the DagBag from /home/airflow/.local/lib/python3.12/site-packages/airflow/example_dags/example_branch_python_dop_operator_3.py
[2024-12-15T19:46:31.750+0000] {processor.py:925} INFO - DAG(s) 'example_branch_dop_operator_v3' retrieved from /home/airflow/.local/lib/python3.12/site-packages/airflow/example_dags/example_branch_python_dop_operator_3.py
[2024-12-15T19:46:31.975+0000] {logging_mixin.py:190} INFO - [2024-12-15T19:46:31.975+0000] {dag.py:3239} INFO - Sync 1 DAGs
[2024-12-15T19:46:32.139+0000] {logging_mixin.py:190} INFO - [2024-12-15T19:46:32.138+0000] {dag.py:4180} INFO - Setting next_dagrun for example_branch_dop_operator_v3 to 2024-12-15 19:45:00+00:00, run_after=2024-12-15 19:46:00+00:00
[2024-12-15T19:46:32.260+0000] {processor.py:208} INFO - Processing /home/airflow/.local/lib/python3.12/site-packages/airflow/example_dags/example_branch_python_dop_operator_3.py took 0.871 seconds
[2024-12-15T19:47:02.886+0000] {processor.py:186} INFO - Started process (PID=688) to work on /home/airflow/.local/lib/python3.12/site-packages/airflow/example_dags/example_branch_python_dop_operator_3.py
[2024-12-15T19:47:02.895+0000] {processor.py:914} INFO - Processing file /home/airflow/.local/lib/python3.12/site-packages/airflow/example_dags/example_branch_python_dop_operator_3.py for tasks to queue
[2024-12-15T19:47:02.899+0000] {logging_mixin.py:190} INFO - [2024-12-15T19:47:02.898+0000] {dagbag.py:588} INFO - Filling up the DagBag from /home/airflow/.local/lib/python3.12/site-packages/airflow/example_dags/example_branch_python_dop_operator_3.py
[2024-12-15T19:47:02.921+0000] {processor.py:925} INFO - DAG(s) 'example_branch_dop_operator_v3' retrieved from /home/airflow/.local/lib/python3.12/site-packages/airflow/example_dags/example_branch_python_dop_operator_3.py
[2024-12-15T19:47:02.960+0000] {logging_mixin.py:190} INFO - [2024-12-15T19:47:02.960+0000] {dag.py:3239} INFO - Sync 1 DAGs
[2024-12-15T19:47:03.016+0000] {logging_mixin.py:190} INFO - [2024-12-15T19:47:03.016+0000] {dag.py:4180} INFO - Setting next_dagrun for example_branch_dop_operator_v3 to 2024-12-15 19:46:00+00:00, run_after=2024-12-15 19:47:00+00:00
[2024-12-15T19:47:03.047+0000] {processor.py:208} INFO - Processing /home/airflow/.local/lib/python3.12/site-packages/airflow/example_dags/example_branch_python_dop_operator_3.py took 0.173 seconds
[2024-12-15T19:47:33.908+0000] {processor.py:186} INFO - Started process (PID=753) to work on /home/airflow/.local/lib/python3.12/site-packages/airflow/example_dags/example_branch_python_dop_operator_3.py
[2024-12-15T19:47:33.912+0000] {processor.py:914} INFO - Processing file /home/airflow/.local/lib/python3.12/site-packages/airflow/example_dags/example_branch_python_dop_operator_3.py for tasks to queue
[2024-12-15T19:47:33.927+0000] {logging_mixin.py:190} INFO - [2024-12-15T19:47:33.924+0000] {dagbag.py:588} INFO - Filling up the DagBag from /home/airflow/.local/lib/python3.12/site-packages/airflow/example_dags/example_branch_python_dop_operator_3.py
[2024-12-15T19:47:33.967+0000] {processor.py:925} INFO - DAG(s) 'example_branch_dop_operator_v3' retrieved from /home/airflow/.local/lib/python3.12/site-packages/airflow/example_dags/example_branch_python_dop_operator_3.py
[2024-12-15T19:47:34.052+0000] {logging_mixin.py:190} INFO - [2024-12-15T19:47:34.051+0000] {dag.py:3239} INFO - Sync 1 DAGs
[2024-12-15T19:47:34.411+0000] {logging_mixin.py:190} INFO - [2024-12-15T19:47:34.409+0000] {dag.py:4180} INFO - Setting next_dagrun for example_branch_dop_operator_v3 to 2024-12-15 19:46:00+00:00, run_after=2024-12-15 19:47:00+00:00
[2024-12-15T19:47:34.550+0000] {processor.py:208} INFO - Processing /home/airflow/.local/lib/python3.12/site-packages/airflow/example_dags/example_branch_python_dop_operator_3.py took 0.670 seconds
[2024-12-15T19:50:52.866+0000] {processor.py:186} INFO - Started process (PID=55) to work on /home/airflow/.local/lib/python3.12/site-packages/airflow/example_dags/example_branch_python_dop_operator_3.py
[2024-12-15T19:50:52.868+0000] {processor.py:914} INFO - Processing file /home/airflow/.local/lib/python3.12/site-packages/airflow/example_dags/example_branch_python_dop_operator_3.py for tasks to queue
[2024-12-15T19:50:52.873+0000] {logging_mixin.py:190} INFO - [2024-12-15T19:50:52.872+0000] {dagbag.py:588} INFO - Filling up the DagBag from /home/airflow/.local/lib/python3.12/site-packages/airflow/example_dags/example_branch_python_dop_operator_3.py
[2024-12-15T19:50:52.897+0000] {processor.py:925} INFO - DAG(s) 'example_branch_dop_operator_v3' retrieved from /home/airflow/.local/lib/python3.12/site-packages/airflow/example_dags/example_branch_python_dop_operator_3.py
[2024-12-15T19:50:53.085+0000] {logging_mixin.py:190} INFO - [2024-12-15T19:50:53.084+0000] {dag.py:3239} INFO - Sync 1 DAGs
[2024-12-15T19:50:53.171+0000] {logging_mixin.py:190} INFO - [2024-12-15T19:50:53.171+0000] {dag.py:4180} INFO - Setting next_dagrun for example_branch_dop_operator_v3 to 2024-12-15 19:49:00+00:00, run_after=2024-12-15 19:50:00+00:00
[2024-12-15T19:50:53.231+0000] {processor.py:208} INFO - Processing /home/airflow/.local/lib/python3.12/site-packages/airflow/example_dags/example_branch_python_dop_operator_3.py took 0.391 seconds
[2024-12-15T19:51:32.064+0000] {processor.py:186} INFO - Started process (PID=120) to work on /home/airflow/.local/lib/python3.12/site-packages/airflow/example_dags/example_branch_python_dop_operator_3.py
[2024-12-15T19:51:32.069+0000] {processor.py:914} INFO - Processing file /home/airflow/.local/lib/python3.12/site-packages/airflow/example_dags/example_branch_python_dop_operator_3.py for tasks to queue
[2024-12-15T19:51:32.077+0000] {logging_mixin.py:190} INFO - [2024-12-15T19:51:32.076+0000] {dagbag.py:588} INFO - Filling up the DagBag from /home/airflow/.local/lib/python3.12/site-packages/airflow/example_dags/example_branch_python_dop_operator_3.py
[2024-12-15T19:51:32.129+0000] {processor.py:925} INFO - DAG(s) 'example_branch_dop_operator_v3' retrieved from /home/airflow/.local/lib/python3.12/site-packages/airflow/example_dags/example_branch_python_dop_operator_3.py
[2024-12-15T19:51:32.290+0000] {logging_mixin.py:190} INFO - [2024-12-15T19:51:32.289+0000] {dag.py:3239} INFO - Sync 1 DAGs
[2024-12-15T19:51:32.473+0000] {logging_mixin.py:190} INFO - [2024-12-15T19:51:32.473+0000] {dag.py:4180} INFO - Setting next_dagrun for example_branch_dop_operator_v3 to 2024-12-15 19:50:00+00:00, run_after=2024-12-15 19:51:00+00:00
[2024-12-15T19:51:32.564+0000] {processor.py:208} INFO - Processing /home/airflow/.local/lib/python3.12/site-packages/airflow/example_dags/example_branch_python_dop_operator_3.py took 0.556 seconds
[2024-12-15T19:52:15.514+0000] {processor.py:186} INFO - Started process (PID=184) to work on /home/airflow/.local/lib/python3.12/site-packages/airflow/example_dags/example_branch_python_dop_operator_3.py
[2024-12-15T19:52:15.517+0000] {processor.py:914} INFO - Processing file /home/airflow/.local/lib/python3.12/site-packages/airflow/example_dags/example_branch_python_dop_operator_3.py for tasks to queue
[2024-12-15T19:52:15.526+0000] {logging_mixin.py:190} INFO - [2024-12-15T19:52:15.525+0000] {dagbag.py:588} INFO - Filling up the DagBag from /home/airflow/.local/lib/python3.12/site-packages/airflow/example_dags/example_branch_python_dop_operator_3.py
[2024-12-15T19:52:15.600+0000] {processor.py:925} INFO - DAG(s) 'example_branch_dop_operator_v3' retrieved from /home/airflow/.local/lib/python3.12/site-packages/airflow/example_dags/example_branch_python_dop_operator_3.py
[2024-12-15T19:52:15.684+0000] {logging_mixin.py:190} INFO - [2024-12-15T19:52:15.681+0000] {dag.py:3239} INFO - Sync 1 DAGs
[2024-12-15T19:52:15.778+0000] {logging_mixin.py:190} INFO - [2024-12-15T19:52:15.778+0000] {dag.py:4180} INFO - Setting next_dagrun for example_branch_dop_operator_v3 to 2024-12-15 19:51:00+00:00, run_after=2024-12-15 19:52:00+00:00
[2024-12-15T19:52:15.940+0000] {processor.py:208} INFO - Processing /home/airflow/.local/lib/python3.12/site-packages/airflow/example_dags/example_branch_python_dop_operator_3.py took 0.452 seconds
[2024-12-15T19:52:47.220+0000] {processor.py:186} INFO - Started process (PID=248) to work on /home/airflow/.local/lib/python3.12/site-packages/airflow/example_dags/example_branch_python_dop_operator_3.py
[2024-12-15T19:52:47.225+0000] {processor.py:914} INFO - Processing file /home/airflow/.local/lib/python3.12/site-packages/airflow/example_dags/example_branch_python_dop_operator_3.py for tasks to queue
[2024-12-15T19:52:47.231+0000] {logging_mixin.py:190} INFO - [2024-12-15T19:52:47.231+0000] {dagbag.py:588} INFO - Filling up the DagBag from /home/airflow/.local/lib/python3.12/site-packages/airflow/example_dags/example_branch_python_dop_operator_3.py
[2024-12-15T19:52:47.250+0000] {processor.py:925} INFO - DAG(s) 'example_branch_dop_operator_v3' retrieved from /home/airflow/.local/lib/python3.12/site-packages/airflow/example_dags/example_branch_python_dop_operator_3.py
[2024-12-15T19:52:47.279+0000] {logging_mixin.py:190} INFO - [2024-12-15T19:52:47.278+0000] {dag.py:3239} INFO - Sync 1 DAGs
[2024-12-15T19:52:47.318+0000] {logging_mixin.py:190} INFO - [2024-12-15T19:52:47.317+0000] {dag.py:4180} INFO - Setting next_dagrun for example_branch_dop_operator_v3 to 2024-12-15 19:51:00+00:00, run_after=2024-12-15 19:52:00+00:00
[2024-12-15T19:52:47.345+0000] {processor.py:208} INFO - Processing /home/airflow/.local/lib/python3.12/site-packages/airflow/example_dags/example_branch_python_dop_operator_3.py took 0.143 seconds
[2024-12-15T19:53:28.043+0000] {processor.py:186} INFO - Started process (PID=320) to work on /home/airflow/.local/lib/python3.12/site-packages/airflow/example_dags/example_branch_python_dop_operator_3.py
[2024-12-15T19:53:28.051+0000] {processor.py:914} INFO - Processing file /home/airflow/.local/lib/python3.12/site-packages/airflow/example_dags/example_branch_python_dop_operator_3.py for tasks to queue
[2024-12-15T19:53:28.068+0000] {logging_mixin.py:190} INFO - [2024-12-15T19:53:28.067+0000] {dagbag.py:588} INFO - Filling up the DagBag from /home/airflow/.local/lib/python3.12/site-packages/airflow/example_dags/example_branch_python_dop_operator_3.py
[2024-12-15T19:53:28.194+0000] {processor.py:925} INFO - DAG(s) 'example_branch_dop_operator_v3' retrieved from /home/airflow/.local/lib/python3.12/site-packages/airflow/example_dags/example_branch_python_dop_operator_3.py
[2024-12-15T19:53:28.527+0000] {logging_mixin.py:190} INFO - [2024-12-15T19:53:28.527+0000] {dag.py:3239} INFO - Sync 1 DAGs
[2024-12-15T19:53:28.860+0000] {logging_mixin.py:190} INFO - [2024-12-15T19:53:28.860+0000] {dag.py:4180} INFO - Setting next_dagrun for example_branch_dop_operator_v3 to 2024-12-15 19:52:00+00:00, run_after=2024-12-15 19:53:00+00:00
[2024-12-15T19:53:29.098+0000] {processor.py:208} INFO - Processing /home/airflow/.local/lib/python3.12/site-packages/airflow/example_dags/example_branch_python_dop_operator_3.py took 1.129 seconds
[2024-12-15T19:54:05.720+0000] {processor.py:186} INFO - Started process (PID=383) to work on /home/airflow/.local/lib/python3.12/site-packages/airflow/example_dags/example_branch_python_dop_operator_3.py
[2024-12-15T19:54:05.744+0000] {processor.py:914} INFO - Processing file /home/airflow/.local/lib/python3.12/site-packages/airflow/example_dags/example_branch_python_dop_operator_3.py for tasks to queue
[2024-12-15T19:54:05.781+0000] {logging_mixin.py:190} INFO - [2024-12-15T19:54:05.781+0000] {dagbag.py:588} INFO - Filling up the DagBag from /home/airflow/.local/lib/python3.12/site-packages/airflow/example_dags/example_branch_python_dop_operator_3.py
[2024-12-15T19:54:05.902+0000] {processor.py:925} INFO - DAG(s) 'example_branch_dop_operator_v3' retrieved from /home/airflow/.local/lib/python3.12/site-packages/airflow/example_dags/example_branch_python_dop_operator_3.py
[2024-12-15T19:54:06.067+0000] {logging_mixin.py:190} INFO - [2024-12-15T19:54:06.058+0000] {dag.py:3239} INFO - Sync 1 DAGs
[2024-12-15T19:54:06.421+0000] {logging_mixin.py:190} INFO - [2024-12-15T19:54:06.421+0000] {dag.py:4180} INFO - Setting next_dagrun for example_branch_dop_operator_v3 to 2024-12-15 19:53:00+00:00, run_after=2024-12-15 19:54:00+00:00
[2024-12-15T19:54:06.539+0000] {processor.py:208} INFO - Processing /home/airflow/.local/lib/python3.12/site-packages/airflow/example_dags/example_branch_python_dop_operator_3.py took 0.930 seconds
[2024-12-15T19:54:36.891+0000] {processor.py:186} INFO - Started process (PID=447) to work on /home/airflow/.local/lib/python3.12/site-packages/airflow/example_dags/example_branch_python_dop_operator_3.py
[2024-12-15T19:54:36.897+0000] {processor.py:914} INFO - Processing file /home/airflow/.local/lib/python3.12/site-packages/airflow/example_dags/example_branch_python_dop_operator_3.py for tasks to queue
[2024-12-15T19:54:36.911+0000] {logging_mixin.py:190} INFO - [2024-12-15T19:54:36.911+0000] {dagbag.py:588} INFO - Filling up the DagBag from /home/airflow/.local/lib/python3.12/site-packages/airflow/example_dags/example_branch_python_dop_operator_3.py
[2024-12-15T19:54:36.966+0000] {processor.py:925} INFO - DAG(s) 'example_branch_dop_operator_v3' retrieved from /home/airflow/.local/lib/python3.12/site-packages/airflow/example_dags/example_branch_python_dop_operator_3.py
[2024-12-15T19:54:37.068+0000] {logging_mixin.py:190} INFO - [2024-12-15T19:54:37.068+0000] {dag.py:3239} INFO - Sync 1 DAGs
[2024-12-15T19:54:37.192+0000] {logging_mixin.py:190} INFO - [2024-12-15T19:54:37.192+0000] {dag.py:4180} INFO - Setting next_dagrun for example_branch_dop_operator_v3 to 2024-12-15 19:53:00+00:00, run_after=2024-12-15 19:54:00+00:00
[2024-12-15T19:54:37.257+0000] {processor.py:208} INFO - Processing /home/airflow/.local/lib/python3.12/site-packages/airflow/example_dags/example_branch_python_dop_operator_3.py took 0.395 seconds
[2024-12-15T19:55:08.003+0000] {processor.py:186} INFO - Started process (PID=512) to work on /home/airflow/.local/lib/python3.12/site-packages/airflow/example_dags/example_branch_python_dop_operator_3.py
[2024-12-15T19:55:08.007+0000] {processor.py:914} INFO - Processing file /home/airflow/.local/lib/python3.12/site-packages/airflow/example_dags/example_branch_python_dop_operator_3.py for tasks to queue
[2024-12-15T19:55:08.009+0000] {logging_mixin.py:190} INFO - [2024-12-15T19:55:08.009+0000] {dagbag.py:588} INFO - Filling up the DagBag from /home/airflow/.local/lib/python3.12/site-packages/airflow/example_dags/example_branch_python_dop_operator_3.py
[2024-12-15T19:55:08.040+0000] {processor.py:925} INFO - DAG(s) 'example_branch_dop_operator_v3' retrieved from /home/airflow/.local/lib/python3.12/site-packages/airflow/example_dags/example_branch_python_dop_operator_3.py
[2024-12-15T19:55:08.089+0000] {logging_mixin.py:190} INFO - [2024-12-15T19:55:08.088+0000] {dag.py:3239} INFO - Sync 1 DAGs
[2024-12-15T19:55:08.157+0000] {logging_mixin.py:190} INFO - [2024-12-15T19:55:08.157+0000] {dag.py:4180} INFO - Setting next_dagrun for example_branch_dop_operator_v3 to 2024-12-15 19:54:00+00:00, run_after=2024-12-15 19:55:00+00:00
[2024-12-15T19:55:08.207+0000] {processor.py:208} INFO - Processing /home/airflow/.local/lib/python3.12/site-packages/airflow/example_dags/example_branch_python_dop_operator_3.py took 0.219 seconds
[2024-12-15T19:55:38.675+0000] {processor.py:186} INFO - Started process (PID=577) to work on /home/airflow/.local/lib/python3.12/site-packages/airflow/example_dags/example_branch_python_dop_operator_3.py
[2024-12-15T19:55:38.677+0000] {processor.py:914} INFO - Processing file /home/airflow/.local/lib/python3.12/site-packages/airflow/example_dags/example_branch_python_dop_operator_3.py for tasks to queue
[2024-12-15T19:55:38.679+0000] {logging_mixin.py:190} INFO - [2024-12-15T19:55:38.679+0000] {dagbag.py:588} INFO - Filling up the DagBag from /home/airflow/.local/lib/python3.12/site-packages/airflow/example_dags/example_branch_python_dop_operator_3.py
[2024-12-15T19:55:38.694+0000] {processor.py:925} INFO - DAG(s) 'example_branch_dop_operator_v3' retrieved from /home/airflow/.local/lib/python3.12/site-packages/airflow/example_dags/example_branch_python_dop_operator_3.py
[2024-12-15T19:55:38.724+0000] {logging_mixin.py:190} INFO - [2024-12-15T19:55:38.723+0000] {dag.py:3239} INFO - Sync 1 DAGs
[2024-12-15T19:55:38.762+0000] {logging_mixin.py:190} INFO - [2024-12-15T19:55:38.762+0000] {dag.py:4180} INFO - Setting next_dagrun for example_branch_dop_operator_v3 to 2024-12-15 19:54:00+00:00, run_after=2024-12-15 19:55:00+00:00
[2024-12-15T19:55:38.796+0000] {processor.py:208} INFO - Processing /home/airflow/.local/lib/python3.12/site-packages/airflow/example_dags/example_branch_python_dop_operator_3.py took 0.130 seconds
[2024-12-15T19:59:20.144+0000] {processor.py:186} INFO - Started process (PID=53) to work on /home/airflow/.local/lib/python3.12/site-packages/airflow/example_dags/example_branch_python_dop_operator_3.py
[2024-12-15T19:59:20.151+0000] {processor.py:914} INFO - Processing file /home/airflow/.local/lib/python3.12/site-packages/airflow/example_dags/example_branch_python_dop_operator_3.py for tasks to queue
[2024-12-15T19:59:20.171+0000] {logging_mixin.py:190} INFO - [2024-12-15T19:59:20.170+0000] {dagbag.py:588} INFO - Filling up the DagBag from /home/airflow/.local/lib/python3.12/site-packages/airflow/example_dags/example_branch_python_dop_operator_3.py
[2024-12-15T19:59:20.323+0000] {processor.py:925} INFO - DAG(s) 'example_branch_dop_operator_v3' retrieved from /home/airflow/.local/lib/python3.12/site-packages/airflow/example_dags/example_branch_python_dop_operator_3.py
[2024-12-15T19:59:20.478+0000] {logging_mixin.py:190} INFO - [2024-12-15T19:59:20.478+0000] {dag.py:3239} INFO - Sync 1 DAGs
[2024-12-15T19:59:20.736+0000] {logging_mixin.py:190} INFO - [2024-12-15T19:59:20.736+0000] {dag.py:4180} INFO - Setting next_dagrun for example_branch_dop_operator_v3 to 2024-12-15 19:58:00+00:00, run_after=2024-12-15 19:59:00+00:00
[2024-12-15T19:59:20.831+0000] {processor.py:208} INFO - Processing /home/airflow/.local/lib/python3.12/site-packages/airflow/example_dags/example_branch_python_dop_operator_3.py took 0.830 seconds
[2024-12-15T20:01:12.590+0000] {processor.py:186} INFO - Started process (PID=136) to work on /home/airflow/.local/lib/python3.12/site-packages/airflow/example_dags/example_branch_python_dop_operator_3.py
[2024-12-15T20:01:12.591+0000] {processor.py:914} INFO - Processing file /home/airflow/.local/lib/python3.12/site-packages/airflow/example_dags/example_branch_python_dop_operator_3.py for tasks to queue
[2024-12-15T20:01:12.596+0000] {logging_mixin.py:190} INFO - [2024-12-15T20:01:12.595+0000] {dagbag.py:588} INFO - Filling up the DagBag from /home/airflow/.local/lib/python3.12/site-packages/airflow/example_dags/example_branch_python_dop_operator_3.py
[2024-12-15T20:01:12.679+0000] {processor.py:925} INFO - DAG(s) 'example_branch_dop_operator_v3' retrieved from /home/airflow/.local/lib/python3.12/site-packages/airflow/example_dags/example_branch_python_dop_operator_3.py
[2024-12-15T20:01:12.753+0000] {logging_mixin.py:190} INFO - [2024-12-15T20:01:12.753+0000] {dag.py:3239} INFO - Sync 1 DAGs
[2024-12-15T20:01:13.077+0000] {logging_mixin.py:190} INFO - [2024-12-15T20:01:13.077+0000] {dag.py:4180} INFO - Setting next_dagrun for example_branch_dop_operator_v3 to 2024-12-15 20:00:00+00:00, run_after=2024-12-15 20:01:00+00:00
[2024-12-15T20:01:13.630+0000] {processor.py:208} INFO - Processing /home/airflow/.local/lib/python3.12/site-packages/airflow/example_dags/example_branch_python_dop_operator_3.py took 1.041 seconds
[2024-12-15T20:01:56.063+0000] {processor.py:186} INFO - Started process (PID=208) to work on /home/airflow/.local/lib/python3.12/site-packages/airflow/example_dags/example_branch_python_dop_operator_3.py
[2024-12-15T20:01:56.071+0000] {processor.py:914} INFO - Processing file /home/airflow/.local/lib/python3.12/site-packages/airflow/example_dags/example_branch_python_dop_operator_3.py for tasks to queue
[2024-12-15T20:01:56.086+0000] {logging_mixin.py:190} INFO - [2024-12-15T20:01:56.084+0000] {dagbag.py:588} INFO - Filling up the DagBag from /home/airflow/.local/lib/python3.12/site-packages/airflow/example_dags/example_branch_python_dop_operator_3.py
[2024-12-15T20:01:56.144+0000] {processor.py:925} INFO - DAG(s) 'example_branch_dop_operator_v3' retrieved from /home/airflow/.local/lib/python3.12/site-packages/airflow/example_dags/example_branch_python_dop_operator_3.py
[2024-12-15T20:01:56.228+0000] {logging_mixin.py:190} INFO - [2024-12-15T20:01:56.228+0000] {dag.py:3239} INFO - Sync 1 DAGs
[2024-12-15T20:01:56.291+0000] {logging_mixin.py:190} INFO - [2024-12-15T20:01:56.291+0000] {dag.py:4180} INFO - Setting next_dagrun for example_branch_dop_operator_v3 to 2024-12-15 20:00:00+00:00, run_after=2024-12-15 20:01:00+00:00
[2024-12-15T20:01:56.319+0000] {processor.py:208} INFO - Processing /home/airflow/.local/lib/python3.12/site-packages/airflow/example_dags/example_branch_python_dop_operator_3.py took 0.283 seconds
[2024-12-15T20:02:29.166+0000] {processor.py:186} INFO - Started process (PID=261) to work on /home/airflow/.local/lib/python3.12/site-packages/airflow/example_dags/example_branch_python_dop_operator_3.py
[2024-12-15T20:02:29.176+0000] {processor.py:914} INFO - Processing file /home/airflow/.local/lib/python3.12/site-packages/airflow/example_dags/example_branch_python_dop_operator_3.py for tasks to queue
[2024-12-15T20:02:29.182+0000] {logging_mixin.py:190} INFO - [2024-12-15T20:02:29.181+0000] {dagbag.py:588} INFO - Filling up the DagBag from /home/airflow/.local/lib/python3.12/site-packages/airflow/example_dags/example_branch_python_dop_operator_3.py
[2024-12-15T20:02:29.217+0000] {processor.py:925} INFO - DAG(s) 'example_branch_dop_operator_v3' retrieved from /home/airflow/.local/lib/python3.12/site-packages/airflow/example_dags/example_branch_python_dop_operator_3.py
[2024-12-15T20:02:29.313+0000] {logging_mixin.py:190} INFO - [2024-12-15T20:02:29.312+0000] {dag.py:3239} INFO - Sync 1 DAGs
[2024-12-15T20:02:29.452+0000] {logging_mixin.py:190} INFO - [2024-12-15T20:02:29.452+0000] {dag.py:4180} INFO - Setting next_dagrun for example_branch_dop_operator_v3 to 2024-12-15 20:01:00+00:00, run_after=2024-12-15 20:02:00+00:00
[2024-12-15T20:02:29.590+0000] {processor.py:208} INFO - Processing /home/airflow/.local/lib/python3.12/site-packages/airflow/example_dags/example_branch_python_dop_operator_3.py took 0.443 seconds
[2024-12-15T20:03:07.536+0000] {processor.py:186} INFO - Started process (PID=322) to work on /home/airflow/.local/lib/python3.12/site-packages/airflow/example_dags/example_branch_python_dop_operator_3.py
[2024-12-15T20:03:07.540+0000] {processor.py:914} INFO - Processing file /home/airflow/.local/lib/python3.12/site-packages/airflow/example_dags/example_branch_python_dop_operator_3.py for tasks to queue
[2024-12-15T20:03:07.553+0000] {logging_mixin.py:190} INFO - [2024-12-15T20:03:07.552+0000] {dagbag.py:588} INFO - Filling up the DagBag from /home/airflow/.local/lib/python3.12/site-packages/airflow/example_dags/example_branch_python_dop_operator_3.py
[2024-12-15T20:03:07.582+0000] {processor.py:925} INFO - DAG(s) 'example_branch_dop_operator_v3' retrieved from /home/airflow/.local/lib/python3.12/site-packages/airflow/example_dags/example_branch_python_dop_operator_3.py
[2024-12-15T20:03:07.620+0000] {logging_mixin.py:190} INFO - [2024-12-15T20:03:07.619+0000] {dag.py:3239} INFO - Sync 1 DAGs
[2024-12-15T20:03:07.669+0000] {logging_mixin.py:190} INFO - [2024-12-15T20:03:07.668+0000] {dag.py:4180} INFO - Setting next_dagrun for example_branch_dop_operator_v3 to 2024-12-15 20:02:00+00:00, run_after=2024-12-15 20:03:00+00:00
[2024-12-15T20:03:07.703+0000] {processor.py:208} INFO - Processing /home/airflow/.local/lib/python3.12/site-packages/airflow/example_dags/example_branch_python_dop_operator_3.py took 0.180 seconds
[2024-12-15T20:03:37.834+0000] {processor.py:186} INFO - Started process (PID=385) to work on /home/airflow/.local/lib/python3.12/site-packages/airflow/example_dags/example_branch_python_dop_operator_3.py
[2024-12-15T20:03:37.836+0000] {processor.py:914} INFO - Processing file /home/airflow/.local/lib/python3.12/site-packages/airflow/example_dags/example_branch_python_dop_operator_3.py for tasks to queue
[2024-12-15T20:03:37.841+0000] {logging_mixin.py:190} INFO - [2024-12-15T20:03:37.840+0000] {dagbag.py:588} INFO - Filling up the DagBag from /home/airflow/.local/lib/python3.12/site-packages/airflow/example_dags/example_branch_python_dop_operator_3.py
[2024-12-15T20:03:37.858+0000] {processor.py:925} INFO - DAG(s) 'example_branch_dop_operator_v3' retrieved from /home/airflow/.local/lib/python3.12/site-packages/airflow/example_dags/example_branch_python_dop_operator_3.py
[2024-12-15T20:03:37.882+0000] {logging_mixin.py:190} INFO - [2024-12-15T20:03:37.882+0000] {dag.py:3239} INFO - Sync 1 DAGs
[2024-12-15T20:03:37.918+0000] {logging_mixin.py:190} INFO - [2024-12-15T20:03:37.918+0000] {dag.py:4180} INFO - Setting next_dagrun for example_branch_dop_operator_v3 to 2024-12-15 20:02:00+00:00, run_after=2024-12-15 20:03:00+00:00
[2024-12-15T20:03:37.943+0000] {processor.py:208} INFO - Processing /home/airflow/.local/lib/python3.12/site-packages/airflow/example_dags/example_branch_python_dop_operator_3.py took 0.120 seconds
[2024-12-15T20:04:09.030+0000] {processor.py:186} INFO - Started process (PID=444) to work on /home/airflow/.local/lib/python3.12/site-packages/airflow/example_dags/example_branch_python_dop_operator_3.py
[2024-12-15T20:04:09.032+0000] {processor.py:914} INFO - Processing file /home/airflow/.local/lib/python3.12/site-packages/airflow/example_dags/example_branch_python_dop_operator_3.py for tasks to queue
[2024-12-15T20:04:09.040+0000] {logging_mixin.py:190} INFO - [2024-12-15T20:04:09.039+0000] {dagbag.py:588} INFO - Filling up the DagBag from /home/airflow/.local/lib/python3.12/site-packages/airflow/example_dags/example_branch_python_dop_operator_3.py
[2024-12-15T20:04:09.131+0000] {processor.py:925} INFO - DAG(s) 'example_branch_dop_operator_v3' retrieved from /home/airflow/.local/lib/python3.12/site-packages/airflow/example_dags/example_branch_python_dop_operator_3.py
[2024-12-15T20:04:09.231+0000] {logging_mixin.py:190} INFO - [2024-12-15T20:04:09.231+0000] {dag.py:3239} INFO - Sync 1 DAGs
[2024-12-15T20:04:09.355+0000] {logging_mixin.py:190} INFO - [2024-12-15T20:04:09.354+0000] {dag.py:4180} INFO - Setting next_dagrun for example_branch_dop_operator_v3 to 2024-12-15 20:03:00+00:00, run_after=2024-12-15 20:04:00+00:00
[2024-12-15T20:04:09.399+0000] {processor.py:208} INFO - Processing /home/airflow/.local/lib/python3.12/site-packages/airflow/example_dags/example_branch_python_dop_operator_3.py took 0.385 seconds
[2024-12-15T20:04:42.077+0000] {processor.py:186} INFO - Started process (PID=500) to work on /home/airflow/.local/lib/python3.12/site-packages/airflow/example_dags/example_branch_python_dop_operator_3.py
[2024-12-15T20:04:42.081+0000] {processor.py:914} INFO - Processing file /home/airflow/.local/lib/python3.12/site-packages/airflow/example_dags/example_branch_python_dop_operator_3.py for tasks to queue
[2024-12-15T20:04:42.087+0000] {logging_mixin.py:190} INFO - [2024-12-15T20:04:42.086+0000] {dagbag.py:588} INFO - Filling up the DagBag from /home/airflow/.local/lib/python3.12/site-packages/airflow/example_dags/example_branch_python_dop_operator_3.py
[2024-12-15T20:04:42.145+0000] {processor.py:925} INFO - DAG(s) 'example_branch_dop_operator_v3' retrieved from /home/airflow/.local/lib/python3.12/site-packages/airflow/example_dags/example_branch_python_dop_operator_3.py
[2024-12-15T20:04:42.231+0000] {logging_mixin.py:190} INFO - [2024-12-15T20:04:42.230+0000] {dag.py:3239} INFO - Sync 1 DAGs
[2024-12-15T20:04:42.342+0000] {logging_mixin.py:190} INFO - [2024-12-15T20:04:42.342+0000] {dag.py:4180} INFO - Setting next_dagrun for example_branch_dop_operator_v3 to 2024-12-15 20:03:00+00:00, run_after=2024-12-15 20:04:00+00:00
[2024-12-15T20:04:42.431+0000] {processor.py:208} INFO - Processing /home/airflow/.local/lib/python3.12/site-packages/airflow/example_dags/example_branch_python_dop_operator_3.py took 0.398 seconds
[2024-12-15T20:05:56.122+0000] {processor.py:186} INFO - Started process (PID=559) to work on /home/airflow/.local/lib/python3.12/site-packages/airflow/example_dags/example_branch_python_dop_operator_3.py
[2024-12-15T20:05:56.130+0000] {processor.py:914} INFO - Processing file /home/airflow/.local/lib/python3.12/site-packages/airflow/example_dags/example_branch_python_dop_operator_3.py for tasks to queue
[2024-12-15T20:05:56.136+0000] {logging_mixin.py:190} INFO - [2024-12-15T20:05:56.136+0000] {dagbag.py:588} INFO - Filling up the DagBag from /home/airflow/.local/lib/python3.12/site-packages/airflow/example_dags/example_branch_python_dop_operator_3.py
[2024-12-15T20:05:56.205+0000] {processor.py:925} INFO - DAG(s) 'example_branch_dop_operator_v3' retrieved from /home/airflow/.local/lib/python3.12/site-packages/airflow/example_dags/example_branch_python_dop_operator_3.py
[2024-12-15T20:05:56.299+0000] {logging_mixin.py:190} INFO - [2024-12-15T20:05:56.298+0000] {dag.py:3239} INFO - Sync 1 DAGs
[2024-12-15T20:05:56.368+0000] {logging_mixin.py:190} INFO - [2024-12-15T20:05:56.368+0000] {dag.py:4180} INFO - Setting next_dagrun for example_branch_dop_operator_v3 to 2024-12-15 20:04:00+00:00, run_after=2024-12-15 20:05:00+00:00
[2024-12-15T20:05:56.437+0000] {processor.py:208} INFO - Processing /home/airflow/.local/lib/python3.12/site-packages/airflow/example_dags/example_branch_python_dop_operator_3.py took 0.348 seconds
[2024-12-15T20:06:29.899+0000] {processor.py:186} INFO - Started process (PID=624) to work on /home/airflow/.local/lib/python3.12/site-packages/airflow/example_dags/example_branch_python_dop_operator_3.py
[2024-12-15T20:06:29.913+0000] {processor.py:914} INFO - Processing file /home/airflow/.local/lib/python3.12/site-packages/airflow/example_dags/example_branch_python_dop_operator_3.py for tasks to queue
[2024-12-15T20:06:29.942+0000] {logging_mixin.py:190} INFO - [2024-12-15T20:06:29.939+0000] {dagbag.py:588} INFO - Filling up the DagBag from /home/airflow/.local/lib/python3.12/site-packages/airflow/example_dags/example_branch_python_dop_operator_3.py
[2024-12-15T20:06:30.032+0000] {processor.py:925} INFO - DAG(s) 'example_branch_dop_operator_v3' retrieved from /home/airflow/.local/lib/python3.12/site-packages/airflow/example_dags/example_branch_python_dop_operator_3.py
[2024-12-15T20:06:30.076+0000] {logging_mixin.py:190} INFO - [2024-12-15T20:06:30.075+0000] {dag.py:3239} INFO - Sync 1 DAGs
[2024-12-15T20:06:30.130+0000] {logging_mixin.py:190} INFO - [2024-12-15T20:06:30.129+0000] {dag.py:4180} INFO - Setting next_dagrun for example_branch_dop_operator_v3 to 2024-12-15 20:05:00+00:00, run_after=2024-12-15 20:06:00+00:00
[2024-12-15T20:06:30.265+0000] {processor.py:208} INFO - Processing /home/airflow/.local/lib/python3.12/site-packages/airflow/example_dags/example_branch_python_dop_operator_3.py took 0.401 seconds
[2024-12-15T20:07:00.457+0000] {processor.py:186} INFO - Started process (PID=689) to work on /home/airflow/.local/lib/python3.12/site-packages/airflow/example_dags/example_branch_python_dop_operator_3.py
[2024-12-15T20:07:00.473+0000] {processor.py:914} INFO - Processing file /home/airflow/.local/lib/python3.12/site-packages/airflow/example_dags/example_branch_python_dop_operator_3.py for tasks to queue
[2024-12-15T20:07:00.488+0000] {logging_mixin.py:190} INFO - [2024-12-15T20:07:00.487+0000] {dagbag.py:588} INFO - Filling up the DagBag from /home/airflow/.local/lib/python3.12/site-packages/airflow/example_dags/example_branch_python_dop_operator_3.py
[2024-12-15T20:07:00.548+0000] {processor.py:925} INFO - DAG(s) 'example_branch_dop_operator_v3' retrieved from /home/airflow/.local/lib/python3.12/site-packages/airflow/example_dags/example_branch_python_dop_operator_3.py
[2024-12-15T20:07:00.618+0000] {logging_mixin.py:190} INFO - [2024-12-15T20:07:00.618+0000] {dag.py:3239} INFO - Sync 1 DAGs
[2024-12-15T20:07:00.743+0000] {logging_mixin.py:190} INFO - [2024-12-15T20:07:00.731+0000] {dag.py:4180} INFO - Setting next_dagrun for example_branch_dop_operator_v3 to 2024-12-15 20:06:00+00:00, run_after=2024-12-15 20:07:00+00:00
[2024-12-15T20:07:00.799+0000] {processor.py:208} INFO - Processing /home/airflow/.local/lib/python3.12/site-packages/airflow/example_dags/example_branch_python_dop_operator_3.py took 0.386 seconds
[2024-12-15T20:16:01.526+0000] {processor.py:186} INFO - Started process (PID=53) to work on /home/airflow/.local/lib/python3.12/site-packages/airflow/example_dags/example_branch_python_dop_operator_3.py
[2024-12-15T20:16:01.533+0000] {processor.py:914} INFO - Processing file /home/airflow/.local/lib/python3.12/site-packages/airflow/example_dags/example_branch_python_dop_operator_3.py for tasks to queue
[2024-12-15T20:16:01.583+0000] {logging_mixin.py:190} INFO - [2024-12-15T20:16:01.558+0000] {dagbag.py:588} INFO - Filling up the DagBag from /home/airflow/.local/lib/python3.12/site-packages/airflow/example_dags/example_branch_python_dop_operator_3.py
[2024-12-15T20:16:01.751+0000] {processor.py:925} INFO - DAG(s) 'example_branch_dop_operator_v3' retrieved from /home/airflow/.local/lib/python3.12/site-packages/airflow/example_dags/example_branch_python_dop_operator_3.py
[2024-12-15T20:16:02.381+0000] {logging_mixin.py:190} INFO - [2024-12-15T20:16:02.380+0000] {dag.py:3239} INFO - Sync 1 DAGs
[2024-12-15T20:16:02.512+0000] {logging_mixin.py:190} INFO - [2024-12-15T20:16:02.511+0000] {dag.py:4180} INFO - Setting next_dagrun for example_branch_dop_operator_v3 to 2024-12-15 20:15:00+00:00, run_after=2024-12-15 20:16:00+00:00
[2024-12-15T20:16:02.595+0000] {processor.py:208} INFO - Processing /home/airflow/.local/lib/python3.12/site-packages/airflow/example_dags/example_branch_python_dop_operator_3.py took 1.185 seconds
[2024-12-15T20:16:51.334+0000] {processor.py:186} INFO - Started process (PID=125) to work on /home/airflow/.local/lib/python3.12/site-packages/airflow/example_dags/example_branch_python_dop_operator_3.py
[2024-12-15T20:16:51.364+0000] {processor.py:914} INFO - Processing file /home/airflow/.local/lib/python3.12/site-packages/airflow/example_dags/example_branch_python_dop_operator_3.py for tasks to queue
[2024-12-15T20:16:51.369+0000] {logging_mixin.py:190} INFO - [2024-12-15T20:16:51.369+0000] {dagbag.py:588} INFO - Filling up the DagBag from /home/airflow/.local/lib/python3.12/site-packages/airflow/example_dags/example_branch_python_dop_operator_3.py
[2024-12-15T20:16:51.466+0000] {processor.py:925} INFO - DAG(s) 'example_branch_dop_operator_v3' retrieved from /home/airflow/.local/lib/python3.12/site-packages/airflow/example_dags/example_branch_python_dop_operator_3.py
[2024-12-15T20:16:51.659+0000] {logging_mixin.py:190} INFO - [2024-12-15T20:16:51.659+0000] {dag.py:3239} INFO - Sync 1 DAGs
[2024-12-15T20:16:51.902+0000] {logging_mixin.py:190} INFO - [2024-12-15T20:16:51.893+0000] {dag.py:4180} INFO - Setting next_dagrun for example_branch_dop_operator_v3 to 2024-12-15 20:15:00+00:00, run_after=2024-12-15 20:16:00+00:00
[2024-12-15T20:16:52.051+0000] {processor.py:208} INFO - Processing /home/airflow/.local/lib/python3.12/site-packages/airflow/example_dags/example_branch_python_dop_operator_3.py took 0.738 seconds
[2024-12-15T20:17:22.321+0000] {processor.py:186} INFO - Started process (PID=188) to work on /home/airflow/.local/lib/python3.12/site-packages/airflow/example_dags/example_branch_python_dop_operator_3.py
[2024-12-15T20:17:22.326+0000] {processor.py:914} INFO - Processing file /home/airflow/.local/lib/python3.12/site-packages/airflow/example_dags/example_branch_python_dop_operator_3.py for tasks to queue
[2024-12-15T20:17:22.343+0000] {logging_mixin.py:190} INFO - [2024-12-15T20:17:22.341+0000] {dagbag.py:588} INFO - Filling up the DagBag from /home/airflow/.local/lib/python3.12/site-packages/airflow/example_dags/example_branch_python_dop_operator_3.py
[2024-12-15T20:17:22.404+0000] {processor.py:925} INFO - DAG(s) 'example_branch_dop_operator_v3' retrieved from /home/airflow/.local/lib/python3.12/site-packages/airflow/example_dags/example_branch_python_dop_operator_3.py
[2024-12-15T20:17:22.517+0000] {logging_mixin.py:190} INFO - [2024-12-15T20:17:22.516+0000] {dag.py:3239} INFO - Sync 1 DAGs
[2024-12-15T20:17:22.664+0000] {logging_mixin.py:190} INFO - [2024-12-15T20:17:22.664+0000] {dag.py:4180} INFO - Setting next_dagrun for example_branch_dop_operator_v3 to 2024-12-15 20:16:00+00:00, run_after=2024-12-15 20:17:00+00:00
[2024-12-15T20:17:22.767+0000] {processor.py:208} INFO - Processing /home/airflow/.local/lib/python3.12/site-packages/airflow/example_dags/example_branch_python_dop_operator_3.py took 0.492 seconds
[2024-12-15T20:17:54.457+0000] {processor.py:186} INFO - Started process (PID=251) to work on /home/airflow/.local/lib/python3.12/site-packages/airflow/example_dags/example_branch_python_dop_operator_3.py
[2024-12-15T20:17:54.470+0000] {processor.py:914} INFO - Processing file /home/airflow/.local/lib/python3.12/site-packages/airflow/example_dags/example_branch_python_dop_operator_3.py for tasks to queue
[2024-12-15T20:17:54.501+0000] {logging_mixin.py:190} INFO - [2024-12-15T20:17:54.500+0000] {dagbag.py:588} INFO - Filling up the DagBag from /home/airflow/.local/lib/python3.12/site-packages/airflow/example_dags/example_branch_python_dop_operator_3.py
[2024-12-15T20:17:54.675+0000] {processor.py:925} INFO - DAG(s) 'example_branch_dop_operator_v3' retrieved from /home/airflow/.local/lib/python3.12/site-packages/airflow/example_dags/example_branch_python_dop_operator_3.py
[2024-12-15T20:17:54.880+0000] {logging_mixin.py:190} INFO - [2024-12-15T20:17:54.879+0000] {dag.py:3239} INFO - Sync 1 DAGs
[2024-12-15T20:17:55.331+0000] {logging_mixin.py:190} INFO - [2024-12-15T20:17:55.331+0000] {dag.py:4180} INFO - Setting next_dagrun for example_branch_dop_operator_v3 to 2024-12-15 20:16:00+00:00, run_after=2024-12-15 20:17:00+00:00
[2024-12-15T20:17:55.450+0000] {processor.py:208} INFO - Processing /home/airflow/.local/lib/python3.12/site-packages/airflow/example_dags/example_branch_python_dop_operator_3.py took 1.914 seconds
[2024-12-15T20:18:26.245+0000] {processor.py:186} INFO - Started process (PID=315) to work on /home/airflow/.local/lib/python3.12/site-packages/airflow/example_dags/example_branch_python_dop_operator_3.py
[2024-12-15T20:18:26.264+0000] {processor.py:914} INFO - Processing file /home/airflow/.local/lib/python3.12/site-packages/airflow/example_dags/example_branch_python_dop_operator_3.py for tasks to queue
[2024-12-15T20:18:26.295+0000] {logging_mixin.py:190} INFO - [2024-12-15T20:18:26.294+0000] {dagbag.py:588} INFO - Filling up the DagBag from /home/airflow/.local/lib/python3.12/site-packages/airflow/example_dags/example_branch_python_dop_operator_3.py
[2024-12-15T20:18:26.365+0000] {processor.py:925} INFO - DAG(s) 'example_branch_dop_operator_v3' retrieved from /home/airflow/.local/lib/python3.12/site-packages/airflow/example_dags/example_branch_python_dop_operator_3.py
[2024-12-15T20:18:26.428+0000] {logging_mixin.py:190} INFO - [2024-12-15T20:18:26.427+0000] {dag.py:3239} INFO - Sync 1 DAGs
[2024-12-15T20:18:26.573+0000] {logging_mixin.py:190} INFO - [2024-12-15T20:18:26.572+0000] {dag.py:4180} INFO - Setting next_dagrun for example_branch_dop_operator_v3 to 2024-12-15 20:17:00+00:00, run_after=2024-12-15 20:18:00+00:00
[2024-12-15T20:18:26.640+0000] {processor.py:208} INFO - Processing /home/airflow/.local/lib/python3.12/site-packages/airflow/example_dags/example_branch_python_dop_operator_3.py took 0.610 seconds
[2024-12-15T20:18:59.927+0000] {processor.py:186} INFO - Started process (PID=365) to work on /home/airflow/.local/lib/python3.12/site-packages/airflow/example_dags/example_branch_python_dop_operator_3.py
[2024-12-15T20:18:59.933+0000] {processor.py:914} INFO - Processing file /home/airflow/.local/lib/python3.12/site-packages/airflow/example_dags/example_branch_python_dop_operator_3.py for tasks to queue
[2024-12-15T20:18:59.938+0000] {logging_mixin.py:190} INFO - [2024-12-15T20:18:59.938+0000] {dagbag.py:588} INFO - Filling up the DagBag from /home/airflow/.local/lib/python3.12/site-packages/airflow/example_dags/example_branch_python_dop_operator_3.py
[2024-12-15T20:18:59.962+0000] {processor.py:925} INFO - DAG(s) 'example_branch_dop_operator_v3' retrieved from /home/airflow/.local/lib/python3.12/site-packages/airflow/example_dags/example_branch_python_dop_operator_3.py
[2024-12-15T20:18:59.989+0000] {logging_mixin.py:190} INFO - [2024-12-15T20:18:59.989+0000] {dag.py:3239} INFO - Sync 1 DAGs
[2024-12-15T20:19:00.033+0000] {logging_mixin.py:190} INFO - [2024-12-15T20:19:00.033+0000] {dag.py:4180} INFO - Setting next_dagrun for example_branch_dop_operator_v3 to 2024-12-15 20:18:00+00:00, run_after=2024-12-15 20:19:00+00:00
[2024-12-15T20:19:00.082+0000] {processor.py:208} INFO - Processing /home/airflow/.local/lib/python3.12/site-packages/airflow/example_dags/example_branch_python_dop_operator_3.py took 0.168 seconds
[2024-12-15T20:20:39.399+0000] {processor.py:186} INFO - Started process (PID=440) to work on /home/airflow/.local/lib/python3.12/site-packages/airflow/example_dags/example_branch_python_dop_operator_3.py
[2024-12-15T20:20:39.401+0000] {processor.py:914} INFO - Processing file /home/airflow/.local/lib/python3.12/site-packages/airflow/example_dags/example_branch_python_dop_operator_3.py for tasks to queue
[2024-12-15T20:20:39.440+0000] {logging_mixin.py:190} INFO - [2024-12-15T20:20:39.428+0000] {dagbag.py:588} INFO - Filling up the DagBag from /home/airflow/.local/lib/python3.12/site-packages/airflow/example_dags/example_branch_python_dop_operator_3.py
[2024-12-15T20:20:39.982+0000] {processor.py:925} INFO - DAG(s) 'example_branch_dop_operator_v3' retrieved from /home/airflow/.local/lib/python3.12/site-packages/airflow/example_dags/example_branch_python_dop_operator_3.py
[2024-12-15T20:20:40.542+0000] {logging_mixin.py:190} INFO - [2024-12-15T20:20:40.542+0000] {dag.py:3239} INFO - Sync 1 DAGs
[2024-12-15T20:20:40.943+0000] {logging_mixin.py:190} INFO - [2024-12-15T20:20:40.942+0000] {dag.py:4180} INFO - Setting next_dagrun for example_branch_dop_operator_v3 to 2024-12-15 20:19:00+00:00, run_after=2024-12-15 20:20:00+00:00
[2024-12-15T20:20:41.518+0000] {processor.py:208} INFO - Processing /home/airflow/.local/lib/python3.12/site-packages/airflow/example_dags/example_branch_python_dop_operator_3.py took 2.154 seconds
[2024-12-15T20:21:16.045+0000] {processor.py:186} INFO - Started process (PID=504) to work on /home/airflow/.local/lib/python3.12/site-packages/airflow/example_dags/example_branch_python_dop_operator_3.py
[2024-12-15T20:21:16.051+0000] {processor.py:914} INFO - Processing file /home/airflow/.local/lib/python3.12/site-packages/airflow/example_dags/example_branch_python_dop_operator_3.py for tasks to queue
[2024-12-15T20:21:16.058+0000] {logging_mixin.py:190} INFO - [2024-12-15T20:21:16.056+0000] {dagbag.py:588} INFO - Filling up the DagBag from /home/airflow/.local/lib/python3.12/site-packages/airflow/example_dags/example_branch_python_dop_operator_3.py
[2024-12-15T20:21:16.106+0000] {processor.py:925} INFO - DAG(s) 'example_branch_dop_operator_v3' retrieved from /home/airflow/.local/lib/python3.12/site-packages/airflow/example_dags/example_branch_python_dop_operator_3.py
[2024-12-15T20:21:16.168+0000] {logging_mixin.py:190} INFO - [2024-12-15T20:21:16.166+0000] {dag.py:3239} INFO - Sync 1 DAGs
[2024-12-15T20:21:16.269+0000] {logging_mixin.py:190} INFO - [2024-12-15T20:21:16.269+0000] {dag.py:4180} INFO - Setting next_dagrun for example_branch_dop_operator_v3 to 2024-12-15 20:20:00+00:00, run_after=2024-12-15 20:21:00+00:00
[2024-12-15T20:21:16.328+0000] {processor.py:208} INFO - Processing /home/airflow/.local/lib/python3.12/site-packages/airflow/example_dags/example_branch_python_dop_operator_3.py took 0.315 seconds
[2024-12-15T20:21:46.918+0000] {processor.py:186} INFO - Started process (PID=570) to work on /home/airflow/.local/lib/python3.12/site-packages/airflow/example_dags/example_branch_python_dop_operator_3.py
[2024-12-15T20:21:46.921+0000] {processor.py:914} INFO - Processing file /home/airflow/.local/lib/python3.12/site-packages/airflow/example_dags/example_branch_python_dop_operator_3.py for tasks to queue
[2024-12-15T20:21:46.924+0000] {logging_mixin.py:190} INFO - [2024-12-15T20:21:46.923+0000] {dagbag.py:588} INFO - Filling up the DagBag from /home/airflow/.local/lib/python3.12/site-packages/airflow/example_dags/example_branch_python_dop_operator_3.py
[2024-12-15T20:21:46.948+0000] {processor.py:925} INFO - DAG(s) 'example_branch_dop_operator_v3' retrieved from /home/airflow/.local/lib/python3.12/site-packages/airflow/example_dags/example_branch_python_dop_operator_3.py
[2024-12-15T20:21:46.974+0000] {logging_mixin.py:190} INFO - [2024-12-15T20:21:46.973+0000] {dag.py:3239} INFO - Sync 1 DAGs
[2024-12-15T20:21:47.014+0000] {logging_mixin.py:190} INFO - [2024-12-15T20:21:47.014+0000] {dag.py:4180} INFO - Setting next_dagrun for example_branch_dop_operator_v3 to 2024-12-15 20:20:00+00:00, run_after=2024-12-15 20:21:00+00:00
[2024-12-15T20:21:47.039+0000] {processor.py:208} INFO - Processing /home/airflow/.local/lib/python3.12/site-packages/airflow/example_dags/example_branch_python_dop_operator_3.py took 0.137 seconds
[2024-12-15T20:22:20.355+0000] {processor.py:186} INFO - Started process (PID=629) to work on /home/airflow/.local/lib/python3.12/site-packages/airflow/example_dags/example_branch_python_dop_operator_3.py
[2024-12-15T20:22:20.360+0000] {processor.py:914} INFO - Processing file /home/airflow/.local/lib/python3.12/site-packages/airflow/example_dags/example_branch_python_dop_operator_3.py for tasks to queue
[2024-12-15T20:22:20.367+0000] {logging_mixin.py:190} INFO - [2024-12-15T20:22:20.367+0000] {dagbag.py:588} INFO - Filling up the DagBag from /home/airflow/.local/lib/python3.12/site-packages/airflow/example_dags/example_branch_python_dop_operator_3.py
[2024-12-15T20:22:20.403+0000] {processor.py:925} INFO - DAG(s) 'example_branch_dop_operator_v3' retrieved from /home/airflow/.local/lib/python3.12/site-packages/airflow/example_dags/example_branch_python_dop_operator_3.py
[2024-12-15T20:22:20.460+0000] {logging_mixin.py:190} INFO - [2024-12-15T20:22:20.459+0000] {dag.py:3239} INFO - Sync 1 DAGs
[2024-12-15T20:22:20.554+0000] {logging_mixin.py:190} INFO - [2024-12-15T20:22:20.554+0000] {dag.py:4180} INFO - Setting next_dagrun for example_branch_dop_operator_v3 to 2024-12-15 20:21:00+00:00, run_after=2024-12-15 20:22:00+00:00
[2024-12-15T20:22:20.587+0000] {processor.py:208} INFO - Processing /home/airflow/.local/lib/python3.12/site-packages/airflow/example_dags/example_branch_python_dop_operator_3.py took 0.246 seconds
[2024-12-15T20:22:52.078+0000] {processor.py:186} INFO - Started process (PID=694) to work on /home/airflow/.local/lib/python3.12/site-packages/airflow/example_dags/example_branch_python_dop_operator_3.py
[2024-12-15T20:22:52.080+0000] {processor.py:914} INFO - Processing file /home/airflow/.local/lib/python3.12/site-packages/airflow/example_dags/example_branch_python_dop_operator_3.py for tasks to queue
[2024-12-15T20:22:52.083+0000] {logging_mixin.py:190} INFO - [2024-12-15T20:22:52.082+0000] {dagbag.py:588} INFO - Filling up the DagBag from /home/airflow/.local/lib/python3.12/site-packages/airflow/example_dags/example_branch_python_dop_operator_3.py
[2024-12-15T20:22:52.104+0000] {processor.py:925} INFO - DAG(s) 'example_branch_dop_operator_v3' retrieved from /home/airflow/.local/lib/python3.12/site-packages/airflow/example_dags/example_branch_python_dop_operator_3.py
[2024-12-15T20:22:52.134+0000] {logging_mixin.py:190} INFO - [2024-12-15T20:22:52.134+0000] {dag.py:3239} INFO - Sync 1 DAGs
[2024-12-15T20:22:52.169+0000] {logging_mixin.py:190} INFO - [2024-12-15T20:22:52.169+0000] {dag.py:4180} INFO - Setting next_dagrun for example_branch_dop_operator_v3 to 2024-12-15 20:21:00+00:00, run_after=2024-12-15 20:22:00+00:00
[2024-12-15T20:22:52.192+0000] {processor.py:208} INFO - Processing /home/airflow/.local/lib/python3.12/site-packages/airflow/example_dags/example_branch_python_dop_operator_3.py took 0.126 seconds
[2024-12-15T20:23:24.570+0000] {processor.py:186} INFO - Started process (PID=759) to work on /home/airflow/.local/lib/python3.12/site-packages/airflow/example_dags/example_branch_python_dop_operator_3.py
[2024-12-15T20:23:24.580+0000] {processor.py:914} INFO - Processing file /home/airflow/.local/lib/python3.12/site-packages/airflow/example_dags/example_branch_python_dop_operator_3.py for tasks to queue
[2024-12-15T20:23:24.597+0000] {logging_mixin.py:190} INFO - [2024-12-15T20:23:24.596+0000] {dagbag.py:588} INFO - Filling up the DagBag from /home/airflow/.local/lib/python3.12/site-packages/airflow/example_dags/example_branch_python_dop_operator_3.py
[2024-12-15T20:23:24.825+0000] {processor.py:925} INFO - DAG(s) 'example_branch_dop_operator_v3' retrieved from /home/airflow/.local/lib/python3.12/site-packages/airflow/example_dags/example_branch_python_dop_operator_3.py
[2024-12-15T20:23:24.987+0000] {logging_mixin.py:190} INFO - [2024-12-15T20:23:24.986+0000] {dag.py:3239} INFO - Sync 1 DAGs
[2024-12-15T20:23:25.225+0000] {logging_mixin.py:190} INFO - [2024-12-15T20:23:25.168+0000] {dag.py:4180} INFO - Setting next_dagrun for example_branch_dop_operator_v3 to 2024-12-15 20:22:00+00:00, run_after=2024-12-15 20:23:00+00:00
[2024-12-15T20:23:25.317+0000] {processor.py:208} INFO - Processing /home/airflow/.local/lib/python3.12/site-packages/airflow/example_dags/example_branch_python_dop_operator_3.py took 0.796 seconds
[2024-12-15T20:28:51.421+0000] {processor.py:186} INFO - Started process (PID=860) to work on /home/airflow/.local/lib/python3.12/site-packages/airflow/example_dags/example_branch_python_dop_operator_3.py
[2024-12-15T20:28:51.435+0000] {processor.py:914} INFO - Processing file /home/airflow/.local/lib/python3.12/site-packages/airflow/example_dags/example_branch_python_dop_operator_3.py for tasks to queue
[2024-12-15T20:28:51.461+0000] {logging_mixin.py:190} INFO - [2024-12-15T20:28:51.453+0000] {dagbag.py:588} INFO - Filling up the DagBag from /home/airflow/.local/lib/python3.12/site-packages/airflow/example_dags/example_branch_python_dop_operator_3.py
[2024-12-15T20:28:51.653+0000] {processor.py:925} INFO - DAG(s) 'example_branch_dop_operator_v3' retrieved from /home/airflow/.local/lib/python3.12/site-packages/airflow/example_dags/example_branch_python_dop_operator_3.py
[2024-12-15T20:28:51.756+0000] {logging_mixin.py:190} INFO - [2024-12-15T20:28:51.756+0000] {dag.py:3239} INFO - Sync 1 DAGs
[2024-12-15T20:28:51.878+0000] {logging_mixin.py:190} INFO - [2024-12-15T20:28:51.877+0000] {dag.py:4180} INFO - Setting next_dagrun for example_branch_dop_operator_v3 to 2024-12-15 20:27:00+00:00, run_after=2024-12-15 20:28:00+00:00
[2024-12-15T20:28:52.005+0000] {processor.py:208} INFO - Processing /home/airflow/.local/lib/python3.12/site-packages/airflow/example_dags/example_branch_python_dop_operator_3.py took 0.615 seconds
[2024-12-15T20:29:43.329+0000] {processor.py:186} INFO - Started process (PID=930) to work on /home/airflow/.local/lib/python3.12/site-packages/airflow/example_dags/example_branch_python_dop_operator_3.py
[2024-12-15T20:29:43.381+0000] {processor.py:914} INFO - Processing file /home/airflow/.local/lib/python3.12/site-packages/airflow/example_dags/example_branch_python_dop_operator_3.py for tasks to queue
[2024-12-15T20:29:43.422+0000] {logging_mixin.py:190} INFO - [2024-12-15T20:29:43.409+0000] {dagbag.py:588} INFO - Filling up the DagBag from /home/airflow/.local/lib/python3.12/site-packages/airflow/example_dags/example_branch_python_dop_operator_3.py
[2024-12-15T20:29:43.624+0000] {processor.py:925} INFO - DAG(s) 'example_branch_dop_operator_v3' retrieved from /home/airflow/.local/lib/python3.12/site-packages/airflow/example_dags/example_branch_python_dop_operator_3.py
[2024-12-15T20:29:44.143+0000] {logging_mixin.py:190} INFO - [2024-12-15T20:29:44.137+0000] {dag.py:3239} INFO - Sync 1 DAGs
[2024-12-15T20:29:44.856+0000] {logging_mixin.py:190} INFO - [2024-12-15T20:29:44.847+0000] {dag.py:4180} INFO - Setting next_dagrun for example_branch_dop_operator_v3 to 2024-12-15 20:28:00+00:00, run_after=2024-12-15 20:29:00+00:00
[2024-12-15T20:29:45.489+0000] {processor.py:208} INFO - Processing /home/airflow/.local/lib/python3.12/site-packages/airflow/example_dags/example_branch_python_dop_operator_3.py took 2.458 seconds
[2024-12-15T20:30:33.254+0000] {processor.py:186} INFO - Started process (PID=974) to work on /home/airflow/.local/lib/python3.12/site-packages/airflow/example_dags/example_branch_python_dop_operator_3.py
[2024-12-15T20:30:33.262+0000] {processor.py:914} INFO - Processing file /home/airflow/.local/lib/python3.12/site-packages/airflow/example_dags/example_branch_python_dop_operator_3.py for tasks to queue
[2024-12-15T20:30:33.272+0000] {logging_mixin.py:190} INFO - [2024-12-15T20:30:33.271+0000] {dagbag.py:588} INFO - Filling up the DagBag from /home/airflow/.local/lib/python3.12/site-packages/airflow/example_dags/example_branch_python_dop_operator_3.py
[2024-12-15T20:30:33.315+0000] {processor.py:925} INFO - DAG(s) 'example_branch_dop_operator_v3' retrieved from /home/airflow/.local/lib/python3.12/site-packages/airflow/example_dags/example_branch_python_dop_operator_3.py
[2024-12-15T20:30:33.399+0000] {logging_mixin.py:190} INFO - [2024-12-15T20:30:33.398+0000] {dag.py:3239} INFO - Sync 1 DAGs
[2024-12-15T20:30:33.495+0000] {logging_mixin.py:190} INFO - [2024-12-15T20:30:33.495+0000] {dag.py:4180} INFO - Setting next_dagrun for example_branch_dop_operator_v3 to 2024-12-15 20:29:00+00:00, run_after=2024-12-15 20:30:00+00:00
[2024-12-15T20:30:33.559+0000] {processor.py:208} INFO - Processing /home/airflow/.local/lib/python3.12/site-packages/airflow/example_dags/example_branch_python_dop_operator_3.py took 0.322 seconds
[2024-12-15T20:31:03.839+0000] {processor.py:186} INFO - Started process (PID=1039) to work on /home/airflow/.local/lib/python3.12/site-packages/airflow/example_dags/example_branch_python_dop_operator_3.py
[2024-12-15T20:31:03.844+0000] {processor.py:914} INFO - Processing file /home/airflow/.local/lib/python3.12/site-packages/airflow/example_dags/example_branch_python_dop_operator_3.py for tasks to queue
[2024-12-15T20:31:03.855+0000] {logging_mixin.py:190} INFO - [2024-12-15T20:31:03.851+0000] {dagbag.py:588} INFO - Filling up the DagBag from /home/airflow/.local/lib/python3.12/site-packages/airflow/example_dags/example_branch_python_dop_operator_3.py
[2024-12-15T20:31:03.898+0000] {processor.py:925} INFO - DAG(s) 'example_branch_dop_operator_v3' retrieved from /home/airflow/.local/lib/python3.12/site-packages/airflow/example_dags/example_branch_python_dop_operator_3.py
[2024-12-15T20:31:03.951+0000] {logging_mixin.py:190} INFO - [2024-12-15T20:31:03.951+0000] {dag.py:3239} INFO - Sync 1 DAGs
[2024-12-15T20:31:04.019+0000] {logging_mixin.py:190} INFO - [2024-12-15T20:31:04.019+0000] {dag.py:4180} INFO - Setting next_dagrun for example_branch_dop_operator_v3 to 2024-12-15 20:30:00+00:00, run_after=2024-12-15 20:31:00+00:00
[2024-12-15T20:31:04.098+0000] {processor.py:208} INFO - Processing /home/airflow/.local/lib/python3.12/site-packages/airflow/example_dags/example_branch_python_dop_operator_3.py took 0.306 seconds
[2024-12-15T20:31:36.504+0000] {processor.py:186} INFO - Started process (PID=1104) to work on /home/airflow/.local/lib/python3.12/site-packages/airflow/example_dags/example_branch_python_dop_operator_3.py
[2024-12-15T20:31:36.507+0000] {processor.py:914} INFO - Processing file /home/airflow/.local/lib/python3.12/site-packages/airflow/example_dags/example_branch_python_dop_operator_3.py for tasks to queue
[2024-12-15T20:31:36.509+0000] {logging_mixin.py:190} INFO - [2024-12-15T20:31:36.508+0000] {dagbag.py:588} INFO - Filling up the DagBag from /home/airflow/.local/lib/python3.12/site-packages/airflow/example_dags/example_branch_python_dop_operator_3.py
[2024-12-15T20:31:36.541+0000] {processor.py:925} INFO - DAG(s) 'example_branch_dop_operator_v3' retrieved from /home/airflow/.local/lib/python3.12/site-packages/airflow/example_dags/example_branch_python_dop_operator_3.py
[2024-12-15T20:31:36.594+0000] {logging_mixin.py:190} INFO - [2024-12-15T20:31:36.593+0000] {dag.py:3239} INFO - Sync 1 DAGs
[2024-12-15T20:31:36.665+0000] {logging_mixin.py:190} INFO - [2024-12-15T20:31:36.664+0000] {dag.py:4180} INFO - Setting next_dagrun for example_branch_dop_operator_v3 to 2024-12-15 20:30:00+00:00, run_after=2024-12-15 20:31:00+00:00
[2024-12-15T20:31:36.728+0000] {processor.py:208} INFO - Processing /home/airflow/.local/lib/python3.12/site-packages/airflow/example_dags/example_branch_python_dop_operator_3.py took 0.232 seconds
[2024-12-15T20:32:54.154+0000] {processor.py:186} INFO - Started process (PID=1125) to work on /home/airflow/.local/lib/python3.12/site-packages/airflow/example_dags/example_branch_python_dop_operator_3.py
[2024-12-15T20:32:54.162+0000] {processor.py:914} INFO - Processing file /home/airflow/.local/lib/python3.12/site-packages/airflow/example_dags/example_branch_python_dop_operator_3.py for tasks to queue
[2024-12-15T20:32:54.210+0000] {logging_mixin.py:190} INFO - [2024-12-15T20:32:54.209+0000] {dagbag.py:588} INFO - Filling up the DagBag from /home/airflow/.local/lib/python3.12/site-packages/airflow/example_dags/example_branch_python_dop_operator_3.py
[2024-12-15T20:32:54.246+0000] {processor.py:925} INFO - DAG(s) 'example_branch_dop_operator_v3' retrieved from /home/airflow/.local/lib/python3.12/site-packages/airflow/example_dags/example_branch_python_dop_operator_3.py
[2024-12-15T20:32:54.300+0000] {logging_mixin.py:190} INFO - [2024-12-15T20:32:54.300+0000] {dag.py:3239} INFO - Sync 1 DAGs
[2024-12-15T20:32:54.358+0000] {logging_mixin.py:190} INFO - [2024-12-15T20:32:54.358+0000] {dag.py:4180} INFO - Setting next_dagrun for example_branch_dop_operator_v3 to 2024-12-15 20:31:00+00:00, run_after=2024-12-15 20:32:00+00:00
[2024-12-15T20:32:54.402+0000] {processor.py:208} INFO - Processing /home/airflow/.local/lib/python3.12/site-packages/airflow/example_dags/example_branch_python_dop_operator_3.py took 0.287 seconds
[2024-12-15T20:33:26.457+0000] {processor.py:186} INFO - Started process (PID=1191) to work on /home/airflow/.local/lib/python3.12/site-packages/airflow/example_dags/example_branch_python_dop_operator_3.py
[2024-12-15T20:33:26.460+0000] {processor.py:914} INFO - Processing file /home/airflow/.local/lib/python3.12/site-packages/airflow/example_dags/example_branch_python_dop_operator_3.py for tasks to queue
[2024-12-15T20:33:26.463+0000] {logging_mixin.py:190} INFO - [2024-12-15T20:33:26.463+0000] {dagbag.py:588} INFO - Filling up the DagBag from /home/airflow/.local/lib/python3.12/site-packages/airflow/example_dags/example_branch_python_dop_operator_3.py
[2024-12-15T20:33:26.484+0000] {processor.py:925} INFO - DAG(s) 'example_branch_dop_operator_v3' retrieved from /home/airflow/.local/lib/python3.12/site-packages/airflow/example_dags/example_branch_python_dop_operator_3.py
[2024-12-15T20:33:26.522+0000] {logging_mixin.py:190} INFO - [2024-12-15T20:33:26.522+0000] {dag.py:3239} INFO - Sync 1 DAGs
[2024-12-15T20:33:26.576+0000] {logging_mixin.py:190} INFO - [2024-12-15T20:33:26.575+0000] {dag.py:4180} INFO - Setting next_dagrun for example_branch_dop_operator_v3 to 2024-12-15 20:32:00+00:00, run_after=2024-12-15 20:33:00+00:00
[2024-12-15T20:33:26.615+0000] {processor.py:208} INFO - Processing /home/airflow/.local/lib/python3.12/site-packages/airflow/example_dags/example_branch_python_dop_operator_3.py took 0.175 seconds
[2024-12-15T20:33:58.474+0000] {processor.py:186} INFO - Started process (PID=1256) to work on /home/airflow/.local/lib/python3.12/site-packages/airflow/example_dags/example_branch_python_dop_operator_3.py
[2024-12-15T20:33:58.476+0000] {processor.py:914} INFO - Processing file /home/airflow/.local/lib/python3.12/site-packages/airflow/example_dags/example_branch_python_dop_operator_3.py for tasks to queue
[2024-12-15T20:33:58.479+0000] {logging_mixin.py:190} INFO - [2024-12-15T20:33:58.478+0000] {dagbag.py:588} INFO - Filling up the DagBag from /home/airflow/.local/lib/python3.12/site-packages/airflow/example_dags/example_branch_python_dop_operator_3.py
[2024-12-15T20:33:58.500+0000] {processor.py:925} INFO - DAG(s) 'example_branch_dop_operator_v3' retrieved from /home/airflow/.local/lib/python3.12/site-packages/airflow/example_dags/example_branch_python_dop_operator_3.py
[2024-12-15T20:33:58.543+0000] {logging_mixin.py:190} INFO - [2024-12-15T20:33:58.543+0000] {dag.py:3239} INFO - Sync 1 DAGs
[2024-12-15T20:33:58.585+0000] {logging_mixin.py:190} INFO - [2024-12-15T20:33:58.585+0000] {dag.py:4180} INFO - Setting next_dagrun for example_branch_dop_operator_v3 to 2024-12-15 20:32:00+00:00, run_after=2024-12-15 20:33:00+00:00
[2024-12-15T20:33:58.627+0000] {processor.py:208} INFO - Processing /home/airflow/.local/lib/python3.12/site-packages/airflow/example_dags/example_branch_python_dop_operator_3.py took 0.166 seconds
[2024-12-15T20:34:29.959+0000] {processor.py:186} INFO - Started process (PID=1322) to work on /home/airflow/.local/lib/python3.12/site-packages/airflow/example_dags/example_branch_python_dop_operator_3.py
[2024-12-15T20:34:29.961+0000] {processor.py:914} INFO - Processing file /home/airflow/.local/lib/python3.12/site-packages/airflow/example_dags/example_branch_python_dop_operator_3.py for tasks to queue
[2024-12-15T20:34:29.964+0000] {logging_mixin.py:190} INFO - [2024-12-15T20:34:29.963+0000] {dagbag.py:588} INFO - Filling up the DagBag from /home/airflow/.local/lib/python3.12/site-packages/airflow/example_dags/example_branch_python_dop_operator_3.py
[2024-12-15T20:34:29.980+0000] {processor.py:925} INFO - DAG(s) 'example_branch_dop_operator_v3' retrieved from /home/airflow/.local/lib/python3.12/site-packages/airflow/example_dags/example_branch_python_dop_operator_3.py
[2024-12-15T20:34:30.008+0000] {logging_mixin.py:190} INFO - [2024-12-15T20:34:30.008+0000] {dag.py:3239} INFO - Sync 1 DAGs
[2024-12-15T20:34:30.061+0000] {logging_mixin.py:190} INFO - [2024-12-15T20:34:30.061+0000] {dag.py:4180} INFO - Setting next_dagrun for example_branch_dop_operator_v3 to 2024-12-15 20:33:00+00:00, run_after=2024-12-15 20:34:00+00:00
[2024-12-15T20:34:30.129+0000] {processor.py:208} INFO - Processing /home/airflow/.local/lib/python3.12/site-packages/airflow/example_dags/example_branch_python_dop_operator_3.py took 0.179 seconds
[2024-12-15T20:35:03.543+0000] {processor.py:186} INFO - Started process (PID=1386) to work on /home/airflow/.local/lib/python3.12/site-packages/airflow/example_dags/example_branch_python_dop_operator_3.py
[2024-12-15T20:35:03.545+0000] {processor.py:914} INFO - Processing file /home/airflow/.local/lib/python3.12/site-packages/airflow/example_dags/example_branch_python_dop_operator_3.py for tasks to queue
[2024-12-15T20:35:03.547+0000] {logging_mixin.py:190} INFO - [2024-12-15T20:35:03.547+0000] {dagbag.py:588} INFO - Filling up the DagBag from /home/airflow/.local/lib/python3.12/site-packages/airflow/example_dags/example_branch_python_dop_operator_3.py
[2024-12-15T20:35:03.565+0000] {processor.py:925} INFO - DAG(s) 'example_branch_dop_operator_v3' retrieved from /home/airflow/.local/lib/python3.12/site-packages/airflow/example_dags/example_branch_python_dop_operator_3.py
[2024-12-15T20:35:03.590+0000] {logging_mixin.py:190} INFO - [2024-12-15T20:35:03.590+0000] {dag.py:3239} INFO - Sync 1 DAGs
[2024-12-15T20:35:03.637+0000] {logging_mixin.py:190} INFO - [2024-12-15T20:35:03.637+0000] {dag.py:4180} INFO - Setting next_dagrun for example_branch_dop_operator_v3 to 2024-12-15 20:34:00+00:00, run_after=2024-12-15 20:35:00+00:00
[2024-12-15T20:35:03.679+0000] {processor.py:208} INFO - Processing /home/airflow/.local/lib/python3.12/site-packages/airflow/example_dags/example_branch_python_dop_operator_3.py took 0.158 seconds
[2024-12-15T20:35:34.247+0000] {processor.py:186} INFO - Started process (PID=1449) to work on /home/airflow/.local/lib/python3.12/site-packages/airflow/example_dags/example_branch_python_dop_operator_3.py
[2024-12-15T20:35:34.254+0000] {processor.py:914} INFO - Processing file /home/airflow/.local/lib/python3.12/site-packages/airflow/example_dags/example_branch_python_dop_operator_3.py for tasks to queue
[2024-12-15T20:35:34.268+0000] {logging_mixin.py:190} INFO - [2024-12-15T20:35:34.260+0000] {dagbag.py:588} INFO - Filling up the DagBag from /home/airflow/.local/lib/python3.12/site-packages/airflow/example_dags/example_branch_python_dop_operator_3.py
[2024-12-15T20:35:34.435+0000] {processor.py:925} INFO - DAG(s) 'example_branch_dop_operator_v3' retrieved from /home/airflow/.local/lib/python3.12/site-packages/airflow/example_dags/example_branch_python_dop_operator_3.py
[2024-12-15T20:35:34.575+0000] {logging_mixin.py:190} INFO - [2024-12-15T20:35:34.575+0000] {dag.py:3239} INFO - Sync 1 DAGs
[2024-12-15T20:35:34.770+0000] {logging_mixin.py:190} INFO - [2024-12-15T20:35:34.769+0000] {dag.py:4180} INFO - Setting next_dagrun for example_branch_dop_operator_v3 to 2024-12-15 20:34:00+00:00, run_after=2024-12-15 20:35:00+00:00
[2024-12-15T20:35:34.841+0000] {processor.py:208} INFO - Processing /home/airflow/.local/lib/python3.12/site-packages/airflow/example_dags/example_branch_python_dop_operator_3.py took 0.660 seconds
[2024-12-15T20:36:04.902+0000] {processor.py:186} INFO - Started process (PID=1512) to work on /home/airflow/.local/lib/python3.12/site-packages/airflow/example_dags/example_branch_python_dop_operator_3.py
[2024-12-15T20:36:04.906+0000] {processor.py:914} INFO - Processing file /home/airflow/.local/lib/python3.12/site-packages/airflow/example_dags/example_branch_python_dop_operator_3.py for tasks to queue
[2024-12-15T20:36:04.910+0000] {logging_mixin.py:190} INFO - [2024-12-15T20:36:04.909+0000] {dagbag.py:588} INFO - Filling up the DagBag from /home/airflow/.local/lib/python3.12/site-packages/airflow/example_dags/example_branch_python_dop_operator_3.py
[2024-12-15T20:36:04.937+0000] {processor.py:925} INFO - DAG(s) 'example_branch_dop_operator_v3' retrieved from /home/airflow/.local/lib/python3.12/site-packages/airflow/example_dags/example_branch_python_dop_operator_3.py
[2024-12-15T20:36:05.011+0000] {logging_mixin.py:190} INFO - [2024-12-15T20:36:05.011+0000] {dag.py:3239} INFO - Sync 1 DAGs
[2024-12-15T20:36:05.097+0000] {logging_mixin.py:190} INFO - [2024-12-15T20:36:05.096+0000] {dag.py:4180} INFO - Setting next_dagrun for example_branch_dop_operator_v3 to 2024-12-15 20:35:00+00:00, run_after=2024-12-15 20:36:00+00:00
[2024-12-15T20:36:05.147+0000] {processor.py:208} INFO - Processing /home/airflow/.local/lib/python3.12/site-packages/airflow/example_dags/example_branch_python_dop_operator_3.py took 0.257 seconds
[2024-12-15T20:36:35.576+0000] {processor.py:186} INFO - Started process (PID=1578) to work on /home/airflow/.local/lib/python3.12/site-packages/airflow/example_dags/example_branch_python_dop_operator_3.py
[2024-12-15T20:36:35.579+0000] {processor.py:914} INFO - Processing file /home/airflow/.local/lib/python3.12/site-packages/airflow/example_dags/example_branch_python_dop_operator_3.py for tasks to queue
[2024-12-15T20:36:35.582+0000] {logging_mixin.py:190} INFO - [2024-12-15T20:36:35.582+0000] {dagbag.py:588} INFO - Filling up the DagBag from /home/airflow/.local/lib/python3.12/site-packages/airflow/example_dags/example_branch_python_dop_operator_3.py
[2024-12-15T20:36:35.601+0000] {processor.py:925} INFO - DAG(s) 'example_branch_dop_operator_v3' retrieved from /home/airflow/.local/lib/python3.12/site-packages/airflow/example_dags/example_branch_python_dop_operator_3.py
[2024-12-15T20:36:35.630+0000] {logging_mixin.py:190} INFO - [2024-12-15T20:36:35.629+0000] {dag.py:3239} INFO - Sync 1 DAGs
[2024-12-15T20:36:35.659+0000] {logging_mixin.py:190} INFO - [2024-12-15T20:36:35.659+0000] {dag.py:4180} INFO - Setting next_dagrun for example_branch_dop_operator_v3 to 2024-12-15 20:35:00+00:00, run_after=2024-12-15 20:36:00+00:00
[2024-12-15T20:36:35.677+0000] {processor.py:208} INFO - Processing /home/airflow/.local/lib/python3.12/site-packages/airflow/example_dags/example_branch_python_dop_operator_3.py took 0.114 seconds
[2024-12-15T20:37:05.755+0000] {processor.py:186} INFO - Started process (PID=1644) to work on /home/airflow/.local/lib/python3.12/site-packages/airflow/example_dags/example_branch_python_dop_operator_3.py
[2024-12-15T20:37:05.759+0000] {processor.py:914} INFO - Processing file /home/airflow/.local/lib/python3.12/site-packages/airflow/example_dags/example_branch_python_dop_operator_3.py for tasks to queue
[2024-12-15T20:37:05.766+0000] {logging_mixin.py:190} INFO - [2024-12-15T20:37:05.765+0000] {dagbag.py:588} INFO - Filling up the DagBag from /home/airflow/.local/lib/python3.12/site-packages/airflow/example_dags/example_branch_python_dop_operator_3.py
[2024-12-15T20:37:05.785+0000] {processor.py:925} INFO - DAG(s) 'example_branch_dop_operator_v3' retrieved from /home/airflow/.local/lib/python3.12/site-packages/airflow/example_dags/example_branch_python_dop_operator_3.py
[2024-12-15T20:37:05.821+0000] {logging_mixin.py:190} INFO - [2024-12-15T20:37:05.821+0000] {dag.py:3239} INFO - Sync 1 DAGs
[2024-12-15T20:37:05.857+0000] {logging_mixin.py:190} INFO - [2024-12-15T20:37:05.856+0000] {dag.py:4180} INFO - Setting next_dagrun for example_branch_dop_operator_v3 to 2024-12-15 20:36:00+00:00, run_after=2024-12-15 20:37:00+00:00
[2024-12-15T20:37:05.882+0000] {processor.py:208} INFO - Processing /home/airflow/.local/lib/python3.12/site-packages/airflow/example_dags/example_branch_python_dop_operator_3.py took 0.141 seconds
[2024-12-15T20:37:40.310+0000] {processor.py:186} INFO - Started process (PID=1705) to work on /home/airflow/.local/lib/python3.12/site-packages/airflow/example_dags/example_branch_python_dop_operator_3.py
[2024-12-15T20:37:40.314+0000] {processor.py:914} INFO - Processing file /home/airflow/.local/lib/python3.12/site-packages/airflow/example_dags/example_branch_python_dop_operator_3.py for tasks to queue
[2024-12-15T20:37:40.319+0000] {logging_mixin.py:190} INFO - [2024-12-15T20:37:40.318+0000] {dagbag.py:588} INFO - Filling up the DagBag from /home/airflow/.local/lib/python3.12/site-packages/airflow/example_dags/example_branch_python_dop_operator_3.py
[2024-12-15T20:37:40.350+0000] {processor.py:925} INFO - DAG(s) 'example_branch_dop_operator_v3' retrieved from /home/airflow/.local/lib/python3.12/site-packages/airflow/example_dags/example_branch_python_dop_operator_3.py
[2024-12-15T20:37:40.403+0000] {logging_mixin.py:190} INFO - [2024-12-15T20:37:40.403+0000] {dag.py:3239} INFO - Sync 1 DAGs
[2024-12-15T20:37:40.489+0000] {logging_mixin.py:190} INFO - [2024-12-15T20:37:40.489+0000] {dag.py:4180} INFO - Setting next_dagrun for example_branch_dop_operator_v3 to 2024-12-15 20:36:00+00:00, run_after=2024-12-15 20:37:00+00:00
[2024-12-15T20:37:40.551+0000] {processor.py:208} INFO - Processing /home/airflow/.local/lib/python3.12/site-packages/airflow/example_dags/example_branch_python_dop_operator_3.py took 0.268 seconds
[2024-12-15T20:38:17.784+0000] {processor.py:186} INFO - Started process (PID=1736) to work on /home/airflow/.local/lib/python3.12/site-packages/airflow/example_dags/example_branch_python_dop_operator_3.py
[2024-12-15T20:38:17.786+0000] {processor.py:914} INFO - Processing file /home/airflow/.local/lib/python3.12/site-packages/airflow/example_dags/example_branch_python_dop_operator_3.py for tasks to queue
[2024-12-15T20:38:17.788+0000] {logging_mixin.py:190} INFO - [2024-12-15T20:38:17.787+0000] {dagbag.py:588} INFO - Filling up the DagBag from /home/airflow/.local/lib/python3.12/site-packages/airflow/example_dags/example_branch_python_dop_operator_3.py
[2024-12-15T20:38:17.805+0000] {processor.py:925} INFO - DAG(s) 'example_branch_dop_operator_v3' retrieved from /home/airflow/.local/lib/python3.12/site-packages/airflow/example_dags/example_branch_python_dop_operator_3.py
[2024-12-15T20:38:17.830+0000] {logging_mixin.py:190} INFO - [2024-12-15T20:38:17.829+0000] {dag.py:3239} INFO - Sync 1 DAGs
[2024-12-15T20:38:17.861+0000] {logging_mixin.py:190} INFO - [2024-12-15T20:38:17.861+0000] {dag.py:4180} INFO - Setting next_dagrun for example_branch_dop_operator_v3 to 2024-12-15 20:37:00+00:00, run_after=2024-12-15 20:38:00+00:00
[2024-12-15T20:38:17.883+0000] {processor.py:208} INFO - Processing /home/airflow/.local/lib/python3.12/site-packages/airflow/example_dags/example_branch_python_dop_operator_3.py took 0.108 seconds
[2024-12-15T20:40:38.806+0000] {processor.py:186} INFO - Started process (PID=1810) to work on /home/airflow/.local/lib/python3.12/site-packages/airflow/example_dags/example_branch_python_dop_operator_3.py
[2024-12-15T20:40:38.811+0000] {processor.py:914} INFO - Processing file /home/airflow/.local/lib/python3.12/site-packages/airflow/example_dags/example_branch_python_dop_operator_3.py for tasks to queue
[2024-12-15T20:40:38.818+0000] {logging_mixin.py:190} INFO - [2024-12-15T20:40:38.815+0000] {dagbag.py:588} INFO - Filling up the DagBag from /home/airflow/.local/lib/python3.12/site-packages/airflow/example_dags/example_branch_python_dop_operator_3.py
[2024-12-15T20:40:38.972+0000] {processor.py:925} INFO - DAG(s) 'example_branch_dop_operator_v3' retrieved from /home/airflow/.local/lib/python3.12/site-packages/airflow/example_dags/example_branch_python_dop_operator_3.py
[2024-12-15T20:40:39.083+0000] {logging_mixin.py:190} INFO - [2024-12-15T20:40:39.082+0000] {dag.py:3239} INFO - Sync 1 DAGs
[2024-12-15T20:40:39.195+0000] {logging_mixin.py:190} INFO - [2024-12-15T20:40:39.195+0000] {dag.py:4180} INFO - Setting next_dagrun for example_branch_dop_operator_v3 to 2024-12-15 20:39:00+00:00, run_after=2024-12-15 20:40:00+00:00
[2024-12-15T20:40:39.266+0000] {processor.py:208} INFO - Processing /home/airflow/.local/lib/python3.12/site-packages/airflow/example_dags/example_branch_python_dop_operator_3.py took 0.517 seconds
[2024-12-15T20:41:23.184+0000] {processor.py:186} INFO - Started process (PID=1871) to work on /home/airflow/.local/lib/python3.12/site-packages/airflow/example_dags/example_branch_python_dop_operator_3.py
[2024-12-15T20:41:23.189+0000] {processor.py:914} INFO - Processing file /home/airflow/.local/lib/python3.12/site-packages/airflow/example_dags/example_branch_python_dop_operator_3.py for tasks to queue
[2024-12-15T20:41:23.195+0000] {logging_mixin.py:190} INFO - [2024-12-15T20:41:23.195+0000] {dagbag.py:588} INFO - Filling up the DagBag from /home/airflow/.local/lib/python3.12/site-packages/airflow/example_dags/example_branch_python_dop_operator_3.py
[2024-12-15T20:41:23.217+0000] {processor.py:925} INFO - DAG(s) 'example_branch_dop_operator_v3' retrieved from /home/airflow/.local/lib/python3.12/site-packages/airflow/example_dags/example_branch_python_dop_operator_3.py
[2024-12-15T20:41:23.245+0000] {logging_mixin.py:190} INFO - [2024-12-15T20:41:23.244+0000] {dag.py:3239} INFO - Sync 1 DAGs
[2024-12-15T20:41:23.296+0000] {logging_mixin.py:190} INFO - [2024-12-15T20:41:23.296+0000] {dag.py:4180} INFO - Setting next_dagrun for example_branch_dop_operator_v3 to 2024-12-15 20:40:00+00:00, run_after=2024-12-15 20:41:00+00:00
[2024-12-15T20:41:23.362+0000] {processor.py:208} INFO - Processing /home/airflow/.local/lib/python3.12/site-packages/airflow/example_dags/example_branch_python_dop_operator_3.py took 0.189 seconds
[2024-12-15T20:41:54.361+0000] {processor.py:186} INFO - Started process (PID=1937) to work on /home/airflow/.local/lib/python3.12/site-packages/airflow/example_dags/example_branch_python_dop_operator_3.py
[2024-12-15T20:41:54.363+0000] {processor.py:914} INFO - Processing file /home/airflow/.local/lib/python3.12/site-packages/airflow/example_dags/example_branch_python_dop_operator_3.py for tasks to queue
[2024-12-15T20:41:54.366+0000] {logging_mixin.py:190} INFO - [2024-12-15T20:41:54.365+0000] {dagbag.py:588} INFO - Filling up the DagBag from /home/airflow/.local/lib/python3.12/site-packages/airflow/example_dags/example_branch_python_dop_operator_3.py
[2024-12-15T20:41:54.419+0000] {processor.py:925} INFO - DAG(s) 'example_branch_dop_operator_v3' retrieved from /home/airflow/.local/lib/python3.12/site-packages/airflow/example_dags/example_branch_python_dop_operator_3.py
[2024-12-15T20:41:54.487+0000] {logging_mixin.py:190} INFO - [2024-12-15T20:41:54.486+0000] {dag.py:3239} INFO - Sync 1 DAGs
[2024-12-15T20:41:54.564+0000] {logging_mixin.py:190} INFO - [2024-12-15T20:41:54.564+0000] {dag.py:4180} INFO - Setting next_dagrun for example_branch_dop_operator_v3 to 2024-12-15 20:40:00+00:00, run_after=2024-12-15 20:41:00+00:00
[2024-12-15T20:41:54.610+0000] {processor.py:208} INFO - Processing /home/airflow/.local/lib/python3.12/site-packages/airflow/example_dags/example_branch_python_dop_operator_3.py took 0.279 seconds
