[2024-12-15T19:40:55.216+0000] {processor.py:186} INFO - Started process (PID=90) to work on /home/airflow/.local/lib/python3.12/site-packages/airflow/example_dags/example_display_name.py
[2024-12-15T19:40:55.218+0000] {processor.py:914} INFO - Processing file /home/airflow/.local/lib/python3.12/site-packages/airflow/example_dags/example_display_name.py for tasks to queue
[2024-12-15T19:40:55.223+0000] {logging_mixin.py:190} INFO - [2024-12-15T19:40:55.222+0000] {dagbag.py:588} INFO - Filling up the DagBag from /home/airflow/.local/lib/python3.12/site-packages/airflow/example_dags/example_display_name.py
[2024-12-15T19:40:55.245+0000] {processor.py:925} INFO - DAG(s) 'example_display_name' retrieved from /home/airflow/.local/lib/python3.12/site-packages/airflow/example_dags/example_display_name.py
[2024-12-15T19:40:55.411+0000] {logging_mixin.py:190} INFO - [2024-12-15T19:40:55.410+0000] {override.py:1911} INFO - Created Permission View: can delete on DAG:example_display_name
[2024-12-15T19:40:55.424+0000] {logging_mixin.py:190} INFO - [2024-12-15T19:40:55.423+0000] {override.py:1911} INFO - Created Permission View: can read on DAG:example_display_name
[2024-12-15T19:40:55.433+0000] {logging_mixin.py:190} INFO - [2024-12-15T19:40:55.433+0000] {override.py:1911} INFO - Created Permission View: can edit on DAG:example_display_name
[2024-12-15T19:40:55.442+0000] {logging_mixin.py:190} INFO - [2024-12-15T19:40:55.441+0000] {override.py:1911} INFO - Created Permission View: menu access on DAG Run:example_display_name
[2024-12-15T19:40:55.451+0000] {logging_mixin.py:190} INFO - [2024-12-15T19:40:55.450+0000] {override.py:1911} INFO - Created Permission View: can delete on DAG Run:example_display_name
[2024-12-15T19:40:55.460+0000] {logging_mixin.py:190} INFO - [2024-12-15T19:40:55.460+0000] {override.py:1911} INFO - Created Permission View: can create on DAG Run:example_display_name
[2024-12-15T19:40:55.468+0000] {logging_mixin.py:190} INFO - [2024-12-15T19:40:55.468+0000] {override.py:1911} INFO - Created Permission View: can read on DAG Run:example_display_name
[2024-12-15T19:40:55.470+0000] {logging_mixin.py:190} INFO - [2024-12-15T19:40:55.470+0000] {dag.py:3239} INFO - Sync 1 DAGs
[2024-12-15T19:40:55.495+0000] {logging_mixin.py:190} INFO - [2024-12-15T19:40:55.495+0000] {dag.py:3262} INFO - Creating ORM DAG for example_display_name
[2024-12-15T19:40:55.497+0000] {logging_mixin.py:190} INFO - [2024-12-15T19:40:55.496+0000] {dag.py:4180} INFO - Setting next_dagrun for example_display_name to None, run_after=None
[2024-12-15T19:40:55.517+0000] {processor.py:208} INFO - Processing /home/airflow/.local/lib/python3.12/site-packages/airflow/example_dags/example_display_name.py took 0.310 seconds
[2024-12-15T19:41:26.024+0000] {processor.py:186} INFO - Started process (PID=154) to work on /home/airflow/.local/lib/python3.12/site-packages/airflow/example_dags/example_display_name.py
[2024-12-15T19:41:26.028+0000] {processor.py:914} INFO - Processing file /home/airflow/.local/lib/python3.12/site-packages/airflow/example_dags/example_display_name.py for tasks to queue
[2024-12-15T19:41:26.039+0000] {logging_mixin.py:190} INFO - [2024-12-15T19:41:26.038+0000] {dagbag.py:588} INFO - Filling up the DagBag from /home/airflow/.local/lib/python3.12/site-packages/airflow/example_dags/example_display_name.py
[2024-12-15T19:41:26.075+0000] {processor.py:925} INFO - DAG(s) 'example_display_name' retrieved from /home/airflow/.local/lib/python3.12/site-packages/airflow/example_dags/example_display_name.py
[2024-12-15T19:41:26.129+0000] {logging_mixin.py:190} INFO - [2024-12-15T19:41:26.128+0000] {dag.py:3239} INFO - Sync 1 DAGs
[2024-12-15T19:41:26.173+0000] {logging_mixin.py:190} INFO - [2024-12-15T19:41:26.173+0000] {dag.py:4180} INFO - Setting next_dagrun for example_display_name to None, run_after=None
[2024-12-15T19:41:26.234+0000] {processor.py:208} INFO - Processing /home/airflow/.local/lib/python3.12/site-packages/airflow/example_dags/example_display_name.py took 0.234 seconds
[2024-12-15T19:42:23.146+0000] {processor.py:186} INFO - Started process (PID=225) to work on /home/airflow/.local/lib/python3.12/site-packages/airflow/example_dags/example_display_name.py
[2024-12-15T19:42:23.151+0000] {processor.py:914} INFO - Processing file /home/airflow/.local/lib/python3.12/site-packages/airflow/example_dags/example_display_name.py for tasks to queue
[2024-12-15T19:42:23.159+0000] {logging_mixin.py:190} INFO - [2024-12-15T19:42:23.157+0000] {dagbag.py:588} INFO - Filling up the DagBag from /home/airflow/.local/lib/python3.12/site-packages/airflow/example_dags/example_display_name.py
[2024-12-15T19:42:23.200+0000] {processor.py:925} INFO - DAG(s) 'example_display_name' retrieved from /home/airflow/.local/lib/python3.12/site-packages/airflow/example_dags/example_display_name.py
[2024-12-15T19:42:23.277+0000] {logging_mixin.py:190} INFO - [2024-12-15T19:42:23.277+0000] {dag.py:3239} INFO - Sync 1 DAGs
[2024-12-15T19:42:23.324+0000] {logging_mixin.py:190} INFO - [2024-12-15T19:42:23.324+0000] {dag.py:4180} INFO - Setting next_dagrun for example_display_name to None, run_after=None
[2024-12-15T19:42:23.408+0000] {processor.py:208} INFO - Processing /home/airflow/.local/lib/python3.12/site-packages/airflow/example_dags/example_display_name.py took 0.284 seconds
[2024-12-15T19:42:53.661+0000] {processor.py:186} INFO - Started process (PID=291) to work on /home/airflow/.local/lib/python3.12/site-packages/airflow/example_dags/example_display_name.py
[2024-12-15T19:42:53.663+0000] {processor.py:914} INFO - Processing file /home/airflow/.local/lib/python3.12/site-packages/airflow/example_dags/example_display_name.py for tasks to queue
[2024-12-15T19:42:53.669+0000] {logging_mixin.py:190} INFO - [2024-12-15T19:42:53.668+0000] {dagbag.py:588} INFO - Filling up the DagBag from /home/airflow/.local/lib/python3.12/site-packages/airflow/example_dags/example_display_name.py
[2024-12-15T19:42:53.683+0000] {processor.py:925} INFO - DAG(s) 'example_display_name' retrieved from /home/airflow/.local/lib/python3.12/site-packages/airflow/example_dags/example_display_name.py
[2024-12-15T19:42:53.714+0000] {logging_mixin.py:190} INFO - [2024-12-15T19:42:53.714+0000] {dag.py:3239} INFO - Sync 1 DAGs
[2024-12-15T19:42:53.738+0000] {logging_mixin.py:190} INFO - [2024-12-15T19:42:53.738+0000] {dag.py:4180} INFO - Setting next_dagrun for example_display_name to None, run_after=None
[2024-12-15T19:42:53.765+0000] {processor.py:208} INFO - Processing /home/airflow/.local/lib/python3.12/site-packages/airflow/example_dags/example_display_name.py took 0.115 seconds
[2024-12-15T19:43:24.450+0000] {processor.py:186} INFO - Started process (PID=353) to work on /home/airflow/.local/lib/python3.12/site-packages/airflow/example_dags/example_display_name.py
[2024-12-15T19:43:24.452+0000] {processor.py:914} INFO - Processing file /home/airflow/.local/lib/python3.12/site-packages/airflow/example_dags/example_display_name.py for tasks to queue
[2024-12-15T19:43:24.457+0000] {logging_mixin.py:190} INFO - [2024-12-15T19:43:24.456+0000] {dagbag.py:588} INFO - Filling up the DagBag from /home/airflow/.local/lib/python3.12/site-packages/airflow/example_dags/example_display_name.py
[2024-12-15T19:43:24.472+0000] {processor.py:925} INFO - DAG(s) 'example_display_name' retrieved from /home/airflow/.local/lib/python3.12/site-packages/airflow/example_dags/example_display_name.py
[2024-12-15T19:43:24.498+0000] {logging_mixin.py:190} INFO - [2024-12-15T19:43:24.498+0000] {dag.py:3239} INFO - Sync 1 DAGs
[2024-12-15T19:43:24.526+0000] {logging_mixin.py:190} INFO - [2024-12-15T19:43:24.525+0000] {dag.py:4180} INFO - Setting next_dagrun for example_display_name to None, run_after=None
[2024-12-15T19:43:24.550+0000] {processor.py:208} INFO - Processing /home/airflow/.local/lib/python3.12/site-packages/airflow/example_dags/example_display_name.py took 0.108 seconds
[2024-12-15T19:43:55.192+0000] {processor.py:186} INFO - Started process (PID=417) to work on /home/airflow/.local/lib/python3.12/site-packages/airflow/example_dags/example_display_name.py
[2024-12-15T19:43:55.207+0000] {processor.py:914} INFO - Processing file /home/airflow/.local/lib/python3.12/site-packages/airflow/example_dags/example_display_name.py for tasks to queue
[2024-12-15T19:43:55.222+0000] {logging_mixin.py:190} INFO - [2024-12-15T19:43:55.219+0000] {dagbag.py:588} INFO - Filling up the DagBag from /home/airflow/.local/lib/python3.12/site-packages/airflow/example_dags/example_display_name.py
[2024-12-15T19:43:55.320+0000] {processor.py:925} INFO - DAG(s) 'example_display_name' retrieved from /home/airflow/.local/lib/python3.12/site-packages/airflow/example_dags/example_display_name.py
[2024-12-15T19:43:55.394+0000] {logging_mixin.py:190} INFO - [2024-12-15T19:43:55.394+0000] {dag.py:3239} INFO - Sync 1 DAGs
[2024-12-15T19:43:55.659+0000] {logging_mixin.py:190} INFO - [2024-12-15T19:43:55.646+0000] {dag.py:4180} INFO - Setting next_dagrun for example_display_name to None, run_after=None
[2024-12-15T19:43:55.865+0000] {processor.py:208} INFO - Processing /home/airflow/.local/lib/python3.12/site-packages/airflow/example_dags/example_display_name.py took 0.700 seconds
[2024-12-15T19:44:26.232+0000] {processor.py:186} INFO - Started process (PID=482) to work on /home/airflow/.local/lib/python3.12/site-packages/airflow/example_dags/example_display_name.py
[2024-12-15T19:44:26.235+0000] {processor.py:914} INFO - Processing file /home/airflow/.local/lib/python3.12/site-packages/airflow/example_dags/example_display_name.py for tasks to queue
[2024-12-15T19:44:26.238+0000] {logging_mixin.py:190} INFO - [2024-12-15T19:44:26.238+0000] {dagbag.py:588} INFO - Filling up the DagBag from /home/airflow/.local/lib/python3.12/site-packages/airflow/example_dags/example_display_name.py
[2024-12-15T19:44:26.252+0000] {processor.py:925} INFO - DAG(s) 'example_display_name' retrieved from /home/airflow/.local/lib/python3.12/site-packages/airflow/example_dags/example_display_name.py
[2024-12-15T19:44:26.281+0000] {logging_mixin.py:190} INFO - [2024-12-15T19:44:26.281+0000] {dag.py:3239} INFO - Sync 1 DAGs
[2024-12-15T19:44:26.300+0000] {logging_mixin.py:190} INFO - [2024-12-15T19:44:26.299+0000] {dag.py:4180} INFO - Setting next_dagrun for example_display_name to None, run_after=None
[2024-12-15T19:44:26.326+0000] {processor.py:208} INFO - Processing /home/airflow/.local/lib/python3.12/site-packages/airflow/example_dags/example_display_name.py took 0.103 seconds
[2024-12-15T19:45:41.617+0000] {processor.py:186} INFO - Started process (PID=540) to work on /home/airflow/.local/lib/python3.12/site-packages/airflow/example_dags/example_display_name.py
[2024-12-15T19:45:41.620+0000] {processor.py:914} INFO - Processing file /home/airflow/.local/lib/python3.12/site-packages/airflow/example_dags/example_display_name.py for tasks to queue
[2024-12-15T19:45:41.640+0000] {logging_mixin.py:190} INFO - [2024-12-15T19:45:41.628+0000] {dagbag.py:588} INFO - Filling up the DagBag from /home/airflow/.local/lib/python3.12/site-packages/airflow/example_dags/example_display_name.py
[2024-12-15T19:45:41.666+0000] {processor.py:925} INFO - DAG(s) 'example_display_name' retrieved from /home/airflow/.local/lib/python3.12/site-packages/airflow/example_dags/example_display_name.py
[2024-12-15T19:45:41.705+0000] {logging_mixin.py:190} INFO - [2024-12-15T19:45:41.704+0000] {dag.py:3239} INFO - Sync 1 DAGs
[2024-12-15T19:45:41.739+0000] {logging_mixin.py:190} INFO - [2024-12-15T19:45:41.739+0000] {dag.py:4180} INFO - Setting next_dagrun for example_display_name to None, run_after=None
[2024-12-15T19:45:41.775+0000] {processor.py:208} INFO - Processing /home/airflow/.local/lib/python3.12/site-packages/airflow/example_dags/example_display_name.py took 0.176 seconds
[2024-12-15T19:46:12.422+0000] {processor.py:186} INFO - Started process (PID=605) to work on /home/airflow/.local/lib/python3.12/site-packages/airflow/example_dags/example_display_name.py
[2024-12-15T19:46:12.424+0000] {processor.py:914} INFO - Processing file /home/airflow/.local/lib/python3.12/site-packages/airflow/example_dags/example_display_name.py for tasks to queue
[2024-12-15T19:46:12.431+0000] {logging_mixin.py:190} INFO - [2024-12-15T19:46:12.430+0000] {dagbag.py:588} INFO - Filling up the DagBag from /home/airflow/.local/lib/python3.12/site-packages/airflow/example_dags/example_display_name.py
[2024-12-15T19:46:12.443+0000] {processor.py:925} INFO - DAG(s) 'example_display_name' retrieved from /home/airflow/.local/lib/python3.12/site-packages/airflow/example_dags/example_display_name.py
[2024-12-15T19:46:12.474+0000] {logging_mixin.py:190} INFO - [2024-12-15T19:46:12.474+0000] {dag.py:3239} INFO - Sync 1 DAGs
[2024-12-15T19:46:12.512+0000] {logging_mixin.py:190} INFO - [2024-12-15T19:46:12.511+0000] {dag.py:4180} INFO - Setting next_dagrun for example_display_name to None, run_after=None
[2024-12-15T19:46:12.551+0000] {processor.py:208} INFO - Processing /home/airflow/.local/lib/python3.12/site-packages/airflow/example_dags/example_display_name.py took 0.142 seconds
[2024-12-15T19:46:43.364+0000] {processor.py:186} INFO - Started process (PID=671) to work on /home/airflow/.local/lib/python3.12/site-packages/airflow/example_dags/example_display_name.py
[2024-12-15T19:46:43.366+0000] {processor.py:914} INFO - Processing file /home/airflow/.local/lib/python3.12/site-packages/airflow/example_dags/example_display_name.py for tasks to queue
[2024-12-15T19:46:43.373+0000] {logging_mixin.py:190} INFO - [2024-12-15T19:46:43.372+0000] {dagbag.py:588} INFO - Filling up the DagBag from /home/airflow/.local/lib/python3.12/site-packages/airflow/example_dags/example_display_name.py
[2024-12-15T19:46:43.389+0000] {processor.py:925} INFO - DAG(s) 'example_display_name' retrieved from /home/airflow/.local/lib/python3.12/site-packages/airflow/example_dags/example_display_name.py
[2024-12-15T19:46:43.420+0000] {logging_mixin.py:190} INFO - [2024-12-15T19:46:43.420+0000] {dag.py:3239} INFO - Sync 1 DAGs
[2024-12-15T19:46:43.452+0000] {logging_mixin.py:190} INFO - [2024-12-15T19:46:43.452+0000] {dag.py:4180} INFO - Setting next_dagrun for example_display_name to None, run_after=None
[2024-12-15T19:46:43.483+0000] {processor.py:208} INFO - Processing /home/airflow/.local/lib/python3.12/site-packages/airflow/example_dags/example_display_name.py took 0.131 seconds
[2024-12-15T19:47:16.791+0000] {processor.py:186} INFO - Started process (PID=728) to work on /home/airflow/.local/lib/python3.12/site-packages/airflow/example_dags/example_display_name.py
[2024-12-15T19:47:16.794+0000] {processor.py:914} INFO - Processing file /home/airflow/.local/lib/python3.12/site-packages/airflow/example_dags/example_display_name.py for tasks to queue
[2024-12-15T19:47:16.801+0000] {logging_mixin.py:190} INFO - [2024-12-15T19:47:16.800+0000] {dagbag.py:588} INFO - Filling up the DagBag from /home/airflow/.local/lib/python3.12/site-packages/airflow/example_dags/example_display_name.py
[2024-12-15T19:47:16.821+0000] {processor.py:925} INFO - DAG(s) 'example_display_name' retrieved from /home/airflow/.local/lib/python3.12/site-packages/airflow/example_dags/example_display_name.py
[2024-12-15T19:47:16.848+0000] {logging_mixin.py:190} INFO - [2024-12-15T19:47:16.848+0000] {dag.py:3239} INFO - Sync 1 DAGs
[2024-12-15T19:47:16.874+0000] {logging_mixin.py:190} INFO - [2024-12-15T19:47:16.874+0000] {dag.py:4180} INFO - Setting next_dagrun for example_display_name to None, run_after=None
[2024-12-15T19:47:16.901+0000] {processor.py:208} INFO - Processing /home/airflow/.local/lib/python3.12/site-packages/airflow/example_dags/example_display_name.py took 0.121 seconds
[2024-12-15T19:47:55.848+0000] {processor.py:186} INFO - Started process (PID=789) to work on /home/airflow/.local/lib/python3.12/site-packages/airflow/example_dags/example_display_name.py
[2024-12-15T19:47:55.855+0000] {processor.py:914} INFO - Processing file /home/airflow/.local/lib/python3.12/site-packages/airflow/example_dags/example_display_name.py for tasks to queue
[2024-12-15T19:47:55.885+0000] {logging_mixin.py:190} INFO - [2024-12-15T19:47:55.878+0000] {dagbag.py:588} INFO - Filling up the DagBag from /home/airflow/.local/lib/python3.12/site-packages/airflow/example_dags/example_display_name.py
[2024-12-15T19:47:55.908+0000] {processor.py:925} INFO - DAG(s) 'example_display_name' retrieved from /home/airflow/.local/lib/python3.12/site-packages/airflow/example_dags/example_display_name.py
[2024-12-15T19:47:55.946+0000] {logging_mixin.py:190} INFO - [2024-12-15T19:47:55.946+0000] {dag.py:3239} INFO - Sync 1 DAGs
[2024-12-15T19:47:55.978+0000] {logging_mixin.py:190} INFO - [2024-12-15T19:47:55.977+0000] {dag.py:4180} INFO - Setting next_dagrun for example_display_name to None, run_after=None
[2024-12-15T19:47:56.017+0000] {processor.py:208} INFO - Processing /home/airflow/.local/lib/python3.12/site-packages/airflow/example_dags/example_display_name.py took 0.213 seconds
[2024-12-15T19:51:06.502+0000] {processor.py:186} INFO - Started process (PID=78) to work on /home/airflow/.local/lib/python3.12/site-packages/airflow/example_dags/example_display_name.py
[2024-12-15T19:51:06.508+0000] {processor.py:914} INFO - Processing file /home/airflow/.local/lib/python3.12/site-packages/airflow/example_dags/example_display_name.py for tasks to queue
[2024-12-15T19:51:06.520+0000] {logging_mixin.py:190} INFO - [2024-12-15T19:51:06.520+0000] {dagbag.py:588} INFO - Filling up the DagBag from /home/airflow/.local/lib/python3.12/site-packages/airflow/example_dags/example_display_name.py
[2024-12-15T19:51:06.554+0000] {processor.py:925} INFO - DAG(s) 'example_display_name' retrieved from /home/airflow/.local/lib/python3.12/site-packages/airflow/example_dags/example_display_name.py
[2024-12-15T19:51:06.610+0000] {logging_mixin.py:190} INFO - [2024-12-15T19:51:06.610+0000] {dag.py:3239} INFO - Sync 1 DAGs
[2024-12-15T19:51:06.682+0000] {logging_mixin.py:190} INFO - [2024-12-15T19:51:06.682+0000] {dag.py:4180} INFO - Setting next_dagrun for example_display_name to None, run_after=None
[2024-12-15T19:51:06.773+0000] {processor.py:208} INFO - Processing /home/airflow/.local/lib/python3.12/site-packages/airflow/example_dags/example_display_name.py took 0.279 seconds
[2024-12-15T19:51:42.577+0000] {processor.py:186} INFO - Started process (PID=143) to work on /home/airflow/.local/lib/python3.12/site-packages/airflow/example_dags/example_display_name.py
[2024-12-15T19:51:42.584+0000] {processor.py:914} INFO - Processing file /home/airflow/.local/lib/python3.12/site-packages/airflow/example_dags/example_display_name.py for tasks to queue
[2024-12-15T19:51:42.595+0000] {logging_mixin.py:190} INFO - [2024-12-15T19:51:42.594+0000] {dagbag.py:588} INFO - Filling up the DagBag from /home/airflow/.local/lib/python3.12/site-packages/airflow/example_dags/example_display_name.py
[2024-12-15T19:51:42.633+0000] {processor.py:925} INFO - DAG(s) 'example_display_name' retrieved from /home/airflow/.local/lib/python3.12/site-packages/airflow/example_dags/example_display_name.py
[2024-12-15T19:51:42.707+0000] {logging_mixin.py:190} INFO - [2024-12-15T19:51:42.707+0000] {dag.py:3239} INFO - Sync 1 DAGs
[2024-12-15T19:51:42.815+0000] {logging_mixin.py:190} INFO - [2024-12-15T19:51:42.815+0000] {dag.py:4180} INFO - Setting next_dagrun for example_display_name to None, run_after=None
[2024-12-15T19:51:42.897+0000] {processor.py:208} INFO - Processing /home/airflow/.local/lib/python3.12/site-packages/airflow/example_dags/example_display_name.py took 0.334 seconds
[2024-12-15T19:52:26.908+0000] {processor.py:186} INFO - Started process (PID=213) to work on /home/airflow/.local/lib/python3.12/site-packages/airflow/example_dags/example_display_name.py
[2024-12-15T19:52:26.913+0000] {processor.py:914} INFO - Processing file /home/airflow/.local/lib/python3.12/site-packages/airflow/example_dags/example_display_name.py for tasks to queue
[2024-12-15T19:52:26.926+0000] {logging_mixin.py:190} INFO - [2024-12-15T19:52:26.925+0000] {dagbag.py:588} INFO - Filling up the DagBag from /home/airflow/.local/lib/python3.12/site-packages/airflow/example_dags/example_display_name.py
[2024-12-15T19:52:26.957+0000] {processor.py:925} INFO - DAG(s) 'example_display_name' retrieved from /home/airflow/.local/lib/python3.12/site-packages/airflow/example_dags/example_display_name.py
[2024-12-15T19:52:27.104+0000] {logging_mixin.py:190} INFO - [2024-12-15T19:52:27.102+0000] {dag.py:3239} INFO - Sync 1 DAGs
[2024-12-15T19:52:27.186+0000] {logging_mixin.py:190} INFO - [2024-12-15T19:52:27.186+0000] {dag.py:4180} INFO - Setting next_dagrun for example_display_name to None, run_after=None
[2024-12-15T19:52:27.359+0000] {processor.py:208} INFO - Processing /home/airflow/.local/lib/python3.12/site-packages/airflow/example_dags/example_display_name.py took 0.466 seconds
[2024-12-15T19:52:57.582+0000] {processor.py:186} INFO - Started process (PID=280) to work on /home/airflow/.local/lib/python3.12/site-packages/airflow/example_dags/example_display_name.py
[2024-12-15T19:52:57.591+0000] {processor.py:914} INFO - Processing file /home/airflow/.local/lib/python3.12/site-packages/airflow/example_dags/example_display_name.py for tasks to queue
[2024-12-15T19:52:57.596+0000] {logging_mixin.py:190} INFO - [2024-12-15T19:52:57.596+0000] {dagbag.py:588} INFO - Filling up the DagBag from /home/airflow/.local/lib/python3.12/site-packages/airflow/example_dags/example_display_name.py
[2024-12-15T19:52:57.614+0000] {processor.py:925} INFO - DAG(s) 'example_display_name' retrieved from /home/airflow/.local/lib/python3.12/site-packages/airflow/example_dags/example_display_name.py
[2024-12-15T19:52:57.664+0000] {logging_mixin.py:190} INFO - [2024-12-15T19:52:57.664+0000] {dag.py:3239} INFO - Sync 1 DAGs
[2024-12-15T19:52:57.740+0000] {logging_mixin.py:190} INFO - [2024-12-15T19:52:57.740+0000] {dag.py:4180} INFO - Setting next_dagrun for example_display_name to None, run_after=None
[2024-12-15T19:52:57.777+0000] {processor.py:208} INFO - Processing /home/airflow/.local/lib/python3.12/site-packages/airflow/example_dags/example_display_name.py took 0.224 seconds
[2024-12-15T19:53:38.981+0000] {processor.py:186} INFO - Started process (PID=343) to work on /home/airflow/.local/lib/python3.12/site-packages/airflow/example_dags/example_display_name.py
[2024-12-15T19:53:38.984+0000] {processor.py:914} INFO - Processing file /home/airflow/.local/lib/python3.12/site-packages/airflow/example_dags/example_display_name.py for tasks to queue
[2024-12-15T19:53:38.988+0000] {logging_mixin.py:190} INFO - [2024-12-15T19:53:38.988+0000] {dagbag.py:588} INFO - Filling up the DagBag from /home/airflow/.local/lib/python3.12/site-packages/airflow/example_dags/example_display_name.py
[2024-12-15T19:53:39.004+0000] {processor.py:925} INFO - DAG(s) 'example_display_name' retrieved from /home/airflow/.local/lib/python3.12/site-packages/airflow/example_dags/example_display_name.py
[2024-12-15T19:53:39.058+0000] {logging_mixin.py:190} INFO - [2024-12-15T19:53:39.058+0000] {dag.py:3239} INFO - Sync 1 DAGs
[2024-12-15T19:53:39.102+0000] {logging_mixin.py:190} INFO - [2024-12-15T19:53:39.102+0000] {dag.py:4180} INFO - Setting next_dagrun for example_display_name to None, run_after=None
[2024-12-15T19:53:39.135+0000] {processor.py:208} INFO - Processing /home/airflow/.local/lib/python3.12/site-packages/airflow/example_dags/example_display_name.py took 0.164 seconds
[2024-12-15T19:54:13.967+0000] {processor.py:186} INFO - Started process (PID=411) to work on /home/airflow/.local/lib/python3.12/site-packages/airflow/example_dags/example_display_name.py
[2024-12-15T19:54:13.971+0000] {processor.py:914} INFO - Processing file /home/airflow/.local/lib/python3.12/site-packages/airflow/example_dags/example_display_name.py for tasks to queue
[2024-12-15T19:54:13.978+0000] {logging_mixin.py:190} INFO - [2024-12-15T19:54:13.978+0000] {dagbag.py:588} INFO - Filling up the DagBag from /home/airflow/.local/lib/python3.12/site-packages/airflow/example_dags/example_display_name.py
[2024-12-15T19:54:13.994+0000] {processor.py:925} INFO - DAG(s) 'example_display_name' retrieved from /home/airflow/.local/lib/python3.12/site-packages/airflow/example_dags/example_display_name.py
[2024-12-15T19:54:14.276+0000] {logging_mixin.py:190} INFO - [2024-12-15T19:54:14.276+0000] {dag.py:3239} INFO - Sync 1 DAGs
[2024-12-15T19:54:14.313+0000] {logging_mixin.py:190} INFO - [2024-12-15T19:54:14.312+0000] {dag.py:4180} INFO - Setting next_dagrun for example_display_name to None, run_after=None
[2024-12-15T19:54:14.359+0000] {processor.py:208} INFO - Processing /home/airflow/.local/lib/python3.12/site-packages/airflow/example_dags/example_display_name.py took 0.405 seconds
[2024-12-15T19:54:46.421+0000] {processor.py:186} INFO - Started process (PID=476) to work on /home/airflow/.local/lib/python3.12/site-packages/airflow/example_dags/example_display_name.py
[2024-12-15T19:54:46.423+0000] {processor.py:914} INFO - Processing file /home/airflow/.local/lib/python3.12/site-packages/airflow/example_dags/example_display_name.py for tasks to queue
[2024-12-15T19:54:46.426+0000] {logging_mixin.py:190} INFO - [2024-12-15T19:54:46.426+0000] {dagbag.py:588} INFO - Filling up the DagBag from /home/airflow/.local/lib/python3.12/site-packages/airflow/example_dags/example_display_name.py
[2024-12-15T19:54:46.440+0000] {processor.py:925} INFO - DAG(s) 'example_display_name' retrieved from /home/airflow/.local/lib/python3.12/site-packages/airflow/example_dags/example_display_name.py
[2024-12-15T19:54:46.469+0000] {logging_mixin.py:190} INFO - [2024-12-15T19:54:46.468+0000] {dag.py:3239} INFO - Sync 1 DAGs
[2024-12-15T19:54:46.499+0000] {logging_mixin.py:190} INFO - [2024-12-15T19:54:46.498+0000] {dag.py:4180} INFO - Setting next_dagrun for example_display_name to None, run_after=None
[2024-12-15T19:54:46.520+0000] {processor.py:208} INFO - Processing /home/airflow/.local/lib/python3.12/site-packages/airflow/example_dags/example_display_name.py took 0.107 seconds
[2024-12-15T19:55:24.589+0000] {processor.py:186} INFO - Started process (PID=541) to work on /home/airflow/.local/lib/python3.12/site-packages/airflow/example_dags/example_display_name.py
[2024-12-15T19:55:24.604+0000] {processor.py:914} INFO - Processing file /home/airflow/.local/lib/python3.12/site-packages/airflow/example_dags/example_display_name.py for tasks to queue
[2024-12-15T19:55:24.675+0000] {logging_mixin.py:190} INFO - [2024-12-15T19:55:24.675+0000] {dagbag.py:588} INFO - Filling up the DagBag from /home/airflow/.local/lib/python3.12/site-packages/airflow/example_dags/example_display_name.py
[2024-12-15T19:55:24.782+0000] {processor.py:925} INFO - DAG(s) 'example_display_name' retrieved from /home/airflow/.local/lib/python3.12/site-packages/airflow/example_dags/example_display_name.py
[2024-12-15T19:55:25.010+0000] {logging_mixin.py:190} INFO - [2024-12-15T19:55:25.010+0000] {dag.py:3239} INFO - Sync 1 DAGs
[2024-12-15T19:55:25.091+0000] {logging_mixin.py:190} INFO - [2024-12-15T19:55:25.090+0000] {dag.py:4180} INFO - Setting next_dagrun for example_display_name to None, run_after=None
[2024-12-15T19:55:25.232+0000] {processor.py:208} INFO - Processing /home/airflow/.local/lib/python3.12/site-packages/airflow/example_dags/example_display_name.py took 0.815 seconds
[2024-12-15T19:56:03.955+0000] {processor.py:186} INFO - Started process (PID=613) to work on /home/airflow/.local/lib/python3.12/site-packages/airflow/example_dags/example_display_name.py
[2024-12-15T19:56:03.972+0000] {processor.py:914} INFO - Processing file /home/airflow/.local/lib/python3.12/site-packages/airflow/example_dags/example_display_name.py for tasks to queue
[2024-12-15T19:56:03.984+0000] {logging_mixin.py:190} INFO - [2024-12-15T19:56:03.981+0000] {dagbag.py:588} INFO - Filling up the DagBag from /home/airflow/.local/lib/python3.12/site-packages/airflow/example_dags/example_display_name.py
[2024-12-15T19:56:04.004+0000] {processor.py:925} INFO - DAG(s) 'example_display_name' retrieved from /home/airflow/.local/lib/python3.12/site-packages/airflow/example_dags/example_display_name.py
[2024-12-15T19:56:04.060+0000] {logging_mixin.py:190} INFO - [2024-12-15T19:56:04.059+0000] {dag.py:3239} INFO - Sync 1 DAGs
[2024-12-15T19:56:04.102+0000] {logging_mixin.py:190} INFO - [2024-12-15T19:56:04.102+0000] {dag.py:4180} INFO - Setting next_dagrun for example_display_name to None, run_after=None
[2024-12-15T19:56:04.156+0000] {processor.py:208} INFO - Processing /home/airflow/.local/lib/python3.12/site-packages/airflow/example_dags/example_display_name.py took 0.224 seconds
[2024-12-15T19:59:48.323+0000] {processor.py:186} INFO - Started process (PID=83) to work on /home/airflow/.local/lib/python3.12/site-packages/airflow/example_dags/example_display_name.py
[2024-12-15T19:59:48.397+0000] {processor.py:914} INFO - Processing file /home/airflow/.local/lib/python3.12/site-packages/airflow/example_dags/example_display_name.py for tasks to queue
[2024-12-15T19:59:48.769+0000] {logging_mixin.py:190} INFO - [2024-12-15T19:59:48.735+0000] {dagbag.py:588} INFO - Filling up the DagBag from /home/airflow/.local/lib/python3.12/site-packages/airflow/example_dags/example_display_name.py
[2024-12-15T19:59:49.443+0000] {processor.py:925} INFO - DAG(s) 'example_display_name' retrieved from /home/airflow/.local/lib/python3.12/site-packages/airflow/example_dags/example_display_name.py
[2024-12-15T19:59:49.652+0000] {logging_mixin.py:190} INFO - [2024-12-15T19:59:49.651+0000] {dag.py:3239} INFO - Sync 1 DAGs
[2024-12-15T19:59:49.717+0000] {logging_mixin.py:190} INFO - [2024-12-15T19:59:49.715+0000] {dag.py:4180} INFO - Setting next_dagrun for example_display_name to None, run_after=None
[2024-12-15T19:59:49.997+0000] {processor.py:208} INFO - Processing /home/airflow/.local/lib/python3.12/site-packages/airflow/example_dags/example_display_name.py took 1.849 seconds
[2024-12-15T20:01:38.403+0000] {processor.py:186} INFO - Started process (PID=166) to work on /home/airflow/.local/lib/python3.12/site-packages/airflow/example_dags/example_display_name.py
[2024-12-15T20:01:38.407+0000] {processor.py:914} INFO - Processing file /home/airflow/.local/lib/python3.12/site-packages/airflow/example_dags/example_display_name.py for tasks to queue
[2024-12-15T20:01:38.411+0000] {logging_mixin.py:190} INFO - [2024-12-15T20:01:38.410+0000] {dagbag.py:588} INFO - Filling up the DagBag from /home/airflow/.local/lib/python3.12/site-packages/airflow/example_dags/example_display_name.py
[2024-12-15T20:01:38.428+0000] {processor.py:925} INFO - DAG(s) 'example_display_name' retrieved from /home/airflow/.local/lib/python3.12/site-packages/airflow/example_dags/example_display_name.py
[2024-12-15T20:01:38.465+0000] {logging_mixin.py:190} INFO - [2024-12-15T20:01:38.464+0000] {dag.py:3239} INFO - Sync 1 DAGs
[2024-12-15T20:01:38.499+0000] {logging_mixin.py:190} INFO - [2024-12-15T20:01:38.498+0000] {dag.py:4180} INFO - Setting next_dagrun for example_display_name to None, run_after=None
[2024-12-15T20:01:38.584+0000] {processor.py:208} INFO - Processing /home/airflow/.local/lib/python3.12/site-packages/airflow/example_dags/example_display_name.py took 0.195 seconds
[2024-12-15T20:02:09.719+0000] {processor.py:186} INFO - Started process (PID=232) to work on /home/airflow/.local/lib/python3.12/site-packages/airflow/example_dags/example_display_name.py
[2024-12-15T20:02:09.721+0000] {processor.py:914} INFO - Processing file /home/airflow/.local/lib/python3.12/site-packages/airflow/example_dags/example_display_name.py for tasks to queue
[2024-12-15T20:02:09.725+0000] {logging_mixin.py:190} INFO - [2024-12-15T20:02:09.725+0000] {dagbag.py:588} INFO - Filling up the DagBag from /home/airflow/.local/lib/python3.12/site-packages/airflow/example_dags/example_display_name.py
[2024-12-15T20:02:09.746+0000] {processor.py:925} INFO - DAG(s) 'example_display_name' retrieved from /home/airflow/.local/lib/python3.12/site-packages/airflow/example_dags/example_display_name.py
[2024-12-15T20:02:09.781+0000] {logging_mixin.py:190} INFO - [2024-12-15T20:02:09.780+0000] {dag.py:3239} INFO - Sync 1 DAGs
[2024-12-15T20:02:09.801+0000] {logging_mixin.py:190} INFO - [2024-12-15T20:02:09.800+0000] {dag.py:4180} INFO - Setting next_dagrun for example_display_name to None, run_after=None
[2024-12-15T20:02:09.845+0000] {processor.py:208} INFO - Processing /home/airflow/.local/lib/python3.12/site-packages/airflow/example_dags/example_display_name.py took 0.136 seconds
[2024-12-15T20:03:05.167+0000] {processor.py:186} INFO - Started process (PID=309) to work on /home/airflow/.local/lib/python3.12/site-packages/airflow/example_dags/example_display_name.py
[2024-12-15T20:03:05.170+0000] {processor.py:914} INFO - Processing file /home/airflow/.local/lib/python3.12/site-packages/airflow/example_dags/example_display_name.py for tasks to queue
[2024-12-15T20:03:05.174+0000] {logging_mixin.py:190} INFO - [2024-12-15T20:03:05.174+0000] {dagbag.py:588} INFO - Filling up the DagBag from /home/airflow/.local/lib/python3.12/site-packages/airflow/example_dags/example_display_name.py
[2024-12-15T20:03:05.203+0000] {processor.py:925} INFO - DAG(s) 'example_display_name' retrieved from /home/airflow/.local/lib/python3.12/site-packages/airflow/example_dags/example_display_name.py
[2024-12-15T20:03:05.245+0000] {logging_mixin.py:190} INFO - [2024-12-15T20:03:05.244+0000] {dag.py:3239} INFO - Sync 1 DAGs
[2024-12-15T20:03:05.289+0000] {logging_mixin.py:190} INFO - [2024-12-15T20:03:05.288+0000] {dag.py:4180} INFO - Setting next_dagrun for example_display_name to None, run_after=None
[2024-12-15T20:03:05.333+0000] {processor.py:208} INFO - Processing /home/airflow/.local/lib/python3.12/site-packages/airflow/example_dags/example_display_name.py took 0.185 seconds
[2024-12-15T20:03:35.556+0000] {processor.py:186} INFO - Started process (PID=373) to work on /home/airflow/.local/lib/python3.12/site-packages/airflow/example_dags/example_display_name.py
[2024-12-15T20:03:35.560+0000] {processor.py:914} INFO - Processing file /home/airflow/.local/lib/python3.12/site-packages/airflow/example_dags/example_display_name.py for tasks to queue
[2024-12-15T20:03:35.577+0000] {logging_mixin.py:190} INFO - [2024-12-15T20:03:35.573+0000] {dagbag.py:588} INFO - Filling up the DagBag from /home/airflow/.local/lib/python3.12/site-packages/airflow/example_dags/example_display_name.py
[2024-12-15T20:03:35.628+0000] {processor.py:925} INFO - DAG(s) 'example_display_name' retrieved from /home/airflow/.local/lib/python3.12/site-packages/airflow/example_dags/example_display_name.py
[2024-12-15T20:03:35.682+0000] {logging_mixin.py:190} INFO - [2024-12-15T20:03:35.682+0000] {dag.py:3239} INFO - Sync 1 DAGs
[2024-12-15T20:03:35.703+0000] {logging_mixin.py:190} INFO - [2024-12-15T20:03:35.703+0000] {dag.py:4180} INFO - Setting next_dagrun for example_display_name to None, run_after=None
[2024-12-15T20:03:35.730+0000] {processor.py:208} INFO - Processing /home/airflow/.local/lib/python3.12/site-packages/airflow/example_dags/example_display_name.py took 0.219 seconds
[2024-12-15T20:04:08.774+0000] {processor.py:186} INFO - Started process (PID=443) to work on /home/airflow/.local/lib/python3.12/site-packages/airflow/example_dags/example_display_name.py
[2024-12-15T20:04:08.784+0000] {processor.py:914} INFO - Processing file /home/airflow/.local/lib/python3.12/site-packages/airflow/example_dags/example_display_name.py for tasks to queue
[2024-12-15T20:04:08.803+0000] {logging_mixin.py:190} INFO - [2024-12-15T20:04:08.803+0000] {dagbag.py:588} INFO - Filling up the DagBag from /home/airflow/.local/lib/python3.12/site-packages/airflow/example_dags/example_display_name.py
[2024-12-15T20:04:08.835+0000] {processor.py:925} INFO - DAG(s) 'example_display_name' retrieved from /home/airflow/.local/lib/python3.12/site-packages/airflow/example_dags/example_display_name.py
[2024-12-15T20:04:08.984+0000] {logging_mixin.py:190} INFO - [2024-12-15T20:04:08.984+0000] {dag.py:3239} INFO - Sync 1 DAGs
[2024-12-15T20:04:09.072+0000] {logging_mixin.py:190} INFO - [2024-12-15T20:04:09.071+0000] {dag.py:4180} INFO - Setting next_dagrun for example_display_name to None, run_after=None
[2024-12-15T20:04:09.115+0000] {processor.py:208} INFO - Processing /home/airflow/.local/lib/python3.12/site-packages/airflow/example_dags/example_display_name.py took 0.369 seconds
[2024-12-15T20:04:44.790+0000] {processor.py:186} INFO - Started process (PID=509) to work on /home/airflow/.local/lib/python3.12/site-packages/airflow/example_dags/example_display_name.py
[2024-12-15T20:04:44.794+0000] {processor.py:914} INFO - Processing file /home/airflow/.local/lib/python3.12/site-packages/airflow/example_dags/example_display_name.py for tasks to queue
[2024-12-15T20:04:44.800+0000] {logging_mixin.py:190} INFO - [2024-12-15T20:04:44.799+0000] {dagbag.py:588} INFO - Filling up the DagBag from /home/airflow/.local/lib/python3.12/site-packages/airflow/example_dags/example_display_name.py
[2024-12-15T20:04:44.815+0000] {processor.py:925} INFO - DAG(s) 'example_display_name' retrieved from /home/airflow/.local/lib/python3.12/site-packages/airflow/example_dags/example_display_name.py
[2024-12-15T20:04:44.853+0000] {logging_mixin.py:190} INFO - [2024-12-15T20:04:44.852+0000] {dag.py:3239} INFO - Sync 1 DAGs
[2024-12-15T20:04:44.902+0000] {logging_mixin.py:190} INFO - [2024-12-15T20:04:44.901+0000] {dag.py:4180} INFO - Setting next_dagrun for example_display_name to None, run_after=None
[2024-12-15T20:04:44.965+0000] {processor.py:208} INFO - Processing /home/airflow/.local/lib/python3.12/site-packages/airflow/example_dags/example_display_name.py took 0.190 seconds
[2024-12-15T20:06:07.298+0000] {processor.py:186} INFO - Started process (PID=588) to work on /home/airflow/.local/lib/python3.12/site-packages/airflow/example_dags/example_display_name.py
[2024-12-15T20:06:07.304+0000] {processor.py:914} INFO - Processing file /home/airflow/.local/lib/python3.12/site-packages/airflow/example_dags/example_display_name.py for tasks to queue
[2024-12-15T20:06:07.318+0000] {logging_mixin.py:190} INFO - [2024-12-15T20:06:07.316+0000] {dagbag.py:588} INFO - Filling up the DagBag from /home/airflow/.local/lib/python3.12/site-packages/airflow/example_dags/example_display_name.py
[2024-12-15T20:06:07.357+0000] {processor.py:925} INFO - DAG(s) 'example_display_name' retrieved from /home/airflow/.local/lib/python3.12/site-packages/airflow/example_dags/example_display_name.py
[2024-12-15T20:06:07.505+0000] {logging_mixin.py:190} INFO - [2024-12-15T20:06:07.504+0000] {dag.py:3239} INFO - Sync 1 DAGs
[2024-12-15T20:06:07.646+0000] {logging_mixin.py:190} INFO - [2024-12-15T20:06:07.645+0000] {dag.py:4180} INFO - Setting next_dagrun for example_display_name to None, run_after=None
[2024-12-15T20:06:07.704+0000] {processor.py:208} INFO - Processing /home/airflow/.local/lib/python3.12/site-packages/airflow/example_dags/example_display_name.py took 0.452 seconds
[2024-12-15T20:06:38.111+0000] {processor.py:186} INFO - Started process (PID=654) to work on /home/airflow/.local/lib/python3.12/site-packages/airflow/example_dags/example_display_name.py
[2024-12-15T20:06:38.114+0000] {processor.py:914} INFO - Processing file /home/airflow/.local/lib/python3.12/site-packages/airflow/example_dags/example_display_name.py for tasks to queue
[2024-12-15T20:06:38.120+0000] {logging_mixin.py:190} INFO - [2024-12-15T20:06:38.119+0000] {dagbag.py:588} INFO - Filling up the DagBag from /home/airflow/.local/lib/python3.12/site-packages/airflow/example_dags/example_display_name.py
[2024-12-15T20:06:38.137+0000] {processor.py:925} INFO - DAG(s) 'example_display_name' retrieved from /home/airflow/.local/lib/python3.12/site-packages/airflow/example_dags/example_display_name.py
[2024-12-15T20:06:38.165+0000] {logging_mixin.py:190} INFO - [2024-12-15T20:06:38.164+0000] {dag.py:3239} INFO - Sync 1 DAGs
[2024-12-15T20:06:38.196+0000] {logging_mixin.py:190} INFO - [2024-12-15T20:06:38.196+0000] {dag.py:4180} INFO - Setting next_dagrun for example_display_name to None, run_after=None
[2024-12-15T20:06:38.228+0000] {processor.py:208} INFO - Processing /home/airflow/.local/lib/python3.12/site-packages/airflow/example_dags/example_display_name.py took 0.126 seconds
[2024-12-15T20:07:10.484+0000] {processor.py:186} INFO - Started process (PID=720) to work on /home/airflow/.local/lib/python3.12/site-packages/airflow/example_dags/example_display_name.py
[2024-12-15T20:07:10.488+0000] {processor.py:914} INFO - Processing file /home/airflow/.local/lib/python3.12/site-packages/airflow/example_dags/example_display_name.py for tasks to queue
[2024-12-15T20:07:10.493+0000] {logging_mixin.py:190} INFO - [2024-12-15T20:07:10.493+0000] {dagbag.py:588} INFO - Filling up the DagBag from /home/airflow/.local/lib/python3.12/site-packages/airflow/example_dags/example_display_name.py
[2024-12-15T20:07:10.519+0000] {processor.py:925} INFO - DAG(s) 'example_display_name' retrieved from /home/airflow/.local/lib/python3.12/site-packages/airflow/example_dags/example_display_name.py
[2024-12-15T20:07:10.553+0000] {logging_mixin.py:190} INFO - [2024-12-15T20:07:10.552+0000] {dag.py:3239} INFO - Sync 1 DAGs
[2024-12-15T20:07:10.575+0000] {logging_mixin.py:190} INFO - [2024-12-15T20:07:10.574+0000] {dag.py:4180} INFO - Setting next_dagrun for example_display_name to None, run_after=None
[2024-12-15T20:07:10.616+0000] {processor.py:208} INFO - Processing /home/airflow/.local/lib/python3.12/site-packages/airflow/example_dags/example_display_name.py took 0.150 seconds
[2024-12-15T20:16:32.275+0000] {processor.py:186} INFO - Started process (PID=84) to work on /home/airflow/.local/lib/python3.12/site-packages/airflow/example_dags/example_display_name.py
[2024-12-15T20:16:32.277+0000] {processor.py:914} INFO - Processing file /home/airflow/.local/lib/python3.12/site-packages/airflow/example_dags/example_display_name.py for tasks to queue
[2024-12-15T20:16:32.281+0000] {logging_mixin.py:190} INFO - [2024-12-15T20:16:32.280+0000] {dagbag.py:588} INFO - Filling up the DagBag from /home/airflow/.local/lib/python3.12/site-packages/airflow/example_dags/example_display_name.py
[2024-12-15T20:16:32.320+0000] {processor.py:925} INFO - DAG(s) 'example_display_name' retrieved from /home/airflow/.local/lib/python3.12/site-packages/airflow/example_dags/example_display_name.py
[2024-12-15T20:16:32.359+0000] {logging_mixin.py:190} INFO - [2024-12-15T20:16:32.359+0000] {dag.py:3239} INFO - Sync 1 DAGs
[2024-12-15T20:16:32.386+0000] {logging_mixin.py:190} INFO - [2024-12-15T20:16:32.386+0000] {dag.py:4180} INFO - Setting next_dagrun for example_display_name to None, run_after=None
[2024-12-15T20:16:32.427+0000] {processor.py:208} INFO - Processing /home/airflow/.local/lib/python3.12/site-packages/airflow/example_dags/example_display_name.py took 0.163 seconds
[2024-12-15T20:17:04.438+0000] {processor.py:186} INFO - Started process (PID=148) to work on /home/airflow/.local/lib/python3.12/site-packages/airflow/example_dags/example_display_name.py
[2024-12-15T20:17:04.440+0000] {processor.py:914} INFO - Processing file /home/airflow/.local/lib/python3.12/site-packages/airflow/example_dags/example_display_name.py for tasks to queue
[2024-12-15T20:17:04.445+0000] {logging_mixin.py:190} INFO - [2024-12-15T20:17:04.444+0000] {dagbag.py:588} INFO - Filling up the DagBag from /home/airflow/.local/lib/python3.12/site-packages/airflow/example_dags/example_display_name.py
[2024-12-15T20:17:04.454+0000] {processor.py:925} INFO - DAG(s) 'example_display_name' retrieved from /home/airflow/.local/lib/python3.12/site-packages/airflow/example_dags/example_display_name.py
[2024-12-15T20:17:04.483+0000] {logging_mixin.py:190} INFO - [2024-12-15T20:17:04.483+0000] {dag.py:3239} INFO - Sync 1 DAGs
[2024-12-15T20:17:04.502+0000] {logging_mixin.py:190} INFO - [2024-12-15T20:17:04.502+0000] {dag.py:4180} INFO - Setting next_dagrun for example_display_name to None, run_after=None
[2024-12-15T20:17:04.528+0000] {processor.py:208} INFO - Processing /home/airflow/.local/lib/python3.12/site-packages/airflow/example_dags/example_display_name.py took 0.101 seconds
[2024-12-15T20:17:37.026+0000] {processor.py:186} INFO - Started process (PID=212) to work on /home/airflow/.local/lib/python3.12/site-packages/airflow/example_dags/example_display_name.py
[2024-12-15T20:17:37.031+0000] {processor.py:914} INFO - Processing file /home/airflow/.local/lib/python3.12/site-packages/airflow/example_dags/example_display_name.py for tasks to queue
[2024-12-15T20:17:37.042+0000] {logging_mixin.py:190} INFO - [2024-12-15T20:17:37.040+0000] {dagbag.py:588} INFO - Filling up the DagBag from /home/airflow/.local/lib/python3.12/site-packages/airflow/example_dags/example_display_name.py
[2024-12-15T20:17:37.068+0000] {processor.py:925} INFO - DAG(s) 'example_display_name' retrieved from /home/airflow/.local/lib/python3.12/site-packages/airflow/example_dags/example_display_name.py
[2024-12-15T20:17:37.120+0000] {logging_mixin.py:190} INFO - [2024-12-15T20:17:37.120+0000] {dag.py:3239} INFO - Sync 1 DAGs
[2024-12-15T20:17:37.141+0000] {logging_mixin.py:190} INFO - [2024-12-15T20:17:37.141+0000] {dag.py:4180} INFO - Setting next_dagrun for example_display_name to None, run_after=None
[2024-12-15T20:17:37.168+0000] {processor.py:208} INFO - Processing /home/airflow/.local/lib/python3.12/site-packages/airflow/example_dags/example_display_name.py took 0.159 seconds
[2024-12-15T20:18:12.229+0000] {processor.py:186} INFO - Started process (PID=276) to work on /home/airflow/.local/lib/python3.12/site-packages/airflow/example_dags/example_display_name.py
[2024-12-15T20:18:12.247+0000] {processor.py:914} INFO - Processing file /home/airflow/.local/lib/python3.12/site-packages/airflow/example_dags/example_display_name.py for tasks to queue
[2024-12-15T20:18:12.253+0000] {logging_mixin.py:190} INFO - [2024-12-15T20:18:12.253+0000] {dagbag.py:588} INFO - Filling up the DagBag from /home/airflow/.local/lib/python3.12/site-packages/airflow/example_dags/example_display_name.py
[2024-12-15T20:18:12.279+0000] {processor.py:925} INFO - DAG(s) 'example_display_name' retrieved from /home/airflow/.local/lib/python3.12/site-packages/airflow/example_dags/example_display_name.py
[2024-12-15T20:18:12.334+0000] {logging_mixin.py:190} INFO - [2024-12-15T20:18:12.334+0000] {dag.py:3239} INFO - Sync 1 DAGs
[2024-12-15T20:18:12.383+0000] {logging_mixin.py:190} INFO - [2024-12-15T20:18:12.382+0000] {dag.py:4180} INFO - Setting next_dagrun for example_display_name to None, run_after=None
[2024-12-15T20:18:12.465+0000] {processor.py:208} INFO - Processing /home/airflow/.local/lib/python3.12/site-packages/airflow/example_dags/example_display_name.py took 0.258 seconds
[2024-12-15T20:18:46.803+0000] {processor.py:186} INFO - Started process (PID=340) to work on /home/airflow/.local/lib/python3.12/site-packages/airflow/example_dags/example_display_name.py
[2024-12-15T20:18:46.815+0000] {processor.py:914} INFO - Processing file /home/airflow/.local/lib/python3.12/site-packages/airflow/example_dags/example_display_name.py for tasks to queue
[2024-12-15T20:18:46.823+0000] {logging_mixin.py:190} INFO - [2024-12-15T20:18:46.822+0000] {dagbag.py:588} INFO - Filling up the DagBag from /home/airflow/.local/lib/python3.12/site-packages/airflow/example_dags/example_display_name.py
[2024-12-15T20:18:46.893+0000] {processor.py:925} INFO - DAG(s) 'example_display_name' retrieved from /home/airflow/.local/lib/python3.12/site-packages/airflow/example_dags/example_display_name.py
[2024-12-15T20:18:46.990+0000] {logging_mixin.py:190} INFO - [2024-12-15T20:18:46.990+0000] {dag.py:3239} INFO - Sync 1 DAGs
[2024-12-15T20:18:47.072+0000] {logging_mixin.py:190} INFO - [2024-12-15T20:18:47.072+0000] {dag.py:4180} INFO - Setting next_dagrun for example_display_name to None, run_after=None
[2024-12-15T20:18:47.165+0000] {processor.py:208} INFO - Processing /home/airflow/.local/lib/python3.12/site-packages/airflow/example_dags/example_display_name.py took 0.384 seconds
[2024-12-15T20:19:19.954+0000] {processor.py:186} INFO - Started process (PID=403) to work on /home/airflow/.local/lib/python3.12/site-packages/airflow/example_dags/example_display_name.py
[2024-12-15T20:19:19.961+0000] {processor.py:914} INFO - Processing file /home/airflow/.local/lib/python3.12/site-packages/airflow/example_dags/example_display_name.py for tasks to queue
[2024-12-15T20:19:19.975+0000] {logging_mixin.py:190} INFO - [2024-12-15T20:19:19.974+0000] {dagbag.py:588} INFO - Filling up the DagBag from /home/airflow/.local/lib/python3.12/site-packages/airflow/example_dags/example_display_name.py
[2024-12-15T20:19:20.008+0000] {processor.py:925} INFO - DAG(s) 'example_display_name' retrieved from /home/airflow/.local/lib/python3.12/site-packages/airflow/example_dags/example_display_name.py
[2024-12-15T20:19:20.065+0000] {logging_mixin.py:190} INFO - [2024-12-15T20:19:20.064+0000] {dag.py:3239} INFO - Sync 1 DAGs
[2024-12-15T20:19:20.132+0000] {logging_mixin.py:190} INFO - [2024-12-15T20:19:20.132+0000] {dag.py:4180} INFO - Setting next_dagrun for example_display_name to None, run_after=None
[2024-12-15T20:19:20.347+0000] {processor.py:208} INFO - Processing /home/airflow/.local/lib/python3.12/site-packages/airflow/example_dags/example_display_name.py took 0.427 seconds
[2024-12-15T20:21:05.702+0000] {processor.py:186} INFO - Started process (PID=462) to work on /home/airflow/.local/lib/python3.12/site-packages/airflow/example_dags/example_display_name.py
[2024-12-15T20:21:05.710+0000] {processor.py:914} INFO - Processing file /home/airflow/.local/lib/python3.12/site-packages/airflow/example_dags/example_display_name.py for tasks to queue
[2024-12-15T20:21:05.724+0000] {logging_mixin.py:190} INFO - [2024-12-15T20:21:05.718+0000] {dagbag.py:588} INFO - Filling up the DagBag from /home/airflow/.local/lib/python3.12/site-packages/airflow/example_dags/example_display_name.py
[2024-12-15T20:21:05.800+0000] {processor.py:925} INFO - DAG(s) 'example_display_name' retrieved from /home/airflow/.local/lib/python3.12/site-packages/airflow/example_dags/example_display_name.py
[2024-12-15T20:21:05.949+0000] {logging_mixin.py:190} INFO - [2024-12-15T20:21:05.948+0000] {dag.py:3239} INFO - Sync 1 DAGs
[2024-12-15T20:21:06.039+0000] {logging_mixin.py:190} INFO - [2024-12-15T20:21:06.039+0000] {dag.py:4180} INFO - Setting next_dagrun for example_display_name to None, run_after=None
[2024-12-15T20:21:06.126+0000] {processor.py:208} INFO - Processing /home/airflow/.local/lib/python3.12/site-packages/airflow/example_dags/example_display_name.py took 0.448 seconds
[2024-12-15T20:21:36.307+0000] {processor.py:186} INFO - Started process (PID=526) to work on /home/airflow/.local/lib/python3.12/site-packages/airflow/example_dags/example_display_name.py
[2024-12-15T20:21:36.310+0000] {processor.py:914} INFO - Processing file /home/airflow/.local/lib/python3.12/site-packages/airflow/example_dags/example_display_name.py for tasks to queue
[2024-12-15T20:21:36.314+0000] {logging_mixin.py:190} INFO - [2024-12-15T20:21:36.312+0000] {dagbag.py:588} INFO - Filling up the DagBag from /home/airflow/.local/lib/python3.12/site-packages/airflow/example_dags/example_display_name.py
[2024-12-15T20:21:36.326+0000] {processor.py:925} INFO - DAG(s) 'example_display_name' retrieved from /home/airflow/.local/lib/python3.12/site-packages/airflow/example_dags/example_display_name.py
[2024-12-15T20:21:36.356+0000] {logging_mixin.py:190} INFO - [2024-12-15T20:21:36.356+0000] {dag.py:3239} INFO - Sync 1 DAGs
[2024-12-15T20:21:36.382+0000] {logging_mixin.py:190} INFO - [2024-12-15T20:21:36.382+0000] {dag.py:4180} INFO - Setting next_dagrun for example_display_name to None, run_after=None
[2024-12-15T20:21:36.413+0000] {processor.py:208} INFO - Processing /home/airflow/.local/lib/python3.12/site-packages/airflow/example_dags/example_display_name.py took 0.122 seconds
[2024-12-15T20:22:07.683+0000] {processor.py:186} INFO - Started process (PID=592) to work on /home/airflow/.local/lib/python3.12/site-packages/airflow/example_dags/example_display_name.py
[2024-12-15T20:22:07.686+0000] {processor.py:914} INFO - Processing file /home/airflow/.local/lib/python3.12/site-packages/airflow/example_dags/example_display_name.py for tasks to queue
[2024-12-15T20:22:07.693+0000] {logging_mixin.py:190} INFO - [2024-12-15T20:22:07.693+0000] {dagbag.py:588} INFO - Filling up the DagBag from /home/airflow/.local/lib/python3.12/site-packages/airflow/example_dags/example_display_name.py
[2024-12-15T20:22:07.716+0000] {processor.py:925} INFO - DAG(s) 'example_display_name' retrieved from /home/airflow/.local/lib/python3.12/site-packages/airflow/example_dags/example_display_name.py
[2024-12-15T20:22:07.782+0000] {logging_mixin.py:190} INFO - [2024-12-15T20:22:07.782+0000] {dag.py:3239} INFO - Sync 1 DAGs
[2024-12-15T20:22:07.835+0000] {logging_mixin.py:190} INFO - [2024-12-15T20:22:07.834+0000] {dag.py:4180} INFO - Setting next_dagrun for example_display_name to None, run_after=None
[2024-12-15T20:22:07.914+0000] {processor.py:208} INFO - Processing /home/airflow/.local/lib/python3.12/site-packages/airflow/example_dags/example_display_name.py took 0.271 seconds
[2024-12-15T20:22:38.694+0000] {processor.py:186} INFO - Started process (PID=656) to work on /home/airflow/.local/lib/python3.12/site-packages/airflow/example_dags/example_display_name.py
[2024-12-15T20:22:38.695+0000] {processor.py:914} INFO - Processing file /home/airflow/.local/lib/python3.12/site-packages/airflow/example_dags/example_display_name.py for tasks to queue
[2024-12-15T20:22:38.698+0000] {logging_mixin.py:190} INFO - [2024-12-15T20:22:38.698+0000] {dagbag.py:588} INFO - Filling up the DagBag from /home/airflow/.local/lib/python3.12/site-packages/airflow/example_dags/example_display_name.py
[2024-12-15T20:22:38.722+0000] {processor.py:925} INFO - DAG(s) 'example_display_name' retrieved from /home/airflow/.local/lib/python3.12/site-packages/airflow/example_dags/example_display_name.py
[2024-12-15T20:22:38.748+0000] {logging_mixin.py:190} INFO - [2024-12-15T20:22:38.748+0000] {dag.py:3239} INFO - Sync 1 DAGs
[2024-12-15T20:22:38.792+0000] {logging_mixin.py:190} INFO - [2024-12-15T20:22:38.791+0000] {dag.py:4180} INFO - Setting next_dagrun for example_display_name to None, run_after=None
[2024-12-15T20:22:38.851+0000] {processor.py:208} INFO - Processing /home/airflow/.local/lib/python3.12/site-packages/airflow/example_dags/example_display_name.py took 0.169 seconds
[2024-12-15T20:23:09.425+0000] {processor.py:186} INFO - Started process (PID=722) to work on /home/airflow/.local/lib/python3.12/site-packages/airflow/example_dags/example_display_name.py
[2024-12-15T20:23:09.426+0000] {processor.py:914} INFO - Processing file /home/airflow/.local/lib/python3.12/site-packages/airflow/example_dags/example_display_name.py for tasks to queue
[2024-12-15T20:23:09.429+0000] {logging_mixin.py:190} INFO - [2024-12-15T20:23:09.428+0000] {dagbag.py:588} INFO - Filling up the DagBag from /home/airflow/.local/lib/python3.12/site-packages/airflow/example_dags/example_display_name.py
[2024-12-15T20:23:09.445+0000] {processor.py:925} INFO - DAG(s) 'example_display_name' retrieved from /home/airflow/.local/lib/python3.12/site-packages/airflow/example_dags/example_display_name.py
[2024-12-15T20:23:09.529+0000] {logging_mixin.py:190} INFO - [2024-12-15T20:23:09.529+0000] {dag.py:3239} INFO - Sync 1 DAGs
[2024-12-15T20:23:09.581+0000] {logging_mixin.py:190} INFO - [2024-12-15T20:23:09.580+0000] {dag.py:4180} INFO - Setting next_dagrun for example_display_name to None, run_after=None
[2024-12-15T20:23:09.628+0000] {processor.py:208} INFO - Processing /home/airflow/.local/lib/python3.12/site-packages/airflow/example_dags/example_display_name.py took 0.216 seconds
[2024-12-15T20:23:39.806+0000] {processor.py:186} INFO - Started process (PID=787) to work on /home/airflow/.local/lib/python3.12/site-packages/airflow/example_dags/example_display_name.py
[2024-12-15T20:23:39.809+0000] {processor.py:914} INFO - Processing file /home/airflow/.local/lib/python3.12/site-packages/airflow/example_dags/example_display_name.py for tasks to queue
[2024-12-15T20:23:39.817+0000] {logging_mixin.py:190} INFO - [2024-12-15T20:23:39.812+0000] {dagbag.py:588} INFO - Filling up the DagBag from /home/airflow/.local/lib/python3.12/site-packages/airflow/example_dags/example_display_name.py
[2024-12-15T20:23:39.841+0000] {processor.py:925} INFO - DAG(s) 'example_display_name' retrieved from /home/airflow/.local/lib/python3.12/site-packages/airflow/example_dags/example_display_name.py
[2024-12-15T20:23:39.885+0000] {logging_mixin.py:190} INFO - [2024-12-15T20:23:39.885+0000] {dag.py:3239} INFO - Sync 1 DAGs
[2024-12-15T20:23:39.922+0000] {logging_mixin.py:190} INFO - [2024-12-15T20:23:39.921+0000] {dag.py:4180} INFO - Setting next_dagrun for example_display_name to None, run_after=None
[2024-12-15T20:23:39.972+0000] {processor.py:208} INFO - Processing /home/airflow/.local/lib/python3.12/site-packages/airflow/example_dags/example_display_name.py took 0.183 seconds
[2024-12-15T20:29:14.274+0000] {processor.py:186} INFO - Started process (PID=889) to work on /home/airflow/.local/lib/python3.12/site-packages/airflow/example_dags/example_display_name.py
[2024-12-15T20:29:14.361+0000] {processor.py:914} INFO - Processing file /home/airflow/.local/lib/python3.12/site-packages/airflow/example_dags/example_display_name.py for tasks to queue
[2024-12-15T20:29:14.378+0000] {logging_mixin.py:190} INFO - [2024-12-15T20:29:14.378+0000] {dagbag.py:588} INFO - Filling up the DagBag from /home/airflow/.local/lib/python3.12/site-packages/airflow/example_dags/example_display_name.py
[2024-12-15T20:29:14.444+0000] {processor.py:925} INFO - DAG(s) 'example_display_name' retrieved from /home/airflow/.local/lib/python3.12/site-packages/airflow/example_dags/example_display_name.py
[2024-12-15T20:29:14.642+0000] {logging_mixin.py:190} INFO - [2024-12-15T20:29:14.642+0000] {dag.py:3239} INFO - Sync 1 DAGs
[2024-12-15T20:29:14.761+0000] {logging_mixin.py:190} INFO - [2024-12-15T20:29:14.760+0000] {dag.py:4180} INFO - Setting next_dagrun for example_display_name to None, run_after=None
[2024-12-15T20:29:14.860+0000] {processor.py:208} INFO - Processing /home/airflow/.local/lib/python3.12/site-packages/airflow/example_dags/example_display_name.py took 0.655 seconds
[2024-12-15T20:30:27.031+0000] {processor.py:186} INFO - Started process (PID=958) to work on /home/airflow/.local/lib/python3.12/site-packages/airflow/example_dags/example_display_name.py
[2024-12-15T20:30:27.041+0000] {processor.py:914} INFO - Processing file /home/airflow/.local/lib/python3.12/site-packages/airflow/example_dags/example_display_name.py for tasks to queue
[2024-12-15T20:30:27.044+0000] {logging_mixin.py:190} INFO - [2024-12-15T20:30:27.044+0000] {dagbag.py:588} INFO - Filling up the DagBag from /home/airflow/.local/lib/python3.12/site-packages/airflow/example_dags/example_display_name.py
[2024-12-15T20:30:27.073+0000] {processor.py:925} INFO - DAG(s) 'example_display_name' retrieved from /home/airflow/.local/lib/python3.12/site-packages/airflow/example_dags/example_display_name.py
[2024-12-15T20:30:27.137+0000] {logging_mixin.py:190} INFO - [2024-12-15T20:30:27.136+0000] {dag.py:3239} INFO - Sync 1 DAGs
[2024-12-15T20:30:27.181+0000] {logging_mixin.py:190} INFO - [2024-12-15T20:30:27.180+0000] {dag.py:4180} INFO - Setting next_dagrun for example_display_name to None, run_after=None
[2024-12-15T20:30:27.241+0000] {processor.py:208} INFO - Processing /home/airflow/.local/lib/python3.12/site-packages/airflow/example_dags/example_display_name.py took 0.235 seconds
[2024-12-15T20:31:00.990+0000] {processor.py:186} INFO - Started process (PID=1024) to work on /home/airflow/.local/lib/python3.12/site-packages/airflow/example_dags/example_display_name.py
[2024-12-15T20:31:00.992+0000] {processor.py:914} INFO - Processing file /home/airflow/.local/lib/python3.12/site-packages/airflow/example_dags/example_display_name.py for tasks to queue
[2024-12-15T20:31:00.994+0000] {logging_mixin.py:190} INFO - [2024-12-15T20:31:00.994+0000] {dagbag.py:588} INFO - Filling up the DagBag from /home/airflow/.local/lib/python3.12/site-packages/airflow/example_dags/example_display_name.py
[2024-12-15T20:31:01.011+0000] {processor.py:925} INFO - DAG(s) 'example_display_name' retrieved from /home/airflow/.local/lib/python3.12/site-packages/airflow/example_dags/example_display_name.py
[2024-12-15T20:31:01.071+0000] {logging_mixin.py:190} INFO - [2024-12-15T20:31:01.071+0000] {dag.py:3239} INFO - Sync 1 DAGs
[2024-12-15T20:31:01.117+0000] {logging_mixin.py:190} INFO - [2024-12-15T20:31:01.117+0000] {dag.py:4180} INFO - Setting next_dagrun for example_display_name to None, run_after=None
[2024-12-15T20:31:01.172+0000] {processor.py:208} INFO - Processing /home/airflow/.local/lib/python3.12/site-packages/airflow/example_dags/example_display_name.py took 0.198 seconds
[2024-12-15T20:31:33.160+0000] {processor.py:186} INFO - Started process (PID=1089) to work on /home/airflow/.local/lib/python3.12/site-packages/airflow/example_dags/example_display_name.py
[2024-12-15T20:31:33.162+0000] {processor.py:914} INFO - Processing file /home/airflow/.local/lib/python3.12/site-packages/airflow/example_dags/example_display_name.py for tasks to queue
[2024-12-15T20:31:33.166+0000] {logging_mixin.py:190} INFO - [2024-12-15T20:31:33.165+0000] {dagbag.py:588} INFO - Filling up the DagBag from /home/airflow/.local/lib/python3.12/site-packages/airflow/example_dags/example_display_name.py
[2024-12-15T20:31:33.206+0000] {processor.py:925} INFO - DAG(s) 'example_display_name' retrieved from /home/airflow/.local/lib/python3.12/site-packages/airflow/example_dags/example_display_name.py
[2024-12-15T20:31:33.273+0000] {logging_mixin.py:190} INFO - [2024-12-15T20:31:33.272+0000] {dag.py:3239} INFO - Sync 1 DAGs
[2024-12-15T20:31:33.368+0000] {logging_mixin.py:190} INFO - [2024-12-15T20:31:33.368+0000] {dag.py:4180} INFO - Setting next_dagrun for example_display_name to None, run_after=None
[2024-12-15T20:31:33.456+0000] {processor.py:208} INFO - Processing /home/airflow/.local/lib/python3.12/site-packages/airflow/example_dags/example_display_name.py took 0.312 seconds
[2024-12-15T20:33:06.300+0000] {processor.py:186} INFO - Started process (PID=1148) to work on /home/airflow/.local/lib/python3.12/site-packages/airflow/example_dags/example_display_name.py
[2024-12-15T20:33:06.324+0000] {processor.py:914} INFO - Processing file /home/airflow/.local/lib/python3.12/site-packages/airflow/example_dags/example_display_name.py for tasks to queue
[2024-12-15T20:33:06.332+0000] {logging_mixin.py:190} INFO - [2024-12-15T20:33:06.330+0000] {dagbag.py:588} INFO - Filling up the DagBag from /home/airflow/.local/lib/python3.12/site-packages/airflow/example_dags/example_display_name.py
[2024-12-15T20:33:06.413+0000] {processor.py:925} INFO - DAG(s) 'example_display_name' retrieved from /home/airflow/.local/lib/python3.12/site-packages/airflow/example_dags/example_display_name.py
[2024-12-15T20:33:06.655+0000] {logging_mixin.py:190} INFO - [2024-12-15T20:33:06.655+0000] {dag.py:3239} INFO - Sync 1 DAGs
[2024-12-15T20:33:06.751+0000] {logging_mixin.py:190} INFO - [2024-12-15T20:33:06.750+0000] {dag.py:4180} INFO - Setting next_dagrun for example_display_name to None, run_after=None
[2024-12-15T20:33:06.898+0000] {processor.py:208} INFO - Processing /home/airflow/.local/lib/python3.12/site-packages/airflow/example_dags/example_display_name.py took 0.648 seconds
[2024-12-15T20:33:37.119+0000] {processor.py:186} INFO - Started process (PID=1214) to work on /home/airflow/.local/lib/python3.12/site-packages/airflow/example_dags/example_display_name.py
[2024-12-15T20:33:37.123+0000] {processor.py:914} INFO - Processing file /home/airflow/.local/lib/python3.12/site-packages/airflow/example_dags/example_display_name.py for tasks to queue
[2024-12-15T20:33:37.127+0000] {logging_mixin.py:190} INFO - [2024-12-15T20:33:37.126+0000] {dagbag.py:588} INFO - Filling up the DagBag from /home/airflow/.local/lib/python3.12/site-packages/airflow/example_dags/example_display_name.py
[2024-12-15T20:33:37.161+0000] {processor.py:925} INFO - DAG(s) 'example_display_name' retrieved from /home/airflow/.local/lib/python3.12/site-packages/airflow/example_dags/example_display_name.py
[2024-12-15T20:33:37.213+0000] {logging_mixin.py:190} INFO - [2024-12-15T20:33:37.212+0000] {dag.py:3239} INFO - Sync 1 DAGs
[2024-12-15T20:33:37.255+0000] {logging_mixin.py:190} INFO - [2024-12-15T20:33:37.255+0000] {dag.py:4180} INFO - Setting next_dagrun for example_display_name to None, run_after=None
[2024-12-15T20:33:37.320+0000] {processor.py:208} INFO - Processing /home/airflow/.local/lib/python3.12/site-packages/airflow/example_dags/example_display_name.py took 0.220 seconds
[2024-12-15T20:34:07.961+0000] {processor.py:186} INFO - Started process (PID=1279) to work on /home/airflow/.local/lib/python3.12/site-packages/airflow/example_dags/example_display_name.py
[2024-12-15T20:34:07.965+0000] {processor.py:914} INFO - Processing file /home/airflow/.local/lib/python3.12/site-packages/airflow/example_dags/example_display_name.py for tasks to queue
[2024-12-15T20:34:07.969+0000] {logging_mixin.py:190} INFO - [2024-12-15T20:34:07.968+0000] {dagbag.py:588} INFO - Filling up the DagBag from /home/airflow/.local/lib/python3.12/site-packages/airflow/example_dags/example_display_name.py
[2024-12-15T20:34:08.009+0000] {processor.py:925} INFO - DAG(s) 'example_display_name' retrieved from /home/airflow/.local/lib/python3.12/site-packages/airflow/example_dags/example_display_name.py
[2024-12-15T20:34:08.087+0000] {logging_mixin.py:190} INFO - [2024-12-15T20:34:08.087+0000] {dag.py:3239} INFO - Sync 1 DAGs
[2024-12-15T20:34:08.125+0000] {logging_mixin.py:190} INFO - [2024-12-15T20:34:08.125+0000] {dag.py:4180} INFO - Setting next_dagrun for example_display_name to None, run_after=None
[2024-12-15T20:34:08.213+0000] {processor.py:208} INFO - Processing /home/airflow/.local/lib/python3.12/site-packages/airflow/example_dags/example_display_name.py took 0.267 seconds
[2024-12-15T20:34:38.823+0000] {processor.py:186} INFO - Started process (PID=1345) to work on /home/airflow/.local/lib/python3.12/site-packages/airflow/example_dags/example_display_name.py
[2024-12-15T20:34:38.825+0000] {processor.py:914} INFO - Processing file /home/airflow/.local/lib/python3.12/site-packages/airflow/example_dags/example_display_name.py for tasks to queue
[2024-12-15T20:34:38.828+0000] {logging_mixin.py:190} INFO - [2024-12-15T20:34:38.827+0000] {dagbag.py:588} INFO - Filling up the DagBag from /home/airflow/.local/lib/python3.12/site-packages/airflow/example_dags/example_display_name.py
[2024-12-15T20:34:38.844+0000] {processor.py:925} INFO - DAG(s) 'example_display_name' retrieved from /home/airflow/.local/lib/python3.12/site-packages/airflow/example_dags/example_display_name.py
[2024-12-15T20:34:38.887+0000] {logging_mixin.py:190} INFO - [2024-12-15T20:34:38.887+0000] {dag.py:3239} INFO - Sync 1 DAGs
[2024-12-15T20:34:38.907+0000] {logging_mixin.py:190} INFO - [2024-12-15T20:34:38.907+0000] {dag.py:4180} INFO - Setting next_dagrun for example_display_name to None, run_after=None
[2024-12-15T20:34:38.933+0000] {processor.py:208} INFO - Processing /home/airflow/.local/lib/python3.12/site-packages/airflow/example_dags/example_display_name.py took 0.124 seconds
[2024-12-15T20:35:10.828+0000] {processor.py:186} INFO - Started process (PID=1409) to work on /home/airflow/.local/lib/python3.12/site-packages/airflow/example_dags/example_display_name.py
[2024-12-15T20:35:10.831+0000] {processor.py:914} INFO - Processing file /home/airflow/.local/lib/python3.12/site-packages/airflow/example_dags/example_display_name.py for tasks to queue
[2024-12-15T20:35:10.839+0000] {logging_mixin.py:190} INFO - [2024-12-15T20:35:10.835+0000] {dagbag.py:588} INFO - Filling up the DagBag from /home/airflow/.local/lib/python3.12/site-packages/airflow/example_dags/example_display_name.py
[2024-12-15T20:35:10.862+0000] {processor.py:925} INFO - DAG(s) 'example_display_name' retrieved from /home/airflow/.local/lib/python3.12/site-packages/airflow/example_dags/example_display_name.py
[2024-12-15T20:35:10.910+0000] {logging_mixin.py:190} INFO - [2024-12-15T20:35:10.910+0000] {dag.py:3239} INFO - Sync 1 DAGs
[2024-12-15T20:35:10.932+0000] {logging_mixin.py:190} INFO - [2024-12-15T20:35:10.931+0000] {dag.py:4180} INFO - Setting next_dagrun for example_display_name to None, run_after=None
[2024-12-15T20:35:10.987+0000] {processor.py:208} INFO - Processing /home/airflow/.local/lib/python3.12/site-packages/airflow/example_dags/example_display_name.py took 0.174 seconds
[2024-12-15T20:35:57.251+0000] {processor.py:186} INFO - Started process (PID=1480) to work on /home/airflow/.local/lib/python3.12/site-packages/airflow/example_dags/example_display_name.py
[2024-12-15T20:35:57.253+0000] {processor.py:914} INFO - Processing file /home/airflow/.local/lib/python3.12/site-packages/airflow/example_dags/example_display_name.py for tasks to queue
[2024-12-15T20:35:57.256+0000] {logging_mixin.py:190} INFO - [2024-12-15T20:35:57.255+0000] {dagbag.py:588} INFO - Filling up the DagBag from /home/airflow/.local/lib/python3.12/site-packages/airflow/example_dags/example_display_name.py
[2024-12-15T20:35:57.268+0000] {processor.py:925} INFO - DAG(s) 'example_display_name' retrieved from /home/airflow/.local/lib/python3.12/site-packages/airflow/example_dags/example_display_name.py
[2024-12-15T20:35:57.299+0000] {logging_mixin.py:190} INFO - [2024-12-15T20:35:57.298+0000] {dag.py:3239} INFO - Sync 1 DAGs
[2024-12-15T20:35:57.320+0000] {logging_mixin.py:190} INFO - [2024-12-15T20:35:57.320+0000] {dag.py:4180} INFO - Setting next_dagrun for example_display_name to None, run_after=None
[2024-12-15T20:35:57.346+0000] {processor.py:208} INFO - Processing /home/airflow/.local/lib/python3.12/site-packages/airflow/example_dags/example_display_name.py took 0.105 seconds
[2024-12-15T20:36:28.615+0000] {processor.py:186} INFO - Started process (PID=1546) to work on /home/airflow/.local/lib/python3.12/site-packages/airflow/example_dags/example_display_name.py
[2024-12-15T20:36:28.617+0000] {processor.py:914} INFO - Processing file /home/airflow/.local/lib/python3.12/site-packages/airflow/example_dags/example_display_name.py for tasks to queue
[2024-12-15T20:36:28.620+0000] {logging_mixin.py:190} INFO - [2024-12-15T20:36:28.620+0000] {dagbag.py:588} INFO - Filling up the DagBag from /home/airflow/.local/lib/python3.12/site-packages/airflow/example_dags/example_display_name.py
[2024-12-15T20:36:28.631+0000] {processor.py:925} INFO - DAG(s) 'example_display_name' retrieved from /home/airflow/.local/lib/python3.12/site-packages/airflow/example_dags/example_display_name.py
[2024-12-15T20:36:28.661+0000] {logging_mixin.py:190} INFO - [2024-12-15T20:36:28.661+0000] {dag.py:3239} INFO - Sync 1 DAGs
[2024-12-15T20:36:28.678+0000] {logging_mixin.py:190} INFO - [2024-12-15T20:36:28.677+0000] {dag.py:4180} INFO - Setting next_dagrun for example_display_name to None, run_after=None
[2024-12-15T20:36:28.710+0000] {processor.py:208} INFO - Processing /home/airflow/.local/lib/python3.12/site-packages/airflow/example_dags/example_display_name.py took 0.104 seconds
[2024-12-15T20:37:01.720+0000] {processor.py:186} INFO - Started process (PID=1612) to work on /home/airflow/.local/lib/python3.12/site-packages/airflow/example_dags/example_display_name.py
[2024-12-15T20:37:01.722+0000] {processor.py:914} INFO - Processing file /home/airflow/.local/lib/python3.12/site-packages/airflow/example_dags/example_display_name.py for tasks to queue
[2024-12-15T20:37:01.728+0000] {logging_mixin.py:190} INFO - [2024-12-15T20:37:01.727+0000] {dagbag.py:588} INFO - Filling up the DagBag from /home/airflow/.local/lib/python3.12/site-packages/airflow/example_dags/example_display_name.py
[2024-12-15T20:37:01.749+0000] {processor.py:925} INFO - DAG(s) 'example_display_name' retrieved from /home/airflow/.local/lib/python3.12/site-packages/airflow/example_dags/example_display_name.py
[2024-12-15T20:37:01.781+0000] {logging_mixin.py:190} INFO - [2024-12-15T20:37:01.781+0000] {dag.py:3239} INFO - Sync 1 DAGs
[2024-12-15T20:37:01.799+0000] {logging_mixin.py:190} INFO - [2024-12-15T20:37:01.799+0000] {dag.py:4180} INFO - Setting next_dagrun for example_display_name to None, run_after=None
[2024-12-15T20:37:01.819+0000] {processor.py:208} INFO - Processing /home/airflow/.local/lib/python3.12/site-packages/airflow/example_dags/example_display_name.py took 0.112 seconds
[2024-12-15T20:37:34.176+0000] {processor.py:186} INFO - Started process (PID=1677) to work on /home/airflow/.local/lib/python3.12/site-packages/airflow/example_dags/example_display_name.py
[2024-12-15T20:37:34.178+0000] {processor.py:914} INFO - Processing file /home/airflow/.local/lib/python3.12/site-packages/airflow/example_dags/example_display_name.py for tasks to queue
[2024-12-15T20:37:34.181+0000] {logging_mixin.py:190} INFO - [2024-12-15T20:37:34.180+0000] {dagbag.py:588} INFO - Filling up the DagBag from /home/airflow/.local/lib/python3.12/site-packages/airflow/example_dags/example_display_name.py
[2024-12-15T20:37:34.210+0000] {processor.py:925} INFO - DAG(s) 'example_display_name' retrieved from /home/airflow/.local/lib/python3.12/site-packages/airflow/example_dags/example_display_name.py
[2024-12-15T20:37:34.284+0000] {logging_mixin.py:190} INFO - [2024-12-15T20:37:34.283+0000] {dag.py:3239} INFO - Sync 1 DAGs
[2024-12-15T20:37:34.335+0000] {logging_mixin.py:190} INFO - [2024-12-15T20:37:34.335+0000] {dag.py:4180} INFO - Setting next_dagrun for example_display_name to None, run_after=None
[2024-12-15T20:37:34.394+0000] {processor.py:208} INFO - Processing /home/airflow/.local/lib/python3.12/site-packages/airflow/example_dags/example_display_name.py took 0.238 seconds
[2024-12-15T20:38:20.208+0000] {processor.py:186} INFO - Started process (PID=1750) to work on /home/airflow/.local/lib/python3.12/site-packages/airflow/example_dags/example_display_name.py
[2024-12-15T20:38:20.212+0000] {processor.py:914} INFO - Processing file /home/airflow/.local/lib/python3.12/site-packages/airflow/example_dags/example_display_name.py for tasks to queue
[2024-12-15T20:38:20.222+0000] {logging_mixin.py:190} INFO - [2024-12-15T20:38:20.221+0000] {dagbag.py:588} INFO - Filling up the DagBag from /home/airflow/.local/lib/python3.12/site-packages/airflow/example_dags/example_display_name.py
[2024-12-15T20:38:20.241+0000] {processor.py:925} INFO - DAG(s) 'example_display_name' retrieved from /home/airflow/.local/lib/python3.12/site-packages/airflow/example_dags/example_display_name.py
[2024-12-15T20:38:20.277+0000] {logging_mixin.py:190} INFO - [2024-12-15T20:38:20.277+0000] {dag.py:3239} INFO - Sync 1 DAGs
[2024-12-15T20:38:20.299+0000] {logging_mixin.py:190} INFO - [2024-12-15T20:38:20.299+0000] {dag.py:4180} INFO - Setting next_dagrun for example_display_name to None, run_after=None
[2024-12-15T20:38:20.329+0000] {processor.py:208} INFO - Processing /home/airflow/.local/lib/python3.12/site-packages/airflow/example_dags/example_display_name.py took 0.143 seconds
[2024-12-15T20:41:10.476+0000] {processor.py:186} INFO - Started process (PID=1837) to work on /home/airflow/.local/lib/python3.12/site-packages/airflow/example_dags/example_display_name.py
[2024-12-15T20:41:10.505+0000] {processor.py:914} INFO - Processing file /home/airflow/.local/lib/python3.12/site-packages/airflow/example_dags/example_display_name.py for tasks to queue
[2024-12-15T20:41:10.508+0000] {logging_mixin.py:190} INFO - [2024-12-15T20:41:10.508+0000] {dagbag.py:588} INFO - Filling up the DagBag from /home/airflow/.local/lib/python3.12/site-packages/airflow/example_dags/example_display_name.py
[2024-12-15T20:41:10.594+0000] {processor.py:925} INFO - DAG(s) 'example_display_name' retrieved from /home/airflow/.local/lib/python3.12/site-packages/airflow/example_dags/example_display_name.py
[2024-12-15T20:41:10.694+0000] {logging_mixin.py:190} INFO - [2024-12-15T20:41:10.689+0000] {dag.py:3239} INFO - Sync 1 DAGs
[2024-12-15T20:41:10.775+0000] {logging_mixin.py:190} INFO - [2024-12-15T20:41:10.775+0000] {dag.py:4180} INFO - Setting next_dagrun for example_display_name to None, run_after=None
[2024-12-15T20:41:10.896+0000] {processor.py:208} INFO - Processing /home/airflow/.local/lib/python3.12/site-packages/airflow/example_dags/example_display_name.py took 0.475 seconds
[2024-12-15T20:41:41.068+0000] {processor.py:186} INFO - Started process (PID=1903) to work on /home/airflow/.local/lib/python3.12/site-packages/airflow/example_dags/example_display_name.py
[2024-12-15T20:41:41.074+0000] {processor.py:914} INFO - Processing file /home/airflow/.local/lib/python3.12/site-packages/airflow/example_dags/example_display_name.py for tasks to queue
[2024-12-15T20:41:41.079+0000] {logging_mixin.py:190} INFO - [2024-12-15T20:41:41.078+0000] {dagbag.py:588} INFO - Filling up the DagBag from /home/airflow/.local/lib/python3.12/site-packages/airflow/example_dags/example_display_name.py
[2024-12-15T20:41:41.107+0000] {processor.py:925} INFO - DAG(s) 'example_display_name' retrieved from /home/airflow/.local/lib/python3.12/site-packages/airflow/example_dags/example_display_name.py
[2024-12-15T20:41:41.145+0000] {logging_mixin.py:190} INFO - [2024-12-15T20:41:41.144+0000] {dag.py:3239} INFO - Sync 1 DAGs
[2024-12-15T20:41:41.161+0000] {logging_mixin.py:190} INFO - [2024-12-15T20:41:41.161+0000] {dag.py:4180} INFO - Setting next_dagrun for example_display_name to None, run_after=None
[2024-12-15T20:41:41.185+0000] {processor.py:208} INFO - Processing /home/airflow/.local/lib/python3.12/site-packages/airflow/example_dags/example_display_name.py took 0.147 seconds
[2024-12-15T20:42:12.195+0000] {processor.py:186} INFO - Started process (PID=1967) to work on /home/airflow/.local/lib/python3.12/site-packages/airflow/example_dags/example_display_name.py
[2024-12-15T20:42:12.198+0000] {processor.py:914} INFO - Processing file /home/airflow/.local/lib/python3.12/site-packages/airflow/example_dags/example_display_name.py for tasks to queue
[2024-12-15T20:42:12.201+0000] {logging_mixin.py:190} INFO - [2024-12-15T20:42:12.200+0000] {dagbag.py:588} INFO - Filling up the DagBag from /home/airflow/.local/lib/python3.12/site-packages/airflow/example_dags/example_display_name.py
[2024-12-15T20:42:12.212+0000] {processor.py:925} INFO - DAG(s) 'example_display_name' retrieved from /home/airflow/.local/lib/python3.12/site-packages/airflow/example_dags/example_display_name.py
[2024-12-15T20:42:12.251+0000] {logging_mixin.py:190} INFO - [2024-12-15T20:42:12.250+0000] {dag.py:3239} INFO - Sync 1 DAGs
[2024-12-15T20:42:12.278+0000] {logging_mixin.py:190} INFO - [2024-12-15T20:42:12.278+0000] {dag.py:4180} INFO - Setting next_dagrun for example_display_name to None, run_after=None
[2024-12-15T20:42:12.315+0000] {processor.py:208} INFO - Processing /home/airflow/.local/lib/python3.12/site-packages/airflow/example_dags/example_display_name.py took 0.129 seconds
