[2024-12-15T19:40:56.803+0000] {processor.py:186} INFO - Started process (PID=97) to work on /home/airflow/.local/lib/python3.12/site-packages/airflow/example_dags/example_task_group.py
[2024-12-15T19:40:56.806+0000] {processor.py:914} INFO - Processing file /home/airflow/.local/lib/python3.12/site-packages/airflow/example_dags/example_task_group.py for tasks to queue
[2024-12-15T19:40:56.810+0000] {logging_mixin.py:190} INFO - [2024-12-15T19:40:56.810+0000] {dagbag.py:588} INFO - Filling up the DagBag from /home/airflow/.local/lib/python3.12/site-packages/airflow/example_dags/example_task_group.py
[2024-12-15T19:40:56.831+0000] {processor.py:925} INFO - DAG(s) 'example_task_group' retrieved from /home/airflow/.local/lib/python3.12/site-packages/airflow/example_dags/example_task_group.py
[2024-12-15T19:40:57.012+0000] {logging_mixin.py:190} INFO - [2024-12-15T19:40:57.011+0000] {override.py:1911} INFO - Created Permission View: can delete on DAG:example_task_group
[2024-12-15T19:40:57.025+0000] {logging_mixin.py:190} INFO - [2024-12-15T19:40:57.025+0000] {override.py:1911} INFO - Created Permission View: can read on DAG:example_task_group
[2024-12-15T19:40:57.038+0000] {logging_mixin.py:190} INFO - [2024-12-15T19:40:57.038+0000] {override.py:1911} INFO - Created Permission View: can edit on DAG:example_task_group
[2024-12-15T19:40:57.048+0000] {logging_mixin.py:190} INFO - [2024-12-15T19:40:57.048+0000] {override.py:1911} INFO - Created Permission View: menu access on DAG Run:example_task_group
[2024-12-15T19:40:57.058+0000] {logging_mixin.py:190} INFO - [2024-12-15T19:40:57.058+0000] {override.py:1911} INFO - Created Permission View: can delete on DAG Run:example_task_group
[2024-12-15T19:40:57.067+0000] {logging_mixin.py:190} INFO - [2024-12-15T19:40:57.066+0000] {override.py:1911} INFO - Created Permission View: can create on DAG Run:example_task_group
[2024-12-15T19:40:57.078+0000] {logging_mixin.py:190} INFO - [2024-12-15T19:40:57.078+0000] {override.py:1911} INFO - Created Permission View: can read on DAG Run:example_task_group
[2024-12-15T19:40:57.080+0000] {logging_mixin.py:190} INFO - [2024-12-15T19:40:57.080+0000] {dag.py:3239} INFO - Sync 1 DAGs
[2024-12-15T19:40:57.099+0000] {logging_mixin.py:190} INFO - [2024-12-15T19:40:57.099+0000] {dag.py:3262} INFO - Creating ORM DAG for example_task_group
[2024-12-15T19:40:57.101+0000] {logging_mixin.py:190} INFO - [2024-12-15T19:40:57.101+0000] {dag.py:4180} INFO - Setting next_dagrun for example_task_group to None, run_after=None
[2024-12-15T19:40:57.123+0000] {processor.py:208} INFO - Processing /home/airflow/.local/lib/python3.12/site-packages/airflow/example_dags/example_task_group.py took 0.337 seconds
[2024-12-15T19:41:27.248+0000] {processor.py:186} INFO - Started process (PID=161) to work on /home/airflow/.local/lib/python3.12/site-packages/airflow/example_dags/example_task_group.py
[2024-12-15T19:41:27.251+0000] {processor.py:914} INFO - Processing file /home/airflow/.local/lib/python3.12/site-packages/airflow/example_dags/example_task_group.py for tasks to queue
[2024-12-15T19:41:27.257+0000] {logging_mixin.py:190} INFO - [2024-12-15T19:41:27.257+0000] {dagbag.py:588} INFO - Filling up the DagBag from /home/airflow/.local/lib/python3.12/site-packages/airflow/example_dags/example_task_group.py
[2024-12-15T19:41:27.273+0000] {processor.py:925} INFO - DAG(s) 'example_task_group' retrieved from /home/airflow/.local/lib/python3.12/site-packages/airflow/example_dags/example_task_group.py
[2024-12-15T19:41:27.299+0000] {logging_mixin.py:190} INFO - [2024-12-15T19:41:27.299+0000] {dag.py:3239} INFO - Sync 1 DAGs
[2024-12-15T19:41:27.318+0000] {logging_mixin.py:190} INFO - [2024-12-15T19:41:27.318+0000] {dag.py:4180} INFO - Setting next_dagrun for example_task_group to None, run_after=None
[2024-12-15T19:41:27.346+0000] {processor.py:208} INFO - Processing /home/airflow/.local/lib/python3.12/site-packages/airflow/example_dags/example_task_group.py took 0.134 seconds
[2024-12-15T19:42:38.677+0000] {processor.py:186} INFO - Started process (PID=254) to work on /home/airflow/.local/lib/python3.12/site-packages/airflow/example_dags/example_task_group.py
[2024-12-15T19:42:38.681+0000] {processor.py:914} INFO - Processing file /home/airflow/.local/lib/python3.12/site-packages/airflow/example_dags/example_task_group.py for tasks to queue
[2024-12-15T19:42:38.687+0000] {logging_mixin.py:190} INFO - [2024-12-15T19:42:38.686+0000] {dagbag.py:588} INFO - Filling up the DagBag from /home/airflow/.local/lib/python3.12/site-packages/airflow/example_dags/example_task_group.py
[2024-12-15T19:42:38.726+0000] {processor.py:925} INFO - DAG(s) 'example_task_group' retrieved from /home/airflow/.local/lib/python3.12/site-packages/airflow/example_dags/example_task_group.py
[2024-12-15T19:42:38.784+0000] {logging_mixin.py:190} INFO - [2024-12-15T19:42:38.783+0000] {dag.py:3239} INFO - Sync 1 DAGs
[2024-12-15T19:42:38.853+0000] {logging_mixin.py:190} INFO - [2024-12-15T19:42:38.853+0000] {dag.py:4180} INFO - Setting next_dagrun for example_task_group to None, run_after=None
[2024-12-15T19:42:39.012+0000] {processor.py:208} INFO - Processing /home/airflow/.local/lib/python3.12/site-packages/airflow/example_dags/example_task_group.py took 0.351 seconds
[2024-12-15T19:43:10.066+0000] {processor.py:186} INFO - Started process (PID=319) to work on /home/airflow/.local/lib/python3.12/site-packages/airflow/example_dags/example_task_group.py
[2024-12-15T19:43:10.069+0000] {processor.py:914} INFO - Processing file /home/airflow/.local/lib/python3.12/site-packages/airflow/example_dags/example_task_group.py for tasks to queue
[2024-12-15T19:43:10.073+0000] {logging_mixin.py:190} INFO - [2024-12-15T19:43:10.072+0000] {dagbag.py:588} INFO - Filling up the DagBag from /home/airflow/.local/lib/python3.12/site-packages/airflow/example_dags/example_task_group.py
[2024-12-15T19:43:10.113+0000] {processor.py:925} INFO - DAG(s) 'example_task_group' retrieved from /home/airflow/.local/lib/python3.12/site-packages/airflow/example_dags/example_task_group.py
[2024-12-15T19:43:10.156+0000] {logging_mixin.py:190} INFO - [2024-12-15T19:43:10.156+0000] {dag.py:3239} INFO - Sync 1 DAGs
[2024-12-15T19:43:10.182+0000] {logging_mixin.py:190} INFO - [2024-12-15T19:43:10.182+0000] {dag.py:4180} INFO - Setting next_dagrun for example_task_group to None, run_after=None
[2024-12-15T19:43:10.226+0000] {processor.py:208} INFO - Processing /home/airflow/.local/lib/python3.12/site-packages/airflow/example_dags/example_task_group.py took 0.180 seconds
[2024-12-15T19:43:40.616+0000] {processor.py:186} INFO - Started process (PID=382) to work on /home/airflow/.local/lib/python3.12/site-packages/airflow/example_dags/example_task_group.py
[2024-12-15T19:43:40.618+0000] {processor.py:914} INFO - Processing file /home/airflow/.local/lib/python3.12/site-packages/airflow/example_dags/example_task_group.py for tasks to queue
[2024-12-15T19:43:40.625+0000] {logging_mixin.py:190} INFO - [2024-12-15T19:43:40.624+0000] {dagbag.py:588} INFO - Filling up the DagBag from /home/airflow/.local/lib/python3.12/site-packages/airflow/example_dags/example_task_group.py
[2024-12-15T19:43:40.645+0000] {processor.py:925} INFO - DAG(s) 'example_task_group' retrieved from /home/airflow/.local/lib/python3.12/site-packages/airflow/example_dags/example_task_group.py
[2024-12-15T19:43:40.700+0000] {logging_mixin.py:190} INFO - [2024-12-15T19:43:40.699+0000] {dag.py:3239} INFO - Sync 1 DAGs
[2024-12-15T19:43:40.751+0000] {logging_mixin.py:190} INFO - [2024-12-15T19:43:40.750+0000] {dag.py:4180} INFO - Setting next_dagrun for example_task_group to None, run_after=None
[2024-12-15T19:43:40.802+0000] {processor.py:208} INFO - Processing /home/airflow/.local/lib/python3.12/site-packages/airflow/example_dags/example_task_group.py took 0.197 seconds
[2024-12-15T19:44:14.166+0000] {processor.py:186} INFO - Started process (PID=447) to work on /home/airflow/.local/lib/python3.12/site-packages/airflow/example_dags/example_task_group.py
[2024-12-15T19:44:14.168+0000] {processor.py:914} INFO - Processing file /home/airflow/.local/lib/python3.12/site-packages/airflow/example_dags/example_task_group.py for tasks to queue
[2024-12-15T19:44:14.173+0000] {logging_mixin.py:190} INFO - [2024-12-15T19:44:14.172+0000] {dagbag.py:588} INFO - Filling up the DagBag from /home/airflow/.local/lib/python3.12/site-packages/airflow/example_dags/example_task_group.py
[2024-12-15T19:44:14.190+0000] {processor.py:925} INFO - DAG(s) 'example_task_group' retrieved from /home/airflow/.local/lib/python3.12/site-packages/airflow/example_dags/example_task_group.py
[2024-12-15T19:44:14.229+0000] {logging_mixin.py:190} INFO - [2024-12-15T19:44:14.228+0000] {dag.py:3239} INFO - Sync 1 DAGs
[2024-12-15T19:44:14.266+0000] {logging_mixin.py:190} INFO - [2024-12-15T19:44:14.266+0000] {dag.py:4180} INFO - Setting next_dagrun for example_task_group to None, run_after=None
[2024-12-15T19:44:14.293+0000] {processor.py:208} INFO - Processing /home/airflow/.local/lib/python3.12/site-packages/airflow/example_dags/example_task_group.py took 0.139 seconds
[2024-12-15T19:45:37.207+0000] {processor.py:186} INFO - Started process (PID=513) to work on /home/airflow/.local/lib/python3.12/site-packages/airflow/example_dags/example_task_group.py
[2024-12-15T19:45:37.211+0000] {processor.py:914} INFO - Processing file /home/airflow/.local/lib/python3.12/site-packages/airflow/example_dags/example_task_group.py for tasks to queue
[2024-12-15T19:45:37.222+0000] {logging_mixin.py:190} INFO - [2024-12-15T19:45:37.221+0000] {dagbag.py:588} INFO - Filling up the DagBag from /home/airflow/.local/lib/python3.12/site-packages/airflow/example_dags/example_task_group.py
[2024-12-15T19:45:37.261+0000] {processor.py:925} INFO - DAG(s) 'example_task_group' retrieved from /home/airflow/.local/lib/python3.12/site-packages/airflow/example_dags/example_task_group.py
[2024-12-15T19:45:37.310+0000] {logging_mixin.py:190} INFO - [2024-12-15T19:45:37.309+0000] {dag.py:3239} INFO - Sync 1 DAGs
[2024-12-15T19:45:37.338+0000] {logging_mixin.py:190} INFO - [2024-12-15T19:45:37.338+0000] {dag.py:4180} INFO - Setting next_dagrun for example_task_group to None, run_after=None
[2024-12-15T19:45:37.377+0000] {processor.py:208} INFO - Processing /home/airflow/.local/lib/python3.12/site-packages/airflow/example_dags/example_task_group.py took 0.189 seconds
[2024-12-15T19:46:07.611+0000] {processor.py:186} INFO - Started process (PID=576) to work on /home/airflow/.local/lib/python3.12/site-packages/airflow/example_dags/example_task_group.py
[2024-12-15T19:46:07.613+0000] {processor.py:914} INFO - Processing file /home/airflow/.local/lib/python3.12/site-packages/airflow/example_dags/example_task_group.py for tasks to queue
[2024-12-15T19:46:07.619+0000] {logging_mixin.py:190} INFO - [2024-12-15T19:46:07.618+0000] {dagbag.py:588} INFO - Filling up the DagBag from /home/airflow/.local/lib/python3.12/site-packages/airflow/example_dags/example_task_group.py
[2024-12-15T19:46:07.635+0000] {processor.py:925} INFO - DAG(s) 'example_task_group' retrieved from /home/airflow/.local/lib/python3.12/site-packages/airflow/example_dags/example_task_group.py
[2024-12-15T19:46:07.673+0000] {logging_mixin.py:190} INFO - [2024-12-15T19:46:07.672+0000] {dag.py:3239} INFO - Sync 1 DAGs
[2024-12-15T19:46:07.704+0000] {logging_mixin.py:190} INFO - [2024-12-15T19:46:07.704+0000] {dag.py:4180} INFO - Setting next_dagrun for example_task_group to None, run_after=None
[2024-12-15T19:46:07.732+0000] {processor.py:208} INFO - Processing /home/airflow/.local/lib/python3.12/site-packages/airflow/example_dags/example_task_group.py took 0.134 seconds
[2024-12-15T19:46:38.874+0000] {processor.py:186} INFO - Started process (PID=641) to work on /home/airflow/.local/lib/python3.12/site-packages/airflow/example_dags/example_task_group.py
[2024-12-15T19:46:38.877+0000] {processor.py:914} INFO - Processing file /home/airflow/.local/lib/python3.12/site-packages/airflow/example_dags/example_task_group.py for tasks to queue
[2024-12-15T19:46:38.886+0000] {logging_mixin.py:190} INFO - [2024-12-15T19:46:38.884+0000] {dagbag.py:588} INFO - Filling up the DagBag from /home/airflow/.local/lib/python3.12/site-packages/airflow/example_dags/example_task_group.py
[2024-12-15T19:46:38.903+0000] {processor.py:925} INFO - DAG(s) 'example_task_group' retrieved from /home/airflow/.local/lib/python3.12/site-packages/airflow/example_dags/example_task_group.py
[2024-12-15T19:46:38.946+0000] {logging_mixin.py:190} INFO - [2024-12-15T19:46:38.945+0000] {dag.py:3239} INFO - Sync 1 DAGs
[2024-12-15T19:46:38.966+0000] {logging_mixin.py:190} INFO - [2024-12-15T19:46:38.966+0000] {dag.py:4180} INFO - Setting next_dagrun for example_task_group to None, run_after=None
[2024-12-15T19:46:38.992+0000] {processor.py:208} INFO - Processing /home/airflow/.local/lib/python3.12/site-packages/airflow/example_dags/example_task_group.py took 0.129 seconds
[2024-12-15T19:47:14.705+0000] {processor.py:186} INFO - Started process (PID=714) to work on /home/airflow/.local/lib/python3.12/site-packages/airflow/example_dags/example_task_group.py
[2024-12-15T19:47:14.709+0000] {processor.py:914} INFO - Processing file /home/airflow/.local/lib/python3.12/site-packages/airflow/example_dags/example_task_group.py for tasks to queue
[2024-12-15T19:47:14.715+0000] {logging_mixin.py:190} INFO - [2024-12-15T19:47:14.714+0000] {dagbag.py:588} INFO - Filling up the DagBag from /home/airflow/.local/lib/python3.12/site-packages/airflow/example_dags/example_task_group.py
[2024-12-15T19:47:14.739+0000] {processor.py:925} INFO - DAG(s) 'example_task_group' retrieved from /home/airflow/.local/lib/python3.12/site-packages/airflow/example_dags/example_task_group.py
[2024-12-15T19:47:14.801+0000] {logging_mixin.py:190} INFO - [2024-12-15T19:47:14.801+0000] {dag.py:3239} INFO - Sync 1 DAGs
[2024-12-15T19:47:14.853+0000] {logging_mixin.py:190} INFO - [2024-12-15T19:47:14.853+0000] {dag.py:4180} INFO - Setting next_dagrun for example_task_group to None, run_after=None
[2024-12-15T19:47:14.913+0000] {processor.py:208} INFO - Processing /home/airflow/.local/lib/python3.12/site-packages/airflow/example_dags/example_task_group.py took 0.226 seconds
[2024-12-15T19:47:57.094+0000] {processor.py:186} INFO - Started process (PID=796) to work on /home/airflow/.local/lib/python3.12/site-packages/airflow/example_dags/example_task_group.py
[2024-12-15T19:47:57.103+0000] {processor.py:914} INFO - Processing file /home/airflow/.local/lib/python3.12/site-packages/airflow/example_dags/example_task_group.py for tasks to queue
[2024-12-15T19:47:57.110+0000] {logging_mixin.py:190} INFO - [2024-12-15T19:47:57.110+0000] {dagbag.py:588} INFO - Filling up the DagBag from /home/airflow/.local/lib/python3.12/site-packages/airflow/example_dags/example_task_group.py
[2024-12-15T19:47:57.146+0000] {processor.py:925} INFO - DAG(s) 'example_task_group' retrieved from /home/airflow/.local/lib/python3.12/site-packages/airflow/example_dags/example_task_group.py
[2024-12-15T19:47:57.199+0000] {logging_mixin.py:190} INFO - [2024-12-15T19:47:57.199+0000] {dag.py:3239} INFO - Sync 1 DAGs
[2024-12-15T19:47:57.238+0000] {logging_mixin.py:190} INFO - [2024-12-15T19:47:57.238+0000] {dag.py:4180} INFO - Setting next_dagrun for example_task_group to None, run_after=None
[2024-12-15T19:47:57.287+0000] {processor.py:208} INFO - Processing /home/airflow/.local/lib/python3.12/site-packages/airflow/example_dags/example_task_group.py took 0.215 seconds
[2024-12-15T19:51:08.722+0000] {processor.py:186} INFO - Started process (PID=85) to work on /home/airflow/.local/lib/python3.12/site-packages/airflow/example_dags/example_task_group.py
[2024-12-15T19:51:08.727+0000] {processor.py:914} INFO - Processing file /home/airflow/.local/lib/python3.12/site-packages/airflow/example_dags/example_task_group.py for tasks to queue
[2024-12-15T19:51:08.739+0000] {logging_mixin.py:190} INFO - [2024-12-15T19:51:08.736+0000] {dagbag.py:588} INFO - Filling up the DagBag from /home/airflow/.local/lib/python3.12/site-packages/airflow/example_dags/example_task_group.py
[2024-12-15T19:51:08.776+0000] {processor.py:925} INFO - DAG(s) 'example_task_group' retrieved from /home/airflow/.local/lib/python3.12/site-packages/airflow/example_dags/example_task_group.py
[2024-12-15T19:51:08.897+0000] {logging_mixin.py:190} INFO - [2024-12-15T19:51:08.897+0000] {dag.py:3239} INFO - Sync 1 DAGs
[2024-12-15T19:51:08.942+0000] {logging_mixin.py:190} INFO - [2024-12-15T19:51:08.941+0000] {dag.py:4180} INFO - Setting next_dagrun for example_task_group to None, run_after=None
[2024-12-15T19:51:08.993+0000] {processor.py:208} INFO - Processing /home/airflow/.local/lib/python3.12/site-packages/airflow/example_dags/example_task_group.py took 0.299 seconds
[2024-12-15T19:51:44.679+0000] {processor.py:186} INFO - Started process (PID=150) to work on /home/airflow/.local/lib/python3.12/site-packages/airflow/example_dags/example_task_group.py
[2024-12-15T19:51:44.681+0000] {processor.py:914} INFO - Processing file /home/airflow/.local/lib/python3.12/site-packages/airflow/example_dags/example_task_group.py for tasks to queue
[2024-12-15T19:51:44.685+0000] {logging_mixin.py:190} INFO - [2024-12-15T19:51:44.685+0000] {dagbag.py:588} INFO - Filling up the DagBag from /home/airflow/.local/lib/python3.12/site-packages/airflow/example_dags/example_task_group.py
[2024-12-15T19:51:44.706+0000] {processor.py:925} INFO - DAG(s) 'example_task_group' retrieved from /home/airflow/.local/lib/python3.12/site-packages/airflow/example_dags/example_task_group.py
[2024-12-15T19:51:44.749+0000] {logging_mixin.py:190} INFO - [2024-12-15T19:51:44.748+0000] {dag.py:3239} INFO - Sync 1 DAGs
[2024-12-15T19:51:44.811+0000] {logging_mixin.py:190} INFO - [2024-12-15T19:51:44.810+0000] {dag.py:4180} INFO - Setting next_dagrun for example_task_group to None, run_after=None
[2024-12-15T19:51:44.857+0000] {processor.py:208} INFO - Processing /home/airflow/.local/lib/python3.12/site-packages/airflow/example_dags/example_task_group.py took 0.190 seconds
[2024-12-15T19:52:28.935+0000] {processor.py:186} INFO - Started process (PID=220) to work on /home/airflow/.local/lib/python3.12/site-packages/airflow/example_dags/example_task_group.py
[2024-12-15T19:52:28.940+0000] {processor.py:914} INFO - Processing file /home/airflow/.local/lib/python3.12/site-packages/airflow/example_dags/example_task_group.py for tasks to queue
[2024-12-15T19:52:28.951+0000] {logging_mixin.py:190} INFO - [2024-12-15T19:52:28.950+0000] {dagbag.py:588} INFO - Filling up the DagBag from /home/airflow/.local/lib/python3.12/site-packages/airflow/example_dags/example_task_group.py
[2024-12-15T19:52:29.020+0000] {processor.py:925} INFO - DAG(s) 'example_task_group' retrieved from /home/airflow/.local/lib/python3.12/site-packages/airflow/example_dags/example_task_group.py
[2024-12-15T19:52:29.226+0000] {logging_mixin.py:190} INFO - [2024-12-15T19:52:29.226+0000] {dag.py:3239} INFO - Sync 1 DAGs
[2024-12-15T19:52:29.477+0000] {logging_mixin.py:190} INFO - [2024-12-15T19:52:29.476+0000] {dag.py:4180} INFO - Setting next_dagrun for example_task_group to None, run_after=None
[2024-12-15T19:52:29.622+0000] {processor.py:208} INFO - Processing /home/airflow/.local/lib/python3.12/site-packages/airflow/example_dags/example_task_group.py took 0.715 seconds
[2024-12-15T19:53:00.575+0000] {processor.py:186} INFO - Started process (PID=287) to work on /home/airflow/.local/lib/python3.12/site-packages/airflow/example_dags/example_task_group.py
[2024-12-15T19:53:00.577+0000] {processor.py:914} INFO - Processing file /home/airflow/.local/lib/python3.12/site-packages/airflow/example_dags/example_task_group.py for tasks to queue
[2024-12-15T19:53:00.584+0000] {logging_mixin.py:190} INFO - [2024-12-15T19:53:00.583+0000] {dagbag.py:588} INFO - Filling up the DagBag from /home/airflow/.local/lib/python3.12/site-packages/airflow/example_dags/example_task_group.py
[2024-12-15T19:53:00.609+0000] {processor.py:925} INFO - DAG(s) 'example_task_group' retrieved from /home/airflow/.local/lib/python3.12/site-packages/airflow/example_dags/example_task_group.py
[2024-12-15T19:53:00.685+0000] {logging_mixin.py:190} INFO - [2024-12-15T19:53:00.684+0000] {dag.py:3239} INFO - Sync 1 DAGs
[2024-12-15T19:53:00.738+0000] {logging_mixin.py:190} INFO - [2024-12-15T19:53:00.735+0000] {dag.py:4180} INFO - Setting next_dagrun for example_task_group to None, run_after=None
[2024-12-15T19:53:00.816+0000] {processor.py:208} INFO - Processing /home/airflow/.local/lib/python3.12/site-packages/airflow/example_dags/example_task_group.py took 0.254 seconds
[2024-12-15T19:53:40.357+0000] {processor.py:186} INFO - Started process (PID=350) to work on /home/airflow/.local/lib/python3.12/site-packages/airflow/example_dags/example_task_group.py
[2024-12-15T19:53:40.361+0000] {processor.py:914} INFO - Processing file /home/airflow/.local/lib/python3.12/site-packages/airflow/example_dags/example_task_group.py for tasks to queue
[2024-12-15T19:53:40.369+0000] {logging_mixin.py:190} INFO - [2024-12-15T19:53:40.369+0000] {dagbag.py:588} INFO - Filling up the DagBag from /home/airflow/.local/lib/python3.12/site-packages/airflow/example_dags/example_task_group.py
[2024-12-15T19:53:40.391+0000] {processor.py:925} INFO - DAG(s) 'example_task_group' retrieved from /home/airflow/.local/lib/python3.12/site-packages/airflow/example_dags/example_task_group.py
[2024-12-15T19:53:40.509+0000] {logging_mixin.py:190} INFO - [2024-12-15T19:53:40.509+0000] {dag.py:3239} INFO - Sync 1 DAGs
[2024-12-15T19:53:40.779+0000] {logging_mixin.py:190} INFO - [2024-12-15T19:53:40.779+0000] {dag.py:4180} INFO - Setting next_dagrun for example_task_group to None, run_after=None
[2024-12-15T19:53:40.949+0000] {processor.py:208} INFO - Processing /home/airflow/.local/lib/python3.12/site-packages/airflow/example_dags/example_task_group.py took 0.616 seconds
[2024-12-15T19:54:16.761+0000] {processor.py:186} INFO - Started process (PID=418) to work on /home/airflow/.local/lib/python3.12/site-packages/airflow/example_dags/example_task_group.py
[2024-12-15T19:54:16.763+0000] {processor.py:914} INFO - Processing file /home/airflow/.local/lib/python3.12/site-packages/airflow/example_dags/example_task_group.py for tasks to queue
[2024-12-15T19:54:16.770+0000] {logging_mixin.py:190} INFO - [2024-12-15T19:54:16.769+0000] {dagbag.py:588} INFO - Filling up the DagBag from /home/airflow/.local/lib/python3.12/site-packages/airflow/example_dags/example_task_group.py
[2024-12-15T19:54:16.790+0000] {processor.py:925} INFO - DAG(s) 'example_task_group' retrieved from /home/airflow/.local/lib/python3.12/site-packages/airflow/example_dags/example_task_group.py
[2024-12-15T19:54:16.831+0000] {logging_mixin.py:190} INFO - [2024-12-15T19:54:16.831+0000] {dag.py:3239} INFO - Sync 1 DAGs
[2024-12-15T19:54:16.876+0000] {logging_mixin.py:190} INFO - [2024-12-15T19:54:16.876+0000] {dag.py:4180} INFO - Setting next_dagrun for example_task_group to None, run_after=None
[2024-12-15T19:54:16.916+0000] {processor.py:208} INFO - Processing /home/airflow/.local/lib/python3.12/site-packages/airflow/example_dags/example_task_group.py took 0.171 seconds
[2024-12-15T19:54:47.077+0000] {processor.py:186} INFO - Started process (PID=483) to work on /home/airflow/.local/lib/python3.12/site-packages/airflow/example_dags/example_task_group.py
[2024-12-15T19:54:47.086+0000] {processor.py:914} INFO - Processing file /home/airflow/.local/lib/python3.12/site-packages/airflow/example_dags/example_task_group.py for tasks to queue
[2024-12-15T19:54:47.089+0000] {logging_mixin.py:190} INFO - [2024-12-15T19:54:47.089+0000] {dagbag.py:588} INFO - Filling up the DagBag from /home/airflow/.local/lib/python3.12/site-packages/airflow/example_dags/example_task_group.py
[2024-12-15T19:54:47.105+0000] {processor.py:925} INFO - DAG(s) 'example_task_group' retrieved from /home/airflow/.local/lib/python3.12/site-packages/airflow/example_dags/example_task_group.py
[2024-12-15T19:54:47.129+0000] {logging_mixin.py:190} INFO - [2024-12-15T19:54:47.129+0000] {dag.py:3239} INFO - Sync 1 DAGs
[2024-12-15T19:54:47.153+0000] {logging_mixin.py:190} INFO - [2024-12-15T19:54:47.153+0000] {dag.py:4180} INFO - Setting next_dagrun for example_task_group to None, run_after=None
[2024-12-15T19:54:47.180+0000] {processor.py:208} INFO - Processing /home/airflow/.local/lib/python3.12/site-packages/airflow/example_dags/example_task_group.py took 0.110 seconds
[2024-12-15T19:55:26.499+0000] {processor.py:186} INFO - Started process (PID=556) to work on /home/airflow/.local/lib/python3.12/site-packages/airflow/example_dags/example_task_group.py
[2024-12-15T19:55:26.503+0000] {processor.py:914} INFO - Processing file /home/airflow/.local/lib/python3.12/site-packages/airflow/example_dags/example_task_group.py for tasks to queue
[2024-12-15T19:55:26.506+0000] {logging_mixin.py:190} INFO - [2024-12-15T19:55:26.505+0000] {dagbag.py:588} INFO - Filling up the DagBag from /home/airflow/.local/lib/python3.12/site-packages/airflow/example_dags/example_task_group.py
[2024-12-15T19:55:26.523+0000] {processor.py:925} INFO - DAG(s) 'example_task_group' retrieved from /home/airflow/.local/lib/python3.12/site-packages/airflow/example_dags/example_task_group.py
[2024-12-15T19:55:26.567+0000] {logging_mixin.py:190} INFO - [2024-12-15T19:55:26.567+0000] {dag.py:3239} INFO - Sync 1 DAGs
[2024-12-15T19:55:26.594+0000] {logging_mixin.py:190} INFO - [2024-12-15T19:55:26.594+0000] {dag.py:4180} INFO - Setting next_dagrun for example_task_group to None, run_after=None
[2024-12-15T19:55:26.630+0000] {processor.py:208} INFO - Processing /home/airflow/.local/lib/python3.12/site-packages/airflow/example_dags/example_task_group.py took 0.142 seconds
[2024-12-15T19:56:05.376+0000] {processor.py:186} INFO - Started process (PID=620) to work on /home/airflow/.local/lib/python3.12/site-packages/airflow/example_dags/example_task_group.py
[2024-12-15T19:56:05.379+0000] {processor.py:914} INFO - Processing file /home/airflow/.local/lib/python3.12/site-packages/airflow/example_dags/example_task_group.py for tasks to queue
[2024-12-15T19:56:05.386+0000] {logging_mixin.py:190} INFO - [2024-12-15T19:56:05.385+0000] {dagbag.py:588} INFO - Filling up the DagBag from /home/airflow/.local/lib/python3.12/site-packages/airflow/example_dags/example_task_group.py
[2024-12-15T19:56:05.413+0000] {processor.py:925} INFO - DAG(s) 'example_task_group' retrieved from /home/airflow/.local/lib/python3.12/site-packages/airflow/example_dags/example_task_group.py
[2024-12-15T19:56:05.481+0000] {logging_mixin.py:190} INFO - [2024-12-15T19:56:05.481+0000] {dag.py:3239} INFO - Sync 1 DAGs
[2024-12-15T19:56:05.518+0000] {logging_mixin.py:190} INFO - [2024-12-15T19:56:05.518+0000] {dag.py:4180} INFO - Setting next_dagrun for example_task_group to None, run_after=None
[2024-12-15T19:56:05.589+0000] {processor.py:208} INFO - Processing /home/airflow/.local/lib/python3.12/site-packages/airflow/example_dags/example_task_group.py took 0.225 seconds
[2024-12-15T19:59:56.508+0000] {processor.py:186} INFO - Started process (PID=90) to work on /home/airflow/.local/lib/python3.12/site-packages/airflow/example_dags/example_task_group.py
[2024-12-15T19:59:56.522+0000] {processor.py:914} INFO - Processing file /home/airflow/.local/lib/python3.12/site-packages/airflow/example_dags/example_task_group.py for tasks to queue
[2024-12-15T19:59:56.584+0000] {logging_mixin.py:190} INFO - [2024-12-15T19:59:56.578+0000] {dagbag.py:588} INFO - Filling up the DagBag from /home/airflow/.local/lib/python3.12/site-packages/airflow/example_dags/example_task_group.py
[2024-12-15T19:59:56.943+0000] {processor.py:925} INFO - DAG(s) 'example_task_group' retrieved from /home/airflow/.local/lib/python3.12/site-packages/airflow/example_dags/example_task_group.py
[2024-12-15T20:00:04.741+0000] {logging_mixin.py:190} INFO - [2024-12-15T20:00:04.721+0000] {dag.py:3239} INFO - Sync 1 DAGs
[2024-12-15T20:00:04.855+0000] {logging_mixin.py:190} INFO - [2024-12-15T20:00:04.855+0000] {dag.py:4180} INFO - Setting next_dagrun for example_task_group to None, run_after=None
[2024-12-15T20:00:05.081+0000] {processor.py:208} INFO - Processing /home/airflow/.local/lib/python3.12/site-packages/airflow/example_dags/example_task_group.py took 8.666 seconds
[2024-12-15T20:01:43.101+0000] {processor.py:186} INFO - Started process (PID=181) to work on /home/airflow/.local/lib/python3.12/site-packages/airflow/example_dags/example_task_group.py
[2024-12-15T20:01:43.124+0000] {processor.py:914} INFO - Processing file /home/airflow/.local/lib/python3.12/site-packages/airflow/example_dags/example_task_group.py for tasks to queue
[2024-12-15T20:01:43.156+0000] {logging_mixin.py:190} INFO - [2024-12-15T20:01:43.151+0000] {dagbag.py:588} INFO - Filling up the DagBag from /home/airflow/.local/lib/python3.12/site-packages/airflow/example_dags/example_task_group.py
[2024-12-15T20:01:43.255+0000] {processor.py:925} INFO - DAG(s) 'example_task_group' retrieved from /home/airflow/.local/lib/python3.12/site-packages/airflow/example_dags/example_task_group.py
[2024-12-15T20:01:43.385+0000] {logging_mixin.py:190} INFO - [2024-12-15T20:01:43.382+0000] {dag.py:3239} INFO - Sync 1 DAGs
[2024-12-15T20:01:43.503+0000] {logging_mixin.py:190} INFO - [2024-12-15T20:01:43.503+0000] {dag.py:4180} INFO - Setting next_dagrun for example_task_group to None, run_after=None
[2024-12-15T20:01:43.610+0000] {processor.py:208} INFO - Processing /home/airflow/.local/lib/python3.12/site-packages/airflow/example_dags/example_task_group.py took 0.535 seconds
[2024-12-15T20:02:18.798+0000] {processor.py:186} INFO - Started process (PID=245) to work on /home/airflow/.local/lib/python3.12/site-packages/airflow/example_dags/example_task_group.py
[2024-12-15T20:02:18.816+0000] {processor.py:914} INFO - Processing file /home/airflow/.local/lib/python3.12/site-packages/airflow/example_dags/example_task_group.py for tasks to queue
[2024-12-15T20:02:18.821+0000] {logging_mixin.py:190} INFO - [2024-12-15T20:02:18.820+0000] {dagbag.py:588} INFO - Filling up the DagBag from /home/airflow/.local/lib/python3.12/site-packages/airflow/example_dags/example_task_group.py
[2024-12-15T20:02:18.841+0000] {processor.py:925} INFO - DAG(s) 'example_task_group' retrieved from /home/airflow/.local/lib/python3.12/site-packages/airflow/example_dags/example_task_group.py
[2024-12-15T20:02:18.947+0000] {logging_mixin.py:190} INFO - [2024-12-15T20:02:18.946+0000] {dag.py:3239} INFO - Sync 1 DAGs
[2024-12-15T20:02:18.996+0000] {logging_mixin.py:190} INFO - [2024-12-15T20:02:18.996+0000] {dag.py:4180} INFO - Setting next_dagrun for example_task_group to None, run_after=None
[2024-12-15T20:02:19.031+0000] {processor.py:208} INFO - Processing /home/airflow/.local/lib/python3.12/site-packages/airflow/example_dags/example_task_group.py took 0.245 seconds
[2024-12-15T20:03:06.684+0000] {processor.py:186} INFO - Started process (PID=316) to work on /home/airflow/.local/lib/python3.12/site-packages/airflow/example_dags/example_task_group.py
[2024-12-15T20:03:06.693+0000] {processor.py:914} INFO - Processing file /home/airflow/.local/lib/python3.12/site-packages/airflow/example_dags/example_task_group.py for tasks to queue
[2024-12-15T20:03:06.698+0000] {logging_mixin.py:190} INFO - [2024-12-15T20:03:06.698+0000] {dagbag.py:588} INFO - Filling up the DagBag from /home/airflow/.local/lib/python3.12/site-packages/airflow/example_dags/example_task_group.py
[2024-12-15T20:03:06.727+0000] {processor.py:925} INFO - DAG(s) 'example_task_group' retrieved from /home/airflow/.local/lib/python3.12/site-packages/airflow/example_dags/example_task_group.py
[2024-12-15T20:03:06.793+0000] {logging_mixin.py:190} INFO - [2024-12-15T20:03:06.793+0000] {dag.py:3239} INFO - Sync 1 DAGs
[2024-12-15T20:03:06.838+0000] {logging_mixin.py:190} INFO - [2024-12-15T20:03:06.838+0000] {dag.py:4180} INFO - Setting next_dagrun for example_task_group to None, run_after=None
[2024-12-15T20:03:06.877+0000] {processor.py:208} INFO - Processing /home/airflow/.local/lib/python3.12/site-packages/airflow/example_dags/example_task_group.py took 0.207 seconds
[2024-12-15T20:03:37.274+0000] {processor.py:186} INFO - Started process (PID=380) to work on /home/airflow/.local/lib/python3.12/site-packages/airflow/example_dags/example_task_group.py
[2024-12-15T20:03:37.276+0000] {processor.py:914} INFO - Processing file /home/airflow/.local/lib/python3.12/site-packages/airflow/example_dags/example_task_group.py for tasks to queue
[2024-12-15T20:03:37.280+0000] {logging_mixin.py:190} INFO - [2024-12-15T20:03:37.279+0000] {dagbag.py:588} INFO - Filling up the DagBag from /home/airflow/.local/lib/python3.12/site-packages/airflow/example_dags/example_task_group.py
[2024-12-15T20:03:37.295+0000] {processor.py:925} INFO - DAG(s) 'example_task_group' retrieved from /home/airflow/.local/lib/python3.12/site-packages/airflow/example_dags/example_task_group.py
[2024-12-15T20:03:37.349+0000] {logging_mixin.py:190} INFO - [2024-12-15T20:03:37.349+0000] {dag.py:3239} INFO - Sync 1 DAGs
[2024-12-15T20:03:37.381+0000] {logging_mixin.py:190} INFO - [2024-12-15T20:03:37.381+0000] {dag.py:4180} INFO - Setting next_dagrun for example_task_group to None, run_after=None
[2024-12-15T20:03:37.411+0000] {processor.py:208} INFO - Processing /home/airflow/.local/lib/python3.12/site-packages/airflow/example_dags/example_task_group.py took 0.147 seconds
[2024-12-15T20:04:11.282+0000] {processor.py:186} INFO - Started process (PID=451) to work on /home/airflow/.local/lib/python3.12/site-packages/airflow/example_dags/example_task_group.py
[2024-12-15T20:04:11.287+0000] {processor.py:914} INFO - Processing file /home/airflow/.local/lib/python3.12/site-packages/airflow/example_dags/example_task_group.py for tasks to queue
[2024-12-15T20:04:11.299+0000] {logging_mixin.py:190} INFO - [2024-12-15T20:04:11.298+0000] {dagbag.py:588} INFO - Filling up the DagBag from /home/airflow/.local/lib/python3.12/site-packages/airflow/example_dags/example_task_group.py
[2024-12-15T20:04:11.329+0000] {processor.py:925} INFO - DAG(s) 'example_task_group' retrieved from /home/airflow/.local/lib/python3.12/site-packages/airflow/example_dags/example_task_group.py
[2024-12-15T20:04:11.368+0000] {logging_mixin.py:190} INFO - [2024-12-15T20:04:11.368+0000] {dag.py:3239} INFO - Sync 1 DAGs
[2024-12-15T20:04:11.398+0000] {logging_mixin.py:190} INFO - [2024-12-15T20:04:11.397+0000] {dag.py:4180} INFO - Setting next_dagrun for example_task_group to None, run_after=None
[2024-12-15T20:04:11.461+0000] {processor.py:208} INFO - Processing /home/airflow/.local/lib/python3.12/site-packages/airflow/example_dags/example_task_group.py took 0.202 seconds
[2024-12-15T20:04:46.228+0000] {processor.py:186} INFO - Started process (PID=516) to work on /home/airflow/.local/lib/python3.12/site-packages/airflow/example_dags/example_task_group.py
[2024-12-15T20:04:46.232+0000] {processor.py:914} INFO - Processing file /home/airflow/.local/lib/python3.12/site-packages/airflow/example_dags/example_task_group.py for tasks to queue
[2024-12-15T20:04:46.240+0000] {logging_mixin.py:190} INFO - [2024-12-15T20:04:46.239+0000] {dagbag.py:588} INFO - Filling up the DagBag from /home/airflow/.local/lib/python3.12/site-packages/airflow/example_dags/example_task_group.py
[2024-12-15T20:04:46.264+0000] {processor.py:925} INFO - DAG(s) 'example_task_group' retrieved from /home/airflow/.local/lib/python3.12/site-packages/airflow/example_dags/example_task_group.py
[2024-12-15T20:04:46.330+0000] {logging_mixin.py:190} INFO - [2024-12-15T20:04:46.329+0000] {dag.py:3239} INFO - Sync 1 DAGs
[2024-12-15T20:04:46.408+0000] {logging_mixin.py:190} INFO - [2024-12-15T20:04:46.407+0000] {dag.py:4180} INFO - Setting next_dagrun for example_task_group to None, run_after=None
[2024-12-15T20:04:46.480+0000] {processor.py:208} INFO - Processing /home/airflow/.local/lib/python3.12/site-packages/airflow/example_dags/example_task_group.py took 0.274 seconds
[2024-12-15T20:06:09.311+0000] {processor.py:186} INFO - Started process (PID=595) to work on /home/airflow/.local/lib/python3.12/site-packages/airflow/example_dags/example_task_group.py
[2024-12-15T20:06:09.337+0000] {processor.py:914} INFO - Processing file /home/airflow/.local/lib/python3.12/site-packages/airflow/example_dags/example_task_group.py for tasks to queue
[2024-12-15T20:06:09.392+0000] {logging_mixin.py:190} INFO - [2024-12-15T20:06:09.368+0000] {dagbag.py:588} INFO - Filling up the DagBag from /home/airflow/.local/lib/python3.12/site-packages/airflow/example_dags/example_task_group.py
[2024-12-15T20:06:09.453+0000] {processor.py:925} INFO - DAG(s) 'example_task_group' retrieved from /home/airflow/.local/lib/python3.12/site-packages/airflow/example_dags/example_task_group.py
[2024-12-15T20:06:09.555+0000] {logging_mixin.py:190} INFO - [2024-12-15T20:06:09.555+0000] {dag.py:3239} INFO - Sync 1 DAGs
[2024-12-15T20:06:09.667+0000] {logging_mixin.py:190} INFO - [2024-12-15T20:06:09.665+0000] {dag.py:4180} INFO - Setting next_dagrun for example_task_group to None, run_after=None
[2024-12-15T20:06:09.744+0000] {processor.py:208} INFO - Processing /home/airflow/.local/lib/python3.12/site-packages/airflow/example_dags/example_task_group.py took 0.464 seconds
[2024-12-15T20:06:39.827+0000] {processor.py:186} INFO - Started process (PID=661) to work on /home/airflow/.local/lib/python3.12/site-packages/airflow/example_dags/example_task_group.py
[2024-12-15T20:06:39.829+0000] {processor.py:914} INFO - Processing file /home/airflow/.local/lib/python3.12/site-packages/airflow/example_dags/example_task_group.py for tasks to queue
[2024-12-15T20:06:39.833+0000] {logging_mixin.py:190} INFO - [2024-12-15T20:06:39.833+0000] {dagbag.py:588} INFO - Filling up the DagBag from /home/airflow/.local/lib/python3.12/site-packages/airflow/example_dags/example_task_group.py
[2024-12-15T20:06:39.846+0000] {processor.py:925} INFO - DAG(s) 'example_task_group' retrieved from /home/airflow/.local/lib/python3.12/site-packages/airflow/example_dags/example_task_group.py
[2024-12-15T20:06:39.881+0000] {logging_mixin.py:190} INFO - [2024-12-15T20:06:39.880+0000] {dag.py:3239} INFO - Sync 1 DAGs
[2024-12-15T20:06:39.903+0000] {logging_mixin.py:190} INFO - [2024-12-15T20:06:39.902+0000] {dag.py:4180} INFO - Setting next_dagrun for example_task_group to None, run_after=None
[2024-12-15T20:06:39.928+0000] {processor.py:208} INFO - Processing /home/airflow/.local/lib/python3.12/site-packages/airflow/example_dags/example_task_group.py took 0.108 seconds
[2024-12-15T20:07:11.327+0000] {processor.py:186} INFO - Started process (PID=727) to work on /home/airflow/.local/lib/python3.12/site-packages/airflow/example_dags/example_task_group.py
[2024-12-15T20:07:11.329+0000] {processor.py:914} INFO - Processing file /home/airflow/.local/lib/python3.12/site-packages/airflow/example_dags/example_task_group.py for tasks to queue
[2024-12-15T20:07:11.341+0000] {logging_mixin.py:190} INFO - [2024-12-15T20:07:11.340+0000] {dagbag.py:588} INFO - Filling up the DagBag from /home/airflow/.local/lib/python3.12/site-packages/airflow/example_dags/example_task_group.py
[2024-12-15T20:07:11.353+0000] {processor.py:925} INFO - DAG(s) 'example_task_group' retrieved from /home/airflow/.local/lib/python3.12/site-packages/airflow/example_dags/example_task_group.py
[2024-12-15T20:07:11.398+0000] {logging_mixin.py:190} INFO - [2024-12-15T20:07:11.397+0000] {dag.py:3239} INFO - Sync 1 DAGs
[2024-12-15T20:07:11.421+0000] {logging_mixin.py:190} INFO - [2024-12-15T20:07:11.421+0000] {dag.py:4180} INFO - Setting next_dagrun for example_task_group to None, run_after=None
[2024-12-15T20:07:11.451+0000] {processor.py:208} INFO - Processing /home/airflow/.local/lib/python3.12/site-packages/airflow/example_dags/example_task_group.py took 0.138 seconds
[2024-12-15T20:16:33.196+0000] {processor.py:186} INFO - Started process (PID=91) to work on /home/airflow/.local/lib/python3.12/site-packages/airflow/example_dags/example_task_group.py
[2024-12-15T20:16:33.200+0000] {processor.py:914} INFO - Processing file /home/airflow/.local/lib/python3.12/site-packages/airflow/example_dags/example_task_group.py for tasks to queue
[2024-12-15T20:16:33.205+0000] {logging_mixin.py:190} INFO - [2024-12-15T20:16:33.204+0000] {dagbag.py:588} INFO - Filling up the DagBag from /home/airflow/.local/lib/python3.12/site-packages/airflow/example_dags/example_task_group.py
[2024-12-15T20:16:33.218+0000] {processor.py:925} INFO - DAG(s) 'example_task_group' retrieved from /home/airflow/.local/lib/python3.12/site-packages/airflow/example_dags/example_task_group.py
[2024-12-15T20:16:33.252+0000] {logging_mixin.py:190} INFO - [2024-12-15T20:16:33.252+0000] {dag.py:3239} INFO - Sync 1 DAGs
[2024-12-15T20:16:33.272+0000] {logging_mixin.py:190} INFO - [2024-12-15T20:16:33.272+0000] {dag.py:4180} INFO - Setting next_dagrun for example_task_group to None, run_after=None
[2024-12-15T20:16:33.310+0000] {processor.py:208} INFO - Processing /home/airflow/.local/lib/python3.12/site-packages/airflow/example_dags/example_task_group.py took 0.127 seconds
[2024-12-15T20:17:05.110+0000] {processor.py:186} INFO - Started process (PID=155) to work on /home/airflow/.local/lib/python3.12/site-packages/airflow/example_dags/example_task_group.py
[2024-12-15T20:17:05.113+0000] {processor.py:914} INFO - Processing file /home/airflow/.local/lib/python3.12/site-packages/airflow/example_dags/example_task_group.py for tasks to queue
[2024-12-15T20:17:05.120+0000] {logging_mixin.py:190} INFO - [2024-12-15T20:17:05.119+0000] {dagbag.py:588} INFO - Filling up the DagBag from /home/airflow/.local/lib/python3.12/site-packages/airflow/example_dags/example_task_group.py
[2024-12-15T20:17:05.137+0000] {processor.py:925} INFO - DAG(s) 'example_task_group' retrieved from /home/airflow/.local/lib/python3.12/site-packages/airflow/example_dags/example_task_group.py
[2024-12-15T20:17:05.179+0000] {logging_mixin.py:190} INFO - [2024-12-15T20:17:05.179+0000] {dag.py:3239} INFO - Sync 1 DAGs
[2024-12-15T20:17:05.208+0000] {logging_mixin.py:190} INFO - [2024-12-15T20:17:05.208+0000] {dag.py:4180} INFO - Setting next_dagrun for example_task_group to None, run_after=None
[2024-12-15T20:17:05.241+0000] {processor.py:208} INFO - Processing /home/airflow/.local/lib/python3.12/site-packages/airflow/example_dags/example_task_group.py took 0.142 seconds
[2024-12-15T20:17:38.102+0000] {processor.py:186} INFO - Started process (PID=219) to work on /home/airflow/.local/lib/python3.12/site-packages/airflow/example_dags/example_task_group.py
[2024-12-15T20:17:38.137+0000] {processor.py:914} INFO - Processing file /home/airflow/.local/lib/python3.12/site-packages/airflow/example_dags/example_task_group.py for tasks to queue
[2024-12-15T20:17:38.152+0000] {logging_mixin.py:190} INFO - [2024-12-15T20:17:38.149+0000] {dagbag.py:588} INFO - Filling up the DagBag from /home/airflow/.local/lib/python3.12/site-packages/airflow/example_dags/example_task_group.py
[2024-12-15T20:17:38.200+0000] {processor.py:925} INFO - DAG(s) 'example_task_group' retrieved from /home/airflow/.local/lib/python3.12/site-packages/airflow/example_dags/example_task_group.py
[2024-12-15T20:17:38.254+0000] {logging_mixin.py:190} INFO - [2024-12-15T20:17:38.254+0000] {dag.py:3239} INFO - Sync 1 DAGs
[2024-12-15T20:17:38.290+0000] {logging_mixin.py:190} INFO - [2024-12-15T20:17:38.284+0000] {dag.py:4180} INFO - Setting next_dagrun for example_task_group to None, run_after=None
[2024-12-15T20:17:38.379+0000] {processor.py:208} INFO - Processing /home/airflow/.local/lib/python3.12/site-packages/airflow/example_dags/example_task_group.py took 0.347 seconds
[2024-12-15T20:18:13.512+0000] {processor.py:186} INFO - Started process (PID=283) to work on /home/airflow/.local/lib/python3.12/site-packages/airflow/example_dags/example_task_group.py
[2024-12-15T20:18:13.513+0000] {processor.py:914} INFO - Processing file /home/airflow/.local/lib/python3.12/site-packages/airflow/example_dags/example_task_group.py for tasks to queue
[2024-12-15T20:18:13.519+0000] {logging_mixin.py:190} INFO - [2024-12-15T20:18:13.518+0000] {dagbag.py:588} INFO - Filling up the DagBag from /home/airflow/.local/lib/python3.12/site-packages/airflow/example_dags/example_task_group.py
[2024-12-15T20:18:13.539+0000] {processor.py:925} INFO - DAG(s) 'example_task_group' retrieved from /home/airflow/.local/lib/python3.12/site-packages/airflow/example_dags/example_task_group.py
[2024-12-15T20:18:13.578+0000] {logging_mixin.py:190} INFO - [2024-12-15T20:18:13.578+0000] {dag.py:3239} INFO - Sync 1 DAGs
[2024-12-15T20:18:13.610+0000] {logging_mixin.py:190} INFO - [2024-12-15T20:18:13.609+0000] {dag.py:4180} INFO - Setting next_dagrun for example_task_group to None, run_after=None
[2024-12-15T20:18:13.643+0000] {processor.py:208} INFO - Processing /home/airflow/.local/lib/python3.12/site-packages/airflow/example_dags/example_task_group.py took 0.149 seconds
[2024-12-15T20:18:58.183+0000] {processor.py:186} INFO - Started process (PID=353) to work on /home/airflow/.local/lib/python3.12/site-packages/airflow/example_dags/example_task_group.py
[2024-12-15T20:18:58.186+0000] {processor.py:914} INFO - Processing file /home/airflow/.local/lib/python3.12/site-packages/airflow/example_dags/example_task_group.py for tasks to queue
[2024-12-15T20:18:58.200+0000] {logging_mixin.py:190} INFO - [2024-12-15T20:18:58.199+0000] {dagbag.py:588} INFO - Filling up the DagBag from /home/airflow/.local/lib/python3.12/site-packages/airflow/example_dags/example_task_group.py
[2024-12-15T20:18:58.246+0000] {processor.py:925} INFO - DAG(s) 'example_task_group' retrieved from /home/airflow/.local/lib/python3.12/site-packages/airflow/example_dags/example_task_group.py
[2024-12-15T20:18:58.289+0000] {logging_mixin.py:190} INFO - [2024-12-15T20:18:58.288+0000] {dag.py:3239} INFO - Sync 1 DAGs
[2024-12-15T20:18:58.315+0000] {logging_mixin.py:190} INFO - [2024-12-15T20:18:58.314+0000] {dag.py:4180} INFO - Setting next_dagrun for example_task_group to None, run_after=None
[2024-12-15T20:18:58.339+0000] {processor.py:208} INFO - Processing /home/airflow/.local/lib/python3.12/site-packages/airflow/example_dags/example_task_group.py took 0.167 seconds
[2024-12-15T20:19:57.832+0000] {processor.py:186} INFO - Started process (PID=418) to work on /home/airflow/.local/lib/python3.12/site-packages/airflow/example_dags/example_task_group.py
[2024-12-15T20:19:57.840+0000] {processor.py:914} INFO - Processing file /home/airflow/.local/lib/python3.12/site-packages/airflow/example_dags/example_task_group.py for tasks to queue
[2024-12-15T20:19:57.853+0000] {logging_mixin.py:190} INFO - [2024-12-15T20:19:57.850+0000] {dagbag.py:588} INFO - Filling up the DagBag from /home/airflow/.local/lib/python3.12/site-packages/airflow/example_dags/example_task_group.py
[2024-12-15T20:19:58.089+0000] {processor.py:925} INFO - DAG(s) 'example_task_group' retrieved from /home/airflow/.local/lib/python3.12/site-packages/airflow/example_dags/example_task_group.py
[2024-12-15T20:19:58.617+0000] {logging_mixin.py:190} INFO - [2024-12-15T20:19:58.605+0000] {dag.py:3239} INFO - Sync 1 DAGs
[2024-12-15T20:19:59.205+0000] {logging_mixin.py:190} INFO - [2024-12-15T20:19:59.189+0000] {dag.py:4180} INFO - Setting next_dagrun for example_task_group to None, run_after=None
[2024-12-15T20:19:59.587+0000] {processor.py:208} INFO - Processing /home/airflow/.local/lib/python3.12/site-packages/airflow/example_dags/example_task_group.py took 1.804 seconds
[2024-12-15T20:21:15.381+0000] {processor.py:186} INFO - Started process (PID=502) to work on /home/airflow/.local/lib/python3.12/site-packages/airflow/example_dags/example_task_group.py
[2024-12-15T20:21:15.384+0000] {processor.py:914} INFO - Processing file /home/airflow/.local/lib/python3.12/site-packages/airflow/example_dags/example_task_group.py for tasks to queue
[2024-12-15T20:21:15.386+0000] {logging_mixin.py:190} INFO - [2024-12-15T20:21:15.386+0000] {dagbag.py:588} INFO - Filling up the DagBag from /home/airflow/.local/lib/python3.12/site-packages/airflow/example_dags/example_task_group.py
[2024-12-15T20:21:15.451+0000] {processor.py:925} INFO - DAG(s) 'example_task_group' retrieved from /home/airflow/.local/lib/python3.12/site-packages/airflow/example_dags/example_task_group.py
[2024-12-15T20:21:15.586+0000] {logging_mixin.py:190} INFO - [2024-12-15T20:21:15.585+0000] {dag.py:3239} INFO - Sync 1 DAGs
[2024-12-15T20:21:15.683+0000] {logging_mixin.py:190} INFO - [2024-12-15T20:21:15.682+0000] {dag.py:4180} INFO - Setting next_dagrun for example_task_group to None, run_after=None
[2024-12-15T20:21:15.787+0000] {processor.py:208} INFO - Processing /home/airflow/.local/lib/python3.12/site-packages/airflow/example_dags/example_task_group.py took 0.425 seconds
[2024-12-15T20:21:46.501+0000] {processor.py:186} INFO - Started process (PID=568) to work on /home/airflow/.local/lib/python3.12/site-packages/airflow/example_dags/example_task_group.py
[2024-12-15T20:21:46.505+0000] {processor.py:914} INFO - Processing file /home/airflow/.local/lib/python3.12/site-packages/airflow/example_dags/example_task_group.py for tasks to queue
[2024-12-15T20:21:46.509+0000] {logging_mixin.py:190} INFO - [2024-12-15T20:21:46.509+0000] {dagbag.py:588} INFO - Filling up the DagBag from /home/airflow/.local/lib/python3.12/site-packages/airflow/example_dags/example_task_group.py
[2024-12-15T20:21:46.524+0000] {processor.py:925} INFO - DAG(s) 'example_task_group' retrieved from /home/airflow/.local/lib/python3.12/site-packages/airflow/example_dags/example_task_group.py
[2024-12-15T20:21:46.554+0000] {logging_mixin.py:190} INFO - [2024-12-15T20:21:46.554+0000] {dag.py:3239} INFO - Sync 1 DAGs
[2024-12-15T20:21:46.626+0000] {logging_mixin.py:190} INFO - [2024-12-15T20:21:46.626+0000] {dag.py:4180} INFO - Setting next_dagrun for example_task_group to None, run_after=None
[2024-12-15T20:21:46.659+0000] {processor.py:208} INFO - Processing /home/airflow/.local/lib/python3.12/site-packages/airflow/example_dags/example_task_group.py took 0.166 seconds
[2024-12-15T20:22:22.959+0000] {processor.py:186} INFO - Started process (PID=640) to work on /home/airflow/.local/lib/python3.12/site-packages/airflow/example_dags/example_task_group.py
[2024-12-15T20:22:22.961+0000] {processor.py:914} INFO - Processing file /home/airflow/.local/lib/python3.12/site-packages/airflow/example_dags/example_task_group.py for tasks to queue
[2024-12-15T20:22:22.965+0000] {logging_mixin.py:190} INFO - [2024-12-15T20:22:22.964+0000] {dagbag.py:588} INFO - Filling up the DagBag from /home/airflow/.local/lib/python3.12/site-packages/airflow/example_dags/example_task_group.py
[2024-12-15T20:22:22.991+0000] {processor.py:925} INFO - DAG(s) 'example_task_group' retrieved from /home/airflow/.local/lib/python3.12/site-packages/airflow/example_dags/example_task_group.py
[2024-12-15T20:22:23.067+0000] {logging_mixin.py:190} INFO - [2024-12-15T20:22:23.067+0000] {dag.py:3239} INFO - Sync 1 DAGs
[2024-12-15T20:22:23.126+0000] {logging_mixin.py:190} INFO - [2024-12-15T20:22:23.126+0000] {dag.py:4180} INFO - Setting next_dagrun for example_task_group to None, run_after=None
[2024-12-15T20:22:23.183+0000] {processor.py:208} INFO - Processing /home/airflow/.local/lib/python3.12/site-packages/airflow/example_dags/example_task_group.py took 0.267 seconds
[2024-12-15T20:22:54.076+0000] {processor.py:186} INFO - Started process (PID=706) to work on /home/airflow/.local/lib/python3.12/site-packages/airflow/example_dags/example_task_group.py
[2024-12-15T20:22:54.078+0000] {processor.py:914} INFO - Processing file /home/airflow/.local/lib/python3.12/site-packages/airflow/example_dags/example_task_group.py for tasks to queue
[2024-12-15T20:22:54.081+0000] {logging_mixin.py:190} INFO - [2024-12-15T20:22:54.081+0000] {dagbag.py:588} INFO - Filling up the DagBag from /home/airflow/.local/lib/python3.12/site-packages/airflow/example_dags/example_task_group.py
[2024-12-15T20:22:54.102+0000] {processor.py:925} INFO - DAG(s) 'example_task_group' retrieved from /home/airflow/.local/lib/python3.12/site-packages/airflow/example_dags/example_task_group.py
[2024-12-15T20:22:54.151+0000] {logging_mixin.py:190} INFO - [2024-12-15T20:22:54.151+0000] {dag.py:3239} INFO - Sync 1 DAGs
[2024-12-15T20:22:54.180+0000] {logging_mixin.py:190} INFO - [2024-12-15T20:22:54.180+0000] {dag.py:4180} INFO - Setting next_dagrun for example_task_group to None, run_after=None
[2024-12-15T20:22:54.218+0000] {processor.py:208} INFO - Processing /home/airflow/.local/lib/python3.12/site-packages/airflow/example_dags/example_task_group.py took 0.154 seconds
[2024-12-15T20:23:28.034+0000] {processor.py:186} INFO - Started process (PID=771) to work on /home/airflow/.local/lib/python3.12/site-packages/airflow/example_dags/example_task_group.py
[2024-12-15T20:23:28.037+0000] {processor.py:914} INFO - Processing file /home/airflow/.local/lib/python3.12/site-packages/airflow/example_dags/example_task_group.py for tasks to queue
[2024-12-15T20:23:28.039+0000] {logging_mixin.py:190} INFO - [2024-12-15T20:23:28.039+0000] {dagbag.py:588} INFO - Filling up the DagBag from /home/airflow/.local/lib/python3.12/site-packages/airflow/example_dags/example_task_group.py
[2024-12-15T20:23:28.057+0000] {processor.py:925} INFO - DAG(s) 'example_task_group' retrieved from /home/airflow/.local/lib/python3.12/site-packages/airflow/example_dags/example_task_group.py
[2024-12-15T20:23:28.094+0000] {logging_mixin.py:190} INFO - [2024-12-15T20:23:28.094+0000] {dag.py:3239} INFO - Sync 1 DAGs
[2024-12-15T20:23:28.119+0000] {logging_mixin.py:190} INFO - [2024-12-15T20:23:28.118+0000] {dag.py:4180} INFO - Setting next_dagrun for example_task_group to None, run_after=None
[2024-12-15T20:23:28.148+0000] {processor.py:208} INFO - Processing /home/airflow/.local/lib/python3.12/site-packages/airflow/example_dags/example_task_group.py took 0.124 seconds
[2024-12-15T20:29:17.188+0000] {processor.py:186} INFO - Started process (PID=896) to work on /home/airflow/.local/lib/python3.12/site-packages/airflow/example_dags/example_task_group.py
[2024-12-15T20:29:17.194+0000] {processor.py:914} INFO - Processing file /home/airflow/.local/lib/python3.12/site-packages/airflow/example_dags/example_task_group.py for tasks to queue
[2024-12-15T20:29:17.203+0000] {logging_mixin.py:190} INFO - [2024-12-15T20:29:17.202+0000] {dagbag.py:588} INFO - Filling up the DagBag from /home/airflow/.local/lib/python3.12/site-packages/airflow/example_dags/example_task_group.py
[2024-12-15T20:29:17.275+0000] {processor.py:925} INFO - DAG(s) 'example_task_group' retrieved from /home/airflow/.local/lib/python3.12/site-packages/airflow/example_dags/example_task_group.py
[2024-12-15T20:29:17.442+0000] {logging_mixin.py:190} INFO - [2024-12-15T20:29:17.440+0000] {dag.py:3239} INFO - Sync 1 DAGs
[2024-12-15T20:29:17.529+0000] {logging_mixin.py:190} INFO - [2024-12-15T20:29:17.529+0000] {dag.py:4180} INFO - Setting next_dagrun for example_task_group to None, run_after=None
[2024-12-15T20:29:17.667+0000] {processor.py:208} INFO - Processing /home/airflow/.local/lib/python3.12/site-packages/airflow/example_dags/example_task_group.py took 0.509 seconds
[2024-12-15T20:30:29.016+0000] {processor.py:186} INFO - Started process (PID=965) to work on /home/airflow/.local/lib/python3.12/site-packages/airflow/example_dags/example_task_group.py
[2024-12-15T20:30:29.019+0000] {processor.py:914} INFO - Processing file /home/airflow/.local/lib/python3.12/site-packages/airflow/example_dags/example_task_group.py for tasks to queue
[2024-12-15T20:30:29.025+0000] {logging_mixin.py:190} INFO - [2024-12-15T20:30:29.024+0000] {dagbag.py:588} INFO - Filling up the DagBag from /home/airflow/.local/lib/python3.12/site-packages/airflow/example_dags/example_task_group.py
[2024-12-15T20:30:29.098+0000] {processor.py:925} INFO - DAG(s) 'example_task_group' retrieved from /home/airflow/.local/lib/python3.12/site-packages/airflow/example_dags/example_task_group.py
[2024-12-15T20:30:29.203+0000] {logging_mixin.py:190} INFO - [2024-12-15T20:30:29.203+0000] {dag.py:3239} INFO - Sync 1 DAGs
[2024-12-15T20:30:29.270+0000] {logging_mixin.py:190} INFO - [2024-12-15T20:30:29.269+0000] {dag.py:4180} INFO - Setting next_dagrun for example_task_group to None, run_after=None
[2024-12-15T20:30:29.371+0000] {processor.py:208} INFO - Processing /home/airflow/.local/lib/python3.12/site-packages/airflow/example_dags/example_task_group.py took 0.405 seconds
[2024-12-15T20:31:02.270+0000] {processor.py:186} INFO - Started process (PID=1031) to work on /home/airflow/.local/lib/python3.12/site-packages/airflow/example_dags/example_task_group.py
[2024-12-15T20:31:02.272+0000] {processor.py:914} INFO - Processing file /home/airflow/.local/lib/python3.12/site-packages/airflow/example_dags/example_task_group.py for tasks to queue
[2024-12-15T20:31:02.274+0000] {logging_mixin.py:190} INFO - [2024-12-15T20:31:02.274+0000] {dagbag.py:588} INFO - Filling up the DagBag from /home/airflow/.local/lib/python3.12/site-packages/airflow/example_dags/example_task_group.py
[2024-12-15T20:31:02.292+0000] {processor.py:925} INFO - DAG(s) 'example_task_group' retrieved from /home/airflow/.local/lib/python3.12/site-packages/airflow/example_dags/example_task_group.py
[2024-12-15T20:31:02.331+0000] {logging_mixin.py:190} INFO - [2024-12-15T20:31:02.331+0000] {dag.py:3239} INFO - Sync 1 DAGs
[2024-12-15T20:31:02.353+0000] {logging_mixin.py:190} INFO - [2024-12-15T20:31:02.353+0000] {dag.py:4180} INFO - Setting next_dagrun for example_task_group to None, run_after=None
[2024-12-15T20:31:02.379+0000] {processor.py:208} INFO - Processing /home/airflow/.local/lib/python3.12/site-packages/airflow/example_dags/example_task_group.py took 0.121 seconds
[2024-12-15T20:31:35.771+0000] {processor.py:186} INFO - Started process (PID=1101) to work on /home/airflow/.local/lib/python3.12/site-packages/airflow/example_dags/example_task_group.py
[2024-12-15T20:31:35.782+0000] {processor.py:914} INFO - Processing file /home/airflow/.local/lib/python3.12/site-packages/airflow/example_dags/example_task_group.py for tasks to queue
[2024-12-15T20:31:35.787+0000] {logging_mixin.py:190} INFO - [2024-12-15T20:31:35.787+0000] {dagbag.py:588} INFO - Filling up the DagBag from /home/airflow/.local/lib/python3.12/site-packages/airflow/example_dags/example_task_group.py
[2024-12-15T20:31:35.854+0000] {processor.py:925} INFO - DAG(s) 'example_task_group' retrieved from /home/airflow/.local/lib/python3.12/site-packages/airflow/example_dags/example_task_group.py
[2024-12-15T20:31:35.946+0000] {logging_mixin.py:190} INFO - [2024-12-15T20:31:35.945+0000] {dag.py:3239} INFO - Sync 1 DAGs
[2024-12-15T20:31:36.001+0000] {logging_mixin.py:190} INFO - [2024-12-15T20:31:36.000+0000] {dag.py:4180} INFO - Setting next_dagrun for example_task_group to None, run_after=None
[2024-12-15T20:31:36.080+0000] {processor.py:208} INFO - Processing /home/airflow/.local/lib/python3.12/site-packages/airflow/example_dags/example_task_group.py took 0.329 seconds
[2024-12-15T20:33:12.098+0000] {processor.py:186} INFO - Started process (PID=1155) to work on /home/airflow/.local/lib/python3.12/site-packages/airflow/example_dags/example_task_group.py
[2024-12-15T20:33:12.108+0000] {processor.py:914} INFO - Processing file /home/airflow/.local/lib/python3.12/site-packages/airflow/example_dags/example_task_group.py for tasks to queue
[2024-12-15T20:33:12.115+0000] {logging_mixin.py:190} INFO - [2024-12-15T20:33:12.113+0000] {dagbag.py:588} INFO - Filling up the DagBag from /home/airflow/.local/lib/python3.12/site-packages/airflow/example_dags/example_task_group.py
[2024-12-15T20:33:12.182+0000] {processor.py:925} INFO - DAG(s) 'example_task_group' retrieved from /home/airflow/.local/lib/python3.12/site-packages/airflow/example_dags/example_task_group.py
[2024-12-15T20:33:12.399+0000] {logging_mixin.py:190} INFO - [2024-12-15T20:33:12.399+0000] {dag.py:3239} INFO - Sync 1 DAGs
[2024-12-15T20:33:12.516+0000] {logging_mixin.py:190} INFO - [2024-12-15T20:33:12.511+0000] {dag.py:4180} INFO - Setting next_dagrun for example_task_group to None, run_after=None
[2024-12-15T20:33:12.605+0000] {processor.py:208} INFO - Processing /home/airflow/.local/lib/python3.12/site-packages/airflow/example_dags/example_task_group.py took 0.566 seconds
[2024-12-15T20:33:42.841+0000] {processor.py:186} INFO - Started process (PID=1221) to work on /home/airflow/.local/lib/python3.12/site-packages/airflow/example_dags/example_task_group.py
[2024-12-15T20:33:42.843+0000] {processor.py:914} INFO - Processing file /home/airflow/.local/lib/python3.12/site-packages/airflow/example_dags/example_task_group.py for tasks to queue
[2024-12-15T20:33:42.846+0000] {logging_mixin.py:190} INFO - [2024-12-15T20:33:42.845+0000] {dagbag.py:588} INFO - Filling up the DagBag from /home/airflow/.local/lib/python3.12/site-packages/airflow/example_dags/example_task_group.py
[2024-12-15T20:33:42.865+0000] {processor.py:925} INFO - DAG(s) 'example_task_group' retrieved from /home/airflow/.local/lib/python3.12/site-packages/airflow/example_dags/example_task_group.py
[2024-12-15T20:33:42.903+0000] {logging_mixin.py:190} INFO - [2024-12-15T20:33:42.902+0000] {dag.py:3239} INFO - Sync 1 DAGs
[2024-12-15T20:33:42.927+0000] {logging_mixin.py:190} INFO - [2024-12-15T20:33:42.927+0000] {dag.py:4180} INFO - Setting next_dagrun for example_task_group to None, run_after=None
[2024-12-15T20:33:42.961+0000] {processor.py:208} INFO - Processing /home/airflow/.local/lib/python3.12/site-packages/airflow/example_dags/example_task_group.py took 0.130 seconds
[2024-12-15T20:34:14.487+0000] {processor.py:186} INFO - Started process (PID=1286) to work on /home/airflow/.local/lib/python3.12/site-packages/airflow/example_dags/example_task_group.py
[2024-12-15T20:34:14.494+0000] {processor.py:914} INFO - Processing file /home/airflow/.local/lib/python3.12/site-packages/airflow/example_dags/example_task_group.py for tasks to queue
[2024-12-15T20:34:14.501+0000] {logging_mixin.py:190} INFO - [2024-12-15T20:34:14.500+0000] {dagbag.py:588} INFO - Filling up the DagBag from /home/airflow/.local/lib/python3.12/site-packages/airflow/example_dags/example_task_group.py
[2024-12-15T20:34:14.562+0000] {processor.py:925} INFO - DAG(s) 'example_task_group' retrieved from /home/airflow/.local/lib/python3.12/site-packages/airflow/example_dags/example_task_group.py
[2024-12-15T20:34:14.750+0000] {logging_mixin.py:190} INFO - [2024-12-15T20:34:14.743+0000] {dag.py:3239} INFO - Sync 1 DAGs
[2024-12-15T20:34:14.845+0000] {logging_mixin.py:190} INFO - [2024-12-15T20:34:14.845+0000] {dag.py:4180} INFO - Setting next_dagrun for example_task_group to None, run_after=None
[2024-12-15T20:34:15.005+0000] {processor.py:208} INFO - Processing /home/airflow/.local/lib/python3.12/site-packages/airflow/example_dags/example_task_group.py took 0.575 seconds
[2024-12-15T20:34:45.483+0000] {processor.py:186} INFO - Started process (PID=1352) to work on /home/airflow/.local/lib/python3.12/site-packages/airflow/example_dags/example_task_group.py
[2024-12-15T20:34:45.485+0000] {processor.py:914} INFO - Processing file /home/airflow/.local/lib/python3.12/site-packages/airflow/example_dags/example_task_group.py for tasks to queue
[2024-12-15T20:34:45.487+0000] {logging_mixin.py:190} INFO - [2024-12-15T20:34:45.486+0000] {dagbag.py:588} INFO - Filling up the DagBag from /home/airflow/.local/lib/python3.12/site-packages/airflow/example_dags/example_task_group.py
[2024-12-15T20:34:45.498+0000] {processor.py:925} INFO - DAG(s) 'example_task_group' retrieved from /home/airflow/.local/lib/python3.12/site-packages/airflow/example_dags/example_task_group.py
[2024-12-15T20:34:45.529+0000] {logging_mixin.py:190} INFO - [2024-12-15T20:34:45.529+0000] {dag.py:3239} INFO - Sync 1 DAGs
[2024-12-15T20:34:45.564+0000] {logging_mixin.py:190} INFO - [2024-12-15T20:34:45.562+0000] {dag.py:4180} INFO - Setting next_dagrun for example_task_group to None, run_after=None
[2024-12-15T20:34:45.627+0000] {processor.py:208} INFO - Processing /home/airflow/.local/lib/python3.12/site-packages/airflow/example_dags/example_task_group.py took 0.151 seconds
[2024-12-15T20:35:16.274+0000] {processor.py:186} INFO - Started process (PID=1423) to work on /home/airflow/.local/lib/python3.12/site-packages/airflow/example_dags/example_task_group.py
[2024-12-15T20:35:16.281+0000] {processor.py:914} INFO - Processing file /home/airflow/.local/lib/python3.12/site-packages/airflow/example_dags/example_task_group.py for tasks to queue
[2024-12-15T20:35:16.296+0000] {logging_mixin.py:190} INFO - [2024-12-15T20:35:16.295+0000] {dagbag.py:588} INFO - Filling up the DagBag from /home/airflow/.local/lib/python3.12/site-packages/airflow/example_dags/example_task_group.py
[2024-12-15T20:35:16.316+0000] {processor.py:925} INFO - DAG(s) 'example_task_group' retrieved from /home/airflow/.local/lib/python3.12/site-packages/airflow/example_dags/example_task_group.py
[2024-12-15T20:35:16.362+0000] {logging_mixin.py:190} INFO - [2024-12-15T20:35:16.362+0000] {dag.py:3239} INFO - Sync 1 DAGs
[2024-12-15T20:35:16.384+0000] {logging_mixin.py:190} INFO - [2024-12-15T20:35:16.383+0000] {dag.py:4180} INFO - Setting next_dagrun for example_task_group to None, run_after=None
[2024-12-15T20:35:16.409+0000] {processor.py:208} INFO - Processing /home/airflow/.local/lib/python3.12/site-packages/airflow/example_dags/example_task_group.py took 0.162 seconds
[2024-12-15T20:35:58.036+0000] {processor.py:186} INFO - Started process (PID=1487) to work on /home/airflow/.local/lib/python3.12/site-packages/airflow/example_dags/example_task_group.py
[2024-12-15T20:35:58.039+0000] {processor.py:914} INFO - Processing file /home/airflow/.local/lib/python3.12/site-packages/airflow/example_dags/example_task_group.py for tasks to queue
[2024-12-15T20:35:58.042+0000] {logging_mixin.py:190} INFO - [2024-12-15T20:35:58.042+0000] {dagbag.py:588} INFO - Filling up the DagBag from /home/airflow/.local/lib/python3.12/site-packages/airflow/example_dags/example_task_group.py
[2024-12-15T20:35:58.063+0000] {processor.py:925} INFO - DAG(s) 'example_task_group' retrieved from /home/airflow/.local/lib/python3.12/site-packages/airflow/example_dags/example_task_group.py
[2024-12-15T20:35:58.108+0000] {logging_mixin.py:190} INFO - [2024-12-15T20:35:58.107+0000] {dag.py:3239} INFO - Sync 1 DAGs
[2024-12-15T20:35:58.129+0000] {logging_mixin.py:190} INFO - [2024-12-15T20:35:58.129+0000] {dag.py:4180} INFO - Setting next_dagrun for example_task_group to None, run_after=None
[2024-12-15T20:35:58.150+0000] {processor.py:208} INFO - Processing /home/airflow/.local/lib/python3.12/site-packages/airflow/example_dags/example_task_group.py took 0.151 seconds
[2024-12-15T20:36:29.329+0000] {processor.py:186} INFO - Started process (PID=1553) to work on /home/airflow/.local/lib/python3.12/site-packages/airflow/example_dags/example_task_group.py
[2024-12-15T20:36:29.331+0000] {processor.py:914} INFO - Processing file /home/airflow/.local/lib/python3.12/site-packages/airflow/example_dags/example_task_group.py for tasks to queue
[2024-12-15T20:36:29.337+0000] {logging_mixin.py:190} INFO - [2024-12-15T20:36:29.336+0000] {dagbag.py:588} INFO - Filling up the DagBag from /home/airflow/.local/lib/python3.12/site-packages/airflow/example_dags/example_task_group.py
[2024-12-15T20:36:29.354+0000] {processor.py:925} INFO - DAG(s) 'example_task_group' retrieved from /home/airflow/.local/lib/python3.12/site-packages/airflow/example_dags/example_task_group.py
[2024-12-15T20:36:29.385+0000] {logging_mixin.py:190} INFO - [2024-12-15T20:36:29.385+0000] {dag.py:3239} INFO - Sync 1 DAGs
[2024-12-15T20:36:29.411+0000] {logging_mixin.py:190} INFO - [2024-12-15T20:36:29.411+0000] {dag.py:4180} INFO - Setting next_dagrun for example_task_group to None, run_after=None
[2024-12-15T20:36:29.437+0000] {processor.py:208} INFO - Processing /home/airflow/.local/lib/python3.12/site-packages/airflow/example_dags/example_task_group.py took 0.121 seconds
[2024-12-15T20:37:02.875+0000] {processor.py:186} INFO - Started process (PID=1623) to work on /home/airflow/.local/lib/python3.12/site-packages/airflow/example_dags/example_task_group.py
[2024-12-15T20:37:02.878+0000] {processor.py:914} INFO - Processing file /home/airflow/.local/lib/python3.12/site-packages/airflow/example_dags/example_task_group.py for tasks to queue
[2024-12-15T20:37:02.881+0000] {logging_mixin.py:190} INFO - [2024-12-15T20:37:02.880+0000] {dagbag.py:588} INFO - Filling up the DagBag from /home/airflow/.local/lib/python3.12/site-packages/airflow/example_dags/example_task_group.py
[2024-12-15T20:37:02.900+0000] {processor.py:925} INFO - DAG(s) 'example_task_group' retrieved from /home/airflow/.local/lib/python3.12/site-packages/airflow/example_dags/example_task_group.py
[2024-12-15T20:37:02.942+0000] {logging_mixin.py:190} INFO - [2024-12-15T20:37:02.937+0000] {dag.py:3239} INFO - Sync 1 DAGs
[2024-12-15T20:37:02.979+0000] {logging_mixin.py:190} INFO - [2024-12-15T20:37:02.979+0000] {dag.py:4180} INFO - Setting next_dagrun for example_task_group to None, run_after=None
[2024-12-15T20:37:03.034+0000] {processor.py:208} INFO - Processing /home/airflow/.local/lib/python3.12/site-packages/airflow/example_dags/example_task_group.py took 0.171 seconds
[2024-12-15T20:37:37.387+0000] {processor.py:186} INFO - Started process (PID=1688) to work on /home/airflow/.local/lib/python3.12/site-packages/airflow/example_dags/example_task_group.py
[2024-12-15T20:37:37.392+0000] {processor.py:914} INFO - Processing file /home/airflow/.local/lib/python3.12/site-packages/airflow/example_dags/example_task_group.py for tasks to queue
[2024-12-15T20:37:37.396+0000] {logging_mixin.py:190} INFO - [2024-12-15T20:37:37.395+0000] {dagbag.py:588} INFO - Filling up the DagBag from /home/airflow/.local/lib/python3.12/site-packages/airflow/example_dags/example_task_group.py
[2024-12-15T20:37:37.423+0000] {processor.py:925} INFO - DAG(s) 'example_task_group' retrieved from /home/airflow/.local/lib/python3.12/site-packages/airflow/example_dags/example_task_group.py
[2024-12-15T20:37:37.464+0000] {logging_mixin.py:190} INFO - [2024-12-15T20:37:37.464+0000] {dag.py:3239} INFO - Sync 1 DAGs
[2024-12-15T20:37:37.494+0000] {logging_mixin.py:190} INFO - [2024-12-15T20:37:37.493+0000] {dag.py:4180} INFO - Setting next_dagrun for example_task_group to None, run_after=None
[2024-12-15T20:37:37.536+0000] {processor.py:208} INFO - Processing /home/airflow/.local/lib/python3.12/site-packages/airflow/example_dags/example_task_group.py took 0.164 seconds
[2024-12-15T20:38:20.844+0000] {processor.py:186} INFO - Started process (PID=1757) to work on /home/airflow/.local/lib/python3.12/site-packages/airflow/example_dags/example_task_group.py
[2024-12-15T20:38:20.846+0000] {processor.py:914} INFO - Processing file /home/airflow/.local/lib/python3.12/site-packages/airflow/example_dags/example_task_group.py for tasks to queue
[2024-12-15T20:38:20.849+0000] {logging_mixin.py:190} INFO - [2024-12-15T20:38:20.848+0000] {dagbag.py:588} INFO - Filling up the DagBag from /home/airflow/.local/lib/python3.12/site-packages/airflow/example_dags/example_task_group.py
[2024-12-15T20:38:20.862+0000] {processor.py:925} INFO - DAG(s) 'example_task_group' retrieved from /home/airflow/.local/lib/python3.12/site-packages/airflow/example_dags/example_task_group.py
[2024-12-15T20:38:20.898+0000] {logging_mixin.py:190} INFO - [2024-12-15T20:38:20.898+0000] {dag.py:3239} INFO - Sync 1 DAGs
[2024-12-15T20:38:20.923+0000] {logging_mixin.py:190} INFO - [2024-12-15T20:38:20.922+0000] {dag.py:4180} INFO - Setting next_dagrun for example_task_group to None, run_after=None
[2024-12-15T20:38:20.964+0000] {processor.py:208} INFO - Processing /home/airflow/.local/lib/python3.12/site-packages/airflow/example_dags/example_task_group.py took 0.128 seconds
[2024-12-15T20:41:12.557+0000] {processor.py:186} INFO - Started process (PID=1844) to work on /home/airflow/.local/lib/python3.12/site-packages/airflow/example_dags/example_task_group.py
[2024-12-15T20:41:12.566+0000] {processor.py:914} INFO - Processing file /home/airflow/.local/lib/python3.12/site-packages/airflow/example_dags/example_task_group.py for tasks to queue
[2024-12-15T20:41:12.579+0000] {logging_mixin.py:190} INFO - [2024-12-15T20:41:12.575+0000] {dagbag.py:588} INFO - Filling up the DagBag from /home/airflow/.local/lib/python3.12/site-packages/airflow/example_dags/example_task_group.py
[2024-12-15T20:41:12.643+0000] {processor.py:925} INFO - DAG(s) 'example_task_group' retrieved from /home/airflow/.local/lib/python3.12/site-packages/airflow/example_dags/example_task_group.py
[2024-12-15T20:41:12.759+0000] {logging_mixin.py:190} INFO - [2024-12-15T20:41:12.759+0000] {dag.py:3239} INFO - Sync 1 DAGs
[2024-12-15T20:41:12.823+0000] {logging_mixin.py:190} INFO - [2024-12-15T20:41:12.823+0000] {dag.py:4180} INFO - Setting next_dagrun for example_task_group to None, run_after=None
[2024-12-15T20:41:12.915+0000] {processor.py:208} INFO - Processing /home/airflow/.local/lib/python3.12/site-packages/airflow/example_dags/example_task_group.py took 0.422 seconds
[2024-12-15T20:41:43.488+0000] {processor.py:186} INFO - Started process (PID=1910) to work on /home/airflow/.local/lib/python3.12/site-packages/airflow/example_dags/example_task_group.py
[2024-12-15T20:41:43.491+0000] {processor.py:914} INFO - Processing file /home/airflow/.local/lib/python3.12/site-packages/airflow/example_dags/example_task_group.py for tasks to queue
[2024-12-15T20:41:43.494+0000] {logging_mixin.py:190} INFO - [2024-12-15T20:41:43.494+0000] {dagbag.py:588} INFO - Filling up the DagBag from /home/airflow/.local/lib/python3.12/site-packages/airflow/example_dags/example_task_group.py
[2024-12-15T20:41:43.512+0000] {processor.py:925} INFO - DAG(s) 'example_task_group' retrieved from /home/airflow/.local/lib/python3.12/site-packages/airflow/example_dags/example_task_group.py
[2024-12-15T20:41:43.546+0000] {logging_mixin.py:190} INFO - [2024-12-15T20:41:43.546+0000] {dag.py:3239} INFO - Sync 1 DAGs
[2024-12-15T20:41:43.570+0000] {logging_mixin.py:190} INFO - [2024-12-15T20:41:43.569+0000] {dag.py:4180} INFO - Setting next_dagrun for example_task_group to None, run_after=None
[2024-12-15T20:41:43.600+0000] {processor.py:208} INFO - Processing /home/airflow/.local/lib/python3.12/site-packages/airflow/example_dags/example_task_group.py took 0.124 seconds
[2024-12-15T20:42:13.946+0000] {processor.py:186} INFO - Started process (PID=1974) to work on /home/airflow/.local/lib/python3.12/site-packages/airflow/example_dags/example_task_group.py
[2024-12-15T20:42:13.948+0000] {processor.py:914} INFO - Processing file /home/airflow/.local/lib/python3.12/site-packages/airflow/example_dags/example_task_group.py for tasks to queue
[2024-12-15T20:42:13.951+0000] {logging_mixin.py:190} INFO - [2024-12-15T20:42:13.950+0000] {dagbag.py:588} INFO - Filling up the DagBag from /home/airflow/.local/lib/python3.12/site-packages/airflow/example_dags/example_task_group.py
[2024-12-15T20:42:13.969+0000] {processor.py:925} INFO - DAG(s) 'example_task_group' retrieved from /home/airflow/.local/lib/python3.12/site-packages/airflow/example_dags/example_task_group.py
[2024-12-15T20:42:14.025+0000] {logging_mixin.py:190} INFO - [2024-12-15T20:42:14.024+0000] {dag.py:3239} INFO - Sync 1 DAGs
[2024-12-15T20:42:14.053+0000] {logging_mixin.py:190} INFO - [2024-12-15T20:42:14.052+0000] {dag.py:4180} INFO - Setting next_dagrun for example_task_group to None, run_after=None
[2024-12-15T20:42:14.096+0000] {processor.py:208} INFO - Processing /home/airflow/.local/lib/python3.12/site-packages/airflow/example_dags/example_task_group.py took 0.163 seconds
