[2024-12-15T19:40:51.863+0000] {processor.py:186} INFO - Started process (PID=84) to work on /home/airflow/.local/lib/python3.12/site-packages/airflow/example_dags/example_workday_timetable.py
[2024-12-15T19:40:51.867+0000] {processor.py:914} INFO - Processing file /home/airflow/.local/lib/python3.12/site-packages/airflow/example_dags/example_workday_timetable.py for tasks to queue
[2024-12-15T19:40:51.873+0000] {logging_mixin.py:190} INFO - [2024-12-15T19:40:51.873+0000] {dagbag.py:588} INFO - Filling up the DagBag from /home/airflow/.local/lib/python3.12/site-packages/airflow/example_dags/example_workday_timetable.py
[2024-12-15T19:40:51.884+0000] {processor.py:925} INFO - DAG(s) 'example_workday_timetable' retrieved from /home/airflow/.local/lib/python3.12/site-packages/airflow/example_dags/example_workday_timetable.py
[2024-12-15T19:40:52.216+0000] {logging_mixin.py:190} INFO - [2024-12-15T19:40:52.213+0000] {override.py:1911} INFO - Created Permission View: can delete on DAG:example_workday_timetable
[2024-12-15T19:40:52.283+0000] {logging_mixin.py:190} INFO - [2024-12-15T19:40:52.276+0000] {override.py:1911} INFO - Created Permission View: can read on DAG:example_workday_timetable
[2024-12-15T19:40:52.337+0000] {logging_mixin.py:190} INFO - [2024-12-15T19:40:52.337+0000] {override.py:1911} INFO - Created Permission View: can edit on DAG:example_workday_timetable
[2024-12-15T19:40:52.441+0000] {logging_mixin.py:190} INFO - [2024-12-15T19:40:52.428+0000] {override.py:1911} INFO - Created Permission View: menu access on DAG Run:example_workday_timetable
[2024-12-15T19:40:52.621+0000] {logging_mixin.py:190} INFO - [2024-12-15T19:40:52.620+0000] {override.py:1911} INFO - Created Permission View: can delete on DAG Run:example_workday_timetable
[2024-12-15T19:40:52.708+0000] {logging_mixin.py:190} INFO - [2024-12-15T19:40:52.705+0000] {override.py:1911} INFO - Created Permission View: can create on DAG Run:example_workday_timetable
[2024-12-15T19:40:52.870+0000] {logging_mixin.py:190} INFO - [2024-12-15T19:40:52.869+0000] {override.py:1911} INFO - Created Permission View: can read on DAG Run:example_workday_timetable
[2024-12-15T19:40:52.871+0000] {logging_mixin.py:190} INFO - [2024-12-15T19:40:52.871+0000] {dag.py:3239} INFO - Sync 1 DAGs
[2024-12-15T19:40:52.961+0000] {logging_mixin.py:190} INFO - [2024-12-15T19:40:52.961+0000] {dag.py:3262} INFO - Creating ORM DAG for example_workday_timetable
[2024-12-15T19:40:53.578+0000] {logging_mixin.py:190} INFO - [2024-12-15T19:40:53.577+0000] {dag.py:4180} INFO - Setting next_dagrun for example_workday_timetable to 2021-01-04 00:00:00+00:00, run_after=2021-01-05 00:00:00+00:00
[2024-12-15T19:40:53.642+0000] {processor.py:208} INFO - Processing /home/airflow/.local/lib/python3.12/site-packages/airflow/example_dags/example_workday_timetable.py took 1.798 seconds
[2024-12-15T19:41:24.144+0000] {processor.py:186} INFO - Started process (PID=148) to work on /home/airflow/.local/lib/python3.12/site-packages/airflow/example_dags/example_workday_timetable.py
[2024-12-15T19:41:24.149+0000] {processor.py:914} INFO - Processing file /home/airflow/.local/lib/python3.12/site-packages/airflow/example_dags/example_workday_timetable.py for tasks to queue
[2024-12-15T19:41:24.153+0000] {logging_mixin.py:190} INFO - [2024-12-15T19:41:24.152+0000] {dagbag.py:588} INFO - Filling up the DagBag from /home/airflow/.local/lib/python3.12/site-packages/airflow/example_dags/example_workday_timetable.py
[2024-12-15T19:41:24.213+0000] {processor.py:925} INFO - DAG(s) 'example_workday_timetable' retrieved from /home/airflow/.local/lib/python3.12/site-packages/airflow/example_dags/example_workday_timetable.py
[2024-12-15T19:41:24.272+0000] {logging_mixin.py:190} INFO - [2024-12-15T19:41:24.271+0000] {dag.py:3239} INFO - Sync 1 DAGs
[2024-12-15T19:41:24.465+0000] {logging_mixin.py:190} INFO - [2024-12-15T19:41:24.465+0000] {dag.py:4180} INFO - Setting next_dagrun for example_workday_timetable to 2021-01-04 00:00:00+00:00, run_after=2021-01-05 00:00:00+00:00
[2024-12-15T19:41:24.493+0000] {processor.py:208} INFO - Processing /home/airflow/.local/lib/python3.12/site-packages/airflow/example_dags/example_workday_timetable.py took 0.365 seconds
[2024-12-15T19:41:55.543+0000] {processor.py:186} INFO - Started process (PID=213) to work on /home/airflow/.local/lib/python3.12/site-packages/airflow/example_dags/example_workday_timetable.py
[2024-12-15T19:41:55.551+0000] {processor.py:914} INFO - Processing file /home/airflow/.local/lib/python3.12/site-packages/airflow/example_dags/example_workday_timetable.py for tasks to queue
[2024-12-15T19:41:55.568+0000] {logging_mixin.py:190} INFO - [2024-12-15T19:41:55.563+0000] {dagbag.py:588} INFO - Filling up the DagBag from /home/airflow/.local/lib/python3.12/site-packages/airflow/example_dags/example_workday_timetable.py
[2024-12-15T19:41:55.607+0000] {processor.py:925} INFO - DAG(s) 'example_workday_timetable' retrieved from /home/airflow/.local/lib/python3.12/site-packages/airflow/example_dags/example_workday_timetable.py
[2024-12-15T19:41:55.696+0000] {logging_mixin.py:190} INFO - [2024-12-15T19:41:55.695+0000] {dag.py:3239} INFO - Sync 1 DAGs
[2024-12-15T19:41:56.291+0000] {logging_mixin.py:190} INFO - [2024-12-15T19:41:56.291+0000] {dag.py:4180} INFO - Setting next_dagrun for example_workday_timetable to 2021-01-04 00:00:00+00:00, run_after=2021-01-05 00:00:00+00:00
[2024-12-15T19:41:56.389+0000] {processor.py:208} INFO - Processing /home/airflow/.local/lib/python3.12/site-packages/airflow/example_dags/example_workday_timetable.py took 0.880 seconds
[2024-12-15T19:42:47.611+0000] {processor.py:186} INFO - Started process (PID=276) to work on /home/airflow/.local/lib/python3.12/site-packages/airflow/example_dags/example_workday_timetable.py
[2024-12-15T19:42:47.613+0000] {processor.py:914} INFO - Processing file /home/airflow/.local/lib/python3.12/site-packages/airflow/example_dags/example_workday_timetable.py for tasks to queue
[2024-12-15T19:42:47.619+0000] {logging_mixin.py:190} INFO - [2024-12-15T19:42:47.619+0000] {dagbag.py:588} INFO - Filling up the DagBag from /home/airflow/.local/lib/python3.12/site-packages/airflow/example_dags/example_workday_timetable.py
[2024-12-15T19:42:47.633+0000] {processor.py:925} INFO - DAG(s) 'example_workday_timetable' retrieved from /home/airflow/.local/lib/python3.12/site-packages/airflow/example_dags/example_workday_timetable.py
[2024-12-15T19:42:47.688+0000] {logging_mixin.py:190} INFO - [2024-12-15T19:42:47.688+0000] {dag.py:3239} INFO - Sync 1 DAGs
[2024-12-15T19:42:47.891+0000] {logging_mixin.py:190} INFO - [2024-12-15T19:42:47.890+0000] {dag.py:4180} INFO - Setting next_dagrun for example_workday_timetable to 2021-01-04 00:00:00+00:00, run_after=2021-01-05 00:00:00+00:00
[2024-12-15T19:42:47.927+0000] {processor.py:208} INFO - Processing /home/airflow/.local/lib/python3.12/site-packages/airflow/example_dags/example_workday_timetable.py took 0.328 seconds
[2024-12-15T19:43:18.565+0000] {processor.py:186} INFO - Started process (PID=341) to work on /home/airflow/.local/lib/python3.12/site-packages/airflow/example_dags/example_workday_timetable.py
[2024-12-15T19:43:18.567+0000] {processor.py:914} INFO - Processing file /home/airflow/.local/lib/python3.12/site-packages/airflow/example_dags/example_workday_timetable.py for tasks to queue
[2024-12-15T19:43:18.572+0000] {logging_mixin.py:190} INFO - [2024-12-15T19:43:18.571+0000] {dagbag.py:588} INFO - Filling up the DagBag from /home/airflow/.local/lib/python3.12/site-packages/airflow/example_dags/example_workday_timetable.py
[2024-12-15T19:43:18.580+0000] {processor.py:925} INFO - DAG(s) 'example_workday_timetable' retrieved from /home/airflow/.local/lib/python3.12/site-packages/airflow/example_dags/example_workday_timetable.py
[2024-12-15T19:43:18.607+0000] {logging_mixin.py:190} INFO - [2024-12-15T19:43:18.606+0000] {dag.py:3239} INFO - Sync 1 DAGs
[2024-12-15T19:43:18.693+0000] {logging_mixin.py:190} INFO - [2024-12-15T19:43:18.693+0000] {dag.py:4180} INFO - Setting next_dagrun for example_workday_timetable to 2021-01-04 00:00:00+00:00, run_after=2021-01-05 00:00:00+00:00
[2024-12-15T19:43:18.718+0000] {processor.py:208} INFO - Processing /home/airflow/.local/lib/python3.12/site-packages/airflow/example_dags/example_workday_timetable.py took 0.164 seconds
[2024-12-15T19:43:49.655+0000] {processor.py:186} INFO - Started process (PID=401) to work on /home/airflow/.local/lib/python3.12/site-packages/airflow/example_dags/example_workday_timetable.py
[2024-12-15T19:43:49.667+0000] {processor.py:914} INFO - Processing file /home/airflow/.local/lib/python3.12/site-packages/airflow/example_dags/example_workday_timetable.py for tasks to queue
[2024-12-15T19:43:49.677+0000] {logging_mixin.py:190} INFO - [2024-12-15T19:43:49.677+0000] {dagbag.py:588} INFO - Filling up the DagBag from /home/airflow/.local/lib/python3.12/site-packages/airflow/example_dags/example_workday_timetable.py
[2024-12-15T19:43:49.721+0000] {processor.py:925} INFO - DAG(s) 'example_workday_timetable' retrieved from /home/airflow/.local/lib/python3.12/site-packages/airflow/example_dags/example_workday_timetable.py
[2024-12-15T19:43:49.796+0000] {logging_mixin.py:190} INFO - [2024-12-15T19:43:49.795+0000] {dag.py:3239} INFO - Sync 1 DAGs
[2024-12-15T19:43:50.319+0000] {logging_mixin.py:190} INFO - [2024-12-15T19:43:50.319+0000] {dag.py:4180} INFO - Setting next_dagrun for example_workday_timetable to 2021-01-04 00:00:00+00:00, run_after=2021-01-05 00:00:00+00:00
[2024-12-15T19:43:50.531+0000] {processor.py:208} INFO - Processing /home/airflow/.local/lib/python3.12/site-packages/airflow/example_dags/example_workday_timetable.py took 0.922 seconds
[2024-12-15T19:44:21.457+0000] {processor.py:186} INFO - Started process (PID=466) to work on /home/airflow/.local/lib/python3.12/site-packages/airflow/example_dags/example_workday_timetable.py
[2024-12-15T19:44:21.461+0000] {processor.py:914} INFO - Processing file /home/airflow/.local/lib/python3.12/site-packages/airflow/example_dags/example_workday_timetable.py for tasks to queue
[2024-12-15T19:44:21.476+0000] {logging_mixin.py:190} INFO - [2024-12-15T19:44:21.475+0000] {dagbag.py:588} INFO - Filling up the DagBag from /home/airflow/.local/lib/python3.12/site-packages/airflow/example_dags/example_workday_timetable.py
[2024-12-15T19:44:21.488+0000] {processor.py:925} INFO - DAG(s) 'example_workday_timetable' retrieved from /home/airflow/.local/lib/python3.12/site-packages/airflow/example_dags/example_workday_timetable.py
[2024-12-15T19:44:21.536+0000] {logging_mixin.py:190} INFO - [2024-12-15T19:44:21.535+0000] {dag.py:3239} INFO - Sync 1 DAGs
[2024-12-15T19:44:21.799+0000] {logging_mixin.py:190} INFO - [2024-12-15T19:44:21.798+0000] {dag.py:4180} INFO - Setting next_dagrun for example_workday_timetable to 2021-01-04 00:00:00+00:00, run_after=2021-01-05 00:00:00+00:00
[2024-12-15T19:44:21.825+0000] {processor.py:208} INFO - Processing /home/airflow/.local/lib/python3.12/site-packages/airflow/example_dags/example_workday_timetable.py took 0.380 seconds
[2024-12-15T19:45:40.383+0000] {processor.py:186} INFO - Started process (PID=534) to work on /home/airflow/.local/lib/python3.12/site-packages/airflow/example_dags/example_workday_timetable.py
[2024-12-15T19:45:40.385+0000] {processor.py:914} INFO - Processing file /home/airflow/.local/lib/python3.12/site-packages/airflow/example_dags/example_workday_timetable.py for tasks to queue
[2024-12-15T19:45:40.394+0000] {logging_mixin.py:190} INFO - [2024-12-15T19:45:40.391+0000] {dagbag.py:588} INFO - Filling up the DagBag from /home/airflow/.local/lib/python3.12/site-packages/airflow/example_dags/example_workday_timetable.py
[2024-12-15T19:45:40.413+0000] {processor.py:925} INFO - DAG(s) 'example_workday_timetable' retrieved from /home/airflow/.local/lib/python3.12/site-packages/airflow/example_dags/example_workday_timetable.py
[2024-12-15T19:45:40.467+0000] {logging_mixin.py:190} INFO - [2024-12-15T19:45:40.467+0000] {dag.py:3239} INFO - Sync 1 DAGs
[2024-12-15T19:45:41.015+0000] {logging_mixin.py:190} INFO - [2024-12-15T19:45:41.014+0000] {dag.py:4180} INFO - Setting next_dagrun for example_workday_timetable to 2021-01-04 00:00:00+00:00, run_after=2021-01-05 00:00:00+00:00
[2024-12-15T19:45:41.091+0000] {processor.py:208} INFO - Processing /home/airflow/.local/lib/python3.12/site-packages/airflow/example_dags/example_workday_timetable.py took 0.724 seconds
[2024-12-15T19:46:11.718+0000] {processor.py:186} INFO - Started process (PID=599) to work on /home/airflow/.local/lib/python3.12/site-packages/airflow/example_dags/example_workday_timetable.py
[2024-12-15T19:46:11.722+0000] {processor.py:914} INFO - Processing file /home/airflow/.local/lib/python3.12/site-packages/airflow/example_dags/example_workday_timetable.py for tasks to queue
[2024-12-15T19:46:11.730+0000] {logging_mixin.py:190} INFO - [2024-12-15T19:46:11.728+0000] {dagbag.py:588} INFO - Filling up the DagBag from /home/airflow/.local/lib/python3.12/site-packages/airflow/example_dags/example_workday_timetable.py
[2024-12-15T19:46:11.752+0000] {processor.py:925} INFO - DAG(s) 'example_workday_timetable' retrieved from /home/airflow/.local/lib/python3.12/site-packages/airflow/example_dags/example_workday_timetable.py
[2024-12-15T19:46:11.789+0000] {logging_mixin.py:190} INFO - [2024-12-15T19:46:11.789+0000] {dag.py:3239} INFO - Sync 1 DAGs
[2024-12-15T19:46:11.939+0000] {logging_mixin.py:190} INFO - [2024-12-15T19:46:11.939+0000] {dag.py:4180} INFO - Setting next_dagrun for example_workday_timetable to 2021-01-04 00:00:00+00:00, run_after=2021-01-05 00:00:00+00:00
[2024-12-15T19:46:11.987+0000] {processor.py:208} INFO - Processing /home/airflow/.local/lib/python3.12/site-packages/airflow/example_dags/example_workday_timetable.py took 0.283 seconds
[2024-12-15T19:46:42.655+0000] {processor.py:186} INFO - Started process (PID=665) to work on /home/airflow/.local/lib/python3.12/site-packages/airflow/example_dags/example_workday_timetable.py
[2024-12-15T19:46:42.662+0000] {processor.py:914} INFO - Processing file /home/airflow/.local/lib/python3.12/site-packages/airflow/example_dags/example_workday_timetable.py for tasks to queue
[2024-12-15T19:46:42.670+0000] {logging_mixin.py:190} INFO - [2024-12-15T19:46:42.670+0000] {dagbag.py:588} INFO - Filling up the DagBag from /home/airflow/.local/lib/python3.12/site-packages/airflow/example_dags/example_workday_timetable.py
[2024-12-15T19:46:42.685+0000] {processor.py:925} INFO - DAG(s) 'example_workday_timetable' retrieved from /home/airflow/.local/lib/python3.12/site-packages/airflow/example_dags/example_workday_timetable.py
[2024-12-15T19:46:42.720+0000] {logging_mixin.py:190} INFO - [2024-12-15T19:46:42.720+0000] {dag.py:3239} INFO - Sync 1 DAGs
[2024-12-15T19:46:42.861+0000] {logging_mixin.py:190} INFO - [2024-12-15T19:46:42.860+0000] {dag.py:4180} INFO - Setting next_dagrun for example_workday_timetable to 2021-01-04 00:00:00+00:00, run_after=2021-01-05 00:00:00+00:00
[2024-12-15T19:46:42.883+0000] {processor.py:208} INFO - Processing /home/airflow/.local/lib/python3.12/site-packages/airflow/example_dags/example_workday_timetable.py took 0.240 seconds
[2024-12-15T19:47:15.888+0000] {processor.py:186} INFO - Started process (PID=722) to work on /home/airflow/.local/lib/python3.12/site-packages/airflow/example_dags/example_workday_timetable.py
[2024-12-15T19:47:15.892+0000] {processor.py:914} INFO - Processing file /home/airflow/.local/lib/python3.12/site-packages/airflow/example_dags/example_workday_timetable.py for tasks to queue
[2024-12-15T19:47:15.898+0000] {logging_mixin.py:190} INFO - [2024-12-15T19:47:15.897+0000] {dagbag.py:588} INFO - Filling up the DagBag from /home/airflow/.local/lib/python3.12/site-packages/airflow/example_dags/example_workday_timetable.py
[2024-12-15T19:47:15.910+0000] {processor.py:925} INFO - DAG(s) 'example_workday_timetable' retrieved from /home/airflow/.local/lib/python3.12/site-packages/airflow/example_dags/example_workday_timetable.py
[2024-12-15T19:47:15.969+0000] {logging_mixin.py:190} INFO - [2024-12-15T19:47:15.967+0000] {dag.py:3239} INFO - Sync 1 DAGs
[2024-12-15T19:47:16.208+0000] {logging_mixin.py:190} INFO - [2024-12-15T19:47:16.207+0000] {dag.py:4180} INFO - Setting next_dagrun for example_workday_timetable to 2021-01-04 00:00:00+00:00, run_after=2021-01-05 00:00:00+00:00
[2024-12-15T19:47:16.252+0000] {processor.py:208} INFO - Processing /home/airflow/.local/lib/python3.12/site-packages/airflow/example_dags/example_workday_timetable.py took 0.374 seconds
[2024-12-15T19:47:52.928+0000] {processor.py:186} INFO - Started process (PID=783) to work on /home/airflow/.local/lib/python3.12/site-packages/airflow/example_dags/example_workday_timetable.py
[2024-12-15T19:47:52.931+0000] {processor.py:914} INFO - Processing file /home/airflow/.local/lib/python3.12/site-packages/airflow/example_dags/example_workday_timetable.py for tasks to queue
[2024-12-15T19:47:52.935+0000] {logging_mixin.py:190} INFO - [2024-12-15T19:47:52.934+0000] {dagbag.py:588} INFO - Filling up the DagBag from /home/airflow/.local/lib/python3.12/site-packages/airflow/example_dags/example_workday_timetable.py
[2024-12-15T19:47:53.057+0000] {processor.py:925} INFO - DAG(s) 'example_workday_timetable' retrieved from /home/airflow/.local/lib/python3.12/site-packages/airflow/example_dags/example_workday_timetable.py
[2024-12-15T19:47:53.180+0000] {logging_mixin.py:190} INFO - [2024-12-15T19:47:53.177+0000] {dag.py:3239} INFO - Sync 1 DAGs
[2024-12-15T19:47:54.492+0000] {logging_mixin.py:190} INFO - [2024-12-15T19:47:54.492+0000] {dag.py:4180} INFO - Setting next_dagrun for example_workday_timetable to 2021-01-04 00:00:00+00:00, run_after=2021-01-05 00:00:00+00:00
[2024-12-15T19:47:54.580+0000] {processor.py:208} INFO - Processing /home/airflow/.local/lib/python3.12/site-packages/airflow/example_dags/example_workday_timetable.py took 1.700 seconds
[2024-12-15T19:51:04.760+0000] {processor.py:186} INFO - Started process (PID=72) to work on /home/airflow/.local/lib/python3.12/site-packages/airflow/example_dags/example_workday_timetable.py
[2024-12-15T19:51:04.778+0000] {processor.py:914} INFO - Processing file /home/airflow/.local/lib/python3.12/site-packages/airflow/example_dags/example_workday_timetable.py for tasks to queue
[2024-12-15T19:51:04.789+0000] {logging_mixin.py:190} INFO - [2024-12-15T19:51:04.789+0000] {dagbag.py:588} INFO - Filling up the DagBag from /home/airflow/.local/lib/python3.12/site-packages/airflow/example_dags/example_workday_timetable.py
[2024-12-15T19:51:04.821+0000] {processor.py:925} INFO - DAG(s) 'example_workday_timetable' retrieved from /home/airflow/.local/lib/python3.12/site-packages/airflow/example_dags/example_workday_timetable.py
[2024-12-15T19:51:04.902+0000] {logging_mixin.py:190} INFO - [2024-12-15T19:51:04.901+0000] {dag.py:3239} INFO - Sync 1 DAGs
[2024-12-15T19:51:05.289+0000] {logging_mixin.py:190} INFO - [2024-12-15T19:51:05.289+0000] {dag.py:4180} INFO - Setting next_dagrun for example_workday_timetable to 2021-01-04 00:00:00+00:00, run_after=2021-01-05 00:00:00+00:00
[2024-12-15T19:51:05.343+0000] {processor.py:208} INFO - Processing /home/airflow/.local/lib/python3.12/site-packages/airflow/example_dags/example_workday_timetable.py took 0.635 seconds
[2024-12-15T19:51:40.563+0000] {processor.py:186} INFO - Started process (PID=137) to work on /home/airflow/.local/lib/python3.12/site-packages/airflow/example_dags/example_workday_timetable.py
[2024-12-15T19:51:40.574+0000] {processor.py:914} INFO - Processing file /home/airflow/.local/lib/python3.12/site-packages/airflow/example_dags/example_workday_timetable.py for tasks to queue
[2024-12-15T19:51:40.608+0000] {logging_mixin.py:190} INFO - [2024-12-15T19:51:40.607+0000] {dagbag.py:588} INFO - Filling up the DagBag from /home/airflow/.local/lib/python3.12/site-packages/airflow/example_dags/example_workday_timetable.py
[2024-12-15T19:51:40.665+0000] {processor.py:925} INFO - DAG(s) 'example_workday_timetable' retrieved from /home/airflow/.local/lib/python3.12/site-packages/airflow/example_dags/example_workday_timetable.py
[2024-12-15T19:51:40.801+0000] {logging_mixin.py:190} INFO - [2024-12-15T19:51:40.800+0000] {dag.py:3239} INFO - Sync 1 DAGs
[2024-12-15T19:51:41.293+0000] {logging_mixin.py:190} INFO - [2024-12-15T19:51:41.292+0000] {dag.py:4180} INFO - Setting next_dagrun for example_workday_timetable to 2021-01-04 00:00:00+00:00, run_after=2021-01-05 00:00:00+00:00
[2024-12-15T19:51:41.343+0000] {processor.py:208} INFO - Processing /home/airflow/.local/lib/python3.12/site-packages/airflow/example_dags/example_workday_timetable.py took 0.830 seconds
[2024-12-15T19:52:23.792+0000] {processor.py:186} INFO - Started process (PID=201) to work on /home/airflow/.local/lib/python3.12/site-packages/airflow/example_dags/example_workday_timetable.py
[2024-12-15T19:52:23.805+0000] {processor.py:914} INFO - Processing file /home/airflow/.local/lib/python3.12/site-packages/airflow/example_dags/example_workday_timetable.py for tasks to queue
[2024-12-15T19:52:23.846+0000] {logging_mixin.py:190} INFO - [2024-12-15T19:52:23.845+0000] {dagbag.py:588} INFO - Filling up the DagBag from /home/airflow/.local/lib/python3.12/site-packages/airflow/example_dags/example_workday_timetable.py
[2024-12-15T19:52:24.038+0000] {processor.py:925} INFO - DAG(s) 'example_workday_timetable' retrieved from /home/airflow/.local/lib/python3.12/site-packages/airflow/example_dags/example_workday_timetable.py
[2024-12-15T19:52:24.347+0000] {logging_mixin.py:190} INFO - [2024-12-15T19:52:24.346+0000] {dag.py:3239} INFO - Sync 1 DAGs
[2024-12-15T19:52:24.792+0000] {logging_mixin.py:190} INFO - [2024-12-15T19:52:24.791+0000] {dag.py:4180} INFO - Setting next_dagrun for example_workday_timetable to 2021-01-04 00:00:00+00:00, run_after=2021-01-05 00:00:00+00:00
[2024-12-15T19:52:24.878+0000] {processor.py:208} INFO - Processing /home/airflow/.local/lib/python3.12/site-packages/airflow/example_dags/example_workday_timetable.py took 1.310 seconds
[2024-12-15T19:52:55.629+0000] {processor.py:186} INFO - Started process (PID=274) to work on /home/airflow/.local/lib/python3.12/site-packages/airflow/example_dags/example_workday_timetable.py
[2024-12-15T19:52:55.634+0000] {processor.py:914} INFO - Processing file /home/airflow/.local/lib/python3.12/site-packages/airflow/example_dags/example_workday_timetable.py for tasks to queue
[2024-12-15T19:52:55.660+0000] {logging_mixin.py:190} INFO - [2024-12-15T19:52:55.659+0000] {dagbag.py:588} INFO - Filling up the DagBag from /home/airflow/.local/lib/python3.12/site-packages/airflow/example_dags/example_workday_timetable.py
[2024-12-15T19:52:55.696+0000] {processor.py:925} INFO - DAG(s) 'example_workday_timetable' retrieved from /home/airflow/.local/lib/python3.12/site-packages/airflow/example_dags/example_workday_timetable.py
[2024-12-15T19:52:55.747+0000] {logging_mixin.py:190} INFO - [2024-12-15T19:52:55.747+0000] {dag.py:3239} INFO - Sync 1 DAGs
[2024-12-15T19:52:55.964+0000] {logging_mixin.py:190} INFO - [2024-12-15T19:52:55.964+0000] {dag.py:4180} INFO - Setting next_dagrun for example_workday_timetable to 2021-01-04 00:00:00+00:00, run_after=2021-01-05 00:00:00+00:00
[2024-12-15T19:52:56.016+0000] {processor.py:208} INFO - Processing /home/airflow/.local/lib/python3.12/site-packages/airflow/example_dags/example_workday_timetable.py took 0.437 seconds
[2024-12-15T19:53:36.639+0000] {processor.py:186} INFO - Started process (PID=337) to work on /home/airflow/.local/lib/python3.12/site-packages/airflow/example_dags/example_workday_timetable.py
[2024-12-15T19:53:36.643+0000] {processor.py:914} INFO - Processing file /home/airflow/.local/lib/python3.12/site-packages/airflow/example_dags/example_workday_timetable.py for tasks to queue
[2024-12-15T19:53:36.651+0000] {logging_mixin.py:190} INFO - [2024-12-15T19:53:36.649+0000] {dagbag.py:588} INFO - Filling up the DagBag from /home/airflow/.local/lib/python3.12/site-packages/airflow/example_dags/example_workday_timetable.py
[2024-12-15T19:53:36.670+0000] {processor.py:925} INFO - DAG(s) 'example_workday_timetable' retrieved from /home/airflow/.local/lib/python3.12/site-packages/airflow/example_dags/example_workday_timetable.py
[2024-12-15T19:53:36.713+0000] {logging_mixin.py:190} INFO - [2024-12-15T19:53:36.713+0000] {dag.py:3239} INFO - Sync 1 DAGs
[2024-12-15T19:53:37.257+0000] {logging_mixin.py:190} INFO - [2024-12-15T19:53:37.257+0000] {dag.py:4180} INFO - Setting next_dagrun for example_workday_timetable to 2021-01-04 00:00:00+00:00, run_after=2021-01-05 00:00:00+00:00
[2024-12-15T19:53:37.357+0000] {processor.py:208} INFO - Processing /home/airflow/.local/lib/python3.12/site-packages/airflow/example_dags/example_workday_timetable.py took 0.734 seconds
[2024-12-15T19:54:12.380+0000] {processor.py:186} INFO - Started process (PID=401) to work on /home/airflow/.local/lib/python3.12/site-packages/airflow/example_dags/example_workday_timetable.py
[2024-12-15T19:54:12.382+0000] {processor.py:914} INFO - Processing file /home/airflow/.local/lib/python3.12/site-packages/airflow/example_dags/example_workday_timetable.py for tasks to queue
[2024-12-15T19:54:12.402+0000] {logging_mixin.py:190} INFO - [2024-12-15T19:54:12.402+0000] {dagbag.py:588} INFO - Filling up the DagBag from /home/airflow/.local/lib/python3.12/site-packages/airflow/example_dags/example_workday_timetable.py
[2024-12-15T19:54:12.416+0000] {processor.py:925} INFO - DAG(s) 'example_workday_timetable' retrieved from /home/airflow/.local/lib/python3.12/site-packages/airflow/example_dags/example_workday_timetable.py
[2024-12-15T19:54:12.447+0000] {logging_mixin.py:190} INFO - [2024-12-15T19:54:12.447+0000] {dag.py:3239} INFO - Sync 1 DAGs
[2024-12-15T19:54:12.613+0000] {logging_mixin.py:190} INFO - [2024-12-15T19:54:12.612+0000] {dag.py:4180} INFO - Setting next_dagrun for example_workday_timetable to 2021-01-04 00:00:00+00:00, run_after=2021-01-05 00:00:00+00:00
[2024-12-15T19:54:12.666+0000] {processor.py:208} INFO - Processing /home/airflow/.local/lib/python3.12/site-packages/airflow/example_dags/example_workday_timetable.py took 0.297 seconds
[2024-12-15T19:54:45.265+0000] {processor.py:186} INFO - Started process (PID=467) to work on /home/airflow/.local/lib/python3.12/site-packages/airflow/example_dags/example_workday_timetable.py
[2024-12-15T19:54:45.266+0000] {processor.py:914} INFO - Processing file /home/airflow/.local/lib/python3.12/site-packages/airflow/example_dags/example_workday_timetable.py for tasks to queue
[2024-12-15T19:54:45.270+0000] {logging_mixin.py:190} INFO - [2024-12-15T19:54:45.270+0000] {dagbag.py:588} INFO - Filling up the DagBag from /home/airflow/.local/lib/python3.12/site-packages/airflow/example_dags/example_workday_timetable.py
[2024-12-15T19:54:45.278+0000] {processor.py:925} INFO - DAG(s) 'example_workday_timetable' retrieved from /home/airflow/.local/lib/python3.12/site-packages/airflow/example_dags/example_workday_timetable.py
[2024-12-15T19:54:45.306+0000] {logging_mixin.py:190} INFO - [2024-12-15T19:54:45.305+0000] {dag.py:3239} INFO - Sync 1 DAGs
[2024-12-15T19:54:45.390+0000] {logging_mixin.py:190} INFO - [2024-12-15T19:54:45.390+0000] {dag.py:4180} INFO - Setting next_dagrun for example_workday_timetable to 2021-01-04 00:00:00+00:00, run_after=2021-01-05 00:00:00+00:00
[2024-12-15T19:54:45.413+0000] {processor.py:208} INFO - Processing /home/airflow/.local/lib/python3.12/site-packages/airflow/example_dags/example_workday_timetable.py took 0.157 seconds
[2024-12-15T19:55:20.151+0000] {processor.py:186} INFO - Started process (PID=535) to work on /home/airflow/.local/lib/python3.12/site-packages/airflow/example_dags/example_workday_timetable.py
[2024-12-15T19:55:20.157+0000] {processor.py:914} INFO - Processing file /home/airflow/.local/lib/python3.12/site-packages/airflow/example_dags/example_workday_timetable.py for tasks to queue
[2024-12-15T19:55:20.163+0000] {logging_mixin.py:190} INFO - [2024-12-15T19:55:20.163+0000] {dagbag.py:588} INFO - Filling up the DagBag from /home/airflow/.local/lib/python3.12/site-packages/airflow/example_dags/example_workday_timetable.py
[2024-12-15T19:55:20.177+0000] {processor.py:925} INFO - DAG(s) 'example_workday_timetable' retrieved from /home/airflow/.local/lib/python3.12/site-packages/airflow/example_dags/example_workday_timetable.py
[2024-12-15T19:55:20.222+0000] {logging_mixin.py:190} INFO - [2024-12-15T19:55:20.221+0000] {dag.py:3239} INFO - Sync 1 DAGs
[2024-12-15T19:55:20.355+0000] {logging_mixin.py:190} INFO - [2024-12-15T19:55:20.354+0000] {dag.py:4180} INFO - Setting next_dagrun for example_workday_timetable to 2021-01-04 00:00:00+00:00, run_after=2021-01-05 00:00:00+00:00
[2024-12-15T19:55:20.396+0000] {processor.py:208} INFO - Processing /home/airflow/.local/lib/python3.12/site-packages/airflow/example_dags/example_workday_timetable.py took 0.259 seconds
[2024-12-15T19:56:02.627+0000] {processor.py:186} INFO - Started process (PID=607) to work on /home/airflow/.local/lib/python3.12/site-packages/airflow/example_dags/example_workday_timetable.py
[2024-12-15T19:56:02.637+0000] {processor.py:914} INFO - Processing file /home/airflow/.local/lib/python3.12/site-packages/airflow/example_dags/example_workday_timetable.py for tasks to queue
[2024-12-15T19:56:02.640+0000] {logging_mixin.py:190} INFO - [2024-12-15T19:56:02.639+0000] {dagbag.py:588} INFO - Filling up the DagBag from /home/airflow/.local/lib/python3.12/site-packages/airflow/example_dags/example_workday_timetable.py
[2024-12-15T19:56:02.661+0000] {processor.py:925} INFO - DAG(s) 'example_workday_timetable' retrieved from /home/airflow/.local/lib/python3.12/site-packages/airflow/example_dags/example_workday_timetable.py
[2024-12-15T19:56:02.718+0000] {logging_mixin.py:190} INFO - [2024-12-15T19:56:02.717+0000] {dag.py:3239} INFO - Sync 1 DAGs
[2024-12-15T19:56:02.958+0000] {logging_mixin.py:190} INFO - [2024-12-15T19:56:02.957+0000] {dag.py:4180} INFO - Setting next_dagrun for example_workday_timetable to 2021-01-04 00:00:00+00:00, run_after=2021-01-05 00:00:00+00:00
[2024-12-15T19:56:03.010+0000] {processor.py:208} INFO - Processing /home/airflow/.local/lib/python3.12/site-packages/airflow/example_dags/example_workday_timetable.py took 0.405 seconds
[2024-12-15T19:59:42.856+0000] {processor.py:186} INFO - Started process (PID=77) to work on /home/airflow/.local/lib/python3.12/site-packages/airflow/example_dags/example_workday_timetable.py
[2024-12-15T19:59:42.862+0000] {processor.py:914} INFO - Processing file /home/airflow/.local/lib/python3.12/site-packages/airflow/example_dags/example_workday_timetable.py for tasks to queue
[2024-12-15T19:59:42.879+0000] {logging_mixin.py:190} INFO - [2024-12-15T19:59:42.878+0000] {dagbag.py:588} INFO - Filling up the DagBag from /home/airflow/.local/lib/python3.12/site-packages/airflow/example_dags/example_workday_timetable.py
[2024-12-15T19:59:42.916+0000] {processor.py:925} INFO - DAG(s) 'example_workday_timetable' retrieved from /home/airflow/.local/lib/python3.12/site-packages/airflow/example_dags/example_workday_timetable.py
[2024-12-15T19:59:43.040+0000] {logging_mixin.py:190} INFO - [2024-12-15T19:59:43.038+0000] {dag.py:3239} INFO - Sync 1 DAGs
[2024-12-15T19:59:43.614+0000] {logging_mixin.py:190} INFO - [2024-12-15T19:59:43.613+0000] {dag.py:4180} INFO - Setting next_dagrun for example_workday_timetable to 2021-01-04 00:00:00+00:00, run_after=2021-01-05 00:00:00+00:00
[2024-12-15T19:59:43.760+0000] {processor.py:208} INFO - Processing /home/airflow/.local/lib/python3.12/site-packages/airflow/example_dags/example_workday_timetable.py took 0.962 seconds
[2024-12-15T20:01:35.353+0000] {processor.py:186} INFO - Started process (PID=160) to work on /home/airflow/.local/lib/python3.12/site-packages/airflow/example_dags/example_workday_timetable.py
[2024-12-15T20:01:35.356+0000] {processor.py:914} INFO - Processing file /home/airflow/.local/lib/python3.12/site-packages/airflow/example_dags/example_workday_timetable.py for tasks to queue
[2024-12-15T20:01:35.363+0000] {logging_mixin.py:190} INFO - [2024-12-15T20:01:35.361+0000] {dagbag.py:588} INFO - Filling up the DagBag from /home/airflow/.local/lib/python3.12/site-packages/airflow/example_dags/example_workday_timetable.py
[2024-12-15T20:01:35.378+0000] {processor.py:925} INFO - DAG(s) 'example_workday_timetable' retrieved from /home/airflow/.local/lib/python3.12/site-packages/airflow/example_dags/example_workday_timetable.py
[2024-12-15T20:01:35.427+0000] {logging_mixin.py:190} INFO - [2024-12-15T20:01:35.427+0000] {dag.py:3239} INFO - Sync 1 DAGs
[2024-12-15T20:01:36.591+0000] {logging_mixin.py:190} INFO - [2024-12-15T20:01:36.590+0000] {dag.py:4180} INFO - Setting next_dagrun for example_workday_timetable to 2021-01-04 00:00:00+00:00, run_after=2021-01-05 00:00:00+00:00
[2024-12-15T20:01:36.638+0000] {processor.py:208} INFO - Processing /home/airflow/.local/lib/python3.12/site-packages/airflow/example_dags/example_workday_timetable.py took 1.299 seconds
[2024-12-15T20:02:07.447+0000] {processor.py:186} INFO - Started process (PID=226) to work on /home/airflow/.local/lib/python3.12/site-packages/airflow/example_dags/example_workday_timetable.py
[2024-12-15T20:02:07.451+0000] {processor.py:914} INFO - Processing file /home/airflow/.local/lib/python3.12/site-packages/airflow/example_dags/example_workday_timetable.py for tasks to queue
[2024-12-15T20:02:07.481+0000] {logging_mixin.py:190} INFO - [2024-12-15T20:02:07.480+0000] {dagbag.py:588} INFO - Filling up the DagBag from /home/airflow/.local/lib/python3.12/site-packages/airflow/example_dags/example_workday_timetable.py
[2024-12-15T20:02:07.502+0000] {processor.py:925} INFO - DAG(s) 'example_workday_timetable' retrieved from /home/airflow/.local/lib/python3.12/site-packages/airflow/example_dags/example_workday_timetable.py
[2024-12-15T20:02:07.579+0000] {logging_mixin.py:190} INFO - [2024-12-15T20:02:07.579+0000] {dag.py:3239} INFO - Sync 1 DAGs
[2024-12-15T20:02:07.742+0000] {logging_mixin.py:190} INFO - [2024-12-15T20:02:07.742+0000] {dag.py:4180} INFO - Setting next_dagrun for example_workday_timetable to 2021-01-04 00:00:00+00:00, run_after=2021-01-05 00:00:00+00:00
[2024-12-15T20:02:07.787+0000] {processor.py:208} INFO - Processing /home/airflow/.local/lib/python3.12/site-packages/airflow/example_dags/example_workday_timetable.py took 0.354 seconds
[2024-12-15T20:03:03.091+0000] {processor.py:186} INFO - Started process (PID=303) to work on /home/airflow/.local/lib/python3.12/site-packages/airflow/example_dags/example_workday_timetable.py
[2024-12-15T20:03:03.097+0000] {processor.py:914} INFO - Processing file /home/airflow/.local/lib/python3.12/site-packages/airflow/example_dags/example_workday_timetable.py for tasks to queue
[2024-12-15T20:03:03.114+0000] {logging_mixin.py:190} INFO - [2024-12-15T20:03:03.113+0000] {dagbag.py:588} INFO - Filling up the DagBag from /home/airflow/.local/lib/python3.12/site-packages/airflow/example_dags/example_workday_timetable.py
[2024-12-15T20:03:03.134+0000] {processor.py:925} INFO - DAG(s) 'example_workday_timetable' retrieved from /home/airflow/.local/lib/python3.12/site-packages/airflow/example_dags/example_workday_timetable.py
[2024-12-15T20:03:03.175+0000] {logging_mixin.py:190} INFO - [2024-12-15T20:03:03.175+0000] {dag.py:3239} INFO - Sync 1 DAGs
[2024-12-15T20:03:03.904+0000] {logging_mixin.py:190} INFO - [2024-12-15T20:03:03.904+0000] {dag.py:4180} INFO - Setting next_dagrun for example_workday_timetable to 2021-01-04 00:00:00+00:00, run_after=2021-01-05 00:00:00+00:00
[2024-12-15T20:03:04.012+0000] {processor.py:208} INFO - Processing /home/airflow/.local/lib/python3.12/site-packages/airflow/example_dags/example_workday_timetable.py took 0.934 seconds
[2024-12-15T20:03:35.016+0000] {processor.py:186} INFO - Started process (PID=369) to work on /home/airflow/.local/lib/python3.12/site-packages/airflow/example_dags/example_workday_timetable.py
[2024-12-15T20:03:35.018+0000] {processor.py:914} INFO - Processing file /home/airflow/.local/lib/python3.12/site-packages/airflow/example_dags/example_workday_timetable.py for tasks to queue
[2024-12-15T20:03:35.023+0000] {logging_mixin.py:190} INFO - [2024-12-15T20:03:35.022+0000] {dagbag.py:588} INFO - Filling up the DagBag from /home/airflow/.local/lib/python3.12/site-packages/airflow/example_dags/example_workday_timetable.py
[2024-12-15T20:03:35.035+0000] {processor.py:925} INFO - DAG(s) 'example_workday_timetable' retrieved from /home/airflow/.local/lib/python3.12/site-packages/airflow/example_dags/example_workday_timetable.py
[2024-12-15T20:03:35.067+0000] {logging_mixin.py:190} INFO - [2024-12-15T20:03:35.067+0000] {dag.py:3239} INFO - Sync 1 DAGs
[2024-12-15T20:03:35.174+0000] {logging_mixin.py:190} INFO - [2024-12-15T20:03:35.174+0000] {dag.py:4180} INFO - Setting next_dagrun for example_workday_timetable to 2021-01-04 00:00:00+00:00, run_after=2021-01-05 00:00:00+00:00
[2024-12-15T20:03:35.218+0000] {processor.py:208} INFO - Processing /home/airflow/.local/lib/python3.12/site-packages/airflow/example_dags/example_workday_timetable.py took 0.224 seconds
[2024-12-15T20:04:07.262+0000] {processor.py:186} INFO - Started process (PID=439) to work on /home/airflow/.local/lib/python3.12/site-packages/airflow/example_dags/example_workday_timetable.py
[2024-12-15T20:04:07.267+0000] {processor.py:914} INFO - Processing file /home/airflow/.local/lib/python3.12/site-packages/airflow/example_dags/example_workday_timetable.py for tasks to queue
[2024-12-15T20:04:07.275+0000] {logging_mixin.py:190} INFO - [2024-12-15T20:04:07.274+0000] {dagbag.py:588} INFO - Filling up the DagBag from /home/airflow/.local/lib/python3.12/site-packages/airflow/example_dags/example_workday_timetable.py
[2024-12-15T20:04:07.293+0000] {processor.py:925} INFO - DAG(s) 'example_workday_timetable' retrieved from /home/airflow/.local/lib/python3.12/site-packages/airflow/example_dags/example_workday_timetable.py
[2024-12-15T20:04:07.534+0000] {logging_mixin.py:190} INFO - [2024-12-15T20:04:07.531+0000] {dag.py:3239} INFO - Sync 1 DAGs
[2024-12-15T20:04:08.177+0000] {logging_mixin.py:190} INFO - [2024-12-15T20:04:08.177+0000] {dag.py:4180} INFO - Setting next_dagrun for example_workday_timetable to 2021-01-04 00:00:00+00:00, run_after=2021-01-05 00:00:00+00:00
[2024-12-15T20:04:08.291+0000] {processor.py:208} INFO - Processing /home/airflow/.local/lib/python3.12/site-packages/airflow/example_dags/example_workday_timetable.py took 1.088 seconds
[2024-12-15T20:04:42.900+0000] {processor.py:186} INFO - Started process (PID=503) to work on /home/airflow/.local/lib/python3.12/site-packages/airflow/example_dags/example_workday_timetable.py
[2024-12-15T20:04:42.912+0000] {processor.py:914} INFO - Processing file /home/airflow/.local/lib/python3.12/site-packages/airflow/example_dags/example_workday_timetable.py for tasks to queue
[2024-12-15T20:04:42.931+0000] {logging_mixin.py:190} INFO - [2024-12-15T20:04:42.927+0000] {dagbag.py:588} INFO - Filling up the DagBag from /home/airflow/.local/lib/python3.12/site-packages/airflow/example_dags/example_workday_timetable.py
[2024-12-15T20:04:42.961+0000] {processor.py:925} INFO - DAG(s) 'example_workday_timetable' retrieved from /home/airflow/.local/lib/python3.12/site-packages/airflow/example_dags/example_workday_timetable.py
[2024-12-15T20:04:43.043+0000] {logging_mixin.py:190} INFO - [2024-12-15T20:04:43.042+0000] {dag.py:3239} INFO - Sync 1 DAGs
[2024-12-15T20:04:43.322+0000] {logging_mixin.py:190} INFO - [2024-12-15T20:04:43.315+0000] {dag.py:4180} INFO - Setting next_dagrun for example_workday_timetable to 2021-01-04 00:00:00+00:00, run_after=2021-01-05 00:00:00+00:00
[2024-12-15T20:04:43.389+0000] {processor.py:208} INFO - Processing /home/airflow/.local/lib/python3.12/site-packages/airflow/example_dags/example_workday_timetable.py took 0.540 seconds
[2024-12-15T20:06:05.586+0000] {processor.py:186} INFO - Started process (PID=582) to work on /home/airflow/.local/lib/python3.12/site-packages/airflow/example_dags/example_workday_timetable.py
[2024-12-15T20:06:05.589+0000] {processor.py:914} INFO - Processing file /home/airflow/.local/lib/python3.12/site-packages/airflow/example_dags/example_workday_timetable.py for tasks to queue
[2024-12-15T20:06:05.594+0000] {logging_mixin.py:190} INFO - [2024-12-15T20:06:05.593+0000] {dagbag.py:588} INFO - Filling up the DagBag from /home/airflow/.local/lib/python3.12/site-packages/airflow/example_dags/example_workday_timetable.py
[2024-12-15T20:06:05.609+0000] {processor.py:925} INFO - DAG(s) 'example_workday_timetable' retrieved from /home/airflow/.local/lib/python3.12/site-packages/airflow/example_dags/example_workday_timetable.py
[2024-12-15T20:06:05.651+0000] {logging_mixin.py:190} INFO - [2024-12-15T20:06:05.651+0000] {dag.py:3239} INFO - Sync 1 DAGs
[2024-12-15T20:06:06.837+0000] {logging_mixin.py:190} INFO - [2024-12-15T20:06:06.837+0000] {dag.py:4180} INFO - Setting next_dagrun for example_workday_timetable to 2021-01-04 00:00:00+00:00, run_after=2021-01-05 00:00:00+00:00
[2024-12-15T20:06:06.912+0000] {processor.py:208} INFO - Processing /home/airflow/.local/lib/python3.12/site-packages/airflow/example_dags/example_workday_timetable.py took 1.340 seconds
[2024-12-15T20:06:37.689+0000] {processor.py:186} INFO - Started process (PID=650) to work on /home/airflow/.local/lib/python3.12/site-packages/airflow/example_dags/example_workday_timetable.py
[2024-12-15T20:06:37.698+0000] {processor.py:914} INFO - Processing file /home/airflow/.local/lib/python3.12/site-packages/airflow/example_dags/example_workday_timetable.py for tasks to queue
[2024-12-15T20:06:37.706+0000] {logging_mixin.py:190} INFO - [2024-12-15T20:06:37.706+0000] {dagbag.py:588} INFO - Filling up the DagBag from /home/airflow/.local/lib/python3.12/site-packages/airflow/example_dags/example_workday_timetable.py
[2024-12-15T20:06:37.715+0000] {processor.py:925} INFO - DAG(s) 'example_workday_timetable' retrieved from /home/airflow/.local/lib/python3.12/site-packages/airflow/example_dags/example_workday_timetable.py
[2024-12-15T20:06:37.744+0000] {logging_mixin.py:190} INFO - [2024-12-15T20:06:37.744+0000] {dag.py:3239} INFO - Sync 1 DAGs
[2024-12-15T20:06:37.857+0000] {logging_mixin.py:190} INFO - [2024-12-15T20:06:37.857+0000] {dag.py:4180} INFO - Setting next_dagrun for example_workday_timetable to 2021-01-04 00:00:00+00:00, run_after=2021-01-05 00:00:00+00:00
[2024-12-15T20:06:37.882+0000] {processor.py:208} INFO - Processing /home/airflow/.local/lib/python3.12/site-packages/airflow/example_dags/example_workday_timetable.py took 0.201 seconds
[2024-12-15T20:07:09.645+0000] {processor.py:186} INFO - Started process (PID=716) to work on /home/airflow/.local/lib/python3.12/site-packages/airflow/example_dags/example_workday_timetable.py
[2024-12-15T20:07:09.648+0000] {processor.py:914} INFO - Processing file /home/airflow/.local/lib/python3.12/site-packages/airflow/example_dags/example_workday_timetable.py for tasks to queue
[2024-12-15T20:07:09.656+0000] {logging_mixin.py:190} INFO - [2024-12-15T20:07:09.655+0000] {dagbag.py:588} INFO - Filling up the DagBag from /home/airflow/.local/lib/python3.12/site-packages/airflow/example_dags/example_workday_timetable.py
[2024-12-15T20:07:09.677+0000] {processor.py:925} INFO - DAG(s) 'example_workday_timetable' retrieved from /home/airflow/.local/lib/python3.12/site-packages/airflow/example_dags/example_workday_timetable.py
[2024-12-15T20:07:09.719+0000] {logging_mixin.py:190} INFO - [2024-12-15T20:07:09.719+0000] {dag.py:3239} INFO - Sync 1 DAGs
[2024-12-15T20:07:10.038+0000] {logging_mixin.py:190} INFO - [2024-12-15T20:07:10.038+0000] {dag.py:4180} INFO - Setting next_dagrun for example_workday_timetable to 2021-01-04 00:00:00+00:00, run_after=2021-01-05 00:00:00+00:00
[2024-12-15T20:07:10.124+0000] {processor.py:208} INFO - Processing /home/airflow/.local/lib/python3.12/site-packages/airflow/example_dags/example_workday_timetable.py took 0.494 seconds
[2024-12-15T20:16:31.333+0000] {processor.py:186} INFO - Started process (PID=78) to work on /home/airflow/.local/lib/python3.12/site-packages/airflow/example_dags/example_workday_timetable.py
[2024-12-15T20:16:31.336+0000] {processor.py:914} INFO - Processing file /home/airflow/.local/lib/python3.12/site-packages/airflow/example_dags/example_workday_timetable.py for tasks to queue
[2024-12-15T20:16:31.341+0000] {logging_mixin.py:190} INFO - [2024-12-15T20:16:31.341+0000] {dagbag.py:588} INFO - Filling up the DagBag from /home/airflow/.local/lib/python3.12/site-packages/airflow/example_dags/example_workday_timetable.py
[2024-12-15T20:16:31.355+0000] {processor.py:925} INFO - DAG(s) 'example_workday_timetable' retrieved from /home/airflow/.local/lib/python3.12/site-packages/airflow/example_dags/example_workday_timetable.py
[2024-12-15T20:16:31.383+0000] {logging_mixin.py:190} INFO - [2024-12-15T20:16:31.382+0000] {dag.py:3239} INFO - Sync 1 DAGs
[2024-12-15T20:16:31.872+0000] {logging_mixin.py:190} INFO - [2024-12-15T20:16:31.872+0000] {dag.py:4180} INFO - Setting next_dagrun for example_workday_timetable to 2021-01-04 00:00:00+00:00, run_after=2021-01-05 00:00:00+00:00
[2024-12-15T20:16:31.911+0000] {processor.py:208} INFO - Processing /home/airflow/.local/lib/python3.12/site-packages/airflow/example_dags/example_workday_timetable.py took 0.591 seconds
[2024-12-15T20:17:03.534+0000] {processor.py:186} INFO - Started process (PID=142) to work on /home/airflow/.local/lib/python3.12/site-packages/airflow/example_dags/example_workday_timetable.py
[2024-12-15T20:17:03.537+0000] {processor.py:914} INFO - Processing file /home/airflow/.local/lib/python3.12/site-packages/airflow/example_dags/example_workday_timetable.py for tasks to queue
[2024-12-15T20:17:03.548+0000] {logging_mixin.py:190} INFO - [2024-12-15T20:17:03.547+0000] {dagbag.py:588} INFO - Filling up the DagBag from /home/airflow/.local/lib/python3.12/site-packages/airflow/example_dags/example_workday_timetable.py
[2024-12-15T20:17:03.563+0000] {processor.py:925} INFO - DAG(s) 'example_workday_timetable' retrieved from /home/airflow/.local/lib/python3.12/site-packages/airflow/example_dags/example_workday_timetable.py
[2024-12-15T20:17:03.604+0000] {logging_mixin.py:190} INFO - [2024-12-15T20:17:03.604+0000] {dag.py:3239} INFO - Sync 1 DAGs
[2024-12-15T20:17:03.704+0000] {logging_mixin.py:190} INFO - [2024-12-15T20:17:03.704+0000] {dag.py:4180} INFO - Setting next_dagrun for example_workday_timetable to 2021-01-04 00:00:00+00:00, run_after=2021-01-05 00:00:00+00:00
[2024-12-15T20:17:03.733+0000] {processor.py:208} INFO - Processing /home/airflow/.local/lib/python3.12/site-packages/airflow/example_dags/example_workday_timetable.py took 0.215 seconds
[2024-12-15T20:17:35.900+0000] {processor.py:186} INFO - Started process (PID=206) to work on /home/airflow/.local/lib/python3.12/site-packages/airflow/example_dags/example_workday_timetable.py
[2024-12-15T20:17:35.913+0000] {processor.py:914} INFO - Processing file /home/airflow/.local/lib/python3.12/site-packages/airflow/example_dags/example_workday_timetable.py for tasks to queue
[2024-12-15T20:17:35.917+0000] {logging_mixin.py:190} INFO - [2024-12-15T20:17:35.917+0000] {dagbag.py:588} INFO - Filling up the DagBag from /home/airflow/.local/lib/python3.12/site-packages/airflow/example_dags/example_workday_timetable.py
[2024-12-15T20:17:35.945+0000] {processor.py:925} INFO - DAG(s) 'example_workday_timetable' retrieved from /home/airflow/.local/lib/python3.12/site-packages/airflow/example_dags/example_workday_timetable.py
[2024-12-15T20:17:36.032+0000] {logging_mixin.py:190} INFO - [2024-12-15T20:17:36.032+0000] {dag.py:3239} INFO - Sync 1 DAGs
[2024-12-15T20:17:36.223+0000] {logging_mixin.py:190} INFO - [2024-12-15T20:17:36.223+0000] {dag.py:4180} INFO - Setting next_dagrun for example_workday_timetable to 2021-01-04 00:00:00+00:00, run_after=2021-01-05 00:00:00+00:00
[2024-12-15T20:17:36.253+0000] {processor.py:208} INFO - Processing /home/airflow/.local/lib/python3.12/site-packages/airflow/example_dags/example_workday_timetable.py took 0.384 seconds
[2024-12-15T20:18:08.731+0000] {processor.py:186} INFO - Started process (PID=270) to work on /home/airflow/.local/lib/python3.12/site-packages/airflow/example_dags/example_workday_timetable.py
[2024-12-15T20:18:08.733+0000] {processor.py:914} INFO - Processing file /home/airflow/.local/lib/python3.12/site-packages/airflow/example_dags/example_workday_timetable.py for tasks to queue
[2024-12-15T20:18:08.737+0000] {logging_mixin.py:190} INFO - [2024-12-15T20:18:08.737+0000] {dagbag.py:588} INFO - Filling up the DagBag from /home/airflow/.local/lib/python3.12/site-packages/airflow/example_dags/example_workday_timetable.py
[2024-12-15T20:18:08.762+0000] {processor.py:925} INFO - DAG(s) 'example_workday_timetable' retrieved from /home/airflow/.local/lib/python3.12/site-packages/airflow/example_dags/example_workday_timetable.py
[2024-12-15T20:18:08.822+0000] {logging_mixin.py:190} INFO - [2024-12-15T20:18:08.822+0000] {dag.py:3239} INFO - Sync 1 DAGs
[2024-12-15T20:18:09.680+0000] {logging_mixin.py:190} INFO - [2024-12-15T20:18:09.679+0000] {dag.py:4180} INFO - Setting next_dagrun for example_workday_timetable to 2021-01-04 00:00:00+00:00, run_after=2021-01-05 00:00:00+00:00
[2024-12-15T20:18:09.806+0000] {processor.py:208} INFO - Processing /home/airflow/.local/lib/python3.12/site-packages/airflow/example_dags/example_workday_timetable.py took 1.094 seconds
[2024-12-15T20:18:43.441+0000] {processor.py:186} INFO - Started process (PID=333) to work on /home/airflow/.local/lib/python3.12/site-packages/airflow/example_dags/example_workday_timetable.py
[2024-12-15T20:18:43.446+0000] {processor.py:914} INFO - Processing file /home/airflow/.local/lib/python3.12/site-packages/airflow/example_dags/example_workday_timetable.py for tasks to queue
[2024-12-15T20:18:43.452+0000] {logging_mixin.py:190} INFO - [2024-12-15T20:18:43.452+0000] {dagbag.py:588} INFO - Filling up the DagBag from /home/airflow/.local/lib/python3.12/site-packages/airflow/example_dags/example_workday_timetable.py
[2024-12-15T20:18:43.513+0000] {processor.py:925} INFO - DAG(s) 'example_workday_timetable' retrieved from /home/airflow/.local/lib/python3.12/site-packages/airflow/example_dags/example_workday_timetable.py
[2024-12-15T20:18:43.815+0000] {logging_mixin.py:190} INFO - [2024-12-15T20:18:43.801+0000] {dag.py:3239} INFO - Sync 1 DAGs
[2024-12-15T20:18:44.661+0000] {logging_mixin.py:190} INFO - [2024-12-15T20:18:44.661+0000] {dag.py:4180} INFO - Setting next_dagrun for example_workday_timetable to 2021-01-04 00:00:00+00:00, run_after=2021-01-05 00:00:00+00:00
[2024-12-15T20:18:44.781+0000] {processor.py:208} INFO - Processing /home/airflow/.local/lib/python3.12/site-packages/airflow/example_dags/example_workday_timetable.py took 1.390 seconds
[2024-12-15T20:19:16.271+0000] {processor.py:186} INFO - Started process (PID=397) to work on /home/airflow/.local/lib/python3.12/site-packages/airflow/example_dags/example_workday_timetable.py
[2024-12-15T20:19:16.274+0000] {processor.py:914} INFO - Processing file /home/airflow/.local/lib/python3.12/site-packages/airflow/example_dags/example_workday_timetable.py for tasks to queue
[2024-12-15T20:19:16.291+0000] {logging_mixin.py:190} INFO - [2024-12-15T20:19:16.288+0000] {dagbag.py:588} INFO - Filling up the DagBag from /home/airflow/.local/lib/python3.12/site-packages/airflow/example_dags/example_workday_timetable.py
[2024-12-15T20:19:16.324+0000] {processor.py:925} INFO - DAG(s) 'example_workday_timetable' retrieved from /home/airflow/.local/lib/python3.12/site-packages/airflow/example_dags/example_workday_timetable.py
[2024-12-15T20:19:16.405+0000] {logging_mixin.py:190} INFO - [2024-12-15T20:19:16.404+0000] {dag.py:3239} INFO - Sync 1 DAGs
[2024-12-15T20:19:16.870+0000] {logging_mixin.py:190} INFO - [2024-12-15T20:19:16.869+0000] {dag.py:4180} INFO - Setting next_dagrun for example_workday_timetable to 2021-01-04 00:00:00+00:00, run_after=2021-01-05 00:00:00+00:00
[2024-12-15T20:19:16.933+0000] {processor.py:208} INFO - Processing /home/airflow/.local/lib/python3.12/site-packages/airflow/example_dags/example_workday_timetable.py took 0.703 seconds
[2024-12-15T20:21:01.694+0000] {processor.py:186} INFO - Started process (PID=456) to work on /home/airflow/.local/lib/python3.12/site-packages/airflow/example_dags/example_workday_timetable.py
[2024-12-15T20:21:01.697+0000] {processor.py:914} INFO - Processing file /home/airflow/.local/lib/python3.12/site-packages/airflow/example_dags/example_workday_timetable.py for tasks to queue
[2024-12-15T20:21:01.699+0000] {logging_mixin.py:190} INFO - [2024-12-15T20:21:01.698+0000] {dagbag.py:588} INFO - Filling up the DagBag from /home/airflow/.local/lib/python3.12/site-packages/airflow/example_dags/example_workday_timetable.py
[2024-12-15T20:21:01.710+0000] {processor.py:925} INFO - DAG(s) 'example_workday_timetable' retrieved from /home/airflow/.local/lib/python3.12/site-packages/airflow/example_dags/example_workday_timetable.py
[2024-12-15T20:21:01.755+0000] {logging_mixin.py:190} INFO - [2024-12-15T20:21:01.754+0000] {dag.py:3239} INFO - Sync 1 DAGs
[2024-12-15T20:21:03.212+0000] {logging_mixin.py:190} INFO - [2024-12-15T20:21:03.212+0000] {dag.py:4180} INFO - Setting next_dagrun for example_workday_timetable to 2021-01-04 00:00:00+00:00, run_after=2021-01-05 00:00:00+00:00
[2024-12-15T20:21:03.415+0000] {processor.py:208} INFO - Processing /home/airflow/.local/lib/python3.12/site-packages/airflow/example_dags/example_workday_timetable.py took 1.739 seconds
[2024-12-15T20:21:34.323+0000] {processor.py:186} INFO - Started process (PID=520) to work on /home/airflow/.local/lib/python3.12/site-packages/airflow/example_dags/example_workday_timetable.py
[2024-12-15T20:21:34.324+0000] {processor.py:914} INFO - Processing file /home/airflow/.local/lib/python3.12/site-packages/airflow/example_dags/example_workday_timetable.py for tasks to queue
[2024-12-15T20:21:34.326+0000] {logging_mixin.py:190} INFO - [2024-12-15T20:21:34.326+0000] {dagbag.py:588} INFO - Filling up the DagBag from /home/airflow/.local/lib/python3.12/site-packages/airflow/example_dags/example_workday_timetable.py
[2024-12-15T20:21:34.335+0000] {processor.py:925} INFO - DAG(s) 'example_workday_timetable' retrieved from /home/airflow/.local/lib/python3.12/site-packages/airflow/example_dags/example_workday_timetable.py
[2024-12-15T20:21:34.422+0000] {logging_mixin.py:190} INFO - [2024-12-15T20:21:34.422+0000] {dag.py:3239} INFO - Sync 1 DAGs
[2024-12-15T20:21:34.532+0000] {logging_mixin.py:190} INFO - [2024-12-15T20:21:34.532+0000] {dag.py:4180} INFO - Setting next_dagrun for example_workday_timetable to 2021-01-04 00:00:00+00:00, run_after=2021-01-05 00:00:00+00:00
[2024-12-15T20:21:34.556+0000] {processor.py:208} INFO - Processing /home/airflow/.local/lib/python3.12/site-packages/airflow/example_dags/example_workday_timetable.py took 0.243 seconds
[2024-12-15T20:22:05.245+0000] {processor.py:186} INFO - Started process (PID=585) to work on /home/airflow/.local/lib/python3.12/site-packages/airflow/example_dags/example_workday_timetable.py
[2024-12-15T20:22:05.247+0000] {processor.py:914} INFO - Processing file /home/airflow/.local/lib/python3.12/site-packages/airflow/example_dags/example_workday_timetable.py for tasks to queue
[2024-12-15T20:22:05.249+0000] {logging_mixin.py:190} INFO - [2024-12-15T20:22:05.249+0000] {dagbag.py:588} INFO - Filling up the DagBag from /home/airflow/.local/lib/python3.12/site-packages/airflow/example_dags/example_workday_timetable.py
[2024-12-15T20:22:05.259+0000] {processor.py:925} INFO - DAG(s) 'example_workday_timetable' retrieved from /home/airflow/.local/lib/python3.12/site-packages/airflow/example_dags/example_workday_timetable.py
[2024-12-15T20:22:05.290+0000] {logging_mixin.py:190} INFO - [2024-12-15T20:22:05.290+0000] {dag.py:3239} INFO - Sync 1 DAGs
[2024-12-15T20:22:05.465+0000] {logging_mixin.py:190} INFO - [2024-12-15T20:22:05.464+0000] {dag.py:4180} INFO - Setting next_dagrun for example_workday_timetable to 2021-01-04 00:00:00+00:00, run_after=2021-01-05 00:00:00+00:00
[2024-12-15T20:22:05.511+0000] {processor.py:208} INFO - Processing /home/airflow/.local/lib/python3.12/site-packages/airflow/example_dags/example_workday_timetable.py took 0.275 seconds
[2024-12-15T20:22:35.616+0000] {processor.py:186} INFO - Started process (PID=650) to work on /home/airflow/.local/lib/python3.12/site-packages/airflow/example_dags/example_workday_timetable.py
[2024-12-15T20:22:35.617+0000] {processor.py:914} INFO - Processing file /home/airflow/.local/lib/python3.12/site-packages/airflow/example_dags/example_workday_timetable.py for tasks to queue
[2024-12-15T20:22:35.621+0000] {logging_mixin.py:190} INFO - [2024-12-15T20:22:35.620+0000] {dagbag.py:588} INFO - Filling up the DagBag from /home/airflow/.local/lib/python3.12/site-packages/airflow/example_dags/example_workday_timetable.py
[2024-12-15T20:22:35.653+0000] {processor.py:925} INFO - DAG(s) 'example_workday_timetable' retrieved from /home/airflow/.local/lib/python3.12/site-packages/airflow/example_dags/example_workday_timetable.py
[2024-12-15T20:22:35.720+0000] {logging_mixin.py:190} INFO - [2024-12-15T20:22:35.720+0000] {dag.py:3239} INFO - Sync 1 DAGs
[2024-12-15T20:22:36.099+0000] {logging_mixin.py:190} INFO - [2024-12-15T20:22:36.099+0000] {dag.py:4180} INFO - Setting next_dagrun for example_workday_timetable to 2021-01-04 00:00:00+00:00, run_after=2021-01-05 00:00:00+00:00
[2024-12-15T20:22:36.131+0000] {processor.py:208} INFO - Processing /home/airflow/.local/lib/python3.12/site-packages/airflow/example_dags/example_workday_timetable.py took 0.532 seconds
[2024-12-15T20:23:07.040+0000] {processor.py:186} INFO - Started process (PID=717) to work on /home/airflow/.local/lib/python3.12/site-packages/airflow/example_dags/example_workday_timetable.py
[2024-12-15T20:23:07.043+0000] {processor.py:914} INFO - Processing file /home/airflow/.local/lib/python3.12/site-packages/airflow/example_dags/example_workday_timetable.py for tasks to queue
[2024-12-15T20:23:07.046+0000] {logging_mixin.py:190} INFO - [2024-12-15T20:23:07.045+0000] {dagbag.py:588} INFO - Filling up the DagBag from /home/airflow/.local/lib/python3.12/site-packages/airflow/example_dags/example_workday_timetable.py
[2024-12-15T20:23:07.056+0000] {processor.py:925} INFO - DAG(s) 'example_workday_timetable' retrieved from /home/airflow/.local/lib/python3.12/site-packages/airflow/example_dags/example_workday_timetable.py
[2024-12-15T20:23:07.081+0000] {logging_mixin.py:190} INFO - [2024-12-15T20:23:07.081+0000] {dag.py:3239} INFO - Sync 1 DAGs
[2024-12-15T20:23:07.313+0000] {logging_mixin.py:190} INFO - [2024-12-15T20:23:07.313+0000] {dag.py:4180} INFO - Setting next_dagrun for example_workday_timetable to 2021-01-04 00:00:00+00:00, run_after=2021-01-05 00:00:00+00:00
[2024-12-15T20:23:07.334+0000] {processor.py:208} INFO - Processing /home/airflow/.local/lib/python3.12/site-packages/airflow/example_dags/example_workday_timetable.py took 0.313 seconds
[2024-12-15T20:23:37.816+0000] {processor.py:186} INFO - Started process (PID=782) to work on /home/airflow/.local/lib/python3.12/site-packages/airflow/example_dags/example_workday_timetable.py
[2024-12-15T20:23:37.818+0000] {processor.py:914} INFO - Processing file /home/airflow/.local/lib/python3.12/site-packages/airflow/example_dags/example_workday_timetable.py for tasks to queue
[2024-12-15T20:23:37.821+0000] {logging_mixin.py:190} INFO - [2024-12-15T20:23:37.820+0000] {dagbag.py:588} INFO - Filling up the DagBag from /home/airflow/.local/lib/python3.12/site-packages/airflow/example_dags/example_workday_timetable.py
[2024-12-15T20:23:37.841+0000] {processor.py:925} INFO - DAG(s) 'example_workday_timetable' retrieved from /home/airflow/.local/lib/python3.12/site-packages/airflow/example_dags/example_workday_timetable.py
[2024-12-15T20:23:37.882+0000] {logging_mixin.py:190} INFO - [2024-12-15T20:23:37.881+0000] {dag.py:3239} INFO - Sync 1 DAGs
[2024-12-15T20:23:38.149+0000] {logging_mixin.py:190} INFO - [2024-12-15T20:23:38.148+0000] {dag.py:4180} INFO - Setting next_dagrun for example_workday_timetable to 2021-01-04 00:00:00+00:00, run_after=2021-01-05 00:00:00+00:00
[2024-12-15T20:23:38.175+0000] {processor.py:208} INFO - Processing /home/airflow/.local/lib/python3.12/site-packages/airflow/example_dags/example_workday_timetable.py took 0.376 seconds
[2024-12-15T20:29:11.191+0000] {processor.py:186} INFO - Started process (PID=883) to work on /home/airflow/.local/lib/python3.12/site-packages/airflow/example_dags/example_workday_timetable.py
[2024-12-15T20:29:11.198+0000] {processor.py:914} INFO - Processing file /home/airflow/.local/lib/python3.12/site-packages/airflow/example_dags/example_workday_timetable.py for tasks to queue
[2024-12-15T20:29:11.258+0000] {logging_mixin.py:190} INFO - [2024-12-15T20:29:11.234+0000] {dagbag.py:588} INFO - Filling up the DagBag from /home/airflow/.local/lib/python3.12/site-packages/airflow/example_dags/example_workday_timetable.py
[2024-12-15T20:29:11.325+0000] {processor.py:925} INFO - DAG(s) 'example_workday_timetable' retrieved from /home/airflow/.local/lib/python3.12/site-packages/airflow/example_dags/example_workday_timetable.py
[2024-12-15T20:29:11.471+0000] {logging_mixin.py:190} INFO - [2024-12-15T20:29:11.467+0000] {dag.py:3239} INFO - Sync 1 DAGs
[2024-12-15T20:29:13.030+0000] {logging_mixin.py:190} INFO - [2024-12-15T20:29:13.030+0000] {dag.py:4180} INFO - Setting next_dagrun for example_workday_timetable to 2021-01-04 00:00:00+00:00, run_after=2021-01-05 00:00:00+00:00
[2024-12-15T20:29:13.167+0000] {processor.py:208} INFO - Processing /home/airflow/.local/lib/python3.12/site-packages/airflow/example_dags/example_workday_timetable.py took 2.036 seconds
[2024-12-15T20:30:25.117+0000] {processor.py:186} INFO - Started process (PID=952) to work on /home/airflow/.local/lib/python3.12/site-packages/airflow/example_dags/example_workday_timetable.py
[2024-12-15T20:30:25.120+0000] {processor.py:914} INFO - Processing file /home/airflow/.local/lib/python3.12/site-packages/airflow/example_dags/example_workday_timetable.py for tasks to queue
[2024-12-15T20:30:25.125+0000] {logging_mixin.py:190} INFO - [2024-12-15T20:30:25.124+0000] {dagbag.py:588} INFO - Filling up the DagBag from /home/airflow/.local/lib/python3.12/site-packages/airflow/example_dags/example_workday_timetable.py
[2024-12-15T20:30:25.150+0000] {processor.py:925} INFO - DAG(s) 'example_workday_timetable' retrieved from /home/airflow/.local/lib/python3.12/site-packages/airflow/example_dags/example_workday_timetable.py
[2024-12-15T20:30:25.245+0000] {logging_mixin.py:190} INFO - [2024-12-15T20:30:25.244+0000] {dag.py:3239} INFO - Sync 1 DAGs
[2024-12-15T20:30:26.081+0000] {logging_mixin.py:190} INFO - [2024-12-15T20:30:26.080+0000] {dag.py:4180} INFO - Setting next_dagrun for example_workday_timetable to 2021-01-04 00:00:00+00:00, run_after=2021-01-05 00:00:00+00:00
[2024-12-15T20:30:26.156+0000] {processor.py:208} INFO - Processing /home/airflow/.local/lib/python3.12/site-packages/airflow/example_dags/example_workday_timetable.py took 1.067 seconds
[2024-12-15T20:30:58.791+0000] {processor.py:186} INFO - Started process (PID=1018) to work on /home/airflow/.local/lib/python3.12/site-packages/airflow/example_dags/example_workday_timetable.py
[2024-12-15T20:30:58.799+0000] {processor.py:914} INFO - Processing file /home/airflow/.local/lib/python3.12/site-packages/airflow/example_dags/example_workday_timetable.py for tasks to queue
[2024-12-15T20:30:58.809+0000] {logging_mixin.py:190} INFO - [2024-12-15T20:30:58.809+0000] {dagbag.py:588} INFO - Filling up the DagBag from /home/airflow/.local/lib/python3.12/site-packages/airflow/example_dags/example_workday_timetable.py
[2024-12-15T20:30:58.861+0000] {processor.py:925} INFO - DAG(s) 'example_workday_timetable' retrieved from /home/airflow/.local/lib/python3.12/site-packages/airflow/example_dags/example_workday_timetable.py
[2024-12-15T20:30:59.079+0000] {logging_mixin.py:190} INFO - [2024-12-15T20:30:59.078+0000] {dag.py:3239} INFO - Sync 1 DAGs
[2024-12-15T20:30:59.744+0000] {logging_mixin.py:190} INFO - [2024-12-15T20:30:59.738+0000] {dag.py:4180} INFO - Setting next_dagrun for example_workday_timetable to 2021-01-04 00:00:00+00:00, run_after=2021-01-05 00:00:00+00:00
[2024-12-15T20:30:59.829+0000] {processor.py:208} INFO - Processing /home/airflow/.local/lib/python3.12/site-packages/airflow/example_dags/example_workday_timetable.py took 1.122 seconds
[2024-12-15T20:31:30.653+0000] {processor.py:186} INFO - Started process (PID=1084) to work on /home/airflow/.local/lib/python3.12/site-packages/airflow/example_dags/example_workday_timetable.py
[2024-12-15T20:31:30.660+0000] {processor.py:914} INFO - Processing file /home/airflow/.local/lib/python3.12/site-packages/airflow/example_dags/example_workday_timetable.py for tasks to queue
[2024-12-15T20:31:30.667+0000] {logging_mixin.py:190} INFO - [2024-12-15T20:31:30.666+0000] {dagbag.py:588} INFO - Filling up the DagBag from /home/airflow/.local/lib/python3.12/site-packages/airflow/example_dags/example_workday_timetable.py
[2024-12-15T20:31:30.705+0000] {processor.py:925} INFO - DAG(s) 'example_workday_timetable' retrieved from /home/airflow/.local/lib/python3.12/site-packages/airflow/example_dags/example_workday_timetable.py
[2024-12-15T20:31:30.860+0000] {logging_mixin.py:190} INFO - [2024-12-15T20:31:30.859+0000] {dag.py:3239} INFO - Sync 1 DAGs
[2024-12-15T20:31:31.246+0000] {logging_mixin.py:190} INFO - [2024-12-15T20:31:31.246+0000] {dag.py:4180} INFO - Setting next_dagrun for example_workday_timetable to 2021-01-04 00:00:00+00:00, run_after=2021-01-05 00:00:00+00:00
[2024-12-15T20:31:31.305+0000] {processor.py:208} INFO - Processing /home/airflow/.local/lib/python3.12/site-packages/airflow/example_dags/example_workday_timetable.py took 0.686 seconds
[2024-12-15T20:33:03.493+0000] {processor.py:186} INFO - Started process (PID=1142) to work on /home/airflow/.local/lib/python3.12/site-packages/airflow/example_dags/example_workday_timetable.py
[2024-12-15T20:33:03.498+0000] {processor.py:914} INFO - Processing file /home/airflow/.local/lib/python3.12/site-packages/airflow/example_dags/example_workday_timetable.py for tasks to queue
[2024-12-15T20:33:03.508+0000] {logging_mixin.py:190} INFO - [2024-12-15T20:33:03.505+0000] {dagbag.py:588} INFO - Filling up the DagBag from /home/airflow/.local/lib/python3.12/site-packages/airflow/example_dags/example_workday_timetable.py
[2024-12-15T20:33:03.542+0000] {processor.py:925} INFO - DAG(s) 'example_workday_timetable' retrieved from /home/airflow/.local/lib/python3.12/site-packages/airflow/example_dags/example_workday_timetable.py
[2024-12-15T20:33:03.614+0000] {logging_mixin.py:190} INFO - [2024-12-15T20:33:03.613+0000] {dag.py:3239} INFO - Sync 1 DAGs
[2024-12-15T20:33:04.135+0000] {logging_mixin.py:190} INFO - [2024-12-15T20:33:04.135+0000] {dag.py:4180} INFO - Setting next_dagrun for example_workday_timetable to 2021-01-04 00:00:00+00:00, run_after=2021-01-05 00:00:00+00:00
[2024-12-15T20:33:04.218+0000] {processor.py:208} INFO - Processing /home/airflow/.local/lib/python3.12/site-packages/airflow/example_dags/example_workday_timetable.py took 0.757 seconds
[2024-12-15T20:33:34.491+0000] {processor.py:186} INFO - Started process (PID=1208) to work on /home/airflow/.local/lib/python3.12/site-packages/airflow/example_dags/example_workday_timetable.py
[2024-12-15T20:33:34.501+0000] {processor.py:914} INFO - Processing file /home/airflow/.local/lib/python3.12/site-packages/airflow/example_dags/example_workday_timetable.py for tasks to queue
[2024-12-15T20:33:34.511+0000] {logging_mixin.py:190} INFO - [2024-12-15T20:33:34.510+0000] {dagbag.py:588} INFO - Filling up the DagBag from /home/airflow/.local/lib/python3.12/site-packages/airflow/example_dags/example_workday_timetable.py
[2024-12-15T20:33:34.542+0000] {processor.py:925} INFO - DAG(s) 'example_workday_timetable' retrieved from /home/airflow/.local/lib/python3.12/site-packages/airflow/example_dags/example_workday_timetable.py
[2024-12-15T20:33:34.654+0000] {logging_mixin.py:190} INFO - [2024-12-15T20:33:34.653+0000] {dag.py:3239} INFO - Sync 1 DAGs
[2024-12-15T20:33:35.015+0000] {logging_mixin.py:190} INFO - [2024-12-15T20:33:35.015+0000] {dag.py:4180} INFO - Setting next_dagrun for example_workday_timetable to 2021-01-04 00:00:00+00:00, run_after=2021-01-05 00:00:00+00:00
[2024-12-15T20:33:35.101+0000] {processor.py:208} INFO - Processing /home/airflow/.local/lib/python3.12/site-packages/airflow/example_dags/example_workday_timetable.py took 0.645 seconds
[2024-12-15T20:34:05.987+0000] {processor.py:186} INFO - Started process (PID=1273) to work on /home/airflow/.local/lib/python3.12/site-packages/airflow/example_dags/example_workday_timetable.py
[2024-12-15T20:34:05.990+0000] {processor.py:914} INFO - Processing file /home/airflow/.local/lib/python3.12/site-packages/airflow/example_dags/example_workday_timetable.py for tasks to queue
[2024-12-15T20:34:05.994+0000] {logging_mixin.py:190} INFO - [2024-12-15T20:34:05.993+0000] {dagbag.py:588} INFO - Filling up the DagBag from /home/airflow/.local/lib/python3.12/site-packages/airflow/example_dags/example_workday_timetable.py
[2024-12-15T20:34:06.006+0000] {processor.py:925} INFO - DAG(s) 'example_workday_timetable' retrieved from /home/airflow/.local/lib/python3.12/site-packages/airflow/example_dags/example_workday_timetable.py
[2024-12-15T20:34:06.039+0000] {logging_mixin.py:190} INFO - [2024-12-15T20:34:06.038+0000] {dag.py:3239} INFO - Sync 1 DAGs
[2024-12-15T20:34:06.202+0000] {logging_mixin.py:190} INFO - [2024-12-15T20:34:06.202+0000] {dag.py:4180} INFO - Setting next_dagrun for example_workday_timetable to 2021-01-04 00:00:00+00:00, run_after=2021-01-05 00:00:00+00:00
[2024-12-15T20:34:06.324+0000] {processor.py:208} INFO - Processing /home/airflow/.local/lib/python3.12/site-packages/airflow/example_dags/example_workday_timetable.py took 0.356 seconds
[2024-12-15T20:34:36.454+0000] {processor.py:186} INFO - Started process (PID=1340) to work on /home/airflow/.local/lib/python3.12/site-packages/airflow/example_dags/example_workday_timetable.py
[2024-12-15T20:34:36.455+0000] {processor.py:914} INFO - Processing file /home/airflow/.local/lib/python3.12/site-packages/airflow/example_dags/example_workday_timetable.py for tasks to queue
[2024-12-15T20:34:36.459+0000] {logging_mixin.py:190} INFO - [2024-12-15T20:34:36.458+0000] {dagbag.py:588} INFO - Filling up the DagBag from /home/airflow/.local/lib/python3.12/site-packages/airflow/example_dags/example_workday_timetable.py
[2024-12-15T20:34:36.469+0000] {processor.py:925} INFO - DAG(s) 'example_workday_timetable' retrieved from /home/airflow/.local/lib/python3.12/site-packages/airflow/example_dags/example_workday_timetable.py
[2024-12-15T20:34:36.501+0000] {logging_mixin.py:190} INFO - [2024-12-15T20:34:36.500+0000] {dag.py:3239} INFO - Sync 1 DAGs
[2024-12-15T20:34:36.578+0000] {logging_mixin.py:190} INFO - [2024-12-15T20:34:36.578+0000] {dag.py:4180} INFO - Setting next_dagrun for example_workday_timetable to 2021-01-04 00:00:00+00:00, run_after=2021-01-05 00:00:00+00:00
[2024-12-15T20:34:36.603+0000] {processor.py:208} INFO - Processing /home/airflow/.local/lib/python3.12/site-packages/airflow/example_dags/example_workday_timetable.py took 0.157 seconds
[2024-12-15T20:35:09.461+0000] {processor.py:186} INFO - Started process (PID=1403) to work on /home/airflow/.local/lib/python3.12/site-packages/airflow/example_dags/example_workday_timetable.py
[2024-12-15T20:35:09.464+0000] {processor.py:914} INFO - Processing file /home/airflow/.local/lib/python3.12/site-packages/airflow/example_dags/example_workday_timetable.py for tasks to queue
[2024-12-15T20:35:09.475+0000] {logging_mixin.py:190} INFO - [2024-12-15T20:35:09.473+0000] {dagbag.py:588} INFO - Filling up the DagBag from /home/airflow/.local/lib/python3.12/site-packages/airflow/example_dags/example_workday_timetable.py
[2024-12-15T20:35:09.497+0000] {processor.py:925} INFO - DAG(s) 'example_workday_timetable' retrieved from /home/airflow/.local/lib/python3.12/site-packages/airflow/example_dags/example_workday_timetable.py
[2024-12-15T20:35:09.558+0000] {logging_mixin.py:190} INFO - [2024-12-15T20:35:09.557+0000] {dag.py:3239} INFO - Sync 1 DAGs
[2024-12-15T20:35:09.759+0000] {logging_mixin.py:190} INFO - [2024-12-15T20:35:09.759+0000] {dag.py:4180} INFO - Setting next_dagrun for example_workday_timetable to 2021-01-04 00:00:00+00:00, run_after=2021-01-05 00:00:00+00:00
[2024-12-15T20:35:09.829+0000] {processor.py:208} INFO - Processing /home/airflow/.local/lib/python3.12/site-packages/airflow/example_dags/example_workday_timetable.py took 0.401 seconds
[2024-12-15T20:35:56.493+0000] {processor.py:186} INFO - Started process (PID=1474) to work on /home/airflow/.local/lib/python3.12/site-packages/airflow/example_dags/example_workday_timetable.py
[2024-12-15T20:35:56.495+0000] {processor.py:914} INFO - Processing file /home/airflow/.local/lib/python3.12/site-packages/airflow/example_dags/example_workday_timetable.py for tasks to queue
[2024-12-15T20:35:56.501+0000] {logging_mixin.py:190} INFO - [2024-12-15T20:35:56.500+0000] {dagbag.py:588} INFO - Filling up the DagBag from /home/airflow/.local/lib/python3.12/site-packages/airflow/example_dags/example_workday_timetable.py
[2024-12-15T20:35:56.515+0000] {processor.py:925} INFO - DAG(s) 'example_workday_timetable' retrieved from /home/airflow/.local/lib/python3.12/site-packages/airflow/example_dags/example_workday_timetable.py
[2024-12-15T20:35:56.542+0000] {logging_mixin.py:190} INFO - [2024-12-15T20:35:56.541+0000] {dag.py:3239} INFO - Sync 1 DAGs
[2024-12-15T20:35:56.744+0000] {logging_mixin.py:190} INFO - [2024-12-15T20:35:56.743+0000] {dag.py:4180} INFO - Setting next_dagrun for example_workday_timetable to 2021-01-04 00:00:00+00:00, run_after=2021-01-05 00:00:00+00:00
[2024-12-15T20:35:56.782+0000] {processor.py:208} INFO - Processing /home/airflow/.local/lib/python3.12/site-packages/airflow/example_dags/example_workday_timetable.py took 0.305 seconds
[2024-12-15T20:36:27.931+0000] {processor.py:186} INFO - Started process (PID=1540) to work on /home/airflow/.local/lib/python3.12/site-packages/airflow/example_dags/example_workday_timetable.py
[2024-12-15T20:36:27.933+0000] {processor.py:914} INFO - Processing file /home/airflow/.local/lib/python3.12/site-packages/airflow/example_dags/example_workday_timetable.py for tasks to queue
[2024-12-15T20:36:27.936+0000] {logging_mixin.py:190} INFO - [2024-12-15T20:36:27.936+0000] {dagbag.py:588} INFO - Filling up the DagBag from /home/airflow/.local/lib/python3.12/site-packages/airflow/example_dags/example_workday_timetable.py
[2024-12-15T20:36:27.947+0000] {processor.py:925} INFO - DAG(s) 'example_workday_timetable' retrieved from /home/airflow/.local/lib/python3.12/site-packages/airflow/example_dags/example_workday_timetable.py
[2024-12-15T20:36:27.975+0000] {logging_mixin.py:190} INFO - [2024-12-15T20:36:27.975+0000] {dag.py:3239} INFO - Sync 1 DAGs
[2024-12-15T20:36:28.151+0000] {logging_mixin.py:190} INFO - [2024-12-15T20:36:28.150+0000] {dag.py:4180} INFO - Setting next_dagrun for example_workday_timetable to 2021-01-04 00:00:00+00:00, run_after=2021-01-05 00:00:00+00:00
[2024-12-15T20:36:28.171+0000] {processor.py:208} INFO - Processing /home/airflow/.local/lib/python3.12/site-packages/airflow/example_dags/example_workday_timetable.py took 0.254 seconds
[2024-12-15T20:37:00.911+0000] {processor.py:186} INFO - Started process (PID=1606) to work on /home/airflow/.local/lib/python3.12/site-packages/airflow/example_dags/example_workday_timetable.py
[2024-12-15T20:37:00.914+0000] {processor.py:914} INFO - Processing file /home/airflow/.local/lib/python3.12/site-packages/airflow/example_dags/example_workday_timetable.py for tasks to queue
[2024-12-15T20:37:00.918+0000] {logging_mixin.py:190} INFO - [2024-12-15T20:37:00.918+0000] {dagbag.py:588} INFO - Filling up the DagBag from /home/airflow/.local/lib/python3.12/site-packages/airflow/example_dags/example_workday_timetable.py
[2024-12-15T20:37:00.933+0000] {processor.py:925} INFO - DAG(s) 'example_workday_timetable' retrieved from /home/airflow/.local/lib/python3.12/site-packages/airflow/example_dags/example_workday_timetable.py
[2024-12-15T20:37:00.981+0000] {logging_mixin.py:190} INFO - [2024-12-15T20:37:00.981+0000] {dag.py:3239} INFO - Sync 1 DAGs
[2024-12-15T20:37:01.126+0000] {logging_mixin.py:190} INFO - [2024-12-15T20:37:01.125+0000] {dag.py:4180} INFO - Setting next_dagrun for example_workday_timetable to 2021-01-04 00:00:00+00:00, run_after=2021-01-05 00:00:00+00:00
[2024-12-15T20:37:01.167+0000] {processor.py:208} INFO - Processing /home/airflow/.local/lib/python3.12/site-packages/airflow/example_dags/example_workday_timetable.py took 0.268 seconds
[2024-12-15T20:37:33.192+0000] {processor.py:186} INFO - Started process (PID=1671) to work on /home/airflow/.local/lib/python3.12/site-packages/airflow/example_dags/example_workday_timetable.py
[2024-12-15T20:37:33.195+0000] {processor.py:914} INFO - Processing file /home/airflow/.local/lib/python3.12/site-packages/airflow/example_dags/example_workday_timetable.py for tasks to queue
[2024-12-15T20:37:33.197+0000] {logging_mixin.py:190} INFO - [2024-12-15T20:37:33.197+0000] {dagbag.py:588} INFO - Filling up the DagBag from /home/airflow/.local/lib/python3.12/site-packages/airflow/example_dags/example_workday_timetable.py
[2024-12-15T20:37:33.216+0000] {processor.py:925} INFO - DAG(s) 'example_workday_timetable' retrieved from /home/airflow/.local/lib/python3.12/site-packages/airflow/example_dags/example_workday_timetable.py
[2024-12-15T20:37:33.276+0000] {logging_mixin.py:190} INFO - [2024-12-15T20:37:33.276+0000] {dag.py:3239} INFO - Sync 1 DAGs
[2024-12-15T20:37:33.496+0000] {logging_mixin.py:190} INFO - [2024-12-15T20:37:33.495+0000] {dag.py:4180} INFO - Setting next_dagrun for example_workday_timetable to 2021-01-04 00:00:00+00:00, run_after=2021-01-05 00:00:00+00:00
[2024-12-15T20:37:33.518+0000] {processor.py:208} INFO - Processing /home/airflow/.local/lib/python3.12/site-packages/airflow/example_dags/example_workday_timetable.py took 0.342 seconds
[2024-12-15T20:38:19.541+0000] {processor.py:186} INFO - Started process (PID=1744) to work on /home/airflow/.local/lib/python3.12/site-packages/airflow/example_dags/example_workday_timetable.py
[2024-12-15T20:38:19.545+0000] {processor.py:914} INFO - Processing file /home/airflow/.local/lib/python3.12/site-packages/airflow/example_dags/example_workday_timetable.py for tasks to queue
[2024-12-15T20:38:19.548+0000] {logging_mixin.py:190} INFO - [2024-12-15T20:38:19.547+0000] {dagbag.py:588} INFO - Filling up the DagBag from /home/airflow/.local/lib/python3.12/site-packages/airflow/example_dags/example_workday_timetable.py
[2024-12-15T20:38:19.557+0000] {processor.py:925} INFO - DAG(s) 'example_workday_timetable' retrieved from /home/airflow/.local/lib/python3.12/site-packages/airflow/example_dags/example_workday_timetable.py
[2024-12-15T20:38:19.589+0000] {logging_mixin.py:190} INFO - [2024-12-15T20:38:19.589+0000] {dag.py:3239} INFO - Sync 1 DAGs
[2024-12-15T20:38:19.780+0000] {logging_mixin.py:190} INFO - [2024-12-15T20:38:19.779+0000] {dag.py:4180} INFO - Setting next_dagrun for example_workday_timetable to 2021-01-04 00:00:00+00:00, run_after=2021-01-05 00:00:00+00:00
[2024-12-15T20:38:19.820+0000] {processor.py:208} INFO - Processing /home/airflow/.local/lib/python3.12/site-packages/airflow/example_dags/example_workday_timetable.py took 0.290 seconds
[2024-12-15T20:41:06.522+0000] {processor.py:186} INFO - Started process (PID=1831) to work on /home/airflow/.local/lib/python3.12/site-packages/airflow/example_dags/example_workday_timetable.py
[2024-12-15T20:41:06.543+0000] {processor.py:914} INFO - Processing file /home/airflow/.local/lib/python3.12/site-packages/airflow/example_dags/example_workday_timetable.py for tasks to queue
[2024-12-15T20:41:06.558+0000] {logging_mixin.py:190} INFO - [2024-12-15T20:41:06.551+0000] {dagbag.py:588} INFO - Filling up the DagBag from /home/airflow/.local/lib/python3.12/site-packages/airflow/example_dags/example_workday_timetable.py
[2024-12-15T20:41:06.611+0000] {processor.py:925} INFO - DAG(s) 'example_workday_timetable' retrieved from /home/airflow/.local/lib/python3.12/site-packages/airflow/example_dags/example_workday_timetable.py
[2024-12-15T20:41:06.682+0000] {logging_mixin.py:190} INFO - [2024-12-15T20:41:06.681+0000] {dag.py:3239} INFO - Sync 1 DAGs
[2024-12-15T20:41:08.314+0000] {logging_mixin.py:190} INFO - [2024-12-15T20:41:08.312+0000] {dag.py:4180} INFO - Setting next_dagrun for example_workday_timetable to 2021-01-04 00:00:00+00:00, run_after=2021-01-05 00:00:00+00:00
[2024-12-15T20:41:08.644+0000] {processor.py:208} INFO - Processing /home/airflow/.local/lib/python3.12/site-packages/airflow/example_dags/example_workday_timetable.py took 2.230 seconds
[2024-12-15T20:41:39.071+0000] {processor.py:186} INFO - Started process (PID=1899) to work on /home/airflow/.local/lib/python3.12/site-packages/airflow/example_dags/example_workday_timetable.py
[2024-12-15T20:41:39.073+0000] {processor.py:914} INFO - Processing file /home/airflow/.local/lib/python3.12/site-packages/airflow/example_dags/example_workday_timetable.py for tasks to queue
[2024-12-15T20:41:39.075+0000] {logging_mixin.py:190} INFO - [2024-12-15T20:41:39.075+0000] {dagbag.py:588} INFO - Filling up the DagBag from /home/airflow/.local/lib/python3.12/site-packages/airflow/example_dags/example_workday_timetable.py
[2024-12-15T20:41:39.087+0000] {processor.py:925} INFO - DAG(s) 'example_workday_timetable' retrieved from /home/airflow/.local/lib/python3.12/site-packages/airflow/example_dags/example_workday_timetable.py
[2024-12-15T20:41:39.122+0000] {logging_mixin.py:190} INFO - [2024-12-15T20:41:39.121+0000] {dag.py:3239} INFO - Sync 1 DAGs
[2024-12-15T20:41:39.409+0000] {logging_mixin.py:190} INFO - [2024-12-15T20:41:39.408+0000] {dag.py:4180} INFO - Setting next_dagrun for example_workday_timetable to 2021-01-04 00:00:00+00:00, run_after=2021-01-05 00:00:00+00:00
[2024-12-15T20:41:39.460+0000] {processor.py:208} INFO - Processing /home/airflow/.local/lib/python3.12/site-packages/airflow/example_dags/example_workday_timetable.py took 0.401 seconds
[2024-12-15T20:42:09.632+0000] {processor.py:186} INFO - Started process (PID=1962) to work on /home/airflow/.local/lib/python3.12/site-packages/airflow/example_dags/example_workday_timetable.py
[2024-12-15T20:42:09.639+0000] {processor.py:914} INFO - Processing file /home/airflow/.local/lib/python3.12/site-packages/airflow/example_dags/example_workday_timetable.py for tasks to queue
[2024-12-15T20:42:09.654+0000] {logging_mixin.py:190} INFO - [2024-12-15T20:42:09.650+0000] {dagbag.py:588} INFO - Filling up the DagBag from /home/airflow/.local/lib/python3.12/site-packages/airflow/example_dags/example_workday_timetable.py
[2024-12-15T20:42:09.676+0000] {processor.py:925} INFO - DAG(s) 'example_workday_timetable' retrieved from /home/airflow/.local/lib/python3.12/site-packages/airflow/example_dags/example_workday_timetable.py
[2024-12-15T20:42:09.751+0000] {logging_mixin.py:190} INFO - [2024-12-15T20:42:09.750+0000] {dag.py:3239} INFO - Sync 1 DAGs
[2024-12-15T20:42:09.854+0000] {logging_mixin.py:190} INFO - [2024-12-15T20:42:09.854+0000] {dag.py:4180} INFO - Setting next_dagrun for example_workday_timetable to 2021-01-04 00:00:00+00:00, run_after=2021-01-05 00:00:00+00:00
[2024-12-15T20:42:09.880+0000] {processor.py:208} INFO - Processing /home/airflow/.local/lib/python3.12/site-packages/airflow/example_dags/example_workday_timetable.py took 0.258 seconds
