[2024-12-15T19:41:00.327+0000] {processor.py:186} INFO - Started process (PID=109) to work on /home/airflow/.local/lib/python3.12/site-packages/airflow/example_dags/example_nested_branch_dag.py
[2024-12-15T19:41:00.329+0000] {processor.py:914} INFO - Processing file /home/airflow/.local/lib/python3.12/site-packages/airflow/example_dags/example_nested_branch_dag.py for tasks to queue
[2024-12-15T19:41:00.353+0000] {logging_mixin.py:190} INFO - [2024-12-15T19:41:00.353+0000] {dagbag.py:588} INFO - Filling up the DagBag from /home/airflow/.local/lib/python3.12/site-packages/airflow/example_dags/example_nested_branch_dag.py
[2024-12-15T19:41:00.385+0000] {processor.py:925} INFO - DAG(s) 'example_nested_branch_dag' retrieved from /home/airflow/.local/lib/python3.12/site-packages/airflow/example_dags/example_nested_branch_dag.py
[2024-12-15T19:41:00.595+0000] {logging_mixin.py:190} INFO - [2024-12-15T19:41:00.593+0000] {override.py:1911} INFO - Created Permission View: can delete on DAG:example_nested_branch_dag
[2024-12-15T19:41:00.627+0000] {logging_mixin.py:190} INFO - [2024-12-15T19:41:00.626+0000] {override.py:1911} INFO - Created Permission View: can read on DAG:example_nested_branch_dag
[2024-12-15T19:41:00.643+0000] {logging_mixin.py:190} INFO - [2024-12-15T19:41:00.642+0000] {override.py:1911} INFO - Created Permission View: can edit on DAG:example_nested_branch_dag
[2024-12-15T19:41:00.670+0000] {logging_mixin.py:190} INFO - [2024-12-15T19:41:00.669+0000] {override.py:1911} INFO - Created Permission View: menu access on DAG Run:example_nested_branch_dag
[2024-12-15T19:41:00.689+0000] {logging_mixin.py:190} INFO - [2024-12-15T19:41:00.689+0000] {override.py:1911} INFO - Created Permission View: can delete on DAG Run:example_nested_branch_dag
[2024-12-15T19:41:00.706+0000] {logging_mixin.py:190} INFO - [2024-12-15T19:41:00.706+0000] {override.py:1911} INFO - Created Permission View: can create on DAG Run:example_nested_branch_dag
[2024-12-15T19:41:00.720+0000] {logging_mixin.py:190} INFO - [2024-12-15T19:41:00.720+0000] {override.py:1911} INFO - Created Permission View: can read on DAG Run:example_nested_branch_dag
[2024-12-15T19:41:00.722+0000] {logging_mixin.py:190} INFO - [2024-12-15T19:41:00.722+0000] {dag.py:3239} INFO - Sync 1 DAGs
[2024-12-15T19:41:00.754+0000] {logging_mixin.py:190} INFO - [2024-12-15T19:41:00.753+0000] {dag.py:3262} INFO - Creating ORM DAG for example_nested_branch_dag
[2024-12-15T19:41:00.776+0000] {logging_mixin.py:190} INFO - [2024-12-15T19:41:00.775+0000] {dag.py:4180} INFO - Setting next_dagrun for example_nested_branch_dag to 2024-12-14 00:00:00+00:00, run_after=2024-12-15 00:00:00+00:00
[2024-12-15T19:41:00.808+0000] {processor.py:208} INFO - Processing /home/airflow/.local/lib/python3.12/site-packages/airflow/example_dags/example_nested_branch_dag.py took 0.499 seconds
[2024-12-15T19:41:30.955+0000] {processor.py:186} INFO - Started process (PID=173) to work on /home/airflow/.local/lib/python3.12/site-packages/airflow/example_dags/example_nested_branch_dag.py
[2024-12-15T19:41:30.957+0000] {processor.py:914} INFO - Processing file /home/airflow/.local/lib/python3.12/site-packages/airflow/example_dags/example_nested_branch_dag.py for tasks to queue
[2024-12-15T19:41:30.962+0000] {logging_mixin.py:190} INFO - [2024-12-15T19:41:30.961+0000] {dagbag.py:588} INFO - Filling up the DagBag from /home/airflow/.local/lib/python3.12/site-packages/airflow/example_dags/example_nested_branch_dag.py
[2024-12-15T19:41:30.980+0000] {processor.py:925} INFO - DAG(s) 'example_nested_branch_dag' retrieved from /home/airflow/.local/lib/python3.12/site-packages/airflow/example_dags/example_nested_branch_dag.py
[2024-12-15T19:41:31.010+0000] {logging_mixin.py:190} INFO - [2024-12-15T19:41:31.009+0000] {dag.py:3239} INFO - Sync 1 DAGs
[2024-12-15T19:41:31.051+0000] {logging_mixin.py:190} INFO - [2024-12-15T19:41:31.050+0000] {dag.py:4180} INFO - Setting next_dagrun for example_nested_branch_dag to 2024-12-14 00:00:00+00:00, run_after=2024-12-15 00:00:00+00:00
[2024-12-15T19:41:31.076+0000] {processor.py:208} INFO - Processing /home/airflow/.local/lib/python3.12/site-packages/airflow/example_dags/example_nested_branch_dag.py took 0.147 seconds
[2024-12-15T19:42:44.457+0000] {processor.py:186} INFO - Started process (PID=266) to work on /home/airflow/.local/lib/python3.12/site-packages/airflow/example_dags/example_nested_branch_dag.py
[2024-12-15T19:42:44.469+0000] {processor.py:914} INFO - Processing file /home/airflow/.local/lib/python3.12/site-packages/airflow/example_dags/example_nested_branch_dag.py for tasks to queue
[2024-12-15T19:42:44.477+0000] {logging_mixin.py:190} INFO - [2024-12-15T19:42:44.476+0000] {dagbag.py:588} INFO - Filling up the DagBag from /home/airflow/.local/lib/python3.12/site-packages/airflow/example_dags/example_nested_branch_dag.py
[2024-12-15T19:42:44.678+0000] {processor.py:925} INFO - DAG(s) 'example_nested_branch_dag' retrieved from /home/airflow/.local/lib/python3.12/site-packages/airflow/example_dags/example_nested_branch_dag.py
[2024-12-15T19:42:44.820+0000] {logging_mixin.py:190} INFO - [2024-12-15T19:42:44.820+0000] {dag.py:3239} INFO - Sync 1 DAGs
[2024-12-15T19:42:44.957+0000] {logging_mixin.py:190} INFO - [2024-12-15T19:42:44.956+0000] {dag.py:4180} INFO - Setting next_dagrun for example_nested_branch_dag to 2024-12-14 00:00:00+00:00, run_after=2024-12-15 00:00:00+00:00
[2024-12-15T19:42:45.041+0000] {processor.py:208} INFO - Processing /home/airflow/.local/lib/python3.12/site-packages/airflow/example_dags/example_nested_branch_dag.py took 0.628 seconds
[2024-12-15T19:43:15.748+0000] {processor.py:186} INFO - Started process (PID=330) to work on /home/airflow/.local/lib/python3.12/site-packages/airflow/example_dags/example_nested_branch_dag.py
[2024-12-15T19:43:15.758+0000] {processor.py:914} INFO - Processing file /home/airflow/.local/lib/python3.12/site-packages/airflow/example_dags/example_nested_branch_dag.py for tasks to queue
[2024-12-15T19:43:15.767+0000] {logging_mixin.py:190} INFO - [2024-12-15T19:43:15.766+0000] {dagbag.py:588} INFO - Filling up the DagBag from /home/airflow/.local/lib/python3.12/site-packages/airflow/example_dags/example_nested_branch_dag.py
[2024-12-15T19:43:15.867+0000] {processor.py:925} INFO - DAG(s) 'example_nested_branch_dag' retrieved from /home/airflow/.local/lib/python3.12/site-packages/airflow/example_dags/example_nested_branch_dag.py
[2024-12-15T19:43:16.017+0000] {logging_mixin.py:190} INFO - [2024-12-15T19:43:16.017+0000] {dag.py:3239} INFO - Sync 1 DAGs
[2024-12-15T19:43:16.232+0000] {logging_mixin.py:190} INFO - [2024-12-15T19:43:16.224+0000] {dag.py:4180} INFO - Setting next_dagrun for example_nested_branch_dag to 2024-12-14 00:00:00+00:00, run_after=2024-12-15 00:00:00+00:00
[2024-12-15T19:43:16.404+0000] {processor.py:208} INFO - Processing /home/airflow/.local/lib/python3.12/site-packages/airflow/example_dags/example_nested_branch_dag.py took 0.684 seconds
[2024-12-15T19:43:47.326+0000] {processor.py:186} INFO - Started process (PID=393) to work on /home/airflow/.local/lib/python3.12/site-packages/airflow/example_dags/example_nested_branch_dag.py
[2024-12-15T19:43:47.332+0000] {processor.py:914} INFO - Processing file /home/airflow/.local/lib/python3.12/site-packages/airflow/example_dags/example_nested_branch_dag.py for tasks to queue
[2024-12-15T19:43:47.350+0000] {logging_mixin.py:190} INFO - [2024-12-15T19:43:47.341+0000] {dagbag.py:588} INFO - Filling up the DagBag from /home/airflow/.local/lib/python3.12/site-packages/airflow/example_dags/example_nested_branch_dag.py
[2024-12-15T19:43:47.440+0000] {processor.py:925} INFO - DAG(s) 'example_nested_branch_dag' retrieved from /home/airflow/.local/lib/python3.12/site-packages/airflow/example_dags/example_nested_branch_dag.py
[2024-12-15T19:43:47.701+0000] {logging_mixin.py:190} INFO - [2024-12-15T19:43:47.700+0000] {dag.py:3239} INFO - Sync 1 DAGs
[2024-12-15T19:43:47.833+0000] {logging_mixin.py:190} INFO - [2024-12-15T19:43:47.832+0000] {dag.py:4180} INFO - Setting next_dagrun for example_nested_branch_dag to 2024-12-14 00:00:00+00:00, run_after=2024-12-15 00:00:00+00:00
[2024-12-15T19:43:47.949+0000] {processor.py:208} INFO - Processing /home/airflow/.local/lib/python3.12/site-packages/airflow/example_dags/example_nested_branch_dag.py took 0.643 seconds
[2024-12-15T19:44:18.731+0000] {processor.py:186} INFO - Started process (PID=458) to work on /home/airflow/.local/lib/python3.12/site-packages/airflow/example_dags/example_nested_branch_dag.py
[2024-12-15T19:44:18.734+0000] {processor.py:914} INFO - Processing file /home/airflow/.local/lib/python3.12/site-packages/airflow/example_dags/example_nested_branch_dag.py for tasks to queue
[2024-12-15T19:44:18.740+0000] {logging_mixin.py:190} INFO - [2024-12-15T19:44:18.738+0000] {dagbag.py:588} INFO - Filling up the DagBag from /home/airflow/.local/lib/python3.12/site-packages/airflow/example_dags/example_nested_branch_dag.py
[2024-12-15T19:44:18.767+0000] {processor.py:925} INFO - DAG(s) 'example_nested_branch_dag' retrieved from /home/airflow/.local/lib/python3.12/site-packages/airflow/example_dags/example_nested_branch_dag.py
[2024-12-15T19:44:18.825+0000] {logging_mixin.py:190} INFO - [2024-12-15T19:44:18.825+0000] {dag.py:3239} INFO - Sync 1 DAGs
[2024-12-15T19:44:18.923+0000] {logging_mixin.py:190} INFO - [2024-12-15T19:44:18.923+0000] {dag.py:4180} INFO - Setting next_dagrun for example_nested_branch_dag to 2024-12-14 00:00:00+00:00, run_after=2024-12-15 00:00:00+00:00
[2024-12-15T19:44:18.980+0000] {processor.py:208} INFO - Processing /home/airflow/.local/lib/python3.12/site-packages/airflow/example_dags/example_nested_branch_dag.py took 0.260 seconds
[2024-12-15T19:45:42.073+0000] {processor.py:186} INFO - Started process (PID=544) to work on /home/airflow/.local/lib/python3.12/site-packages/airflow/example_dags/example_nested_branch_dag.py
[2024-12-15T19:45:42.076+0000] {processor.py:914} INFO - Processing file /home/airflow/.local/lib/python3.12/site-packages/airflow/example_dags/example_nested_branch_dag.py for tasks to queue
[2024-12-15T19:45:42.086+0000] {logging_mixin.py:190} INFO - [2024-12-15T19:45:42.085+0000] {dagbag.py:588} INFO - Filling up the DagBag from /home/airflow/.local/lib/python3.12/site-packages/airflow/example_dags/example_nested_branch_dag.py
[2024-12-15T19:45:42.119+0000] {processor.py:925} INFO - DAG(s) 'example_nested_branch_dag' retrieved from /home/airflow/.local/lib/python3.12/site-packages/airflow/example_dags/example_nested_branch_dag.py
[2024-12-15T19:45:42.232+0000] {logging_mixin.py:190} INFO - [2024-12-15T19:45:42.232+0000] {dag.py:3239} INFO - Sync 1 DAGs
[2024-12-15T19:45:42.389+0000] {logging_mixin.py:190} INFO - [2024-12-15T19:45:42.389+0000] {dag.py:4180} INFO - Setting next_dagrun for example_nested_branch_dag to 2024-12-14 00:00:00+00:00, run_after=2024-12-15 00:00:00+00:00
[2024-12-15T19:45:42.433+0000] {processor.py:208} INFO - Processing /home/airflow/.local/lib/python3.12/site-packages/airflow/example_dags/example_nested_branch_dag.py took 0.372 seconds
[2024-12-15T19:46:12.915+0000] {processor.py:186} INFO - Started process (PID=609) to work on /home/airflow/.local/lib/python3.12/site-packages/airflow/example_dags/example_nested_branch_dag.py
[2024-12-15T19:46:12.920+0000] {processor.py:914} INFO - Processing file /home/airflow/.local/lib/python3.12/site-packages/airflow/example_dags/example_nested_branch_dag.py for tasks to queue
[2024-12-15T19:46:12.926+0000] {logging_mixin.py:190} INFO - [2024-12-15T19:46:12.926+0000] {dagbag.py:588} INFO - Filling up the DagBag from /home/airflow/.local/lib/python3.12/site-packages/airflow/example_dags/example_nested_branch_dag.py
[2024-12-15T19:46:12.949+0000] {processor.py:925} INFO - DAG(s) 'example_nested_branch_dag' retrieved from /home/airflow/.local/lib/python3.12/site-packages/airflow/example_dags/example_nested_branch_dag.py
[2024-12-15T19:46:13.048+0000] {logging_mixin.py:190} INFO - [2024-12-15T19:46:13.048+0000] {dag.py:3239} INFO - Sync 1 DAGs
[2024-12-15T19:46:13.099+0000] {logging_mixin.py:190} INFO - [2024-12-15T19:46:13.099+0000] {dag.py:4180} INFO - Setting next_dagrun for example_nested_branch_dag to 2024-12-14 00:00:00+00:00, run_after=2024-12-15 00:00:00+00:00
[2024-12-15T19:46:13.142+0000] {processor.py:208} INFO - Processing /home/airflow/.local/lib/python3.12/site-packages/airflow/example_dags/example_nested_branch_dag.py took 0.240 seconds
[2024-12-15T19:46:43.767+0000] {processor.py:186} INFO - Started process (PID=675) to work on /home/airflow/.local/lib/python3.12/site-packages/airflow/example_dags/example_nested_branch_dag.py
[2024-12-15T19:46:43.771+0000] {processor.py:914} INFO - Processing file /home/airflow/.local/lib/python3.12/site-packages/airflow/example_dags/example_nested_branch_dag.py for tasks to queue
[2024-12-15T19:46:43.782+0000] {logging_mixin.py:190} INFO - [2024-12-15T19:46:43.781+0000] {dagbag.py:588} INFO - Filling up the DagBag from /home/airflow/.local/lib/python3.12/site-packages/airflow/example_dags/example_nested_branch_dag.py
[2024-12-15T19:46:43.832+0000] {processor.py:925} INFO - DAG(s) 'example_nested_branch_dag' retrieved from /home/airflow/.local/lib/python3.12/site-packages/airflow/example_dags/example_nested_branch_dag.py
[2024-12-15T19:46:43.906+0000] {logging_mixin.py:190} INFO - [2024-12-15T19:46:43.906+0000] {dag.py:3239} INFO - Sync 1 DAGs
[2024-12-15T19:46:43.972+0000] {logging_mixin.py:190} INFO - [2024-12-15T19:46:43.972+0000] {dag.py:4180} INFO - Setting next_dagrun for example_nested_branch_dag to 2024-12-14 00:00:00+00:00, run_after=2024-12-15 00:00:00+00:00
[2024-12-15T19:46:44.008+0000] {processor.py:208} INFO - Processing /home/airflow/.local/lib/python3.12/site-packages/airflow/example_dags/example_nested_branch_dag.py took 0.264 seconds
[2024-12-15T19:47:18.411+0000] {processor.py:186} INFO - Started process (PID=742) to work on /home/airflow/.local/lib/python3.12/site-packages/airflow/example_dags/example_nested_branch_dag.py
[2024-12-15T19:47:18.413+0000] {processor.py:914} INFO - Processing file /home/airflow/.local/lib/python3.12/site-packages/airflow/example_dags/example_nested_branch_dag.py for tasks to queue
[2024-12-15T19:47:18.418+0000] {logging_mixin.py:190} INFO - [2024-12-15T19:47:18.417+0000] {dagbag.py:588} INFO - Filling up the DagBag from /home/airflow/.local/lib/python3.12/site-packages/airflow/example_dags/example_nested_branch_dag.py
[2024-12-15T19:47:18.438+0000] {processor.py:925} INFO - DAG(s) 'example_nested_branch_dag' retrieved from /home/airflow/.local/lib/python3.12/site-packages/airflow/example_dags/example_nested_branch_dag.py
[2024-12-15T19:47:18.491+0000] {logging_mixin.py:190} INFO - [2024-12-15T19:47:18.490+0000] {dag.py:3239} INFO - Sync 1 DAGs
[2024-12-15T19:47:18.559+0000] {logging_mixin.py:190} INFO - [2024-12-15T19:47:18.558+0000] {dag.py:4180} INFO - Setting next_dagrun for example_nested_branch_dag to 2024-12-14 00:00:00+00:00, run_after=2024-12-15 00:00:00+00:00
[2024-12-15T19:47:18.597+0000] {processor.py:208} INFO - Processing /home/airflow/.local/lib/python3.12/site-packages/airflow/example_dags/example_nested_branch_dag.py took 0.197 seconds
[2024-12-15T19:47:59.584+0000] {processor.py:186} INFO - Started process (PID=808) to work on /home/airflow/.local/lib/python3.12/site-packages/airflow/example_dags/example_nested_branch_dag.py
[2024-12-15T19:47:59.586+0000] {processor.py:914} INFO - Processing file /home/airflow/.local/lib/python3.12/site-packages/airflow/example_dags/example_nested_branch_dag.py for tasks to queue
[2024-12-15T19:47:59.590+0000] {logging_mixin.py:190} INFO - [2024-12-15T19:47:59.590+0000] {dagbag.py:588} INFO - Filling up the DagBag from /home/airflow/.local/lib/python3.12/site-packages/airflow/example_dags/example_nested_branch_dag.py
[2024-12-15T19:47:59.629+0000] {processor.py:925} INFO - DAG(s) 'example_nested_branch_dag' retrieved from /home/airflow/.local/lib/python3.12/site-packages/airflow/example_dags/example_nested_branch_dag.py
[2024-12-15T19:47:59.683+0000] {logging_mixin.py:190} INFO - [2024-12-15T19:47:59.683+0000] {dag.py:3239} INFO - Sync 1 DAGs
[2024-12-15T19:47:59.735+0000] {logging_mixin.py:190} INFO - [2024-12-15T19:47:59.734+0000] {dag.py:4180} INFO - Setting next_dagrun for example_nested_branch_dag to 2024-12-14 00:00:00+00:00, run_after=2024-12-15 00:00:00+00:00
[2024-12-15T19:47:59.779+0000] {processor.py:208} INFO - Processing /home/airflow/.local/lib/python3.12/site-packages/airflow/example_dags/example_nested_branch_dag.py took 0.216 seconds
[2024-12-15T19:51:13.117+0000] {processor.py:186} INFO - Started process (PID=97) to work on /home/airflow/.local/lib/python3.12/site-packages/airflow/example_dags/example_nested_branch_dag.py
[2024-12-15T19:51:13.135+0000] {processor.py:914} INFO - Processing file /home/airflow/.local/lib/python3.12/site-packages/airflow/example_dags/example_nested_branch_dag.py for tasks to queue
[2024-12-15T19:51:13.183+0000] {logging_mixin.py:190} INFO - [2024-12-15T19:51:13.182+0000] {dagbag.py:588} INFO - Filling up the DagBag from /home/airflow/.local/lib/python3.12/site-packages/airflow/example_dags/example_nested_branch_dag.py
[2024-12-15T19:51:13.267+0000] {processor.py:925} INFO - DAG(s) 'example_nested_branch_dag' retrieved from /home/airflow/.local/lib/python3.12/site-packages/airflow/example_dags/example_nested_branch_dag.py
[2024-12-15T19:51:13.409+0000] {logging_mixin.py:190} INFO - [2024-12-15T19:51:13.408+0000] {dag.py:3239} INFO - Sync 1 DAGs
[2024-12-15T19:51:13.550+0000] {logging_mixin.py:190} INFO - [2024-12-15T19:51:13.550+0000] {dag.py:4180} INFO - Setting next_dagrun for example_nested_branch_dag to 2024-12-14 00:00:00+00:00, run_after=2024-12-15 00:00:00+00:00
[2024-12-15T19:51:13.652+0000] {processor.py:208} INFO - Processing /home/airflow/.local/lib/python3.12/site-packages/airflow/example_dags/example_nested_branch_dag.py took 0.608 seconds
[2024-12-15T19:51:47.638+0000] {processor.py:186} INFO - Started process (PID=163) to work on /home/airflow/.local/lib/python3.12/site-packages/airflow/example_dags/example_nested_branch_dag.py
[2024-12-15T19:51:47.642+0000] {processor.py:914} INFO - Processing file /home/airflow/.local/lib/python3.12/site-packages/airflow/example_dags/example_nested_branch_dag.py for tasks to queue
[2024-12-15T19:51:47.649+0000] {logging_mixin.py:190} INFO - [2024-12-15T19:51:47.649+0000] {dagbag.py:588} INFO - Filling up the DagBag from /home/airflow/.local/lib/python3.12/site-packages/airflow/example_dags/example_nested_branch_dag.py
[2024-12-15T19:51:47.687+0000] {processor.py:925} INFO - DAG(s) 'example_nested_branch_dag' retrieved from /home/airflow/.local/lib/python3.12/site-packages/airflow/example_dags/example_nested_branch_dag.py
[2024-12-15T19:51:47.798+0000] {logging_mixin.py:190} INFO - [2024-12-15T19:51:47.798+0000] {dag.py:3239} INFO - Sync 1 DAGs
[2024-12-15T19:51:47.901+0000] {logging_mixin.py:190} INFO - [2024-12-15T19:51:47.900+0000] {dag.py:4180} INFO - Setting next_dagrun for example_nested_branch_dag to 2024-12-14 00:00:00+00:00, run_after=2024-12-15 00:00:00+00:00
[2024-12-15T19:51:47.944+0000] {processor.py:208} INFO - Processing /home/airflow/.local/lib/python3.12/site-packages/airflow/example_dags/example_nested_branch_dag.py took 0.316 seconds
[2024-12-15T19:52:39.252+0000] {processor.py:186} INFO - Started process (PID=237) to work on /home/airflow/.local/lib/python3.12/site-packages/airflow/example_dags/example_nested_branch_dag.py
[2024-12-15T19:52:39.262+0000] {processor.py:914} INFO - Processing file /home/airflow/.local/lib/python3.12/site-packages/airflow/example_dags/example_nested_branch_dag.py for tasks to queue
[2024-12-15T19:52:39.298+0000] {logging_mixin.py:190} INFO - [2024-12-15T19:52:39.297+0000] {dagbag.py:588} INFO - Filling up the DagBag from /home/airflow/.local/lib/python3.12/site-packages/airflow/example_dags/example_nested_branch_dag.py
[2024-12-15T19:52:39.403+0000] {processor.py:925} INFO - DAG(s) 'example_nested_branch_dag' retrieved from /home/airflow/.local/lib/python3.12/site-packages/airflow/example_dags/example_nested_branch_dag.py
[2024-12-15T19:52:39.540+0000] {logging_mixin.py:190} INFO - [2024-12-15T19:52:39.540+0000] {dag.py:3239} INFO - Sync 1 DAGs
[2024-12-15T19:52:39.602+0000] {logging_mixin.py:190} INFO - [2024-12-15T19:52:39.602+0000] {dag.py:4180} INFO - Setting next_dagrun for example_nested_branch_dag to 2024-12-14 00:00:00+00:00, run_after=2024-12-15 00:00:00+00:00
[2024-12-15T19:52:39.697+0000] {processor.py:208} INFO - Processing /home/airflow/.local/lib/python3.12/site-packages/airflow/example_dags/example_nested_branch_dag.py took 0.479 seconds
[2024-12-15T19:53:10.526+0000] {processor.py:186} INFO - Started process (PID=303) to work on /home/airflow/.local/lib/python3.12/site-packages/airflow/example_dags/example_nested_branch_dag.py
[2024-12-15T19:53:10.538+0000] {processor.py:914} INFO - Processing file /home/airflow/.local/lib/python3.12/site-packages/airflow/example_dags/example_nested_branch_dag.py for tasks to queue
[2024-12-15T19:53:10.548+0000] {logging_mixin.py:190} INFO - [2024-12-15T19:53:10.547+0000] {dagbag.py:588} INFO - Filling up the DagBag from /home/airflow/.local/lib/python3.12/site-packages/airflow/example_dags/example_nested_branch_dag.py
[2024-12-15T19:53:10.686+0000] {processor.py:925} INFO - DAG(s) 'example_nested_branch_dag' retrieved from /home/airflow/.local/lib/python3.12/site-packages/airflow/example_dags/example_nested_branch_dag.py
[2024-12-15T19:53:11.438+0000] {logging_mixin.py:190} INFO - [2024-12-15T19:53:11.436+0000] {dag.py:3239} INFO - Sync 1 DAGs
[2024-12-15T19:53:11.979+0000] {logging_mixin.py:190} INFO - [2024-12-15T19:53:11.979+0000] {dag.py:4180} INFO - Setting next_dagrun for example_nested_branch_dag to 2024-12-14 00:00:00+00:00, run_after=2024-12-15 00:00:00+00:00
[2024-12-15T19:53:12.193+0000] {processor.py:208} INFO - Processing /home/airflow/.local/lib/python3.12/site-packages/airflow/example_dags/example_nested_branch_dag.py took 1.682 seconds
[2024-12-15T19:53:45.094+0000] {processor.py:186} INFO - Started process (PID=366) to work on /home/airflow/.local/lib/python3.12/site-packages/airflow/example_dags/example_nested_branch_dag.py
[2024-12-15T19:53:45.098+0000] {processor.py:914} INFO - Processing file /home/airflow/.local/lib/python3.12/site-packages/airflow/example_dags/example_nested_branch_dag.py for tasks to queue
[2024-12-15T19:53:45.105+0000] {logging_mixin.py:190} INFO - [2024-12-15T19:53:45.104+0000] {dagbag.py:588} INFO - Filling up the DagBag from /home/airflow/.local/lib/python3.12/site-packages/airflow/example_dags/example_nested_branch_dag.py
[2024-12-15T19:53:45.134+0000] {processor.py:925} INFO - DAG(s) 'example_nested_branch_dag' retrieved from /home/airflow/.local/lib/python3.12/site-packages/airflow/example_dags/example_nested_branch_dag.py
[2024-12-15T19:53:45.196+0000] {logging_mixin.py:190} INFO - [2024-12-15T19:53:45.196+0000] {dag.py:3239} INFO - Sync 1 DAGs
[2024-12-15T19:53:45.292+0000] {logging_mixin.py:190} INFO - [2024-12-15T19:53:45.292+0000] {dag.py:4180} INFO - Setting next_dagrun for example_nested_branch_dag to 2024-12-14 00:00:00+00:00, run_after=2024-12-15 00:00:00+00:00
[2024-12-15T19:53:45.371+0000] {processor.py:208} INFO - Processing /home/airflow/.local/lib/python3.12/site-packages/airflow/example_dags/example_nested_branch_dag.py took 0.293 seconds
[2024-12-15T19:54:18.238+0000] {processor.py:186} INFO - Started process (PID=429) to work on /home/airflow/.local/lib/python3.12/site-packages/airflow/example_dags/example_nested_branch_dag.py
[2024-12-15T19:54:18.241+0000] {processor.py:914} INFO - Processing file /home/airflow/.local/lib/python3.12/site-packages/airflow/example_dags/example_nested_branch_dag.py for tasks to queue
[2024-12-15T19:54:18.255+0000] {logging_mixin.py:190} INFO - [2024-12-15T19:54:18.253+0000] {dagbag.py:588} INFO - Filling up the DagBag from /home/airflow/.local/lib/python3.12/site-packages/airflow/example_dags/example_nested_branch_dag.py
[2024-12-15T19:54:18.280+0000] {processor.py:925} INFO - DAG(s) 'example_nested_branch_dag' retrieved from /home/airflow/.local/lib/python3.12/site-packages/airflow/example_dags/example_nested_branch_dag.py
[2024-12-15T19:54:18.323+0000] {logging_mixin.py:190} INFO - [2024-12-15T19:54:18.323+0000] {dag.py:3239} INFO - Sync 1 DAGs
[2024-12-15T19:54:18.364+0000] {logging_mixin.py:190} INFO - [2024-12-15T19:54:18.364+0000] {dag.py:4180} INFO - Setting next_dagrun for example_nested_branch_dag to 2024-12-14 00:00:00+00:00, run_after=2024-12-15 00:00:00+00:00
[2024-12-15T19:54:18.409+0000] {processor.py:208} INFO - Processing /home/airflow/.local/lib/python3.12/site-packages/airflow/example_dags/example_nested_branch_dag.py took 0.207 seconds
[2024-12-15T19:54:49.206+0000] {processor.py:186} INFO - Started process (PID=494) to work on /home/airflow/.local/lib/python3.12/site-packages/airflow/example_dags/example_nested_branch_dag.py
[2024-12-15T19:54:49.207+0000] {processor.py:914} INFO - Processing file /home/airflow/.local/lib/python3.12/site-packages/airflow/example_dags/example_nested_branch_dag.py for tasks to queue
[2024-12-15T19:54:49.209+0000] {logging_mixin.py:190} INFO - [2024-12-15T19:54:49.209+0000] {dagbag.py:588} INFO - Filling up the DagBag from /home/airflow/.local/lib/python3.12/site-packages/airflow/example_dags/example_nested_branch_dag.py
[2024-12-15T19:54:49.227+0000] {processor.py:925} INFO - DAG(s) 'example_nested_branch_dag' retrieved from /home/airflow/.local/lib/python3.12/site-packages/airflow/example_dags/example_nested_branch_dag.py
[2024-12-15T19:54:49.251+0000] {logging_mixin.py:190} INFO - [2024-12-15T19:54:49.251+0000] {dag.py:3239} INFO - Sync 1 DAGs
[2024-12-15T19:54:49.283+0000] {logging_mixin.py:190} INFO - [2024-12-15T19:54:49.283+0000] {dag.py:4180} INFO - Setting next_dagrun for example_nested_branch_dag to 2024-12-14 00:00:00+00:00, run_after=2024-12-15 00:00:00+00:00
[2024-12-15T19:54:49.310+0000] {processor.py:208} INFO - Processing /home/airflow/.local/lib/python3.12/site-packages/airflow/example_dags/example_nested_branch_dag.py took 0.113 seconds
[2024-12-15T19:55:28.387+0000] {processor.py:186} INFO - Started process (PID=567) to work on /home/airflow/.local/lib/python3.12/site-packages/airflow/example_dags/example_nested_branch_dag.py
[2024-12-15T19:55:28.405+0000] {processor.py:914} INFO - Processing file /home/airflow/.local/lib/python3.12/site-packages/airflow/example_dags/example_nested_branch_dag.py for tasks to queue
[2024-12-15T19:55:28.429+0000] {logging_mixin.py:190} INFO - [2024-12-15T19:55:28.423+0000] {dagbag.py:588} INFO - Filling up the DagBag from /home/airflow/.local/lib/python3.12/site-packages/airflow/example_dags/example_nested_branch_dag.py
[2024-12-15T19:55:28.563+0000] {processor.py:925} INFO - DAG(s) 'example_nested_branch_dag' retrieved from /home/airflow/.local/lib/python3.12/site-packages/airflow/example_dags/example_nested_branch_dag.py
[2024-12-15T19:55:28.823+0000] {logging_mixin.py:190} INFO - [2024-12-15T19:55:28.823+0000] {dag.py:3239} INFO - Sync 1 DAGs
[2024-12-15T19:55:29.051+0000] {logging_mixin.py:190} INFO - [2024-12-15T19:55:29.050+0000] {dag.py:4180} INFO - Setting next_dagrun for example_nested_branch_dag to 2024-12-14 00:00:00+00:00, run_after=2024-12-15 00:00:00+00:00
[2024-12-15T19:55:29.132+0000] {processor.py:208} INFO - Processing /home/airflow/.local/lib/python3.12/site-packages/airflow/example_dags/example_nested_branch_dag.py took 0.781 seconds
[2024-12-15T19:56:07.324+0000] {processor.py:186} INFO - Started process (PID=632) to work on /home/airflow/.local/lib/python3.12/site-packages/airflow/example_dags/example_nested_branch_dag.py
[2024-12-15T19:56:07.326+0000] {processor.py:914} INFO - Processing file /home/airflow/.local/lib/python3.12/site-packages/airflow/example_dags/example_nested_branch_dag.py for tasks to queue
[2024-12-15T19:56:07.329+0000] {logging_mixin.py:190} INFO - [2024-12-15T19:56:07.328+0000] {dagbag.py:588} INFO - Filling up the DagBag from /home/airflow/.local/lib/python3.12/site-packages/airflow/example_dags/example_nested_branch_dag.py
[2024-12-15T19:56:07.351+0000] {processor.py:925} INFO - DAG(s) 'example_nested_branch_dag' retrieved from /home/airflow/.local/lib/python3.12/site-packages/airflow/example_dags/example_nested_branch_dag.py
[2024-12-15T19:56:07.384+0000] {logging_mixin.py:190} INFO - [2024-12-15T19:56:07.384+0000] {dag.py:3239} INFO - Sync 1 DAGs
[2024-12-15T19:56:07.426+0000] {logging_mixin.py:190} INFO - [2024-12-15T19:56:07.425+0000] {dag.py:4180} INFO - Setting next_dagrun for example_nested_branch_dag to 2024-12-14 00:00:00+00:00, run_after=2024-12-15 00:00:00+00:00
[2024-12-15T19:56:07.461+0000] {processor.py:208} INFO - Processing /home/airflow/.local/lib/python3.12/site-packages/airflow/example_dags/example_nested_branch_dag.py took 0.150 seconds
[2024-12-15T20:00:30.628+0000] {processor.py:186} INFO - Started process (PID=109) to work on /home/airflow/.local/lib/python3.12/site-packages/airflow/example_dags/example_nested_branch_dag.py
[2024-12-15T20:00:30.634+0000] {processor.py:914} INFO - Processing file /home/airflow/.local/lib/python3.12/site-packages/airflow/example_dags/example_nested_branch_dag.py for tasks to queue
[2024-12-15T20:00:30.644+0000] {logging_mixin.py:190} INFO - [2024-12-15T20:00:30.643+0000] {dagbag.py:588} INFO - Filling up the DagBag from /home/airflow/.local/lib/python3.12/site-packages/airflow/example_dags/example_nested_branch_dag.py
[2024-12-15T20:00:30.727+0000] {processor.py:925} INFO - DAG(s) 'example_nested_branch_dag' retrieved from /home/airflow/.local/lib/python3.12/site-packages/airflow/example_dags/example_nested_branch_dag.py
[2024-12-15T20:00:31.050+0000] {logging_mixin.py:190} INFO - [2024-12-15T20:00:31.049+0000] {dag.py:3239} INFO - Sync 1 DAGs
[2024-12-15T20:00:31.171+0000] {logging_mixin.py:190} INFO - [2024-12-15T20:00:31.171+0000] {dag.py:4180} INFO - Setting next_dagrun for example_nested_branch_dag to 2024-12-14 00:00:00+00:00, run_after=2024-12-15 00:00:00+00:00
[2024-12-15T20:00:31.283+0000] {processor.py:208} INFO - Processing /home/airflow/.local/lib/python3.12/site-packages/airflow/example_dags/example_nested_branch_dag.py took 0.712 seconds
[2024-12-15T20:01:52.731+0000] {processor.py:186} INFO - Started process (PID=200) to work on /home/airflow/.local/lib/python3.12/site-packages/airflow/example_dags/example_nested_branch_dag.py
[2024-12-15T20:01:52.736+0000] {processor.py:914} INFO - Processing file /home/airflow/.local/lib/python3.12/site-packages/airflow/example_dags/example_nested_branch_dag.py for tasks to queue
[2024-12-15T20:01:52.761+0000] {logging_mixin.py:190} INFO - [2024-12-15T20:01:52.756+0000] {dagbag.py:588} INFO - Filling up the DagBag from /home/airflow/.local/lib/python3.12/site-packages/airflow/example_dags/example_nested_branch_dag.py
[2024-12-15T20:01:52.883+0000] {processor.py:925} INFO - DAG(s) 'example_nested_branch_dag' retrieved from /home/airflow/.local/lib/python3.12/site-packages/airflow/example_dags/example_nested_branch_dag.py
[2024-12-15T20:01:52.986+0000] {logging_mixin.py:190} INFO - [2024-12-15T20:01:52.986+0000] {dag.py:3239} INFO - Sync 1 DAGs
[2024-12-15T20:01:53.102+0000] {logging_mixin.py:190} INFO - [2024-12-15T20:01:53.102+0000] {dag.py:4180} INFO - Setting next_dagrun for example_nested_branch_dag to 2024-12-14 00:00:00+00:00, run_after=2024-12-15 00:00:00+00:00
[2024-12-15T20:01:53.188+0000] {processor.py:208} INFO - Processing /home/airflow/.local/lib/python3.12/site-packages/airflow/example_dags/example_nested_branch_dag.py took 0.493 seconds
[2024-12-15T20:02:30.492+0000] {processor.py:186} INFO - Started process (PID=265) to work on /home/airflow/.local/lib/python3.12/site-packages/airflow/example_dags/example_nested_branch_dag.py
[2024-12-15T20:02:30.494+0000] {processor.py:914} INFO - Processing file /home/airflow/.local/lib/python3.12/site-packages/airflow/example_dags/example_nested_branch_dag.py for tasks to queue
[2024-12-15T20:02:30.500+0000] {logging_mixin.py:190} INFO - [2024-12-15T20:02:30.499+0000] {dagbag.py:588} INFO - Filling up the DagBag from /home/airflow/.local/lib/python3.12/site-packages/airflow/example_dags/example_nested_branch_dag.py
[2024-12-15T20:02:30.574+0000] {processor.py:925} INFO - DAG(s) 'example_nested_branch_dag' retrieved from /home/airflow/.local/lib/python3.12/site-packages/airflow/example_dags/example_nested_branch_dag.py
[2024-12-15T20:02:30.633+0000] {logging_mixin.py:190} INFO - [2024-12-15T20:02:30.633+0000] {dag.py:3239} INFO - Sync 1 DAGs
[2024-12-15T20:02:30.756+0000] {logging_mixin.py:190} INFO - [2024-12-15T20:02:30.756+0000] {dag.py:4180} INFO - Setting next_dagrun for example_nested_branch_dag to 2024-12-14 00:00:00+00:00, run_after=2024-12-15 00:00:00+00:00
[2024-12-15T20:02:30.808+0000] {processor.py:208} INFO - Processing /home/airflow/.local/lib/python3.12/site-packages/airflow/example_dags/example_nested_branch_dag.py took 0.332 seconds
[2024-12-15T20:03:10.254+0000] {processor.py:186} INFO - Started process (PID=329) to work on /home/airflow/.local/lib/python3.12/site-packages/airflow/example_dags/example_nested_branch_dag.py
[2024-12-15T20:03:10.256+0000] {processor.py:914} INFO - Processing file /home/airflow/.local/lib/python3.12/site-packages/airflow/example_dags/example_nested_branch_dag.py for tasks to queue
[2024-12-15T20:03:10.276+0000] {logging_mixin.py:190} INFO - [2024-12-15T20:03:10.275+0000] {dagbag.py:588} INFO - Filling up the DagBag from /home/airflow/.local/lib/python3.12/site-packages/airflow/example_dags/example_nested_branch_dag.py
[2024-12-15T20:03:10.336+0000] {processor.py:925} INFO - DAG(s) 'example_nested_branch_dag' retrieved from /home/airflow/.local/lib/python3.12/site-packages/airflow/example_dags/example_nested_branch_dag.py
[2024-12-15T20:03:10.450+0000] {logging_mixin.py:190} INFO - [2024-12-15T20:03:10.450+0000] {dag.py:3239} INFO - Sync 1 DAGs
[2024-12-15T20:03:10.583+0000] {logging_mixin.py:190} INFO - [2024-12-15T20:03:10.582+0000] {dag.py:4180} INFO - Setting next_dagrun for example_nested_branch_dag to 2024-12-14 00:00:00+00:00, run_after=2024-12-15 00:00:00+00:00
[2024-12-15T20:03:10.662+0000] {processor.py:208} INFO - Processing /home/airflow/.local/lib/python3.12/site-packages/airflow/example_dags/example_nested_branch_dag.py took 0.449 seconds
[2024-12-15T20:03:42.171+0000] {processor.py:186} INFO - Started process (PID=393) to work on /home/airflow/.local/lib/python3.12/site-packages/airflow/example_dags/example_nested_branch_dag.py
[2024-12-15T20:03:42.178+0000] {processor.py:914} INFO - Processing file /home/airflow/.local/lib/python3.12/site-packages/airflow/example_dags/example_nested_branch_dag.py for tasks to queue
[2024-12-15T20:03:42.206+0000] {logging_mixin.py:190} INFO - [2024-12-15T20:03:42.197+0000] {dagbag.py:588} INFO - Filling up the DagBag from /home/airflow/.local/lib/python3.12/site-packages/airflow/example_dags/example_nested_branch_dag.py
[2024-12-15T20:03:42.243+0000] {processor.py:925} INFO - DAG(s) 'example_nested_branch_dag' retrieved from /home/airflow/.local/lib/python3.12/site-packages/airflow/example_dags/example_nested_branch_dag.py
[2024-12-15T20:03:42.330+0000] {logging_mixin.py:190} INFO - [2024-12-15T20:03:42.330+0000] {dag.py:3239} INFO - Sync 1 DAGs
[2024-12-15T20:03:42.456+0000] {logging_mixin.py:190} INFO - [2024-12-15T20:03:42.456+0000] {dag.py:4180} INFO - Setting next_dagrun for example_nested_branch_dag to 2024-12-14 00:00:00+00:00, run_after=2024-12-15 00:00:00+00:00
[2024-12-15T20:03:42.504+0000] {processor.py:208} INFO - Processing /home/airflow/.local/lib/python3.12/site-packages/airflow/example_dags/example_nested_branch_dag.py took 0.360 seconds
[2024-12-15T20:04:14.060+0000] {processor.py:186} INFO - Started process (PID=462) to work on /home/airflow/.local/lib/python3.12/site-packages/airflow/example_dags/example_nested_branch_dag.py
[2024-12-15T20:04:14.064+0000] {processor.py:914} INFO - Processing file /home/airflow/.local/lib/python3.12/site-packages/airflow/example_dags/example_nested_branch_dag.py for tasks to queue
[2024-12-15T20:04:14.079+0000] {logging_mixin.py:190} INFO - [2024-12-15T20:04:14.076+0000] {dagbag.py:588} INFO - Filling up the DagBag from /home/airflow/.local/lib/python3.12/site-packages/airflow/example_dags/example_nested_branch_dag.py
[2024-12-15T20:04:14.146+0000] {processor.py:925} INFO - DAG(s) 'example_nested_branch_dag' retrieved from /home/airflow/.local/lib/python3.12/site-packages/airflow/example_dags/example_nested_branch_dag.py
[2024-12-15T20:04:14.206+0000] {logging_mixin.py:190} INFO - [2024-12-15T20:04:14.206+0000] {dag.py:3239} INFO - Sync 1 DAGs
[2024-12-15T20:04:14.336+0000] {logging_mixin.py:190} INFO - [2024-12-15T20:04:14.336+0000] {dag.py:4180} INFO - Setting next_dagrun for example_nested_branch_dag to 2024-12-14 00:00:00+00:00, run_after=2024-12-15 00:00:00+00:00
[2024-12-15T20:04:14.384+0000] {processor.py:208} INFO - Processing /home/airflow/.local/lib/python3.12/site-packages/airflow/example_dags/example_nested_branch_dag.py took 0.340 seconds
[2024-12-15T20:04:50.179+0000] {processor.py:186} INFO - Started process (PID=527) to work on /home/airflow/.local/lib/python3.12/site-packages/airflow/example_dags/example_nested_branch_dag.py
[2024-12-15T20:04:50.188+0000] {processor.py:914} INFO - Processing file /home/airflow/.local/lib/python3.12/site-packages/airflow/example_dags/example_nested_branch_dag.py for tasks to queue
[2024-12-15T20:04:50.193+0000] {logging_mixin.py:190} INFO - [2024-12-15T20:04:50.193+0000] {dagbag.py:588} INFO - Filling up the DagBag from /home/airflow/.local/lib/python3.12/site-packages/airflow/example_dags/example_nested_branch_dag.py
[2024-12-15T20:04:50.265+0000] {processor.py:925} INFO - DAG(s) 'example_nested_branch_dag' retrieved from /home/airflow/.local/lib/python3.12/site-packages/airflow/example_dags/example_nested_branch_dag.py
[2024-12-15T20:04:50.326+0000] {logging_mixin.py:190} INFO - [2024-12-15T20:04:50.324+0000] {dag.py:3239} INFO - Sync 1 DAGs
[2024-12-15T20:04:50.526+0000] {logging_mixin.py:190} INFO - [2024-12-15T20:04:50.525+0000] {dag.py:4180} INFO - Setting next_dagrun for example_nested_branch_dag to 2024-12-14 00:00:00+00:00, run_after=2024-12-15 00:00:00+00:00
[2024-12-15T20:04:50.770+0000] {processor.py:208} INFO - Processing /home/airflow/.local/lib/python3.12/site-packages/airflow/example_dags/example_nested_branch_dag.py took 0.640 seconds
[2024-12-15T20:06:12.631+0000] {processor.py:186} INFO - Started process (PID=607) to work on /home/airflow/.local/lib/python3.12/site-packages/airflow/example_dags/example_nested_branch_dag.py
[2024-12-15T20:06:12.634+0000] {processor.py:914} INFO - Processing file /home/airflow/.local/lib/python3.12/site-packages/airflow/example_dags/example_nested_branch_dag.py for tasks to queue
[2024-12-15T20:06:12.641+0000] {logging_mixin.py:190} INFO - [2024-12-15T20:06:12.640+0000] {dagbag.py:588} INFO - Filling up the DagBag from /home/airflow/.local/lib/python3.12/site-packages/airflow/example_dags/example_nested_branch_dag.py
[2024-12-15T20:06:12.668+0000] {processor.py:925} INFO - DAG(s) 'example_nested_branch_dag' retrieved from /home/airflow/.local/lib/python3.12/site-packages/airflow/example_dags/example_nested_branch_dag.py
[2024-12-15T20:06:12.709+0000] {logging_mixin.py:190} INFO - [2024-12-15T20:06:12.708+0000] {dag.py:3239} INFO - Sync 1 DAGs
[2024-12-15T20:06:12.759+0000] {logging_mixin.py:190} INFO - [2024-12-15T20:06:12.758+0000] {dag.py:4180} INFO - Setting next_dagrun for example_nested_branch_dag to 2024-12-14 00:00:00+00:00, run_after=2024-12-15 00:00:00+00:00
[2024-12-15T20:06:12.796+0000] {processor.py:208} INFO - Processing /home/airflow/.local/lib/python3.12/site-packages/airflow/example_dags/example_nested_branch_dag.py took 0.181 seconds
[2024-12-15T20:06:42.977+0000] {processor.py:186} INFO - Started process (PID=672) to work on /home/airflow/.local/lib/python3.12/site-packages/airflow/example_dags/example_nested_branch_dag.py
[2024-12-15T20:06:42.983+0000] {processor.py:914} INFO - Processing file /home/airflow/.local/lib/python3.12/site-packages/airflow/example_dags/example_nested_branch_dag.py for tasks to queue
[2024-12-15T20:06:42.992+0000] {logging_mixin.py:190} INFO - [2024-12-15T20:06:42.986+0000] {dagbag.py:588} INFO - Filling up the DagBag from /home/airflow/.local/lib/python3.12/site-packages/airflow/example_dags/example_nested_branch_dag.py
[2024-12-15T20:06:43.017+0000] {processor.py:925} INFO - DAG(s) 'example_nested_branch_dag' retrieved from /home/airflow/.local/lib/python3.12/site-packages/airflow/example_dags/example_nested_branch_dag.py
[2024-12-15T20:06:43.064+0000] {logging_mixin.py:190} INFO - [2024-12-15T20:06:43.064+0000] {dag.py:3239} INFO - Sync 1 DAGs
[2024-12-15T20:06:43.110+0000] {logging_mixin.py:190} INFO - [2024-12-15T20:06:43.110+0000] {dag.py:4180} INFO - Setting next_dagrun for example_nested_branch_dag to 2024-12-14 00:00:00+00:00, run_after=2024-12-15 00:00:00+00:00
[2024-12-15T20:06:43.136+0000] {processor.py:208} INFO - Processing /home/airflow/.local/lib/python3.12/site-packages/airflow/example_dags/example_nested_branch_dag.py took 0.173 seconds
[2024-12-15T20:07:13.522+0000] {processor.py:186} INFO - Started process (PID=738) to work on /home/airflow/.local/lib/python3.12/site-packages/airflow/example_dags/example_nested_branch_dag.py
[2024-12-15T20:07:13.524+0000] {processor.py:914} INFO - Processing file /home/airflow/.local/lib/python3.12/site-packages/airflow/example_dags/example_nested_branch_dag.py for tasks to queue
[2024-12-15T20:07:13.529+0000] {logging_mixin.py:190} INFO - [2024-12-15T20:07:13.529+0000] {dagbag.py:588} INFO - Filling up the DagBag from /home/airflow/.local/lib/python3.12/site-packages/airflow/example_dags/example_nested_branch_dag.py
[2024-12-15T20:07:13.552+0000] {processor.py:925} INFO - DAG(s) 'example_nested_branch_dag' retrieved from /home/airflow/.local/lib/python3.12/site-packages/airflow/example_dags/example_nested_branch_dag.py
[2024-12-15T20:07:13.584+0000] {logging_mixin.py:190} INFO - [2024-12-15T20:07:13.584+0000] {dag.py:3239} INFO - Sync 1 DAGs
[2024-12-15T20:07:13.622+0000] {logging_mixin.py:190} INFO - [2024-12-15T20:07:13.622+0000] {dag.py:4180} INFO - Setting next_dagrun for example_nested_branch_dag to 2024-12-14 00:00:00+00:00, run_after=2024-12-15 00:00:00+00:00
[2024-12-15T20:07:13.647+0000] {processor.py:208} INFO - Processing /home/airflow/.local/lib/python3.12/site-packages/airflow/example_dags/example_nested_branch_dag.py took 0.135 seconds
[2024-12-15T20:16:38.485+0000] {processor.py:186} INFO - Started process (PID=103) to work on /home/airflow/.local/lib/python3.12/site-packages/airflow/example_dags/example_nested_branch_dag.py
[2024-12-15T20:16:38.489+0000] {processor.py:914} INFO - Processing file /home/airflow/.local/lib/python3.12/site-packages/airflow/example_dags/example_nested_branch_dag.py for tasks to queue
[2024-12-15T20:16:38.509+0000] {logging_mixin.py:190} INFO - [2024-12-15T20:16:38.508+0000] {dagbag.py:588} INFO - Filling up the DagBag from /home/airflow/.local/lib/python3.12/site-packages/airflow/example_dags/example_nested_branch_dag.py
[2024-12-15T20:16:38.573+0000] {processor.py:925} INFO - DAG(s) 'example_nested_branch_dag' retrieved from /home/airflow/.local/lib/python3.12/site-packages/airflow/example_dags/example_nested_branch_dag.py
[2024-12-15T20:16:38.660+0000] {logging_mixin.py:190} INFO - [2024-12-15T20:16:38.659+0000] {dag.py:3239} INFO - Sync 1 DAGs
[2024-12-15T20:16:38.769+0000] {logging_mixin.py:190} INFO - [2024-12-15T20:16:38.769+0000] {dag.py:4180} INFO - Setting next_dagrun for example_nested_branch_dag to 2024-12-14 00:00:00+00:00, run_after=2024-12-15 00:00:00+00:00
[2024-12-15T20:16:38.878+0000] {processor.py:208} INFO - Processing /home/airflow/.local/lib/python3.12/site-packages/airflow/example_dags/example_nested_branch_dag.py took 0.416 seconds
[2024-12-15T20:17:09.231+0000] {processor.py:186} INFO - Started process (PID=166) to work on /home/airflow/.local/lib/python3.12/site-packages/airflow/example_dags/example_nested_branch_dag.py
[2024-12-15T20:17:09.235+0000] {processor.py:914} INFO - Processing file /home/airflow/.local/lib/python3.12/site-packages/airflow/example_dags/example_nested_branch_dag.py for tasks to queue
[2024-12-15T20:17:09.250+0000] {logging_mixin.py:190} INFO - [2024-12-15T20:17:09.249+0000] {dagbag.py:588} INFO - Filling up the DagBag from /home/airflow/.local/lib/python3.12/site-packages/airflow/example_dags/example_nested_branch_dag.py
[2024-12-15T20:17:09.306+0000] {processor.py:925} INFO - DAG(s) 'example_nested_branch_dag' retrieved from /home/airflow/.local/lib/python3.12/site-packages/airflow/example_dags/example_nested_branch_dag.py
[2024-12-15T20:17:09.345+0000] {logging_mixin.py:190} INFO - [2024-12-15T20:17:09.344+0000] {dag.py:3239} INFO - Sync 1 DAGs
[2024-12-15T20:17:09.386+0000] {logging_mixin.py:190} INFO - [2024-12-15T20:17:09.386+0000] {dag.py:4180} INFO - Setting next_dagrun for example_nested_branch_dag to 2024-12-14 00:00:00+00:00, run_after=2024-12-15 00:00:00+00:00
[2024-12-15T20:17:09.411+0000] {processor.py:208} INFO - Processing /home/airflow/.local/lib/python3.12/site-packages/airflow/example_dags/example_nested_branch_dag.py took 0.196 seconds
[2024-12-15T20:17:42.776+0000] {processor.py:186} INFO - Started process (PID=230) to work on /home/airflow/.local/lib/python3.12/site-packages/airflow/example_dags/example_nested_branch_dag.py
[2024-12-15T20:17:42.779+0000] {processor.py:914} INFO - Processing file /home/airflow/.local/lib/python3.12/site-packages/airflow/example_dags/example_nested_branch_dag.py for tasks to queue
[2024-12-15T20:17:42.790+0000] {logging_mixin.py:190} INFO - [2024-12-15T20:17:42.789+0000] {dagbag.py:588} INFO - Filling up the DagBag from /home/airflow/.local/lib/python3.12/site-packages/airflow/example_dags/example_nested_branch_dag.py
[2024-12-15T20:17:42.847+0000] {processor.py:925} INFO - DAG(s) 'example_nested_branch_dag' retrieved from /home/airflow/.local/lib/python3.12/site-packages/airflow/example_dags/example_nested_branch_dag.py
[2024-12-15T20:17:42.905+0000] {logging_mixin.py:190} INFO - [2024-12-15T20:17:42.905+0000] {dag.py:3239} INFO - Sync 1 DAGs
[2024-12-15T20:17:42.981+0000] {logging_mixin.py:190} INFO - [2024-12-15T20:17:42.981+0000] {dag.py:4180} INFO - Setting next_dagrun for example_nested_branch_dag to 2024-12-14 00:00:00+00:00, run_after=2024-12-15 00:00:00+00:00
[2024-12-15T20:17:43.034+0000] {processor.py:208} INFO - Processing /home/airflow/.local/lib/python3.12/site-packages/airflow/example_dags/example_nested_branch_dag.py took 0.276 seconds
[2024-12-15T20:18:15.355+0000] {processor.py:186} INFO - Started process (PID=296) to work on /home/airflow/.local/lib/python3.12/site-packages/airflow/example_dags/example_nested_branch_dag.py
[2024-12-15T20:18:15.362+0000] {processor.py:914} INFO - Processing file /home/airflow/.local/lib/python3.12/site-packages/airflow/example_dags/example_nested_branch_dag.py for tasks to queue
[2024-12-15T20:18:15.373+0000] {logging_mixin.py:190} INFO - [2024-12-15T20:18:15.370+0000] {dagbag.py:588} INFO - Filling up the DagBag from /home/airflow/.local/lib/python3.12/site-packages/airflow/example_dags/example_nested_branch_dag.py
[2024-12-15T20:18:15.425+0000] {processor.py:925} INFO - DAG(s) 'example_nested_branch_dag' retrieved from /home/airflow/.local/lib/python3.12/site-packages/airflow/example_dags/example_nested_branch_dag.py
[2024-12-15T20:18:15.515+0000] {logging_mixin.py:190} INFO - [2024-12-15T20:18:15.515+0000] {dag.py:3239} INFO - Sync 1 DAGs
[2024-12-15T20:18:15.575+0000] {logging_mixin.py:190} INFO - [2024-12-15T20:18:15.575+0000] {dag.py:4180} INFO - Setting next_dagrun for example_nested_branch_dag to 2024-12-14 00:00:00+00:00, run_after=2024-12-15 00:00:00+00:00
[2024-12-15T20:18:15.619+0000] {processor.py:208} INFO - Processing /home/airflow/.local/lib/python3.12/site-packages/airflow/example_dags/example_nested_branch_dag.py took 0.294 seconds
[2024-12-15T20:19:01.052+0000] {processor.py:186} INFO - Started process (PID=373) to work on /home/airflow/.local/lib/python3.12/site-packages/airflow/example_dags/example_nested_branch_dag.py
[2024-12-15T20:19:01.070+0000] {processor.py:914} INFO - Processing file /home/airflow/.local/lib/python3.12/site-packages/airflow/example_dags/example_nested_branch_dag.py for tasks to queue
[2024-12-15T20:19:01.075+0000] {logging_mixin.py:190} INFO - [2024-12-15T20:19:01.075+0000] {dagbag.py:588} INFO - Filling up the DagBag from /home/airflow/.local/lib/python3.12/site-packages/airflow/example_dags/example_nested_branch_dag.py
[2024-12-15T20:19:01.093+0000] {processor.py:925} INFO - DAG(s) 'example_nested_branch_dag' retrieved from /home/airflow/.local/lib/python3.12/site-packages/airflow/example_dags/example_nested_branch_dag.py
[2024-12-15T20:19:01.125+0000] {logging_mixin.py:190} INFO - [2024-12-15T20:19:01.125+0000] {dag.py:3239} INFO - Sync 1 DAGs
[2024-12-15T20:19:01.161+0000] {logging_mixin.py:190} INFO - [2024-12-15T20:19:01.160+0000] {dag.py:4180} INFO - Setting next_dagrun for example_nested_branch_dag to 2024-12-14 00:00:00+00:00, run_after=2024-12-15 00:00:00+00:00
[2024-12-15T20:19:01.204+0000] {processor.py:208} INFO - Processing /home/airflow/.local/lib/python3.12/site-packages/airflow/example_dags/example_nested_branch_dag.py took 0.162 seconds
[2024-12-15T20:21:09.271+0000] {processor.py:186} INFO - Started process (PID=475) to work on /home/airflow/.local/lib/python3.12/site-packages/airflow/example_dags/example_nested_branch_dag.py
[2024-12-15T20:21:09.277+0000] {processor.py:914} INFO - Processing file /home/airflow/.local/lib/python3.12/site-packages/airflow/example_dags/example_nested_branch_dag.py for tasks to queue
[2024-12-15T20:21:09.287+0000] {logging_mixin.py:190} INFO - [2024-12-15T20:21:09.285+0000] {dagbag.py:588} INFO - Filling up the DagBag from /home/airflow/.local/lib/python3.12/site-packages/airflow/example_dags/example_nested_branch_dag.py
[2024-12-15T20:21:09.342+0000] {processor.py:925} INFO - DAG(s) 'example_nested_branch_dag' retrieved from /home/airflow/.local/lib/python3.12/site-packages/airflow/example_dags/example_nested_branch_dag.py
[2024-12-15T20:21:09.474+0000] {logging_mixin.py:190} INFO - [2024-12-15T20:21:09.474+0000] {dag.py:3239} INFO - Sync 1 DAGs
[2024-12-15T20:21:09.557+0000] {logging_mixin.py:190} INFO - [2024-12-15T20:21:09.556+0000] {dag.py:4180} INFO - Setting next_dagrun for example_nested_branch_dag to 2024-12-14 00:00:00+00:00, run_after=2024-12-15 00:00:00+00:00
[2024-12-15T20:21:09.651+0000] {processor.py:208} INFO - Processing /home/airflow/.local/lib/python3.12/site-packages/airflow/example_dags/example_nested_branch_dag.py took 0.407 seconds
[2024-12-15T20:21:39.834+0000] {processor.py:186} INFO - Started process (PID=538) to work on /home/airflow/.local/lib/python3.12/site-packages/airflow/example_dags/example_nested_branch_dag.py
[2024-12-15T20:21:39.837+0000] {processor.py:914} INFO - Processing file /home/airflow/.local/lib/python3.12/site-packages/airflow/example_dags/example_nested_branch_dag.py for tasks to queue
[2024-12-15T20:21:39.841+0000] {logging_mixin.py:190} INFO - [2024-12-15T20:21:39.839+0000] {dagbag.py:588} INFO - Filling up the DagBag from /home/airflow/.local/lib/python3.12/site-packages/airflow/example_dags/example_nested_branch_dag.py
[2024-12-15T20:21:39.866+0000] {processor.py:925} INFO - DAG(s) 'example_nested_branch_dag' retrieved from /home/airflow/.local/lib/python3.12/site-packages/airflow/example_dags/example_nested_branch_dag.py
[2024-12-15T20:21:39.903+0000] {logging_mixin.py:190} INFO - [2024-12-15T20:21:39.903+0000] {dag.py:3239} INFO - Sync 1 DAGs
[2024-12-15T20:21:39.962+0000] {logging_mixin.py:190} INFO - [2024-12-15T20:21:39.961+0000] {dag.py:4180} INFO - Setting next_dagrun for example_nested_branch_dag to 2024-12-14 00:00:00+00:00, run_after=2024-12-15 00:00:00+00:00
[2024-12-15T20:21:39.998+0000] {processor.py:208} INFO - Processing /home/airflow/.local/lib/python3.12/site-packages/airflow/example_dags/example_nested_branch_dag.py took 0.175 seconds
[2024-12-15T20:22:11.066+0000] {processor.py:186} INFO - Started process (PID=611) to work on /home/airflow/.local/lib/python3.12/site-packages/airflow/example_dags/example_nested_branch_dag.py
[2024-12-15T20:22:11.068+0000] {processor.py:914} INFO - Processing file /home/airflow/.local/lib/python3.12/site-packages/airflow/example_dags/example_nested_branch_dag.py for tasks to queue
[2024-12-15T20:22:11.070+0000] {logging_mixin.py:190} INFO - [2024-12-15T20:22:11.070+0000] {dagbag.py:588} INFO - Filling up the DagBag from /home/airflow/.local/lib/python3.12/site-packages/airflow/example_dags/example_nested_branch_dag.py
[2024-12-15T20:22:11.114+0000] {processor.py:925} INFO - DAG(s) 'example_nested_branch_dag' retrieved from /home/airflow/.local/lib/python3.12/site-packages/airflow/example_dags/example_nested_branch_dag.py
[2024-12-15T20:22:11.159+0000] {logging_mixin.py:190} INFO - [2024-12-15T20:22:11.159+0000] {dag.py:3239} INFO - Sync 1 DAGs
[2024-12-15T20:22:11.224+0000] {logging_mixin.py:190} INFO - [2024-12-15T20:22:11.224+0000] {dag.py:4180} INFO - Setting next_dagrun for example_nested_branch_dag to 2024-12-14 00:00:00+00:00, run_after=2024-12-15 00:00:00+00:00
[2024-12-15T20:22:11.272+0000] {processor.py:208} INFO - Processing /home/airflow/.local/lib/python3.12/site-packages/airflow/example_dags/example_nested_branch_dag.py took 0.221 seconds
[2024-12-15T20:22:42.351+0000] {processor.py:186} INFO - Started process (PID=677) to work on /home/airflow/.local/lib/python3.12/site-packages/airflow/example_dags/example_nested_branch_dag.py
[2024-12-15T20:22:42.355+0000] {processor.py:914} INFO - Processing file /home/airflow/.local/lib/python3.12/site-packages/airflow/example_dags/example_nested_branch_dag.py for tasks to queue
[2024-12-15T20:22:42.358+0000] {logging_mixin.py:190} INFO - [2024-12-15T20:22:42.358+0000] {dagbag.py:588} INFO - Filling up the DagBag from /home/airflow/.local/lib/python3.12/site-packages/airflow/example_dags/example_nested_branch_dag.py
[2024-12-15T20:22:42.392+0000] {processor.py:925} INFO - DAG(s) 'example_nested_branch_dag' retrieved from /home/airflow/.local/lib/python3.12/site-packages/airflow/example_dags/example_nested_branch_dag.py
[2024-12-15T20:22:42.426+0000] {logging_mixin.py:190} INFO - [2024-12-15T20:22:42.426+0000] {dag.py:3239} INFO - Sync 1 DAGs
[2024-12-15T20:22:42.477+0000] {logging_mixin.py:190} INFO - [2024-12-15T20:22:42.476+0000] {dag.py:4180} INFO - Setting next_dagrun for example_nested_branch_dag to 2024-12-14 00:00:00+00:00, run_after=2024-12-15 00:00:00+00:00
[2024-12-15T20:22:42.507+0000] {processor.py:208} INFO - Processing /home/airflow/.local/lib/python3.12/site-packages/airflow/example_dags/example_nested_branch_dag.py took 0.172 seconds
[2024-12-15T20:23:17.567+0000] {processor.py:186} INFO - Started process (PID=746) to work on /home/airflow/.local/lib/python3.12/site-packages/airflow/example_dags/example_nested_branch_dag.py
[2024-12-15T20:23:17.576+0000] {processor.py:914} INFO - Processing file /home/airflow/.local/lib/python3.12/site-packages/airflow/example_dags/example_nested_branch_dag.py for tasks to queue
[2024-12-15T20:23:17.588+0000] {logging_mixin.py:190} INFO - [2024-12-15T20:23:17.583+0000] {dagbag.py:588} INFO - Filling up the DagBag from /home/airflow/.local/lib/python3.12/site-packages/airflow/example_dags/example_nested_branch_dag.py
[2024-12-15T20:23:17.647+0000] {processor.py:925} INFO - DAG(s) 'example_nested_branch_dag' retrieved from /home/airflow/.local/lib/python3.12/site-packages/airflow/example_dags/example_nested_branch_dag.py
[2024-12-15T20:23:17.778+0000] {logging_mixin.py:190} INFO - [2024-12-15T20:23:17.770+0000] {dag.py:3239} INFO - Sync 1 DAGs
[2024-12-15T20:23:17.931+0000] {logging_mixin.py:190} INFO - [2024-12-15T20:23:17.930+0000] {dag.py:4180} INFO - Setting next_dagrun for example_nested_branch_dag to 2024-12-14 00:00:00+00:00, run_after=2024-12-15 00:00:00+00:00
[2024-12-15T20:23:18.033+0000] {processor.py:208} INFO - Processing /home/airflow/.local/lib/python3.12/site-packages/airflow/example_dags/example_nested_branch_dag.py took 0.510 seconds
[2024-12-15T20:23:48.521+0000] {processor.py:186} INFO - Started process (PID=810) to work on /home/airflow/.local/lib/python3.12/site-packages/airflow/example_dags/example_nested_branch_dag.py
[2024-12-15T20:23:48.525+0000] {processor.py:914} INFO - Processing file /home/airflow/.local/lib/python3.12/site-packages/airflow/example_dags/example_nested_branch_dag.py for tasks to queue
[2024-12-15T20:23:48.529+0000] {logging_mixin.py:190} INFO - [2024-12-15T20:23:48.529+0000] {dagbag.py:588} INFO - Filling up the DagBag from /home/airflow/.local/lib/python3.12/site-packages/airflow/example_dags/example_nested_branch_dag.py
[2024-12-15T20:23:48.574+0000] {processor.py:925} INFO - DAG(s) 'example_nested_branch_dag' retrieved from /home/airflow/.local/lib/python3.12/site-packages/airflow/example_dags/example_nested_branch_dag.py
[2024-12-15T20:23:48.681+0000] {logging_mixin.py:190} INFO - [2024-12-15T20:23:48.679+0000] {dag.py:3239} INFO - Sync 1 DAGs
[2024-12-15T20:23:48.729+0000] {logging_mixin.py:190} INFO - [2024-12-15T20:23:48.729+0000] {dag.py:4180} INFO - Setting next_dagrun for example_nested_branch_dag to 2024-12-14 00:00:00+00:00, run_after=2024-12-15 00:00:00+00:00
[2024-12-15T20:23:48.772+0000] {processor.py:208} INFO - Processing /home/airflow/.local/lib/python3.12/site-packages/airflow/example_dags/example_nested_branch_dag.py took 0.264 seconds
[2024-12-15T20:29:22.684+0000] {processor.py:186} INFO - Started process (PID=908) to work on /home/airflow/.local/lib/python3.12/site-packages/airflow/example_dags/example_nested_branch_dag.py
[2024-12-15T20:29:22.686+0000] {processor.py:914} INFO - Processing file /home/airflow/.local/lib/python3.12/site-packages/airflow/example_dags/example_nested_branch_dag.py for tasks to queue
[2024-12-15T20:29:22.702+0000] {logging_mixin.py:190} INFO - [2024-12-15T20:29:22.699+0000] {dagbag.py:588} INFO - Filling up the DagBag from /home/airflow/.local/lib/python3.12/site-packages/airflow/example_dags/example_nested_branch_dag.py
[2024-12-15T20:29:22.755+0000] {processor.py:925} INFO - DAG(s) 'example_nested_branch_dag' retrieved from /home/airflow/.local/lib/python3.12/site-packages/airflow/example_dags/example_nested_branch_dag.py
[2024-12-15T20:29:22.845+0000] {logging_mixin.py:190} INFO - [2024-12-15T20:29:22.844+0000] {dag.py:3239} INFO - Sync 1 DAGs
[2024-12-15T20:29:22.952+0000] {logging_mixin.py:190} INFO - [2024-12-15T20:29:22.951+0000] {dag.py:4180} INFO - Setting next_dagrun for example_nested_branch_dag to 2024-12-14 00:00:00+00:00, run_after=2024-12-15 00:00:00+00:00
[2024-12-15T20:29:23.028+0000] {processor.py:208} INFO - Processing /home/airflow/.local/lib/python3.12/site-packages/airflow/example_dags/example_nested_branch_dag.py took 0.373 seconds
[2024-12-15T20:30:37.989+0000] {processor.py:186} INFO - Started process (PID=986) to work on /home/airflow/.local/lib/python3.12/site-packages/airflow/example_dags/example_nested_branch_dag.py
[2024-12-15T20:30:37.992+0000] {processor.py:914} INFO - Processing file /home/airflow/.local/lib/python3.12/site-packages/airflow/example_dags/example_nested_branch_dag.py for tasks to queue
[2024-12-15T20:30:38.010+0000] {logging_mixin.py:190} INFO - [2024-12-15T20:30:38.010+0000] {dagbag.py:588} INFO - Filling up the DagBag from /home/airflow/.local/lib/python3.12/site-packages/airflow/example_dags/example_nested_branch_dag.py
[2024-12-15T20:30:38.035+0000] {processor.py:925} INFO - DAG(s) 'example_nested_branch_dag' retrieved from /home/airflow/.local/lib/python3.12/site-packages/airflow/example_dags/example_nested_branch_dag.py
[2024-12-15T20:30:38.065+0000] {logging_mixin.py:190} INFO - [2024-12-15T20:30:38.065+0000] {dag.py:3239} INFO - Sync 1 DAGs
[2024-12-15T20:30:38.099+0000] {logging_mixin.py:190} INFO - [2024-12-15T20:30:38.099+0000] {dag.py:4180} INFO - Setting next_dagrun for example_nested_branch_dag to 2024-12-14 00:00:00+00:00, run_after=2024-12-15 00:00:00+00:00
[2024-12-15T20:30:38.126+0000] {processor.py:208} INFO - Processing /home/airflow/.local/lib/python3.12/site-packages/airflow/example_dags/example_nested_branch_dag.py took 0.145 seconds
[2024-12-15T20:31:09.673+0000] {processor.py:186} INFO - Started process (PID=1053) to work on /home/airflow/.local/lib/python3.12/site-packages/airflow/example_dags/example_nested_branch_dag.py
[2024-12-15T20:31:09.675+0000] {processor.py:914} INFO - Processing file /home/airflow/.local/lib/python3.12/site-packages/airflow/example_dags/example_nested_branch_dag.py for tasks to queue
[2024-12-15T20:31:09.679+0000] {logging_mixin.py:190} INFO - [2024-12-15T20:31:09.678+0000] {dagbag.py:588} INFO - Filling up the DagBag from /home/airflow/.local/lib/python3.12/site-packages/airflow/example_dags/example_nested_branch_dag.py
[2024-12-15T20:31:09.714+0000] {processor.py:925} INFO - DAG(s) 'example_nested_branch_dag' retrieved from /home/airflow/.local/lib/python3.12/site-packages/airflow/example_dags/example_nested_branch_dag.py
[2024-12-15T20:31:09.799+0000] {logging_mixin.py:190} INFO - [2024-12-15T20:31:09.798+0000] {dag.py:3239} INFO - Sync 1 DAGs
[2024-12-15T20:31:09.855+0000] {logging_mixin.py:190} INFO - [2024-12-15T20:31:09.854+0000] {dag.py:4180} INFO - Setting next_dagrun for example_nested_branch_dag to 2024-12-14 00:00:00+00:00, run_after=2024-12-15 00:00:00+00:00
[2024-12-15T20:31:09.901+0000] {processor.py:208} INFO - Processing /home/airflow/.local/lib/python3.12/site-packages/airflow/example_dags/example_nested_branch_dag.py took 0.250 seconds
[2024-12-15T20:33:15.151+0000] {processor.py:186} INFO - Started process (PID=1172) to work on /home/airflow/.local/lib/python3.12/site-packages/airflow/example_dags/example_nested_branch_dag.py
[2024-12-15T20:33:15.155+0000] {processor.py:914} INFO - Processing file /home/airflow/.local/lib/python3.12/site-packages/airflow/example_dags/example_nested_branch_dag.py for tasks to queue
[2024-12-15T20:33:15.160+0000] {logging_mixin.py:190} INFO - [2024-12-15T20:33:15.159+0000] {dagbag.py:588} INFO - Filling up the DagBag from /home/airflow/.local/lib/python3.12/site-packages/airflow/example_dags/example_nested_branch_dag.py
[2024-12-15T20:33:15.191+0000] {processor.py:925} INFO - DAG(s) 'example_nested_branch_dag' retrieved from /home/airflow/.local/lib/python3.12/site-packages/airflow/example_dags/example_nested_branch_dag.py
[2024-12-15T20:33:15.252+0000] {logging_mixin.py:190} INFO - [2024-12-15T20:33:15.251+0000] {dag.py:3239} INFO - Sync 1 DAGs
[2024-12-15T20:33:15.393+0000] {logging_mixin.py:190} INFO - [2024-12-15T20:33:15.388+0000] {dag.py:4180} INFO - Setting next_dagrun for example_nested_branch_dag to 2024-12-14 00:00:00+00:00, run_after=2024-12-15 00:00:00+00:00
[2024-12-15T20:33:15.482+0000] {processor.py:208} INFO - Processing /home/airflow/.local/lib/python3.12/site-packages/airflow/example_dags/example_nested_branch_dag.py took 0.346 seconds
[2024-12-15T20:33:46.437+0000] {processor.py:186} INFO - Started process (PID=1236) to work on /home/airflow/.local/lib/python3.12/site-packages/airflow/example_dags/example_nested_branch_dag.py
[2024-12-15T20:33:46.440+0000] {processor.py:914} INFO - Processing file /home/airflow/.local/lib/python3.12/site-packages/airflow/example_dags/example_nested_branch_dag.py for tasks to queue
[2024-12-15T20:33:46.445+0000] {logging_mixin.py:190} INFO - [2024-12-15T20:33:46.444+0000] {dagbag.py:588} INFO - Filling up the DagBag from /home/airflow/.local/lib/python3.12/site-packages/airflow/example_dags/example_nested_branch_dag.py
[2024-12-15T20:33:46.472+0000] {processor.py:925} INFO - DAG(s) 'example_nested_branch_dag' retrieved from /home/airflow/.local/lib/python3.12/site-packages/airflow/example_dags/example_nested_branch_dag.py
[2024-12-15T20:33:46.513+0000] {logging_mixin.py:190} INFO - [2024-12-15T20:33:46.513+0000] {dag.py:3239} INFO - Sync 1 DAGs
[2024-12-15T20:33:46.551+0000] {logging_mixin.py:190} INFO - [2024-12-15T20:33:46.550+0000] {dag.py:4180} INFO - Setting next_dagrun for example_nested_branch_dag to 2024-12-14 00:00:00+00:00, run_after=2024-12-15 00:00:00+00:00
[2024-12-15T20:33:46.591+0000] {processor.py:208} INFO - Processing /home/airflow/.local/lib/python3.12/site-packages/airflow/example_dags/example_nested_branch_dag.py took 0.167 seconds
[2024-12-15T20:34:20.130+0000] {processor.py:186} INFO - Started process (PID=1302) to work on /home/airflow/.local/lib/python3.12/site-packages/airflow/example_dags/example_nested_branch_dag.py
[2024-12-15T20:34:20.150+0000] {processor.py:914} INFO - Processing file /home/airflow/.local/lib/python3.12/site-packages/airflow/example_dags/example_nested_branch_dag.py for tasks to queue
[2024-12-15T20:34:20.167+0000] {logging_mixin.py:190} INFO - [2024-12-15T20:34:20.166+0000] {dagbag.py:588} INFO - Filling up the DagBag from /home/airflow/.local/lib/python3.12/site-packages/airflow/example_dags/example_nested_branch_dag.py
[2024-12-15T20:34:20.295+0000] {processor.py:925} INFO - DAG(s) 'example_nested_branch_dag' retrieved from /home/airflow/.local/lib/python3.12/site-packages/airflow/example_dags/example_nested_branch_dag.py
[2024-12-15T20:34:20.380+0000] {logging_mixin.py:190} INFO - [2024-12-15T20:34:20.380+0000] {dag.py:3239} INFO - Sync 1 DAGs
[2024-12-15T20:34:20.527+0000] {logging_mixin.py:190} INFO - [2024-12-15T20:34:20.526+0000] {dag.py:4180} INFO - Setting next_dagrun for example_nested_branch_dag to 2024-12-14 00:00:00+00:00, run_after=2024-12-15 00:00:00+00:00
[2024-12-15T20:34:20.598+0000] {processor.py:208} INFO - Processing /home/airflow/.local/lib/python3.12/site-packages/airflow/example_dags/example_nested_branch_dag.py took 0.552 seconds
[2024-12-15T20:34:51.081+0000] {processor.py:186} INFO - Started process (PID=1366) to work on /home/airflow/.local/lib/python3.12/site-packages/airflow/example_dags/example_nested_branch_dag.py
[2024-12-15T20:34:51.088+0000] {processor.py:914} INFO - Processing file /home/airflow/.local/lib/python3.12/site-packages/airflow/example_dags/example_nested_branch_dag.py for tasks to queue
[2024-12-15T20:34:51.091+0000] {logging_mixin.py:190} INFO - [2024-12-15T20:34:51.090+0000] {dagbag.py:588} INFO - Filling up the DagBag from /home/airflow/.local/lib/python3.12/site-packages/airflow/example_dags/example_nested_branch_dag.py
[2024-12-15T20:34:51.162+0000] {processor.py:925} INFO - DAG(s) 'example_nested_branch_dag' retrieved from /home/airflow/.local/lib/python3.12/site-packages/airflow/example_dags/example_nested_branch_dag.py
[2024-12-15T20:34:51.228+0000] {logging_mixin.py:190} INFO - [2024-12-15T20:34:51.227+0000] {dag.py:3239} INFO - Sync 1 DAGs
[2024-12-15T20:34:51.317+0000] {logging_mixin.py:190} INFO - [2024-12-15T20:34:51.317+0000] {dag.py:4180} INFO - Setting next_dagrun for example_nested_branch_dag to 2024-12-14 00:00:00+00:00, run_after=2024-12-15 00:00:00+00:00
[2024-12-15T20:34:51.415+0000] {processor.py:208} INFO - Processing /home/airflow/.local/lib/python3.12/site-packages/airflow/example_dags/example_nested_branch_dag.py took 0.356 seconds
[2024-12-15T20:35:21.649+0000] {processor.py:186} INFO - Started process (PID=1431) to work on /home/airflow/.local/lib/python3.12/site-packages/airflow/example_dags/example_nested_branch_dag.py
[2024-12-15T20:35:21.651+0000] {processor.py:914} INFO - Processing file /home/airflow/.local/lib/python3.12/site-packages/airflow/example_dags/example_nested_branch_dag.py for tasks to queue
[2024-12-15T20:35:21.653+0000] {logging_mixin.py:190} INFO - [2024-12-15T20:35:21.653+0000] {dagbag.py:588} INFO - Filling up the DagBag from /home/airflow/.local/lib/python3.12/site-packages/airflow/example_dags/example_nested_branch_dag.py
[2024-12-15T20:35:21.673+0000] {processor.py:925} INFO - DAG(s) 'example_nested_branch_dag' retrieved from /home/airflow/.local/lib/python3.12/site-packages/airflow/example_dags/example_nested_branch_dag.py
[2024-12-15T20:35:21.713+0000] {logging_mixin.py:190} INFO - [2024-12-15T20:35:21.712+0000] {dag.py:3239} INFO - Sync 1 DAGs
[2024-12-15T20:35:21.776+0000] {logging_mixin.py:190} INFO - [2024-12-15T20:35:21.776+0000] {dag.py:4180} INFO - Setting next_dagrun for example_nested_branch_dag to 2024-12-14 00:00:00+00:00, run_after=2024-12-15 00:00:00+00:00
[2024-12-15T20:35:21.838+0000] {processor.py:208} INFO - Processing /home/airflow/.local/lib/python3.12/site-packages/airflow/example_dags/example_nested_branch_dag.py took 0.198 seconds
[2024-12-15T20:35:58.975+0000] {processor.py:186} INFO - Started process (PID=1495) to work on /home/airflow/.local/lib/python3.12/site-packages/airflow/example_dags/example_nested_branch_dag.py
[2024-12-15T20:35:58.978+0000] {processor.py:914} INFO - Processing file /home/airflow/.local/lib/python3.12/site-packages/airflow/example_dags/example_nested_branch_dag.py for tasks to queue
[2024-12-15T20:35:58.982+0000] {logging_mixin.py:190} INFO - [2024-12-15T20:35:58.982+0000] {dagbag.py:588} INFO - Filling up the DagBag from /home/airflow/.local/lib/python3.12/site-packages/airflow/example_dags/example_nested_branch_dag.py
[2024-12-15T20:35:59.016+0000] {processor.py:925} INFO - DAG(s) 'example_nested_branch_dag' retrieved from /home/airflow/.local/lib/python3.12/site-packages/airflow/example_dags/example_nested_branch_dag.py
[2024-12-15T20:35:59.074+0000] {logging_mixin.py:190} INFO - [2024-12-15T20:35:59.074+0000] {dag.py:3239} INFO - Sync 1 DAGs
[2024-12-15T20:35:59.125+0000] {logging_mixin.py:190} INFO - [2024-12-15T20:35:59.124+0000] {dag.py:4180} INFO - Setting next_dagrun for example_nested_branch_dag to 2024-12-14 00:00:00+00:00, run_after=2024-12-15 00:00:00+00:00
[2024-12-15T20:35:59.160+0000] {processor.py:208} INFO - Processing /home/airflow/.local/lib/python3.12/site-packages/airflow/example_dags/example_nested_branch_dag.py took 0.202 seconds
[2024-12-15T20:36:30.637+0000] {processor.py:186} INFO - Started process (PID=1566) to work on /home/airflow/.local/lib/python3.12/site-packages/airflow/example_dags/example_nested_branch_dag.py
[2024-12-15T20:36:30.640+0000] {processor.py:914} INFO - Processing file /home/airflow/.local/lib/python3.12/site-packages/airflow/example_dags/example_nested_branch_dag.py for tasks to queue
[2024-12-15T20:36:30.642+0000] {logging_mixin.py:190} INFO - [2024-12-15T20:36:30.642+0000] {dagbag.py:588} INFO - Filling up the DagBag from /home/airflow/.local/lib/python3.12/site-packages/airflow/example_dags/example_nested_branch_dag.py
[2024-12-15T20:36:30.669+0000] {processor.py:925} INFO - DAG(s) 'example_nested_branch_dag' retrieved from /home/airflow/.local/lib/python3.12/site-packages/airflow/example_dags/example_nested_branch_dag.py
[2024-12-15T20:36:30.718+0000] {logging_mixin.py:190} INFO - [2024-12-15T20:36:30.717+0000] {dag.py:3239} INFO - Sync 1 DAGs
[2024-12-15T20:36:30.747+0000] {logging_mixin.py:190} INFO - [2024-12-15T20:36:30.747+0000] {dag.py:4180} INFO - Setting next_dagrun for example_nested_branch_dag to 2024-12-14 00:00:00+00:00, run_after=2024-12-15 00:00:00+00:00
[2024-12-15T20:36:30.775+0000] {processor.py:208} INFO - Processing /home/airflow/.local/lib/python3.12/site-packages/airflow/example_dags/example_nested_branch_dag.py took 0.148 seconds
[2024-12-15T20:37:03.976+0000] {processor.py:186} INFO - Started process (PID=1634) to work on /home/airflow/.local/lib/python3.12/site-packages/airflow/example_dags/example_nested_branch_dag.py
[2024-12-15T20:37:03.979+0000] {processor.py:914} INFO - Processing file /home/airflow/.local/lib/python3.12/site-packages/airflow/example_dags/example_nested_branch_dag.py for tasks to queue
[2024-12-15T20:37:03.983+0000] {logging_mixin.py:190} INFO - [2024-12-15T20:37:03.982+0000] {dagbag.py:588} INFO - Filling up the DagBag from /home/airflow/.local/lib/python3.12/site-packages/airflow/example_dags/example_nested_branch_dag.py
[2024-12-15T20:37:04.012+0000] {processor.py:925} INFO - DAG(s) 'example_nested_branch_dag' retrieved from /home/airflow/.local/lib/python3.12/site-packages/airflow/example_dags/example_nested_branch_dag.py
[2024-12-15T20:37:04.048+0000] {logging_mixin.py:190} INFO - [2024-12-15T20:37:04.048+0000] {dag.py:3239} INFO - Sync 1 DAGs
[2024-12-15T20:37:04.082+0000] {logging_mixin.py:190} INFO - [2024-12-15T20:37:04.081+0000] {dag.py:4180} INFO - Setting next_dagrun for example_nested_branch_dag to 2024-12-14 00:00:00+00:00, run_after=2024-12-15 00:00:00+00:00
[2024-12-15T20:37:04.108+0000] {processor.py:208} INFO - Processing /home/airflow/.local/lib/python3.12/site-packages/airflow/example_dags/example_nested_branch_dag.py took 0.145 seconds
[2024-12-15T20:37:39.010+0000] {processor.py:186} INFO - Started process (PID=1699) to work on /home/airflow/.local/lib/python3.12/site-packages/airflow/example_dags/example_nested_branch_dag.py
[2024-12-15T20:37:39.021+0000] {processor.py:914} INFO - Processing file /home/airflow/.local/lib/python3.12/site-packages/airflow/example_dags/example_nested_branch_dag.py for tasks to queue
[2024-12-15T20:37:39.024+0000] {logging_mixin.py:190} INFO - [2024-12-15T20:37:39.024+0000] {dagbag.py:588} INFO - Filling up the DagBag from /home/airflow/.local/lib/python3.12/site-packages/airflow/example_dags/example_nested_branch_dag.py
[2024-12-15T20:37:39.095+0000] {processor.py:925} INFO - DAG(s) 'example_nested_branch_dag' retrieved from /home/airflow/.local/lib/python3.12/site-packages/airflow/example_dags/example_nested_branch_dag.py
[2024-12-15T20:37:39.201+0000] {logging_mixin.py:190} INFO - [2024-12-15T20:37:39.200+0000] {dag.py:3239} INFO - Sync 1 DAGs
[2024-12-15T20:37:39.276+0000] {logging_mixin.py:190} INFO - [2024-12-15T20:37:39.276+0000] {dag.py:4180} INFO - Setting next_dagrun for example_nested_branch_dag to 2024-12-14 00:00:00+00:00, run_after=2024-12-15 00:00:00+00:00
[2024-12-15T20:37:39.316+0000] {processor.py:208} INFO - Processing /home/airflow/.local/lib/python3.12/site-packages/airflow/example_dags/example_nested_branch_dag.py took 0.343 seconds
[2024-12-15T20:38:21.888+0000] {processor.py:186} INFO - Started process (PID=1768) to work on /home/airflow/.local/lib/python3.12/site-packages/airflow/example_dags/example_nested_branch_dag.py
[2024-12-15T20:38:21.890+0000] {processor.py:914} INFO - Processing file /home/airflow/.local/lib/python3.12/site-packages/airflow/example_dags/example_nested_branch_dag.py for tasks to queue
[2024-12-15T20:38:21.894+0000] {logging_mixin.py:190} INFO - [2024-12-15T20:38:21.893+0000] {dagbag.py:588} INFO - Filling up the DagBag from /home/airflow/.local/lib/python3.12/site-packages/airflow/example_dags/example_nested_branch_dag.py
[2024-12-15T20:38:21.920+0000] {processor.py:925} INFO - DAG(s) 'example_nested_branch_dag' retrieved from /home/airflow/.local/lib/python3.12/site-packages/airflow/example_dags/example_nested_branch_dag.py
[2024-12-15T20:38:21.966+0000] {logging_mixin.py:190} INFO - [2024-12-15T20:38:21.966+0000] {dag.py:3239} INFO - Sync 1 DAGs
[2024-12-15T20:38:22.018+0000] {logging_mixin.py:190} INFO - [2024-12-15T20:38:22.018+0000] {dag.py:4180} INFO - Setting next_dagrun for example_nested_branch_dag to 2024-12-14 00:00:00+00:00, run_after=2024-12-15 00:00:00+00:00
[2024-12-15T20:38:22.082+0000] {processor.py:208} INFO - Processing /home/airflow/.local/lib/python3.12/site-packages/airflow/example_dags/example_nested_branch_dag.py took 0.203 seconds
[2024-12-15T20:41:15.435+0000] {processor.py:186} INFO - Started process (PID=1855) to work on /home/airflow/.local/lib/python3.12/site-packages/airflow/example_dags/example_nested_branch_dag.py
[2024-12-15T20:41:15.440+0000] {processor.py:914} INFO - Processing file /home/airflow/.local/lib/python3.12/site-packages/airflow/example_dags/example_nested_branch_dag.py for tasks to queue
[2024-12-15T20:41:15.452+0000] {logging_mixin.py:190} INFO - [2024-12-15T20:41:15.449+0000] {dagbag.py:588} INFO - Filling up the DagBag from /home/airflow/.local/lib/python3.12/site-packages/airflow/example_dags/example_nested_branch_dag.py
[2024-12-15T20:41:15.570+0000] {processor.py:925} INFO - DAG(s) 'example_nested_branch_dag' retrieved from /home/airflow/.local/lib/python3.12/site-packages/airflow/example_dags/example_nested_branch_dag.py
[2024-12-15T20:41:15.791+0000] {logging_mixin.py:190} INFO - [2024-12-15T20:41:15.790+0000] {dag.py:3239} INFO - Sync 1 DAGs
[2024-12-15T20:41:15.921+0000] {logging_mixin.py:190} INFO - [2024-12-15T20:41:15.921+0000] {dag.py:4180} INFO - Setting next_dagrun for example_nested_branch_dag to 2024-12-14 00:00:00+00:00, run_after=2024-12-15 00:00:00+00:00
[2024-12-15T20:41:16.062+0000] {processor.py:208} INFO - Processing /home/airflow/.local/lib/python3.12/site-packages/airflow/example_dags/example_nested_branch_dag.py took 0.689 seconds
[2024-12-15T20:41:46.462+0000] {processor.py:186} INFO - Started process (PID=1921) to work on /home/airflow/.local/lib/python3.12/site-packages/airflow/example_dags/example_nested_branch_dag.py
[2024-12-15T20:41:46.467+0000] {processor.py:914} INFO - Processing file /home/airflow/.local/lib/python3.12/site-packages/airflow/example_dags/example_nested_branch_dag.py for tasks to queue
[2024-12-15T20:41:46.473+0000] {logging_mixin.py:190} INFO - [2024-12-15T20:41:46.472+0000] {dagbag.py:588} INFO - Filling up the DagBag from /home/airflow/.local/lib/python3.12/site-packages/airflow/example_dags/example_nested_branch_dag.py
[2024-12-15T20:41:46.504+0000] {processor.py:925} INFO - DAG(s) 'example_nested_branch_dag' retrieved from /home/airflow/.local/lib/python3.12/site-packages/airflow/example_dags/example_nested_branch_dag.py
[2024-12-15T20:41:46.585+0000] {logging_mixin.py:190} INFO - [2024-12-15T20:41:46.585+0000] {dag.py:3239} INFO - Sync 1 DAGs
[2024-12-15T20:41:46.636+0000] {logging_mixin.py:190} INFO - [2024-12-15T20:41:46.636+0000] {dag.py:4180} INFO - Setting next_dagrun for example_nested_branch_dag to 2024-12-14 00:00:00+00:00, run_after=2024-12-15 00:00:00+00:00
[2024-12-15T20:41:46.677+0000] {processor.py:208} INFO - Processing /home/airflow/.local/lib/python3.12/site-packages/airflow/example_dags/example_nested_branch_dag.py took 0.233 seconds
[2024-12-15T20:42:16.805+0000] {processor.py:186} INFO - Started process (PID=1985) to work on /home/airflow/.local/lib/python3.12/site-packages/airflow/example_dags/example_nested_branch_dag.py
[2024-12-15T20:42:16.811+0000] {processor.py:914} INFO - Processing file /home/airflow/.local/lib/python3.12/site-packages/airflow/example_dags/example_nested_branch_dag.py for tasks to queue
[2024-12-15T20:42:16.819+0000] {logging_mixin.py:190} INFO - [2024-12-15T20:42:16.816+0000] {dagbag.py:588} INFO - Filling up the DagBag from /home/airflow/.local/lib/python3.12/site-packages/airflow/example_dags/example_nested_branch_dag.py
[2024-12-15T20:42:16.866+0000] {processor.py:925} INFO - DAG(s) 'example_nested_branch_dag' retrieved from /home/airflow/.local/lib/python3.12/site-packages/airflow/example_dags/example_nested_branch_dag.py
[2024-12-15T20:42:16.922+0000] {logging_mixin.py:190} INFO - [2024-12-15T20:42:16.922+0000] {dag.py:3239} INFO - Sync 1 DAGs
[2024-12-15T20:42:16.954+0000] {logging_mixin.py:190} INFO - [2024-12-15T20:42:16.953+0000] {dag.py:4180} INFO - Setting next_dagrun for example_nested_branch_dag to 2024-12-14 00:00:00+00:00, run_after=2024-12-15 00:00:00+00:00
[2024-12-15T20:42:16.977+0000] {processor.py:208} INFO - Processing /home/airflow/.local/lib/python3.12/site-packages/airflow/example_dags/example_nested_branch_dag.py took 0.230 seconds
