[2024-12-15T19:40:45.967+0000] {processor.py:186} INFO - Started process (PID=75) to work on /home/airflow/.local/lib/python3.12/site-packages/airflow/example_dags/example_xcom.py
[2024-12-15T19:40:45.973+0000] {processor.py:914} INFO - Processing file /home/airflow/.local/lib/python3.12/site-packages/airflow/example_dags/example_xcom.py for tasks to queue
[2024-12-15T19:40:45.984+0000] {logging_mixin.py:190} INFO - [2024-12-15T19:40:45.983+0000] {dagbag.py:588} INFO - Filling up the DagBag from /home/airflow/.local/lib/python3.12/site-packages/airflow/example_dags/example_xcom.py
[2024-12-15T19:40:46.035+0000] {processor.py:925} INFO - DAG(s) 'example_xcom' retrieved from /home/airflow/.local/lib/python3.12/site-packages/airflow/example_dags/example_xcom.py
[2024-12-15T19:40:46.293+0000] {logging_mixin.py:190} INFO - [2024-12-15T19:40:46.292+0000] {override.py:1911} INFO - Created Permission View: can delete on DAG:example_xcom
[2024-12-15T19:40:46.347+0000] {logging_mixin.py:190} INFO - [2024-12-15T19:40:46.346+0000] {override.py:1911} INFO - Created Permission View: can read on DAG:example_xcom
[2024-12-15T19:40:46.370+0000] {logging_mixin.py:190} INFO - [2024-12-15T19:40:46.370+0000] {override.py:1911} INFO - Created Permission View: can edit on DAG:example_xcom
[2024-12-15T19:40:46.398+0000] {logging_mixin.py:190} INFO - [2024-12-15T19:40:46.398+0000] {override.py:1911} INFO - Created Permission View: menu access on DAG Run:example_xcom
[2024-12-15T19:40:46.439+0000] {logging_mixin.py:190} INFO - [2024-12-15T19:40:46.438+0000] {override.py:1911} INFO - Created Permission View: can delete on DAG Run:example_xcom
[2024-12-15T19:40:46.468+0000] {logging_mixin.py:190} INFO - [2024-12-15T19:40:46.468+0000] {override.py:1911} INFO - Created Permission View: can create on DAG Run:example_xcom
[2024-12-15T19:40:46.500+0000] {logging_mixin.py:190} INFO - [2024-12-15T19:40:46.498+0000] {override.py:1911} INFO - Created Permission View: can read on DAG Run:example_xcom
[2024-12-15T19:40:46.501+0000] {logging_mixin.py:190} INFO - [2024-12-15T19:40:46.501+0000] {dag.py:3239} INFO - Sync 1 DAGs
[2024-12-15T19:40:46.526+0000] {logging_mixin.py:190} INFO - [2024-12-15T19:40:46.525+0000] {dag.py:3262} INFO - Creating ORM DAG for example_xcom
[2024-12-15T19:40:46.544+0000] {logging_mixin.py:190} INFO - [2024-12-15T19:40:46.544+0000] {dag.py:4180} INFO - Setting next_dagrun for example_xcom to 2021-01-01 00:00:00+00:00, run_after=2021-01-01 00:00:00+00:00
[2024-12-15T19:40:46.581+0000] {processor.py:208} INFO - Processing /home/airflow/.local/lib/python3.12/site-packages/airflow/example_dags/example_xcom.py took 0.643 seconds
[2024-12-15T19:41:17.206+0000] {processor.py:186} INFO - Started process (PID=138) to work on /home/airflow/.local/lib/python3.12/site-packages/airflow/example_dags/example_xcom.py
[2024-12-15T19:41:17.210+0000] {processor.py:914} INFO - Processing file /home/airflow/.local/lib/python3.12/site-packages/airflow/example_dags/example_xcom.py for tasks to queue
[2024-12-15T19:41:17.222+0000] {logging_mixin.py:190} INFO - [2024-12-15T19:41:17.218+0000] {dagbag.py:588} INFO - Filling up the DagBag from /home/airflow/.local/lib/python3.12/site-packages/airflow/example_dags/example_xcom.py
[2024-12-15T19:41:17.253+0000] {processor.py:925} INFO - DAG(s) 'example_xcom' retrieved from /home/airflow/.local/lib/python3.12/site-packages/airflow/example_dags/example_xcom.py
[2024-12-15T19:41:17.303+0000] {logging_mixin.py:190} INFO - [2024-12-15T19:41:17.302+0000] {dag.py:3239} INFO - Sync 1 DAGs
[2024-12-15T19:41:17.362+0000] {logging_mixin.py:190} INFO - [2024-12-15T19:41:17.361+0000] {dag.py:4180} INFO - Setting next_dagrun for example_xcom to 2021-01-01 00:00:00+00:00, run_after=2021-01-01 00:00:00+00:00
[2024-12-15T19:41:17.423+0000] {processor.py:208} INFO - Processing /home/airflow/.local/lib/python3.12/site-packages/airflow/example_dags/example_xcom.py took 0.237 seconds
[2024-12-15T19:41:47.628+0000] {processor.py:186} INFO - Started process (PID=203) to work on /home/airflow/.local/lib/python3.12/site-packages/airflow/example_dags/example_xcom.py
[2024-12-15T19:41:47.642+0000] {processor.py:914} INFO - Processing file /home/airflow/.local/lib/python3.12/site-packages/airflow/example_dags/example_xcom.py for tasks to queue
[2024-12-15T19:41:47.648+0000] {logging_mixin.py:190} INFO - [2024-12-15T19:41:47.647+0000] {dagbag.py:588} INFO - Filling up the DagBag from /home/airflow/.local/lib/python3.12/site-packages/airflow/example_dags/example_xcom.py
[2024-12-15T19:41:47.702+0000] {processor.py:925} INFO - DAG(s) 'example_xcom' retrieved from /home/airflow/.local/lib/python3.12/site-packages/airflow/example_dags/example_xcom.py
[2024-12-15T19:41:47.746+0000] {logging_mixin.py:190} INFO - [2024-12-15T19:41:47.746+0000] {dag.py:3239} INFO - Sync 1 DAGs
[2024-12-15T19:41:47.795+0000] {logging_mixin.py:190} INFO - [2024-12-15T19:41:47.795+0000] {dag.py:4180} INFO - Setting next_dagrun for example_xcom to 2021-01-01 00:00:00+00:00, run_after=2021-01-01 00:00:00+00:00
[2024-12-15T19:41:47.826+0000] {processor.py:208} INFO - Processing /home/airflow/.local/lib/python3.12/site-packages/airflow/example_dags/example_xcom.py took 0.227 seconds
[2024-12-15T19:42:35.482+0000] {processor.py:186} INFO - Started process (PID=245) to work on /home/airflow/.local/lib/python3.12/site-packages/airflow/example_dags/example_xcom.py
[2024-12-15T19:42:35.485+0000] {processor.py:914} INFO - Processing file /home/airflow/.local/lib/python3.12/site-packages/airflow/example_dags/example_xcom.py for tasks to queue
[2024-12-15T19:42:35.490+0000] {logging_mixin.py:190} INFO - [2024-12-15T19:42:35.489+0000] {dagbag.py:588} INFO - Filling up the DagBag from /home/airflow/.local/lib/python3.12/site-packages/airflow/example_dags/example_xcom.py
[2024-12-15T19:42:35.510+0000] {processor.py:925} INFO - DAG(s) 'example_xcom' retrieved from /home/airflow/.local/lib/python3.12/site-packages/airflow/example_dags/example_xcom.py
[2024-12-15T19:42:35.558+0000] {logging_mixin.py:190} INFO - [2024-12-15T19:42:35.558+0000] {dag.py:3239} INFO - Sync 1 DAGs
[2024-12-15T19:42:35.610+0000] {logging_mixin.py:190} INFO - [2024-12-15T19:42:35.609+0000] {dag.py:4180} INFO - Setting next_dagrun for example_xcom to 2021-01-01 00:00:00+00:00, run_after=2021-01-01 00:00:00+00:00
[2024-12-15T19:42:35.722+0000] {processor.py:208} INFO - Processing /home/airflow/.local/lib/python3.12/site-packages/airflow/example_dags/example_xcom.py took 0.249 seconds
[2024-12-15T19:43:05.968+0000] {processor.py:186} INFO - Started process (PID=310) to work on /home/airflow/.local/lib/python3.12/site-packages/airflow/example_dags/example_xcom.py
[2024-12-15T19:43:05.970+0000] {processor.py:914} INFO - Processing file /home/airflow/.local/lib/python3.12/site-packages/airflow/example_dags/example_xcom.py for tasks to queue
[2024-12-15T19:43:05.975+0000] {logging_mixin.py:190} INFO - [2024-12-15T19:43:05.974+0000] {dagbag.py:588} INFO - Filling up the DagBag from /home/airflow/.local/lib/python3.12/site-packages/airflow/example_dags/example_xcom.py
[2024-12-15T19:43:05.998+0000] {processor.py:925} INFO - DAG(s) 'example_xcom' retrieved from /home/airflow/.local/lib/python3.12/site-packages/airflow/example_dags/example_xcom.py
[2024-12-15T19:43:06.042+0000] {logging_mixin.py:190} INFO - [2024-12-15T19:43:06.042+0000] {dag.py:3239} INFO - Sync 1 DAGs
[2024-12-15T19:43:06.109+0000] {logging_mixin.py:190} INFO - [2024-12-15T19:43:06.109+0000] {dag.py:4180} INFO - Setting next_dagrun for example_xcom to 2021-01-01 00:00:00+00:00, run_after=2021-01-01 00:00:00+00:00
[2024-12-15T19:43:06.133+0000] {processor.py:208} INFO - Processing /home/airflow/.local/lib/python3.12/site-packages/airflow/example_dags/example_xcom.py took 0.175 seconds
[2024-12-15T19:43:38.365+0000] {processor.py:186} INFO - Started process (PID=373) to work on /home/airflow/.local/lib/python3.12/site-packages/airflow/example_dags/example_xcom.py
[2024-12-15T19:43:38.369+0000] {processor.py:914} INFO - Processing file /home/airflow/.local/lib/python3.12/site-packages/airflow/example_dags/example_xcom.py for tasks to queue
[2024-12-15T19:43:38.380+0000] {logging_mixin.py:190} INFO - [2024-12-15T19:43:38.379+0000] {dagbag.py:588} INFO - Filling up the DagBag from /home/airflow/.local/lib/python3.12/site-packages/airflow/example_dags/example_xcom.py
[2024-12-15T19:43:38.415+0000] {processor.py:925} INFO - DAG(s) 'example_xcom' retrieved from /home/airflow/.local/lib/python3.12/site-packages/airflow/example_dags/example_xcom.py
[2024-12-15T19:43:38.469+0000] {logging_mixin.py:190} INFO - [2024-12-15T19:43:38.469+0000] {dag.py:3239} INFO - Sync 1 DAGs
[2024-12-15T19:43:38.565+0000] {logging_mixin.py:190} INFO - [2024-12-15T19:43:38.564+0000] {dag.py:4180} INFO - Setting next_dagrun for example_xcom to 2021-01-01 00:00:00+00:00, run_after=2021-01-01 00:00:00+00:00
[2024-12-15T19:43:38.614+0000] {processor.py:208} INFO - Processing /home/airflow/.local/lib/python3.12/site-packages/airflow/example_dags/example_xcom.py took 0.275 seconds
[2024-12-15T19:44:11.966+0000] {processor.py:186} INFO - Started process (PID=438) to work on /home/airflow/.local/lib/python3.12/site-packages/airflow/example_dags/example_xcom.py
[2024-12-15T19:44:11.971+0000] {processor.py:914} INFO - Processing file /home/airflow/.local/lib/python3.12/site-packages/airflow/example_dags/example_xcom.py for tasks to queue
[2024-12-15T19:44:11.979+0000] {logging_mixin.py:190} INFO - [2024-12-15T19:44:11.977+0000] {dagbag.py:588} INFO - Filling up the DagBag from /home/airflow/.local/lib/python3.12/site-packages/airflow/example_dags/example_xcom.py
[2024-12-15T19:44:12.028+0000] {processor.py:925} INFO - DAG(s) 'example_xcom' retrieved from /home/airflow/.local/lib/python3.12/site-packages/airflow/example_dags/example_xcom.py
[2024-12-15T19:44:12.158+0000] {logging_mixin.py:190} INFO - [2024-12-15T19:44:12.158+0000] {dag.py:3239} INFO - Sync 1 DAGs
[2024-12-15T19:44:12.286+0000] {logging_mixin.py:190} INFO - [2024-12-15T19:44:12.285+0000] {dag.py:4180} INFO - Setting next_dagrun for example_xcom to 2021-01-01 00:00:00+00:00, run_after=2021-01-01 00:00:00+00:00
[2024-12-15T19:44:12.327+0000] {processor.py:208} INFO - Processing /home/airflow/.local/lib/python3.12/site-packages/airflow/example_dags/example_xcom.py took 0.382 seconds
[2024-12-15T19:45:35.110+0000] {processor.py:186} INFO - Started process (PID=504) to work on /home/airflow/.local/lib/python3.12/site-packages/airflow/example_dags/example_xcom.py
[2024-12-15T19:45:35.118+0000] {processor.py:914} INFO - Processing file /home/airflow/.local/lib/python3.12/site-packages/airflow/example_dags/example_xcom.py for tasks to queue
[2024-12-15T19:45:35.136+0000] {logging_mixin.py:190} INFO - [2024-12-15T19:45:35.134+0000] {dagbag.py:588} INFO - Filling up the DagBag from /home/airflow/.local/lib/python3.12/site-packages/airflow/example_dags/example_xcom.py
[2024-12-15T19:45:35.241+0000] {processor.py:925} INFO - DAG(s) 'example_xcom' retrieved from /home/airflow/.local/lib/python3.12/site-packages/airflow/example_dags/example_xcom.py
[2024-12-15T19:45:35.307+0000] {logging_mixin.py:190} INFO - [2024-12-15T19:45:35.307+0000] {dag.py:3239} INFO - Sync 1 DAGs
[2024-12-15T19:45:35.390+0000] {logging_mixin.py:190} INFO - [2024-12-15T19:45:35.390+0000] {dag.py:4180} INFO - Setting next_dagrun for example_xcom to 2021-01-01 00:00:00+00:00, run_after=2021-01-01 00:00:00+00:00
[2024-12-15T19:45:35.429+0000] {processor.py:208} INFO - Processing /home/airflow/.local/lib/python3.12/site-packages/airflow/example_dags/example_xcom.py took 0.353 seconds
[2024-12-15T19:46:06.564+0000] {processor.py:186} INFO - Started process (PID=567) to work on /home/airflow/.local/lib/python3.12/site-packages/airflow/example_dags/example_xcom.py
[2024-12-15T19:46:06.565+0000] {processor.py:914} INFO - Processing file /home/airflow/.local/lib/python3.12/site-packages/airflow/example_dags/example_xcom.py for tasks to queue
[2024-12-15T19:46:06.569+0000] {logging_mixin.py:190} INFO - [2024-12-15T19:46:06.569+0000] {dagbag.py:588} INFO - Filling up the DagBag from /home/airflow/.local/lib/python3.12/site-packages/airflow/example_dags/example_xcom.py
[2024-12-15T19:46:06.582+0000] {processor.py:925} INFO - DAG(s) 'example_xcom' retrieved from /home/airflow/.local/lib/python3.12/site-packages/airflow/example_dags/example_xcom.py
[2024-12-15T19:46:06.609+0000] {logging_mixin.py:190} INFO - [2024-12-15T19:46:06.609+0000] {dag.py:3239} INFO - Sync 1 DAGs
[2024-12-15T19:46:06.640+0000] {logging_mixin.py:190} INFO - [2024-12-15T19:46:06.640+0000] {dag.py:4180} INFO - Setting next_dagrun for example_xcom to 2021-01-01 00:00:00+00:00, run_after=2021-01-01 00:00:00+00:00
[2024-12-15T19:46:06.669+0000] {processor.py:208} INFO - Processing /home/airflow/.local/lib/python3.12/site-packages/airflow/example_dags/example_xcom.py took 0.113 seconds
[2024-12-15T19:46:37.556+0000] {processor.py:186} INFO - Started process (PID=632) to work on /home/airflow/.local/lib/python3.12/site-packages/airflow/example_dags/example_xcom.py
[2024-12-15T19:46:37.558+0000] {processor.py:914} INFO - Processing file /home/airflow/.local/lib/python3.12/site-packages/airflow/example_dags/example_xcom.py for tasks to queue
[2024-12-15T19:46:37.562+0000] {logging_mixin.py:190} INFO - [2024-12-15T19:46:37.561+0000] {dagbag.py:588} INFO - Filling up the DagBag from /home/airflow/.local/lib/python3.12/site-packages/airflow/example_dags/example_xcom.py
[2024-12-15T19:46:37.578+0000] {processor.py:925} INFO - DAG(s) 'example_xcom' retrieved from /home/airflow/.local/lib/python3.12/site-packages/airflow/example_dags/example_xcom.py
[2024-12-15T19:46:37.612+0000] {logging_mixin.py:190} INFO - [2024-12-15T19:46:37.611+0000] {dag.py:3239} INFO - Sync 1 DAGs
[2024-12-15T19:46:37.643+0000] {logging_mixin.py:190} INFO - [2024-12-15T19:46:37.643+0000] {dag.py:4180} INFO - Setting next_dagrun for example_xcom to 2021-01-01 00:00:00+00:00, run_after=2021-01-01 00:00:00+00:00
[2024-12-15T19:46:37.669+0000] {processor.py:208} INFO - Processing /home/airflow/.local/lib/python3.12/site-packages/airflow/example_dags/example_xcom.py took 0.122 seconds
[2024-12-15T19:47:08.790+0000] {processor.py:186} INFO - Started process (PID=697) to work on /home/airflow/.local/lib/python3.12/site-packages/airflow/example_dags/example_xcom.py
[2024-12-15T19:47:08.797+0000] {processor.py:914} INFO - Processing file /home/airflow/.local/lib/python3.12/site-packages/airflow/example_dags/example_xcom.py for tasks to queue
[2024-12-15T19:47:08.809+0000] {logging_mixin.py:190} INFO - [2024-12-15T19:47:08.808+0000] {dagbag.py:588} INFO - Filling up the DagBag from /home/airflow/.local/lib/python3.12/site-packages/airflow/example_dags/example_xcom.py
[2024-12-15T19:47:08.883+0000] {processor.py:925} INFO - DAG(s) 'example_xcom' retrieved from /home/airflow/.local/lib/python3.12/site-packages/airflow/example_dags/example_xcom.py
[2024-12-15T19:47:09.016+0000] {logging_mixin.py:190} INFO - [2024-12-15T19:47:09.016+0000] {dag.py:3239} INFO - Sync 1 DAGs
[2024-12-15T19:47:09.404+0000] {logging_mixin.py:190} INFO - [2024-12-15T19:47:09.404+0000] {dag.py:4180} INFO - Setting next_dagrun for example_xcom to 2021-01-01 00:00:00+00:00, run_after=2021-01-01 00:00:00+00:00
[2024-12-15T19:47:09.793+0000] {processor.py:208} INFO - Processing /home/airflow/.local/lib/python3.12/site-packages/airflow/example_dags/example_xcom.py took 1.049 seconds
[2024-12-15T19:47:40.408+0000] {processor.py:186} INFO - Started process (PID=768) to work on /home/airflow/.local/lib/python3.12/site-packages/airflow/example_dags/example_xcom.py
[2024-12-15T19:47:40.410+0000] {processor.py:914} INFO - Processing file /home/airflow/.local/lib/python3.12/site-packages/airflow/example_dags/example_xcom.py for tasks to queue
[2024-12-15T19:47:40.414+0000] {logging_mixin.py:190} INFO - [2024-12-15T19:47:40.413+0000] {dagbag.py:588} INFO - Filling up the DagBag from /home/airflow/.local/lib/python3.12/site-packages/airflow/example_dags/example_xcom.py
[2024-12-15T19:47:40.428+0000] {processor.py:925} INFO - DAG(s) 'example_xcom' retrieved from /home/airflow/.local/lib/python3.12/site-packages/airflow/example_dags/example_xcom.py
[2024-12-15T19:47:40.460+0000] {logging_mixin.py:190} INFO - [2024-12-15T19:47:40.460+0000] {dag.py:3239} INFO - Sync 1 DAGs
[2024-12-15T19:47:40.492+0000] {logging_mixin.py:190} INFO - [2024-12-15T19:47:40.492+0000] {dag.py:4180} INFO - Setting next_dagrun for example_xcom to 2021-01-01 00:00:00+00:00, run_after=2021-01-01 00:00:00+00:00
[2024-12-15T19:47:40.517+0000] {processor.py:208} INFO - Processing /home/airflow/.local/lib/python3.12/site-packages/airflow/example_dags/example_xcom.py took 0.119 seconds
[2024-12-15T19:51:01.909+0000] {processor.py:186} INFO - Started process (PID=63) to work on /home/airflow/.local/lib/python3.12/site-packages/airflow/example_dags/example_xcom.py
[2024-12-15T19:51:01.916+0000] {processor.py:914} INFO - Processing file /home/airflow/.local/lib/python3.12/site-packages/airflow/example_dags/example_xcom.py for tasks to queue
[2024-12-15T19:51:01.933+0000] {logging_mixin.py:190} INFO - [2024-12-15T19:51:01.931+0000] {dagbag.py:588} INFO - Filling up the DagBag from /home/airflow/.local/lib/python3.12/site-packages/airflow/example_dags/example_xcom.py
[2024-12-15T19:51:01.973+0000] {processor.py:925} INFO - DAG(s) 'example_xcom' retrieved from /home/airflow/.local/lib/python3.12/site-packages/airflow/example_dags/example_xcom.py
[2024-12-15T19:51:02.044+0000] {logging_mixin.py:190} INFO - [2024-12-15T19:51:02.043+0000] {dag.py:3239} INFO - Sync 1 DAGs
[2024-12-15T19:51:02.100+0000] {logging_mixin.py:190} INFO - [2024-12-15T19:51:02.099+0000] {dag.py:4180} INFO - Setting next_dagrun for example_xcom to 2021-01-01 00:00:00+00:00, run_after=2021-01-01 00:00:00+00:00
[2024-12-15T19:51:02.174+0000] {processor.py:208} INFO - Processing /home/airflow/.local/lib/python3.12/site-packages/airflow/example_dags/example_xcom.py took 0.315 seconds
[2024-12-15T19:51:37.955+0000] {processor.py:186} INFO - Started process (PID=128) to work on /home/airflow/.local/lib/python3.12/site-packages/airflow/example_dags/example_xcom.py
[2024-12-15T19:51:37.965+0000] {processor.py:914} INFO - Processing file /home/airflow/.local/lib/python3.12/site-packages/airflow/example_dags/example_xcom.py for tasks to queue
[2024-12-15T19:51:37.977+0000] {logging_mixin.py:190} INFO - [2024-12-15T19:51:37.976+0000] {dagbag.py:588} INFO - Filling up the DagBag from /home/airflow/.local/lib/python3.12/site-packages/airflow/example_dags/example_xcom.py
[2024-12-15T19:51:38.023+0000] {processor.py:925} INFO - DAG(s) 'example_xcom' retrieved from /home/airflow/.local/lib/python3.12/site-packages/airflow/example_dags/example_xcom.py
[2024-12-15T19:51:38.089+0000] {logging_mixin.py:190} INFO - [2024-12-15T19:51:38.087+0000] {dag.py:3239} INFO - Sync 1 DAGs
[2024-12-15T19:51:38.138+0000] {logging_mixin.py:190} INFO - [2024-12-15T19:51:38.137+0000] {dag.py:4180} INFO - Setting next_dagrun for example_xcom to 2021-01-01 00:00:00+00:00, run_after=2021-01-01 00:00:00+00:00
[2024-12-15T19:51:38.189+0000] {processor.py:208} INFO - Processing /home/airflow/.local/lib/python3.12/site-packages/airflow/example_dags/example_xcom.py took 0.251 seconds
[2024-12-15T19:52:20.948+0000] {processor.py:186} INFO - Started process (PID=192) to work on /home/airflow/.local/lib/python3.12/site-packages/airflow/example_dags/example_xcom.py
[2024-12-15T19:52:20.957+0000] {processor.py:914} INFO - Processing file /home/airflow/.local/lib/python3.12/site-packages/airflow/example_dags/example_xcom.py for tasks to queue
[2024-12-15T19:52:20.965+0000] {logging_mixin.py:190} INFO - [2024-12-15T19:52:20.964+0000] {dagbag.py:588} INFO - Filling up the DagBag from /home/airflow/.local/lib/python3.12/site-packages/airflow/example_dags/example_xcom.py
[2024-12-15T19:52:20.992+0000] {processor.py:925} INFO - DAG(s) 'example_xcom' retrieved from /home/airflow/.local/lib/python3.12/site-packages/airflow/example_dags/example_xcom.py
[2024-12-15T19:52:21.060+0000] {logging_mixin.py:190} INFO - [2024-12-15T19:52:21.059+0000] {dag.py:3239} INFO - Sync 1 DAGs
[2024-12-15T19:52:21.131+0000] {logging_mixin.py:190} INFO - [2024-12-15T19:52:21.130+0000] {dag.py:4180} INFO - Setting next_dagrun for example_xcom to 2021-01-01 00:00:00+00:00, run_after=2021-01-01 00:00:00+00:00
[2024-12-15T19:52:21.181+0000] {processor.py:208} INFO - Processing /home/airflow/.local/lib/python3.12/site-packages/airflow/example_dags/example_xcom.py took 0.258 seconds
[2024-12-15T19:52:52.956+0000] {processor.py:186} INFO - Started process (PID=256) to work on /home/airflow/.local/lib/python3.12/site-packages/airflow/example_dags/example_xcom.py
[2024-12-15T19:52:52.959+0000] {processor.py:914} INFO - Processing file /home/airflow/.local/lib/python3.12/site-packages/airflow/example_dags/example_xcom.py for tasks to queue
[2024-12-15T19:52:52.969+0000] {logging_mixin.py:190} INFO - [2024-12-15T19:52:52.969+0000] {dagbag.py:588} INFO - Filling up the DagBag from /home/airflow/.local/lib/python3.12/site-packages/airflow/example_dags/example_xcom.py
[2024-12-15T19:52:52.997+0000] {processor.py:925} INFO - DAG(s) 'example_xcom' retrieved from /home/airflow/.local/lib/python3.12/site-packages/airflow/example_dags/example_xcom.py
[2024-12-15T19:52:53.059+0000] {logging_mixin.py:190} INFO - [2024-12-15T19:52:53.058+0000] {dag.py:3239} INFO - Sync 1 DAGs
[2024-12-15T19:52:53.124+0000] {logging_mixin.py:190} INFO - [2024-12-15T19:52:53.124+0000] {dag.py:4180} INFO - Setting next_dagrun for example_xcom to 2021-01-01 00:00:00+00:00, run_after=2021-01-01 00:00:00+00:00
[2024-12-15T19:52:53.163+0000] {processor.py:208} INFO - Processing /home/airflow/.local/lib/python3.12/site-packages/airflow/example_dags/example_xcom.py took 0.233 seconds
[2024-12-15T19:53:35.154+0000] {processor.py:186} INFO - Started process (PID=328) to work on /home/airflow/.local/lib/python3.12/site-packages/airflow/example_dags/example_xcom.py
[2024-12-15T19:53:35.159+0000] {processor.py:914} INFO - Processing file /home/airflow/.local/lib/python3.12/site-packages/airflow/example_dags/example_xcom.py for tasks to queue
[2024-12-15T19:53:35.165+0000] {logging_mixin.py:190} INFO - [2024-12-15T19:53:35.165+0000] {dagbag.py:588} INFO - Filling up the DagBag from /home/airflow/.local/lib/python3.12/site-packages/airflow/example_dags/example_xcom.py
[2024-12-15T19:53:35.191+0000] {processor.py:925} INFO - DAG(s) 'example_xcom' retrieved from /home/airflow/.local/lib/python3.12/site-packages/airflow/example_dags/example_xcom.py
[2024-12-15T19:53:35.262+0000] {logging_mixin.py:190} INFO - [2024-12-15T19:53:35.261+0000] {dag.py:3239} INFO - Sync 1 DAGs
[2024-12-15T19:53:35.337+0000] {logging_mixin.py:190} INFO - [2024-12-15T19:53:35.337+0000] {dag.py:4180} INFO - Setting next_dagrun for example_xcom to 2021-01-01 00:00:00+00:00, run_after=2021-01-01 00:00:00+00:00
[2024-12-15T19:53:35.377+0000] {processor.py:208} INFO - Processing /home/airflow/.local/lib/python3.12/site-packages/airflow/example_dags/example_xcom.py took 0.241 seconds
[2024-12-15T19:54:11.176+0000] {processor.py:186} INFO - Started process (PID=392) to work on /home/airflow/.local/lib/python3.12/site-packages/airflow/example_dags/example_xcom.py
[2024-12-15T19:54:11.179+0000] {processor.py:914} INFO - Processing file /home/airflow/.local/lib/python3.12/site-packages/airflow/example_dags/example_xcom.py for tasks to queue
[2024-12-15T19:54:11.184+0000] {logging_mixin.py:190} INFO - [2024-12-15T19:54:11.184+0000] {dagbag.py:588} INFO - Filling up the DagBag from /home/airflow/.local/lib/python3.12/site-packages/airflow/example_dags/example_xcom.py
[2024-12-15T19:54:11.206+0000] {processor.py:925} INFO - DAG(s) 'example_xcom' retrieved from /home/airflow/.local/lib/python3.12/site-packages/airflow/example_dags/example_xcom.py
[2024-12-15T19:54:11.238+0000] {logging_mixin.py:190} INFO - [2024-12-15T19:54:11.237+0000] {dag.py:3239} INFO - Sync 1 DAGs
[2024-12-15T19:54:11.279+0000] {logging_mixin.py:190} INFO - [2024-12-15T19:54:11.279+0000] {dag.py:4180} INFO - Setting next_dagrun for example_xcom to 2021-01-01 00:00:00+00:00, run_after=2021-01-01 00:00:00+00:00
[2024-12-15T19:54:11.311+0000] {processor.py:208} INFO - Processing /home/airflow/.local/lib/python3.12/site-packages/airflow/example_dags/example_xcom.py took 0.147 seconds
[2024-12-15T19:54:43.903+0000] {processor.py:186} INFO - Started process (PID=458) to work on /home/airflow/.local/lib/python3.12/site-packages/airflow/example_dags/example_xcom.py
[2024-12-15T19:54:43.906+0000] {processor.py:914} INFO - Processing file /home/airflow/.local/lib/python3.12/site-packages/airflow/example_dags/example_xcom.py for tasks to queue
[2024-12-15T19:54:43.911+0000] {logging_mixin.py:190} INFO - [2024-12-15T19:54:43.910+0000] {dagbag.py:588} INFO - Filling up the DagBag from /home/airflow/.local/lib/python3.12/site-packages/airflow/example_dags/example_xcom.py
[2024-12-15T19:54:43.925+0000] {processor.py:925} INFO - DAG(s) 'example_xcom' retrieved from /home/airflow/.local/lib/python3.12/site-packages/airflow/example_dags/example_xcom.py
[2024-12-15T19:54:43.952+0000] {logging_mixin.py:190} INFO - [2024-12-15T19:54:43.952+0000] {dag.py:3239} INFO - Sync 1 DAGs
[2024-12-15T19:54:43.985+0000] {logging_mixin.py:190} INFO - [2024-12-15T19:54:43.985+0000] {dag.py:4180} INFO - Setting next_dagrun for example_xcom to 2021-01-01 00:00:00+00:00, run_after=2021-01-01 00:00:00+00:00
[2024-12-15T19:54:44.008+0000] {processor.py:208} INFO - Processing /home/airflow/.local/lib/python3.12/site-packages/airflow/example_dags/example_xcom.py took 0.115 seconds
[2024-12-15T19:55:18.445+0000] {processor.py:186} INFO - Started process (PID=523) to work on /home/airflow/.local/lib/python3.12/site-packages/airflow/example_dags/example_xcom.py
[2024-12-15T19:55:18.448+0000] {processor.py:914} INFO - Processing file /home/airflow/.local/lib/python3.12/site-packages/airflow/example_dags/example_xcom.py for tasks to queue
[2024-12-15T19:55:18.451+0000] {logging_mixin.py:190} INFO - [2024-12-15T19:55:18.451+0000] {dagbag.py:588} INFO - Filling up the DagBag from /home/airflow/.local/lib/python3.12/site-packages/airflow/example_dags/example_xcom.py
[2024-12-15T19:55:18.471+0000] {processor.py:925} INFO - DAG(s) 'example_xcom' retrieved from /home/airflow/.local/lib/python3.12/site-packages/airflow/example_dags/example_xcom.py
[2024-12-15T19:55:18.513+0000] {logging_mixin.py:190} INFO - [2024-12-15T19:55:18.513+0000] {dag.py:3239} INFO - Sync 1 DAGs
[2024-12-15T19:55:18.560+0000] {logging_mixin.py:190} INFO - [2024-12-15T19:55:18.560+0000] {dag.py:4180} INFO - Setting next_dagrun for example_xcom to 2021-01-01 00:00:00+00:00, run_after=2021-01-01 00:00:00+00:00
[2024-12-15T19:55:18.614+0000] {processor.py:208} INFO - Processing /home/airflow/.local/lib/python3.12/site-packages/airflow/example_dags/example_xcom.py took 0.179 seconds
[2024-12-15T19:55:59.030+0000] {processor.py:186} INFO - Started process (PID=595) to work on /home/airflow/.local/lib/python3.12/site-packages/airflow/example_dags/example_xcom.py
[2024-12-15T19:55:59.034+0000] {processor.py:914} INFO - Processing file /home/airflow/.local/lib/python3.12/site-packages/airflow/example_dags/example_xcom.py for tasks to queue
[2024-12-15T19:55:59.041+0000] {logging_mixin.py:190} INFO - [2024-12-15T19:55:59.039+0000] {dagbag.py:588} INFO - Filling up the DagBag from /home/airflow/.local/lib/python3.12/site-packages/airflow/example_dags/example_xcom.py
[2024-12-15T19:55:59.132+0000] {processor.py:925} INFO - DAG(s) 'example_xcom' retrieved from /home/airflow/.local/lib/python3.12/site-packages/airflow/example_dags/example_xcom.py
[2024-12-15T19:55:59.259+0000] {logging_mixin.py:190} INFO - [2024-12-15T19:55:59.259+0000] {dag.py:3239} INFO - Sync 1 DAGs
[2024-12-15T19:55:59.390+0000] {logging_mixin.py:190} INFO - [2024-12-15T19:55:59.390+0000] {dag.py:4180} INFO - Setting next_dagrun for example_xcom to 2021-01-01 00:00:00+00:00, run_after=2021-01-01 00:00:00+00:00
[2024-12-15T19:56:00.122+0000] {processor.py:208} INFO - Processing /home/airflow/.local/lib/python3.12/site-packages/airflow/example_dags/example_xcom.py took 1.132 seconds
[2024-12-15T19:59:32.649+0000] {processor.py:186} INFO - Started process (PID=68) to work on /home/airflow/.local/lib/python3.12/site-packages/airflow/example_dags/example_xcom.py
[2024-12-15T19:59:32.657+0000] {processor.py:914} INFO - Processing file /home/airflow/.local/lib/python3.12/site-packages/airflow/example_dags/example_xcom.py for tasks to queue
[2024-12-15T19:59:32.677+0000] {logging_mixin.py:190} INFO - [2024-12-15T19:59:32.676+0000] {dagbag.py:588} INFO - Filling up the DagBag from /home/airflow/.local/lib/python3.12/site-packages/airflow/example_dags/example_xcom.py
[2024-12-15T19:59:32.721+0000] {processor.py:925} INFO - DAG(s) 'example_xcom' retrieved from /home/airflow/.local/lib/python3.12/site-packages/airflow/example_dags/example_xcom.py
[2024-12-15T19:59:32.776+0000] {logging_mixin.py:190} INFO - [2024-12-15T19:59:32.775+0000] {dag.py:3239} INFO - Sync 1 DAGs
[2024-12-15T19:59:32.832+0000] {logging_mixin.py:190} INFO - [2024-12-15T19:59:32.831+0000] {dag.py:4180} INFO - Setting next_dagrun for example_xcom to 2021-01-01 00:00:00+00:00, run_after=2021-01-01 00:00:00+00:00
[2024-12-15T19:59:32.913+0000] {processor.py:208} INFO - Processing /home/airflow/.local/lib/python3.12/site-packages/airflow/example_dags/example_xcom.py took 0.288 seconds
[2024-12-15T20:01:32.504+0000] {processor.py:186} INFO - Started process (PID=144) to work on /home/airflow/.local/lib/python3.12/site-packages/airflow/example_dags/example_xcom.py
[2024-12-15T20:01:32.508+0000] {processor.py:914} INFO - Processing file /home/airflow/.local/lib/python3.12/site-packages/airflow/example_dags/example_xcom.py for tasks to queue
[2024-12-15T20:01:32.518+0000] {logging_mixin.py:190} INFO - [2024-12-15T20:01:32.518+0000] {dagbag.py:588} INFO - Filling up the DagBag from /home/airflow/.local/lib/python3.12/site-packages/airflow/example_dags/example_xcom.py
[2024-12-15T20:01:32.566+0000] {processor.py:925} INFO - DAG(s) 'example_xcom' retrieved from /home/airflow/.local/lib/python3.12/site-packages/airflow/example_dags/example_xcom.py
[2024-12-15T20:01:32.622+0000] {logging_mixin.py:190} INFO - [2024-12-15T20:01:32.622+0000] {dag.py:3239} INFO - Sync 1 DAGs
[2024-12-15T20:01:32.659+0000] {logging_mixin.py:190} INFO - [2024-12-15T20:01:32.659+0000] {dag.py:4180} INFO - Setting next_dagrun for example_xcom to 2021-01-01 00:00:00+00:00, run_after=2021-01-01 00:00:00+00:00
[2024-12-15T20:01:32.700+0000] {processor.py:208} INFO - Processing /home/airflow/.local/lib/python3.12/site-packages/airflow/example_dags/example_xcom.py took 0.218 seconds
[2024-12-15T20:02:03.876+0000] {processor.py:186} INFO - Started process (PID=216) to work on /home/airflow/.local/lib/python3.12/site-packages/airflow/example_dags/example_xcom.py
[2024-12-15T20:02:03.879+0000] {processor.py:914} INFO - Processing file /home/airflow/.local/lib/python3.12/site-packages/airflow/example_dags/example_xcom.py for tasks to queue
[2024-12-15T20:02:03.887+0000] {logging_mixin.py:190} INFO - [2024-12-15T20:02:03.887+0000] {dagbag.py:588} INFO - Filling up the DagBag from /home/airflow/.local/lib/python3.12/site-packages/airflow/example_dags/example_xcom.py
[2024-12-15T20:02:03.915+0000] {processor.py:925} INFO - DAG(s) 'example_xcom' retrieved from /home/airflow/.local/lib/python3.12/site-packages/airflow/example_dags/example_xcom.py
[2024-12-15T20:02:03.953+0000] {logging_mixin.py:190} INFO - [2024-12-15T20:02:03.953+0000] {dag.py:3239} INFO - Sync 1 DAGs
[2024-12-15T20:02:04.000+0000] {logging_mixin.py:190} INFO - [2024-12-15T20:02:03.999+0000] {dag.py:4180} INFO - Setting next_dagrun for example_xcom to 2021-01-01 00:00:00+00:00, run_after=2021-01-01 00:00:00+00:00
[2024-12-15T20:02:04.031+0000] {processor.py:208} INFO - Processing /home/airflow/.local/lib/python3.12/site-packages/airflow/example_dags/example_xcom.py took 0.178 seconds
[2024-12-15T20:02:59.318+0000] {processor.py:186} INFO - Started process (PID=294) to work on /home/airflow/.local/lib/python3.12/site-packages/airflow/example_dags/example_xcom.py
[2024-12-15T20:02:59.320+0000] {processor.py:914} INFO - Processing file /home/airflow/.local/lib/python3.12/site-packages/airflow/example_dags/example_xcom.py for tasks to queue
[2024-12-15T20:02:59.335+0000] {logging_mixin.py:190} INFO - [2024-12-15T20:02:59.335+0000] {dagbag.py:588} INFO - Filling up the DagBag from /home/airflow/.local/lib/python3.12/site-packages/airflow/example_dags/example_xcom.py
[2024-12-15T20:02:59.358+0000] {processor.py:925} INFO - DAG(s) 'example_xcom' retrieved from /home/airflow/.local/lib/python3.12/site-packages/airflow/example_dags/example_xcom.py
[2024-12-15T20:02:59.400+0000] {logging_mixin.py:190} INFO - [2024-12-15T20:02:59.400+0000] {dag.py:3239} INFO - Sync 1 DAGs
[2024-12-15T20:02:59.459+0000] {logging_mixin.py:190} INFO - [2024-12-15T20:02:59.458+0000] {dag.py:4180} INFO - Setting next_dagrun for example_xcom to 2021-01-01 00:00:00+00:00, run_after=2021-01-01 00:00:00+00:00
[2024-12-15T20:02:59.519+0000] {processor.py:208} INFO - Processing /home/airflow/.local/lib/python3.12/site-packages/airflow/example_dags/example_xcom.py took 0.222 seconds
[2024-12-15T20:03:30.133+0000] {processor.py:186} INFO - Started process (PID=357) to work on /home/airflow/.local/lib/python3.12/site-packages/airflow/example_dags/example_xcom.py
[2024-12-15T20:03:30.142+0000] {processor.py:914} INFO - Processing file /home/airflow/.local/lib/python3.12/site-packages/airflow/example_dags/example_xcom.py for tasks to queue
[2024-12-15T20:03:30.148+0000] {logging_mixin.py:190} INFO - [2024-12-15T20:03:30.147+0000] {dagbag.py:588} INFO - Filling up the DagBag from /home/airflow/.local/lib/python3.12/site-packages/airflow/example_dags/example_xcom.py
[2024-12-15T20:03:30.175+0000] {processor.py:925} INFO - DAG(s) 'example_xcom' retrieved from /home/airflow/.local/lib/python3.12/site-packages/airflow/example_dags/example_xcom.py
[2024-12-15T20:03:30.213+0000] {logging_mixin.py:190} INFO - [2024-12-15T20:03:30.213+0000] {dag.py:3239} INFO - Sync 1 DAGs
[2024-12-15T20:03:30.254+0000] {logging_mixin.py:190} INFO - [2024-12-15T20:03:30.254+0000] {dag.py:4180} INFO - Setting next_dagrun for example_xcom to 2021-01-01 00:00:00+00:00, run_after=2021-01-01 00:00:00+00:00
[2024-12-15T20:03:30.280+0000] {processor.py:208} INFO - Processing /home/airflow/.local/lib/python3.12/site-packages/airflow/example_dags/example_xcom.py took 0.164 seconds
[2024-12-15T20:04:02.675+0000] {processor.py:186} INFO - Started process (PID=427) to work on /home/airflow/.local/lib/python3.12/site-packages/airflow/example_dags/example_xcom.py
[2024-12-15T20:04:02.677+0000] {processor.py:914} INFO - Processing file /home/airflow/.local/lib/python3.12/site-packages/airflow/example_dags/example_xcom.py for tasks to queue
[2024-12-15T20:04:02.682+0000] {logging_mixin.py:190} INFO - [2024-12-15T20:04:02.681+0000] {dagbag.py:588} INFO - Filling up the DagBag from /home/airflow/.local/lib/python3.12/site-packages/airflow/example_dags/example_xcom.py
[2024-12-15T20:04:02.702+0000] {processor.py:925} INFO - DAG(s) 'example_xcom' retrieved from /home/airflow/.local/lib/python3.12/site-packages/airflow/example_dags/example_xcom.py
[2024-12-15T20:04:02.761+0000] {logging_mixin.py:190} INFO - [2024-12-15T20:04:02.761+0000] {dag.py:3239} INFO - Sync 1 DAGs
[2024-12-15T20:04:02.801+0000] {logging_mixin.py:190} INFO - [2024-12-15T20:04:02.800+0000] {dag.py:4180} INFO - Setting next_dagrun for example_xcom to 2021-01-01 00:00:00+00:00, run_after=2021-01-01 00:00:00+00:00
[2024-12-15T20:04:02.837+0000] {processor.py:208} INFO - Processing /home/airflow/.local/lib/python3.12/site-packages/airflow/example_dags/example_xcom.py took 0.171 seconds
[2024-12-15T20:04:39.132+0000] {processor.py:186} INFO - Started process (PID=492) to work on /home/airflow/.local/lib/python3.12/site-packages/airflow/example_dags/example_xcom.py
[2024-12-15T20:04:39.140+0000] {processor.py:914} INFO - Processing file /home/airflow/.local/lib/python3.12/site-packages/airflow/example_dags/example_xcom.py for tasks to queue
[2024-12-15T20:04:39.182+0000] {logging_mixin.py:190} INFO - [2024-12-15T20:04:39.182+0000] {dagbag.py:588} INFO - Filling up the DagBag from /home/airflow/.local/lib/python3.12/site-packages/airflow/example_dags/example_xcom.py
[2024-12-15T20:04:39.420+0000] {processor.py:925} INFO - DAG(s) 'example_xcom' retrieved from /home/airflow/.local/lib/python3.12/site-packages/airflow/example_dags/example_xcom.py
[2024-12-15T20:04:39.541+0000] {logging_mixin.py:190} INFO - [2024-12-15T20:04:39.539+0000] {dag.py:3239} INFO - Sync 1 DAGs
[2024-12-15T20:04:39.733+0000] {logging_mixin.py:190} INFO - [2024-12-15T20:04:39.733+0000] {dag.py:4180} INFO - Setting next_dagrun for example_xcom to 2021-01-01 00:00:00+00:00, run_after=2021-01-01 00:00:00+00:00
[2024-12-15T20:04:39.863+0000] {processor.py:208} INFO - Processing /home/airflow/.local/lib/python3.12/site-packages/airflow/example_dags/example_xcom.py took 0.874 seconds
[2024-12-15T20:06:02.238+0000] {processor.py:186} INFO - Started process (PID=565) to work on /home/airflow/.local/lib/python3.12/site-packages/airflow/example_dags/example_xcom.py
[2024-12-15T20:06:02.263+0000] {processor.py:914} INFO - Processing file /home/airflow/.local/lib/python3.12/site-packages/airflow/example_dags/example_xcom.py for tasks to queue
[2024-12-15T20:06:02.285+0000] {logging_mixin.py:190} INFO - [2024-12-15T20:06:02.279+0000] {dagbag.py:588} INFO - Filling up the DagBag from /home/airflow/.local/lib/python3.12/site-packages/airflow/example_dags/example_xcom.py
[2024-12-15T20:06:02.351+0000] {processor.py:925} INFO - DAG(s) 'example_xcom' retrieved from /home/airflow/.local/lib/python3.12/site-packages/airflow/example_dags/example_xcom.py
[2024-12-15T20:06:02.426+0000] {logging_mixin.py:190} INFO - [2024-12-15T20:06:02.426+0000] {dag.py:3239} INFO - Sync 1 DAGs
[2024-12-15T20:06:02.485+0000] {logging_mixin.py:190} INFO - [2024-12-15T20:06:02.485+0000] {dag.py:4180} INFO - Setting next_dagrun for example_xcom to 2021-01-01 00:00:00+00:00, run_after=2021-01-01 00:00:00+00:00
[2024-12-15T20:06:02.763+0000] {processor.py:208} INFO - Processing /home/airflow/.local/lib/python3.12/site-packages/airflow/example_dags/example_xcom.py took 0.603 seconds
[2024-12-15T20:06:33.614+0000] {processor.py:186} INFO - Started process (PID=638) to work on /home/airflow/.local/lib/python3.12/site-packages/airflow/example_dags/example_xcom.py
[2024-12-15T20:06:33.617+0000] {processor.py:914} INFO - Processing file /home/airflow/.local/lib/python3.12/site-packages/airflow/example_dags/example_xcom.py for tasks to queue
[2024-12-15T20:06:33.621+0000] {logging_mixin.py:190} INFO - [2024-12-15T20:06:33.620+0000] {dagbag.py:588} INFO - Filling up the DagBag from /home/airflow/.local/lib/python3.12/site-packages/airflow/example_dags/example_xcom.py
[2024-12-15T20:06:33.634+0000] {processor.py:925} INFO - DAG(s) 'example_xcom' retrieved from /home/airflow/.local/lib/python3.12/site-packages/airflow/example_dags/example_xcom.py
[2024-12-15T20:06:33.666+0000] {logging_mixin.py:190} INFO - [2024-12-15T20:06:33.666+0000] {dag.py:3239} INFO - Sync 1 DAGs
[2024-12-15T20:06:33.697+0000] {logging_mixin.py:190} INFO - [2024-12-15T20:06:33.696+0000] {dag.py:4180} INFO - Setting next_dagrun for example_xcom to 2021-01-01 00:00:00+00:00, run_after=2021-01-01 00:00:00+00:00
[2024-12-15T20:06:33.718+0000] {processor.py:208} INFO - Processing /home/airflow/.local/lib/python3.12/site-packages/airflow/example_dags/example_xcom.py took 0.111 seconds
[2024-12-15T20:07:07.211+0000] {processor.py:186} INFO - Started process (PID=704) to work on /home/airflow/.local/lib/python3.12/site-packages/airflow/example_dags/example_xcom.py
[2024-12-15T20:07:07.214+0000] {processor.py:914} INFO - Processing file /home/airflow/.local/lib/python3.12/site-packages/airflow/example_dags/example_xcom.py for tasks to queue
[2024-12-15T20:07:07.232+0000] {logging_mixin.py:190} INFO - [2024-12-15T20:07:07.230+0000] {dagbag.py:588} INFO - Filling up the DagBag from /home/airflow/.local/lib/python3.12/site-packages/airflow/example_dags/example_xcom.py
[2024-12-15T20:07:07.258+0000] {processor.py:925} INFO - DAG(s) 'example_xcom' retrieved from /home/airflow/.local/lib/python3.12/site-packages/airflow/example_dags/example_xcom.py
[2024-12-15T20:07:07.341+0000] {logging_mixin.py:190} INFO - [2024-12-15T20:07:07.335+0000] {dag.py:3239} INFO - Sync 1 DAGs
[2024-12-15T20:07:07.557+0000] {logging_mixin.py:190} INFO - [2024-12-15T20:07:07.556+0000] {dag.py:4180} INFO - Setting next_dagrun for example_xcom to 2021-01-01 00:00:00+00:00, run_after=2021-01-01 00:00:00+00:00
[2024-12-15T20:07:07.658+0000] {processor.py:208} INFO - Processing /home/airflow/.local/lib/python3.12/site-packages/airflow/example_dags/example_xcom.py took 0.465 seconds
[2024-12-15T20:16:28.725+0000] {processor.py:186} INFO - Started process (PID=69) to work on /home/airflow/.local/lib/python3.12/site-packages/airflow/example_dags/example_xcom.py
[2024-12-15T20:16:28.727+0000] {processor.py:914} INFO - Processing file /home/airflow/.local/lib/python3.12/site-packages/airflow/example_dags/example_xcom.py for tasks to queue
[2024-12-15T20:16:28.731+0000] {logging_mixin.py:190} INFO - [2024-12-15T20:16:28.730+0000] {dagbag.py:588} INFO - Filling up the DagBag from /home/airflow/.local/lib/python3.12/site-packages/airflow/example_dags/example_xcom.py
[2024-12-15T20:16:28.759+0000] {processor.py:925} INFO - DAG(s) 'example_xcom' retrieved from /home/airflow/.local/lib/python3.12/site-packages/airflow/example_dags/example_xcom.py
[2024-12-15T20:16:28.804+0000] {logging_mixin.py:190} INFO - [2024-12-15T20:16:28.803+0000] {dag.py:3239} INFO - Sync 1 DAGs
[2024-12-15T20:16:28.884+0000] {logging_mixin.py:190} INFO - [2024-12-15T20:16:28.884+0000] {dag.py:4180} INFO - Setting next_dagrun for example_xcom to 2021-01-01 00:00:00+00:00, run_after=2021-01-01 00:00:00+00:00
[2024-12-15T20:16:28.960+0000] {processor.py:208} INFO - Processing /home/airflow/.local/lib/python3.12/site-packages/airflow/example_dags/example_xcom.py took 0.254 seconds
[2024-12-15T20:17:00.155+0000] {processor.py:186} INFO - Started process (PID=133) to work on /home/airflow/.local/lib/python3.12/site-packages/airflow/example_dags/example_xcom.py
[2024-12-15T20:17:00.158+0000] {processor.py:914} INFO - Processing file /home/airflow/.local/lib/python3.12/site-packages/airflow/example_dags/example_xcom.py for tasks to queue
[2024-12-15T20:17:00.169+0000] {logging_mixin.py:190} INFO - [2024-12-15T20:17:00.168+0000] {dagbag.py:588} INFO - Filling up the DagBag from /home/airflow/.local/lib/python3.12/site-packages/airflow/example_dags/example_xcom.py
[2024-12-15T20:17:00.198+0000] {processor.py:925} INFO - DAG(s) 'example_xcom' retrieved from /home/airflow/.local/lib/python3.12/site-packages/airflow/example_dags/example_xcom.py
[2024-12-15T20:17:00.256+0000] {logging_mixin.py:190} INFO - [2024-12-15T20:17:00.256+0000] {dag.py:3239} INFO - Sync 1 DAGs
[2024-12-15T20:17:00.385+0000] {logging_mixin.py:190} INFO - [2024-12-15T20:17:00.383+0000] {dag.py:4180} INFO - Setting next_dagrun for example_xcom to 2021-01-01 00:00:00+00:00, run_after=2021-01-01 00:00:00+00:00
[2024-12-15T20:17:00.448+0000] {processor.py:208} INFO - Processing /home/airflow/.local/lib/python3.12/site-packages/airflow/example_dags/example_xcom.py took 0.306 seconds
[2024-12-15T20:17:30.756+0000] {processor.py:186} INFO - Started process (PID=196) to work on /home/airflow/.local/lib/python3.12/site-packages/airflow/example_dags/example_xcom.py
[2024-12-15T20:17:30.758+0000] {processor.py:914} INFO - Processing file /home/airflow/.local/lib/python3.12/site-packages/airflow/example_dags/example_xcom.py for tasks to queue
[2024-12-15T20:17:30.763+0000] {logging_mixin.py:190} INFO - [2024-12-15T20:17:30.763+0000] {dagbag.py:588} INFO - Filling up the DagBag from /home/airflow/.local/lib/python3.12/site-packages/airflow/example_dags/example_xcom.py
[2024-12-15T20:17:30.779+0000] {processor.py:925} INFO - DAG(s) 'example_xcom' retrieved from /home/airflow/.local/lib/python3.12/site-packages/airflow/example_dags/example_xcom.py
[2024-12-15T20:17:30.811+0000] {logging_mixin.py:190} INFO - [2024-12-15T20:17:30.810+0000] {dag.py:3239} INFO - Sync 1 DAGs
[2024-12-15T20:17:30.847+0000] {logging_mixin.py:190} INFO - [2024-12-15T20:17:30.847+0000] {dag.py:4180} INFO - Setting next_dagrun for example_xcom to 2021-01-01 00:00:00+00:00, run_after=2021-01-01 00:00:00+00:00
[2024-12-15T20:17:30.887+0000] {processor.py:208} INFO - Processing /home/airflow/.local/lib/python3.12/site-packages/airflow/example_dags/example_xcom.py took 0.141 seconds
[2024-12-15T20:18:04.295+0000] {processor.py:186} INFO - Started process (PID=260) to work on /home/airflow/.local/lib/python3.12/site-packages/airflow/example_dags/example_xcom.py
[2024-12-15T20:18:04.305+0000] {processor.py:914} INFO - Processing file /home/airflow/.local/lib/python3.12/site-packages/airflow/example_dags/example_xcom.py for tasks to queue
[2024-12-15T20:18:04.311+0000] {logging_mixin.py:190} INFO - [2024-12-15T20:18:04.310+0000] {dagbag.py:588} INFO - Filling up the DagBag from /home/airflow/.local/lib/python3.12/site-packages/airflow/example_dags/example_xcom.py
[2024-12-15T20:18:04.344+0000] {processor.py:925} INFO - DAG(s) 'example_xcom' retrieved from /home/airflow/.local/lib/python3.12/site-packages/airflow/example_dags/example_xcom.py
[2024-12-15T20:18:04.404+0000] {logging_mixin.py:190} INFO - [2024-12-15T20:18:04.404+0000] {dag.py:3239} INFO - Sync 1 DAGs
[2024-12-15T20:18:04.452+0000] {logging_mixin.py:190} INFO - [2024-12-15T20:18:04.452+0000] {dag.py:4180} INFO - Setting next_dagrun for example_xcom to 2021-01-01 00:00:00+00:00, run_after=2021-01-01 00:00:00+00:00
[2024-12-15T20:18:04.518+0000] {processor.py:208} INFO - Processing /home/airflow/.local/lib/python3.12/site-packages/airflow/example_dags/example_xcom.py took 0.257 seconds
[2024-12-15T20:18:38.200+0000] {processor.py:186} INFO - Started process (PID=324) to work on /home/airflow/.local/lib/python3.12/site-packages/airflow/example_dags/example_xcom.py
[2024-12-15T20:18:38.206+0000] {processor.py:914} INFO - Processing file /home/airflow/.local/lib/python3.12/site-packages/airflow/example_dags/example_xcom.py for tasks to queue
[2024-12-15T20:18:38.226+0000] {logging_mixin.py:190} INFO - [2024-12-15T20:18:38.225+0000] {dagbag.py:588} INFO - Filling up the DagBag from /home/airflow/.local/lib/python3.12/site-packages/airflow/example_dags/example_xcom.py
[2024-12-15T20:18:38.267+0000] {processor.py:925} INFO - DAG(s) 'example_xcom' retrieved from /home/airflow/.local/lib/python3.12/site-packages/airflow/example_dags/example_xcom.py
[2024-12-15T20:18:38.354+0000] {logging_mixin.py:190} INFO - [2024-12-15T20:18:38.354+0000] {dag.py:3239} INFO - Sync 1 DAGs
[2024-12-15T20:18:38.423+0000] {logging_mixin.py:190} INFO - [2024-12-15T20:18:38.423+0000] {dag.py:4180} INFO - Setting next_dagrun for example_xcom to 2021-01-01 00:00:00+00:00, run_after=2021-01-01 00:00:00+00:00
[2024-12-15T20:18:38.486+0000] {processor.py:208} INFO - Processing /home/airflow/.local/lib/python3.12/site-packages/airflow/example_dags/example_xcom.py took 0.309 seconds
[2024-12-15T20:19:10.325+0000] {processor.py:186} INFO - Started process (PID=387) to work on /home/airflow/.local/lib/python3.12/site-packages/airflow/example_dags/example_xcom.py
[2024-12-15T20:19:10.328+0000] {processor.py:914} INFO - Processing file /home/airflow/.local/lib/python3.12/site-packages/airflow/example_dags/example_xcom.py for tasks to queue
[2024-12-15T20:19:10.339+0000] {logging_mixin.py:190} INFO - [2024-12-15T20:19:10.335+0000] {dagbag.py:588} INFO - Filling up the DagBag from /home/airflow/.local/lib/python3.12/site-packages/airflow/example_dags/example_xcom.py
[2024-12-15T20:19:10.362+0000] {processor.py:925} INFO - DAG(s) 'example_xcom' retrieved from /home/airflow/.local/lib/python3.12/site-packages/airflow/example_dags/example_xcom.py
[2024-12-15T20:19:10.416+0000] {logging_mixin.py:190} INFO - [2024-12-15T20:19:10.415+0000] {dag.py:3239} INFO - Sync 1 DAGs
[2024-12-15T20:19:10.465+0000] {logging_mixin.py:190} INFO - [2024-12-15T20:19:10.464+0000] {dag.py:4180} INFO - Setting next_dagrun for example_xcom to 2021-01-01 00:00:00+00:00, run_after=2021-01-01 00:00:00+00:00
[2024-12-15T20:19:10.497+0000] {processor.py:208} INFO - Processing /home/airflow/.local/lib/python3.12/site-packages/airflow/example_dags/example_xcom.py took 0.198 seconds
[2024-12-15T20:20:44.892+0000] {processor.py:186} INFO - Started process (PID=447) to work on /home/airflow/.local/lib/python3.12/site-packages/airflow/example_dags/example_xcom.py
[2024-12-15T20:20:44.916+0000] {processor.py:914} INFO - Processing file /home/airflow/.local/lib/python3.12/site-packages/airflow/example_dags/example_xcom.py for tasks to queue
[2024-12-15T20:20:44.988+0000] {logging_mixin.py:190} INFO - [2024-12-15T20:20:44.980+0000] {dagbag.py:588} INFO - Filling up the DagBag from /home/airflow/.local/lib/python3.12/site-packages/airflow/example_dags/example_xcom.py
[2024-12-15T20:20:45.148+0000] {processor.py:925} INFO - DAG(s) 'example_xcom' retrieved from /home/airflow/.local/lib/python3.12/site-packages/airflow/example_dags/example_xcom.py
[2024-12-15T20:20:46.387+0000] {logging_mixin.py:190} INFO - [2024-12-15T20:20:46.387+0000] {dag.py:3239} INFO - Sync 1 DAGs
[2024-12-15T20:20:47.087+0000] {logging_mixin.py:190} INFO - [2024-12-15T20:20:47.086+0000] {dag.py:4180} INFO - Setting next_dagrun for example_xcom to 2021-01-01 00:00:00+00:00, run_after=2021-01-01 00:00:00+00:00
[2024-12-15T20:20:47.588+0000] {processor.py:208} INFO - Processing /home/airflow/.local/lib/python3.12/site-packages/airflow/example_dags/example_xcom.py took 2.772 seconds
[2024-12-15T20:21:18.552+0000] {processor.py:186} INFO - Started process (PID=510) to work on /home/airflow/.local/lib/python3.12/site-packages/airflow/example_dags/example_xcom.py
[2024-12-15T20:21:18.558+0000] {processor.py:914} INFO - Processing file /home/airflow/.local/lib/python3.12/site-packages/airflow/example_dags/example_xcom.py for tasks to queue
[2024-12-15T20:21:18.562+0000] {logging_mixin.py:190} INFO - [2024-12-15T20:21:18.560+0000] {dagbag.py:588} INFO - Filling up the DagBag from /home/airflow/.local/lib/python3.12/site-packages/airflow/example_dags/example_xcom.py
[2024-12-15T20:21:18.587+0000] {processor.py:925} INFO - DAG(s) 'example_xcom' retrieved from /home/airflow/.local/lib/python3.12/site-packages/airflow/example_dags/example_xcom.py
[2024-12-15T20:21:18.622+0000] {logging_mixin.py:190} INFO - [2024-12-15T20:21:18.622+0000] {dag.py:3239} INFO - Sync 1 DAGs
[2024-12-15T20:21:18.661+0000] {logging_mixin.py:190} INFO - [2024-12-15T20:21:18.661+0000] {dag.py:4180} INFO - Setting next_dagrun for example_xcom to 2021-01-01 00:00:00+00:00, run_after=2021-01-01 00:00:00+00:00
[2024-12-15T20:21:18.702+0000] {processor.py:208} INFO - Processing /home/airflow/.local/lib/python3.12/site-packages/airflow/example_dags/example_xcom.py took 0.168 seconds
[2024-12-15T20:21:48.941+0000] {processor.py:186} INFO - Started process (PID=576) to work on /home/airflow/.local/lib/python3.12/site-packages/airflow/example_dags/example_xcom.py
[2024-12-15T20:21:48.948+0000] {processor.py:914} INFO - Processing file /home/airflow/.local/lib/python3.12/site-packages/airflow/example_dags/example_xcom.py for tasks to queue
[2024-12-15T20:21:48.953+0000] {logging_mixin.py:190} INFO - [2024-12-15T20:21:48.952+0000] {dagbag.py:588} INFO - Filling up the DagBag from /home/airflow/.local/lib/python3.12/site-packages/airflow/example_dags/example_xcom.py
[2024-12-15T20:21:48.972+0000] {processor.py:925} INFO - DAG(s) 'example_xcom' retrieved from /home/airflow/.local/lib/python3.12/site-packages/airflow/example_dags/example_xcom.py
[2024-12-15T20:21:49.007+0000] {logging_mixin.py:190} INFO - [2024-12-15T20:21:49.007+0000] {dag.py:3239} INFO - Sync 1 DAGs
[2024-12-15T20:21:49.049+0000] {logging_mixin.py:190} INFO - [2024-12-15T20:21:49.049+0000] {dag.py:4180} INFO - Setting next_dagrun for example_xcom to 2021-01-01 00:00:00+00:00, run_after=2021-01-01 00:00:00+00:00
[2024-12-15T20:21:49.076+0000] {processor.py:208} INFO - Processing /home/airflow/.local/lib/python3.12/site-packages/airflow/example_dags/example_xcom.py took 0.154 seconds
[2024-12-15T20:22:22.134+0000] {processor.py:186} INFO - Started process (PID=636) to work on /home/airflow/.local/lib/python3.12/site-packages/airflow/example_dags/example_xcom.py
[2024-12-15T20:22:22.137+0000] {processor.py:914} INFO - Processing file /home/airflow/.local/lib/python3.12/site-packages/airflow/example_dags/example_xcom.py for tasks to queue
[2024-12-15T20:22:22.140+0000] {logging_mixin.py:190} INFO - [2024-12-15T20:22:22.139+0000] {dagbag.py:588} INFO - Filling up the DagBag from /home/airflow/.local/lib/python3.12/site-packages/airflow/example_dags/example_xcom.py
[2024-12-15T20:22:22.156+0000] {processor.py:925} INFO - DAG(s) 'example_xcom' retrieved from /home/airflow/.local/lib/python3.12/site-packages/airflow/example_dags/example_xcom.py
[2024-12-15T20:22:22.183+0000] {logging_mixin.py:190} INFO - [2024-12-15T20:22:22.183+0000] {dag.py:3239} INFO - Sync 1 DAGs
[2024-12-15T20:22:22.216+0000] {logging_mixin.py:190} INFO - [2024-12-15T20:22:22.216+0000] {dag.py:4180} INFO - Setting next_dagrun for example_xcom to 2021-01-01 00:00:00+00:00, run_after=2021-01-01 00:00:00+00:00
[2024-12-15T20:22:22.244+0000] {processor.py:208} INFO - Processing /home/airflow/.local/lib/python3.12/site-packages/airflow/example_dags/example_xcom.py took 0.119 seconds
[2024-12-15T20:22:53.247+0000] {processor.py:186} INFO - Started process (PID=702) to work on /home/airflow/.local/lib/python3.12/site-packages/airflow/example_dags/example_xcom.py
[2024-12-15T20:22:53.250+0000] {processor.py:914} INFO - Processing file /home/airflow/.local/lib/python3.12/site-packages/airflow/example_dags/example_xcom.py for tasks to queue
[2024-12-15T20:22:53.255+0000] {logging_mixin.py:190} INFO - [2024-12-15T20:22:53.254+0000] {dagbag.py:588} INFO - Filling up the DagBag from /home/airflow/.local/lib/python3.12/site-packages/airflow/example_dags/example_xcom.py
[2024-12-15T20:22:53.275+0000] {processor.py:925} INFO - DAG(s) 'example_xcom' retrieved from /home/airflow/.local/lib/python3.12/site-packages/airflow/example_dags/example_xcom.py
[2024-12-15T20:22:53.310+0000] {logging_mixin.py:190} INFO - [2024-12-15T20:22:53.310+0000] {dag.py:3239} INFO - Sync 1 DAGs
[2024-12-15T20:22:53.360+0000] {logging_mixin.py:190} INFO - [2024-12-15T20:22:53.360+0000] {dag.py:4180} INFO - Setting next_dagrun for example_xcom to 2021-01-01 00:00:00+00:00, run_after=2021-01-01 00:00:00+00:00
[2024-12-15T20:22:53.402+0000] {processor.py:208} INFO - Processing /home/airflow/.local/lib/python3.12/site-packages/airflow/example_dags/example_xcom.py took 0.169 seconds
[2024-12-15T20:23:26.836+0000] {processor.py:186} INFO - Started process (PID=766) to work on /home/airflow/.local/lib/python3.12/site-packages/airflow/example_dags/example_xcom.py
[2024-12-15T20:23:26.838+0000] {processor.py:914} INFO - Processing file /home/airflow/.local/lib/python3.12/site-packages/airflow/example_dags/example_xcom.py for tasks to queue
[2024-12-15T20:23:26.841+0000] {logging_mixin.py:190} INFO - [2024-12-15T20:23:26.840+0000] {dagbag.py:588} INFO - Filling up the DagBag from /home/airflow/.local/lib/python3.12/site-packages/airflow/example_dags/example_xcom.py
[2024-12-15T20:23:26.863+0000] {processor.py:925} INFO - DAG(s) 'example_xcom' retrieved from /home/airflow/.local/lib/python3.12/site-packages/airflow/example_dags/example_xcom.py
[2024-12-15T20:23:26.909+0000] {logging_mixin.py:190} INFO - [2024-12-15T20:23:26.909+0000] {dag.py:3239} INFO - Sync 1 DAGs
[2024-12-15T20:23:26.956+0000] {logging_mixin.py:190} INFO - [2024-12-15T20:23:26.956+0000] {dag.py:4180} INFO - Setting next_dagrun for example_xcom to 2021-01-01 00:00:00+00:00, run_after=2021-01-01 00:00:00+00:00
[2024-12-15T20:23:26.991+0000] {processor.py:208} INFO - Processing /home/airflow/.local/lib/python3.12/site-packages/airflow/example_dags/example_xcom.py took 0.168 seconds
[2024-12-15T20:29:02.427+0000] {processor.py:186} INFO - Started process (PID=868) to work on /home/airflow/.local/lib/python3.12/site-packages/airflow/example_dags/example_xcom.py
[2024-12-15T20:29:02.433+0000] {processor.py:914} INFO - Processing file /home/airflow/.local/lib/python3.12/site-packages/airflow/example_dags/example_xcom.py for tasks to queue
[2024-12-15T20:29:02.441+0000] {logging_mixin.py:190} INFO - [2024-12-15T20:29:02.438+0000] {dagbag.py:588} INFO - Filling up the DagBag from /home/airflow/.local/lib/python3.12/site-packages/airflow/example_dags/example_xcom.py
[2024-12-15T20:29:02.477+0000] {processor.py:925} INFO - DAG(s) 'example_xcom' retrieved from /home/airflow/.local/lib/python3.12/site-packages/airflow/example_dags/example_xcom.py
[2024-12-15T20:29:02.656+0000] {logging_mixin.py:190} INFO - [2024-12-15T20:29:02.656+0000] {dag.py:3239} INFO - Sync 1 DAGs
[2024-12-15T20:29:02.831+0000] {logging_mixin.py:190} INFO - [2024-12-15T20:29:02.830+0000] {dag.py:4180} INFO - Setting next_dagrun for example_xcom to 2021-01-01 00:00:00+00:00, run_after=2021-01-01 00:00:00+00:00
[2024-12-15T20:29:02.938+0000] {processor.py:208} INFO - Processing /home/airflow/.local/lib/python3.12/site-packages/airflow/example_dags/example_xcom.py took 0.523 seconds
[2024-12-15T20:30:20.839+0000] {processor.py:186} INFO - Started process (PID=943) to work on /home/airflow/.local/lib/python3.12/site-packages/airflow/example_dags/example_xcom.py
[2024-12-15T20:30:20.849+0000] {processor.py:914} INFO - Processing file /home/airflow/.local/lib/python3.12/site-packages/airflow/example_dags/example_xcom.py for tasks to queue
[2024-12-15T20:30:20.859+0000] {logging_mixin.py:190} INFO - [2024-12-15T20:30:20.858+0000] {dagbag.py:588} INFO - Filling up the DagBag from /home/airflow/.local/lib/python3.12/site-packages/airflow/example_dags/example_xcom.py
[2024-12-15T20:30:20.967+0000] {processor.py:925} INFO - DAG(s) 'example_xcom' retrieved from /home/airflow/.local/lib/python3.12/site-packages/airflow/example_dags/example_xcom.py
[2024-12-15T20:30:21.119+0000] {logging_mixin.py:190} INFO - [2024-12-15T20:30:21.115+0000] {dag.py:3239} INFO - Sync 1 DAGs
[2024-12-15T20:30:21.258+0000] {logging_mixin.py:190} INFO - [2024-12-15T20:30:21.257+0000] {dag.py:4180} INFO - Setting next_dagrun for example_xcom to 2021-01-01 00:00:00+00:00, run_after=2021-01-01 00:00:00+00:00
[2024-12-15T20:30:21.396+0000] {processor.py:208} INFO - Processing /home/airflow/.local/lib/python3.12/site-packages/airflow/example_dags/example_xcom.py took 0.648 seconds
[2024-12-15T20:30:51.735+0000] {processor.py:186} INFO - Started process (PID=1008) to work on /home/airflow/.local/lib/python3.12/site-packages/airflow/example_dags/example_xcom.py
[2024-12-15T20:30:51.740+0000] {processor.py:914} INFO - Processing file /home/airflow/.local/lib/python3.12/site-packages/airflow/example_dags/example_xcom.py for tasks to queue
[2024-12-15T20:30:51.750+0000] {logging_mixin.py:190} INFO - [2024-12-15T20:30:51.747+0000] {dagbag.py:588} INFO - Filling up the DagBag from /home/airflow/.local/lib/python3.12/site-packages/airflow/example_dags/example_xcom.py
[2024-12-15T20:30:51.786+0000] {processor.py:925} INFO - DAG(s) 'example_xcom' retrieved from /home/airflow/.local/lib/python3.12/site-packages/airflow/example_dags/example_xcom.py
[2024-12-15T20:30:51.840+0000] {logging_mixin.py:190} INFO - [2024-12-15T20:30:51.840+0000] {dag.py:3239} INFO - Sync 1 DAGs
[2024-12-15T20:30:51.952+0000] {logging_mixin.py:190} INFO - [2024-12-15T20:30:51.948+0000] {dag.py:4180} INFO - Setting next_dagrun for example_xcom to 2021-01-01 00:00:00+00:00, run_after=2021-01-01 00:00:00+00:00
[2024-12-15T20:30:52.025+0000] {processor.py:208} INFO - Processing /home/airflow/.local/lib/python3.12/site-packages/airflow/example_dags/example_xcom.py took 0.313 seconds
[2024-12-15T20:31:22.934+0000] {processor.py:186} INFO - Started process (PID=1073) to work on /home/airflow/.local/lib/python3.12/site-packages/airflow/example_dags/example_xcom.py
[2024-12-15T20:31:22.938+0000] {processor.py:914} INFO - Processing file /home/airflow/.local/lib/python3.12/site-packages/airflow/example_dags/example_xcom.py for tasks to queue
[2024-12-15T20:31:22.940+0000] {logging_mixin.py:190} INFO - [2024-12-15T20:31:22.940+0000] {dagbag.py:588} INFO - Filling up the DagBag from /home/airflow/.local/lib/python3.12/site-packages/airflow/example_dags/example_xcom.py
[2024-12-15T20:31:22.955+0000] {processor.py:925} INFO - DAG(s) 'example_xcom' retrieved from /home/airflow/.local/lib/python3.12/site-packages/airflow/example_dags/example_xcom.py
[2024-12-15T20:31:22.998+0000] {logging_mixin.py:190} INFO - [2024-12-15T20:31:22.998+0000] {dag.py:3239} INFO - Sync 1 DAGs
[2024-12-15T20:31:23.056+0000] {logging_mixin.py:190} INFO - [2024-12-15T20:31:23.056+0000] {dag.py:4180} INFO - Setting next_dagrun for example_xcom to 2021-01-01 00:00:00+00:00, run_after=2021-01-01 00:00:00+00:00
[2024-12-15T20:31:23.092+0000] {processor.py:208} INFO - Processing /home/airflow/.local/lib/python3.12/site-packages/airflow/example_dags/example_xcom.py took 0.166 seconds
[2024-12-15T20:32:58.688+0000] {processor.py:186} INFO - Started process (PID=1133) to work on /home/airflow/.local/lib/python3.12/site-packages/airflow/example_dags/example_xcom.py
[2024-12-15T20:32:58.754+0000] {processor.py:914} INFO - Processing file /home/airflow/.local/lib/python3.12/site-packages/airflow/example_dags/example_xcom.py for tasks to queue
[2024-12-15T20:32:58.804+0000] {logging_mixin.py:190} INFO - [2024-12-15T20:32:58.800+0000] {dagbag.py:588} INFO - Filling up the DagBag from /home/airflow/.local/lib/python3.12/site-packages/airflow/example_dags/example_xcom.py
[2024-12-15T20:32:58.876+0000] {processor.py:925} INFO - DAG(s) 'example_xcom' retrieved from /home/airflow/.local/lib/python3.12/site-packages/airflow/example_dags/example_xcom.py
[2024-12-15T20:32:58.996+0000] {logging_mixin.py:190} INFO - [2024-12-15T20:32:58.996+0000] {dag.py:3239} INFO - Sync 1 DAGs
[2024-12-15T20:32:59.104+0000] {logging_mixin.py:190} INFO - [2024-12-15T20:32:59.103+0000] {dag.py:4180} INFO - Setting next_dagrun for example_xcom to 2021-01-01 00:00:00+00:00, run_after=2021-01-01 00:00:00+00:00
[2024-12-15T20:32:59.163+0000] {processor.py:208} INFO - Processing /home/airflow/.local/lib/python3.12/site-packages/airflow/example_dags/example_xcom.py took 0.506 seconds
[2024-12-15T20:33:29.973+0000] {processor.py:186} INFO - Started process (PID=1199) to work on /home/airflow/.local/lib/python3.12/site-packages/airflow/example_dags/example_xcom.py
[2024-12-15T20:33:29.976+0000] {processor.py:914} INFO - Processing file /home/airflow/.local/lib/python3.12/site-packages/airflow/example_dags/example_xcom.py for tasks to queue
[2024-12-15T20:33:29.999+0000] {logging_mixin.py:190} INFO - [2024-12-15T20:33:29.996+0000] {dagbag.py:588} INFO - Filling up the DagBag from /home/airflow/.local/lib/python3.12/site-packages/airflow/example_dags/example_xcom.py
[2024-12-15T20:33:30.066+0000] {processor.py:925} INFO - DAG(s) 'example_xcom' retrieved from /home/airflow/.local/lib/python3.12/site-packages/airflow/example_dags/example_xcom.py
[2024-12-15T20:33:30.131+0000] {logging_mixin.py:190} INFO - [2024-12-15T20:33:30.131+0000] {dag.py:3239} INFO - Sync 1 DAGs
[2024-12-15T20:33:30.197+0000] {logging_mixin.py:190} INFO - [2024-12-15T20:33:30.196+0000] {dag.py:4180} INFO - Setting next_dagrun for example_xcom to 2021-01-01 00:00:00+00:00, run_after=2021-01-01 00:00:00+00:00
[2024-12-15T20:33:30.231+0000] {processor.py:208} INFO - Processing /home/airflow/.local/lib/python3.12/site-packages/airflow/example_dags/example_xcom.py took 0.284 seconds
[2024-12-15T20:34:00.369+0000] {processor.py:186} INFO - Started process (PID=1263) to work on /home/airflow/.local/lib/python3.12/site-packages/airflow/example_dags/example_xcom.py
[2024-12-15T20:34:00.371+0000] {processor.py:914} INFO - Processing file /home/airflow/.local/lib/python3.12/site-packages/airflow/example_dags/example_xcom.py for tasks to queue
[2024-12-15T20:34:00.374+0000] {logging_mixin.py:190} INFO - [2024-12-15T20:34:00.374+0000] {dagbag.py:588} INFO - Filling up the DagBag from /home/airflow/.local/lib/python3.12/site-packages/airflow/example_dags/example_xcom.py
[2024-12-15T20:34:00.390+0000] {processor.py:925} INFO - DAG(s) 'example_xcom' retrieved from /home/airflow/.local/lib/python3.12/site-packages/airflow/example_dags/example_xcom.py
[2024-12-15T20:34:00.430+0000] {logging_mixin.py:190} INFO - [2024-12-15T20:34:00.430+0000] {dag.py:3239} INFO - Sync 1 DAGs
[2024-12-15T20:34:00.460+0000] {logging_mixin.py:190} INFO - [2024-12-15T20:34:00.459+0000] {dag.py:4180} INFO - Setting next_dagrun for example_xcom to 2021-01-01 00:00:00+00:00, run_after=2021-01-01 00:00:00+00:00
[2024-12-15T20:34:00.485+0000] {processor.py:208} INFO - Processing /home/airflow/.local/lib/python3.12/site-packages/airflow/example_dags/example_xcom.py took 0.127 seconds
[2024-12-15T20:34:30.765+0000] {processor.py:186} INFO - Started process (PID=1328) to work on /home/airflow/.local/lib/python3.12/site-packages/airflow/example_dags/example_xcom.py
[2024-12-15T20:34:30.768+0000] {processor.py:914} INFO - Processing file /home/airflow/.local/lib/python3.12/site-packages/airflow/example_dags/example_xcom.py for tasks to queue
[2024-12-15T20:34:30.773+0000] {logging_mixin.py:190} INFO - [2024-12-15T20:34:30.772+0000] {dagbag.py:588} INFO - Filling up the DagBag from /home/airflow/.local/lib/python3.12/site-packages/airflow/example_dags/example_xcom.py
[2024-12-15T20:34:30.796+0000] {processor.py:925} INFO - DAG(s) 'example_xcom' retrieved from /home/airflow/.local/lib/python3.12/site-packages/airflow/example_dags/example_xcom.py
[2024-12-15T20:34:30.834+0000] {logging_mixin.py:190} INFO - [2024-12-15T20:34:30.834+0000] {dag.py:3239} INFO - Sync 1 DAGs
[2024-12-15T20:34:30.862+0000] {logging_mixin.py:190} INFO - [2024-12-15T20:34:30.861+0000] {dag.py:4180} INFO - Setting next_dagrun for example_xcom to 2021-01-01 00:00:00+00:00, run_after=2021-01-01 00:00:00+00:00
[2024-12-15T20:34:30.884+0000] {processor.py:208} INFO - Processing /home/airflow/.local/lib/python3.12/site-packages/airflow/example_dags/example_xcom.py took 0.134 seconds
[2024-12-15T20:35:07.583+0000] {processor.py:186} INFO - Started process (PID=1394) to work on /home/airflow/.local/lib/python3.12/site-packages/airflow/example_dags/example_xcom.py
[2024-12-15T20:35:07.586+0000] {processor.py:914} INFO - Processing file /home/airflow/.local/lib/python3.12/site-packages/airflow/example_dags/example_xcom.py for tasks to queue
[2024-12-15T20:35:07.588+0000] {logging_mixin.py:190} INFO - [2024-12-15T20:35:07.588+0000] {dagbag.py:588} INFO - Filling up the DagBag from /home/airflow/.local/lib/python3.12/site-packages/airflow/example_dags/example_xcom.py
[2024-12-15T20:35:07.615+0000] {processor.py:925} INFO - DAG(s) 'example_xcom' retrieved from /home/airflow/.local/lib/python3.12/site-packages/airflow/example_dags/example_xcom.py
[2024-12-15T20:35:07.643+0000] {logging_mixin.py:190} INFO - [2024-12-15T20:35:07.643+0000] {dag.py:3239} INFO - Sync 1 DAGs
[2024-12-15T20:35:07.743+0000] {logging_mixin.py:190} INFO - [2024-12-15T20:35:07.742+0000] {dag.py:4180} INFO - Setting next_dagrun for example_xcom to 2021-01-01 00:00:00+00:00, run_after=2021-01-01 00:00:00+00:00
[2024-12-15T20:35:07.792+0000] {processor.py:208} INFO - Processing /home/airflow/.local/lib/python3.12/site-packages/airflow/example_dags/example_xcom.py took 0.224 seconds
[2024-12-15T20:35:55.263+0000] {processor.py:186} INFO - Started process (PID=1465) to work on /home/airflow/.local/lib/python3.12/site-packages/airflow/example_dags/example_xcom.py
[2024-12-15T20:35:55.265+0000] {processor.py:914} INFO - Processing file /home/airflow/.local/lib/python3.12/site-packages/airflow/example_dags/example_xcom.py for tasks to queue
[2024-12-15T20:35:55.268+0000] {logging_mixin.py:190} INFO - [2024-12-15T20:35:55.267+0000] {dagbag.py:588} INFO - Filling up the DagBag from /home/airflow/.local/lib/python3.12/site-packages/airflow/example_dags/example_xcom.py
[2024-12-15T20:35:55.284+0000] {processor.py:925} INFO - DAG(s) 'example_xcom' retrieved from /home/airflow/.local/lib/python3.12/site-packages/airflow/example_dags/example_xcom.py
[2024-12-15T20:35:55.313+0000] {logging_mixin.py:190} INFO - [2024-12-15T20:35:55.313+0000] {dag.py:3239} INFO - Sync 1 DAGs
[2024-12-15T20:35:55.344+0000] {logging_mixin.py:190} INFO - [2024-12-15T20:35:55.344+0000] {dag.py:4180} INFO - Setting next_dagrun for example_xcom to 2021-01-01 00:00:00+00:00, run_after=2021-01-01 00:00:00+00:00
[2024-12-15T20:35:55.386+0000] {processor.py:208} INFO - Processing /home/airflow/.local/lib/python3.12/site-packages/airflow/example_dags/example_xcom.py took 0.135 seconds
[2024-12-15T20:36:26.247+0000] {processor.py:186} INFO - Started process (PID=1530) to work on /home/airflow/.local/lib/python3.12/site-packages/airflow/example_dags/example_xcom.py
[2024-12-15T20:36:26.250+0000] {processor.py:914} INFO - Processing file /home/airflow/.local/lib/python3.12/site-packages/airflow/example_dags/example_xcom.py for tasks to queue
[2024-12-15T20:36:26.253+0000] {logging_mixin.py:190} INFO - [2024-12-15T20:36:26.253+0000] {dagbag.py:588} INFO - Filling up the DagBag from /home/airflow/.local/lib/python3.12/site-packages/airflow/example_dags/example_xcom.py
[2024-12-15T20:36:26.268+0000] {processor.py:925} INFO - DAG(s) 'example_xcom' retrieved from /home/airflow/.local/lib/python3.12/site-packages/airflow/example_dags/example_xcom.py
[2024-12-15T20:36:26.298+0000] {logging_mixin.py:190} INFO - [2024-12-15T20:36:26.298+0000] {dag.py:3239} INFO - Sync 1 DAGs
[2024-12-15T20:36:26.328+0000] {logging_mixin.py:190} INFO - [2024-12-15T20:36:26.328+0000] {dag.py:4180} INFO - Setting next_dagrun for example_xcom to 2021-01-01 00:00:00+00:00, run_after=2021-01-01 00:00:00+00:00
[2024-12-15T20:36:26.349+0000] {processor.py:208} INFO - Processing /home/airflow/.local/lib/python3.12/site-packages/airflow/example_dags/example_xcom.py took 0.109 seconds
[2024-12-15T20:36:56.836+0000] {processor.py:186} INFO - Started process (PID=1595) to work on /home/airflow/.local/lib/python3.12/site-packages/airflow/example_dags/example_xcom.py
[2024-12-15T20:36:56.840+0000] {processor.py:914} INFO - Processing file /home/airflow/.local/lib/python3.12/site-packages/airflow/example_dags/example_xcom.py for tasks to queue
[2024-12-15T20:36:56.843+0000] {logging_mixin.py:190} INFO - [2024-12-15T20:36:56.842+0000] {dagbag.py:588} INFO - Filling up the DagBag from /home/airflow/.local/lib/python3.12/site-packages/airflow/example_dags/example_xcom.py
[2024-12-15T20:36:56.863+0000] {processor.py:925} INFO - DAG(s) 'example_xcom' retrieved from /home/airflow/.local/lib/python3.12/site-packages/airflow/example_dags/example_xcom.py
[2024-12-15T20:36:56.895+0000] {logging_mixin.py:190} INFO - [2024-12-15T20:36:56.895+0000] {dag.py:3239} INFO - Sync 1 DAGs
[2024-12-15T20:36:56.926+0000] {logging_mixin.py:190} INFO - [2024-12-15T20:36:56.926+0000] {dag.py:4180} INFO - Setting next_dagrun for example_xcom to 2021-01-01 00:00:00+00:00, run_after=2021-01-01 00:00:00+00:00
[2024-12-15T20:36:56.962+0000] {processor.py:208} INFO - Processing /home/airflow/.local/lib/python3.12/site-packages/airflow/example_dags/example_xcom.py took 0.141 seconds
[2024-12-15T20:37:28.932+0000] {processor.py:186} INFO - Started process (PID=1659) to work on /home/airflow/.local/lib/python3.12/site-packages/airflow/example_dags/example_xcom.py
[2024-12-15T20:37:28.936+0000] {processor.py:914} INFO - Processing file /home/airflow/.local/lib/python3.12/site-packages/airflow/example_dags/example_xcom.py for tasks to queue
[2024-12-15T20:37:28.939+0000] {logging_mixin.py:190} INFO - [2024-12-15T20:37:28.938+0000] {dagbag.py:588} INFO - Filling up the DagBag from /home/airflow/.local/lib/python3.12/site-packages/airflow/example_dags/example_xcom.py
[2024-12-15T20:37:28.967+0000] {processor.py:925} INFO - DAG(s) 'example_xcom' retrieved from /home/airflow/.local/lib/python3.12/site-packages/airflow/example_dags/example_xcom.py
[2024-12-15T20:37:29.021+0000] {logging_mixin.py:190} INFO - [2024-12-15T20:37:29.021+0000] {dag.py:3239} INFO - Sync 1 DAGs
[2024-12-15T20:37:29.060+0000] {logging_mixin.py:190} INFO - [2024-12-15T20:37:29.060+0000] {dag.py:4180} INFO - Setting next_dagrun for example_xcom to 2021-01-01 00:00:00+00:00, run_after=2021-01-01 00:00:00+00:00
[2024-12-15T20:37:29.087+0000] {processor.py:208} INFO - Processing /home/airflow/.local/lib/python3.12/site-packages/airflow/example_dags/example_xcom.py took 0.172 seconds
[2024-12-15T20:38:01.163+0000] {processor.py:186} INFO - Started process (PID=1724) to work on /home/airflow/.local/lib/python3.12/site-packages/airflow/example_dags/example_xcom.py
[2024-12-15T20:38:01.175+0000] {processor.py:914} INFO - Processing file /home/airflow/.local/lib/python3.12/site-packages/airflow/example_dags/example_xcom.py for tasks to queue
[2024-12-15T20:38:01.188+0000] {logging_mixin.py:190} INFO - [2024-12-15T20:38:01.184+0000] {dagbag.py:588} INFO - Filling up the DagBag from /home/airflow/.local/lib/python3.12/site-packages/airflow/example_dags/example_xcom.py
[2024-12-15T20:38:01.263+0000] {processor.py:925} INFO - DAG(s) 'example_xcom' retrieved from /home/airflow/.local/lib/python3.12/site-packages/airflow/example_dags/example_xcom.py
[2024-12-15T20:38:01.355+0000] {logging_mixin.py:190} INFO - [2024-12-15T20:38:01.354+0000] {dag.py:3239} INFO - Sync 1 DAGs
[2024-12-15T20:38:01.416+0000] {logging_mixin.py:190} INFO - [2024-12-15T20:38:01.414+0000] {dag.py:4180} INFO - Setting next_dagrun for example_xcom to 2021-01-01 00:00:00+00:00, run_after=2021-01-01 00:00:00+00:00
[2024-12-15T20:38:01.471+0000] {processor.py:208} INFO - Processing /home/airflow/.local/lib/python3.12/site-packages/airflow/example_dags/example_xcom.py took 0.335 seconds
[2024-12-15T20:38:31.995+0000] {processor.py:186} INFO - Started process (PID=1790) to work on /home/airflow/.local/lib/python3.12/site-packages/airflow/example_dags/example_xcom.py
[2024-12-15T20:38:31.996+0000] {processor.py:914} INFO - Processing file /home/airflow/.local/lib/python3.12/site-packages/airflow/example_dags/example_xcom.py for tasks to queue
[2024-12-15T20:38:31.998+0000] {logging_mixin.py:190} INFO - [2024-12-15T20:38:31.998+0000] {dagbag.py:588} INFO - Filling up the DagBag from /home/airflow/.local/lib/python3.12/site-packages/airflow/example_dags/example_xcom.py
[2024-12-15T20:38:32.012+0000] {processor.py:925} INFO - DAG(s) 'example_xcom' retrieved from /home/airflow/.local/lib/python3.12/site-packages/airflow/example_dags/example_xcom.py
[2024-12-15T20:38:32.040+0000] {logging_mixin.py:190} INFO - [2024-12-15T20:38:32.040+0000] {dag.py:3239} INFO - Sync 1 DAGs
[2024-12-15T20:38:32.065+0000] {logging_mixin.py:190} INFO - [2024-12-15T20:38:32.065+0000] {dag.py:4180} INFO - Setting next_dagrun for example_xcom to 2021-01-01 00:00:00+00:00, run_after=2021-01-01 00:00:00+00:00
[2024-12-15T20:38:32.101+0000] {processor.py:208} INFO - Processing /home/airflow/.local/lib/python3.12/site-packages/airflow/example_dags/example_xcom.py took 0.116 seconds
[2024-12-15T20:41:01.153+0000] {processor.py:186} INFO - Started process (PID=1818) to work on /home/airflow/.local/lib/python3.12/site-packages/airflow/example_dags/example_xcom.py
[2024-12-15T20:41:01.157+0000] {processor.py:914} INFO - Processing file /home/airflow/.local/lib/python3.12/site-packages/airflow/example_dags/example_xcom.py for tasks to queue
[2024-12-15T20:41:01.163+0000] {logging_mixin.py:190} INFO - [2024-12-15T20:41:01.161+0000] {dagbag.py:588} INFO - Filling up the DagBag from /home/airflow/.local/lib/python3.12/site-packages/airflow/example_dags/example_xcom.py
[2024-12-15T20:41:01.396+0000] {processor.py:925} INFO - DAG(s) 'example_xcom' retrieved from /home/airflow/.local/lib/python3.12/site-packages/airflow/example_dags/example_xcom.py
[2024-12-15T20:41:02.540+0000] {logging_mixin.py:190} INFO - [2024-12-15T20:41:02.539+0000] {dag.py:3239} INFO - Sync 1 DAGs
[2024-12-15T20:41:02.707+0000] {logging_mixin.py:190} INFO - [2024-12-15T20:41:02.706+0000] {dag.py:4180} INFO - Setting next_dagrun for example_xcom to 2021-01-01 00:00:00+00:00, run_after=2021-01-01 00:00:00+00:00
[2024-12-15T20:41:02.908+0000] {processor.py:208} INFO - Processing /home/airflow/.local/lib/python3.12/site-packages/airflow/example_dags/example_xcom.py took 1.802 seconds
[2024-12-15T20:41:33.553+0000] {processor.py:186} INFO - Started process (PID=1890) to work on /home/airflow/.local/lib/python3.12/site-packages/airflow/example_dags/example_xcom.py
[2024-12-15T20:41:33.556+0000] {processor.py:914} INFO - Processing file /home/airflow/.local/lib/python3.12/site-packages/airflow/example_dags/example_xcom.py for tasks to queue
[2024-12-15T20:41:33.559+0000] {logging_mixin.py:190} INFO - [2024-12-15T20:41:33.559+0000] {dagbag.py:588} INFO - Filling up the DagBag from /home/airflow/.local/lib/python3.12/site-packages/airflow/example_dags/example_xcom.py
[2024-12-15T20:41:33.580+0000] {processor.py:925} INFO - DAG(s) 'example_xcom' retrieved from /home/airflow/.local/lib/python3.12/site-packages/airflow/example_dags/example_xcom.py
[2024-12-15T20:41:33.635+0000] {logging_mixin.py:190} INFO - [2024-12-15T20:41:33.634+0000] {dag.py:3239} INFO - Sync 1 DAGs
[2024-12-15T20:41:33.687+0000] {logging_mixin.py:190} INFO - [2024-12-15T20:41:33.687+0000] {dag.py:4180} INFO - Setting next_dagrun for example_xcom to 2021-01-01 00:00:00+00:00, run_after=2021-01-01 00:00:00+00:00
[2024-12-15T20:41:33.784+0000] {processor.py:208} INFO - Processing /home/airflow/.local/lib/python3.12/site-packages/airflow/example_dags/example_xcom.py took 0.254 seconds
[2024-12-15T20:42:03.995+0000] {processor.py:186} INFO - Started process (PID=1954) to work on /home/airflow/.local/lib/python3.12/site-packages/airflow/example_dags/example_xcom.py
[2024-12-15T20:42:04.007+0000] {processor.py:914} INFO - Processing file /home/airflow/.local/lib/python3.12/site-packages/airflow/example_dags/example_xcom.py for tasks to queue
[2024-12-15T20:42:04.009+0000] {logging_mixin.py:190} INFO - [2024-12-15T20:42:04.009+0000] {dagbag.py:588} INFO - Filling up the DagBag from /home/airflow/.local/lib/python3.12/site-packages/airflow/example_dags/example_xcom.py
[2024-12-15T20:42:04.072+0000] {processor.py:925} INFO - DAG(s) 'example_xcom' retrieved from /home/airflow/.local/lib/python3.12/site-packages/airflow/example_dags/example_xcom.py
[2024-12-15T20:42:04.140+0000] {logging_mixin.py:190} INFO - [2024-12-15T20:42:04.140+0000] {dag.py:3239} INFO - Sync 1 DAGs
[2024-12-15T20:42:04.167+0000] {logging_mixin.py:190} INFO - [2024-12-15T20:42:04.167+0000] {dag.py:4180} INFO - Setting next_dagrun for example_xcom to 2021-01-01 00:00:00+00:00, run_after=2021-01-01 00:00:00+00:00
[2024-12-15T20:42:04.189+0000] {processor.py:208} INFO - Processing /home/airflow/.local/lib/python3.12/site-packages/airflow/example_dags/example_xcom.py took 0.226 seconds
