[2024-12-15T19:40:46.675+0000] {processor.py:186} INFO - Started process (PID=76) to work on /home/airflow/.local/lib/python3.12/site-packages/airflow/example_dags/example_dag_decorator.py
[2024-12-15T19:40:46.677+0000] {processor.py:914} INFO - Processing file /home/airflow/.local/lib/python3.12/site-packages/airflow/example_dags/example_dag_decorator.py for tasks to queue
[2024-12-15T19:40:46.682+0000] {logging_mixin.py:190} INFO - [2024-12-15T19:40:46.681+0000] {dagbag.py:588} INFO - Filling up the DagBag from /home/airflow/.local/lib/python3.12/site-packages/airflow/example_dags/example_dag_decorator.py
[2024-12-15T19:40:46.806+0000] {processor.py:925} INFO - DAG(s) 'example_dag_decorator' retrieved from /home/airflow/.local/lib/python3.12/site-packages/airflow/example_dags/example_dag_decorator.py
[2024-12-15T19:40:47.106+0000] {logging_mixin.py:190} INFO - [2024-12-15T19:40:47.105+0000] {override.py:1911} INFO - Created Permission View: can delete on DAG:example_dag_decorator
[2024-12-15T19:40:47.156+0000] {logging_mixin.py:190} INFO - [2024-12-15T19:40:47.155+0000] {override.py:1911} INFO - Created Permission View: can read on DAG:example_dag_decorator
[2024-12-15T19:40:47.190+0000] {logging_mixin.py:190} INFO - [2024-12-15T19:40:47.187+0000] {override.py:1911} INFO - Created Permission View: can edit on DAG:example_dag_decorator
[2024-12-15T19:40:47.260+0000] {logging_mixin.py:190} INFO - [2024-12-15T19:40:47.259+0000] {override.py:1911} INFO - Created Permission View: menu access on DAG Run:example_dag_decorator
[2024-12-15T19:40:47.283+0000] {logging_mixin.py:190} INFO - [2024-12-15T19:40:47.277+0000] {override.py:1911} INFO - Created Permission View: can delete on DAG Run:example_dag_decorator
[2024-12-15T19:40:47.324+0000] {logging_mixin.py:190} INFO - [2024-12-15T19:40:47.324+0000] {override.py:1911} INFO - Created Permission View: can create on DAG Run:example_dag_decorator
[2024-12-15T19:40:47.356+0000] {logging_mixin.py:190} INFO - [2024-12-15T19:40:47.350+0000] {override.py:1911} INFO - Created Permission View: can read on DAG Run:example_dag_decorator
[2024-12-15T19:40:47.379+0000] {logging_mixin.py:190} INFO - [2024-12-15T19:40:47.377+0000] {dag.py:3239} INFO - Sync 1 DAGs
[2024-12-15T19:40:47.503+0000] {logging_mixin.py:190} INFO - [2024-12-15T19:40:47.503+0000] {dag.py:3262} INFO - Creating ORM DAG for example_dag_decorator
[2024-12-15T19:40:47.518+0000] {logging_mixin.py:190} INFO - [2024-12-15T19:40:47.518+0000] {dag.py:4180} INFO - Setting next_dagrun for example_dag_decorator to None, run_after=None
[2024-12-15T19:40:47.589+0000] {processor.py:208} INFO - Processing /home/airflow/.local/lib/python3.12/site-packages/airflow/example_dags/example_dag_decorator.py took 0.922 seconds
[2024-12-15T19:41:18.463+0000] {processor.py:186} INFO - Started process (PID=139) to work on /home/airflow/.local/lib/python3.12/site-packages/airflow/example_dags/example_dag_decorator.py
[2024-12-15T19:41:18.467+0000] {processor.py:914} INFO - Processing file /home/airflow/.local/lib/python3.12/site-packages/airflow/example_dags/example_dag_decorator.py for tasks to queue
[2024-12-15T19:41:18.519+0000] {logging_mixin.py:190} INFO - [2024-12-15T19:41:18.518+0000] {dagbag.py:588} INFO - Filling up the DagBag from /home/airflow/.local/lib/python3.12/site-packages/airflow/example_dags/example_dag_decorator.py
[2024-12-15T19:41:18.698+0000] {processor.py:925} INFO - DAG(s) 'example_dag_decorator' retrieved from /home/airflow/.local/lib/python3.12/site-packages/airflow/example_dags/example_dag_decorator.py
[2024-12-15T19:41:20.180+0000] {logging_mixin.py:190} INFO - [2024-12-15T19:41:20.179+0000] {dag.py:3239} INFO - Sync 1 DAGs
[2024-12-15T19:41:20.238+0000] {logging_mixin.py:190} INFO - [2024-12-15T19:41:20.238+0000] {dag.py:4180} INFO - Setting next_dagrun for example_dag_decorator to None, run_after=None
[2024-12-15T19:41:20.337+0000] {processor.py:208} INFO - Processing /home/airflow/.local/lib/python3.12/site-packages/airflow/example_dags/example_dag_decorator.py took 1.902 seconds
[2024-12-15T19:41:50.916+0000] {processor.py:186} INFO - Started process (PID=204) to work on /home/airflow/.local/lib/python3.12/site-packages/airflow/example_dags/example_dag_decorator.py
[2024-12-15T19:41:50.919+0000] {processor.py:914} INFO - Processing file /home/airflow/.local/lib/python3.12/site-packages/airflow/example_dags/example_dag_decorator.py for tasks to queue
[2024-12-15T19:41:50.922+0000] {logging_mixin.py:190} INFO - [2024-12-15T19:41:50.922+0000] {dagbag.py:588} INFO - Filling up the DagBag from /home/airflow/.local/lib/python3.12/site-packages/airflow/example_dags/example_dag_decorator.py
[2024-12-15T19:41:50.983+0000] {processor.py:925} INFO - DAG(s) 'example_dag_decorator' retrieved from /home/airflow/.local/lib/python3.12/site-packages/airflow/example_dags/example_dag_decorator.py
[2024-12-15T19:41:51.716+0000] {logging_mixin.py:190} INFO - [2024-12-15T19:41:51.715+0000] {dag.py:3239} INFO - Sync 1 DAGs
[2024-12-15T19:41:51.786+0000] {logging_mixin.py:190} INFO - [2024-12-15T19:41:51.786+0000] {dag.py:4180} INFO - Setting next_dagrun for example_dag_decorator to None, run_after=None
[2024-12-15T19:41:51.938+0000] {processor.py:208} INFO - Processing /home/airflow/.local/lib/python3.12/site-packages/airflow/example_dags/example_dag_decorator.py took 1.039 seconds
[2024-12-15T19:42:35.583+0000] {processor.py:186} INFO - Started process (PID=246) to work on /home/airflow/.local/lib/python3.12/site-packages/airflow/example_dags/example_dag_decorator.py
[2024-12-15T19:42:35.602+0000] {processor.py:914} INFO - Processing file /home/airflow/.local/lib/python3.12/site-packages/airflow/example_dags/example_dag_decorator.py for tasks to queue
[2024-12-15T19:42:35.608+0000] {logging_mixin.py:190} INFO - [2024-12-15T19:42:35.606+0000] {dagbag.py:588} INFO - Filling up the DagBag from /home/airflow/.local/lib/python3.12/site-packages/airflow/example_dags/example_dag_decorator.py
[2024-12-15T19:42:35.647+0000] {processor.py:925} INFO - DAG(s) 'example_dag_decorator' retrieved from /home/airflow/.local/lib/python3.12/site-packages/airflow/example_dags/example_dag_decorator.py
[2024-12-15T19:42:37.811+0000] {logging_mixin.py:190} INFO - [2024-12-15T19:42:37.811+0000] {dag.py:3239} INFO - Sync 1 DAGs
[2024-12-15T19:42:37.857+0000] {logging_mixin.py:190} INFO - [2024-12-15T19:42:37.856+0000] {dag.py:4180} INFO - Setting next_dagrun for example_dag_decorator to None, run_after=None
[2024-12-15T19:42:37.957+0000] {processor.py:208} INFO - Processing /home/airflow/.local/lib/python3.12/site-packages/airflow/example_dags/example_dag_decorator.py took 2.386 seconds
[2024-12-15T19:43:08.491+0000] {processor.py:186} INFO - Started process (PID=313) to work on /home/airflow/.local/lib/python3.12/site-packages/airflow/example_dags/example_dag_decorator.py
[2024-12-15T19:43:08.495+0000] {processor.py:914} INFO - Processing file /home/airflow/.local/lib/python3.12/site-packages/airflow/example_dags/example_dag_decorator.py for tasks to queue
[2024-12-15T19:43:08.507+0000] {logging_mixin.py:190} INFO - [2024-12-15T19:43:08.505+0000] {dagbag.py:588} INFO - Filling up the DagBag from /home/airflow/.local/lib/python3.12/site-packages/airflow/example_dags/example_dag_decorator.py
[2024-12-15T19:43:08.554+0000] {processor.py:925} INFO - DAG(s) 'example_dag_decorator' retrieved from /home/airflow/.local/lib/python3.12/site-packages/airflow/example_dags/example_dag_decorator.py
[2024-12-15T19:43:09.021+0000] {logging_mixin.py:190} INFO - [2024-12-15T19:43:09.021+0000] {dag.py:3239} INFO - Sync 1 DAGs
[2024-12-15T19:43:09.074+0000] {logging_mixin.py:190} INFO - [2024-12-15T19:43:09.073+0000] {dag.py:4180} INFO - Setting next_dagrun for example_dag_decorator to None, run_after=None
[2024-12-15T19:43:09.150+0000] {processor.py:208} INFO - Processing /home/airflow/.local/lib/python3.12/site-packages/airflow/example_dags/example_dag_decorator.py took 0.688 seconds
[2024-12-15T19:43:39.634+0000] {processor.py:186} INFO - Started process (PID=376) to work on /home/airflow/.local/lib/python3.12/site-packages/airflow/example_dags/example_dag_decorator.py
[2024-12-15T19:43:39.637+0000] {processor.py:914} INFO - Processing file /home/airflow/.local/lib/python3.12/site-packages/airflow/example_dags/example_dag_decorator.py for tasks to queue
[2024-12-15T19:43:39.644+0000] {logging_mixin.py:190} INFO - [2024-12-15T19:43:39.643+0000] {dagbag.py:588} INFO - Filling up the DagBag from /home/airflow/.local/lib/python3.12/site-packages/airflow/example_dags/example_dag_decorator.py
[2024-12-15T19:43:39.682+0000] {processor.py:925} INFO - DAG(s) 'example_dag_decorator' retrieved from /home/airflow/.local/lib/python3.12/site-packages/airflow/example_dags/example_dag_decorator.py
[2024-12-15T19:43:39.875+0000] {logging_mixin.py:190} INFO - [2024-12-15T19:43:39.875+0000] {dag.py:3239} INFO - Sync 1 DAGs
[2024-12-15T19:43:39.898+0000] {logging_mixin.py:190} INFO - [2024-12-15T19:43:39.898+0000] {dag.py:4180} INFO - Setting next_dagrun for example_dag_decorator to None, run_after=None
[2024-12-15T19:43:39.940+0000] {processor.py:208} INFO - Processing /home/airflow/.local/lib/python3.12/site-packages/airflow/example_dags/example_dag_decorator.py took 0.325 seconds
[2024-12-15T19:44:12.934+0000] {processor.py:186} INFO - Started process (PID=441) to work on /home/airflow/.local/lib/python3.12/site-packages/airflow/example_dags/example_dag_decorator.py
[2024-12-15T19:44:12.936+0000] {processor.py:914} INFO - Processing file /home/airflow/.local/lib/python3.12/site-packages/airflow/example_dags/example_dag_decorator.py for tasks to queue
[2024-12-15T19:44:12.940+0000] {logging_mixin.py:190} INFO - [2024-12-15T19:44:12.939+0000] {dagbag.py:588} INFO - Filling up the DagBag from /home/airflow/.local/lib/python3.12/site-packages/airflow/example_dags/example_dag_decorator.py
[2024-12-15T19:44:12.970+0000] {processor.py:925} INFO - DAG(s) 'example_dag_decorator' retrieved from /home/airflow/.local/lib/python3.12/site-packages/airflow/example_dags/example_dag_decorator.py
[2024-12-15T19:44:13.834+0000] {logging_mixin.py:190} INFO - [2024-12-15T19:44:13.833+0000] {dag.py:3239} INFO - Sync 1 DAGs
[2024-12-15T19:44:13.854+0000] {logging_mixin.py:190} INFO - [2024-12-15T19:44:13.854+0000] {dag.py:4180} INFO - Setting next_dagrun for example_dag_decorator to None, run_after=None
[2024-12-15T19:44:13.888+0000] {processor.py:208} INFO - Processing /home/airflow/.local/lib/python3.12/site-packages/airflow/example_dags/example_dag_decorator.py took 0.964 seconds
[2024-12-15T19:45:35.523+0000] {processor.py:186} INFO - Started process (PID=505) to work on /home/airflow/.local/lib/python3.12/site-packages/airflow/example_dags/example_dag_decorator.py
[2024-12-15T19:45:35.526+0000] {processor.py:914} INFO - Processing file /home/airflow/.local/lib/python3.12/site-packages/airflow/example_dags/example_dag_decorator.py for tasks to queue
[2024-12-15T19:45:35.546+0000] {logging_mixin.py:190} INFO - [2024-12-15T19:45:35.544+0000] {dagbag.py:588} INFO - Filling up the DagBag from /home/airflow/.local/lib/python3.12/site-packages/airflow/example_dags/example_dag_decorator.py
[2024-12-15T19:45:35.598+0000] {processor.py:925} INFO - DAG(s) 'example_dag_decorator' retrieved from /home/airflow/.local/lib/python3.12/site-packages/airflow/example_dags/example_dag_decorator.py
[2024-12-15T19:45:36.287+0000] {logging_mixin.py:190} INFO - [2024-12-15T19:45:36.286+0000] {dag.py:3239} INFO - Sync 1 DAGs
[2024-12-15T19:45:36.313+0000] {logging_mixin.py:190} INFO - [2024-12-15T19:45:36.312+0000] {dag.py:4180} INFO - Setting next_dagrun for example_dag_decorator to None, run_after=None
[2024-12-15T19:45:36.395+0000] {processor.py:208} INFO - Processing /home/airflow/.local/lib/python3.12/site-packages/airflow/example_dags/example_dag_decorator.py took 0.894 seconds
[2024-12-15T19:46:06.894+0000] {processor.py:186} INFO - Started process (PID=570) to work on /home/airflow/.local/lib/python3.12/site-packages/airflow/example_dags/example_dag_decorator.py
[2024-12-15T19:46:06.897+0000] {processor.py:914} INFO - Processing file /home/airflow/.local/lib/python3.12/site-packages/airflow/example_dags/example_dag_decorator.py for tasks to queue
[2024-12-15T19:46:06.902+0000] {logging_mixin.py:190} INFO - [2024-12-15T19:46:06.901+0000] {dagbag.py:588} INFO - Filling up the DagBag from /home/airflow/.local/lib/python3.12/site-packages/airflow/example_dags/example_dag_decorator.py
[2024-12-15T19:46:06.919+0000] {processor.py:925} INFO - DAG(s) 'example_dag_decorator' retrieved from /home/airflow/.local/lib/python3.12/site-packages/airflow/example_dags/example_dag_decorator.py
[2024-12-15T19:46:07.106+0000] {logging_mixin.py:190} INFO - [2024-12-15T19:46:07.106+0000] {dag.py:3239} INFO - Sync 1 DAGs
[2024-12-15T19:46:07.124+0000] {logging_mixin.py:190} INFO - [2024-12-15T19:46:07.124+0000] {dag.py:4180} INFO - Setting next_dagrun for example_dag_decorator to None, run_after=None
[2024-12-15T19:46:07.149+0000] {processor.py:208} INFO - Processing /home/airflow/.local/lib/python3.12/site-packages/airflow/example_dags/example_dag_decorator.py took 0.267 seconds
[2024-12-15T19:46:37.722+0000] {processor.py:186} INFO - Started process (PID=633) to work on /home/airflow/.local/lib/python3.12/site-packages/airflow/example_dags/example_dag_decorator.py
[2024-12-15T19:46:37.723+0000] {processor.py:914} INFO - Processing file /home/airflow/.local/lib/python3.12/site-packages/airflow/example_dags/example_dag_decorator.py for tasks to queue
[2024-12-15T19:46:37.728+0000] {logging_mixin.py:190} INFO - [2024-12-15T19:46:37.728+0000] {dagbag.py:588} INFO - Filling up the DagBag from /home/airflow/.local/lib/python3.12/site-packages/airflow/example_dags/example_dag_decorator.py
[2024-12-15T19:46:37.748+0000] {processor.py:925} INFO - DAG(s) 'example_dag_decorator' retrieved from /home/airflow/.local/lib/python3.12/site-packages/airflow/example_dags/example_dag_decorator.py
[2024-12-15T19:46:37.925+0000] {logging_mixin.py:190} INFO - [2024-12-15T19:46:37.925+0000] {dag.py:3239} INFO - Sync 1 DAGs
[2024-12-15T19:46:37.943+0000] {logging_mixin.py:190} INFO - [2024-12-15T19:46:37.943+0000] {dag.py:4180} INFO - Setting next_dagrun for example_dag_decorator to None, run_after=None
[2024-12-15T19:46:37.969+0000] {processor.py:208} INFO - Processing /home/airflow/.local/lib/python3.12/site-packages/airflow/example_dags/example_dag_decorator.py took 0.257 seconds
[2024-12-15T19:47:13.443+0000] {processor.py:186} INFO - Started process (PID=706) to work on /home/airflow/.local/lib/python3.12/site-packages/airflow/example_dags/example_dag_decorator.py
[2024-12-15T19:47:13.449+0000] {processor.py:914} INFO - Processing file /home/airflow/.local/lib/python3.12/site-packages/airflow/example_dags/example_dag_decorator.py for tasks to queue
[2024-12-15T19:47:13.462+0000] {logging_mixin.py:190} INFO - [2024-12-15T19:47:13.461+0000] {dagbag.py:588} INFO - Filling up the DagBag from /home/airflow/.local/lib/python3.12/site-packages/airflow/example_dags/example_dag_decorator.py
[2024-12-15T19:47:13.525+0000] {processor.py:925} INFO - DAG(s) 'example_dag_decorator' retrieved from /home/airflow/.local/lib/python3.12/site-packages/airflow/example_dags/example_dag_decorator.py
[2024-12-15T19:47:13.958+0000] {logging_mixin.py:190} INFO - [2024-12-15T19:47:13.958+0000] {dag.py:3239} INFO - Sync 1 DAGs
[2024-12-15T19:47:13.981+0000] {logging_mixin.py:190} INFO - [2024-12-15T19:47:13.981+0000] {dag.py:4180} INFO - Setting next_dagrun for example_dag_decorator to None, run_after=None
[2024-12-15T19:47:14.035+0000] {processor.py:208} INFO - Processing /home/airflow/.local/lib/python3.12/site-packages/airflow/example_dags/example_dag_decorator.py took 0.612 seconds
[2024-12-15T19:47:48.009+0000] {processor.py:186} INFO - Started process (PID=771) to work on /home/airflow/.local/lib/python3.12/site-packages/airflow/example_dags/example_dag_decorator.py
[2024-12-15T19:47:48.011+0000] {processor.py:914} INFO - Processing file /home/airflow/.local/lib/python3.12/site-packages/airflow/example_dags/example_dag_decorator.py for tasks to queue
[2024-12-15T19:47:48.018+0000] {logging_mixin.py:190} INFO - [2024-12-15T19:47:48.018+0000] {dagbag.py:588} INFO - Filling up the DagBag from /home/airflow/.local/lib/python3.12/site-packages/airflow/example_dags/example_dag_decorator.py
[2024-12-15T19:47:48.058+0000] {processor.py:925} INFO - DAG(s) 'example_dag_decorator' retrieved from /home/airflow/.local/lib/python3.12/site-packages/airflow/example_dags/example_dag_decorator.py
[2024-12-15T19:47:49.136+0000] {logging_mixin.py:190} INFO - [2024-12-15T19:47:49.135+0000] {dag.py:3239} INFO - Sync 1 DAGs
[2024-12-15T19:47:49.158+0000] {logging_mixin.py:190} INFO - [2024-12-15T19:47:49.158+0000] {dag.py:4180} INFO - Setting next_dagrun for example_dag_decorator to None, run_after=None
[2024-12-15T19:47:49.220+0000] {processor.py:208} INFO - Processing /home/airflow/.local/lib/python3.12/site-packages/airflow/example_dags/example_dag_decorator.py took 1.222 seconds
[2024-12-15T19:51:01.991+0000] {processor.py:186} INFO - Started process (PID=64) to work on /home/airflow/.local/lib/python3.12/site-packages/airflow/example_dags/example_dag_decorator.py
[2024-12-15T19:51:01.995+0000] {processor.py:914} INFO - Processing file /home/airflow/.local/lib/python3.12/site-packages/airflow/example_dags/example_dag_decorator.py for tasks to queue
[2024-12-15T19:51:02.006+0000] {logging_mixin.py:190} INFO - [2024-12-15T19:51:02.005+0000] {dagbag.py:588} INFO - Filling up the DagBag from /home/airflow/.local/lib/python3.12/site-packages/airflow/example_dags/example_dag_decorator.py
[2024-12-15T19:51:02.043+0000] {processor.py:925} INFO - DAG(s) 'example_dag_decorator' retrieved from /home/airflow/.local/lib/python3.12/site-packages/airflow/example_dags/example_dag_decorator.py
[2024-12-15T19:51:02.739+0000] {logging_mixin.py:190} INFO - [2024-12-15T19:51:02.735+0000] {dag.py:3239} INFO - Sync 1 DAGs
[2024-12-15T19:51:02.842+0000] {logging_mixin.py:190} INFO - [2024-12-15T19:51:02.840+0000] {dag.py:4180} INFO - Setting next_dagrun for example_dag_decorator to None, run_after=None
[2024-12-15T19:51:02.920+0000] {processor.py:208} INFO - Processing /home/airflow/.local/lib/python3.12/site-packages/airflow/example_dags/example_dag_decorator.py took 0.975 seconds
[2024-12-15T19:51:38.277+0000] {processor.py:186} INFO - Started process (PID=129) to work on /home/airflow/.local/lib/python3.12/site-packages/airflow/example_dags/example_dag_decorator.py
[2024-12-15T19:51:38.290+0000] {processor.py:914} INFO - Processing file /home/airflow/.local/lib/python3.12/site-packages/airflow/example_dags/example_dag_decorator.py for tasks to queue
[2024-12-15T19:51:38.298+0000] {logging_mixin.py:190} INFO - [2024-12-15T19:51:38.298+0000] {dagbag.py:588} INFO - Filling up the DagBag from /home/airflow/.local/lib/python3.12/site-packages/airflow/example_dags/example_dag_decorator.py
[2024-12-15T19:51:38.364+0000] {processor.py:925} INFO - DAG(s) 'example_dag_decorator' retrieved from /home/airflow/.local/lib/python3.12/site-packages/airflow/example_dags/example_dag_decorator.py
[2024-12-15T19:51:39.017+0000] {logging_mixin.py:190} INFO - [2024-12-15T19:51:39.017+0000] {dag.py:3239} INFO - Sync 1 DAGs
[2024-12-15T19:51:39.086+0000] {logging_mixin.py:190} INFO - [2024-12-15T19:51:39.086+0000] {dag.py:4180} INFO - Setting next_dagrun for example_dag_decorator to None, run_after=None
[2024-12-15T19:51:39.247+0000] {processor.py:208} INFO - Processing /home/airflow/.local/lib/python3.12/site-packages/airflow/example_dags/example_dag_decorator.py took 0.983 seconds
[2024-12-15T19:52:20.967+0000] {processor.py:186} INFO - Started process (PID=193) to work on /home/airflow/.local/lib/python3.12/site-packages/airflow/example_dags/example_dag_decorator.py
[2024-12-15T19:52:20.969+0000] {processor.py:914} INFO - Processing file /home/airflow/.local/lib/python3.12/site-packages/airflow/example_dags/example_dag_decorator.py for tasks to queue
[2024-12-15T19:52:20.978+0000] {logging_mixin.py:190} INFO - [2024-12-15T19:52:20.977+0000] {dagbag.py:588} INFO - Filling up the DagBag from /home/airflow/.local/lib/python3.12/site-packages/airflow/example_dags/example_dag_decorator.py
[2024-12-15T19:52:21.019+0000] {processor.py:925} INFO - DAG(s) 'example_dag_decorator' retrieved from /home/airflow/.local/lib/python3.12/site-packages/airflow/example_dags/example_dag_decorator.py
[2024-12-15T19:52:21.459+0000] {logging_mixin.py:190} INFO - [2024-12-15T19:52:21.458+0000] {dag.py:3239} INFO - Sync 1 DAGs
[2024-12-15T19:52:21.534+0000] {logging_mixin.py:190} INFO - [2024-12-15T19:52:21.534+0000] {dag.py:4180} INFO - Setting next_dagrun for example_dag_decorator to None, run_after=None
[2024-12-15T19:52:21.604+0000] {processor.py:208} INFO - Processing /home/airflow/.local/lib/python3.12/site-packages/airflow/example_dags/example_dag_decorator.py took 0.661 seconds
[2024-12-15T19:52:53.196+0000] {processor.py:186} INFO - Started process (PID=257) to work on /home/airflow/.local/lib/python3.12/site-packages/airflow/example_dags/example_dag_decorator.py
[2024-12-15T19:52:53.198+0000] {processor.py:914} INFO - Processing file /home/airflow/.local/lib/python3.12/site-packages/airflow/example_dags/example_dag_decorator.py for tasks to queue
[2024-12-15T19:52:53.203+0000] {logging_mixin.py:190} INFO - [2024-12-15T19:52:53.202+0000] {dagbag.py:588} INFO - Filling up the DagBag from /home/airflow/.local/lib/python3.12/site-packages/airflow/example_dags/example_dag_decorator.py
[2024-12-15T19:52:53.223+0000] {processor.py:925} INFO - DAG(s) 'example_dag_decorator' retrieved from /home/airflow/.local/lib/python3.12/site-packages/airflow/example_dags/example_dag_decorator.py
[2024-12-15T19:52:53.579+0000] {logging_mixin.py:190} INFO - [2024-12-15T19:52:53.579+0000] {dag.py:3239} INFO - Sync 1 DAGs
[2024-12-15T19:52:53.609+0000] {logging_mixin.py:190} INFO - [2024-12-15T19:52:53.609+0000] {dag.py:4180} INFO - Setting next_dagrun for example_dag_decorator to None, run_after=None
[2024-12-15T19:52:53.647+0000] {processor.py:208} INFO - Processing /home/airflow/.local/lib/python3.12/site-packages/airflow/example_dags/example_dag_decorator.py took 0.465 seconds
[2024-12-15T19:53:35.273+0000] {processor.py:186} INFO - Started process (PID=329) to work on /home/airflow/.local/lib/python3.12/site-packages/airflow/example_dags/example_dag_decorator.py
[2024-12-15T19:53:35.276+0000] {processor.py:914} INFO - Processing file /home/airflow/.local/lib/python3.12/site-packages/airflow/example_dags/example_dag_decorator.py for tasks to queue
[2024-12-15T19:53:35.282+0000] {logging_mixin.py:190} INFO - [2024-12-15T19:53:35.281+0000] {dagbag.py:588} INFO - Filling up the DagBag from /home/airflow/.local/lib/python3.12/site-packages/airflow/example_dags/example_dag_decorator.py
[2024-12-15T19:53:35.303+0000] {processor.py:925} INFO - DAG(s) 'example_dag_decorator' retrieved from /home/airflow/.local/lib/python3.12/site-packages/airflow/example_dags/example_dag_decorator.py
[2024-12-15T19:53:35.589+0000] {logging_mixin.py:190} INFO - [2024-12-15T19:53:35.589+0000] {dag.py:3239} INFO - Sync 1 DAGs
[2024-12-15T19:53:35.631+0000] {logging_mixin.py:190} INFO - [2024-12-15T19:53:35.630+0000] {dag.py:4180} INFO - Setting next_dagrun for example_dag_decorator to None, run_after=None
[2024-12-15T19:53:35.669+0000] {processor.py:208} INFO - Processing /home/airflow/.local/lib/python3.12/site-packages/airflow/example_dags/example_dag_decorator.py took 0.407 seconds
[2024-12-15T19:54:11.367+0000] {processor.py:186} INFO - Started process (PID=393) to work on /home/airflow/.local/lib/python3.12/site-packages/airflow/example_dags/example_dag_decorator.py
[2024-12-15T19:54:11.371+0000] {processor.py:914} INFO - Processing file /home/airflow/.local/lib/python3.12/site-packages/airflow/example_dags/example_dag_decorator.py for tasks to queue
[2024-12-15T19:54:11.377+0000] {logging_mixin.py:190} INFO - [2024-12-15T19:54:11.377+0000] {dagbag.py:588} INFO - Filling up the DagBag from /home/airflow/.local/lib/python3.12/site-packages/airflow/example_dags/example_dag_decorator.py
[2024-12-15T19:54:11.398+0000] {processor.py:925} INFO - DAG(s) 'example_dag_decorator' retrieved from /home/airflow/.local/lib/python3.12/site-packages/airflow/example_dags/example_dag_decorator.py
[2024-12-15T19:54:11.440+0000] {logging_mixin.py:190} INFO - [2024-12-15T19:54:11.440+0000] {dag.py:3239} INFO - Sync 1 DAGs
[2024-12-15T19:54:11.476+0000] {logging_mixin.py:190} INFO - [2024-12-15T19:54:11.476+0000] {dag.py:4180} INFO - Setting next_dagrun for example_dag_decorator to None, run_after=None
[2024-12-15T19:54:11.501+0000] {processor.py:208} INFO - Processing /home/airflow/.local/lib/python3.12/site-packages/airflow/example_dags/example_dag_decorator.py took 0.146 seconds
[2024-12-15T19:54:44.059+0000] {processor.py:186} INFO - Started process (PID=459) to work on /home/airflow/.local/lib/python3.12/site-packages/airflow/example_dags/example_dag_decorator.py
[2024-12-15T19:54:44.061+0000] {processor.py:914} INFO - Processing file /home/airflow/.local/lib/python3.12/site-packages/airflow/example_dags/example_dag_decorator.py for tasks to queue
[2024-12-15T19:54:44.066+0000] {logging_mixin.py:190} INFO - [2024-12-15T19:54:44.066+0000] {dagbag.py:588} INFO - Filling up the DagBag from /home/airflow/.local/lib/python3.12/site-packages/airflow/example_dags/example_dag_decorator.py
[2024-12-15T19:54:44.085+0000] {processor.py:925} INFO - DAG(s) 'example_dag_decorator' retrieved from /home/airflow/.local/lib/python3.12/site-packages/airflow/example_dags/example_dag_decorator.py
[2024-12-15T19:54:44.251+0000] {logging_mixin.py:190} INFO - [2024-12-15T19:54:44.251+0000] {dag.py:3239} INFO - Sync 1 DAGs
[2024-12-15T19:54:44.273+0000] {logging_mixin.py:190} INFO - [2024-12-15T19:54:44.272+0000] {dag.py:4180} INFO - Setting next_dagrun for example_dag_decorator to None, run_after=None
[2024-12-15T19:54:44.310+0000] {processor.py:208} INFO - Processing /home/airflow/.local/lib/python3.12/site-packages/airflow/example_dags/example_dag_decorator.py took 0.260 seconds
[2024-12-15T19:55:18.565+0000] {processor.py:186} INFO - Started process (PID=524) to work on /home/airflow/.local/lib/python3.12/site-packages/airflow/example_dags/example_dag_decorator.py
[2024-12-15T19:55:18.569+0000] {processor.py:914} INFO - Processing file /home/airflow/.local/lib/python3.12/site-packages/airflow/example_dags/example_dag_decorator.py for tasks to queue
[2024-12-15T19:55:18.573+0000] {logging_mixin.py:190} INFO - [2024-12-15T19:55:18.573+0000] {dagbag.py:588} INFO - Filling up the DagBag from /home/airflow/.local/lib/python3.12/site-packages/airflow/example_dags/example_dag_decorator.py
[2024-12-15T19:55:18.606+0000] {processor.py:925} INFO - DAG(s) 'example_dag_decorator' retrieved from /home/airflow/.local/lib/python3.12/site-packages/airflow/example_dags/example_dag_decorator.py
[2024-12-15T19:55:18.904+0000] {logging_mixin.py:190} INFO - [2024-12-15T19:55:18.904+0000] {dag.py:3239} INFO - Sync 1 DAGs
[2024-12-15T19:55:18.922+0000] {logging_mixin.py:190} INFO - [2024-12-15T19:55:18.922+0000] {dag.py:4180} INFO - Setting next_dagrun for example_dag_decorator to None, run_after=None
[2024-12-15T19:55:18.954+0000] {processor.py:208} INFO - Processing /home/airflow/.local/lib/python3.12/site-packages/airflow/example_dags/example_dag_decorator.py took 0.403 seconds
[2024-12-15T19:56:00.877+0000] {processor.py:186} INFO - Started process (PID=599) to work on /home/airflow/.local/lib/python3.12/site-packages/airflow/example_dags/example_dag_decorator.py
[2024-12-15T19:56:00.881+0000] {processor.py:914} INFO - Processing file /home/airflow/.local/lib/python3.12/site-packages/airflow/example_dags/example_dag_decorator.py for tasks to queue
[2024-12-15T19:56:00.890+0000] {logging_mixin.py:190} INFO - [2024-12-15T19:56:00.888+0000] {dagbag.py:588} INFO - Filling up the DagBag from /home/airflow/.local/lib/python3.12/site-packages/airflow/example_dags/example_dag_decorator.py
[2024-12-15T19:56:00.959+0000] {processor.py:925} INFO - DAG(s) 'example_dag_decorator' retrieved from /home/airflow/.local/lib/python3.12/site-packages/airflow/example_dags/example_dag_decorator.py
[2024-12-15T19:56:01.616+0000] {logging_mixin.py:190} INFO - [2024-12-15T19:56:01.616+0000] {dag.py:3239} INFO - Sync 1 DAGs
[2024-12-15T19:56:01.674+0000] {logging_mixin.py:190} INFO - [2024-12-15T19:56:01.673+0000] {dag.py:4180} INFO - Setting next_dagrun for example_dag_decorator to None, run_after=None
[2024-12-15T19:56:01.723+0000] {processor.py:208} INFO - Processing /home/airflow/.local/lib/python3.12/site-packages/airflow/example_dags/example_dag_decorator.py took 0.880 seconds
[2024-12-15T19:59:33.026+0000] {processor.py:186} INFO - Started process (PID=69) to work on /home/airflow/.local/lib/python3.12/site-packages/airflow/example_dags/example_dag_decorator.py
[2024-12-15T19:59:33.029+0000] {processor.py:914} INFO - Processing file /home/airflow/.local/lib/python3.12/site-packages/airflow/example_dags/example_dag_decorator.py for tasks to queue
[2024-12-15T19:59:33.068+0000] {logging_mixin.py:190} INFO - [2024-12-15T19:59:33.067+0000] {dagbag.py:588} INFO - Filling up the DagBag from /home/airflow/.local/lib/python3.12/site-packages/airflow/example_dags/example_dag_decorator.py
[2024-12-15T19:59:33.256+0000] {processor.py:925} INFO - DAG(s) 'example_dag_decorator' retrieved from /home/airflow/.local/lib/python3.12/site-packages/airflow/example_dags/example_dag_decorator.py
[2024-12-15T19:59:34.974+0000] {logging_mixin.py:190} INFO - [2024-12-15T19:59:34.973+0000] {dag.py:3239} INFO - Sync 1 DAGs
[2024-12-15T19:59:35.064+0000] {logging_mixin.py:190} INFO - [2024-12-15T19:59:35.064+0000] {dag.py:4180} INFO - Setting next_dagrun for example_dag_decorator to None, run_after=None
[2024-12-15T19:59:35.237+0000] {processor.py:208} INFO - Processing /home/airflow/.local/lib/python3.12/site-packages/airflow/example_dags/example_dag_decorator.py took 2.247 seconds
[2024-12-15T20:01:32.759+0000] {processor.py:186} INFO - Started process (PID=145) to work on /home/airflow/.local/lib/python3.12/site-packages/airflow/example_dags/example_dag_decorator.py
[2024-12-15T20:01:32.760+0000] {processor.py:914} INFO - Processing file /home/airflow/.local/lib/python3.12/site-packages/airflow/example_dags/example_dag_decorator.py for tasks to queue
[2024-12-15T20:01:32.769+0000] {logging_mixin.py:190} INFO - [2024-12-15T20:01:32.768+0000] {dagbag.py:588} INFO - Filling up the DagBag from /home/airflow/.local/lib/python3.12/site-packages/airflow/example_dags/example_dag_decorator.py
[2024-12-15T20:01:32.824+0000] {processor.py:925} INFO - DAG(s) 'example_dag_decorator' retrieved from /home/airflow/.local/lib/python3.12/site-packages/airflow/example_dags/example_dag_decorator.py
[2024-12-15T20:01:32.928+0000] {logging_mixin.py:190} INFO - [2024-12-15T20:01:32.928+0000] {dag.py:3239} INFO - Sync 1 DAGs
[2024-12-15T20:01:32.956+0000] {logging_mixin.py:190} INFO - [2024-12-15T20:01:32.956+0000] {dag.py:4180} INFO - Setting next_dagrun for example_dag_decorator to None, run_after=None
[2024-12-15T20:01:33.023+0000] {processor.py:208} INFO - Processing /home/airflow/.local/lib/python3.12/site-packages/airflow/example_dags/example_dag_decorator.py took 0.273 seconds
[2024-12-15T20:02:04.070+0000] {processor.py:186} INFO - Started process (PID=217) to work on /home/airflow/.local/lib/python3.12/site-packages/airflow/example_dags/example_dag_decorator.py
[2024-12-15T20:02:04.072+0000] {processor.py:914} INFO - Processing file /home/airflow/.local/lib/python3.12/site-packages/airflow/example_dags/example_dag_decorator.py for tasks to queue
[2024-12-15T20:02:04.076+0000] {logging_mixin.py:190} INFO - [2024-12-15T20:02:04.075+0000] {dagbag.py:588} INFO - Filling up the DagBag from /home/airflow/.local/lib/python3.12/site-packages/airflow/example_dags/example_dag_decorator.py
[2024-12-15T20:02:04.126+0000] {processor.py:925} INFO - DAG(s) 'example_dag_decorator' retrieved from /home/airflow/.local/lib/python3.12/site-packages/airflow/example_dags/example_dag_decorator.py
[2024-12-15T20:02:04.190+0000] {logging_mixin.py:190} INFO - [2024-12-15T20:02:04.190+0000] {dag.py:3239} INFO - Sync 1 DAGs
[2024-12-15T20:02:04.246+0000] {logging_mixin.py:190} INFO - [2024-12-15T20:02:04.245+0000] {dag.py:4180} INFO - Setting next_dagrun for example_dag_decorator to None, run_after=None
[2024-12-15T20:02:04.278+0000] {processor.py:208} INFO - Processing /home/airflow/.local/lib/python3.12/site-packages/airflow/example_dags/example_dag_decorator.py took 0.221 seconds
[2024-12-15T20:02:59.619+0000] {processor.py:186} INFO - Started process (PID=295) to work on /home/airflow/.local/lib/python3.12/site-packages/airflow/example_dags/example_dag_decorator.py
[2024-12-15T20:02:59.624+0000] {processor.py:914} INFO - Processing file /home/airflow/.local/lib/python3.12/site-packages/airflow/example_dags/example_dag_decorator.py for tasks to queue
[2024-12-15T20:02:59.642+0000] {logging_mixin.py:190} INFO - [2024-12-15T20:02:59.639+0000] {dagbag.py:588} INFO - Filling up the DagBag from /home/airflow/.local/lib/python3.12/site-packages/airflow/example_dags/example_dag_decorator.py
[2024-12-15T20:02:59.679+0000] {processor.py:925} INFO - DAG(s) 'example_dag_decorator' retrieved from /home/airflow/.local/lib/python3.12/site-packages/airflow/example_dags/example_dag_decorator.py
[2024-12-15T20:03:00.202+0000] {logging_mixin.py:190} INFO - [2024-12-15T20:03:00.199+0000] {dag.py:3239} INFO - Sync 1 DAGs
[2024-12-15T20:03:00.278+0000] {logging_mixin.py:190} INFO - [2024-12-15T20:03:00.278+0000] {dag.py:4180} INFO - Setting next_dagrun for example_dag_decorator to None, run_after=None
[2024-12-15T20:03:00.373+0000] {processor.py:208} INFO - Processing /home/airflow/.local/lib/python3.12/site-packages/airflow/example_dags/example_dag_decorator.py took 0.777 seconds
[2024-12-15T20:03:31.203+0000] {processor.py:186} INFO - Started process (PID=358) to work on /home/airflow/.local/lib/python3.12/site-packages/airflow/example_dags/example_dag_decorator.py
[2024-12-15T20:03:31.208+0000] {processor.py:914} INFO - Processing file /home/airflow/.local/lib/python3.12/site-packages/airflow/example_dags/example_dag_decorator.py for tasks to queue
[2024-12-15T20:03:31.215+0000] {logging_mixin.py:190} INFO - [2024-12-15T20:03:31.215+0000] {dagbag.py:588} INFO - Filling up the DagBag from /home/airflow/.local/lib/python3.12/site-packages/airflow/example_dags/example_dag_decorator.py
[2024-12-15T20:03:31.251+0000] {processor.py:925} INFO - DAG(s) 'example_dag_decorator' retrieved from /home/airflow/.local/lib/python3.12/site-packages/airflow/example_dags/example_dag_decorator.py
[2024-12-15T20:03:31.462+0000] {logging_mixin.py:190} INFO - [2024-12-15T20:03:31.462+0000] {dag.py:3239} INFO - Sync 1 DAGs
[2024-12-15T20:03:31.489+0000] {logging_mixin.py:190} INFO - [2024-12-15T20:03:31.488+0000] {dag.py:4180} INFO - Setting next_dagrun for example_dag_decorator to None, run_after=None
[2024-12-15T20:03:31.515+0000] {processor.py:208} INFO - Processing /home/airflow/.local/lib/python3.12/site-packages/airflow/example_dags/example_dag_decorator.py took 0.327 seconds
[2024-12-15T20:04:02.927+0000] {processor.py:186} INFO - Started process (PID=428) to work on /home/airflow/.local/lib/python3.12/site-packages/airflow/example_dags/example_dag_decorator.py
[2024-12-15T20:04:02.936+0000] {processor.py:914} INFO - Processing file /home/airflow/.local/lib/python3.12/site-packages/airflow/example_dags/example_dag_decorator.py for tasks to queue
[2024-12-15T20:04:02.951+0000] {logging_mixin.py:190} INFO - [2024-12-15T20:04:02.950+0000] {dagbag.py:588} INFO - Filling up the DagBag from /home/airflow/.local/lib/python3.12/site-packages/airflow/example_dags/example_dag_decorator.py
[2024-12-15T20:04:03.049+0000] {processor.py:925} INFO - DAG(s) 'example_dag_decorator' retrieved from /home/airflow/.local/lib/python3.12/site-packages/airflow/example_dags/example_dag_decorator.py
[2024-12-15T20:04:03.318+0000] {logging_mixin.py:190} INFO - [2024-12-15T20:04:03.318+0000] {dag.py:3239} INFO - Sync 1 DAGs
[2024-12-15T20:04:03.346+0000] {logging_mixin.py:190} INFO - [2024-12-15T20:04:03.345+0000] {dag.py:4180} INFO - Setting next_dagrun for example_dag_decorator to None, run_after=None
[2024-12-15T20:04:03.371+0000] {processor.py:208} INFO - Processing /home/airflow/.local/lib/python3.12/site-packages/airflow/example_dags/example_dag_decorator.py took 0.487 seconds
[2024-12-15T20:04:39.485+0000] {processor.py:186} INFO - Started process (PID=493) to work on /home/airflow/.local/lib/python3.12/site-packages/airflow/example_dags/example_dag_decorator.py
[2024-12-15T20:04:39.516+0000] {processor.py:914} INFO - Processing file /home/airflow/.local/lib/python3.12/site-packages/airflow/example_dags/example_dag_decorator.py for tasks to queue
[2024-12-15T20:04:39.541+0000] {logging_mixin.py:190} INFO - [2024-12-15T20:04:39.527+0000] {dagbag.py:588} INFO - Filling up the DagBag from /home/airflow/.local/lib/python3.12/site-packages/airflow/example_dags/example_dag_decorator.py
[2024-12-15T20:04:39.724+0000] {processor.py:925} INFO - DAG(s) 'example_dag_decorator' retrieved from /home/airflow/.local/lib/python3.12/site-packages/airflow/example_dags/example_dag_decorator.py
[2024-12-15T20:04:40.317+0000] {logging_mixin.py:190} INFO - [2024-12-15T20:04:40.315+0000] {dag.py:3239} INFO - Sync 1 DAGs
[2024-12-15T20:04:40.418+0000] {logging_mixin.py:190} INFO - [2024-12-15T20:04:40.417+0000] {dag.py:4180} INFO - Setting next_dagrun for example_dag_decorator to None, run_after=None
[2024-12-15T20:04:40.526+0000] {processor.py:208} INFO - Processing /home/airflow/.local/lib/python3.12/site-packages/airflow/example_dags/example_dag_decorator.py took 1.077 seconds
[2024-12-15T20:06:03.242+0000] {processor.py:186} INFO - Started process (PID=574) to work on /home/airflow/.local/lib/python3.12/site-packages/airflow/example_dags/example_dag_decorator.py
[2024-12-15T20:06:03.245+0000] {processor.py:914} INFO - Processing file /home/airflow/.local/lib/python3.12/site-packages/airflow/example_dags/example_dag_decorator.py for tasks to queue
[2024-12-15T20:06:03.251+0000] {logging_mixin.py:190} INFO - [2024-12-15T20:06:03.250+0000] {dagbag.py:588} INFO - Filling up the DagBag from /home/airflow/.local/lib/python3.12/site-packages/airflow/example_dags/example_dag_decorator.py
[2024-12-15T20:06:03.340+0000] {processor.py:925} INFO - DAG(s) 'example_dag_decorator' retrieved from /home/airflow/.local/lib/python3.12/site-packages/airflow/example_dags/example_dag_decorator.py
[2024-12-15T20:06:04.243+0000] {logging_mixin.py:190} INFO - [2024-12-15T20:06:04.242+0000] {dag.py:3239} INFO - Sync 1 DAGs
[2024-12-15T20:06:04.275+0000] {logging_mixin.py:190} INFO - [2024-12-15T20:06:04.275+0000] {dag.py:4180} INFO - Setting next_dagrun for example_dag_decorator to None, run_after=None
[2024-12-15T20:06:04.329+0000] {processor.py:208} INFO - Processing /home/airflow/.local/lib/python3.12/site-packages/airflow/example_dags/example_dag_decorator.py took 1.102 seconds
[2024-12-15T20:06:34.682+0000] {processor.py:186} INFO - Started process (PID=640) to work on /home/airflow/.local/lib/python3.12/site-packages/airflow/example_dags/example_dag_decorator.py
[2024-12-15T20:06:34.684+0000] {processor.py:914} INFO - Processing file /home/airflow/.local/lib/python3.12/site-packages/airflow/example_dags/example_dag_decorator.py for tasks to queue
[2024-12-15T20:06:34.688+0000] {logging_mixin.py:190} INFO - [2024-12-15T20:06:34.688+0000] {dagbag.py:588} INFO - Filling up the DagBag from /home/airflow/.local/lib/python3.12/site-packages/airflow/example_dags/example_dag_decorator.py
[2024-12-15T20:06:34.707+0000] {processor.py:925} INFO - DAG(s) 'example_dag_decorator' retrieved from /home/airflow/.local/lib/python3.12/site-packages/airflow/example_dags/example_dag_decorator.py
[2024-12-15T20:06:34.889+0000] {logging_mixin.py:190} INFO - [2024-12-15T20:06:34.888+0000] {dag.py:3239} INFO - Sync 1 DAGs
[2024-12-15T20:06:34.906+0000] {logging_mixin.py:190} INFO - [2024-12-15T20:06:34.906+0000] {dag.py:4180} INFO - Setting next_dagrun for example_dag_decorator to None, run_after=None
[2024-12-15T20:06:34.932+0000] {processor.py:208} INFO - Processing /home/airflow/.local/lib/python3.12/site-packages/airflow/example_dags/example_dag_decorator.py took 0.263 seconds
[2024-12-15T20:07:07.843+0000] {processor.py:186} INFO - Started process (PID=706) to work on /home/airflow/.local/lib/python3.12/site-packages/airflow/example_dags/example_dag_decorator.py
[2024-12-15T20:07:07.848+0000] {processor.py:914} INFO - Processing file /home/airflow/.local/lib/python3.12/site-packages/airflow/example_dags/example_dag_decorator.py for tasks to queue
[2024-12-15T20:07:07.857+0000] {logging_mixin.py:190} INFO - [2024-12-15T20:07:07.857+0000] {dagbag.py:588} INFO - Filling up the DagBag from /home/airflow/.local/lib/python3.12/site-packages/airflow/example_dags/example_dag_decorator.py
[2024-12-15T20:07:07.883+0000] {processor.py:925} INFO - DAG(s) 'example_dag_decorator' retrieved from /home/airflow/.local/lib/python3.12/site-packages/airflow/example_dags/example_dag_decorator.py
[2024-12-15T20:07:08.041+0000] {logging_mixin.py:190} INFO - [2024-12-15T20:07:08.040+0000] {dag.py:3239} INFO - Sync 1 DAGs
[2024-12-15T20:07:08.057+0000] {logging_mixin.py:190} INFO - [2024-12-15T20:07:08.057+0000] {dag.py:4180} INFO - Setting next_dagrun for example_dag_decorator to None, run_after=None
[2024-12-15T20:07:08.081+0000] {processor.py:208} INFO - Processing /home/airflow/.local/lib/python3.12/site-packages/airflow/example_dags/example_dag_decorator.py took 0.273 seconds
[2024-12-15T20:16:28.876+0000] {processor.py:186} INFO - Started process (PID=70) to work on /home/airflow/.local/lib/python3.12/site-packages/airflow/example_dags/example_dag_decorator.py
[2024-12-15T20:16:28.884+0000] {processor.py:914} INFO - Processing file /home/airflow/.local/lib/python3.12/site-packages/airflow/example_dags/example_dag_decorator.py for tasks to queue
[2024-12-15T20:16:28.901+0000] {logging_mixin.py:190} INFO - [2024-12-15T20:16:28.901+0000] {dagbag.py:588} INFO - Filling up the DagBag from /home/airflow/.local/lib/python3.12/site-packages/airflow/example_dags/example_dag_decorator.py
[2024-12-15T20:16:28.980+0000] {processor.py:925} INFO - DAG(s) 'example_dag_decorator' retrieved from /home/airflow/.local/lib/python3.12/site-packages/airflow/example_dags/example_dag_decorator.py
[2024-12-15T20:16:29.900+0000] {logging_mixin.py:190} INFO - [2024-12-15T20:16:29.900+0000] {dag.py:3239} INFO - Sync 1 DAGs
[2024-12-15T20:16:29.943+0000] {logging_mixin.py:190} INFO - [2024-12-15T20:16:29.943+0000] {dag.py:4180} INFO - Setting next_dagrun for example_dag_decorator to None, run_after=None
[2024-12-15T20:16:30.056+0000] {processor.py:208} INFO - Processing /home/airflow/.local/lib/python3.12/site-packages/airflow/example_dags/example_dag_decorator.py took 1.211 seconds
[2024-12-15T20:17:00.668+0000] {processor.py:186} INFO - Started process (PID=134) to work on /home/airflow/.local/lib/python3.12/site-packages/airflow/example_dags/example_dag_decorator.py
[2024-12-15T20:17:00.672+0000] {processor.py:914} INFO - Processing file /home/airflow/.local/lib/python3.12/site-packages/airflow/example_dags/example_dag_decorator.py for tasks to queue
[2024-12-15T20:17:00.681+0000] {logging_mixin.py:190} INFO - [2024-12-15T20:17:00.680+0000] {dagbag.py:588} INFO - Filling up the DagBag from /home/airflow/.local/lib/python3.12/site-packages/airflow/example_dags/example_dag_decorator.py
[2024-12-15T20:17:00.736+0000] {processor.py:925} INFO - DAG(s) 'example_dag_decorator' retrieved from /home/airflow/.local/lib/python3.12/site-packages/airflow/example_dags/example_dag_decorator.py
[2024-12-15T20:17:01.400+0000] {logging_mixin.py:190} INFO - [2024-12-15T20:17:01.399+0000] {dag.py:3239} INFO - Sync 1 DAGs
[2024-12-15T20:17:01.511+0000] {logging_mixin.py:190} INFO - [2024-12-15T20:17:01.511+0000] {dag.py:4180} INFO - Setting next_dagrun for example_dag_decorator to None, run_after=None
[2024-12-15T20:17:01.545+0000] {processor.py:208} INFO - Processing /home/airflow/.local/lib/python3.12/site-packages/airflow/example_dags/example_dag_decorator.py took 0.925 seconds
[2024-12-15T20:17:31.794+0000] {processor.py:186} INFO - Started process (PID=197) to work on /home/airflow/.local/lib/python3.12/site-packages/airflow/example_dags/example_dag_decorator.py
[2024-12-15T20:17:31.797+0000] {processor.py:914} INFO - Processing file /home/airflow/.local/lib/python3.12/site-packages/airflow/example_dags/example_dag_decorator.py for tasks to queue
[2024-12-15T20:17:31.804+0000] {logging_mixin.py:190} INFO - [2024-12-15T20:17:31.802+0000] {dagbag.py:588} INFO - Filling up the DagBag from /home/airflow/.local/lib/python3.12/site-packages/airflow/example_dags/example_dag_decorator.py
[2024-12-15T20:17:31.829+0000] {processor.py:925} INFO - DAG(s) 'example_dag_decorator' retrieved from /home/airflow/.local/lib/python3.12/site-packages/airflow/example_dags/example_dag_decorator.py
[2024-12-15T20:17:31.986+0000] {logging_mixin.py:190} INFO - [2024-12-15T20:17:31.986+0000] {dag.py:3239} INFO - Sync 1 DAGs
[2024-12-15T20:17:32.005+0000] {logging_mixin.py:190} INFO - [2024-12-15T20:17:32.005+0000] {dag.py:4180} INFO - Setting next_dagrun for example_dag_decorator to None, run_after=None
[2024-12-15T20:17:32.034+0000] {processor.py:208} INFO - Processing /home/airflow/.local/lib/python3.12/site-packages/airflow/example_dags/example_dag_decorator.py took 0.252 seconds
[2024-12-15T20:18:04.583+0000] {processor.py:186} INFO - Started process (PID=261) to work on /home/airflow/.local/lib/python3.12/site-packages/airflow/example_dags/example_dag_decorator.py
[2024-12-15T20:18:04.586+0000] {processor.py:914} INFO - Processing file /home/airflow/.local/lib/python3.12/site-packages/airflow/example_dags/example_dag_decorator.py for tasks to queue
[2024-12-15T20:18:04.591+0000] {logging_mixin.py:190} INFO - [2024-12-15T20:18:04.590+0000] {dagbag.py:588} INFO - Filling up the DagBag from /home/airflow/.local/lib/python3.12/site-packages/airflow/example_dags/example_dag_decorator.py
[2024-12-15T20:18:04.651+0000] {processor.py:925} INFO - DAG(s) 'example_dag_decorator' retrieved from /home/airflow/.local/lib/python3.12/site-packages/airflow/example_dags/example_dag_decorator.py
[2024-12-15T20:18:05.802+0000] {logging_mixin.py:190} INFO - [2024-12-15T20:18:05.801+0000] {dag.py:3239} INFO - Sync 1 DAGs
[2024-12-15T20:18:05.833+0000] {logging_mixin.py:190} INFO - [2024-12-15T20:18:05.833+0000] {dag.py:4180} INFO - Setting next_dagrun for example_dag_decorator to None, run_after=None
[2024-12-15T20:18:05.930+0000] {processor.py:208} INFO - Processing /home/airflow/.local/lib/python3.12/site-packages/airflow/example_dags/example_dag_decorator.py took 1.356 seconds
[2024-12-15T20:18:38.565+0000] {processor.py:186} INFO - Started process (PID=325) to work on /home/airflow/.local/lib/python3.12/site-packages/airflow/example_dags/example_dag_decorator.py
[2024-12-15T20:18:38.568+0000] {processor.py:914} INFO - Processing file /home/airflow/.local/lib/python3.12/site-packages/airflow/example_dags/example_dag_decorator.py for tasks to queue
[2024-12-15T20:18:38.575+0000] {logging_mixin.py:190} INFO - [2024-12-15T20:18:38.574+0000] {dagbag.py:588} INFO - Filling up the DagBag from /home/airflow/.local/lib/python3.12/site-packages/airflow/example_dags/example_dag_decorator.py
[2024-12-15T20:18:38.643+0000] {processor.py:925} INFO - DAG(s) 'example_dag_decorator' retrieved from /home/airflow/.local/lib/python3.12/site-packages/airflow/example_dags/example_dag_decorator.py
[2024-12-15T20:18:39.774+0000] {logging_mixin.py:190} INFO - [2024-12-15T20:18:39.774+0000] {dag.py:3239} INFO - Sync 1 DAGs
[2024-12-15T20:18:39.798+0000] {logging_mixin.py:190} INFO - [2024-12-15T20:18:39.798+0000] {dag.py:4180} INFO - Setting next_dagrun for example_dag_decorator to None, run_after=None
[2024-12-15T20:18:39.854+0000] {processor.py:208} INFO - Processing /home/airflow/.local/lib/python3.12/site-packages/airflow/example_dags/example_dag_decorator.py took 1.302 seconds
[2024-12-15T20:19:10.562+0000] {processor.py:186} INFO - Started process (PID=388) to work on /home/airflow/.local/lib/python3.12/site-packages/airflow/example_dags/example_dag_decorator.py
[2024-12-15T20:19:10.565+0000] {processor.py:914} INFO - Processing file /home/airflow/.local/lib/python3.12/site-packages/airflow/example_dags/example_dag_decorator.py for tasks to queue
[2024-12-15T20:19:10.575+0000] {logging_mixin.py:190} INFO - [2024-12-15T20:19:10.572+0000] {dagbag.py:588} INFO - Filling up the DagBag from /home/airflow/.local/lib/python3.12/site-packages/airflow/example_dags/example_dag_decorator.py
[2024-12-15T20:19:10.621+0000] {processor.py:925} INFO - DAG(s) 'example_dag_decorator' retrieved from /home/airflow/.local/lib/python3.12/site-packages/airflow/example_dags/example_dag_decorator.py
[2024-12-15T20:19:10.976+0000] {logging_mixin.py:190} INFO - [2024-12-15T20:19:10.976+0000] {dag.py:3239} INFO - Sync 1 DAGs
[2024-12-15T20:19:11.001+0000] {logging_mixin.py:190} INFO - [2024-12-15T20:19:11.000+0000] {dag.py:4180} INFO - Setting next_dagrun for example_dag_decorator to None, run_after=None
[2024-12-15T20:19:11.037+0000] {processor.py:208} INFO - Processing /home/airflow/.local/lib/python3.12/site-packages/airflow/example_dags/example_dag_decorator.py took 0.492 seconds
[2024-12-15T20:20:50.411+0000] {processor.py:186} INFO - Started process (PID=448) to work on /home/airflow/.local/lib/python3.12/site-packages/airflow/example_dags/example_dag_decorator.py
[2024-12-15T20:20:50.518+0000] {processor.py:914} INFO - Processing file /home/airflow/.local/lib/python3.12/site-packages/airflow/example_dags/example_dag_decorator.py for tasks to queue
[2024-12-15T20:20:50.645+0000] {logging_mixin.py:190} INFO - [2024-12-15T20:20:50.619+0000] {dagbag.py:588} INFO - Filling up the DagBag from /home/airflow/.local/lib/python3.12/site-packages/airflow/example_dags/example_dag_decorator.py
[2024-12-15T20:20:52.212+0000] {processor.py:925} INFO - DAG(s) 'example_dag_decorator' retrieved from /home/airflow/.local/lib/python3.12/site-packages/airflow/example_dags/example_dag_decorator.py
[2024-12-15T20:20:55.669+0000] {logging_mixin.py:190} INFO - [2024-12-15T20:20:55.668+0000] {dag.py:3239} INFO - Sync 1 DAGs
[2024-12-15T20:20:55.714+0000] {logging_mixin.py:190} INFO - [2024-12-15T20:20:55.713+0000] {dag.py:4180} INFO - Setting next_dagrun for example_dag_decorator to None, run_after=None
[2024-12-15T20:20:55.782+0000] {processor.py:208} INFO - Processing /home/airflow/.local/lib/python3.12/site-packages/airflow/example_dags/example_dag_decorator.py took 5.451 seconds
[2024-12-15T20:21:26.627+0000] {processor.py:186} INFO - Started process (PID=511) to work on /home/airflow/.local/lib/python3.12/site-packages/airflow/example_dags/example_dag_decorator.py
[2024-12-15T20:21:26.628+0000] {processor.py:914} INFO - Processing file /home/airflow/.local/lib/python3.12/site-packages/airflow/example_dags/example_dag_decorator.py for tasks to queue
[2024-12-15T20:21:26.631+0000] {logging_mixin.py:190} INFO - [2024-12-15T20:21:26.630+0000] {dagbag.py:588} INFO - Filling up the DagBag from /home/airflow/.local/lib/python3.12/site-packages/airflow/example_dags/example_dag_decorator.py
[2024-12-15T20:21:26.649+0000] {processor.py:925} INFO - DAG(s) 'example_dag_decorator' retrieved from /home/airflow/.local/lib/python3.12/site-packages/airflow/example_dags/example_dag_decorator.py
[2024-12-15T20:21:26.817+0000] {logging_mixin.py:190} INFO - [2024-12-15T20:21:26.817+0000] {dag.py:3239} INFO - Sync 1 DAGs
[2024-12-15T20:21:26.846+0000] {logging_mixin.py:190} INFO - [2024-12-15T20:21:26.846+0000] {dag.py:4180} INFO - Setting next_dagrun for example_dag_decorator to None, run_after=None
[2024-12-15T20:21:26.869+0000] {processor.py:208} INFO - Processing /home/airflow/.local/lib/python3.12/site-packages/airflow/example_dags/example_dag_decorator.py took 0.259 seconds
[2024-12-15T20:21:57.179+0000] {processor.py:186} INFO - Started process (PID=577) to work on /home/airflow/.local/lib/python3.12/site-packages/airflow/example_dags/example_dag_decorator.py
[2024-12-15T20:21:57.187+0000] {processor.py:914} INFO - Processing file /home/airflow/.local/lib/python3.12/site-packages/airflow/example_dags/example_dag_decorator.py for tasks to queue
[2024-12-15T20:21:57.191+0000] {logging_mixin.py:190} INFO - [2024-12-15T20:21:57.190+0000] {dagbag.py:588} INFO - Filling up the DagBag from /home/airflow/.local/lib/python3.12/site-packages/airflow/example_dags/example_dag_decorator.py
[2024-12-15T20:21:57.255+0000] {processor.py:925} INFO - DAG(s) 'example_dag_decorator' retrieved from /home/airflow/.local/lib/python3.12/site-packages/airflow/example_dags/example_dag_decorator.py
[2024-12-15T20:21:57.514+0000] {logging_mixin.py:190} INFO - [2024-12-15T20:21:57.513+0000] {dag.py:3239} INFO - Sync 1 DAGs
[2024-12-15T20:21:57.531+0000] {logging_mixin.py:190} INFO - [2024-12-15T20:21:57.530+0000] {dag.py:4180} INFO - Setting next_dagrun for example_dag_decorator to None, run_after=None
[2024-12-15T20:21:57.554+0000] {processor.py:208} INFO - Processing /home/airflow/.local/lib/python3.12/site-packages/airflow/example_dags/example_dag_decorator.py took 0.394 seconds
[2024-12-15T20:22:28.099+0000] {processor.py:186} INFO - Started process (PID=642) to work on /home/airflow/.local/lib/python3.12/site-packages/airflow/example_dags/example_dag_decorator.py
[2024-12-15T20:22:28.103+0000] {processor.py:914} INFO - Processing file /home/airflow/.local/lib/python3.12/site-packages/airflow/example_dags/example_dag_decorator.py for tasks to queue
[2024-12-15T20:22:28.112+0000] {logging_mixin.py:190} INFO - [2024-12-15T20:22:28.110+0000] {dagbag.py:588} INFO - Filling up the DagBag from /home/airflow/.local/lib/python3.12/site-packages/airflow/example_dags/example_dag_decorator.py
[2024-12-15T20:22:28.195+0000] {processor.py:925} INFO - DAG(s) 'example_dag_decorator' retrieved from /home/airflow/.local/lib/python3.12/site-packages/airflow/example_dags/example_dag_decorator.py
[2024-12-15T20:22:28.807+0000] {logging_mixin.py:190} INFO - [2024-12-15T20:22:28.807+0000] {dag.py:3239} INFO - Sync 1 DAGs
[2024-12-15T20:22:28.839+0000] {logging_mixin.py:190} INFO - [2024-12-15T20:22:28.838+0000] {dag.py:4180} INFO - Setting next_dagrun for example_dag_decorator to None, run_after=None
[2024-12-15T20:22:28.886+0000] {processor.py:208} INFO - Processing /home/airflow/.local/lib/python3.12/site-packages/airflow/example_dags/example_dag_decorator.py took 0.833 seconds
[2024-12-15T20:22:59.789+0000] {processor.py:186} INFO - Started process (PID=709) to work on /home/airflow/.local/lib/python3.12/site-packages/airflow/example_dags/example_dag_decorator.py
[2024-12-15T20:22:59.814+0000] {processor.py:914} INFO - Processing file /home/airflow/.local/lib/python3.12/site-packages/airflow/example_dags/example_dag_decorator.py for tasks to queue
[2024-12-15T20:22:59.819+0000] {logging_mixin.py:190} INFO - [2024-12-15T20:22:59.818+0000] {dagbag.py:588} INFO - Filling up the DagBag from /home/airflow/.local/lib/python3.12/site-packages/airflow/example_dags/example_dag_decorator.py
[2024-12-15T20:22:59.889+0000] {processor.py:925} INFO - DAG(s) 'example_dag_decorator' retrieved from /home/airflow/.local/lib/python3.12/site-packages/airflow/example_dags/example_dag_decorator.py
[2024-12-15T20:23:00.493+0000] {logging_mixin.py:190} INFO - [2024-12-15T20:23:00.492+0000] {dag.py:3239} INFO - Sync 1 DAGs
[2024-12-15T20:23:00.527+0000] {logging_mixin.py:190} INFO - [2024-12-15T20:23:00.527+0000] {dag.py:4180} INFO - Setting next_dagrun for example_dag_decorator to None, run_after=None
[2024-12-15T20:23:00.563+0000] {processor.py:208} INFO - Processing /home/airflow/.local/lib/python3.12/site-packages/airflow/example_dags/example_dag_decorator.py took 0.835 seconds
[2024-12-15T20:23:30.982+0000] {processor.py:186} INFO - Started process (PID=776) to work on /home/airflow/.local/lib/python3.12/site-packages/airflow/example_dags/example_dag_decorator.py
[2024-12-15T20:23:30.985+0000] {processor.py:914} INFO - Processing file /home/airflow/.local/lib/python3.12/site-packages/airflow/example_dags/example_dag_decorator.py for tasks to queue
[2024-12-15T20:23:30.990+0000] {logging_mixin.py:190} INFO - [2024-12-15T20:23:30.988+0000] {dagbag.py:588} INFO - Filling up the DagBag from /home/airflow/.local/lib/python3.12/site-packages/airflow/example_dags/example_dag_decorator.py
[2024-12-15T20:23:31.019+0000] {processor.py:925} INFO - DAG(s) 'example_dag_decorator' retrieved from /home/airflow/.local/lib/python3.12/site-packages/airflow/example_dags/example_dag_decorator.py
[2024-12-15T20:23:31.433+0000] {logging_mixin.py:190} INFO - [2024-12-15T20:23:31.433+0000] {dag.py:3239} INFO - Sync 1 DAGs
[2024-12-15T20:23:31.456+0000] {logging_mixin.py:190} INFO - [2024-12-15T20:23:31.455+0000] {dag.py:4180} INFO - Setting next_dagrun for example_dag_decorator to None, run_after=None
[2024-12-15T20:23:31.481+0000] {processor.py:208} INFO - Processing /home/airflow/.local/lib/python3.12/site-packages/airflow/example_dags/example_dag_decorator.py took 0.516 seconds
[2024-12-15T20:29:03.110+0000] {processor.py:186} INFO - Started process (PID=869) to work on /home/airflow/.local/lib/python3.12/site-packages/airflow/example_dags/example_dag_decorator.py
[2024-12-15T20:29:03.123+0000] {processor.py:914} INFO - Processing file /home/airflow/.local/lib/python3.12/site-packages/airflow/example_dags/example_dag_decorator.py for tasks to queue
[2024-12-15T20:29:03.144+0000] {logging_mixin.py:190} INFO - [2024-12-15T20:29:03.144+0000] {dagbag.py:588} INFO - Filling up the DagBag from /home/airflow/.local/lib/python3.12/site-packages/airflow/example_dags/example_dag_decorator.py
[2024-12-15T20:29:03.287+0000] {processor.py:925} INFO - DAG(s) 'example_dag_decorator' retrieved from /home/airflow/.local/lib/python3.12/site-packages/airflow/example_dags/example_dag_decorator.py
[2024-12-15T20:29:04.258+0000] {logging_mixin.py:190} INFO - [2024-12-15T20:29:04.258+0000] {dag.py:3239} INFO - Sync 1 DAGs
[2024-12-15T20:29:04.284+0000] {logging_mixin.py:190} INFO - [2024-12-15T20:29:04.283+0000] {dag.py:4180} INFO - Setting next_dagrun for example_dag_decorator to None, run_after=None
[2024-12-15T20:29:04.367+0000] {processor.py:208} INFO - Processing /home/airflow/.local/lib/python3.12/site-packages/airflow/example_dags/example_dag_decorator.py took 1.339 seconds
[2024-12-15T20:30:21.597+0000] {processor.py:186} INFO - Started process (PID=944) to work on /home/airflow/.local/lib/python3.12/site-packages/airflow/example_dags/example_dag_decorator.py
[2024-12-15T20:30:21.607+0000] {processor.py:914} INFO - Processing file /home/airflow/.local/lib/python3.12/site-packages/airflow/example_dags/example_dag_decorator.py for tasks to queue
[2024-12-15T20:30:21.614+0000] {logging_mixin.py:190} INFO - [2024-12-15T20:30:21.613+0000] {dagbag.py:588} INFO - Filling up the DagBag from /home/airflow/.local/lib/python3.12/site-packages/airflow/example_dags/example_dag_decorator.py
[2024-12-15T20:30:21.728+0000] {processor.py:925} INFO - DAG(s) 'example_dag_decorator' retrieved from /home/airflow/.local/lib/python3.12/site-packages/airflow/example_dags/example_dag_decorator.py
[2024-12-15T20:30:22.761+0000] {logging_mixin.py:190} INFO - [2024-12-15T20:30:22.761+0000] {dag.py:3239} INFO - Sync 1 DAGs
[2024-12-15T20:30:22.795+0000] {logging_mixin.py:190} INFO - [2024-12-15T20:30:22.794+0000] {dag.py:4180} INFO - Setting next_dagrun for example_dag_decorator to None, run_after=None
[2024-12-15T20:30:22.840+0000] {processor.py:208} INFO - Processing /home/airflow/.local/lib/python3.12/site-packages/airflow/example_dags/example_dag_decorator.py took 1.318 seconds
[2024-12-15T20:30:53.022+0000] {processor.py:186} INFO - Started process (PID=1009) to work on /home/airflow/.local/lib/python3.12/site-packages/airflow/example_dags/example_dag_decorator.py
[2024-12-15T20:30:53.025+0000] {processor.py:914} INFO - Processing file /home/airflow/.local/lib/python3.12/site-packages/airflow/example_dags/example_dag_decorator.py for tasks to queue
[2024-12-15T20:30:53.027+0000] {logging_mixin.py:190} INFO - [2024-12-15T20:30:53.027+0000] {dagbag.py:588} INFO - Filling up the DagBag from /home/airflow/.local/lib/python3.12/site-packages/airflow/example_dags/example_dag_decorator.py
[2024-12-15T20:30:53.057+0000] {processor.py:925} INFO - DAG(s) 'example_dag_decorator' retrieved from /home/airflow/.local/lib/python3.12/site-packages/airflow/example_dags/example_dag_decorator.py
[2024-12-15T20:30:53.358+0000] {logging_mixin.py:190} INFO - [2024-12-15T20:30:53.357+0000] {dag.py:3239} INFO - Sync 1 DAGs
[2024-12-15T20:30:53.379+0000] {logging_mixin.py:190} INFO - [2024-12-15T20:30:53.379+0000] {dag.py:4180} INFO - Setting next_dagrun for example_dag_decorator to None, run_after=None
[2024-12-15T20:30:53.423+0000] {processor.py:208} INFO - Processing /home/airflow/.local/lib/python3.12/site-packages/airflow/example_dags/example_dag_decorator.py took 0.419 seconds
[2024-12-15T20:31:24.052+0000] {processor.py:186} INFO - Started process (PID=1074) to work on /home/airflow/.local/lib/python3.12/site-packages/airflow/example_dags/example_dag_decorator.py
[2024-12-15T20:31:24.059+0000] {processor.py:914} INFO - Processing file /home/airflow/.local/lib/python3.12/site-packages/airflow/example_dags/example_dag_decorator.py for tasks to queue
[2024-12-15T20:31:24.062+0000] {logging_mixin.py:190} INFO - [2024-12-15T20:31:24.061+0000] {dagbag.py:588} INFO - Filling up the DagBag from /home/airflow/.local/lib/python3.12/site-packages/airflow/example_dags/example_dag_decorator.py
[2024-12-15T20:31:24.091+0000] {processor.py:925} INFO - DAG(s) 'example_dag_decorator' retrieved from /home/airflow/.local/lib/python3.12/site-packages/airflow/example_dags/example_dag_decorator.py
[2024-12-15T20:31:24.414+0000] {logging_mixin.py:190} INFO - [2024-12-15T20:31:24.414+0000] {dag.py:3239} INFO - Sync 1 DAGs
[2024-12-15T20:31:24.431+0000] {logging_mixin.py:190} INFO - [2024-12-15T20:31:24.431+0000] {dag.py:4180} INFO - Setting next_dagrun for example_dag_decorator to None, run_after=None
[2024-12-15T20:31:24.477+0000] {processor.py:208} INFO - Processing /home/airflow/.local/lib/python3.12/site-packages/airflow/example_dags/example_dag_decorator.py took 0.439 seconds
[2024-12-15T20:32:58.953+0000] {processor.py:186} INFO - Started process (PID=1134) to work on /home/airflow/.local/lib/python3.12/site-packages/airflow/example_dags/example_dag_decorator.py
[2024-12-15T20:32:58.964+0000] {processor.py:914} INFO - Processing file /home/airflow/.local/lib/python3.12/site-packages/airflow/example_dags/example_dag_decorator.py for tasks to queue
[2024-12-15T20:32:58.977+0000] {logging_mixin.py:190} INFO - [2024-12-15T20:32:58.974+0000] {dagbag.py:588} INFO - Filling up the DagBag from /home/airflow/.local/lib/python3.12/site-packages/airflow/example_dags/example_dag_decorator.py
[2024-12-15T20:32:59.045+0000] {processor.py:925} INFO - DAG(s) 'example_dag_decorator' retrieved from /home/airflow/.local/lib/python3.12/site-packages/airflow/example_dags/example_dag_decorator.py
[2024-12-15T20:32:59.749+0000] {logging_mixin.py:190} INFO - [2024-12-15T20:32:59.746+0000] {dag.py:3239} INFO - Sync 1 DAGs
[2024-12-15T20:32:59.874+0000] {logging_mixin.py:190} INFO - [2024-12-15T20:32:59.874+0000] {dag.py:4180} INFO - Setting next_dagrun for example_dag_decorator to None, run_after=None
[2024-12-15T20:33:00.011+0000] {processor.py:208} INFO - Processing /home/airflow/.local/lib/python3.12/site-packages/airflow/example_dags/example_dag_decorator.py took 1.098 seconds
[2024-12-15T20:33:30.304+0000] {processor.py:186} INFO - Started process (PID=1200) to work on /home/airflow/.local/lib/python3.12/site-packages/airflow/example_dags/example_dag_decorator.py
[2024-12-15T20:33:30.306+0000] {processor.py:914} INFO - Processing file /home/airflow/.local/lib/python3.12/site-packages/airflow/example_dags/example_dag_decorator.py for tasks to queue
[2024-12-15T20:33:30.311+0000] {logging_mixin.py:190} INFO - [2024-12-15T20:33:30.310+0000] {dagbag.py:588} INFO - Filling up the DagBag from /home/airflow/.local/lib/python3.12/site-packages/airflow/example_dags/example_dag_decorator.py
[2024-12-15T20:33:30.368+0000] {processor.py:925} INFO - DAG(s) 'example_dag_decorator' retrieved from /home/airflow/.local/lib/python3.12/site-packages/airflow/example_dags/example_dag_decorator.py
[2024-12-15T20:33:30.626+0000] {logging_mixin.py:190} INFO - [2024-12-15T20:33:30.626+0000] {dag.py:3239} INFO - Sync 1 DAGs
[2024-12-15T20:33:30.647+0000] {logging_mixin.py:190} INFO - [2024-12-15T20:33:30.647+0000] {dag.py:4180} INFO - Setting next_dagrun for example_dag_decorator to None, run_after=None
[2024-12-15T20:33:30.679+0000] {processor.py:208} INFO - Processing /home/airflow/.local/lib/python3.12/site-packages/airflow/example_dags/example_dag_decorator.py took 0.389 seconds
[2024-12-15T20:34:01.741+0000] {processor.py:186} INFO - Started process (PID=1265) to work on /home/airflow/.local/lib/python3.12/site-packages/airflow/example_dags/example_dag_decorator.py
[2024-12-15T20:34:01.747+0000] {processor.py:914} INFO - Processing file /home/airflow/.local/lib/python3.12/site-packages/airflow/example_dags/example_dag_decorator.py for tasks to queue
[2024-12-15T20:34:01.751+0000] {logging_mixin.py:190} INFO - [2024-12-15T20:34:01.751+0000] {dagbag.py:588} INFO - Filling up the DagBag from /home/airflow/.local/lib/python3.12/site-packages/airflow/example_dags/example_dag_decorator.py
[2024-12-15T20:34:01.772+0000] {processor.py:925} INFO - DAG(s) 'example_dag_decorator' retrieved from /home/airflow/.local/lib/python3.12/site-packages/airflow/example_dags/example_dag_decorator.py
[2024-12-15T20:34:01.959+0000] {logging_mixin.py:190} INFO - [2024-12-15T20:34:01.959+0000] {dag.py:3239} INFO - Sync 1 DAGs
[2024-12-15T20:34:01.979+0000] {logging_mixin.py:190} INFO - [2024-12-15T20:34:01.979+0000] {dag.py:4180} INFO - Setting next_dagrun for example_dag_decorator to None, run_after=None
[2024-12-15T20:34:02.011+0000] {processor.py:208} INFO - Processing /home/airflow/.local/lib/python3.12/site-packages/airflow/example_dags/example_dag_decorator.py took 0.277 seconds
[2024-12-15T20:34:32.920+0000] {processor.py:186} INFO - Started process (PID=1331) to work on /home/airflow/.local/lib/python3.12/site-packages/airflow/example_dags/example_dag_decorator.py
[2024-12-15T20:34:32.925+0000] {processor.py:914} INFO - Processing file /home/airflow/.local/lib/python3.12/site-packages/airflow/example_dags/example_dag_decorator.py for tasks to queue
[2024-12-15T20:34:32.929+0000] {logging_mixin.py:190} INFO - [2024-12-15T20:34:32.929+0000] {dagbag.py:588} INFO - Filling up the DagBag from /home/airflow/.local/lib/python3.12/site-packages/airflow/example_dags/example_dag_decorator.py
[2024-12-15T20:34:32.945+0000] {processor.py:925} INFO - DAG(s) 'example_dag_decorator' retrieved from /home/airflow/.local/lib/python3.12/site-packages/airflow/example_dags/example_dag_decorator.py
[2024-12-15T20:34:33.086+0000] {logging_mixin.py:190} INFO - [2024-12-15T20:34:33.086+0000] {dag.py:3239} INFO - Sync 1 DAGs
[2024-12-15T20:34:33.102+0000] {logging_mixin.py:190} INFO - [2024-12-15T20:34:33.101+0000] {dag.py:4180} INFO - Setting next_dagrun for example_dag_decorator to None, run_after=None
[2024-12-15T20:34:33.129+0000] {processor.py:208} INFO - Processing /home/airflow/.local/lib/python3.12/site-packages/airflow/example_dags/example_dag_decorator.py took 0.217 seconds
[2024-12-15T20:35:07.898+0000] {processor.py:186} INFO - Started process (PID=1395) to work on /home/airflow/.local/lib/python3.12/site-packages/airflow/example_dags/example_dag_decorator.py
[2024-12-15T20:35:07.908+0000] {processor.py:914} INFO - Processing file /home/airflow/.local/lib/python3.12/site-packages/airflow/example_dags/example_dag_decorator.py for tasks to queue
[2024-12-15T20:35:07.916+0000] {logging_mixin.py:190} INFO - [2024-12-15T20:35:07.914+0000] {dagbag.py:588} INFO - Filling up the DagBag from /home/airflow/.local/lib/python3.12/site-packages/airflow/example_dags/example_dag_decorator.py
[2024-12-15T20:35:07.985+0000] {processor.py:925} INFO - DAG(s) 'example_dag_decorator' retrieved from /home/airflow/.local/lib/python3.12/site-packages/airflow/example_dags/example_dag_decorator.py
[2024-12-15T20:35:08.413+0000] {logging_mixin.py:190} INFO - [2024-12-15T20:35:08.411+0000] {dag.py:3239} INFO - Sync 1 DAGs
[2024-12-15T20:35:08.488+0000] {logging_mixin.py:190} INFO - [2024-12-15T20:35:08.488+0000] {dag.py:4180} INFO - Setting next_dagrun for example_dag_decorator to None, run_after=None
[2024-12-15T20:35:08.529+0000] {processor.py:208} INFO - Processing /home/airflow/.local/lib/python3.12/site-packages/airflow/example_dags/example_dag_decorator.py took 0.649 seconds
[2024-12-15T20:35:55.490+0000] {processor.py:186} INFO - Started process (PID=1466) to work on /home/airflow/.local/lib/python3.12/site-packages/airflow/example_dags/example_dag_decorator.py
[2024-12-15T20:35:55.492+0000] {processor.py:914} INFO - Processing file /home/airflow/.local/lib/python3.12/site-packages/airflow/example_dags/example_dag_decorator.py for tasks to queue
[2024-12-15T20:35:55.503+0000] {logging_mixin.py:190} INFO - [2024-12-15T20:35:55.502+0000] {dagbag.py:588} INFO - Filling up the DagBag from /home/airflow/.local/lib/python3.12/site-packages/airflow/example_dags/example_dag_decorator.py
[2024-12-15T20:35:55.539+0000] {processor.py:925} INFO - DAG(s) 'example_dag_decorator' retrieved from /home/airflow/.local/lib/python3.12/site-packages/airflow/example_dags/example_dag_decorator.py
[2024-12-15T20:35:55.805+0000] {logging_mixin.py:190} INFO - [2024-12-15T20:35:55.804+0000] {dag.py:3239} INFO - Sync 1 DAGs
[2024-12-15T20:35:55.827+0000] {logging_mixin.py:190} INFO - [2024-12-15T20:35:55.827+0000] {dag.py:4180} INFO - Setting next_dagrun for example_dag_decorator to None, run_after=None
[2024-12-15T20:35:55.855+0000] {processor.py:208} INFO - Processing /home/airflow/.local/lib/python3.12/site-packages/airflow/example_dags/example_dag_decorator.py took 0.380 seconds
[2024-12-15T20:36:26.885+0000] {processor.py:186} INFO - Started process (PID=1532) to work on /home/airflow/.local/lib/python3.12/site-packages/airflow/example_dags/example_dag_decorator.py
[2024-12-15T20:36:26.887+0000] {processor.py:914} INFO - Processing file /home/airflow/.local/lib/python3.12/site-packages/airflow/example_dags/example_dag_decorator.py for tasks to queue
[2024-12-15T20:36:26.890+0000] {logging_mixin.py:190} INFO - [2024-12-15T20:36:26.889+0000] {dagbag.py:588} INFO - Filling up the DagBag from /home/airflow/.local/lib/python3.12/site-packages/airflow/example_dags/example_dag_decorator.py
[2024-12-15T20:36:26.911+0000] {processor.py:925} INFO - DAG(s) 'example_dag_decorator' retrieved from /home/airflow/.local/lib/python3.12/site-packages/airflow/example_dags/example_dag_decorator.py
[2024-12-15T20:36:27.099+0000] {logging_mixin.py:190} INFO - [2024-12-15T20:36:27.098+0000] {dag.py:3239} INFO - Sync 1 DAGs
[2024-12-15T20:36:27.131+0000] {logging_mixin.py:190} INFO - [2024-12-15T20:36:27.131+0000] {dag.py:4180} INFO - Setting next_dagrun for example_dag_decorator to None, run_after=None
[2024-12-15T20:36:27.176+0000] {processor.py:208} INFO - Processing /home/airflow/.local/lib/python3.12/site-packages/airflow/example_dags/example_dag_decorator.py took 0.303 seconds
[2024-12-15T20:36:57.374+0000] {processor.py:186} INFO - Started process (PID=1597) to work on /home/airflow/.local/lib/python3.12/site-packages/airflow/example_dags/example_dag_decorator.py
[2024-12-15T20:36:57.376+0000] {processor.py:914} INFO - Processing file /home/airflow/.local/lib/python3.12/site-packages/airflow/example_dags/example_dag_decorator.py for tasks to queue
[2024-12-15T20:36:57.380+0000] {logging_mixin.py:190} INFO - [2024-12-15T20:36:57.379+0000] {dagbag.py:588} INFO - Filling up the DagBag from /home/airflow/.local/lib/python3.12/site-packages/airflow/example_dags/example_dag_decorator.py
[2024-12-15T20:36:57.400+0000] {processor.py:925} INFO - DAG(s) 'example_dag_decorator' retrieved from /home/airflow/.local/lib/python3.12/site-packages/airflow/example_dags/example_dag_decorator.py
[2024-12-15T20:36:57.559+0000] {logging_mixin.py:190} INFO - [2024-12-15T20:36:57.558+0000] {dag.py:3239} INFO - Sync 1 DAGs
[2024-12-15T20:36:57.573+0000] {logging_mixin.py:190} INFO - [2024-12-15T20:36:57.573+0000] {dag.py:4180} INFO - Setting next_dagrun for example_dag_decorator to None, run_after=None
[2024-12-15T20:36:57.595+0000] {processor.py:208} INFO - Processing /home/airflow/.local/lib/python3.12/site-packages/airflow/example_dags/example_dag_decorator.py took 0.232 seconds
[2024-12-15T20:37:31.200+0000] {processor.py:186} INFO - Started process (PID=1663) to work on /home/airflow/.local/lib/python3.12/site-packages/airflow/example_dags/example_dag_decorator.py
[2024-12-15T20:37:31.202+0000] {processor.py:914} INFO - Processing file /home/airflow/.local/lib/python3.12/site-packages/airflow/example_dags/example_dag_decorator.py for tasks to queue
[2024-12-15T20:37:31.206+0000] {logging_mixin.py:190} INFO - [2024-12-15T20:37:31.205+0000] {dagbag.py:588} INFO - Filling up the DagBag from /home/airflow/.local/lib/python3.12/site-packages/airflow/example_dags/example_dag_decorator.py
[2024-12-15T20:37:31.238+0000] {processor.py:925} INFO - DAG(s) 'example_dag_decorator' retrieved from /home/airflow/.local/lib/python3.12/site-packages/airflow/example_dags/example_dag_decorator.py
[2024-12-15T20:37:31.448+0000] {logging_mixin.py:190} INFO - [2024-12-15T20:37:31.448+0000] {dag.py:3239} INFO - Sync 1 DAGs
[2024-12-15T20:37:31.480+0000] {logging_mixin.py:190} INFO - [2024-12-15T20:37:31.480+0000] {dag.py:4180} INFO - Setting next_dagrun for example_dag_decorator to None, run_after=None
[2024-12-15T20:37:31.522+0000] {processor.py:208} INFO - Processing /home/airflow/.local/lib/python3.12/site-packages/airflow/example_dags/example_dag_decorator.py took 0.343 seconds
[2024-12-15T20:38:11.846+0000] {processor.py:186} INFO - Started process (PID=1728) to work on /home/airflow/.local/lib/python3.12/site-packages/airflow/example_dags/example_dag_decorator.py
[2024-12-15T20:38:11.848+0000] {processor.py:914} INFO - Processing file /home/airflow/.local/lib/python3.12/site-packages/airflow/example_dags/example_dag_decorator.py for tasks to queue
[2024-12-15T20:38:11.874+0000] {logging_mixin.py:190} INFO - [2024-12-15T20:38:11.873+0000] {dagbag.py:588} INFO - Filling up the DagBag from /home/airflow/.local/lib/python3.12/site-packages/airflow/example_dags/example_dag_decorator.py
[2024-12-15T20:38:11.939+0000] {processor.py:925} INFO - DAG(s) 'example_dag_decorator' retrieved from /home/airflow/.local/lib/python3.12/site-packages/airflow/example_dags/example_dag_decorator.py
[2024-12-15T20:38:13.790+0000] {logging_mixin.py:190} INFO - [2024-12-15T20:38:13.777+0000] {dag.py:3239} INFO - Sync 1 DAGs
[2024-12-15T20:38:13.954+0000] {logging_mixin.py:190} INFO - [2024-12-15T20:38:13.954+0000] {dag.py:4180} INFO - Setting next_dagrun for example_dag_decorator to None, run_after=None
[2024-12-15T20:38:14.220+0000] {processor.py:208} INFO - Processing /home/airflow/.local/lib/python3.12/site-packages/airflow/example_dags/example_dag_decorator.py took 2.395 seconds
[2024-12-15T20:39:28.022+0000] {processor.py:186} INFO - Started process (PID=1794) to work on /home/airflow/.local/lib/python3.12/site-packages/airflow/example_dags/example_dag_decorator.py
[2024-12-15T20:39:28.025+0000] {processor.py:914} INFO - Processing file /home/airflow/.local/lib/python3.12/site-packages/airflow/example_dags/example_dag_decorator.py for tasks to queue
[2024-12-15T20:39:28.034+0000] {logging_mixin.py:190} INFO - [2024-12-15T20:39:28.028+0000] {dagbag.py:588} INFO - Filling up the DagBag from /home/airflow/.local/lib/python3.12/site-packages/airflow/example_dags/example_dag_decorator.py
[2024-12-15T20:39:28.133+0000] {processor.py:925} INFO - DAG(s) 'example_dag_decorator' retrieved from /home/airflow/.local/lib/python3.12/site-packages/airflow/example_dags/example_dag_decorator.py
[2024-12-15T20:39:30.000+0000] {logging_mixin.py:190} INFO - [2024-12-15T20:39:29.978+0000] {dag.py:3239} INFO - Sync 1 DAGs
[2024-12-15T20:39:30.295+0000] {logging_mixin.py:190} INFO - [2024-12-15T20:39:30.254+0000] {dag.py:4180} INFO - Setting next_dagrun for example_dag_decorator to None, run_after=None
[2024-12-15T20:39:51.379+0000] {processor.py:208} INFO - Processing /home/airflow/.local/lib/python3.12/site-packages/airflow/example_dags/example_dag_decorator.py took 23.440 seconds
[2024-12-15T20:41:23.600+0000] {processor.py:186} INFO - Started process (PID=1874) to work on /home/airflow/.local/lib/python3.12/site-packages/airflow/example_dags/example_dag_decorator.py
[2024-12-15T20:41:23.602+0000] {processor.py:914} INFO - Processing file /home/airflow/.local/lib/python3.12/site-packages/airflow/example_dags/example_dag_decorator.py for tasks to queue
[2024-12-15T20:41:23.605+0000] {logging_mixin.py:190} INFO - [2024-12-15T20:41:23.604+0000] {dagbag.py:588} INFO - Filling up the DagBag from /home/airflow/.local/lib/python3.12/site-packages/airflow/example_dags/example_dag_decorator.py
[2024-12-15T20:41:23.645+0000] {processor.py:925} INFO - DAG(s) 'example_dag_decorator' retrieved from /home/airflow/.local/lib/python3.12/site-packages/airflow/example_dags/example_dag_decorator.py
[2024-12-15T20:41:23.975+0000] {logging_mixin.py:190} INFO - [2024-12-15T20:41:23.974+0000] {dag.py:3239} INFO - Sync 1 DAGs
[2024-12-15T20:41:24.395+0000] {logging_mixin.py:190} INFO - [2024-12-15T20:41:24.387+0000] {dag.py:4180} INFO - Setting next_dagrun for example_dag_decorator to None, run_after=None
[2024-12-15T20:41:24.432+0000] {processor.py:208} INFO - Processing /home/airflow/.local/lib/python3.12/site-packages/airflow/example_dags/example_dag_decorator.py took 0.851 seconds
[2024-12-15T20:41:55.294+0000] {processor.py:186} INFO - Started process (PID=1940) to work on /home/airflow/.local/lib/python3.12/site-packages/airflow/example_dags/example_dag_decorator.py
[2024-12-15T20:41:55.296+0000] {processor.py:914} INFO - Processing file /home/airflow/.local/lib/python3.12/site-packages/airflow/example_dags/example_dag_decorator.py for tasks to queue
[2024-12-15T20:41:55.301+0000] {logging_mixin.py:190} INFO - [2024-12-15T20:41:55.300+0000] {dagbag.py:588} INFO - Filling up the DagBag from /home/airflow/.local/lib/python3.12/site-packages/airflow/example_dags/example_dag_decorator.py
[2024-12-15T20:41:55.322+0000] {processor.py:925} INFO - DAG(s) 'example_dag_decorator' retrieved from /home/airflow/.local/lib/python3.12/site-packages/airflow/example_dags/example_dag_decorator.py
[2024-12-15T20:41:55.786+0000] {logging_mixin.py:190} INFO - [2024-12-15T20:41:55.785+0000] {dag.py:3239} INFO - Sync 1 DAGs
[2024-12-15T20:41:55.808+0000] {logging_mixin.py:190} INFO - [2024-12-15T20:41:55.808+0000] {dag.py:4180} INFO - Setting next_dagrun for example_dag_decorator to None, run_after=None
[2024-12-15T20:41:55.855+0000] {processor.py:208} INFO - Processing /home/airflow/.local/lib/python3.12/site-packages/airflow/example_dags/example_dag_decorator.py took 0.573 seconds
