[2024-12-15T19:40:56.428+0000] {processor.py:186} INFO - Started process (PID=95) to work on /home/airflow/.local/lib/python3.12/site-packages/airflow/example_dags/example_sensors.py
[2024-12-15T19:40:56.430+0000] {processor.py:914} INFO - Processing file /home/airflow/.local/lib/python3.12/site-packages/airflow/example_dags/example_sensors.py for tasks to queue
[2024-12-15T19:40:56.436+0000] {logging_mixin.py:190} INFO - [2024-12-15T19:40:56.435+0000] {dagbag.py:588} INFO - Filling up the DagBag from /home/airflow/.local/lib/python3.12/site-packages/airflow/example_dags/example_sensors.py
[2024-12-15T19:40:56.457+0000] {processor.py:925} INFO - DAG(s) 'example_sensors' retrieved from /home/airflow/.local/lib/python3.12/site-packages/airflow/example_dags/example_sensors.py
[2024-12-15T19:40:56.632+0000] {logging_mixin.py:190} INFO - [2024-12-15T19:40:56.631+0000] {override.py:1911} INFO - Created Permission View: can delete on DAG:example_sensors
[2024-12-15T19:40:56.644+0000] {logging_mixin.py:190} INFO - [2024-12-15T19:40:56.644+0000] {override.py:1911} INFO - Created Permission View: can read on DAG:example_sensors
[2024-12-15T19:40:56.651+0000] {logging_mixin.py:190} INFO - [2024-12-15T19:40:56.651+0000] {override.py:1911} INFO - Created Permission View: can edit on DAG:example_sensors
[2024-12-15T19:40:56.667+0000] {logging_mixin.py:190} INFO - [2024-12-15T19:40:56.667+0000] {override.py:1911} INFO - Created Permission View: menu access on DAG Run:example_sensors
[2024-12-15T19:40:56.674+0000] {logging_mixin.py:190} INFO - [2024-12-15T19:40:56.674+0000] {override.py:1911} INFO - Created Permission View: can delete on DAG Run:example_sensors
[2024-12-15T19:40:56.682+0000] {logging_mixin.py:190} INFO - [2024-12-15T19:40:56.682+0000] {override.py:1911} INFO - Created Permission View: can create on DAG Run:example_sensors
[2024-12-15T19:40:56.690+0000] {logging_mixin.py:190} INFO - [2024-12-15T19:40:56.689+0000] {override.py:1911} INFO - Created Permission View: can read on DAG Run:example_sensors
[2024-12-15T19:40:56.691+0000] {logging_mixin.py:190} INFO - [2024-12-15T19:40:56.691+0000] {dag.py:3239} INFO - Sync 1 DAGs
[2024-12-15T19:40:56.705+0000] {logging_mixin.py:190} INFO - [2024-12-15T19:40:56.705+0000] {dag.py:3262} INFO - Creating ORM DAG for example_sensors
[2024-12-15T19:40:56.707+0000] {logging_mixin.py:190} INFO - [2024-12-15T19:40:56.707+0000] {dag.py:4180} INFO - Setting next_dagrun for example_sensors to None, run_after=None
[2024-12-15T19:40:56.729+0000] {processor.py:208} INFO - Processing /home/airflow/.local/lib/python3.12/site-packages/airflow/example_dags/example_sensors.py took 0.314 seconds
[2024-12-15T19:41:26.975+0000] {processor.py:186} INFO - Started process (PID=159) to work on /home/airflow/.local/lib/python3.12/site-packages/airflow/example_dags/example_sensors.py
[2024-12-15T19:41:26.977+0000] {processor.py:914} INFO - Processing file /home/airflow/.local/lib/python3.12/site-packages/airflow/example_dags/example_sensors.py for tasks to queue
[2024-12-15T19:41:26.982+0000] {logging_mixin.py:190} INFO - [2024-12-15T19:41:26.982+0000] {dagbag.py:588} INFO - Filling up the DagBag from /home/airflow/.local/lib/python3.12/site-packages/airflow/example_dags/example_sensors.py
[2024-12-15T19:41:27.054+0000] {processor.py:925} INFO - DAG(s) 'example_sensors' retrieved from /home/airflow/.local/lib/python3.12/site-packages/airflow/example_dags/example_sensors.py
[2024-12-15T19:41:27.144+0000] {logging_mixin.py:190} INFO - [2024-12-15T19:41:27.134+0000] {dag.py:3239} INFO - Sync 1 DAGs
[2024-12-15T19:41:27.182+0000] {logging_mixin.py:190} INFO - [2024-12-15T19:41:27.182+0000] {dag.py:4180} INFO - Setting next_dagrun for example_sensors to None, run_after=None
[2024-12-15T19:41:27.223+0000] {processor.py:208} INFO - Processing /home/airflow/.local/lib/python3.12/site-packages/airflow/example_dags/example_sensors.py took 0.259 seconds
[2024-12-15T19:42:38.115+0000] {processor.py:186} INFO - Started process (PID=252) to work on /home/airflow/.local/lib/python3.12/site-packages/airflow/example_dags/example_sensors.py
[2024-12-15T19:42:38.119+0000] {processor.py:914} INFO - Processing file /home/airflow/.local/lib/python3.12/site-packages/airflow/example_dags/example_sensors.py for tasks to queue
[2024-12-15T19:42:38.131+0000] {logging_mixin.py:190} INFO - [2024-12-15T19:42:38.130+0000] {dagbag.py:588} INFO - Filling up the DagBag from /home/airflow/.local/lib/python3.12/site-packages/airflow/example_dags/example_sensors.py
[2024-12-15T19:42:38.163+0000] {processor.py:925} INFO - DAG(s) 'example_sensors' retrieved from /home/airflow/.local/lib/python3.12/site-packages/airflow/example_dags/example_sensors.py
[2024-12-15T19:42:38.220+0000] {logging_mixin.py:190} INFO - [2024-12-15T19:42:38.220+0000] {dag.py:3239} INFO - Sync 1 DAGs
[2024-12-15T19:42:38.273+0000] {logging_mixin.py:190} INFO - [2024-12-15T19:42:38.272+0000] {dag.py:4180} INFO - Setting next_dagrun for example_sensors to None, run_after=None
[2024-12-15T19:42:38.390+0000] {processor.py:208} INFO - Processing /home/airflow/.local/lib/python3.12/site-packages/airflow/example_dags/example_sensors.py took 0.296 seconds
[2024-12-15T19:43:09.538+0000] {processor.py:186} INFO - Started process (PID=317) to work on /home/airflow/.local/lib/python3.12/site-packages/airflow/example_dags/example_sensors.py
[2024-12-15T19:43:09.542+0000] {processor.py:914} INFO - Processing file /home/airflow/.local/lib/python3.12/site-packages/airflow/example_dags/example_sensors.py for tasks to queue
[2024-12-15T19:43:09.556+0000] {logging_mixin.py:190} INFO - [2024-12-15T19:43:09.554+0000] {dagbag.py:588} INFO - Filling up the DagBag from /home/airflow/.local/lib/python3.12/site-packages/airflow/example_dags/example_sensors.py
[2024-12-15T19:43:09.612+0000] {processor.py:925} INFO - DAG(s) 'example_sensors' retrieved from /home/airflow/.local/lib/python3.12/site-packages/airflow/example_dags/example_sensors.py
[2024-12-15T19:43:09.725+0000] {logging_mixin.py:190} INFO - [2024-12-15T19:43:09.725+0000] {dag.py:3239} INFO - Sync 1 DAGs
[2024-12-15T19:43:09.806+0000] {logging_mixin.py:190} INFO - [2024-12-15T19:43:09.805+0000] {dag.py:4180} INFO - Setting next_dagrun for example_sensors to None, run_after=None
[2024-12-15T19:43:09.887+0000] {processor.py:208} INFO - Processing /home/airflow/.local/lib/python3.12/site-packages/airflow/example_dags/example_sensors.py took 0.381 seconds
[2024-12-15T19:43:40.395+0000] {processor.py:186} INFO - Started process (PID=380) to work on /home/airflow/.local/lib/python3.12/site-packages/airflow/example_dags/example_sensors.py
[2024-12-15T19:43:40.406+0000] {processor.py:914} INFO - Processing file /home/airflow/.local/lib/python3.12/site-packages/airflow/example_dags/example_sensors.py for tasks to queue
[2024-12-15T19:43:40.412+0000] {logging_mixin.py:190} INFO - [2024-12-15T19:43:40.411+0000] {dagbag.py:588} INFO - Filling up the DagBag from /home/airflow/.local/lib/python3.12/site-packages/airflow/example_dags/example_sensors.py
[2024-12-15T19:43:40.430+0000] {processor.py:925} INFO - DAG(s) 'example_sensors' retrieved from /home/airflow/.local/lib/python3.12/site-packages/airflow/example_dags/example_sensors.py
[2024-12-15T19:43:40.491+0000] {logging_mixin.py:190} INFO - [2024-12-15T19:43:40.490+0000] {dag.py:3239} INFO - Sync 1 DAGs
[2024-12-15T19:43:40.519+0000] {logging_mixin.py:190} INFO - [2024-12-15T19:43:40.518+0000] {dag.py:4180} INFO - Setting next_dagrun for example_sensors to None, run_after=None
[2024-12-15T19:43:40.549+0000] {processor.py:208} INFO - Processing /home/airflow/.local/lib/python3.12/site-packages/airflow/example_dags/example_sensors.py took 0.176 seconds
[2024-12-15T19:44:13.862+0000] {processor.py:186} INFO - Started process (PID=445) to work on /home/airflow/.local/lib/python3.12/site-packages/airflow/example_dags/example_sensors.py
[2024-12-15T19:44:13.870+0000] {processor.py:914} INFO - Processing file /home/airflow/.local/lib/python3.12/site-packages/airflow/example_dags/example_sensors.py for tasks to queue
[2024-12-15T19:44:13.886+0000] {logging_mixin.py:190} INFO - [2024-12-15T19:44:13.881+0000] {dagbag.py:588} INFO - Filling up the DagBag from /home/airflow/.local/lib/python3.12/site-packages/airflow/example_dags/example_sensors.py
[2024-12-15T19:44:13.924+0000] {processor.py:925} INFO - DAG(s) 'example_sensors' retrieved from /home/airflow/.local/lib/python3.12/site-packages/airflow/example_dags/example_sensors.py
[2024-12-15T19:44:14.005+0000] {logging_mixin.py:190} INFO - [2024-12-15T19:44:14.005+0000] {dag.py:3239} INFO - Sync 1 DAGs
[2024-12-15T19:44:14.056+0000] {logging_mixin.py:190} INFO - [2024-12-15T19:44:14.055+0000] {dag.py:4180} INFO - Setting next_dagrun for example_sensors to None, run_after=None
[2024-12-15T19:44:14.089+0000] {processor.py:208} INFO - Processing /home/airflow/.local/lib/python3.12/site-packages/airflow/example_dags/example_sensors.py took 0.257 seconds
[2024-12-15T19:45:36.998+0000] {processor.py:186} INFO - Started process (PID=511) to work on /home/airflow/.local/lib/python3.12/site-packages/airflow/example_dags/example_sensors.py
[2024-12-15T19:45:37.000+0000] {processor.py:914} INFO - Processing file /home/airflow/.local/lib/python3.12/site-packages/airflow/example_dags/example_sensors.py for tasks to queue
[2024-12-15T19:45:37.006+0000] {logging_mixin.py:190} INFO - [2024-12-15T19:45:37.005+0000] {dagbag.py:588} INFO - Filling up the DagBag from /home/airflow/.local/lib/python3.12/site-packages/airflow/example_dags/example_sensors.py
[2024-12-15T19:45:37.024+0000] {processor.py:925} INFO - DAG(s) 'example_sensors' retrieved from /home/airflow/.local/lib/python3.12/site-packages/airflow/example_dags/example_sensors.py
[2024-12-15T19:45:37.065+0000] {logging_mixin.py:190} INFO - [2024-12-15T19:45:37.064+0000] {dag.py:3239} INFO - Sync 1 DAGs
[2024-12-15T19:45:37.086+0000] {logging_mixin.py:190} INFO - [2024-12-15T19:45:37.085+0000] {dag.py:4180} INFO - Setting next_dagrun for example_sensors to None, run_after=None
[2024-12-15T19:45:37.119+0000] {processor.py:208} INFO - Processing /home/airflow/.local/lib/python3.12/site-packages/airflow/example_dags/example_sensors.py took 0.129 seconds
[2024-12-15T19:46:07.294+0000] {processor.py:186} INFO - Started process (PID=574) to work on /home/airflow/.local/lib/python3.12/site-packages/airflow/example_dags/example_sensors.py
[2024-12-15T19:46:07.297+0000] {processor.py:914} INFO - Processing file /home/airflow/.local/lib/python3.12/site-packages/airflow/example_dags/example_sensors.py for tasks to queue
[2024-12-15T19:46:07.326+0000] {logging_mixin.py:190} INFO - [2024-12-15T19:46:07.324+0000] {dagbag.py:588} INFO - Filling up the DagBag from /home/airflow/.local/lib/python3.12/site-packages/airflow/example_dags/example_sensors.py
[2024-12-15T19:46:07.379+0000] {processor.py:925} INFO - DAG(s) 'example_sensors' retrieved from /home/airflow/.local/lib/python3.12/site-packages/airflow/example_dags/example_sensors.py
[2024-12-15T19:46:07.440+0000] {logging_mixin.py:190} INFO - [2024-12-15T19:46:07.439+0000] {dag.py:3239} INFO - Sync 1 DAGs
[2024-12-15T19:46:07.475+0000] {logging_mixin.py:190} INFO - [2024-12-15T19:46:07.475+0000] {dag.py:4180} INFO - Setting next_dagrun for example_sensors to None, run_after=None
[2024-12-15T19:46:07.532+0000] {processor.py:208} INFO - Processing /home/airflow/.local/lib/python3.12/site-packages/airflow/example_dags/example_sensors.py took 0.258 seconds
[2024-12-15T19:46:38.662+0000] {processor.py:186} INFO - Started process (PID=639) to work on /home/airflow/.local/lib/python3.12/site-packages/airflow/example_dags/example_sensors.py
[2024-12-15T19:46:38.664+0000] {processor.py:914} INFO - Processing file /home/airflow/.local/lib/python3.12/site-packages/airflow/example_dags/example_sensors.py for tasks to queue
[2024-12-15T19:46:38.668+0000] {logging_mixin.py:190} INFO - [2024-12-15T19:46:38.667+0000] {dagbag.py:588} INFO - Filling up the DagBag from /home/airflow/.local/lib/python3.12/site-packages/airflow/example_dags/example_sensors.py
[2024-12-15T19:46:38.682+0000] {processor.py:925} INFO - DAG(s) 'example_sensors' retrieved from /home/airflow/.local/lib/python3.12/site-packages/airflow/example_dags/example_sensors.py
[2024-12-15T19:46:38.723+0000] {logging_mixin.py:190} INFO - [2024-12-15T19:46:38.723+0000] {dag.py:3239} INFO - Sync 1 DAGs
[2024-12-15T19:46:38.743+0000] {logging_mixin.py:190} INFO - [2024-12-15T19:46:38.742+0000] {dag.py:4180} INFO - Setting next_dagrun for example_sensors to None, run_after=None
[2024-12-15T19:46:38.768+0000] {processor.py:208} INFO - Processing /home/airflow/.local/lib/python3.12/site-packages/airflow/example_dags/example_sensors.py took 0.118 seconds
[2024-12-15T19:47:14.443+0000] {processor.py:186} INFO - Started process (PID=712) to work on /home/airflow/.local/lib/python3.12/site-packages/airflow/example_dags/example_sensors.py
[2024-12-15T19:47:14.445+0000] {processor.py:914} INFO - Processing file /home/airflow/.local/lib/python3.12/site-packages/airflow/example_dags/example_sensors.py for tasks to queue
[2024-12-15T19:47:14.452+0000] {logging_mixin.py:190} INFO - [2024-12-15T19:47:14.451+0000] {dagbag.py:588} INFO - Filling up the DagBag from /home/airflow/.local/lib/python3.12/site-packages/airflow/example_dags/example_sensors.py
[2024-12-15T19:47:14.475+0000] {processor.py:925} INFO - DAG(s) 'example_sensors' retrieved from /home/airflow/.local/lib/python3.12/site-packages/airflow/example_dags/example_sensors.py
[2024-12-15T19:47:14.536+0000] {logging_mixin.py:190} INFO - [2024-12-15T19:47:14.535+0000] {dag.py:3239} INFO - Sync 1 DAGs
[2024-12-15T19:47:14.571+0000] {logging_mixin.py:190} INFO - [2024-12-15T19:47:14.570+0000] {dag.py:4180} INFO - Setting next_dagrun for example_sensors to None, run_after=None
[2024-12-15T19:47:14.610+0000] {processor.py:208} INFO - Processing /home/airflow/.local/lib/python3.12/site-packages/airflow/example_dags/example_sensors.py took 0.180 seconds
[2024-12-15T19:47:56.768+0000] {processor.py:186} INFO - Started process (PID=794) to work on /home/airflow/.local/lib/python3.12/site-packages/airflow/example_dags/example_sensors.py
[2024-12-15T19:47:56.770+0000] {processor.py:914} INFO - Processing file /home/airflow/.local/lib/python3.12/site-packages/airflow/example_dags/example_sensors.py for tasks to queue
[2024-12-15T19:47:56.775+0000] {logging_mixin.py:190} INFO - [2024-12-15T19:47:56.774+0000] {dagbag.py:588} INFO - Filling up the DagBag from /home/airflow/.local/lib/python3.12/site-packages/airflow/example_dags/example_sensors.py
[2024-12-15T19:47:56.801+0000] {processor.py:925} INFO - DAG(s) 'example_sensors' retrieved from /home/airflow/.local/lib/python3.12/site-packages/airflow/example_dags/example_sensors.py
[2024-12-15T19:47:56.884+0000] {logging_mixin.py:190} INFO - [2024-12-15T19:47:56.884+0000] {dag.py:3239} INFO - Sync 1 DAGs
[2024-12-15T19:47:56.923+0000] {logging_mixin.py:190} INFO - [2024-12-15T19:47:56.921+0000] {dag.py:4180} INFO - Setting next_dagrun for example_sensors to None, run_after=None
[2024-12-15T19:47:56.993+0000] {processor.py:208} INFO - Processing /home/airflow/.local/lib/python3.12/site-packages/airflow/example_dags/example_sensors.py took 0.236 seconds
[2024-12-15T19:51:08.040+0000] {processor.py:186} INFO - Started process (PID=83) to work on /home/airflow/.local/lib/python3.12/site-packages/airflow/example_dags/example_sensors.py
[2024-12-15T19:51:08.046+0000] {processor.py:914} INFO - Processing file /home/airflow/.local/lib/python3.12/site-packages/airflow/example_dags/example_sensors.py for tasks to queue
[2024-12-15T19:51:08.052+0000] {logging_mixin.py:190} INFO - [2024-12-15T19:51:08.051+0000] {dagbag.py:588} INFO - Filling up the DagBag from /home/airflow/.local/lib/python3.12/site-packages/airflow/example_dags/example_sensors.py
[2024-12-15T19:51:08.119+0000] {processor.py:925} INFO - DAG(s) 'example_sensors' retrieved from /home/airflow/.local/lib/python3.12/site-packages/airflow/example_dags/example_sensors.py
[2024-12-15T19:51:08.268+0000] {logging_mixin.py:190} INFO - [2024-12-15T19:51:08.267+0000] {dag.py:3239} INFO - Sync 1 DAGs
[2024-12-15T19:51:08.500+0000] {logging_mixin.py:190} INFO - [2024-12-15T19:51:08.500+0000] {dag.py:4180} INFO - Setting next_dagrun for example_sensors to None, run_after=None
[2024-12-15T19:51:08.589+0000] {processor.py:208} INFO - Processing /home/airflow/.local/lib/python3.12/site-packages/airflow/example_dags/example_sensors.py took 0.572 seconds
[2024-12-15T19:51:44.288+0000] {processor.py:186} INFO - Started process (PID=148) to work on /home/airflow/.local/lib/python3.12/site-packages/airflow/example_dags/example_sensors.py
[2024-12-15T19:51:44.296+0000] {processor.py:914} INFO - Processing file /home/airflow/.local/lib/python3.12/site-packages/airflow/example_dags/example_sensors.py for tasks to queue
[2024-12-15T19:51:44.305+0000] {logging_mixin.py:190} INFO - [2024-12-15T19:51:44.305+0000] {dagbag.py:588} INFO - Filling up the DagBag from /home/airflow/.local/lib/python3.12/site-packages/airflow/example_dags/example_sensors.py
[2024-12-15T19:51:44.331+0000] {processor.py:925} INFO - DAG(s) 'example_sensors' retrieved from /home/airflow/.local/lib/python3.12/site-packages/airflow/example_dags/example_sensors.py
[2024-12-15T19:51:44.474+0000] {logging_mixin.py:190} INFO - [2024-12-15T19:51:44.473+0000] {dag.py:3239} INFO - Sync 1 DAGs
[2024-12-15T19:51:44.518+0000] {logging_mixin.py:190} INFO - [2024-12-15T19:51:44.517+0000] {dag.py:4180} INFO - Setting next_dagrun for example_sensors to None, run_after=None
[2024-12-15T19:51:44.586+0000] {processor.py:208} INFO - Processing /home/airflow/.local/lib/python3.12/site-packages/airflow/example_dags/example_sensors.py took 0.336 seconds
[2024-12-15T19:52:28.163+0000] {processor.py:186} INFO - Started process (PID=218) to work on /home/airflow/.local/lib/python3.12/site-packages/airflow/example_dags/example_sensors.py
[2024-12-15T19:52:28.177+0000] {processor.py:914} INFO - Processing file /home/airflow/.local/lib/python3.12/site-packages/airflow/example_dags/example_sensors.py for tasks to queue
[2024-12-15T19:52:28.202+0000] {logging_mixin.py:190} INFO - [2024-12-15T19:52:28.201+0000] {dagbag.py:588} INFO - Filling up the DagBag from /home/airflow/.local/lib/python3.12/site-packages/airflow/example_dags/example_sensors.py
[2024-12-15T19:52:28.261+0000] {processor.py:925} INFO - DAG(s) 'example_sensors' retrieved from /home/airflow/.local/lib/python3.12/site-packages/airflow/example_dags/example_sensors.py
[2024-12-15T19:52:28.390+0000] {logging_mixin.py:190} INFO - [2024-12-15T19:52:28.389+0000] {dag.py:3239} INFO - Sync 1 DAGs
[2024-12-15T19:52:28.570+0000] {logging_mixin.py:190} INFO - [2024-12-15T19:52:28.569+0000] {dag.py:4180} INFO - Setting next_dagrun for example_sensors to None, run_after=None
[2024-12-15T19:52:28.690+0000] {processor.py:208} INFO - Processing /home/airflow/.local/lib/python3.12/site-packages/airflow/example_dags/example_sensors.py took 0.554 seconds
[2024-12-15T19:52:59.034+0000] {processor.py:186} INFO - Started process (PID=285) to work on /home/airflow/.local/lib/python3.12/site-packages/airflow/example_dags/example_sensors.py
[2024-12-15T19:52:59.038+0000] {processor.py:914} INFO - Processing file /home/airflow/.local/lib/python3.12/site-packages/airflow/example_dags/example_sensors.py for tasks to queue
[2024-12-15T19:52:59.092+0000] {logging_mixin.py:190} INFO - [2024-12-15T19:52:59.091+0000] {dagbag.py:588} INFO - Filling up the DagBag from /home/airflow/.local/lib/python3.12/site-packages/airflow/example_dags/example_sensors.py
[2024-12-15T19:52:59.244+0000] {processor.py:925} INFO - DAG(s) 'example_sensors' retrieved from /home/airflow/.local/lib/python3.12/site-packages/airflow/example_dags/example_sensors.py
[2024-12-15T19:52:59.404+0000] {logging_mixin.py:190} INFO - [2024-12-15T19:52:59.403+0000] {dag.py:3239} INFO - Sync 1 DAGs
[2024-12-15T19:52:59.440+0000] {logging_mixin.py:190} INFO - [2024-12-15T19:52:59.440+0000] {dag.py:4180} INFO - Setting next_dagrun for example_sensors to None, run_after=None
[2024-12-15T19:52:59.494+0000] {processor.py:208} INFO - Processing /home/airflow/.local/lib/python3.12/site-packages/airflow/example_dags/example_sensors.py took 0.474 seconds
[2024-12-15T19:53:40.012+0000] {processor.py:186} INFO - Started process (PID=348) to work on /home/airflow/.local/lib/python3.12/site-packages/airflow/example_dags/example_sensors.py
[2024-12-15T19:53:40.017+0000] {processor.py:914} INFO - Processing file /home/airflow/.local/lib/python3.12/site-packages/airflow/example_dags/example_sensors.py for tasks to queue
[2024-12-15T19:53:40.038+0000] {logging_mixin.py:190} INFO - [2024-12-15T19:53:40.038+0000] {dagbag.py:588} INFO - Filling up the DagBag from /home/airflow/.local/lib/python3.12/site-packages/airflow/example_dags/example_sensors.py
[2024-12-15T19:53:40.088+0000] {processor.py:925} INFO - DAG(s) 'example_sensors' retrieved from /home/airflow/.local/lib/python3.12/site-packages/airflow/example_dags/example_sensors.py
[2024-12-15T19:53:40.146+0000] {logging_mixin.py:190} INFO - [2024-12-15T19:53:40.146+0000] {dag.py:3239} INFO - Sync 1 DAGs
[2024-12-15T19:53:40.190+0000] {logging_mixin.py:190} INFO - [2024-12-15T19:53:40.189+0000] {dag.py:4180} INFO - Setting next_dagrun for example_sensors to None, run_after=None
[2024-12-15T19:53:40.230+0000] {processor.py:208} INFO - Processing /home/airflow/.local/lib/python3.12/site-packages/airflow/example_dags/example_sensors.py took 0.242 seconds
[2024-12-15T19:54:16.488+0000] {processor.py:186} INFO - Started process (PID=416) to work on /home/airflow/.local/lib/python3.12/site-packages/airflow/example_dags/example_sensors.py
[2024-12-15T19:54:16.490+0000] {processor.py:914} INFO - Processing file /home/airflow/.local/lib/python3.12/site-packages/airflow/example_dags/example_sensors.py for tasks to queue
[2024-12-15T19:54:16.495+0000] {logging_mixin.py:190} INFO - [2024-12-15T19:54:16.494+0000] {dagbag.py:588} INFO - Filling up the DagBag from /home/airflow/.local/lib/python3.12/site-packages/airflow/example_dags/example_sensors.py
[2024-12-15T19:54:16.513+0000] {processor.py:925} INFO - DAG(s) 'example_sensors' retrieved from /home/airflow/.local/lib/python3.12/site-packages/airflow/example_dags/example_sensors.py
[2024-12-15T19:54:16.584+0000] {logging_mixin.py:190} INFO - [2024-12-15T19:54:16.583+0000] {dag.py:3239} INFO - Sync 1 DAGs
[2024-12-15T19:54:16.625+0000] {logging_mixin.py:190} INFO - [2024-12-15T19:54:16.624+0000] {dag.py:4180} INFO - Setting next_dagrun for example_sensors to None, run_after=None
[2024-12-15T19:54:16.688+0000] {processor.py:208} INFO - Processing /home/airflow/.local/lib/python3.12/site-packages/airflow/example_dags/example_sensors.py took 0.223 seconds
[2024-12-15T19:54:46.908+0000] {processor.py:186} INFO - Started process (PID=481) to work on /home/airflow/.local/lib/python3.12/site-packages/airflow/example_dags/example_sensors.py
[2024-12-15T19:54:46.909+0000] {processor.py:914} INFO - Processing file /home/airflow/.local/lib/python3.12/site-packages/airflow/example_dags/example_sensors.py for tasks to queue
[2024-12-15T19:54:46.912+0000] {logging_mixin.py:190} INFO - [2024-12-15T19:54:46.911+0000] {dagbag.py:588} INFO - Filling up the DagBag from /home/airflow/.local/lib/python3.12/site-packages/airflow/example_dags/example_sensors.py
[2024-12-15T19:54:46.927+0000] {processor.py:925} INFO - DAG(s) 'example_sensors' retrieved from /home/airflow/.local/lib/python3.12/site-packages/airflow/example_dags/example_sensors.py
[2024-12-15T19:54:46.965+0000] {logging_mixin.py:190} INFO - [2024-12-15T19:54:46.964+0000] {dag.py:3239} INFO - Sync 1 DAGs
[2024-12-15T19:54:47.001+0000] {logging_mixin.py:190} INFO - [2024-12-15T19:54:47.000+0000] {dag.py:4180} INFO - Setting next_dagrun for example_sensors to None, run_after=None
[2024-12-15T19:54:47.031+0000] {processor.py:208} INFO - Processing /home/airflow/.local/lib/python3.12/site-packages/airflow/example_dags/example_sensors.py took 0.131 seconds
[2024-12-15T19:55:26.266+0000] {processor.py:186} INFO - Started process (PID=554) to work on /home/airflow/.local/lib/python3.12/site-packages/airflow/example_dags/example_sensors.py
[2024-12-15T19:55:26.267+0000] {processor.py:914} INFO - Processing file /home/airflow/.local/lib/python3.12/site-packages/airflow/example_dags/example_sensors.py for tasks to queue
[2024-12-15T19:55:26.269+0000] {logging_mixin.py:190} INFO - [2024-12-15T19:55:26.269+0000] {dagbag.py:588} INFO - Filling up the DagBag from /home/airflow/.local/lib/python3.12/site-packages/airflow/example_dags/example_sensors.py
[2024-12-15T19:55:26.303+0000] {processor.py:925} INFO - DAG(s) 'example_sensors' retrieved from /home/airflow/.local/lib/python3.12/site-packages/airflow/example_dags/example_sensors.py
[2024-12-15T19:55:26.370+0000] {logging_mixin.py:190} INFO - [2024-12-15T19:55:26.370+0000] {dag.py:3239} INFO - Sync 1 DAGs
[2024-12-15T19:55:26.403+0000] {logging_mixin.py:190} INFO - [2024-12-15T19:55:26.402+0000] {dag.py:4180} INFO - Setting next_dagrun for example_sensors to None, run_after=None
[2024-12-15T19:55:26.438+0000] {processor.py:208} INFO - Processing /home/airflow/.local/lib/python3.12/site-packages/airflow/example_dags/example_sensors.py took 0.188 seconds
[2024-12-15T19:56:05.065+0000] {processor.py:186} INFO - Started process (PID=618) to work on /home/airflow/.local/lib/python3.12/site-packages/airflow/example_dags/example_sensors.py
[2024-12-15T19:56:05.067+0000] {processor.py:914} INFO - Processing file /home/airflow/.local/lib/python3.12/site-packages/airflow/example_dags/example_sensors.py for tasks to queue
[2024-12-15T19:56:05.074+0000] {logging_mixin.py:190} INFO - [2024-12-15T19:56:05.073+0000] {dagbag.py:588} INFO - Filling up the DagBag from /home/airflow/.local/lib/python3.12/site-packages/airflow/example_dags/example_sensors.py
[2024-12-15T19:56:05.127+0000] {processor.py:925} INFO - DAG(s) 'example_sensors' retrieved from /home/airflow/.local/lib/python3.12/site-packages/airflow/example_dags/example_sensors.py
[2024-12-15T19:56:05.192+0000] {logging_mixin.py:190} INFO - [2024-12-15T19:56:05.192+0000] {dag.py:3239} INFO - Sync 1 DAGs
[2024-12-15T19:56:05.237+0000] {logging_mixin.py:190} INFO - [2024-12-15T19:56:05.237+0000] {dag.py:4180} INFO - Setting next_dagrun for example_sensors to None, run_after=None
[2024-12-15T19:56:05.303+0000] {processor.py:208} INFO - Processing /home/airflow/.local/lib/python3.12/site-packages/airflow/example_dags/example_sensors.py took 0.261 seconds
[2024-12-15T19:59:54.791+0000] {processor.py:186} INFO - Started process (PID=88) to work on /home/airflow/.local/lib/python3.12/site-packages/airflow/example_dags/example_sensors.py
[2024-12-15T19:59:54.797+0000] {processor.py:914} INFO - Processing file /home/airflow/.local/lib/python3.12/site-packages/airflow/example_dags/example_sensors.py for tasks to queue
[2024-12-15T19:59:54.819+0000] {logging_mixin.py:190} INFO - [2024-12-15T19:59:54.816+0000] {dagbag.py:588} INFO - Filling up the DagBag from /home/airflow/.local/lib/python3.12/site-packages/airflow/example_dags/example_sensors.py
[2024-12-15T19:59:54.894+0000] {processor.py:925} INFO - DAG(s) 'example_sensors' retrieved from /home/airflow/.local/lib/python3.12/site-packages/airflow/example_dags/example_sensors.py
[2024-12-15T19:59:55.474+0000] {logging_mixin.py:190} INFO - [2024-12-15T19:59:55.473+0000] {dag.py:3239} INFO - Sync 1 DAGs
[2024-12-15T19:59:55.747+0000] {logging_mixin.py:190} INFO - [2024-12-15T19:59:55.704+0000] {dag.py:4180} INFO - Setting next_dagrun for example_sensors to None, run_after=None
[2024-12-15T19:59:56.111+0000] {processor.py:208} INFO - Processing /home/airflow/.local/lib/python3.12/site-packages/airflow/example_dags/example_sensors.py took 1.376 seconds
[2024-12-15T20:01:40.422+0000] {processor.py:186} INFO - Started process (PID=171) to work on /home/airflow/.local/lib/python3.12/site-packages/airflow/example_dags/example_sensors.py
[2024-12-15T20:01:40.430+0000] {processor.py:914} INFO - Processing file /home/airflow/.local/lib/python3.12/site-packages/airflow/example_dags/example_sensors.py for tasks to queue
[2024-12-15T20:01:40.451+0000] {logging_mixin.py:190} INFO - [2024-12-15T20:01:40.451+0000] {dagbag.py:588} INFO - Filling up the DagBag from /home/airflow/.local/lib/python3.12/site-packages/airflow/example_dags/example_sensors.py
[2024-12-15T20:01:41.168+0000] {processor.py:925} INFO - DAG(s) 'example_sensors' retrieved from /home/airflow/.local/lib/python3.12/site-packages/airflow/example_dags/example_sensors.py
[2024-12-15T20:01:41.916+0000] {logging_mixin.py:190} INFO - [2024-12-15T20:01:41.912+0000] {dag.py:3239} INFO - Sync 1 DAGs
[2024-12-15T20:01:42.047+0000] {logging_mixin.py:190} INFO - [2024-12-15T20:01:42.047+0000] {dag.py:4180} INFO - Setting next_dagrun for example_sensors to None, run_after=None
[2024-12-15T20:01:42.449+0000] {processor.py:208} INFO - Processing /home/airflow/.local/lib/python3.12/site-packages/airflow/example_dags/example_sensors.py took 2.116 seconds
[2024-12-15T20:02:17.315+0000] {processor.py:186} INFO - Started process (PID=237) to work on /home/airflow/.local/lib/python3.12/site-packages/airflow/example_dags/example_sensors.py
[2024-12-15T20:02:17.341+0000] {processor.py:914} INFO - Processing file /home/airflow/.local/lib/python3.12/site-packages/airflow/example_dags/example_sensors.py for tasks to queue
[2024-12-15T20:02:18.041+0000] {logging_mixin.py:190} INFO - [2024-12-15T20:02:18.040+0000] {dagbag.py:588} INFO - Filling up the DagBag from /home/airflow/.local/lib/python3.12/site-packages/airflow/example_dags/example_sensors.py
[2024-12-15T20:02:18.377+0000] {processor.py:925} INFO - DAG(s) 'example_sensors' retrieved from /home/airflow/.local/lib/python3.12/site-packages/airflow/example_dags/example_sensors.py
[2024-12-15T20:02:18.538+0000] {logging_mixin.py:190} INFO - [2024-12-15T20:02:18.537+0000] {dag.py:3239} INFO - Sync 1 DAGs
[2024-12-15T20:02:18.607+0000] {logging_mixin.py:190} INFO - [2024-12-15T20:02:18.607+0000] {dag.py:4180} INFO - Setting next_dagrun for example_sensors to None, run_after=None
[2024-12-15T20:02:18.678+0000] {processor.py:208} INFO - Processing /home/airflow/.local/lib/python3.12/site-packages/airflow/example_dags/example_sensors.py took 2.383 seconds
[2024-12-15T20:03:06.357+0000] {processor.py:186} INFO - Started process (PID=314) to work on /home/airflow/.local/lib/python3.12/site-packages/airflow/example_dags/example_sensors.py
[2024-12-15T20:03:06.365+0000] {processor.py:914} INFO - Processing file /home/airflow/.local/lib/python3.12/site-packages/airflow/example_dags/example_sensors.py for tasks to queue
[2024-12-15T20:03:06.380+0000] {logging_mixin.py:190} INFO - [2024-12-15T20:03:06.377+0000] {dagbag.py:588} INFO - Filling up the DagBag from /home/airflow/.local/lib/python3.12/site-packages/airflow/example_dags/example_sensors.py
[2024-12-15T20:03:06.412+0000] {processor.py:925} INFO - DAG(s) 'example_sensors' retrieved from /home/airflow/.local/lib/python3.12/site-packages/airflow/example_dags/example_sensors.py
[2024-12-15T20:03:06.484+0000] {logging_mixin.py:190} INFO - [2024-12-15T20:03:06.483+0000] {dag.py:3239} INFO - Sync 1 DAGs
[2024-12-15T20:03:06.542+0000] {logging_mixin.py:190} INFO - [2024-12-15T20:03:06.541+0000] {dag.py:4180} INFO - Setting next_dagrun for example_sensors to None, run_after=None
[2024-12-15T20:03:06.576+0000] {processor.py:208} INFO - Processing /home/airflow/.local/lib/python3.12/site-packages/airflow/example_dags/example_sensors.py took 0.235 seconds
[2024-12-15T20:03:37.065+0000] {processor.py:186} INFO - Started process (PID=378) to work on /home/airflow/.local/lib/python3.12/site-packages/airflow/example_dags/example_sensors.py
[2024-12-15T20:03:37.067+0000] {processor.py:914} INFO - Processing file /home/airflow/.local/lib/python3.12/site-packages/airflow/example_dags/example_sensors.py for tasks to queue
[2024-12-15T20:03:37.073+0000] {logging_mixin.py:190} INFO - [2024-12-15T20:03:37.073+0000] {dagbag.py:588} INFO - Filling up the DagBag from /home/airflow/.local/lib/python3.12/site-packages/airflow/example_dags/example_sensors.py
[2024-12-15T20:03:37.093+0000] {processor.py:925} INFO - DAG(s) 'example_sensors' retrieved from /home/airflow/.local/lib/python3.12/site-packages/airflow/example_dags/example_sensors.py
[2024-12-15T20:03:37.124+0000] {logging_mixin.py:190} INFO - [2024-12-15T20:03:37.124+0000] {dag.py:3239} INFO - Sync 1 DAGs
[2024-12-15T20:03:37.145+0000] {logging_mixin.py:190} INFO - [2024-12-15T20:03:37.144+0000] {dag.py:4180} INFO - Setting next_dagrun for example_sensors to None, run_after=None
[2024-12-15T20:03:37.168+0000] {processor.py:208} INFO - Processing /home/airflow/.local/lib/python3.12/site-packages/airflow/example_dags/example_sensors.py took 0.111 seconds
[2024-12-15T20:04:10.727+0000] {processor.py:186} INFO - Started process (PID=449) to work on /home/airflow/.local/lib/python3.12/site-packages/airflow/example_dags/example_sensors.py
[2024-12-15T20:04:10.749+0000] {processor.py:914} INFO - Processing file /home/airflow/.local/lib/python3.12/site-packages/airflow/example_dags/example_sensors.py for tasks to queue
[2024-12-15T20:04:10.761+0000] {logging_mixin.py:190} INFO - [2024-12-15T20:04:10.759+0000] {dagbag.py:588} INFO - Filling up the DagBag from /home/airflow/.local/lib/python3.12/site-packages/airflow/example_dags/example_sensors.py
[2024-12-15T20:04:10.819+0000] {processor.py:925} INFO - DAG(s) 'example_sensors' retrieved from /home/airflow/.local/lib/python3.12/site-packages/airflow/example_dags/example_sensors.py
[2024-12-15T20:04:11.047+0000] {logging_mixin.py:190} INFO - [2024-12-15T20:04:11.046+0000] {dag.py:3239} INFO - Sync 1 DAGs
[2024-12-15T20:04:11.148+0000] {logging_mixin.py:190} INFO - [2024-12-15T20:04:11.148+0000] {dag.py:4180} INFO - Setting next_dagrun for example_sensors to None, run_after=None
[2024-12-15T20:04:11.187+0000] {processor.py:208} INFO - Processing /home/airflow/.local/lib/python3.12/site-packages/airflow/example_dags/example_sensors.py took 0.560 seconds
[2024-12-15T20:04:45.853+0000] {processor.py:186} INFO - Started process (PID=514) to work on /home/airflow/.local/lib/python3.12/site-packages/airflow/example_dags/example_sensors.py
[2024-12-15T20:04:45.856+0000] {processor.py:914} INFO - Processing file /home/airflow/.local/lib/python3.12/site-packages/airflow/example_dags/example_sensors.py for tasks to queue
[2024-12-15T20:04:45.867+0000] {logging_mixin.py:190} INFO - [2024-12-15T20:04:45.864+0000] {dagbag.py:588} INFO - Filling up the DagBag from /home/airflow/.local/lib/python3.12/site-packages/airflow/example_dags/example_sensors.py
[2024-12-15T20:04:45.905+0000] {processor.py:925} INFO - DAG(s) 'example_sensors' retrieved from /home/airflow/.local/lib/python3.12/site-packages/airflow/example_dags/example_sensors.py
[2024-12-15T20:04:45.984+0000] {logging_mixin.py:190} INFO - [2024-12-15T20:04:45.983+0000] {dag.py:3239} INFO - Sync 1 DAGs
[2024-12-15T20:04:46.067+0000] {logging_mixin.py:190} INFO - [2024-12-15T20:04:46.067+0000] {dag.py:4180} INFO - Setting next_dagrun for example_sensors to None, run_after=None
[2024-12-15T20:04:46.133+0000] {processor.py:208} INFO - Processing /home/airflow/.local/lib/python3.12/site-packages/airflow/example_dags/example_sensors.py took 0.307 seconds
[2024-12-15T20:06:08.684+0000] {processor.py:186} INFO - Started process (PID=593) to work on /home/airflow/.local/lib/python3.12/site-packages/airflow/example_dags/example_sensors.py
[2024-12-15T20:06:08.693+0000] {processor.py:914} INFO - Processing file /home/airflow/.local/lib/python3.12/site-packages/airflow/example_dags/example_sensors.py for tasks to queue
[2024-12-15T20:06:08.699+0000] {logging_mixin.py:190} INFO - [2024-12-15T20:06:08.699+0000] {dagbag.py:588} INFO - Filling up the DagBag from /home/airflow/.local/lib/python3.12/site-packages/airflow/example_dags/example_sensors.py
[2024-12-15T20:06:08.734+0000] {processor.py:925} INFO - DAG(s) 'example_sensors' retrieved from /home/airflow/.local/lib/python3.12/site-packages/airflow/example_dags/example_sensors.py
[2024-12-15T20:06:08.794+0000] {logging_mixin.py:190} INFO - [2024-12-15T20:06:08.794+0000] {dag.py:3239} INFO - Sync 1 DAGs
[2024-12-15T20:06:08.902+0000] {logging_mixin.py:190} INFO - [2024-12-15T20:06:08.890+0000] {dag.py:4180} INFO - Setting next_dagrun for example_sensors to None, run_after=None
[2024-12-15T20:06:09.018+0000] {processor.py:208} INFO - Processing /home/airflow/.local/lib/python3.12/site-packages/airflow/example_dags/example_sensors.py took 0.373 seconds
[2024-12-15T20:06:39.556+0000] {processor.py:186} INFO - Started process (PID=659) to work on /home/airflow/.local/lib/python3.12/site-packages/airflow/example_dags/example_sensors.py
[2024-12-15T20:06:39.559+0000] {processor.py:914} INFO - Processing file /home/airflow/.local/lib/python3.12/site-packages/airflow/example_dags/example_sensors.py for tasks to queue
[2024-12-15T20:06:39.563+0000] {logging_mixin.py:190} INFO - [2024-12-15T20:06:39.562+0000] {dagbag.py:588} INFO - Filling up the DagBag from /home/airflow/.local/lib/python3.12/site-packages/airflow/example_dags/example_sensors.py
[2024-12-15T20:06:39.587+0000] {processor.py:925} INFO - DAG(s) 'example_sensors' retrieved from /home/airflow/.local/lib/python3.12/site-packages/airflow/example_dags/example_sensors.py
[2024-12-15T20:06:39.660+0000] {logging_mixin.py:190} INFO - [2024-12-15T20:06:39.659+0000] {dag.py:3239} INFO - Sync 1 DAGs
[2024-12-15T20:06:39.715+0000] {logging_mixin.py:190} INFO - [2024-12-15T20:06:39.715+0000] {dag.py:4180} INFO - Setting next_dagrun for example_sensors to None, run_after=None
[2024-12-15T20:06:39.767+0000] {processor.py:208} INFO - Processing /home/airflow/.local/lib/python3.12/site-packages/airflow/example_dags/example_sensors.py took 0.220 seconds
[2024-12-15T20:07:11.089+0000] {processor.py:186} INFO - Started process (PID=725) to work on /home/airflow/.local/lib/python3.12/site-packages/airflow/example_dags/example_sensors.py
[2024-12-15T20:07:11.092+0000] {processor.py:914} INFO - Processing file /home/airflow/.local/lib/python3.12/site-packages/airflow/example_dags/example_sensors.py for tasks to queue
[2024-12-15T20:07:11.098+0000] {logging_mixin.py:190} INFO - [2024-12-15T20:07:11.097+0000] {dagbag.py:588} INFO - Filling up the DagBag from /home/airflow/.local/lib/python3.12/site-packages/airflow/example_dags/example_sensors.py
[2024-12-15T20:07:11.145+0000] {processor.py:925} INFO - DAG(s) 'example_sensors' retrieved from /home/airflow/.local/lib/python3.12/site-packages/airflow/example_dags/example_sensors.py
[2024-12-15T20:07:11.209+0000] {logging_mixin.py:190} INFO - [2024-12-15T20:07:11.209+0000] {dag.py:3239} INFO - Sync 1 DAGs
[2024-12-15T20:07:11.238+0000] {logging_mixin.py:190} INFO - [2024-12-15T20:07:11.238+0000] {dag.py:4180} INFO - Setting next_dagrun for example_sensors to None, run_after=None
[2024-12-15T20:07:11.261+0000] {processor.py:208} INFO - Processing /home/airflow/.local/lib/python3.12/site-packages/airflow/example_dags/example_sensors.py took 0.186 seconds
[2024-12-15T20:16:33.019+0000] {processor.py:186} INFO - Started process (PID=89) to work on /home/airflow/.local/lib/python3.12/site-packages/airflow/example_dags/example_sensors.py
[2024-12-15T20:16:33.022+0000] {processor.py:914} INFO - Processing file /home/airflow/.local/lib/python3.12/site-packages/airflow/example_dags/example_sensors.py for tasks to queue
[2024-12-15T20:16:33.025+0000] {logging_mixin.py:190} INFO - [2024-12-15T20:16:33.025+0000] {dagbag.py:588} INFO - Filling up the DagBag from /home/airflow/.local/lib/python3.12/site-packages/airflow/example_dags/example_sensors.py
[2024-12-15T20:16:33.041+0000] {processor.py:925} INFO - DAG(s) 'example_sensors' retrieved from /home/airflow/.local/lib/python3.12/site-packages/airflow/example_dags/example_sensors.py
[2024-12-15T20:16:33.079+0000] {logging_mixin.py:190} INFO - [2024-12-15T20:16:33.079+0000] {dag.py:3239} INFO - Sync 1 DAGs
[2024-12-15T20:16:33.105+0000] {logging_mixin.py:190} INFO - [2024-12-15T20:16:33.105+0000] {dag.py:4180} INFO - Setting next_dagrun for example_sensors to None, run_after=None
[2024-12-15T20:16:33.138+0000] {processor.py:208} INFO - Processing /home/airflow/.local/lib/python3.12/site-packages/airflow/example_dags/example_sensors.py took 0.129 seconds
[2024-12-15T20:17:04.886+0000] {processor.py:186} INFO - Started process (PID=153) to work on /home/airflow/.local/lib/python3.12/site-packages/airflow/example_dags/example_sensors.py
[2024-12-15T20:17:04.888+0000] {processor.py:914} INFO - Processing file /home/airflow/.local/lib/python3.12/site-packages/airflow/example_dags/example_sensors.py for tasks to queue
[2024-12-15T20:17:04.891+0000] {logging_mixin.py:190} INFO - [2024-12-15T20:17:04.891+0000] {dagbag.py:588} INFO - Filling up the DagBag from /home/airflow/.local/lib/python3.12/site-packages/airflow/example_dags/example_sensors.py
[2024-12-15T20:17:04.911+0000] {processor.py:925} INFO - DAG(s) 'example_sensors' retrieved from /home/airflow/.local/lib/python3.12/site-packages/airflow/example_dags/example_sensors.py
[2024-12-15T20:17:04.957+0000] {logging_mixin.py:190} INFO - [2024-12-15T20:17:04.957+0000] {dag.py:3239} INFO - Sync 1 DAGs
[2024-12-15T20:17:04.983+0000] {logging_mixin.py:190} INFO - [2024-12-15T20:17:04.982+0000] {dag.py:4180} INFO - Setting next_dagrun for example_sensors to None, run_after=None
[2024-12-15T20:17:05.022+0000] {processor.py:208} INFO - Processing /home/airflow/.local/lib/python3.12/site-packages/airflow/example_dags/example_sensors.py took 0.144 seconds
[2024-12-15T20:17:37.796+0000] {processor.py:186} INFO - Started process (PID=217) to work on /home/airflow/.local/lib/python3.12/site-packages/airflow/example_dags/example_sensors.py
[2024-12-15T20:17:37.800+0000] {processor.py:914} INFO - Processing file /home/airflow/.local/lib/python3.12/site-packages/airflow/example_dags/example_sensors.py for tasks to queue
[2024-12-15T20:17:37.805+0000] {logging_mixin.py:190} INFO - [2024-12-15T20:17:37.804+0000] {dagbag.py:588} INFO - Filling up the DagBag from /home/airflow/.local/lib/python3.12/site-packages/airflow/example_dags/example_sensors.py
[2024-12-15T20:17:37.841+0000] {processor.py:925} INFO - DAG(s) 'example_sensors' retrieved from /home/airflow/.local/lib/python3.12/site-packages/airflow/example_dags/example_sensors.py
[2024-12-15T20:17:37.892+0000] {logging_mixin.py:190} INFO - [2024-12-15T20:17:37.891+0000] {dag.py:3239} INFO - Sync 1 DAGs
[2024-12-15T20:17:37.917+0000] {logging_mixin.py:190} INFO - [2024-12-15T20:17:37.917+0000] {dag.py:4180} INFO - Setting next_dagrun for example_sensors to None, run_after=None
[2024-12-15T20:17:37.973+0000] {processor.py:208} INFO - Processing /home/airflow/.local/lib/python3.12/site-packages/airflow/example_dags/example_sensors.py took 0.203 seconds
[2024-12-15T20:18:13.152+0000] {processor.py:186} INFO - Started process (PID=281) to work on /home/airflow/.local/lib/python3.12/site-packages/airflow/example_dags/example_sensors.py
[2024-12-15T20:18:13.158+0000] {processor.py:914} INFO - Processing file /home/airflow/.local/lib/python3.12/site-packages/airflow/example_dags/example_sensors.py for tasks to queue
[2024-12-15T20:18:13.174+0000] {logging_mixin.py:190} INFO - [2024-12-15T20:18:13.171+0000] {dagbag.py:588} INFO - Filling up the DagBag from /home/airflow/.local/lib/python3.12/site-packages/airflow/example_dags/example_sensors.py
[2024-12-15T20:18:13.236+0000] {processor.py:925} INFO - DAG(s) 'example_sensors' retrieved from /home/airflow/.local/lib/python3.12/site-packages/airflow/example_dags/example_sensors.py
[2024-12-15T20:18:13.285+0000] {logging_mixin.py:190} INFO - [2024-12-15T20:18:13.285+0000] {dag.py:3239} INFO - Sync 1 DAGs
[2024-12-15T20:18:13.336+0000] {logging_mixin.py:190} INFO - [2024-12-15T20:18:13.336+0000] {dag.py:4180} INFO - Setting next_dagrun for example_sensors to None, run_after=None
[2024-12-15T20:18:13.408+0000] {processor.py:208} INFO - Processing /home/airflow/.local/lib/python3.12/site-packages/airflow/example_dags/example_sensors.py took 0.278 seconds
[2024-12-15T20:18:57.870+0000] {processor.py:186} INFO - Started process (PID=351) to work on /home/airflow/.local/lib/python3.12/site-packages/airflow/example_dags/example_sensors.py
[2024-12-15T20:18:57.872+0000] {processor.py:914} INFO - Processing file /home/airflow/.local/lib/python3.12/site-packages/airflow/example_dags/example_sensors.py for tasks to queue
[2024-12-15T20:18:57.877+0000] {logging_mixin.py:190} INFO - [2024-12-15T20:18:57.877+0000] {dagbag.py:588} INFO - Filling up the DagBag from /home/airflow/.local/lib/python3.12/site-packages/airflow/example_dags/example_sensors.py
[2024-12-15T20:18:57.903+0000] {processor.py:925} INFO - DAG(s) 'example_sensors' retrieved from /home/airflow/.local/lib/python3.12/site-packages/airflow/example_dags/example_sensors.py
[2024-12-15T20:18:57.991+0000] {logging_mixin.py:190} INFO - [2024-12-15T20:18:57.990+0000] {dag.py:3239} INFO - Sync 1 DAGs
[2024-12-15T20:18:58.042+0000] {logging_mixin.py:190} INFO - [2024-12-15T20:18:58.042+0000] {dag.py:4180} INFO - Setting next_dagrun for example_sensors to None, run_after=None
[2024-12-15T20:18:58.110+0000] {processor.py:208} INFO - Processing /home/airflow/.local/lib/python3.12/site-packages/airflow/example_dags/example_sensors.py took 0.250 seconds
[2024-12-15T20:19:51.347+0000] {processor.py:186} INFO - Started process (PID=416) to work on /home/airflow/.local/lib/python3.12/site-packages/airflow/example_dags/example_sensors.py
[2024-12-15T20:19:51.401+0000] {processor.py:914} INFO - Processing file /home/airflow/.local/lib/python3.12/site-packages/airflow/example_dags/example_sensors.py for tasks to queue
[2024-12-15T20:19:51.419+0000] {logging_mixin.py:190} INFO - [2024-12-15T20:19:51.417+0000] {dagbag.py:588} INFO - Filling up the DagBag from /home/airflow/.local/lib/python3.12/site-packages/airflow/example_dags/example_sensors.py
[2024-12-15T20:19:51.466+0000] {processor.py:925} INFO - DAG(s) 'example_sensors' retrieved from /home/airflow/.local/lib/python3.12/site-packages/airflow/example_dags/example_sensors.py
[2024-12-15T20:19:51.709+0000] {logging_mixin.py:190} INFO - [2024-12-15T20:19:51.705+0000] {dag.py:3239} INFO - Sync 1 DAGs
[2024-12-15T20:19:51.814+0000] {logging_mixin.py:190} INFO - [2024-12-15T20:19:51.814+0000] {dag.py:4180} INFO - Setting next_dagrun for example_sensors to None, run_after=None
[2024-12-15T20:19:51.925+0000] {processor.py:208} INFO - Processing /home/airflow/.local/lib/python3.12/site-packages/airflow/example_dags/example_sensors.py took 0.629 seconds
[2024-12-15T20:21:14.848+0000] {processor.py:186} INFO - Started process (PID=500) to work on /home/airflow/.local/lib/python3.12/site-packages/airflow/example_dags/example_sensors.py
[2024-12-15T20:21:14.850+0000] {processor.py:914} INFO - Processing file /home/airflow/.local/lib/python3.12/site-packages/airflow/example_dags/example_sensors.py for tasks to queue
[2024-12-15T20:21:14.854+0000] {logging_mixin.py:190} INFO - [2024-12-15T20:21:14.853+0000] {dagbag.py:588} INFO - Filling up the DagBag from /home/airflow/.local/lib/python3.12/site-packages/airflow/example_dags/example_sensors.py
[2024-12-15T20:21:14.874+0000] {processor.py:925} INFO - DAG(s) 'example_sensors' retrieved from /home/airflow/.local/lib/python3.12/site-packages/airflow/example_dags/example_sensors.py
[2024-12-15T20:21:14.911+0000] {logging_mixin.py:190} INFO - [2024-12-15T20:21:14.911+0000] {dag.py:3239} INFO - Sync 1 DAGs
[2024-12-15T20:21:14.932+0000] {logging_mixin.py:190} INFO - [2024-12-15T20:21:14.932+0000] {dag.py:4180} INFO - Setting next_dagrun for example_sensors to None, run_after=None
[2024-12-15T20:21:14.977+0000] {processor.py:208} INFO - Processing /home/airflow/.local/lib/python3.12/site-packages/airflow/example_dags/example_sensors.py took 0.142 seconds
[2024-12-15T20:21:46.087+0000] {processor.py:186} INFO - Started process (PID=565) to work on /home/airflow/.local/lib/python3.12/site-packages/airflow/example_dags/example_sensors.py
[2024-12-15T20:21:46.089+0000] {processor.py:914} INFO - Processing file /home/airflow/.local/lib/python3.12/site-packages/airflow/example_dags/example_sensors.py for tasks to queue
[2024-12-15T20:21:46.093+0000] {logging_mixin.py:190} INFO - [2024-12-15T20:21:46.092+0000] {dagbag.py:588} INFO - Filling up the DagBag from /home/airflow/.local/lib/python3.12/site-packages/airflow/example_dags/example_sensors.py
[2024-12-15T20:21:46.130+0000] {processor.py:925} INFO - DAG(s) 'example_sensors' retrieved from /home/airflow/.local/lib/python3.12/site-packages/airflow/example_dags/example_sensors.py
[2024-12-15T20:21:46.192+0000] {logging_mixin.py:190} INFO - [2024-12-15T20:21:46.192+0000] {dag.py:3239} INFO - Sync 1 DAGs
[2024-12-15T20:21:46.253+0000] {logging_mixin.py:190} INFO - [2024-12-15T20:21:46.253+0000] {dag.py:4180} INFO - Setting next_dagrun for example_sensors to None, run_after=None
[2024-12-15T20:21:46.299+0000] {processor.py:208} INFO - Processing /home/airflow/.local/lib/python3.12/site-packages/airflow/example_dags/example_sensors.py took 0.225 seconds
[2024-12-15T20:22:22.598+0000] {processor.py:186} INFO - Started process (PID=638) to work on /home/airflow/.local/lib/python3.12/site-packages/airflow/example_dags/example_sensors.py
[2024-12-15T20:22:22.600+0000] {processor.py:914} INFO - Processing file /home/airflow/.local/lib/python3.12/site-packages/airflow/example_dags/example_sensors.py for tasks to queue
[2024-12-15T20:22:22.609+0000] {logging_mixin.py:190} INFO - [2024-12-15T20:22:22.608+0000] {dagbag.py:588} INFO - Filling up the DagBag from /home/airflow/.local/lib/python3.12/site-packages/airflow/example_dags/example_sensors.py
[2024-12-15T20:22:22.653+0000] {processor.py:925} INFO - DAG(s) 'example_sensors' retrieved from /home/airflow/.local/lib/python3.12/site-packages/airflow/example_dags/example_sensors.py
[2024-12-15T20:22:22.728+0000] {logging_mixin.py:190} INFO - [2024-12-15T20:22:22.727+0000] {dag.py:3239} INFO - Sync 1 DAGs
[2024-12-15T20:22:22.780+0000] {logging_mixin.py:190} INFO - [2024-12-15T20:22:22.779+0000] {dag.py:4180} INFO - Setting next_dagrun for example_sensors to None, run_after=None
[2024-12-15T20:22:22.834+0000] {processor.py:208} INFO - Processing /home/airflow/.local/lib/python3.12/site-packages/airflow/example_dags/example_sensors.py took 0.265 seconds
[2024-12-15T20:22:53.701+0000] {processor.py:186} INFO - Started process (PID=704) to work on /home/airflow/.local/lib/python3.12/site-packages/airflow/example_dags/example_sensors.py
[2024-12-15T20:22:53.704+0000] {processor.py:914} INFO - Processing file /home/airflow/.local/lib/python3.12/site-packages/airflow/example_dags/example_sensors.py for tasks to queue
[2024-12-15T20:22:53.706+0000] {logging_mixin.py:190} INFO - [2024-12-15T20:22:53.705+0000] {dagbag.py:588} INFO - Filling up the DagBag from /home/airflow/.local/lib/python3.12/site-packages/airflow/example_dags/example_sensors.py
[2024-12-15T20:22:53.727+0000] {processor.py:925} INFO - DAG(s) 'example_sensors' retrieved from /home/airflow/.local/lib/python3.12/site-packages/airflow/example_dags/example_sensors.py
[2024-12-15T20:22:53.778+0000] {logging_mixin.py:190} INFO - [2024-12-15T20:22:53.777+0000] {dag.py:3239} INFO - Sync 1 DAGs
[2024-12-15T20:22:53.808+0000] {logging_mixin.py:190} INFO - [2024-12-15T20:22:53.808+0000] {dag.py:4180} INFO - Setting next_dagrun for example_sensors to None, run_after=None
[2024-12-15T20:22:53.840+0000] {processor.py:208} INFO - Processing /home/airflow/.local/lib/python3.12/site-packages/airflow/example_dags/example_sensors.py took 0.152 seconds
[2024-12-15T20:23:27.614+0000] {processor.py:186} INFO - Started process (PID=769) to work on /home/airflow/.local/lib/python3.12/site-packages/airflow/example_dags/example_sensors.py
[2024-12-15T20:23:27.617+0000] {processor.py:914} INFO - Processing file /home/airflow/.local/lib/python3.12/site-packages/airflow/example_dags/example_sensors.py for tasks to queue
[2024-12-15T20:23:27.621+0000] {logging_mixin.py:190} INFO - [2024-12-15T20:23:27.620+0000] {dagbag.py:588} INFO - Filling up the DagBag from /home/airflow/.local/lib/python3.12/site-packages/airflow/example_dags/example_sensors.py
[2024-12-15T20:23:27.649+0000] {processor.py:925} INFO - DAG(s) 'example_sensors' retrieved from /home/airflow/.local/lib/python3.12/site-packages/airflow/example_dags/example_sensors.py
[2024-12-15T20:23:27.717+0000] {logging_mixin.py:190} INFO - [2024-12-15T20:23:27.716+0000] {dag.py:3239} INFO - Sync 1 DAGs
[2024-12-15T20:23:27.747+0000] {logging_mixin.py:190} INFO - [2024-12-15T20:23:27.746+0000] {dag.py:4180} INFO - Setting next_dagrun for example_sensors to None, run_after=None
[2024-12-15T20:23:27.779+0000] {processor.py:208} INFO - Processing /home/airflow/.local/lib/python3.12/site-packages/airflow/example_dags/example_sensors.py took 0.179 seconds
[2024-12-15T20:29:16.788+0000] {processor.py:186} INFO - Started process (PID=894) to work on /home/airflow/.local/lib/python3.12/site-packages/airflow/example_dags/example_sensors.py
[2024-12-15T20:29:16.803+0000] {processor.py:914} INFO - Processing file /home/airflow/.local/lib/python3.12/site-packages/airflow/example_dags/example_sensors.py for tasks to queue
[2024-12-15T20:29:16.819+0000] {logging_mixin.py:190} INFO - [2024-12-15T20:29:16.817+0000] {dagbag.py:588} INFO - Filling up the DagBag from /home/airflow/.local/lib/python3.12/site-packages/airflow/example_dags/example_sensors.py
[2024-12-15T20:29:16.859+0000] {processor.py:925} INFO - DAG(s) 'example_sensors' retrieved from /home/airflow/.local/lib/python3.12/site-packages/airflow/example_dags/example_sensors.py
[2024-12-15T20:29:16.928+0000] {logging_mixin.py:190} INFO - [2024-12-15T20:29:16.928+0000] {dag.py:3239} INFO - Sync 1 DAGs
[2024-12-15T20:29:16.954+0000] {logging_mixin.py:190} INFO - [2024-12-15T20:29:16.954+0000] {dag.py:4180} INFO - Setting next_dagrun for example_sensors to None, run_after=None
[2024-12-15T20:29:17.029+0000] {processor.py:208} INFO - Processing /home/airflow/.local/lib/python3.12/site-packages/airflow/example_dags/example_sensors.py took 0.270 seconds
[2024-12-15T20:30:28.364+0000] {processor.py:186} INFO - Started process (PID=963) to work on /home/airflow/.local/lib/python3.12/site-packages/airflow/example_dags/example_sensors.py
[2024-12-15T20:30:28.374+0000] {processor.py:914} INFO - Processing file /home/airflow/.local/lib/python3.12/site-packages/airflow/example_dags/example_sensors.py for tasks to queue
[2024-12-15T20:30:28.385+0000] {logging_mixin.py:190} INFO - [2024-12-15T20:30:28.385+0000] {dagbag.py:588} INFO - Filling up the DagBag from /home/airflow/.local/lib/python3.12/site-packages/airflow/example_dags/example_sensors.py
[2024-12-15T20:30:28.511+0000] {processor.py:925} INFO - DAG(s) 'example_sensors' retrieved from /home/airflow/.local/lib/python3.12/site-packages/airflow/example_dags/example_sensors.py
[2024-12-15T20:30:28.677+0000] {logging_mixin.py:190} INFO - [2024-12-15T20:30:28.677+0000] {dag.py:3239} INFO - Sync 1 DAGs
[2024-12-15T20:30:28.714+0000] {logging_mixin.py:190} INFO - [2024-12-15T20:30:28.714+0000] {dag.py:4180} INFO - Setting next_dagrun for example_sensors to None, run_after=None
[2024-12-15T20:30:28.783+0000] {processor.py:208} INFO - Processing /home/airflow/.local/lib/python3.12/site-packages/airflow/example_dags/example_sensors.py took 0.449 seconds
[2024-12-15T20:31:01.972+0000] {processor.py:186} INFO - Started process (PID=1029) to work on /home/airflow/.local/lib/python3.12/site-packages/airflow/example_dags/example_sensors.py
[2024-12-15T20:31:01.980+0000] {processor.py:914} INFO - Processing file /home/airflow/.local/lib/python3.12/site-packages/airflow/example_dags/example_sensors.py for tasks to queue
[2024-12-15T20:31:01.988+0000] {logging_mixin.py:190} INFO - [2024-12-15T20:31:01.986+0000] {dagbag.py:588} INFO - Filling up the DagBag from /home/airflow/.local/lib/python3.12/site-packages/airflow/example_dags/example_sensors.py
[2024-12-15T20:31:02.026+0000] {processor.py:925} INFO - DAG(s) 'example_sensors' retrieved from /home/airflow/.local/lib/python3.12/site-packages/airflow/example_dags/example_sensors.py
[2024-12-15T20:31:02.106+0000] {logging_mixin.py:190} INFO - [2024-12-15T20:31:02.106+0000] {dag.py:3239} INFO - Sync 1 DAGs
[2024-12-15T20:31:02.165+0000] {logging_mixin.py:190} INFO - [2024-12-15T20:31:02.165+0000] {dag.py:4180} INFO - Setting next_dagrun for example_sensors to None, run_after=None
[2024-12-15T20:31:02.203+0000] {processor.py:208} INFO - Processing /home/airflow/.local/lib/python3.12/site-packages/airflow/example_dags/example_sensors.py took 0.255 seconds
[2024-12-15T20:31:35.329+0000] {processor.py:186} INFO - Started process (PID=1099) to work on /home/airflow/.local/lib/python3.12/site-packages/airflow/example_dags/example_sensors.py
[2024-12-15T20:31:35.334+0000] {processor.py:914} INFO - Processing file /home/airflow/.local/lib/python3.12/site-packages/airflow/example_dags/example_sensors.py for tasks to queue
[2024-12-15T20:31:35.339+0000] {logging_mixin.py:190} INFO - [2024-12-15T20:31:35.338+0000] {dagbag.py:588} INFO - Filling up the DagBag from /home/airflow/.local/lib/python3.12/site-packages/airflow/example_dags/example_sensors.py
[2024-12-15T20:31:35.390+0000] {processor.py:925} INFO - DAG(s) 'example_sensors' retrieved from /home/airflow/.local/lib/python3.12/site-packages/airflow/example_dags/example_sensors.py
[2024-12-15T20:31:35.506+0000] {logging_mixin.py:190} INFO - [2024-12-15T20:31:35.502+0000] {dag.py:3239} INFO - Sync 1 DAGs
[2024-12-15T20:31:35.564+0000] {logging_mixin.py:190} INFO - [2024-12-15T20:31:35.564+0000] {dag.py:4180} INFO - Setting next_dagrun for example_sensors to None, run_after=None
[2024-12-15T20:31:35.622+0000] {processor.py:208} INFO - Processing /home/airflow/.local/lib/python3.12/site-packages/airflow/example_dags/example_sensors.py took 0.318 seconds
[2024-12-15T20:33:10.611+0000] {processor.py:186} INFO - Started process (PID=1153) to work on /home/airflow/.local/lib/python3.12/site-packages/airflow/example_dags/example_sensors.py
[2024-12-15T20:33:10.619+0000] {processor.py:914} INFO - Processing file /home/airflow/.local/lib/python3.12/site-packages/airflow/example_dags/example_sensors.py for tasks to queue
[2024-12-15T20:33:10.778+0000] {logging_mixin.py:190} INFO - [2024-12-15T20:33:10.765+0000] {dagbag.py:588} INFO - Filling up the DagBag from /home/airflow/.local/lib/python3.12/site-packages/airflow/example_dags/example_sensors.py
[2024-12-15T20:33:11.031+0000] {processor.py:925} INFO - DAG(s) 'example_sensors' retrieved from /home/airflow/.local/lib/python3.12/site-packages/airflow/example_dags/example_sensors.py
[2024-12-15T20:33:11.296+0000] {logging_mixin.py:190} INFO - [2024-12-15T20:33:11.287+0000] {dag.py:3239} INFO - Sync 1 DAGs
[2024-12-15T20:33:11.440+0000] {logging_mixin.py:190} INFO - [2024-12-15T20:33:11.437+0000] {dag.py:4180} INFO - Setting next_dagrun for example_sensors to None, run_after=None
[2024-12-15T20:33:11.799+0000] {processor.py:208} INFO - Processing /home/airflow/.local/lib/python3.12/site-packages/airflow/example_dags/example_sensors.py took 1.343 seconds
[2024-12-15T20:33:42.660+0000] {processor.py:186} INFO - Started process (PID=1219) to work on /home/airflow/.local/lib/python3.12/site-packages/airflow/example_dags/example_sensors.py
[2024-12-15T20:33:42.662+0000] {processor.py:914} INFO - Processing file /home/airflow/.local/lib/python3.12/site-packages/airflow/example_dags/example_sensors.py for tasks to queue
[2024-12-15T20:33:42.664+0000] {logging_mixin.py:190} INFO - [2024-12-15T20:33:42.663+0000] {dagbag.py:588} INFO - Filling up the DagBag from /home/airflow/.local/lib/python3.12/site-packages/airflow/example_dags/example_sensors.py
[2024-12-15T20:33:42.684+0000] {processor.py:925} INFO - DAG(s) 'example_sensors' retrieved from /home/airflow/.local/lib/python3.12/site-packages/airflow/example_dags/example_sensors.py
[2024-12-15T20:33:42.733+0000] {logging_mixin.py:190} INFO - [2024-12-15T20:33:42.732+0000] {dag.py:3239} INFO - Sync 1 DAGs
[2024-12-15T20:33:42.759+0000] {logging_mixin.py:190} INFO - [2024-12-15T20:33:42.758+0000] {dag.py:4180} INFO - Setting next_dagrun for example_sensors to None, run_after=None
[2024-12-15T20:33:42.798+0000] {processor.py:208} INFO - Processing /home/airflow/.local/lib/python3.12/site-packages/airflow/example_dags/example_sensors.py took 0.153 seconds
[2024-12-15T20:34:13.098+0000] {processor.py:186} INFO - Started process (PID=1284) to work on /home/airflow/.local/lib/python3.12/site-packages/airflow/example_dags/example_sensors.py
[2024-12-15T20:34:13.109+0000] {processor.py:914} INFO - Processing file /home/airflow/.local/lib/python3.12/site-packages/airflow/example_dags/example_sensors.py for tasks to queue
[2024-12-15T20:34:13.112+0000] {logging_mixin.py:190} INFO - [2024-12-15T20:34:13.111+0000] {dagbag.py:588} INFO - Filling up the DagBag from /home/airflow/.local/lib/python3.12/site-packages/airflow/example_dags/example_sensors.py
[2024-12-15T20:34:13.177+0000] {processor.py:925} INFO - DAG(s) 'example_sensors' retrieved from /home/airflow/.local/lib/python3.12/site-packages/airflow/example_dags/example_sensors.py
[2024-12-15T20:34:13.549+0000] {logging_mixin.py:190} INFO - [2024-12-15T20:34:13.548+0000] {dag.py:3239} INFO - Sync 1 DAGs
[2024-12-15T20:34:13.824+0000] {logging_mixin.py:190} INFO - [2024-12-15T20:34:13.808+0000] {dag.py:4180} INFO - Setting next_dagrun for example_sensors to None, run_after=None
[2024-12-15T20:34:14.192+0000] {processor.py:208} INFO - Processing /home/airflow/.local/lib/python3.12/site-packages/airflow/example_dags/example_sensors.py took 1.112 seconds
[2024-12-15T20:34:45.306+0000] {processor.py:186} INFO - Started process (PID=1350) to work on /home/airflow/.local/lib/python3.12/site-packages/airflow/example_dags/example_sensors.py
[2024-12-15T20:34:45.308+0000] {processor.py:914} INFO - Processing file /home/airflow/.local/lib/python3.12/site-packages/airflow/example_dags/example_sensors.py for tasks to queue
[2024-12-15T20:34:45.312+0000] {logging_mixin.py:190} INFO - [2024-12-15T20:34:45.312+0000] {dagbag.py:588} INFO - Filling up the DagBag from /home/airflow/.local/lib/python3.12/site-packages/airflow/example_dags/example_sensors.py
[2024-12-15T20:34:45.330+0000] {processor.py:925} INFO - DAG(s) 'example_sensors' retrieved from /home/airflow/.local/lib/python3.12/site-packages/airflow/example_dags/example_sensors.py
[2024-12-15T20:34:45.380+0000] {logging_mixin.py:190} INFO - [2024-12-15T20:34:45.380+0000] {dag.py:3239} INFO - Sync 1 DAGs
[2024-12-15T20:34:45.403+0000] {logging_mixin.py:190} INFO - [2024-12-15T20:34:45.402+0000] {dag.py:4180} INFO - Setting next_dagrun for example_sensors to None, run_after=None
[2024-12-15T20:34:45.430+0000] {processor.py:208} INFO - Processing /home/airflow/.local/lib/python3.12/site-packages/airflow/example_dags/example_sensors.py took 0.132 seconds
[2024-12-15T20:35:15.914+0000] {processor.py:186} INFO - Started process (PID=1421) to work on /home/airflow/.local/lib/python3.12/site-packages/airflow/example_dags/example_sensors.py
[2024-12-15T20:35:15.918+0000] {processor.py:914} INFO - Processing file /home/airflow/.local/lib/python3.12/site-packages/airflow/example_dags/example_sensors.py for tasks to queue
[2024-12-15T20:35:15.924+0000] {logging_mixin.py:190} INFO - [2024-12-15T20:35:15.923+0000] {dagbag.py:588} INFO - Filling up the DagBag from /home/airflow/.local/lib/python3.12/site-packages/airflow/example_dags/example_sensors.py
[2024-12-15T20:35:15.977+0000] {processor.py:925} INFO - DAG(s) 'example_sensors' retrieved from /home/airflow/.local/lib/python3.12/site-packages/airflow/example_dags/example_sensors.py
[2024-12-15T20:35:16.048+0000] {logging_mixin.py:190} INFO - [2024-12-15T20:35:16.047+0000] {dag.py:3239} INFO - Sync 1 DAGs
[2024-12-15T20:35:16.093+0000] {logging_mixin.py:190} INFO - [2024-12-15T20:35:16.093+0000] {dag.py:4180} INFO - Setting next_dagrun for example_sensors to None, run_after=None
[2024-12-15T20:35:16.157+0000] {processor.py:208} INFO - Processing /home/airflow/.local/lib/python3.12/site-packages/airflow/example_dags/example_sensors.py took 0.266 seconds
[2024-12-15T20:35:57.774+0000] {processor.py:186} INFO - Started process (PID=1485) to work on /home/airflow/.local/lib/python3.12/site-packages/airflow/example_dags/example_sensors.py
[2024-12-15T20:35:57.775+0000] {processor.py:914} INFO - Processing file /home/airflow/.local/lib/python3.12/site-packages/airflow/example_dags/example_sensors.py for tasks to queue
[2024-12-15T20:35:57.778+0000] {logging_mixin.py:190} INFO - [2024-12-15T20:35:57.777+0000] {dagbag.py:588} INFO - Filling up the DagBag from /home/airflow/.local/lib/python3.12/site-packages/airflow/example_dags/example_sensors.py
[2024-12-15T20:35:57.802+0000] {processor.py:925} INFO - DAG(s) 'example_sensors' retrieved from /home/airflow/.local/lib/python3.12/site-packages/airflow/example_dags/example_sensors.py
[2024-12-15T20:35:57.846+0000] {logging_mixin.py:190} INFO - [2024-12-15T20:35:57.846+0000] {dag.py:3239} INFO - Sync 1 DAGs
[2024-12-15T20:35:57.893+0000] {logging_mixin.py:190} INFO - [2024-12-15T20:35:57.893+0000] {dag.py:4180} INFO - Setting next_dagrun for example_sensors to None, run_after=None
[2024-12-15T20:35:57.926+0000] {processor.py:208} INFO - Processing /home/airflow/.local/lib/python3.12/site-packages/airflow/example_dags/example_sensors.py took 0.163 seconds
[2024-12-15T20:36:29.133+0000] {processor.py:186} INFO - Started process (PID=1551) to work on /home/airflow/.local/lib/python3.12/site-packages/airflow/example_dags/example_sensors.py
[2024-12-15T20:36:29.138+0000] {processor.py:914} INFO - Processing file /home/airflow/.local/lib/python3.12/site-packages/airflow/example_dags/example_sensors.py for tasks to queue
[2024-12-15T20:36:29.141+0000] {logging_mixin.py:190} INFO - [2024-12-15T20:36:29.140+0000] {dagbag.py:588} INFO - Filling up the DagBag from /home/airflow/.local/lib/python3.12/site-packages/airflow/example_dags/example_sensors.py
[2024-12-15T20:36:29.161+0000] {processor.py:925} INFO - DAG(s) 'example_sensors' retrieved from /home/airflow/.local/lib/python3.12/site-packages/airflow/example_dags/example_sensors.py
[2024-12-15T20:36:29.198+0000] {logging_mixin.py:190} INFO - [2024-12-15T20:36:29.198+0000] {dag.py:3239} INFO - Sync 1 DAGs
[2024-12-15T20:36:29.227+0000] {logging_mixin.py:190} INFO - [2024-12-15T20:36:29.227+0000] {dag.py:4180} INFO - Setting next_dagrun for example_sensors to None, run_after=None
[2024-12-15T20:36:29.263+0000] {processor.py:208} INFO - Processing /home/airflow/.local/lib/python3.12/site-packages/airflow/example_dags/example_sensors.py took 0.141 seconds
[2024-12-15T20:37:02.676+0000] {processor.py:186} INFO - Started process (PID=1621) to work on /home/airflow/.local/lib/python3.12/site-packages/airflow/example_dags/example_sensors.py
[2024-12-15T20:37:02.679+0000] {processor.py:914} INFO - Processing file /home/airflow/.local/lib/python3.12/site-packages/airflow/example_dags/example_sensors.py for tasks to queue
[2024-12-15T20:37:02.681+0000] {logging_mixin.py:190} INFO - [2024-12-15T20:37:02.680+0000] {dagbag.py:588} INFO - Filling up the DagBag from /home/airflow/.local/lib/python3.12/site-packages/airflow/example_dags/example_sensors.py
[2024-12-15T20:37:02.697+0000] {processor.py:925} INFO - DAG(s) 'example_sensors' retrieved from /home/airflow/.local/lib/python3.12/site-packages/airflow/example_dags/example_sensors.py
[2024-12-15T20:37:02.747+0000] {logging_mixin.py:190} INFO - [2024-12-15T20:37:02.747+0000] {dag.py:3239} INFO - Sync 1 DAGs
[2024-12-15T20:37:02.766+0000] {logging_mixin.py:190} INFO - [2024-12-15T20:37:02.766+0000] {dag.py:4180} INFO - Setting next_dagrun for example_sensors to None, run_after=None
[2024-12-15T20:37:02.807+0000] {processor.py:208} INFO - Processing /home/airflow/.local/lib/python3.12/site-packages/airflow/example_dags/example_sensors.py took 0.140 seconds
[2024-12-15T20:37:37.006+0000] {processor.py:186} INFO - Started process (PID=1686) to work on /home/airflow/.local/lib/python3.12/site-packages/airflow/example_dags/example_sensors.py
[2024-12-15T20:37:37.010+0000] {processor.py:914} INFO - Processing file /home/airflow/.local/lib/python3.12/site-packages/airflow/example_dags/example_sensors.py for tasks to queue
[2024-12-15T20:37:37.016+0000] {logging_mixin.py:190} INFO - [2024-12-15T20:37:37.015+0000] {dagbag.py:588} INFO - Filling up the DagBag from /home/airflow/.local/lib/python3.12/site-packages/airflow/example_dags/example_sensors.py
[2024-12-15T20:37:37.044+0000] {processor.py:925} INFO - DAG(s) 'example_sensors' retrieved from /home/airflow/.local/lib/python3.12/site-packages/airflow/example_dags/example_sensors.py
[2024-12-15T20:37:37.206+0000] {logging_mixin.py:190} INFO - [2024-12-15T20:37:37.206+0000] {dag.py:3239} INFO - Sync 1 DAGs
[2024-12-15T20:37:37.253+0000] {logging_mixin.py:190} INFO - [2024-12-15T20:37:37.252+0000] {dag.py:4180} INFO - Setting next_dagrun for example_sensors to None, run_after=None
[2024-12-15T20:37:37.311+0000] {processor.py:208} INFO - Processing /home/airflow/.local/lib/python3.12/site-packages/airflow/example_dags/example_sensors.py took 0.320 seconds
[2024-12-15T20:38:20.662+0000] {processor.py:186} INFO - Started process (PID=1755) to work on /home/airflow/.local/lib/python3.12/site-packages/airflow/example_dags/example_sensors.py
[2024-12-15T20:38:20.664+0000] {processor.py:914} INFO - Processing file /home/airflow/.local/lib/python3.12/site-packages/airflow/example_dags/example_sensors.py for tasks to queue
[2024-12-15T20:38:20.667+0000] {logging_mixin.py:190} INFO - [2024-12-15T20:38:20.666+0000] {dagbag.py:588} INFO - Filling up the DagBag from /home/airflow/.local/lib/python3.12/site-packages/airflow/example_dags/example_sensors.py
[2024-12-15T20:38:20.683+0000] {processor.py:925} INFO - DAG(s) 'example_sensors' retrieved from /home/airflow/.local/lib/python3.12/site-packages/airflow/example_dags/example_sensors.py
[2024-12-15T20:38:20.730+0000] {logging_mixin.py:190} INFO - [2024-12-15T20:38:20.730+0000] {dag.py:3239} INFO - Sync 1 DAGs
[2024-12-15T20:38:20.759+0000] {logging_mixin.py:190} INFO - [2024-12-15T20:38:20.758+0000] {dag.py:4180} INFO - Setting next_dagrun for example_sensors to None, run_after=None
[2024-12-15T20:38:20.792+0000] {processor.py:208} INFO - Processing /home/airflow/.local/lib/python3.12/site-packages/airflow/example_dags/example_sensors.py took 0.140 seconds
[2024-12-15T20:41:11.961+0000] {processor.py:186} INFO - Started process (PID=1842) to work on /home/airflow/.local/lib/python3.12/site-packages/airflow/example_dags/example_sensors.py
[2024-12-15T20:41:11.967+0000] {processor.py:914} INFO - Processing file /home/airflow/.local/lib/python3.12/site-packages/airflow/example_dags/example_sensors.py for tasks to queue
[2024-12-15T20:41:11.979+0000] {logging_mixin.py:190} INFO - [2024-12-15T20:41:11.975+0000] {dagbag.py:588} INFO - Filling up the DagBag from /home/airflow/.local/lib/python3.12/site-packages/airflow/example_dags/example_sensors.py
[2024-12-15T20:41:12.038+0000] {processor.py:925} INFO - DAG(s) 'example_sensors' retrieved from /home/airflow/.local/lib/python3.12/site-packages/airflow/example_dags/example_sensors.py
[2024-12-15T20:41:12.118+0000] {logging_mixin.py:190} INFO - [2024-12-15T20:41:12.117+0000] {dag.py:3239} INFO - Sync 1 DAGs
[2024-12-15T20:41:12.226+0000] {logging_mixin.py:190} INFO - [2024-12-15T20:41:12.226+0000] {dag.py:4180} INFO - Setting next_dagrun for example_sensors to None, run_after=None
[2024-12-15T20:41:12.282+0000] {processor.py:208} INFO - Processing /home/airflow/.local/lib/python3.12/site-packages/airflow/example_dags/example_sensors.py took 0.351 seconds
[2024-12-15T20:41:43.175+0000] {processor.py:186} INFO - Started process (PID=1908) to work on /home/airflow/.local/lib/python3.12/site-packages/airflow/example_dags/example_sensors.py
[2024-12-15T20:41:43.178+0000] {processor.py:914} INFO - Processing file /home/airflow/.local/lib/python3.12/site-packages/airflow/example_dags/example_sensors.py for tasks to queue
[2024-12-15T20:41:43.182+0000] {logging_mixin.py:190} INFO - [2024-12-15T20:41:43.181+0000] {dagbag.py:588} INFO - Filling up the DagBag from /home/airflow/.local/lib/python3.12/site-packages/airflow/example_dags/example_sensors.py
[2024-12-15T20:41:43.210+0000] {processor.py:925} INFO - DAG(s) 'example_sensors' retrieved from /home/airflow/.local/lib/python3.12/site-packages/airflow/example_dags/example_sensors.py
[2024-12-15T20:41:43.251+0000] {logging_mixin.py:190} INFO - [2024-12-15T20:41:43.250+0000] {dag.py:3239} INFO - Sync 1 DAGs
[2024-12-15T20:41:43.272+0000] {logging_mixin.py:190} INFO - [2024-12-15T20:41:43.272+0000] {dag.py:4180} INFO - Setting next_dagrun for example_sensors to None, run_after=None
[2024-12-15T20:41:43.300+0000] {processor.py:208} INFO - Processing /home/airflow/.local/lib/python3.12/site-packages/airflow/example_dags/example_sensors.py took 0.148 seconds
[2024-12-15T20:42:13.725+0000] {processor.py:186} INFO - Started process (PID=1972) to work on /home/airflow/.local/lib/python3.12/site-packages/airflow/example_dags/example_sensors.py
[2024-12-15T20:42:13.728+0000] {processor.py:914} INFO - Processing file /home/airflow/.local/lib/python3.12/site-packages/airflow/example_dags/example_sensors.py for tasks to queue
[2024-12-15T20:42:13.732+0000] {logging_mixin.py:190} INFO - [2024-12-15T20:42:13.732+0000] {dagbag.py:588} INFO - Filling up the DagBag from /home/airflow/.local/lib/python3.12/site-packages/airflow/example_dags/example_sensors.py
[2024-12-15T20:42:13.754+0000] {processor.py:925} INFO - DAG(s) 'example_sensors' retrieved from /home/airflow/.local/lib/python3.12/site-packages/airflow/example_dags/example_sensors.py
[2024-12-15T20:42:13.811+0000] {logging_mixin.py:190} INFO - [2024-12-15T20:42:13.810+0000] {dag.py:3239} INFO - Sync 1 DAGs
[2024-12-15T20:42:13.838+0000] {logging_mixin.py:190} INFO - [2024-12-15T20:42:13.837+0000] {dag.py:4180} INFO - Setting next_dagrun for example_sensors to None, run_after=None
[2024-12-15T20:42:13.875+0000] {processor.py:208} INFO - Processing /home/airflow/.local/lib/python3.12/site-packages/airflow/example_dags/example_sensors.py took 0.163 seconds
