[2024-12-15T19:40:59.670+0000] {processor.py:186} INFO - Started process (PID=108) to work on /home/airflow/.local/lib/python3.12/site-packages/airflow/example_dags/example_xcomargs.py
[2024-12-15T19:40:59.673+0000] {processor.py:914} INFO - Processing file /home/airflow/.local/lib/python3.12/site-packages/airflow/example_dags/example_xcomargs.py for tasks to queue
[2024-12-15T19:40:59.685+0000] {logging_mixin.py:190} INFO - [2024-12-15T19:40:59.684+0000] {dagbag.py:588} INFO - Filling up the DagBag from /home/airflow/.local/lib/python3.12/site-packages/airflow/example_dags/example_xcomargs.py
[2024-12-15T19:40:59.714+0000] {processor.py:925} INFO - DAG(s) 'example_xcom_args', 'example_xcom_args_with_operators' retrieved from /home/airflow/.local/lib/python3.12/site-packages/airflow/example_dags/example_xcomargs.py
[2024-12-15T19:40:59.932+0000] {logging_mixin.py:190} INFO - [2024-12-15T19:40:59.930+0000] {override.py:1911} INFO - Created Permission View: can delete on DAG:example_xcom_args
[2024-12-15T19:40:59.952+0000] {logging_mixin.py:190} INFO - [2024-12-15T19:40:59.951+0000] {override.py:1911} INFO - Created Permission View: can read on DAG:example_xcom_args
[2024-12-15T19:40:59.965+0000] {logging_mixin.py:190} INFO - [2024-12-15T19:40:59.964+0000] {override.py:1911} INFO - Created Permission View: can edit on DAG:example_xcom_args
[2024-12-15T19:40:59.978+0000] {logging_mixin.py:190} INFO - [2024-12-15T19:40:59.978+0000] {override.py:1911} INFO - Created Permission View: menu access on DAG Run:example_xcom_args
[2024-12-15T19:40:59.994+0000] {logging_mixin.py:190} INFO - [2024-12-15T19:40:59.993+0000] {override.py:1911} INFO - Created Permission View: can delete on DAG Run:example_xcom_args
[2024-12-15T19:41:00.010+0000] {logging_mixin.py:190} INFO - [2024-12-15T19:41:00.009+0000] {override.py:1911} INFO - Created Permission View: can create on DAG Run:example_xcom_args
[2024-12-15T19:41:00.022+0000] {logging_mixin.py:190} INFO - [2024-12-15T19:41:00.021+0000] {override.py:1911} INFO - Created Permission View: can read on DAG Run:example_xcom_args
[2024-12-15T19:41:00.046+0000] {logging_mixin.py:190} INFO - [2024-12-15T19:41:00.045+0000] {override.py:1911} INFO - Created Permission View: can delete on DAG:example_xcom_args_with_operators
[2024-12-15T19:41:00.060+0000] {logging_mixin.py:190} INFO - [2024-12-15T19:41:00.060+0000] {override.py:1911} INFO - Created Permission View: can read on DAG:example_xcom_args_with_operators
[2024-12-15T19:41:00.080+0000] {logging_mixin.py:190} INFO - [2024-12-15T19:41:00.079+0000] {override.py:1911} INFO - Created Permission View: can edit on DAG:example_xcom_args_with_operators
[2024-12-15T19:41:00.097+0000] {logging_mixin.py:190} INFO - [2024-12-15T19:41:00.096+0000] {override.py:1911} INFO - Created Permission View: menu access on DAG Run:example_xcom_args_with_operators
[2024-12-15T19:41:00.110+0000] {logging_mixin.py:190} INFO - [2024-12-15T19:41:00.109+0000] {override.py:1911} INFO - Created Permission View: can delete on DAG Run:example_xcom_args_with_operators
[2024-12-15T19:41:00.123+0000] {logging_mixin.py:190} INFO - [2024-12-15T19:41:00.122+0000] {override.py:1911} INFO - Created Permission View: can create on DAG Run:example_xcom_args_with_operators
[2024-12-15T19:41:00.141+0000] {logging_mixin.py:190} INFO - [2024-12-15T19:41:00.140+0000] {override.py:1911} INFO - Created Permission View: can read on DAG Run:example_xcom_args_with_operators
[2024-12-15T19:41:00.145+0000] {logging_mixin.py:190} INFO - [2024-12-15T19:41:00.143+0000] {dag.py:3239} INFO - Sync 2 DAGs
[2024-12-15T19:41:00.181+0000] {logging_mixin.py:190} INFO - [2024-12-15T19:41:00.180+0000] {dag.py:3262} INFO - Creating ORM DAG for example_xcom_args_with_operators
[2024-12-15T19:41:00.184+0000] {logging_mixin.py:190} INFO - [2024-12-15T19:41:00.184+0000] {dag.py:3262} INFO - Creating ORM DAG for example_xcom_args
[2024-12-15T19:41:00.189+0000] {logging_mixin.py:190} INFO - [2024-12-15T19:41:00.188+0000] {dag.py:4180} INFO - Setting next_dagrun for example_xcom_args to None, run_after=None
[2024-12-15T19:41:00.192+0000] {logging_mixin.py:190} INFO - [2024-12-15T19:41:00.191+0000] {dag.py:4180} INFO - Setting next_dagrun for example_xcom_args_with_operators to None, run_after=None
[2024-12-15T19:41:00.229+0000] {processor.py:208} INFO - Processing /home/airflow/.local/lib/python3.12/site-packages/airflow/example_dags/example_xcomargs.py took 0.574 seconds
[2024-12-15T19:41:30.698+0000] {processor.py:186} INFO - Started process (PID=171) to work on /home/airflow/.local/lib/python3.12/site-packages/airflow/example_dags/example_xcomargs.py
[2024-12-15T19:41:30.701+0000] {processor.py:914} INFO - Processing file /home/airflow/.local/lib/python3.12/site-packages/airflow/example_dags/example_xcomargs.py for tasks to queue
[2024-12-15T19:41:30.707+0000] {logging_mixin.py:190} INFO - [2024-12-15T19:41:30.707+0000] {dagbag.py:588} INFO - Filling up the DagBag from /home/airflow/.local/lib/python3.12/site-packages/airflow/example_dags/example_xcomargs.py
[2024-12-15T19:41:30.735+0000] {processor.py:925} INFO - DAG(s) 'example_xcom_args_with_operators', 'example_xcom_args' retrieved from /home/airflow/.local/lib/python3.12/site-packages/airflow/example_dags/example_xcomargs.py
[2024-12-15T19:41:30.796+0000] {logging_mixin.py:190} INFO - [2024-12-15T19:41:30.795+0000] {dag.py:3239} INFO - Sync 2 DAGs
[2024-12-15T19:41:30.819+0000] {logging_mixin.py:190} INFO - [2024-12-15T19:41:30.819+0000] {dag.py:4180} INFO - Setting next_dagrun for example_xcom_args to None, run_after=None
[2024-12-15T19:41:30.829+0000] {logging_mixin.py:190} INFO - [2024-12-15T19:41:30.827+0000] {dag.py:4180} INFO - Setting next_dagrun for example_xcom_args_with_operators to None, run_after=None
[2024-12-15T19:41:30.890+0000] {processor.py:208} INFO - Processing /home/airflow/.local/lib/python3.12/site-packages/airflow/example_dags/example_xcomargs.py took 0.208 seconds
[2024-12-15T19:42:43.025+0000] {processor.py:186} INFO - Started process (PID=265) to work on /home/airflow/.local/lib/python3.12/site-packages/airflow/example_dags/example_xcomargs.py
[2024-12-15T19:42:43.032+0000] {processor.py:914} INFO - Processing file /home/airflow/.local/lib/python3.12/site-packages/airflow/example_dags/example_xcomargs.py for tasks to queue
[2024-12-15T19:42:43.071+0000] {logging_mixin.py:190} INFO - [2024-12-15T19:42:43.071+0000] {dagbag.py:588} INFO - Filling up the DagBag from /home/airflow/.local/lib/python3.12/site-packages/airflow/example_dags/example_xcomargs.py
[2024-12-15T19:42:43.170+0000] {processor.py:925} INFO - DAG(s) 'example_xcom_args', 'example_xcom_args_with_operators' retrieved from /home/airflow/.local/lib/python3.12/site-packages/airflow/example_dags/example_xcomargs.py
[2024-12-15T19:42:43.395+0000] {logging_mixin.py:190} INFO - [2024-12-15T19:42:43.395+0000] {dag.py:3239} INFO - Sync 2 DAGs
[2024-12-15T19:42:43.749+0000] {logging_mixin.py:190} INFO - [2024-12-15T19:42:43.748+0000] {dag.py:4180} INFO - Setting next_dagrun for example_xcom_args to None, run_after=None
[2024-12-15T19:42:43.852+0000] {logging_mixin.py:190} INFO - [2024-12-15T19:42:43.851+0000] {dag.py:4180} INFO - Setting next_dagrun for example_xcom_args_with_operators to None, run_after=None
[2024-12-15T19:42:44.096+0000] {processor.py:208} INFO - Processing /home/airflow/.local/lib/python3.12/site-packages/airflow/example_dags/example_xcomargs.py took 1.151 seconds
[2024-12-15T19:43:14.673+0000] {processor.py:186} INFO - Started process (PID=329) to work on /home/airflow/.local/lib/python3.12/site-packages/airflow/example_dags/example_xcomargs.py
[2024-12-15T19:43:14.686+0000] {processor.py:914} INFO - Processing file /home/airflow/.local/lib/python3.12/site-packages/airflow/example_dags/example_xcomargs.py for tasks to queue
[2024-12-15T19:43:14.696+0000] {logging_mixin.py:190} INFO - [2024-12-15T19:43:14.695+0000] {dagbag.py:588} INFO - Filling up the DagBag from /home/airflow/.local/lib/python3.12/site-packages/airflow/example_dags/example_xcomargs.py
[2024-12-15T19:43:14.743+0000] {processor.py:925} INFO - DAG(s) 'example_xcom_args_with_operators', 'example_xcom_args' retrieved from /home/airflow/.local/lib/python3.12/site-packages/airflow/example_dags/example_xcomargs.py
[2024-12-15T19:43:14.841+0000] {logging_mixin.py:190} INFO - [2024-12-15T19:43:14.841+0000] {dag.py:3239} INFO - Sync 2 DAGs
[2024-12-15T19:43:14.889+0000] {logging_mixin.py:190} INFO - [2024-12-15T19:43:14.888+0000] {dag.py:4180} INFO - Setting next_dagrun for example_xcom_args to None, run_after=None
[2024-12-15T19:43:14.907+0000] {logging_mixin.py:190} INFO - [2024-12-15T19:43:14.907+0000] {dag.py:4180} INFO - Setting next_dagrun for example_xcom_args_with_operators to None, run_after=None
[2024-12-15T19:43:14.950+0000] {processor.py:208} INFO - Processing /home/airflow/.local/lib/python3.12/site-packages/airflow/example_dags/example_xcomargs.py took 0.331 seconds
[2024-12-15T19:43:45.238+0000] {processor.py:186} INFO - Started process (PID=392) to work on /home/airflow/.local/lib/python3.12/site-packages/airflow/example_dags/example_xcomargs.py
[2024-12-15T19:43:45.241+0000] {processor.py:914} INFO - Processing file /home/airflow/.local/lib/python3.12/site-packages/airflow/example_dags/example_xcomargs.py for tasks to queue
[2024-12-15T19:43:45.247+0000] {logging_mixin.py:190} INFO - [2024-12-15T19:43:45.246+0000] {dagbag.py:588} INFO - Filling up the DagBag from /home/airflow/.local/lib/python3.12/site-packages/airflow/example_dags/example_xcomargs.py
[2024-12-15T19:43:45.263+0000] {processor.py:925} INFO - DAG(s) 'example_xcom_args', 'example_xcom_args_with_operators' retrieved from /home/airflow/.local/lib/python3.12/site-packages/airflow/example_dags/example_xcomargs.py
[2024-12-15T19:43:45.298+0000] {logging_mixin.py:190} INFO - [2024-12-15T19:43:45.297+0000] {dag.py:3239} INFO - Sync 2 DAGs
[2024-12-15T19:43:45.318+0000] {logging_mixin.py:190} INFO - [2024-12-15T19:43:45.318+0000] {dag.py:4180} INFO - Setting next_dagrun for example_xcom_args to None, run_after=None
[2024-12-15T19:43:45.326+0000] {logging_mixin.py:190} INFO - [2024-12-15T19:43:45.326+0000] {dag.py:4180} INFO - Setting next_dagrun for example_xcom_args_with_operators to None, run_after=None
[2024-12-15T19:43:45.351+0000] {processor.py:208} INFO - Processing /home/airflow/.local/lib/python3.12/site-packages/airflow/example_dags/example_xcomargs.py took 0.124 seconds
[2024-12-15T19:44:15.550+0000] {processor.py:186} INFO - Started process (PID=457) to work on /home/airflow/.local/lib/python3.12/site-packages/airflow/example_dags/example_xcomargs.py
[2024-12-15T19:44:15.552+0000] {processor.py:914} INFO - Processing file /home/airflow/.local/lib/python3.12/site-packages/airflow/example_dags/example_xcomargs.py for tasks to queue
[2024-12-15T19:44:15.556+0000] {logging_mixin.py:190} INFO - [2024-12-15T19:44:15.555+0000] {dagbag.py:588} INFO - Filling up the DagBag from /home/airflow/.local/lib/python3.12/site-packages/airflow/example_dags/example_xcomargs.py
[2024-12-15T19:44:15.593+0000] {processor.py:925} INFO - DAG(s) 'example_xcom_args', 'example_xcom_args_with_operators' retrieved from /home/airflow/.local/lib/python3.12/site-packages/airflow/example_dags/example_xcomargs.py
[2024-12-15T19:44:15.665+0000] {logging_mixin.py:190} INFO - [2024-12-15T19:44:15.665+0000] {dag.py:3239} INFO - Sync 2 DAGs
[2024-12-15T19:44:15.688+0000] {logging_mixin.py:190} INFO - [2024-12-15T19:44:15.688+0000] {dag.py:4180} INFO - Setting next_dagrun for example_xcom_args to None, run_after=None
[2024-12-15T19:44:15.694+0000] {logging_mixin.py:190} INFO - [2024-12-15T19:44:15.693+0000] {dag.py:4180} INFO - Setting next_dagrun for example_xcom_args_with_operators to None, run_after=None
[2024-12-15T19:44:15.717+0000] {processor.py:208} INFO - Processing /home/airflow/.local/lib/python3.12/site-packages/airflow/example_dags/example_xcomargs.py took 0.186 seconds
[2024-12-15T19:45:39.456+0000] {processor.py:186} INFO - Started process (PID=528) to work on /home/airflow/.local/lib/python3.12/site-packages/airflow/example_dags/example_xcomargs.py
[2024-12-15T19:45:39.463+0000] {processor.py:914} INFO - Processing file /home/airflow/.local/lib/python3.12/site-packages/airflow/example_dags/example_xcomargs.py for tasks to queue
[2024-12-15T19:45:39.473+0000] {logging_mixin.py:190} INFO - [2024-12-15T19:45:39.472+0000] {dagbag.py:588} INFO - Filling up the DagBag from /home/airflow/.local/lib/python3.12/site-packages/airflow/example_dags/example_xcomargs.py
[2024-12-15T19:45:39.495+0000] {processor.py:925} INFO - DAG(s) 'example_xcom_args', 'example_xcom_args_with_operators' retrieved from /home/airflow/.local/lib/python3.12/site-packages/airflow/example_dags/example_xcomargs.py
[2024-12-15T19:45:39.551+0000] {logging_mixin.py:190} INFO - [2024-12-15T19:45:39.550+0000] {dag.py:3239} INFO - Sync 2 DAGs
[2024-12-15T19:45:39.595+0000] {logging_mixin.py:190} INFO - [2024-12-15T19:45:39.594+0000] {dag.py:4180} INFO - Setting next_dagrun for example_xcom_args to None, run_after=None
[2024-12-15T19:45:39.600+0000] {logging_mixin.py:190} INFO - [2024-12-15T19:45:39.600+0000] {dag.py:4180} INFO - Setting next_dagrun for example_xcom_args_with_operators to None, run_after=None
[2024-12-15T19:45:39.629+0000] {processor.py:208} INFO - Processing /home/airflow/.local/lib/python3.12/site-packages/airflow/example_dags/example_xcomargs.py took 0.198 seconds
[2024-12-15T19:46:09.719+0000] {processor.py:186} INFO - Started process (PID=593) to work on /home/airflow/.local/lib/python3.12/site-packages/airflow/example_dags/example_xcomargs.py
[2024-12-15T19:46:09.721+0000] {processor.py:914} INFO - Processing file /home/airflow/.local/lib/python3.12/site-packages/airflow/example_dags/example_xcomargs.py for tasks to queue
[2024-12-15T19:46:09.728+0000] {logging_mixin.py:190} INFO - [2024-12-15T19:46:09.725+0000] {dagbag.py:588} INFO - Filling up the DagBag from /home/airflow/.local/lib/python3.12/site-packages/airflow/example_dags/example_xcomargs.py
[2024-12-15T19:46:09.748+0000] {processor.py:925} INFO - DAG(s) 'example_xcom_args_with_operators', 'example_xcom_args' retrieved from /home/airflow/.local/lib/python3.12/site-packages/airflow/example_dags/example_xcomargs.py
[2024-12-15T19:46:09.794+0000] {logging_mixin.py:190} INFO - [2024-12-15T19:46:09.793+0000] {dag.py:3239} INFO - Sync 2 DAGs
[2024-12-15T19:46:09.827+0000] {logging_mixin.py:190} INFO - [2024-12-15T19:46:09.826+0000] {dag.py:4180} INFO - Setting next_dagrun for example_xcom_args to None, run_after=None
[2024-12-15T19:46:09.837+0000] {logging_mixin.py:190} INFO - [2024-12-15T19:46:09.837+0000] {dag.py:4180} INFO - Setting next_dagrun for example_xcom_args_with_operators to None, run_after=None
[2024-12-15T19:46:09.879+0000] {processor.py:208} INFO - Processing /home/airflow/.local/lib/python3.12/site-packages/airflow/example_dags/example_xcomargs.py took 0.169 seconds
[2024-12-15T19:46:40.110+0000] {processor.py:186} INFO - Started process (PID=659) to work on /home/airflow/.local/lib/python3.12/site-packages/airflow/example_dags/example_xcomargs.py
[2024-12-15T19:46:40.113+0000] {processor.py:914} INFO - Processing file /home/airflow/.local/lib/python3.12/site-packages/airflow/example_dags/example_xcomargs.py for tasks to queue
[2024-12-15T19:46:40.121+0000] {logging_mixin.py:190} INFO - [2024-12-15T19:46:40.120+0000] {dagbag.py:588} INFO - Filling up the DagBag from /home/airflow/.local/lib/python3.12/site-packages/airflow/example_dags/example_xcomargs.py
[2024-12-15T19:46:40.135+0000] {processor.py:925} INFO - DAG(s) 'example_xcom_args', 'example_xcom_args_with_operators' retrieved from /home/airflow/.local/lib/python3.12/site-packages/airflow/example_dags/example_xcomargs.py
[2024-12-15T19:46:40.172+0000] {logging_mixin.py:190} INFO - [2024-12-15T19:46:40.171+0000] {dag.py:3239} INFO - Sync 2 DAGs
[2024-12-15T19:46:40.192+0000] {logging_mixin.py:190} INFO - [2024-12-15T19:46:40.191+0000] {dag.py:4180} INFO - Setting next_dagrun for example_xcom_args to None, run_after=None
[2024-12-15T19:46:40.198+0000] {logging_mixin.py:190} INFO - [2024-12-15T19:46:40.198+0000] {dag.py:4180} INFO - Setting next_dagrun for example_xcom_args_with_operators to None, run_after=None
[2024-12-15T19:46:40.217+0000] {processor.py:208} INFO - Processing /home/airflow/.local/lib/python3.12/site-packages/airflow/example_dags/example_xcomargs.py took 0.122 seconds
[2024-12-15T19:47:18.319+0000] {processor.py:186} INFO - Started process (PID=741) to work on /home/airflow/.local/lib/python3.12/site-packages/airflow/example_dags/example_xcomargs.py
[2024-12-15T19:47:18.330+0000] {processor.py:914} INFO - Processing file /home/airflow/.local/lib/python3.12/site-packages/airflow/example_dags/example_xcomargs.py for tasks to queue
[2024-12-15T19:47:18.337+0000] {logging_mixin.py:190} INFO - [2024-12-15T19:47:18.336+0000] {dagbag.py:588} INFO - Filling up the DagBag from /home/airflow/.local/lib/python3.12/site-packages/airflow/example_dags/example_xcomargs.py
[2024-12-15T19:47:18.368+0000] {processor.py:925} INFO - DAG(s) 'example_xcom_args', 'example_xcom_args_with_operators' retrieved from /home/airflow/.local/lib/python3.12/site-packages/airflow/example_dags/example_xcomargs.py
[2024-12-15T19:47:18.427+0000] {logging_mixin.py:190} INFO - [2024-12-15T19:47:18.427+0000] {dag.py:3239} INFO - Sync 2 DAGs
[2024-12-15T19:47:18.470+0000] {logging_mixin.py:190} INFO - [2024-12-15T19:47:18.469+0000] {dag.py:4180} INFO - Setting next_dagrun for example_xcom_args to None, run_after=None
[2024-12-15T19:47:18.477+0000] {logging_mixin.py:190} INFO - [2024-12-15T19:47:18.476+0000] {dag.py:4180} INFO - Setting next_dagrun for example_xcom_args_with_operators to None, run_after=None
[2024-12-15T19:47:18.516+0000] {processor.py:208} INFO - Processing /home/airflow/.local/lib/python3.12/site-packages/airflow/example_dags/example_xcomargs.py took 0.227 seconds
[2024-12-15T19:47:59.185+0000] {processor.py:186} INFO - Started process (PID=807) to work on /home/airflow/.local/lib/python3.12/site-packages/airflow/example_dags/example_xcomargs.py
[2024-12-15T19:47:59.195+0000] {processor.py:914} INFO - Processing file /home/airflow/.local/lib/python3.12/site-packages/airflow/example_dags/example_xcomargs.py for tasks to queue
[2024-12-15T19:47:59.205+0000] {logging_mixin.py:190} INFO - [2024-12-15T19:47:59.204+0000] {dagbag.py:588} INFO - Filling up the DagBag from /home/airflow/.local/lib/python3.12/site-packages/airflow/example_dags/example_xcomargs.py
[2024-12-15T19:47:59.262+0000] {processor.py:925} INFO - DAG(s) 'example_xcom_args_with_operators', 'example_xcom_args' retrieved from /home/airflow/.local/lib/python3.12/site-packages/airflow/example_dags/example_xcomargs.py
[2024-12-15T19:47:59.341+0000] {logging_mixin.py:190} INFO - [2024-12-15T19:47:59.341+0000] {dag.py:3239} INFO - Sync 2 DAGs
[2024-12-15T19:47:59.392+0000] {logging_mixin.py:190} INFO - [2024-12-15T19:47:59.391+0000] {dag.py:4180} INFO - Setting next_dagrun for example_xcom_args to None, run_after=None
[2024-12-15T19:47:59.405+0000] {logging_mixin.py:190} INFO - [2024-12-15T19:47:59.404+0000] {dag.py:4180} INFO - Setting next_dagrun for example_xcom_args_with_operators to None, run_after=None
[2024-12-15T19:47:59.462+0000] {processor.py:208} INFO - Processing /home/airflow/.local/lib/python3.12/site-packages/airflow/example_dags/example_xcomargs.py took 0.298 seconds
[2024-12-15T19:51:12.233+0000] {processor.py:186} INFO - Started process (PID=96) to work on /home/airflow/.local/lib/python3.12/site-packages/airflow/example_dags/example_xcomargs.py
[2024-12-15T19:51:12.235+0000] {processor.py:914} INFO - Processing file /home/airflow/.local/lib/python3.12/site-packages/airflow/example_dags/example_xcomargs.py for tasks to queue
[2024-12-15T19:51:12.255+0000] {logging_mixin.py:190} INFO - [2024-12-15T19:51:12.253+0000] {dagbag.py:588} INFO - Filling up the DagBag from /home/airflow/.local/lib/python3.12/site-packages/airflow/example_dags/example_xcomargs.py
[2024-12-15T19:51:12.392+0000] {processor.py:925} INFO - DAG(s) 'example_xcom_args_with_operators', 'example_xcom_args' retrieved from /home/airflow/.local/lib/python3.12/site-packages/airflow/example_dags/example_xcomargs.py
[2024-12-15T19:51:12.675+0000] {logging_mixin.py:190} INFO - [2024-12-15T19:51:12.674+0000] {dag.py:3239} INFO - Sync 2 DAGs
[2024-12-15T19:51:12.744+0000] {logging_mixin.py:190} INFO - [2024-12-15T19:51:12.744+0000] {dag.py:4180} INFO - Setting next_dagrun for example_xcom_args to None, run_after=None
[2024-12-15T19:51:12.762+0000] {logging_mixin.py:190} INFO - [2024-12-15T19:51:12.761+0000] {dag.py:4180} INFO - Setting next_dagrun for example_xcom_args_with_operators to None, run_after=None
[2024-12-15T19:51:12.829+0000] {processor.py:208} INFO - Processing /home/airflow/.local/lib/python3.12/site-packages/airflow/example_dags/example_xcomargs.py took 0.664 seconds
[2024-12-15T19:51:46.996+0000] {processor.py:186} INFO - Started process (PID=160) to work on /home/airflow/.local/lib/python3.12/site-packages/airflow/example_dags/example_xcomargs.py
[2024-12-15T19:51:47.006+0000] {processor.py:914} INFO - Processing file /home/airflow/.local/lib/python3.12/site-packages/airflow/example_dags/example_xcomargs.py for tasks to queue
[2024-12-15T19:51:47.011+0000] {logging_mixin.py:190} INFO - [2024-12-15T19:51:47.011+0000] {dagbag.py:588} INFO - Filling up the DagBag from /home/airflow/.local/lib/python3.12/site-packages/airflow/example_dags/example_xcomargs.py
[2024-12-15T19:51:47.085+0000] {processor.py:925} INFO - DAG(s) 'example_xcom_args', 'example_xcom_args_with_operators' retrieved from /home/airflow/.local/lib/python3.12/site-packages/airflow/example_dags/example_xcomargs.py
[2024-12-15T19:51:47.191+0000] {logging_mixin.py:190} INFO - [2024-12-15T19:51:47.190+0000] {dag.py:3239} INFO - Sync 2 DAGs
[2024-12-15T19:51:47.279+0000] {logging_mixin.py:190} INFO - [2024-12-15T19:51:47.279+0000] {dag.py:4180} INFO - Setting next_dagrun for example_xcom_args to None, run_after=None
[2024-12-15T19:51:47.290+0000] {logging_mixin.py:190} INFO - [2024-12-15T19:51:47.289+0000] {dag.py:4180} INFO - Setting next_dagrun for example_xcom_args_with_operators to None, run_after=None
[2024-12-15T19:51:47.333+0000] {processor.py:208} INFO - Processing /home/airflow/.local/lib/python3.12/site-packages/airflow/example_dags/example_xcomargs.py took 0.353 seconds
[2024-12-15T19:52:37.495+0000] {processor.py:186} INFO - Started process (PID=236) to work on /home/airflow/.local/lib/python3.12/site-packages/airflow/example_dags/example_xcomargs.py
[2024-12-15T19:52:37.499+0000] {processor.py:914} INFO - Processing file /home/airflow/.local/lib/python3.12/site-packages/airflow/example_dags/example_xcomargs.py for tasks to queue
[2024-12-15T19:52:37.520+0000] {logging_mixin.py:190} INFO - [2024-12-15T19:52:37.519+0000] {dagbag.py:588} INFO - Filling up the DagBag from /home/airflow/.local/lib/python3.12/site-packages/airflow/example_dags/example_xcomargs.py
[2024-12-15T19:52:37.591+0000] {processor.py:925} INFO - DAG(s) 'example_xcom_args_with_operators', 'example_xcom_args' retrieved from /home/airflow/.local/lib/python3.12/site-packages/airflow/example_dags/example_xcomargs.py
[2024-12-15T19:52:37.692+0000] {logging_mixin.py:190} INFO - [2024-12-15T19:52:37.692+0000] {dag.py:3239} INFO - Sync 2 DAGs
[2024-12-15T19:52:38.413+0000] {logging_mixin.py:190} INFO - [2024-12-15T19:52:38.388+0000] {dag.py:4180} INFO - Setting next_dagrun for example_xcom_args to None, run_after=None
[2024-12-15T19:52:38.837+0000] {logging_mixin.py:190} INFO - [2024-12-15T19:52:38.836+0000] {dag.py:4180} INFO - Setting next_dagrun for example_xcom_args_with_operators to None, run_after=None
[2024-12-15T19:52:38.982+0000] {processor.py:208} INFO - Processing /home/airflow/.local/lib/python3.12/site-packages/airflow/example_dags/example_xcomargs.py took 1.515 seconds
[2024-12-15T19:53:10.402+0000] {processor.py:186} INFO - Started process (PID=302) to work on /home/airflow/.local/lib/python3.12/site-packages/airflow/example_dags/example_xcomargs.py
[2024-12-15T19:53:10.415+0000] {processor.py:914} INFO - Processing file /home/airflow/.local/lib/python3.12/site-packages/airflow/example_dags/example_xcomargs.py for tasks to queue
[2024-12-15T19:53:10.495+0000] {logging_mixin.py:190} INFO - [2024-12-15T19:53:10.494+0000] {dagbag.py:588} INFO - Filling up the DagBag from /home/airflow/.local/lib/python3.12/site-packages/airflow/example_dags/example_xcomargs.py
[2024-12-15T19:53:10.591+0000] {processor.py:925} INFO - DAG(s) 'example_xcom_args', 'example_xcom_args_with_operators' retrieved from /home/airflow/.local/lib/python3.12/site-packages/airflow/example_dags/example_xcomargs.py
[2024-12-15T19:53:10.944+0000] {logging_mixin.py:190} INFO - [2024-12-15T19:53:10.943+0000] {dag.py:3239} INFO - Sync 2 DAGs
[2024-12-15T19:53:11.652+0000] {logging_mixin.py:190} INFO - [2024-12-15T19:53:11.651+0000] {dag.py:4180} INFO - Setting next_dagrun for example_xcom_args to None, run_after=None
[2024-12-15T19:53:11.724+0000] {logging_mixin.py:190} INFO - [2024-12-15T19:53:11.723+0000] {dag.py:4180} INFO - Setting next_dagrun for example_xcom_args_with_operators to None, run_after=None
[2024-12-15T19:53:12.004+0000] {processor.py:208} INFO - Processing /home/airflow/.local/lib/python3.12/site-packages/airflow/example_dags/example_xcomargs.py took 1.711 seconds
[2024-12-15T19:53:44.868+0000] {processor.py:186} INFO - Started process (PID=365) to work on /home/airflow/.local/lib/python3.12/site-packages/airflow/example_dags/example_xcomargs.py
[2024-12-15T19:53:44.870+0000] {processor.py:914} INFO - Processing file /home/airflow/.local/lib/python3.12/site-packages/airflow/example_dags/example_xcomargs.py for tasks to queue
[2024-12-15T19:53:44.875+0000] {logging_mixin.py:190} INFO - [2024-12-15T19:53:44.874+0000] {dagbag.py:588} INFO - Filling up the DagBag from /home/airflow/.local/lib/python3.12/site-packages/airflow/example_dags/example_xcomargs.py
[2024-12-15T19:53:44.894+0000] {processor.py:925} INFO - DAG(s) 'example_xcom_args_with_operators', 'example_xcom_args' retrieved from /home/airflow/.local/lib/python3.12/site-packages/airflow/example_dags/example_xcomargs.py
[2024-12-15T19:53:44.956+0000] {logging_mixin.py:190} INFO - [2024-12-15T19:53:44.956+0000] {dag.py:3239} INFO - Sync 2 DAGs
[2024-12-15T19:53:45.010+0000] {logging_mixin.py:190} INFO - [2024-12-15T19:53:45.009+0000] {dag.py:4180} INFO - Setting next_dagrun for example_xcom_args to None, run_after=None
[2024-12-15T19:53:45.034+0000] {logging_mixin.py:190} INFO - [2024-12-15T19:53:45.033+0000] {dag.py:4180} INFO - Setting next_dagrun for example_xcom_args_with_operators to None, run_after=None
[2024-12-15T19:53:45.106+0000] {processor.py:208} INFO - Processing /home/airflow/.local/lib/python3.12/site-packages/airflow/example_dags/example_xcomargs.py took 0.259 seconds
[2024-12-15T19:54:18.022+0000] {processor.py:186} INFO - Started process (PID=428) to work on /home/airflow/.local/lib/python3.12/site-packages/airflow/example_dags/example_xcomargs.py
[2024-12-15T19:54:18.026+0000] {processor.py:914} INFO - Processing file /home/airflow/.local/lib/python3.12/site-packages/airflow/example_dags/example_xcomargs.py for tasks to queue
[2024-12-15T19:54:18.036+0000] {logging_mixin.py:190} INFO - [2024-12-15T19:54:18.036+0000] {dagbag.py:588} INFO - Filling up the DagBag from /home/airflow/.local/lib/python3.12/site-packages/airflow/example_dags/example_xcomargs.py
[2024-12-15T19:54:18.058+0000] {processor.py:925} INFO - DAG(s) 'example_xcom_args_with_operators', 'example_xcom_args' retrieved from /home/airflow/.local/lib/python3.12/site-packages/airflow/example_dags/example_xcomargs.py
[2024-12-15T19:54:18.111+0000] {logging_mixin.py:190} INFO - [2024-12-15T19:54:18.111+0000] {dag.py:3239} INFO - Sync 2 DAGs
[2024-12-15T19:54:18.147+0000] {logging_mixin.py:190} INFO - [2024-12-15T19:54:18.147+0000] {dag.py:4180} INFO - Setting next_dagrun for example_xcom_args to None, run_after=None
[2024-12-15T19:54:18.157+0000] {logging_mixin.py:190} INFO - [2024-12-15T19:54:18.156+0000] {dag.py:4180} INFO - Setting next_dagrun for example_xcom_args_with_operators to None, run_after=None
[2024-12-15T19:54:18.207+0000] {processor.py:208} INFO - Processing /home/airflow/.local/lib/python3.12/site-packages/airflow/example_dags/example_xcomargs.py took 0.197 seconds
[2024-12-15T19:54:49.049+0000] {processor.py:186} INFO - Started process (PID=493) to work on /home/airflow/.local/lib/python3.12/site-packages/airflow/example_dags/example_xcomargs.py
[2024-12-15T19:54:49.051+0000] {processor.py:914} INFO - Processing file /home/airflow/.local/lib/python3.12/site-packages/airflow/example_dags/example_xcomargs.py for tasks to queue
[2024-12-15T19:54:49.053+0000] {logging_mixin.py:190} INFO - [2024-12-15T19:54:49.053+0000] {dagbag.py:588} INFO - Filling up the DagBag from /home/airflow/.local/lib/python3.12/site-packages/airflow/example_dags/example_xcomargs.py
[2024-12-15T19:54:49.072+0000] {processor.py:925} INFO - DAG(s) 'example_xcom_args', 'example_xcom_args_with_operators' retrieved from /home/airflow/.local/lib/python3.12/site-packages/airflow/example_dags/example_xcomargs.py
[2024-12-15T19:54:49.106+0000] {logging_mixin.py:190} INFO - [2024-12-15T19:54:49.105+0000] {dag.py:3239} INFO - Sync 2 DAGs
[2024-12-15T19:54:49.130+0000] {logging_mixin.py:190} INFO - [2024-12-15T19:54:49.130+0000] {dag.py:4180} INFO - Setting next_dagrun for example_xcom_args to None, run_after=None
[2024-12-15T19:54:49.136+0000] {logging_mixin.py:190} INFO - [2024-12-15T19:54:49.136+0000] {dag.py:4180} INFO - Setting next_dagrun for example_xcom_args_with_operators to None, run_after=None
[2024-12-15T19:54:49.169+0000] {processor.py:208} INFO - Processing /home/airflow/.local/lib/python3.12/site-packages/airflow/example_dags/example_xcomargs.py took 0.129 seconds
[2024-12-15T19:55:28.086+0000] {processor.py:186} INFO - Started process (PID=566) to work on /home/airflow/.local/lib/python3.12/site-packages/airflow/example_dags/example_xcomargs.py
[2024-12-15T19:55:28.088+0000] {processor.py:914} INFO - Processing file /home/airflow/.local/lib/python3.12/site-packages/airflow/example_dags/example_xcomargs.py for tasks to queue
[2024-12-15T19:55:28.091+0000] {logging_mixin.py:190} INFO - [2024-12-15T19:55:28.091+0000] {dagbag.py:588} INFO - Filling up the DagBag from /home/airflow/.local/lib/python3.12/site-packages/airflow/example_dags/example_xcomargs.py
[2024-12-15T19:55:28.115+0000] {processor.py:925} INFO - DAG(s) 'example_xcom_args', 'example_xcom_args_with_operators' retrieved from /home/airflow/.local/lib/python3.12/site-packages/airflow/example_dags/example_xcomargs.py
[2024-12-15T19:55:28.162+0000] {logging_mixin.py:190} INFO - [2024-12-15T19:55:28.161+0000] {dag.py:3239} INFO - Sync 2 DAGs
[2024-12-15T19:55:28.197+0000] {logging_mixin.py:190} INFO - [2024-12-15T19:55:28.196+0000] {dag.py:4180} INFO - Setting next_dagrun for example_xcom_args to None, run_after=None
[2024-12-15T19:55:28.205+0000] {logging_mixin.py:190} INFO - [2024-12-15T19:55:28.204+0000] {dag.py:4180} INFO - Setting next_dagrun for example_xcom_args_with_operators to None, run_after=None
[2024-12-15T19:55:28.252+0000] {processor.py:208} INFO - Processing /home/airflow/.local/lib/python3.12/site-packages/airflow/example_dags/example_xcomargs.py took 0.176 seconds
[2024-12-15T19:56:07.165+0000] {processor.py:186} INFO - Started process (PID=630) to work on /home/airflow/.local/lib/python3.12/site-packages/airflow/example_dags/example_xcomargs.py
[2024-12-15T19:56:07.167+0000] {processor.py:914} INFO - Processing file /home/airflow/.local/lib/python3.12/site-packages/airflow/example_dags/example_xcomargs.py for tasks to queue
[2024-12-15T19:56:07.171+0000] {logging_mixin.py:190} INFO - [2024-12-15T19:56:07.170+0000] {dagbag.py:588} INFO - Filling up the DagBag from /home/airflow/.local/lib/python3.12/site-packages/airflow/example_dags/example_xcomargs.py
[2024-12-15T19:56:07.186+0000] {processor.py:925} INFO - DAG(s) 'example_xcom_args', 'example_xcom_args_with_operators' retrieved from /home/airflow/.local/lib/python3.12/site-packages/airflow/example_dags/example_xcomargs.py
[2024-12-15T19:56:07.220+0000] {logging_mixin.py:190} INFO - [2024-12-15T19:56:07.220+0000] {dag.py:3239} INFO - Sync 2 DAGs
[2024-12-15T19:56:07.242+0000] {logging_mixin.py:190} INFO - [2024-12-15T19:56:07.242+0000] {dag.py:4180} INFO - Setting next_dagrun for example_xcom_args to None, run_after=None
[2024-12-15T19:56:07.248+0000] {logging_mixin.py:190} INFO - [2024-12-15T19:56:07.248+0000] {dag.py:4180} INFO - Setting next_dagrun for example_xcom_args_with_operators to None, run_after=None
[2024-12-15T19:56:07.269+0000] {processor.py:208} INFO - Processing /home/airflow/.local/lib/python3.12/site-packages/airflow/example_dags/example_xcomargs.py took 0.116 seconds
[2024-12-15T20:00:25.357+0000] {processor.py:186} INFO - Started process (PID=108) to work on /home/airflow/.local/lib/python3.12/site-packages/airflow/example_dags/example_xcomargs.py
[2024-12-15T20:00:25.362+0000] {processor.py:914} INFO - Processing file /home/airflow/.local/lib/python3.12/site-packages/airflow/example_dags/example_xcomargs.py for tasks to queue
[2024-12-15T20:00:25.377+0000] {logging_mixin.py:190} INFO - [2024-12-15T20:00:25.376+0000] {dagbag.py:588} INFO - Filling up the DagBag from /home/airflow/.local/lib/python3.12/site-packages/airflow/example_dags/example_xcomargs.py
[2024-12-15T20:00:28.522+0000] {processor.py:925} INFO - DAG(s) 'example_xcom_args_with_operators', 'example_xcom_args' retrieved from /home/airflow/.local/lib/python3.12/site-packages/airflow/example_dags/example_xcomargs.py
[2024-12-15T20:00:29.905+0000] {logging_mixin.py:190} INFO - [2024-12-15T20:00:29.904+0000] {dag.py:3239} INFO - Sync 2 DAGs
[2024-12-15T20:00:30.105+0000] {logging_mixin.py:190} INFO - [2024-12-15T20:00:30.105+0000] {dag.py:4180} INFO - Setting next_dagrun for example_xcom_args to None, run_after=None
[2024-12-15T20:00:30.118+0000] {logging_mixin.py:190} INFO - [2024-12-15T20:00:30.117+0000] {dag.py:4180} INFO - Setting next_dagrun for example_xcom_args_with_operators to None, run_after=None
[2024-12-15T20:00:30.219+0000] {processor.py:208} INFO - Processing /home/airflow/.local/lib/python3.12/site-packages/airflow/example_dags/example_xcomargs.py took 4.957 seconds
[2024-12-15T20:01:52.221+0000] {processor.py:186} INFO - Started process (PID=199) to work on /home/airflow/.local/lib/python3.12/site-packages/airflow/example_dags/example_xcomargs.py
[2024-12-15T20:01:52.232+0000] {processor.py:914} INFO - Processing file /home/airflow/.local/lib/python3.12/site-packages/airflow/example_dags/example_xcomargs.py for tasks to queue
[2024-12-15T20:01:52.245+0000] {logging_mixin.py:190} INFO - [2024-12-15T20:01:52.240+0000] {dagbag.py:588} INFO - Filling up the DagBag from /home/airflow/.local/lib/python3.12/site-packages/airflow/example_dags/example_xcomargs.py
[2024-12-15T20:01:52.301+0000] {processor.py:925} INFO - DAG(s) 'example_xcom_args', 'example_xcom_args_with_operators' retrieved from /home/airflow/.local/lib/python3.12/site-packages/airflow/example_dags/example_xcomargs.py
[2024-12-15T20:01:52.416+0000] {logging_mixin.py:190} INFO - [2024-12-15T20:01:52.416+0000] {dag.py:3239} INFO - Sync 2 DAGs
[2024-12-15T20:01:52.492+0000] {logging_mixin.py:190} INFO - [2024-12-15T20:01:52.491+0000] {dag.py:4180} INFO - Setting next_dagrun for example_xcom_args to None, run_after=None
[2024-12-15T20:01:52.519+0000] {logging_mixin.py:190} INFO - [2024-12-15T20:01:52.517+0000] {dag.py:4180} INFO - Setting next_dagrun for example_xcom_args_with_operators to None, run_after=None
[2024-12-15T20:01:52.589+0000] {processor.py:208} INFO - Processing /home/airflow/.local/lib/python3.12/site-packages/airflow/example_dags/example_xcomargs.py took 0.394 seconds
[2024-12-15T20:02:30.097+0000] {processor.py:186} INFO - Started process (PID=264) to work on /home/airflow/.local/lib/python3.12/site-packages/airflow/example_dags/example_xcomargs.py
[2024-12-15T20:02:30.108+0000] {processor.py:914} INFO - Processing file /home/airflow/.local/lib/python3.12/site-packages/airflow/example_dags/example_xcomargs.py for tasks to queue
[2024-12-15T20:02:30.127+0000] {logging_mixin.py:190} INFO - [2024-12-15T20:02:30.126+0000] {dagbag.py:588} INFO - Filling up the DagBag from /home/airflow/.local/lib/python3.12/site-packages/airflow/example_dags/example_xcomargs.py
[2024-12-15T20:02:30.180+0000] {processor.py:925} INFO - DAG(s) 'example_xcom_args_with_operators', 'example_xcom_args' retrieved from /home/airflow/.local/lib/python3.12/site-packages/airflow/example_dags/example_xcomargs.py
[2024-12-15T20:02:30.230+0000] {logging_mixin.py:190} INFO - [2024-12-15T20:02:30.230+0000] {dag.py:3239} INFO - Sync 2 DAGs
[2024-12-15T20:02:30.256+0000] {logging_mixin.py:190} INFO - [2024-12-15T20:02:30.256+0000] {dag.py:4180} INFO - Setting next_dagrun for example_xcom_args to None, run_after=None
[2024-12-15T20:02:30.263+0000] {logging_mixin.py:190} INFO - [2024-12-15T20:02:30.263+0000] {dag.py:4180} INFO - Setting next_dagrun for example_xcom_args_with_operators to None, run_after=None
[2024-12-15T20:02:30.396+0000] {processor.py:208} INFO - Processing /home/airflow/.local/lib/python3.12/site-packages/airflow/example_dags/example_xcomargs.py took 0.355 seconds
[2024-12-15T20:03:09.918+0000] {processor.py:186} INFO - Started process (PID=328) to work on /home/airflow/.local/lib/python3.12/site-packages/airflow/example_dags/example_xcomargs.py
[2024-12-15T20:03:09.920+0000] {processor.py:914} INFO - Processing file /home/airflow/.local/lib/python3.12/site-packages/airflow/example_dags/example_xcomargs.py for tasks to queue
[2024-12-15T20:03:09.936+0000] {logging_mixin.py:190} INFO - [2024-12-15T20:03:09.934+0000] {dagbag.py:588} INFO - Filling up the DagBag from /home/airflow/.local/lib/python3.12/site-packages/airflow/example_dags/example_xcomargs.py
[2024-12-15T20:03:09.982+0000] {processor.py:925} INFO - DAG(s) 'example_xcom_args_with_operators', 'example_xcom_args' retrieved from /home/airflow/.local/lib/python3.12/site-packages/airflow/example_dags/example_xcomargs.py
[2024-12-15T20:03:10.101+0000] {logging_mixin.py:190} INFO - [2024-12-15T20:03:10.101+0000] {dag.py:3239} INFO - Sync 2 DAGs
[2024-12-15T20:03:10.137+0000] {logging_mixin.py:190} INFO - [2024-12-15T20:03:10.137+0000] {dag.py:4180} INFO - Setting next_dagrun for example_xcom_args to None, run_after=None
[2024-12-15T20:03:10.153+0000] {logging_mixin.py:190} INFO - [2024-12-15T20:03:10.153+0000] {dag.py:4180} INFO - Setting next_dagrun for example_xcom_args_with_operators to None, run_after=None
[2024-12-15T20:03:10.260+0000] {processor.py:208} INFO - Processing /home/airflow/.local/lib/python3.12/site-packages/airflow/example_dags/example_xcomargs.py took 0.361 seconds
[2024-12-15T20:03:41.457+0000] {processor.py:186} INFO - Started process (PID=392) to work on /home/airflow/.local/lib/python3.12/site-packages/airflow/example_dags/example_xcomargs.py
[2024-12-15T20:03:41.461+0000] {processor.py:914} INFO - Processing file /home/airflow/.local/lib/python3.12/site-packages/airflow/example_dags/example_xcomargs.py for tasks to queue
[2024-12-15T20:03:41.474+0000] {logging_mixin.py:190} INFO - [2024-12-15T20:03:41.472+0000] {dagbag.py:588} INFO - Filling up the DagBag from /home/airflow/.local/lib/python3.12/site-packages/airflow/example_dags/example_xcomargs.py
[2024-12-15T20:03:41.566+0000] {processor.py:925} INFO - DAG(s) 'example_xcom_args_with_operators', 'example_xcom_args' retrieved from /home/airflow/.local/lib/python3.12/site-packages/airflow/example_dags/example_xcomargs.py
[2024-12-15T20:03:41.808+0000] {logging_mixin.py:190} INFO - [2024-12-15T20:03:41.807+0000] {dag.py:3239} INFO - Sync 2 DAGs
[2024-12-15T20:03:41.920+0000] {logging_mixin.py:190} INFO - [2024-12-15T20:03:41.910+0000] {dag.py:4180} INFO - Setting next_dagrun for example_xcom_args to None, run_after=None
[2024-12-15T20:03:41.951+0000] {logging_mixin.py:190} INFO - [2024-12-15T20:03:41.951+0000] {dag.py:4180} INFO - Setting next_dagrun for example_xcom_args_with_operators to None, run_after=None
[2024-12-15T20:03:42.028+0000] {processor.py:208} INFO - Processing /home/airflow/.local/lib/python3.12/site-packages/airflow/example_dags/example_xcomargs.py took 0.593 seconds
[2024-12-15T20:04:13.815+0000] {processor.py:186} INFO - Started process (PID=461) to work on /home/airflow/.local/lib/python3.12/site-packages/airflow/example_dags/example_xcomargs.py
[2024-12-15T20:04:13.818+0000] {processor.py:914} INFO - Processing file /home/airflow/.local/lib/python3.12/site-packages/airflow/example_dags/example_xcomargs.py for tasks to queue
[2024-12-15T20:04:13.823+0000] {logging_mixin.py:190} INFO - [2024-12-15T20:04:13.822+0000] {dagbag.py:588} INFO - Filling up the DagBag from /home/airflow/.local/lib/python3.12/site-packages/airflow/example_dags/example_xcomargs.py
[2024-12-15T20:04:13.846+0000] {processor.py:925} INFO - DAG(s) 'example_xcom_args_with_operators', 'example_xcom_args' retrieved from /home/airflow/.local/lib/python3.12/site-packages/airflow/example_dags/example_xcomargs.py
[2024-12-15T20:04:13.900+0000] {logging_mixin.py:190} INFO - [2024-12-15T20:04:13.900+0000] {dag.py:3239} INFO - Sync 2 DAGs
[2024-12-15T20:04:13.932+0000] {logging_mixin.py:190} INFO - [2024-12-15T20:04:13.932+0000] {dag.py:4180} INFO - Setting next_dagrun for example_xcom_args to None, run_after=None
[2024-12-15T20:04:13.944+0000] {logging_mixin.py:190} INFO - [2024-12-15T20:04:13.944+0000] {dag.py:4180} INFO - Setting next_dagrun for example_xcom_args_with_operators to None, run_after=None
[2024-12-15T20:04:13.977+0000] {processor.py:208} INFO - Processing /home/airflow/.local/lib/python3.12/site-packages/airflow/example_dags/example_xcomargs.py took 0.174 seconds
[2024-12-15T20:04:49.987+0000] {processor.py:186} INFO - Started process (PID=526) to work on /home/airflow/.local/lib/python3.12/site-packages/airflow/example_dags/example_xcomargs.py
[2024-12-15T20:04:49.989+0000] {processor.py:914} INFO - Processing file /home/airflow/.local/lib/python3.12/site-packages/airflow/example_dags/example_xcomargs.py for tasks to queue
[2024-12-15T20:04:49.997+0000] {logging_mixin.py:190} INFO - [2024-12-15T20:04:49.996+0000] {dagbag.py:588} INFO - Filling up the DagBag from /home/airflow/.local/lib/python3.12/site-packages/airflow/example_dags/example_xcomargs.py
[2024-12-15T20:04:50.065+0000] {processor.py:925} INFO - DAG(s) 'example_xcom_args_with_operators', 'example_xcom_args' retrieved from /home/airflow/.local/lib/python3.12/site-packages/airflow/example_dags/example_xcomargs.py
[2024-12-15T20:04:50.156+0000] {logging_mixin.py:190} INFO - [2024-12-15T20:04:50.155+0000] {dag.py:3239} INFO - Sync 2 DAGs
[2024-12-15T20:04:50.229+0000] {logging_mixin.py:190} INFO - [2024-12-15T20:04:50.228+0000] {dag.py:4180} INFO - Setting next_dagrun for example_xcom_args to None, run_after=None
[2024-12-15T20:04:50.255+0000] {logging_mixin.py:190} INFO - [2024-12-15T20:04:50.254+0000] {dag.py:4180} INFO - Setting next_dagrun for example_xcom_args_with_operators to None, run_after=None
[2024-12-15T20:04:50.352+0000] {processor.py:208} INFO - Processing /home/airflow/.local/lib/python3.12/site-packages/airflow/example_dags/example_xcomargs.py took 0.388 seconds
[2024-12-15T20:06:12.224+0000] {processor.py:186} INFO - Started process (PID=606) to work on /home/airflow/.local/lib/python3.12/site-packages/airflow/example_dags/example_xcomargs.py
[2024-12-15T20:06:12.229+0000] {processor.py:914} INFO - Processing file /home/airflow/.local/lib/python3.12/site-packages/airflow/example_dags/example_xcomargs.py for tasks to queue
[2024-12-15T20:06:12.246+0000] {logging_mixin.py:190} INFO - [2024-12-15T20:06:12.244+0000] {dagbag.py:588} INFO - Filling up the DagBag from /home/airflow/.local/lib/python3.12/site-packages/airflow/example_dags/example_xcomargs.py
[2024-12-15T20:06:12.330+0000] {processor.py:925} INFO - DAG(s) 'example_xcom_args_with_operators', 'example_xcom_args' retrieved from /home/airflow/.local/lib/python3.12/site-packages/airflow/example_dags/example_xcomargs.py
[2024-12-15T20:06:12.476+0000] {logging_mixin.py:190} INFO - [2024-12-15T20:06:12.476+0000] {dag.py:3239} INFO - Sync 2 DAGs
[2024-12-15T20:06:12.512+0000] {logging_mixin.py:190} INFO - [2024-12-15T20:06:12.512+0000] {dag.py:4180} INFO - Setting next_dagrun for example_xcom_args to None, run_after=None
[2024-12-15T20:06:12.523+0000] {logging_mixin.py:190} INFO - [2024-12-15T20:06:12.523+0000] {dag.py:4180} INFO - Setting next_dagrun for example_xcom_args_with_operators to None, run_after=None
[2024-12-15T20:06:12.556+0000] {processor.py:208} INFO - Processing /home/airflow/.local/lib/python3.12/site-packages/airflow/example_dags/example_xcomargs.py took 0.361 seconds
[2024-12-15T20:06:42.937+0000] {processor.py:186} INFO - Started process (PID=671) to work on /home/airflow/.local/lib/python3.12/site-packages/airflow/example_dags/example_xcomargs.py
[2024-12-15T20:06:42.939+0000] {processor.py:914} INFO - Processing file /home/airflow/.local/lib/python3.12/site-packages/airflow/example_dags/example_xcomargs.py for tasks to queue
[2024-12-15T20:06:42.943+0000] {logging_mixin.py:190} INFO - [2024-12-15T20:06:42.942+0000] {dagbag.py:588} INFO - Filling up the DagBag from /home/airflow/.local/lib/python3.12/site-packages/airflow/example_dags/example_xcomargs.py
[2024-12-15T20:06:42.965+0000] {processor.py:925} INFO - DAG(s) 'example_xcom_args', 'example_xcom_args_with_operators' retrieved from /home/airflow/.local/lib/python3.12/site-packages/airflow/example_dags/example_xcomargs.py
[2024-12-15T20:06:43.011+0000] {logging_mixin.py:190} INFO - [2024-12-15T20:06:43.011+0000] {dag.py:3239} INFO - Sync 2 DAGs
[2024-12-15T20:06:43.040+0000] {logging_mixin.py:190} INFO - [2024-12-15T20:06:43.039+0000] {dag.py:4180} INFO - Setting next_dagrun for example_xcom_args to None, run_after=None
[2024-12-15T20:06:43.049+0000] {logging_mixin.py:190} INFO - [2024-12-15T20:06:43.049+0000] {dag.py:4180} INFO - Setting next_dagrun for example_xcom_args_with_operators to None, run_after=None
[2024-12-15T20:06:43.074+0000] {processor.py:208} INFO - Processing /home/airflow/.local/lib/python3.12/site-packages/airflow/example_dags/example_xcomargs.py took 0.145 seconds
[2024-12-15T20:07:13.265+0000] {processor.py:186} INFO - Started process (PID=737) to work on /home/airflow/.local/lib/python3.12/site-packages/airflow/example_dags/example_xcomargs.py
[2024-12-15T20:07:13.269+0000] {processor.py:914} INFO - Processing file /home/airflow/.local/lib/python3.12/site-packages/airflow/example_dags/example_xcomargs.py for tasks to queue
[2024-12-15T20:07:13.276+0000] {logging_mixin.py:190} INFO - [2024-12-15T20:07:13.276+0000] {dagbag.py:588} INFO - Filling up the DagBag from /home/airflow/.local/lib/python3.12/site-packages/airflow/example_dags/example_xcomargs.py
[2024-12-15T20:07:13.296+0000] {processor.py:925} INFO - DAG(s) 'example_xcom_args', 'example_xcom_args_with_operators' retrieved from /home/airflow/.local/lib/python3.12/site-packages/airflow/example_dags/example_xcomargs.py
[2024-12-15T20:07:13.348+0000] {logging_mixin.py:190} INFO - [2024-12-15T20:07:13.348+0000] {dag.py:3239} INFO - Sync 2 DAGs
[2024-12-15T20:07:13.396+0000] {logging_mixin.py:190} INFO - [2024-12-15T20:07:13.395+0000] {dag.py:4180} INFO - Setting next_dagrun for example_xcom_args to None, run_after=None
[2024-12-15T20:07:13.412+0000] {logging_mixin.py:190} INFO - [2024-12-15T20:07:13.411+0000] {dag.py:4180} INFO - Setting next_dagrun for example_xcom_args_with_operators to None, run_after=None
[2024-12-15T20:07:13.463+0000] {processor.py:208} INFO - Processing /home/airflow/.local/lib/python3.12/site-packages/airflow/example_dags/example_xcomargs.py took 0.212 seconds
[2024-12-15T20:16:38.015+0000] {processor.py:186} INFO - Started process (PID=102) to work on /home/airflow/.local/lib/python3.12/site-packages/airflow/example_dags/example_xcomargs.py
[2024-12-15T20:16:38.026+0000] {processor.py:914} INFO - Processing file /home/airflow/.local/lib/python3.12/site-packages/airflow/example_dags/example_xcomargs.py for tasks to queue
[2024-12-15T20:16:38.054+0000] {logging_mixin.py:190} INFO - [2024-12-15T20:16:38.052+0000] {dagbag.py:588} INFO - Filling up the DagBag from /home/airflow/.local/lib/python3.12/site-packages/airflow/example_dags/example_xcomargs.py
[2024-12-15T20:16:38.110+0000] {processor.py:925} INFO - DAG(s) 'example_xcom_args_with_operators', 'example_xcom_args' retrieved from /home/airflow/.local/lib/python3.12/site-packages/airflow/example_dags/example_xcomargs.py
[2024-12-15T20:16:38.231+0000] {logging_mixin.py:190} INFO - [2024-12-15T20:16:38.231+0000] {dag.py:3239} INFO - Sync 2 DAGs
[2024-12-15T20:16:38.302+0000] {logging_mixin.py:190} INFO - [2024-12-15T20:16:38.293+0000] {dag.py:4180} INFO - Setting next_dagrun for example_xcom_args to None, run_after=None
[2024-12-15T20:16:38.316+0000] {logging_mixin.py:190} INFO - [2024-12-15T20:16:38.316+0000] {dag.py:4180} INFO - Setting next_dagrun for example_xcom_args_with_operators to None, run_after=None
[2024-12-15T20:16:38.376+0000] {processor.py:208} INFO - Processing /home/airflow/.local/lib/python3.12/site-packages/airflow/example_dags/example_xcomargs.py took 0.416 seconds
[2024-12-15T20:17:09.225+0000] {processor.py:186} INFO - Started process (PID=165) to work on /home/airflow/.local/lib/python3.12/site-packages/airflow/example_dags/example_xcomargs.py
[2024-12-15T20:17:09.232+0000] {processor.py:914} INFO - Processing file /home/airflow/.local/lib/python3.12/site-packages/airflow/example_dags/example_xcomargs.py for tasks to queue
[2024-12-15T20:17:09.236+0000] {logging_mixin.py:190} INFO - [2024-12-15T20:17:09.236+0000] {dagbag.py:588} INFO - Filling up the DagBag from /home/airflow/.local/lib/python3.12/site-packages/airflow/example_dags/example_xcomargs.py
[2024-12-15T20:17:09.280+0000] {processor.py:925} INFO - DAG(s) 'example_xcom_args', 'example_xcom_args_with_operators' retrieved from /home/airflow/.local/lib/python3.12/site-packages/airflow/example_dags/example_xcomargs.py
[2024-12-15T20:17:09.335+0000] {logging_mixin.py:190} INFO - [2024-12-15T20:17:09.334+0000] {dag.py:3239} INFO - Sync 2 DAGs
[2024-12-15T20:17:09.363+0000] {logging_mixin.py:190} INFO - [2024-12-15T20:17:09.363+0000] {dag.py:4180} INFO - Setting next_dagrun for example_xcom_args to None, run_after=None
[2024-12-15T20:17:09.374+0000] {logging_mixin.py:190} INFO - [2024-12-15T20:17:09.374+0000] {dag.py:4180} INFO - Setting next_dagrun for example_xcom_args_with_operators to None, run_after=None
[2024-12-15T20:17:09.403+0000] {processor.py:208} INFO - Processing /home/airflow/.local/lib/python3.12/site-packages/airflow/example_dags/example_xcomargs.py took 0.213 seconds
[2024-12-15T20:17:42.581+0000] {processor.py:186} INFO - Started process (PID=229) to work on /home/airflow/.local/lib/python3.12/site-packages/airflow/example_dags/example_xcomargs.py
[2024-12-15T20:17:42.590+0000] {processor.py:914} INFO - Processing file /home/airflow/.local/lib/python3.12/site-packages/airflow/example_dags/example_xcomargs.py for tasks to queue
[2024-12-15T20:17:42.604+0000] {logging_mixin.py:190} INFO - [2024-12-15T20:17:42.599+0000] {dagbag.py:588} INFO - Filling up the DagBag from /home/airflow/.local/lib/python3.12/site-packages/airflow/example_dags/example_xcomargs.py
[2024-12-15T20:17:42.678+0000] {processor.py:925} INFO - DAG(s) 'example_xcom_args_with_operators', 'example_xcom_args' retrieved from /home/airflow/.local/lib/python3.12/site-packages/airflow/example_dags/example_xcomargs.py
[2024-12-15T20:17:42.732+0000] {logging_mixin.py:190} INFO - [2024-12-15T20:17:42.732+0000] {dag.py:3239} INFO - Sync 2 DAGs
[2024-12-15T20:17:42.786+0000] {logging_mixin.py:190} INFO - [2024-12-15T20:17:42.785+0000] {dag.py:4180} INFO - Setting next_dagrun for example_xcom_args to None, run_after=None
[2024-12-15T20:17:42.815+0000] {logging_mixin.py:190} INFO - [2024-12-15T20:17:42.815+0000] {dag.py:4180} INFO - Setting next_dagrun for example_xcom_args_with_operators to None, run_after=None
[2024-12-15T20:17:42.850+0000] {processor.py:208} INFO - Processing /home/airflow/.local/lib/python3.12/site-packages/airflow/example_dags/example_xcomargs.py took 0.295 seconds
[2024-12-15T20:18:15.208+0000] {processor.py:186} INFO - Started process (PID=295) to work on /home/airflow/.local/lib/python3.12/site-packages/airflow/example_dags/example_xcomargs.py
[2024-12-15T20:18:15.211+0000] {processor.py:914} INFO - Processing file /home/airflow/.local/lib/python3.12/site-packages/airflow/example_dags/example_xcomargs.py for tasks to queue
[2024-12-15T20:18:15.218+0000] {logging_mixin.py:190} INFO - [2024-12-15T20:18:15.217+0000] {dagbag.py:588} INFO - Filling up the DagBag from /home/airflow/.local/lib/python3.12/site-packages/airflow/example_dags/example_xcomargs.py
[2024-12-15T20:18:15.259+0000] {processor.py:925} INFO - DAG(s) 'example_xcom_args', 'example_xcom_args_with_operators' retrieved from /home/airflow/.local/lib/python3.12/site-packages/airflow/example_dags/example_xcomargs.py
[2024-12-15T20:18:15.316+0000] {logging_mixin.py:190} INFO - [2024-12-15T20:18:15.315+0000] {dag.py:3239} INFO - Sync 2 DAGs
[2024-12-15T20:18:15.348+0000] {logging_mixin.py:190} INFO - [2024-12-15T20:18:15.348+0000] {dag.py:4180} INFO - Setting next_dagrun for example_xcom_args to None, run_after=None
[2024-12-15T20:18:15.357+0000] {logging_mixin.py:190} INFO - [2024-12-15T20:18:15.356+0000] {dag.py:4180} INFO - Setting next_dagrun for example_xcom_args_with_operators to None, run_after=None
[2024-12-15T20:18:15.400+0000] {processor.py:208} INFO - Processing /home/airflow/.local/lib/python3.12/site-packages/airflow/example_dags/example_xcomargs.py took 0.205 seconds
[2024-12-15T20:19:00.880+0000] {processor.py:186} INFO - Started process (PID=372) to work on /home/airflow/.local/lib/python3.12/site-packages/airflow/example_dags/example_xcomargs.py
[2024-12-15T20:19:00.882+0000] {processor.py:914} INFO - Processing file /home/airflow/.local/lib/python3.12/site-packages/airflow/example_dags/example_xcomargs.py for tasks to queue
[2024-12-15T20:19:00.887+0000] {logging_mixin.py:190} INFO - [2024-12-15T20:19:00.886+0000] {dagbag.py:588} INFO - Filling up the DagBag from /home/airflow/.local/lib/python3.12/site-packages/airflow/example_dags/example_xcomargs.py
[2024-12-15T20:19:00.904+0000] {processor.py:925} INFO - DAG(s) 'example_xcom_args_with_operators', 'example_xcom_args' retrieved from /home/airflow/.local/lib/python3.12/site-packages/airflow/example_dags/example_xcomargs.py
[2024-12-15T20:19:00.943+0000] {logging_mixin.py:190} INFO - [2024-12-15T20:19:00.943+0000] {dag.py:3239} INFO - Sync 2 DAGs
[2024-12-15T20:19:00.970+0000] {logging_mixin.py:190} INFO - [2024-12-15T20:19:00.969+0000] {dag.py:4180} INFO - Setting next_dagrun for example_xcom_args to None, run_after=None
[2024-12-15T20:19:00.976+0000] {logging_mixin.py:190} INFO - [2024-12-15T20:19:00.976+0000] {dag.py:4180} INFO - Setting next_dagrun for example_xcom_args_with_operators to None, run_after=None
[2024-12-15T20:19:01.002+0000] {processor.py:208} INFO - Processing /home/airflow/.local/lib/python3.12/site-packages/airflow/example_dags/example_xcomargs.py took 0.132 seconds
[2024-12-15T20:21:08.860+0000] {processor.py:186} INFO - Started process (PID=474) to work on /home/airflow/.local/lib/python3.12/site-packages/airflow/example_dags/example_xcomargs.py
[2024-12-15T20:21:08.866+0000] {processor.py:914} INFO - Processing file /home/airflow/.local/lib/python3.12/site-packages/airflow/example_dags/example_xcomargs.py for tasks to queue
[2024-12-15T20:21:08.877+0000] {logging_mixin.py:190} INFO - [2024-12-15T20:21:08.874+0000] {dagbag.py:588} INFO - Filling up the DagBag from /home/airflow/.local/lib/python3.12/site-packages/airflow/example_dags/example_xcomargs.py
[2024-12-15T20:21:08.931+0000] {processor.py:925} INFO - DAG(s) 'example_xcom_args', 'example_xcom_args_with_operators' retrieved from /home/airflow/.local/lib/python3.12/site-packages/airflow/example_dags/example_xcomargs.py
[2024-12-15T20:21:09.013+0000] {logging_mixin.py:190} INFO - [2024-12-15T20:21:09.013+0000] {dag.py:3239} INFO - Sync 2 DAGs
[2024-12-15T20:21:09.071+0000] {logging_mixin.py:190} INFO - [2024-12-15T20:21:09.070+0000] {dag.py:4180} INFO - Setting next_dagrun for example_xcom_args to None, run_after=None
[2024-12-15T20:21:09.089+0000] {logging_mixin.py:190} INFO - [2024-12-15T20:21:09.088+0000] {dag.py:4180} INFO - Setting next_dagrun for example_xcom_args_with_operators to None, run_after=None
[2024-12-15T20:21:09.145+0000] {processor.py:208} INFO - Processing /home/airflow/.local/lib/python3.12/site-packages/airflow/example_dags/example_xcomargs.py took 0.316 seconds
[2024-12-15T20:21:39.654+0000] {processor.py:186} INFO - Started process (PID=537) to work on /home/airflow/.local/lib/python3.12/site-packages/airflow/example_dags/example_xcomargs.py
[2024-12-15T20:21:39.659+0000] {processor.py:914} INFO - Processing file /home/airflow/.local/lib/python3.12/site-packages/airflow/example_dags/example_xcomargs.py for tasks to queue
[2024-12-15T20:21:39.663+0000] {logging_mixin.py:190} INFO - [2024-12-15T20:21:39.662+0000] {dagbag.py:588} INFO - Filling up the DagBag from /home/airflow/.local/lib/python3.12/site-packages/airflow/example_dags/example_xcomargs.py
[2024-12-15T20:21:39.679+0000] {processor.py:925} INFO - DAG(s) 'example_xcom_args', 'example_xcom_args_with_operators' retrieved from /home/airflow/.local/lib/python3.12/site-packages/airflow/example_dags/example_xcomargs.py
[2024-12-15T20:21:39.720+0000] {logging_mixin.py:190} INFO - [2024-12-15T20:21:39.719+0000] {dag.py:3239} INFO - Sync 2 DAGs
[2024-12-15T20:21:39.746+0000] {logging_mixin.py:190} INFO - [2024-12-15T20:21:39.745+0000] {dag.py:4180} INFO - Setting next_dagrun for example_xcom_args to None, run_after=None
[2024-12-15T20:21:39.755+0000] {logging_mixin.py:190} INFO - [2024-12-15T20:21:39.755+0000] {dag.py:4180} INFO - Setting next_dagrun for example_xcom_args_with_operators to None, run_after=None
[2024-12-15T20:21:39.781+0000] {processor.py:208} INFO - Processing /home/airflow/.local/lib/python3.12/site-packages/airflow/example_dags/example_xcomargs.py took 0.140 seconds
[2024-12-15T20:22:10.887+0000] {processor.py:186} INFO - Started process (PID=610) to work on /home/airflow/.local/lib/python3.12/site-packages/airflow/example_dags/example_xcomargs.py
[2024-12-15T20:22:10.889+0000] {processor.py:914} INFO - Processing file /home/airflow/.local/lib/python3.12/site-packages/airflow/example_dags/example_xcomargs.py for tasks to queue
[2024-12-15T20:22:10.892+0000] {logging_mixin.py:190} INFO - [2024-12-15T20:22:10.892+0000] {dagbag.py:588} INFO - Filling up the DagBag from /home/airflow/.local/lib/python3.12/site-packages/airflow/example_dags/example_xcomargs.py
[2024-12-15T20:22:10.913+0000] {processor.py:925} INFO - DAG(s) 'example_xcom_args_with_operators', 'example_xcom_args' retrieved from /home/airflow/.local/lib/python3.12/site-packages/airflow/example_dags/example_xcomargs.py
[2024-12-15T20:22:10.956+0000] {logging_mixin.py:190} INFO - [2024-12-15T20:22:10.955+0000] {dag.py:3239} INFO - Sync 2 DAGs
[2024-12-15T20:22:10.978+0000] {logging_mixin.py:190} INFO - [2024-12-15T20:22:10.978+0000] {dag.py:4180} INFO - Setting next_dagrun for example_xcom_args to None, run_after=None
[2024-12-15T20:22:10.983+0000] {logging_mixin.py:190} INFO - [2024-12-15T20:22:10.983+0000] {dag.py:4180} INFO - Setting next_dagrun for example_xcom_args_with_operators to None, run_after=None
[2024-12-15T20:22:11.005+0000] {processor.py:208} INFO - Processing /home/airflow/.local/lib/python3.12/site-packages/airflow/example_dags/example_xcomargs.py took 0.128 seconds
[2024-12-15T20:22:42.143+0000] {processor.py:186} INFO - Started process (PID=676) to work on /home/airflow/.local/lib/python3.12/site-packages/airflow/example_dags/example_xcomargs.py
[2024-12-15T20:22:42.145+0000] {processor.py:914} INFO - Processing file /home/airflow/.local/lib/python3.12/site-packages/airflow/example_dags/example_xcomargs.py for tasks to queue
[2024-12-15T20:22:42.148+0000] {logging_mixin.py:190} INFO - [2024-12-15T20:22:42.147+0000] {dagbag.py:588} INFO - Filling up the DagBag from /home/airflow/.local/lib/python3.12/site-packages/airflow/example_dags/example_xcomargs.py
[2024-12-15T20:22:42.165+0000] {processor.py:925} INFO - DAG(s) 'example_xcom_args_with_operators', 'example_xcom_args' retrieved from /home/airflow/.local/lib/python3.12/site-packages/airflow/example_dags/example_xcomargs.py
[2024-12-15T20:22:42.217+0000] {logging_mixin.py:190} INFO - [2024-12-15T20:22:42.216+0000] {dag.py:3239} INFO - Sync 2 DAGs
[2024-12-15T20:22:42.244+0000] {logging_mixin.py:190} INFO - [2024-12-15T20:22:42.244+0000] {dag.py:4180} INFO - Setting next_dagrun for example_xcom_args to None, run_after=None
[2024-12-15T20:22:42.254+0000] {logging_mixin.py:190} INFO - [2024-12-15T20:22:42.253+0000] {dag.py:4180} INFO - Setting next_dagrun for example_xcom_args_with_operators to None, run_after=None
[2024-12-15T20:22:42.290+0000] {processor.py:208} INFO - Processing /home/airflow/.local/lib/python3.12/site-packages/airflow/example_dags/example_xcomargs.py took 0.156 seconds
[2024-12-15T20:23:16.995+0000] {processor.py:186} INFO - Started process (PID=745) to work on /home/airflow/.local/lib/python3.12/site-packages/airflow/example_dags/example_xcomargs.py
[2024-12-15T20:23:16.997+0000] {processor.py:914} INFO - Processing file /home/airflow/.local/lib/python3.12/site-packages/airflow/example_dags/example_xcomargs.py for tasks to queue
[2024-12-15T20:23:17.001+0000] {logging_mixin.py:190} INFO - [2024-12-15T20:23:17.001+0000] {dagbag.py:588} INFO - Filling up the DagBag from /home/airflow/.local/lib/python3.12/site-packages/airflow/example_dags/example_xcomargs.py
[2024-12-15T20:23:17.071+0000] {processor.py:925} INFO - DAG(s) 'example_xcom_args', 'example_xcom_args_with_operators' retrieved from /home/airflow/.local/lib/python3.12/site-packages/airflow/example_dags/example_xcomargs.py
[2024-12-15T20:23:17.225+0000] {logging_mixin.py:190} INFO - [2024-12-15T20:23:17.224+0000] {dag.py:3239} INFO - Sync 2 DAGs
[2024-12-15T20:23:17.313+0000] {logging_mixin.py:190} INFO - [2024-12-15T20:23:17.313+0000] {dag.py:4180} INFO - Setting next_dagrun for example_xcom_args to None, run_after=None
[2024-12-15T20:23:17.329+0000] {logging_mixin.py:190} INFO - [2024-12-15T20:23:17.329+0000] {dag.py:4180} INFO - Setting next_dagrun for example_xcom_args_with_operators to None, run_after=None
[2024-12-15T20:23:17.407+0000] {processor.py:208} INFO - Processing /home/airflow/.local/lib/python3.12/site-packages/airflow/example_dags/example_xcomargs.py took 0.442 seconds
[2024-12-15T20:23:48.418+0000] {processor.py:186} INFO - Started process (PID=809) to work on /home/airflow/.local/lib/python3.12/site-packages/airflow/example_dags/example_xcomargs.py
[2024-12-15T20:23:48.420+0000] {processor.py:914} INFO - Processing file /home/airflow/.local/lib/python3.12/site-packages/airflow/example_dags/example_xcomargs.py for tasks to queue
[2024-12-15T20:23:48.424+0000] {logging_mixin.py:190} INFO - [2024-12-15T20:23:48.423+0000] {dagbag.py:588} INFO - Filling up the DagBag from /home/airflow/.local/lib/python3.12/site-packages/airflow/example_dags/example_xcomargs.py
[2024-12-15T20:23:48.441+0000] {processor.py:925} INFO - DAG(s) 'example_xcom_args', 'example_xcom_args_with_operators' retrieved from /home/airflow/.local/lib/python3.12/site-packages/airflow/example_dags/example_xcomargs.py
[2024-12-15T20:23:48.474+0000] {logging_mixin.py:190} INFO - [2024-12-15T20:23:48.473+0000] {dag.py:3239} INFO - Sync 2 DAGs
[2024-12-15T20:23:48.515+0000] {logging_mixin.py:190} INFO - [2024-12-15T20:23:48.515+0000] {dag.py:4180} INFO - Setting next_dagrun for example_xcom_args to None, run_after=None
[2024-12-15T20:23:48.523+0000] {logging_mixin.py:190} INFO - [2024-12-15T20:23:48.523+0000] {dag.py:4180} INFO - Setting next_dagrun for example_xcom_args_with_operators to None, run_after=None
[2024-12-15T20:23:48.580+0000] {processor.py:208} INFO - Processing /home/airflow/.local/lib/python3.12/site-packages/airflow/example_dags/example_xcomargs.py took 0.172 seconds
[2024-12-15T20:29:21.937+0000] {processor.py:186} INFO - Started process (PID=907) to work on /home/airflow/.local/lib/python3.12/site-packages/airflow/example_dags/example_xcomargs.py
[2024-12-15T20:29:21.955+0000] {processor.py:914} INFO - Processing file /home/airflow/.local/lib/python3.12/site-packages/airflow/example_dags/example_xcomargs.py for tasks to queue
[2024-12-15T20:29:21.969+0000] {logging_mixin.py:190} INFO - [2024-12-15T20:29:21.968+0000] {dagbag.py:588} INFO - Filling up the DagBag from /home/airflow/.local/lib/python3.12/site-packages/airflow/example_dags/example_xcomargs.py
[2024-12-15T20:29:22.069+0000] {processor.py:925} INFO - DAG(s) 'example_xcom_args_with_operators', 'example_xcom_args' retrieved from /home/airflow/.local/lib/python3.12/site-packages/airflow/example_dags/example_xcomargs.py
[2024-12-15T20:29:22.335+0000] {logging_mixin.py:190} INFO - [2024-12-15T20:29:22.335+0000] {dag.py:3239} INFO - Sync 2 DAGs
[2024-12-15T20:29:22.412+0000] {logging_mixin.py:190} INFO - [2024-12-15T20:29:22.412+0000] {dag.py:4180} INFO - Setting next_dagrun for example_xcom_args to None, run_after=None
[2024-12-15T20:29:22.446+0000] {logging_mixin.py:190} INFO - [2024-12-15T20:29:22.445+0000] {dag.py:4180} INFO - Setting next_dagrun for example_xcom_args_with_operators to None, run_after=None
[2024-12-15T20:29:22.562+0000] {processor.py:208} INFO - Processing /home/airflow/.local/lib/python3.12/site-packages/airflow/example_dags/example_xcomargs.py took 0.652 seconds
[2024-12-15T20:30:37.786+0000] {processor.py:186} INFO - Started process (PID=985) to work on /home/airflow/.local/lib/python3.12/site-packages/airflow/example_dags/example_xcomargs.py
[2024-12-15T20:30:37.789+0000] {processor.py:914} INFO - Processing file /home/airflow/.local/lib/python3.12/site-packages/airflow/example_dags/example_xcomargs.py for tasks to queue
[2024-12-15T20:30:37.802+0000] {logging_mixin.py:190} INFO - [2024-12-15T20:30:37.802+0000] {dagbag.py:588} INFO - Filling up the DagBag from /home/airflow/.local/lib/python3.12/site-packages/airflow/example_dags/example_xcomargs.py
[2024-12-15T20:30:37.825+0000] {processor.py:925} INFO - DAG(s) 'example_xcom_args', 'example_xcom_args_with_operators' retrieved from /home/airflow/.local/lib/python3.12/site-packages/airflow/example_dags/example_xcomargs.py
[2024-12-15T20:30:37.883+0000] {logging_mixin.py:190} INFO - [2024-12-15T20:30:37.882+0000] {dag.py:3239} INFO - Sync 2 DAGs
[2024-12-15T20:30:37.905+0000] {logging_mixin.py:190} INFO - [2024-12-15T20:30:37.905+0000] {dag.py:4180} INFO - Setting next_dagrun for example_xcom_args to None, run_after=None
[2024-12-15T20:30:37.910+0000] {logging_mixin.py:190} INFO - [2024-12-15T20:30:37.909+0000] {dag.py:4180} INFO - Setting next_dagrun for example_xcom_args_with_operators to None, run_after=None
[2024-12-15T20:30:37.941+0000] {processor.py:208} INFO - Processing /home/airflow/.local/lib/python3.12/site-packages/airflow/example_dags/example_xcomargs.py took 0.166 seconds
[2024-12-15T20:31:08.929+0000] {processor.py:186} INFO - Started process (PID=1051) to work on /home/airflow/.local/lib/python3.12/site-packages/airflow/example_dags/example_xcomargs.py
[2024-12-15T20:31:08.940+0000] {processor.py:914} INFO - Processing file /home/airflow/.local/lib/python3.12/site-packages/airflow/example_dags/example_xcomargs.py for tasks to queue
[2024-12-15T20:31:08.955+0000] {logging_mixin.py:190} INFO - [2024-12-15T20:31:08.955+0000] {dagbag.py:588} INFO - Filling up the DagBag from /home/airflow/.local/lib/python3.12/site-packages/airflow/example_dags/example_xcomargs.py
[2024-12-15T20:31:09.042+0000] {processor.py:925} INFO - DAG(s) 'example_xcom_args', 'example_xcom_args_with_operators' retrieved from /home/airflow/.local/lib/python3.12/site-packages/airflow/example_dags/example_xcomargs.py
[2024-12-15T20:31:09.148+0000] {logging_mixin.py:190} INFO - [2024-12-15T20:31:09.146+0000] {dag.py:3239} INFO - Sync 2 DAGs
[2024-12-15T20:31:09.185+0000] {logging_mixin.py:190} INFO - [2024-12-15T20:31:09.185+0000] {dag.py:4180} INFO - Setting next_dagrun for example_xcom_args to None, run_after=None
[2024-12-15T20:31:09.198+0000] {logging_mixin.py:190} INFO - [2024-12-15T20:31:09.198+0000] {dag.py:4180} INFO - Setting next_dagrun for example_xcom_args_with_operators to None, run_after=None
[2024-12-15T20:31:09.255+0000] {processor.py:208} INFO - Processing /home/airflow/.local/lib/python3.12/site-packages/airflow/example_dags/example_xcomargs.py took 0.366 seconds
[2024-12-15T20:33:14.728+0000] {processor.py:186} INFO - Started process (PID=1171) to work on /home/airflow/.local/lib/python3.12/site-packages/airflow/example_dags/example_xcomargs.py
[2024-12-15T20:33:14.744+0000] {processor.py:914} INFO - Processing file /home/airflow/.local/lib/python3.12/site-packages/airflow/example_dags/example_xcomargs.py for tasks to queue
[2024-12-15T20:33:14.747+0000] {logging_mixin.py:190} INFO - [2024-12-15T20:33:14.746+0000] {dagbag.py:588} INFO - Filling up the DagBag from /home/airflow/.local/lib/python3.12/site-packages/airflow/example_dags/example_xcomargs.py
[2024-12-15T20:33:14.833+0000] {processor.py:925} INFO - DAG(s) 'example_xcom_args', 'example_xcom_args_with_operators' retrieved from /home/airflow/.local/lib/python3.12/site-packages/airflow/example_dags/example_xcomargs.py
[2024-12-15T20:33:14.939+0000] {logging_mixin.py:190} INFO - [2024-12-15T20:33:14.938+0000] {dag.py:3239} INFO - Sync 2 DAGs
[2024-12-15T20:33:14.979+0000] {logging_mixin.py:190} INFO - [2024-12-15T20:33:14.978+0000] {dag.py:4180} INFO - Setting next_dagrun for example_xcom_args to None, run_after=None
[2024-12-15T20:33:14.992+0000] {logging_mixin.py:190} INFO - [2024-12-15T20:33:14.992+0000] {dag.py:4180} INFO - Setting next_dagrun for example_xcom_args_with_operators to None, run_after=None
[2024-12-15T20:33:15.040+0000] {processor.py:208} INFO - Processing /home/airflow/.local/lib/python3.12/site-packages/airflow/example_dags/example_xcomargs.py took 0.340 seconds
[2024-12-15T20:33:45.273+0000] {processor.py:186} INFO - Started process (PID=1235) to work on /home/airflow/.local/lib/python3.12/site-packages/airflow/example_dags/example_xcomargs.py
[2024-12-15T20:33:45.275+0000] {processor.py:914} INFO - Processing file /home/airflow/.local/lib/python3.12/site-packages/airflow/example_dags/example_xcomargs.py for tasks to queue
[2024-12-15T20:33:45.278+0000] {logging_mixin.py:190} INFO - [2024-12-15T20:33:45.277+0000] {dagbag.py:588} INFO - Filling up the DagBag from /home/airflow/.local/lib/python3.12/site-packages/airflow/example_dags/example_xcomargs.py
[2024-12-15T20:33:45.300+0000] {processor.py:925} INFO - DAG(s) 'example_xcom_args_with_operators', 'example_xcom_args' retrieved from /home/airflow/.local/lib/python3.12/site-packages/airflow/example_dags/example_xcomargs.py
[2024-12-15T20:33:45.344+0000] {logging_mixin.py:190} INFO - [2024-12-15T20:33:45.344+0000] {dag.py:3239} INFO - Sync 2 DAGs
[2024-12-15T20:33:45.370+0000] {logging_mixin.py:190} INFO - [2024-12-15T20:33:45.369+0000] {dag.py:4180} INFO - Setting next_dagrun for example_xcom_args to None, run_after=None
[2024-12-15T20:33:45.378+0000] {logging_mixin.py:190} INFO - [2024-12-15T20:33:45.377+0000] {dag.py:4180} INFO - Setting next_dagrun for example_xcom_args_with_operators to None, run_after=None
[2024-12-15T20:33:45.407+0000] {processor.py:208} INFO - Processing /home/airflow/.local/lib/python3.12/site-packages/airflow/example_dags/example_xcomargs.py took 0.144 seconds
[2024-12-15T20:34:18.248+0000] {processor.py:186} INFO - Started process (PID=1301) to work on /home/airflow/.local/lib/python3.12/site-packages/airflow/example_dags/example_xcomargs.py
[2024-12-15T20:34:18.266+0000] {processor.py:914} INFO - Processing file /home/airflow/.local/lib/python3.12/site-packages/airflow/example_dags/example_xcomargs.py for tasks to queue
[2024-12-15T20:34:18.270+0000] {logging_mixin.py:190} INFO - [2024-12-15T20:34:18.269+0000] {dagbag.py:588} INFO - Filling up the DagBag from /home/airflow/.local/lib/python3.12/site-packages/airflow/example_dags/example_xcomargs.py
[2024-12-15T20:34:18.381+0000] {processor.py:925} INFO - DAG(s) 'example_xcom_args_with_operators', 'example_xcom_args' retrieved from /home/airflow/.local/lib/python3.12/site-packages/airflow/example_dags/example_xcomargs.py
[2024-12-15T20:34:18.500+0000] {logging_mixin.py:190} INFO - [2024-12-15T20:34:18.500+0000] {dag.py:3239} INFO - Sync 2 DAGs
[2024-12-15T20:34:19.205+0000] {logging_mixin.py:190} INFO - [2024-12-15T20:34:19.164+0000] {dag.py:4180} INFO - Setting next_dagrun for example_xcom_args to None, run_after=None
[2024-12-15T20:34:19.658+0000] {logging_mixin.py:190} INFO - [2024-12-15T20:34:19.571+0000] {dag.py:4180} INFO - Setting next_dagrun for example_xcom_args_with_operators to None, run_after=None
[2024-12-15T20:34:19.855+0000] {processor.py:208} INFO - Processing /home/airflow/.local/lib/python3.12/site-packages/airflow/example_dags/example_xcomargs.py took 1.680 seconds
[2024-12-15T20:34:51.056+0000] {processor.py:186} INFO - Started process (PID=1365) to work on /home/airflow/.local/lib/python3.12/site-packages/airflow/example_dags/example_xcomargs.py
[2024-12-15T20:34:51.064+0000] {processor.py:914} INFO - Processing file /home/airflow/.local/lib/python3.12/site-packages/airflow/example_dags/example_xcomargs.py for tasks to queue
[2024-12-15T20:34:51.073+0000] {logging_mixin.py:190} INFO - [2024-12-15T20:34:51.070+0000] {dagbag.py:588} INFO - Filling up the DagBag from /home/airflow/.local/lib/python3.12/site-packages/airflow/example_dags/example_xcomargs.py
[2024-12-15T20:34:51.138+0000] {processor.py:925} INFO - DAG(s) 'example_xcom_args', 'example_xcom_args_with_operators' retrieved from /home/airflow/.local/lib/python3.12/site-packages/airflow/example_dags/example_xcomargs.py
[2024-12-15T20:34:51.239+0000] {logging_mixin.py:190} INFO - [2024-12-15T20:34:51.235+0000] {dag.py:3239} INFO - Sync 2 DAGs
[2024-12-15T20:34:51.298+0000] {logging_mixin.py:190} INFO - [2024-12-15T20:34:51.298+0000] {dag.py:4180} INFO - Setting next_dagrun for example_xcom_args to None, run_after=None
[2024-12-15T20:34:51.321+0000] {logging_mixin.py:190} INFO - [2024-12-15T20:34:51.320+0000] {dag.py:4180} INFO - Setting next_dagrun for example_xcom_args_with_operators to None, run_after=None
[2024-12-15T20:34:51.416+0000] {processor.py:208} INFO - Processing /home/airflow/.local/lib/python3.12/site-packages/airflow/example_dags/example_xcomargs.py took 0.392 seconds
[2024-12-15T20:35:21.646+0000] {processor.py:186} INFO - Started process (PID=1430) to work on /home/airflow/.local/lib/python3.12/site-packages/airflow/example_dags/example_xcomargs.py
[2024-12-15T20:35:21.648+0000] {processor.py:914} INFO - Processing file /home/airflow/.local/lib/python3.12/site-packages/airflow/example_dags/example_xcomargs.py for tasks to queue
[2024-12-15T20:35:21.651+0000] {logging_mixin.py:190} INFO - [2024-12-15T20:35:21.651+0000] {dagbag.py:588} INFO - Filling up the DagBag from /home/airflow/.local/lib/python3.12/site-packages/airflow/example_dags/example_xcomargs.py
[2024-12-15T20:35:21.678+0000] {processor.py:925} INFO - DAG(s) 'example_xcom_args_with_operators', 'example_xcom_args' retrieved from /home/airflow/.local/lib/python3.12/site-packages/airflow/example_dags/example_xcomargs.py
[2024-12-15T20:35:21.747+0000] {logging_mixin.py:190} INFO - [2024-12-15T20:35:21.747+0000] {dag.py:3239} INFO - Sync 2 DAGs
[2024-12-15T20:35:21.774+0000] {logging_mixin.py:190} INFO - [2024-12-15T20:35:21.773+0000] {dag.py:4180} INFO - Setting next_dagrun for example_xcom_args to None, run_after=None
[2024-12-15T20:35:21.780+0000] {logging_mixin.py:190} INFO - [2024-12-15T20:35:21.779+0000] {dag.py:4180} INFO - Setting next_dagrun for example_xcom_args_with_operators to None, run_after=None
[2024-12-15T20:35:21.799+0000] {processor.py:208} INFO - Processing /home/airflow/.local/lib/python3.12/site-packages/airflow/example_dags/example_xcomargs.py took 0.167 seconds
[2024-12-15T20:35:58.786+0000] {processor.py:186} INFO - Started process (PID=1494) to work on /home/airflow/.local/lib/python3.12/site-packages/airflow/example_dags/example_xcomargs.py
[2024-12-15T20:35:58.788+0000] {processor.py:914} INFO - Processing file /home/airflow/.local/lib/python3.12/site-packages/airflow/example_dags/example_xcomargs.py for tasks to queue
[2024-12-15T20:35:58.793+0000] {logging_mixin.py:190} INFO - [2024-12-15T20:35:58.792+0000] {dagbag.py:588} INFO - Filling up the DagBag from /home/airflow/.local/lib/python3.12/site-packages/airflow/example_dags/example_xcomargs.py
[2024-12-15T20:35:58.852+0000] {processor.py:925} INFO - DAG(s) 'example_xcom_args', 'example_xcom_args_with_operators' retrieved from /home/airflow/.local/lib/python3.12/site-packages/airflow/example_dags/example_xcomargs.py
[2024-12-15T20:35:58.924+0000] {logging_mixin.py:190} INFO - [2024-12-15T20:35:58.923+0000] {dag.py:3239} INFO - Sync 2 DAGs
[2024-12-15T20:35:58.949+0000] {logging_mixin.py:190} INFO - [2024-12-15T20:35:58.949+0000] {dag.py:4180} INFO - Setting next_dagrun for example_xcom_args to None, run_after=None
[2024-12-15T20:35:58.961+0000] {logging_mixin.py:190} INFO - [2024-12-15T20:35:58.961+0000] {dag.py:4180} INFO - Setting next_dagrun for example_xcom_args_with_operators to None, run_after=None
[2024-12-15T20:35:58.990+0000] {processor.py:208} INFO - Processing /home/airflow/.local/lib/python3.12/site-packages/airflow/example_dags/example_xcomargs.py took 0.217 seconds
[2024-12-15T20:36:30.509+0000] {processor.py:186} INFO - Started process (PID=1565) to work on /home/airflow/.local/lib/python3.12/site-packages/airflow/example_dags/example_xcomargs.py
[2024-12-15T20:36:30.512+0000] {processor.py:914} INFO - Processing file /home/airflow/.local/lib/python3.12/site-packages/airflow/example_dags/example_xcomargs.py for tasks to queue
[2024-12-15T20:36:30.515+0000] {logging_mixin.py:190} INFO - [2024-12-15T20:36:30.514+0000] {dagbag.py:588} INFO - Filling up the DagBag from /home/airflow/.local/lib/python3.12/site-packages/airflow/example_dags/example_xcomargs.py
[2024-12-15T20:36:30.540+0000] {processor.py:925} INFO - DAG(s) 'example_xcom_args', 'example_xcom_args_with_operators' retrieved from /home/airflow/.local/lib/python3.12/site-packages/airflow/example_dags/example_xcomargs.py
[2024-12-15T20:36:30.584+0000] {logging_mixin.py:190} INFO - [2024-12-15T20:36:30.584+0000] {dag.py:3239} INFO - Sync 2 DAGs
[2024-12-15T20:36:30.619+0000] {logging_mixin.py:190} INFO - [2024-12-15T20:36:30.619+0000] {dag.py:4180} INFO - Setting next_dagrun for example_xcom_args to None, run_after=None
[2024-12-15T20:36:30.628+0000] {logging_mixin.py:190} INFO - [2024-12-15T20:36:30.628+0000] {dag.py:4180} INFO - Setting next_dagrun for example_xcom_args_with_operators to None, run_after=None
[2024-12-15T20:36:30.656+0000] {processor.py:208} INFO - Processing /home/airflow/.local/lib/python3.12/site-packages/airflow/example_dags/example_xcomargs.py took 0.157 seconds
[2024-12-15T20:37:03.903+0000] {processor.py:186} INFO - Started process (PID=1633) to work on /home/airflow/.local/lib/python3.12/site-packages/airflow/example_dags/example_xcomargs.py
[2024-12-15T20:37:03.906+0000] {processor.py:914} INFO - Processing file /home/airflow/.local/lib/python3.12/site-packages/airflow/example_dags/example_xcomargs.py for tasks to queue
[2024-12-15T20:37:03.911+0000] {logging_mixin.py:190} INFO - [2024-12-15T20:37:03.911+0000] {dagbag.py:588} INFO - Filling up the DagBag from /home/airflow/.local/lib/python3.12/site-packages/airflow/example_dags/example_xcomargs.py
[2024-12-15T20:37:03.931+0000] {processor.py:925} INFO - DAG(s) 'example_xcom_args', 'example_xcom_args_with_operators' retrieved from /home/airflow/.local/lib/python3.12/site-packages/airflow/example_dags/example_xcomargs.py
[2024-12-15T20:37:03.968+0000] {logging_mixin.py:190} INFO - [2024-12-15T20:37:03.968+0000] {dag.py:3239} INFO - Sync 2 DAGs
[2024-12-15T20:37:03.992+0000] {logging_mixin.py:190} INFO - [2024-12-15T20:37:03.992+0000] {dag.py:4180} INFO - Setting next_dagrun for example_xcom_args to None, run_after=None
[2024-12-15T20:37:03.998+0000] {logging_mixin.py:190} INFO - [2024-12-15T20:37:03.998+0000] {dag.py:4180} INFO - Setting next_dagrun for example_xcom_args_with_operators to None, run_after=None
[2024-12-15T20:37:04.020+0000] {processor.py:208} INFO - Processing /home/airflow/.local/lib/python3.12/site-packages/airflow/example_dags/example_xcomargs.py took 0.128 seconds
[2024-12-15T20:37:38.823+0000] {processor.py:186} INFO - Started process (PID=1698) to work on /home/airflow/.local/lib/python3.12/site-packages/airflow/example_dags/example_xcomargs.py
[2024-12-15T20:37:38.830+0000] {processor.py:914} INFO - Processing file /home/airflow/.local/lib/python3.12/site-packages/airflow/example_dags/example_xcomargs.py for tasks to queue
[2024-12-15T20:37:38.838+0000] {logging_mixin.py:190} INFO - [2024-12-15T20:37:38.837+0000] {dagbag.py:588} INFO - Filling up the DagBag from /home/airflow/.local/lib/python3.12/site-packages/airflow/example_dags/example_xcomargs.py
[2024-12-15T20:37:38.859+0000] {processor.py:925} INFO - DAG(s) 'example_xcom_args', 'example_xcom_args_with_operators' retrieved from /home/airflow/.local/lib/python3.12/site-packages/airflow/example_dags/example_xcomargs.py
[2024-12-15T20:37:38.894+0000] {logging_mixin.py:190} INFO - [2024-12-15T20:37:38.894+0000] {dag.py:3239} INFO - Sync 2 DAGs
[2024-12-15T20:37:38.915+0000] {logging_mixin.py:190} INFO - [2024-12-15T20:37:38.915+0000] {dag.py:4180} INFO - Setting next_dagrun for example_xcom_args to None, run_after=None
[2024-12-15T20:37:38.921+0000] {logging_mixin.py:190} INFO - [2024-12-15T20:37:38.921+0000] {dag.py:4180} INFO - Setting next_dagrun for example_xcom_args_with_operators to None, run_after=None
[2024-12-15T20:37:38.987+0000] {processor.py:208} INFO - Processing /home/airflow/.local/lib/python3.12/site-packages/airflow/example_dags/example_xcomargs.py took 0.194 seconds
[2024-12-15T20:38:21.811+0000] {processor.py:186} INFO - Started process (PID=1767) to work on /home/airflow/.local/lib/python3.12/site-packages/airflow/example_dags/example_xcomargs.py
[2024-12-15T20:38:21.814+0000] {processor.py:914} INFO - Processing file /home/airflow/.local/lib/python3.12/site-packages/airflow/example_dags/example_xcomargs.py for tasks to queue
[2024-12-15T20:38:21.817+0000] {logging_mixin.py:190} INFO - [2024-12-15T20:38:21.816+0000] {dagbag.py:588} INFO - Filling up the DagBag from /home/airflow/.local/lib/python3.12/site-packages/airflow/example_dags/example_xcomargs.py
[2024-12-15T20:38:21.836+0000] {processor.py:925} INFO - DAG(s) 'example_xcom_args', 'example_xcom_args_with_operators' retrieved from /home/airflow/.local/lib/python3.12/site-packages/airflow/example_dags/example_xcomargs.py
[2024-12-15T20:38:21.877+0000] {logging_mixin.py:190} INFO - [2024-12-15T20:38:21.876+0000] {dag.py:3239} INFO - Sync 2 DAGs
[2024-12-15T20:38:21.895+0000] {logging_mixin.py:190} INFO - [2024-12-15T20:38:21.895+0000] {dag.py:4180} INFO - Setting next_dagrun for example_xcom_args to None, run_after=None
[2024-12-15T20:38:21.903+0000] {logging_mixin.py:190} INFO - [2024-12-15T20:38:21.903+0000] {dag.py:4180} INFO - Setting next_dagrun for example_xcom_args_with_operators to None, run_after=None
[2024-12-15T20:38:21.923+0000] {processor.py:208} INFO - Processing /home/airflow/.local/lib/python3.12/site-packages/airflow/example_dags/example_xcomargs.py took 0.126 seconds
[2024-12-15T20:41:15.358+0000] {processor.py:186} INFO - Started process (PID=1854) to work on /home/airflow/.local/lib/python3.12/site-packages/airflow/example_dags/example_xcomargs.py
[2024-12-15T20:41:15.369+0000] {processor.py:914} INFO - Processing file /home/airflow/.local/lib/python3.12/site-packages/airflow/example_dags/example_xcomargs.py for tasks to queue
[2024-12-15T20:41:15.376+0000] {logging_mixin.py:190} INFO - [2024-12-15T20:41:15.375+0000] {dagbag.py:588} INFO - Filling up the DagBag from /home/airflow/.local/lib/python3.12/site-packages/airflow/example_dags/example_xcomargs.py
[2024-12-15T20:41:15.443+0000] {processor.py:925} INFO - DAG(s) 'example_xcom_args', 'example_xcom_args_with_operators' retrieved from /home/airflow/.local/lib/python3.12/site-packages/airflow/example_dags/example_xcomargs.py
[2024-12-15T20:41:15.584+0000] {logging_mixin.py:190} INFO - [2024-12-15T20:41:15.584+0000] {dag.py:3239} INFO - Sync 2 DAGs
[2024-12-15T20:41:15.701+0000] {logging_mixin.py:190} INFO - [2024-12-15T20:41:15.700+0000] {dag.py:4180} INFO - Setting next_dagrun for example_xcom_args to None, run_after=None
[2024-12-15T20:41:15.710+0000] {logging_mixin.py:190} INFO - [2024-12-15T20:41:15.710+0000] {dag.py:4180} INFO - Setting next_dagrun for example_xcom_args_with_operators to None, run_after=None
[2024-12-15T20:41:15.825+0000] {processor.py:208} INFO - Processing /home/airflow/.local/lib/python3.12/site-packages/airflow/example_dags/example_xcomargs.py took 0.522 seconds
[2024-12-15T20:41:46.260+0000] {processor.py:186} INFO - Started process (PID=1920) to work on /home/airflow/.local/lib/python3.12/site-packages/airflow/example_dags/example_xcomargs.py
[2024-12-15T20:41:46.262+0000] {processor.py:914} INFO - Processing file /home/airflow/.local/lib/python3.12/site-packages/airflow/example_dags/example_xcomargs.py for tasks to queue
[2024-12-15T20:41:46.265+0000] {logging_mixin.py:190} INFO - [2024-12-15T20:41:46.264+0000] {dagbag.py:588} INFO - Filling up the DagBag from /home/airflow/.local/lib/python3.12/site-packages/airflow/example_dags/example_xcomargs.py
[2024-12-15T20:41:46.282+0000] {processor.py:925} INFO - DAG(s) 'example_xcom_args_with_operators', 'example_xcom_args' retrieved from /home/airflow/.local/lib/python3.12/site-packages/airflow/example_dags/example_xcomargs.py
[2024-12-15T20:41:46.312+0000] {logging_mixin.py:190} INFO - [2024-12-15T20:41:46.312+0000] {dag.py:3239} INFO - Sync 2 DAGs
[2024-12-15T20:41:46.335+0000] {logging_mixin.py:190} INFO - [2024-12-15T20:41:46.335+0000] {dag.py:4180} INFO - Setting next_dagrun for example_xcom_args to None, run_after=None
[2024-12-15T20:41:46.343+0000] {logging_mixin.py:190} INFO - [2024-12-15T20:41:46.342+0000] {dag.py:4180} INFO - Setting next_dagrun for example_xcom_args_with_operators to None, run_after=None
[2024-12-15T20:41:46.382+0000] {processor.py:208} INFO - Processing /home/airflow/.local/lib/python3.12/site-packages/airflow/example_dags/example_xcomargs.py took 0.134 seconds
[2024-12-15T20:42:16.520+0000] {processor.py:186} INFO - Started process (PID=1984) to work on /home/airflow/.local/lib/python3.12/site-packages/airflow/example_dags/example_xcomargs.py
[2024-12-15T20:42:16.523+0000] {processor.py:914} INFO - Processing file /home/airflow/.local/lib/python3.12/site-packages/airflow/example_dags/example_xcomargs.py for tasks to queue
[2024-12-15T20:42:16.526+0000] {logging_mixin.py:190} INFO - [2024-12-15T20:42:16.526+0000] {dagbag.py:588} INFO - Filling up the DagBag from /home/airflow/.local/lib/python3.12/site-packages/airflow/example_dags/example_xcomargs.py
[2024-12-15T20:42:16.556+0000] {processor.py:925} INFO - DAG(s) 'example_xcom_args_with_operators', 'example_xcom_args' retrieved from /home/airflow/.local/lib/python3.12/site-packages/airflow/example_dags/example_xcomargs.py
[2024-12-15T20:42:16.604+0000] {logging_mixin.py:190} INFO - [2024-12-15T20:42:16.604+0000] {dag.py:3239} INFO - Sync 2 DAGs
[2024-12-15T20:42:16.638+0000] {logging_mixin.py:190} INFO - [2024-12-15T20:42:16.638+0000] {dag.py:4180} INFO - Setting next_dagrun for example_xcom_args to None, run_after=None
[2024-12-15T20:42:16.655+0000] {logging_mixin.py:190} INFO - [2024-12-15T20:42:16.655+0000] {dag.py:4180} INFO - Setting next_dagrun for example_xcom_args_with_operators to None, run_after=None
[2024-12-15T20:42:16.693+0000] {processor.py:208} INFO - Processing /home/airflow/.local/lib/python3.12/site-packages/airflow/example_dags/example_xcomargs.py took 0.187 seconds
