[2024-12-15T19:40:49.908+0000] {processor.py:186} INFO - Started process (PID=81) to work on /home/airflow/.local/lib/python3.12/site-packages/airflow/example_dags/example_branch_operator.py
[2024-12-15T19:40:49.919+0000] {processor.py:914} INFO - Processing file /home/airflow/.local/lib/python3.12/site-packages/airflow/example_dags/example_branch_operator.py for tasks to queue
[2024-12-15T19:40:49.932+0000] {logging_mixin.py:190} INFO - [2024-12-15T19:40:49.931+0000] {dagbag.py:588} INFO - Filling up the DagBag from /home/airflow/.local/lib/python3.12/site-packages/airflow/example_dags/example_branch_operator.py
[2024-12-15T19:40:49.987+0000] {processor.py:925} INFO - DAG(s) 'example_branch_operator' retrieved from /home/airflow/.local/lib/python3.12/site-packages/airflow/example_dags/example_branch_operator.py
[2024-12-15T19:40:50.528+0000] {logging_mixin.py:190} INFO - [2024-12-15T19:40:50.526+0000] {override.py:1911} INFO - Created Permission View: can delete on DAG:example_branch_operator
[2024-12-15T19:40:50.576+0000] {logging_mixin.py:190} INFO - [2024-12-15T19:40:50.575+0000] {override.py:1911} INFO - Created Permission View: can read on DAG:example_branch_operator
[2024-12-15T19:40:50.605+0000] {logging_mixin.py:190} INFO - [2024-12-15T19:40:50.604+0000] {override.py:1911} INFO - Created Permission View: can edit on DAG:example_branch_operator
[2024-12-15T19:40:50.634+0000] {logging_mixin.py:190} INFO - [2024-12-15T19:40:50.634+0000] {override.py:1911} INFO - Created Permission View: menu access on DAG Run:example_branch_operator
[2024-12-15T19:40:50.662+0000] {logging_mixin.py:190} INFO - [2024-12-15T19:40:50.660+0000] {override.py:1911} INFO - Created Permission View: can delete on DAG Run:example_branch_operator
[2024-12-15T19:40:50.689+0000] {logging_mixin.py:190} INFO - [2024-12-15T19:40:50.689+0000] {override.py:1911} INFO - Created Permission View: can create on DAG Run:example_branch_operator
[2024-12-15T19:40:50.714+0000] {logging_mixin.py:190} INFO - [2024-12-15T19:40:50.713+0000] {override.py:1911} INFO - Created Permission View: can read on DAG Run:example_branch_operator
[2024-12-15T19:40:50.715+0000] {logging_mixin.py:190} INFO - [2024-12-15T19:40:50.715+0000] {dag.py:3239} INFO - Sync 1 DAGs
[2024-12-15T19:40:50.782+0000] {logging_mixin.py:190} INFO - [2024-12-15T19:40:50.779+0000] {dag.py:3262} INFO - Creating ORM DAG for example_branch_operator
[2024-12-15T19:40:50.830+0000] {logging_mixin.py:190} INFO - [2024-12-15T19:40:50.829+0000] {dag.py:4180} INFO - Setting next_dagrun for example_branch_operator to 2024-12-14 00:00:00+00:00, run_after=2024-12-15 00:00:00+00:00
[2024-12-15T19:40:50.961+0000] {processor.py:208} INFO - Processing /home/airflow/.local/lib/python3.12/site-packages/airflow/example_dags/example_branch_operator.py took 1.082 seconds
[2024-12-15T19:41:22.340+0000] {processor.py:186} INFO - Started process (PID=145) to work on /home/airflow/.local/lib/python3.12/site-packages/airflow/example_dags/example_branch_operator.py
[2024-12-15T19:41:22.342+0000] {processor.py:914} INFO - Processing file /home/airflow/.local/lib/python3.12/site-packages/airflow/example_dags/example_branch_operator.py for tasks to queue
[2024-12-15T19:41:22.347+0000] {logging_mixin.py:190} INFO - [2024-12-15T19:41:22.347+0000] {dagbag.py:588} INFO - Filling up the DagBag from /home/airflow/.local/lib/python3.12/site-packages/airflow/example_dags/example_branch_operator.py
[2024-12-15T19:41:22.376+0000] {processor.py:925} INFO - DAG(s) 'example_branch_operator' retrieved from /home/airflow/.local/lib/python3.12/site-packages/airflow/example_dags/example_branch_operator.py
[2024-12-15T19:41:22.427+0000] {logging_mixin.py:190} INFO - [2024-12-15T19:41:22.427+0000] {dag.py:3239} INFO - Sync 1 DAGs
[2024-12-15T19:41:22.476+0000] {logging_mixin.py:190} INFO - [2024-12-15T19:41:22.476+0000] {dag.py:4180} INFO - Setting next_dagrun for example_branch_operator to 2024-12-14 00:00:00+00:00, run_after=2024-12-15 00:00:00+00:00
[2024-12-15T19:41:22.506+0000] {processor.py:208} INFO - Processing /home/airflow/.local/lib/python3.12/site-packages/airflow/example_dags/example_branch_operator.py took 0.176 seconds
[2024-12-15T19:41:53.743+0000] {processor.py:186} INFO - Started process (PID=209) to work on /home/airflow/.local/lib/python3.12/site-packages/airflow/example_dags/example_branch_operator.py
[2024-12-15T19:41:53.754+0000] {processor.py:914} INFO - Processing file /home/airflow/.local/lib/python3.12/site-packages/airflow/example_dags/example_branch_operator.py for tasks to queue
[2024-12-15T19:41:53.766+0000] {logging_mixin.py:190} INFO - [2024-12-15T19:41:53.762+0000] {dagbag.py:588} INFO - Filling up the DagBag from /home/airflow/.local/lib/python3.12/site-packages/airflow/example_dags/example_branch_operator.py
[2024-12-15T19:41:53.861+0000] {processor.py:925} INFO - DAG(s) 'example_branch_operator' retrieved from /home/airflow/.local/lib/python3.12/site-packages/airflow/example_dags/example_branch_operator.py
[2024-12-15T19:41:53.973+0000] {logging_mixin.py:190} INFO - [2024-12-15T19:41:53.973+0000] {dag.py:3239} INFO - Sync 1 DAGs
[2024-12-15T19:41:54.059+0000] {logging_mixin.py:190} INFO - [2024-12-15T19:41:54.059+0000] {dag.py:4180} INFO - Setting next_dagrun for example_branch_operator to 2024-12-14 00:00:00+00:00, run_after=2024-12-15 00:00:00+00:00
[2024-12-15T19:41:54.121+0000] {processor.py:208} INFO - Processing /home/airflow/.local/lib/python3.12/site-packages/airflow/example_dags/example_branch_operator.py took 0.400 seconds
[2024-12-15T19:42:38.026+0000] {processor.py:186} INFO - Started process (PID=251) to work on /home/airflow/.local/lib/python3.12/site-packages/airflow/example_dags/example_branch_operator.py
[2024-12-15T19:42:38.029+0000] {processor.py:914} INFO - Processing file /home/airflow/.local/lib/python3.12/site-packages/airflow/example_dags/example_branch_operator.py for tasks to queue
[2024-12-15T19:42:38.032+0000] {logging_mixin.py:190} INFO - [2024-12-15T19:42:38.032+0000] {dagbag.py:588} INFO - Filling up the DagBag from /home/airflow/.local/lib/python3.12/site-packages/airflow/example_dags/example_branch_operator.py
[2024-12-15T19:42:38.074+0000] {processor.py:925} INFO - DAG(s) 'example_branch_operator' retrieved from /home/airflow/.local/lib/python3.12/site-packages/airflow/example_dags/example_branch_operator.py
[2024-12-15T19:42:38.159+0000] {logging_mixin.py:190} INFO - [2024-12-15T19:42:38.159+0000] {dag.py:3239} INFO - Sync 1 DAGs
[2024-12-15T19:42:38.315+0000] {logging_mixin.py:190} INFO - [2024-12-15T19:42:38.315+0000] {dag.py:4180} INFO - Setting next_dagrun for example_branch_operator to 2024-12-14 00:00:00+00:00, run_after=2024-12-15 00:00:00+00:00
[2024-12-15T19:42:38.516+0000] {processor.py:208} INFO - Processing /home/airflow/.local/lib/python3.12/site-packages/airflow/example_dags/example_branch_operator.py took 0.510 seconds
[2024-12-15T19:43:09.223+0000] {processor.py:186} INFO - Started process (PID=316) to work on /home/airflow/.local/lib/python3.12/site-packages/airflow/example_dags/example_branch_operator.py
[2024-12-15T19:43:09.232+0000] {processor.py:914} INFO - Processing file /home/airflow/.local/lib/python3.12/site-packages/airflow/example_dags/example_branch_operator.py for tasks to queue
[2024-12-15T19:43:09.235+0000] {logging_mixin.py:190} INFO - [2024-12-15T19:43:09.235+0000] {dagbag.py:588} INFO - Filling up the DagBag from /home/airflow/.local/lib/python3.12/site-packages/airflow/example_dags/example_branch_operator.py
[2024-12-15T19:43:09.279+0000] {processor.py:925} INFO - DAG(s) 'example_branch_operator' retrieved from /home/airflow/.local/lib/python3.12/site-packages/airflow/example_dags/example_branch_operator.py
[2024-12-15T19:43:09.341+0000] {logging_mixin.py:190} INFO - [2024-12-15T19:43:09.341+0000] {dag.py:3239} INFO - Sync 1 DAGs
[2024-12-15T19:43:09.393+0000] {logging_mixin.py:190} INFO - [2024-12-15T19:43:09.392+0000] {dag.py:4180} INFO - Setting next_dagrun for example_branch_operator to 2024-12-14 00:00:00+00:00, run_after=2024-12-15 00:00:00+00:00
[2024-12-15T19:43:09.439+0000] {processor.py:208} INFO - Processing /home/airflow/.local/lib/python3.12/site-packages/airflow/example_dags/example_branch_operator.py took 0.241 seconds
[2024-12-15T19:43:40.065+0000] {processor.py:186} INFO - Started process (PID=379) to work on /home/airflow/.local/lib/python3.12/site-packages/airflow/example_dags/example_branch_operator.py
[2024-12-15T19:43:40.068+0000] {processor.py:914} INFO - Processing file /home/airflow/.local/lib/python3.12/site-packages/airflow/example_dags/example_branch_operator.py for tasks to queue
[2024-12-15T19:43:40.074+0000] {logging_mixin.py:190} INFO - [2024-12-15T19:43:40.073+0000] {dagbag.py:588} INFO - Filling up the DagBag from /home/airflow/.local/lib/python3.12/site-packages/airflow/example_dags/example_branch_operator.py
[2024-12-15T19:43:40.112+0000] {processor.py:925} INFO - DAG(s) 'example_branch_operator' retrieved from /home/airflow/.local/lib/python3.12/site-packages/airflow/example_dags/example_branch_operator.py
[2024-12-15T19:43:40.213+0000] {logging_mixin.py:190} INFO - [2024-12-15T19:43:40.205+0000] {dag.py:3239} INFO - Sync 1 DAGs
[2024-12-15T19:43:40.328+0000] {logging_mixin.py:190} INFO - [2024-12-15T19:43:40.327+0000] {dag.py:4180} INFO - Setting next_dagrun for example_branch_operator to 2024-12-14 00:00:00+00:00, run_after=2024-12-15 00:00:00+00:00
[2024-12-15T19:43:40.396+0000] {processor.py:208} INFO - Processing /home/airflow/.local/lib/python3.12/site-packages/airflow/example_dags/example_branch_operator.py took 0.348 seconds
[2024-12-15T19:44:13.614+0000] {processor.py:186} INFO - Started process (PID=444) to work on /home/airflow/.local/lib/python3.12/site-packages/airflow/example_dags/example_branch_operator.py
[2024-12-15T19:44:13.616+0000] {processor.py:914} INFO - Processing file /home/airflow/.local/lib/python3.12/site-packages/airflow/example_dags/example_branch_operator.py for tasks to queue
[2024-12-15T19:44:13.619+0000] {logging_mixin.py:190} INFO - [2024-12-15T19:44:13.619+0000] {dagbag.py:588} INFO - Filling up the DagBag from /home/airflow/.local/lib/python3.12/site-packages/airflow/example_dags/example_branch_operator.py
[2024-12-15T19:44:13.649+0000] {processor.py:925} INFO - DAG(s) 'example_branch_operator' retrieved from /home/airflow/.local/lib/python3.12/site-packages/airflow/example_dags/example_branch_operator.py
[2024-12-15T19:44:13.712+0000] {logging_mixin.py:190} INFO - [2024-12-15T19:44:13.711+0000] {dag.py:3239} INFO - Sync 1 DAGs
[2024-12-15T19:44:13.752+0000] {logging_mixin.py:190} INFO - [2024-12-15T19:44:13.751+0000] {dag.py:4180} INFO - Setting next_dagrun for example_branch_operator to 2024-12-14 00:00:00+00:00, run_after=2024-12-15 00:00:00+00:00
[2024-12-15T19:44:13.781+0000] {processor.py:208} INFO - Processing /home/airflow/.local/lib/python3.12/site-packages/airflow/example_dags/example_branch_operator.py took 0.180 seconds
[2024-12-15T19:45:36.770+0000] {processor.py:186} INFO - Started process (PID=510) to work on /home/airflow/.local/lib/python3.12/site-packages/airflow/example_dags/example_branch_operator.py
[2024-12-15T19:45:36.772+0000] {processor.py:914} INFO - Processing file /home/airflow/.local/lib/python3.12/site-packages/airflow/example_dags/example_branch_operator.py for tasks to queue
[2024-12-15T19:45:36.777+0000] {logging_mixin.py:190} INFO - [2024-12-15T19:45:36.777+0000] {dagbag.py:588} INFO - Filling up the DagBag from /home/airflow/.local/lib/python3.12/site-packages/airflow/example_dags/example_branch_operator.py
[2024-12-15T19:45:36.809+0000] {processor.py:925} INFO - DAG(s) 'example_branch_operator' retrieved from /home/airflow/.local/lib/python3.12/site-packages/airflow/example_dags/example_branch_operator.py
[2024-12-15T19:45:36.877+0000] {logging_mixin.py:190} INFO - [2024-12-15T19:45:36.877+0000] {dag.py:3239} INFO - Sync 1 DAGs
[2024-12-15T19:45:36.919+0000] {logging_mixin.py:190} INFO - [2024-12-15T19:45:36.919+0000] {dag.py:4180} INFO - Setting next_dagrun for example_branch_operator to 2024-12-14 00:00:00+00:00, run_after=2024-12-15 00:00:00+00:00
[2024-12-15T19:45:36.949+0000] {processor.py:208} INFO - Processing /home/airflow/.local/lib/python3.12/site-packages/airflow/example_dags/example_branch_operator.py took 0.192 seconds
[2024-12-15T19:46:07.218+0000] {processor.py:186} INFO - Started process (PID=573) to work on /home/airflow/.local/lib/python3.12/site-packages/airflow/example_dags/example_branch_operator.py
[2024-12-15T19:46:07.221+0000] {processor.py:914} INFO - Processing file /home/airflow/.local/lib/python3.12/site-packages/airflow/example_dags/example_branch_operator.py for tasks to queue
[2024-12-15T19:46:07.226+0000] {logging_mixin.py:190} INFO - [2024-12-15T19:46:07.225+0000] {dagbag.py:588} INFO - Filling up the DagBag from /home/airflow/.local/lib/python3.12/site-packages/airflow/example_dags/example_branch_operator.py
[2024-12-15T19:46:07.275+0000] {processor.py:925} INFO - DAG(s) 'example_branch_operator' retrieved from /home/airflow/.local/lib/python3.12/site-packages/airflow/example_dags/example_branch_operator.py
[2024-12-15T19:46:07.399+0000] {logging_mixin.py:190} INFO - [2024-12-15T19:46:07.397+0000] {dag.py:3239} INFO - Sync 1 DAGs
[2024-12-15T19:46:07.456+0000] {logging_mixin.py:190} INFO - [2024-12-15T19:46:07.456+0000] {dag.py:4180} INFO - Setting next_dagrun for example_branch_operator to 2024-12-14 00:00:00+00:00, run_after=2024-12-15 00:00:00+00:00
[2024-12-15T19:46:07.485+0000] {processor.py:208} INFO - Processing /home/airflow/.local/lib/python3.12/site-packages/airflow/example_dags/example_branch_operator.py took 0.280 seconds
[2024-12-15T19:46:38.652+0000] {processor.py:186} INFO - Started process (PID=638) to work on /home/airflow/.local/lib/python3.12/site-packages/airflow/example_dags/example_branch_operator.py
[2024-12-15T19:46:38.655+0000] {processor.py:914} INFO - Processing file /home/airflow/.local/lib/python3.12/site-packages/airflow/example_dags/example_branch_operator.py for tasks to queue
[2024-12-15T19:46:38.660+0000] {logging_mixin.py:190} INFO - [2024-12-15T19:46:38.659+0000] {dagbag.py:588} INFO - Filling up the DagBag from /home/airflow/.local/lib/python3.12/site-packages/airflow/example_dags/example_branch_operator.py
[2024-12-15T19:46:38.694+0000] {processor.py:925} INFO - DAG(s) 'example_branch_operator' retrieved from /home/airflow/.local/lib/python3.12/site-packages/airflow/example_dags/example_branch_operator.py
[2024-12-15T19:46:38.734+0000] {logging_mixin.py:190} INFO - [2024-12-15T19:46:38.734+0000] {dag.py:3239} INFO - Sync 1 DAGs
[2024-12-15T19:46:38.773+0000] {logging_mixin.py:190} INFO - [2024-12-15T19:46:38.773+0000] {dag.py:4180} INFO - Setting next_dagrun for example_branch_operator to 2024-12-14 00:00:00+00:00, run_after=2024-12-15 00:00:00+00:00
[2024-12-15T19:46:38.805+0000] {processor.py:208} INFO - Processing /home/airflow/.local/lib/python3.12/site-packages/airflow/example_dags/example_branch_operator.py took 0.168 seconds
[2024-12-15T19:47:14.357+0000] {processor.py:186} INFO - Started process (PID=711) to work on /home/airflow/.local/lib/python3.12/site-packages/airflow/example_dags/example_branch_operator.py
[2024-12-15T19:47:14.360+0000] {processor.py:914} INFO - Processing file /home/airflow/.local/lib/python3.12/site-packages/airflow/example_dags/example_branch_operator.py for tasks to queue
[2024-12-15T19:47:14.368+0000] {logging_mixin.py:190} INFO - [2024-12-15T19:47:14.367+0000] {dagbag.py:588} INFO - Filling up the DagBag from /home/airflow/.local/lib/python3.12/site-packages/airflow/example_dags/example_branch_operator.py
[2024-12-15T19:47:14.411+0000] {processor.py:925} INFO - DAG(s) 'example_branch_operator' retrieved from /home/airflow/.local/lib/python3.12/site-packages/airflow/example_dags/example_branch_operator.py
[2024-12-15T19:47:14.464+0000] {logging_mixin.py:190} INFO - [2024-12-15T19:47:14.464+0000] {dag.py:3239} INFO - Sync 1 DAGs
[2024-12-15T19:47:14.523+0000] {logging_mixin.py:190} INFO - [2024-12-15T19:47:14.522+0000] {dag.py:4180} INFO - Setting next_dagrun for example_branch_operator to 2024-12-14 00:00:00+00:00, run_after=2024-12-15 00:00:00+00:00
[2024-12-15T19:47:14.551+0000] {processor.py:208} INFO - Processing /home/airflow/.local/lib/python3.12/site-packages/airflow/example_dags/example_branch_operator.py took 0.208 seconds
[2024-12-15T19:47:51.640+0000] {processor.py:186} INFO - Started process (PID=780) to work on /home/airflow/.local/lib/python3.12/site-packages/airflow/example_dags/example_branch_operator.py
[2024-12-15T19:47:51.645+0000] {processor.py:914} INFO - Processing file /home/airflow/.local/lib/python3.12/site-packages/airflow/example_dags/example_branch_operator.py for tasks to queue
[2024-12-15T19:47:51.675+0000] {logging_mixin.py:190} INFO - [2024-12-15T19:47:51.674+0000] {dagbag.py:588} INFO - Filling up the DagBag from /home/airflow/.local/lib/python3.12/site-packages/airflow/example_dags/example_branch_operator.py
[2024-12-15T19:47:51.728+0000] {processor.py:925} INFO - DAG(s) 'example_branch_operator' retrieved from /home/airflow/.local/lib/python3.12/site-packages/airflow/example_dags/example_branch_operator.py
[2024-12-15T19:47:51.779+0000] {logging_mixin.py:190} INFO - [2024-12-15T19:47:51.776+0000] {dag.py:3239} INFO - Sync 1 DAGs
[2024-12-15T19:47:51.841+0000] {logging_mixin.py:190} INFO - [2024-12-15T19:47:51.841+0000] {dag.py:4180} INFO - Setting next_dagrun for example_branch_operator to 2024-12-14 00:00:00+00:00, run_after=2024-12-15 00:00:00+00:00
[2024-12-15T19:47:51.960+0000] {processor.py:208} INFO - Processing /home/airflow/.local/lib/python3.12/site-packages/airflow/example_dags/example_branch_operator.py took 0.378 seconds
[2024-12-15T19:51:03.893+0000] {processor.py:186} INFO - Started process (PID=69) to work on /home/airflow/.local/lib/python3.12/site-packages/airflow/example_dags/example_branch_operator.py
[2024-12-15T19:51:03.895+0000] {processor.py:914} INFO - Processing file /home/airflow/.local/lib/python3.12/site-packages/airflow/example_dags/example_branch_operator.py for tasks to queue
[2024-12-15T19:51:03.905+0000] {logging_mixin.py:190} INFO - [2024-12-15T19:51:03.904+0000] {dagbag.py:588} INFO - Filling up the DagBag from /home/airflow/.local/lib/python3.12/site-packages/airflow/example_dags/example_branch_operator.py
[2024-12-15T19:51:03.971+0000] {processor.py:925} INFO - DAG(s) 'example_branch_operator' retrieved from /home/airflow/.local/lib/python3.12/site-packages/airflow/example_dags/example_branch_operator.py
[2024-12-15T19:51:04.437+0000] {logging_mixin.py:190} INFO - [2024-12-15T19:51:04.437+0000] {dag.py:3239} INFO - Sync 1 DAGs
[2024-12-15T19:51:04.548+0000] {logging_mixin.py:190} INFO - [2024-12-15T19:51:04.547+0000] {dag.py:4180} INFO - Setting next_dagrun for example_branch_operator to 2024-12-14 00:00:00+00:00, run_after=2024-12-15 00:00:00+00:00
[2024-12-15T19:51:04.624+0000] {processor.py:208} INFO - Processing /home/airflow/.local/lib/python3.12/site-packages/airflow/example_dags/example_branch_operator.py took 0.753 seconds
[2024-12-15T19:51:39.474+0000] {processor.py:186} INFO - Started process (PID=134) to work on /home/airflow/.local/lib/python3.12/site-packages/airflow/example_dags/example_branch_operator.py
[2024-12-15T19:51:39.478+0000] {processor.py:914} INFO - Processing file /home/airflow/.local/lib/python3.12/site-packages/airflow/example_dags/example_branch_operator.py for tasks to queue
[2024-12-15T19:51:39.552+0000] {logging_mixin.py:190} INFO - [2024-12-15T19:51:39.524+0000] {dagbag.py:588} INFO - Filling up the DagBag from /home/airflow/.local/lib/python3.12/site-packages/airflow/example_dags/example_branch_operator.py
[2024-12-15T19:51:39.647+0000] {processor.py:925} INFO - DAG(s) 'example_branch_operator' retrieved from /home/airflow/.local/lib/python3.12/site-packages/airflow/example_dags/example_branch_operator.py
[2024-12-15T19:51:39.737+0000] {logging_mixin.py:190} INFO - [2024-12-15T19:51:39.736+0000] {dag.py:3239} INFO - Sync 1 DAGs
[2024-12-15T19:51:39.913+0000] {logging_mixin.py:190} INFO - [2024-12-15T19:51:39.912+0000] {dag.py:4180} INFO - Setting next_dagrun for example_branch_operator to 2024-12-14 00:00:00+00:00, run_after=2024-12-15 00:00:00+00:00
[2024-12-15T19:51:40.047+0000] {processor.py:208} INFO - Processing /home/airflow/.local/lib/python3.12/site-packages/airflow/example_dags/example_branch_operator.py took 0.598 seconds
[2024-12-15T19:52:22.460+0000] {processor.py:186} INFO - Started process (PID=198) to work on /home/airflow/.local/lib/python3.12/site-packages/airflow/example_dags/example_branch_operator.py
[2024-12-15T19:52:22.464+0000] {processor.py:914} INFO - Processing file /home/airflow/.local/lib/python3.12/site-packages/airflow/example_dags/example_branch_operator.py for tasks to queue
[2024-12-15T19:52:22.472+0000] {logging_mixin.py:190} INFO - [2024-12-15T19:52:22.471+0000] {dagbag.py:588} INFO - Filling up the DagBag from /home/airflow/.local/lib/python3.12/site-packages/airflow/example_dags/example_branch_operator.py
[2024-12-15T19:52:22.516+0000] {processor.py:925} INFO - DAG(s) 'example_branch_operator' retrieved from /home/airflow/.local/lib/python3.12/site-packages/airflow/example_dags/example_branch_operator.py
[2024-12-15T19:52:22.594+0000] {logging_mixin.py:190} INFO - [2024-12-15T19:52:22.593+0000] {dag.py:3239} INFO - Sync 1 DAGs
[2024-12-15T19:52:22.677+0000] {logging_mixin.py:190} INFO - [2024-12-15T19:52:22.676+0000] {dag.py:4180} INFO - Setting next_dagrun for example_branch_operator to 2024-12-14 00:00:00+00:00, run_after=2024-12-15 00:00:00+00:00
[2024-12-15T19:52:22.771+0000] {processor.py:208} INFO - Processing /home/airflow/.local/lib/python3.12/site-packages/airflow/example_dags/example_branch_operator.py took 0.333 seconds
[2024-12-15T19:52:53.918+0000] {processor.py:186} INFO - Started process (PID=262) to work on /home/airflow/.local/lib/python3.12/site-packages/airflow/example_dags/example_branch_operator.py
[2024-12-15T19:52:53.920+0000] {processor.py:914} INFO - Processing file /home/airflow/.local/lib/python3.12/site-packages/airflow/example_dags/example_branch_operator.py for tasks to queue
[2024-12-15T19:52:53.925+0000] {logging_mixin.py:190} INFO - [2024-12-15T19:52:53.924+0000] {dagbag.py:588} INFO - Filling up the DagBag from /home/airflow/.local/lib/python3.12/site-packages/airflow/example_dags/example_branch_operator.py
[2024-12-15T19:52:53.957+0000] {processor.py:925} INFO - DAG(s) 'example_branch_operator' retrieved from /home/airflow/.local/lib/python3.12/site-packages/airflow/example_dags/example_branch_operator.py
[2024-12-15T19:52:54.025+0000] {logging_mixin.py:190} INFO - [2024-12-15T19:52:54.025+0000] {dag.py:3239} INFO - Sync 1 DAGs
[2024-12-15T19:52:54.093+0000] {logging_mixin.py:190} INFO - [2024-12-15T19:52:54.092+0000] {dag.py:4180} INFO - Setting next_dagrun for example_branch_operator to 2024-12-14 00:00:00+00:00, run_after=2024-12-15 00:00:00+00:00
[2024-12-15T19:52:54.143+0000] {processor.py:208} INFO - Processing /home/airflow/.local/lib/python3.12/site-packages/airflow/example_dags/example_branch_operator.py took 0.235 seconds
[2024-12-15T19:53:36.101+0000] {processor.py:186} INFO - Started process (PID=334) to work on /home/airflow/.local/lib/python3.12/site-packages/airflow/example_dags/example_branch_operator.py
[2024-12-15T19:53:36.109+0000] {processor.py:914} INFO - Processing file /home/airflow/.local/lib/python3.12/site-packages/airflow/example_dags/example_branch_operator.py for tasks to queue
[2024-12-15T19:53:36.115+0000] {logging_mixin.py:190} INFO - [2024-12-15T19:53:36.114+0000] {dagbag.py:588} INFO - Filling up the DagBag from /home/airflow/.local/lib/python3.12/site-packages/airflow/example_dags/example_branch_operator.py
[2024-12-15T19:53:36.153+0000] {processor.py:925} INFO - DAG(s) 'example_branch_operator' retrieved from /home/airflow/.local/lib/python3.12/site-packages/airflow/example_dags/example_branch_operator.py
[2024-12-15T19:53:36.230+0000] {logging_mixin.py:190} INFO - [2024-12-15T19:53:36.230+0000] {dag.py:3239} INFO - Sync 1 DAGs
[2024-12-15T19:53:36.298+0000] {logging_mixin.py:190} INFO - [2024-12-15T19:53:36.298+0000] {dag.py:4180} INFO - Setting next_dagrun for example_branch_operator to 2024-12-14 00:00:00+00:00, run_after=2024-12-15 00:00:00+00:00
[2024-12-15T19:53:36.358+0000] {processor.py:208} INFO - Processing /home/airflow/.local/lib/python3.12/site-packages/airflow/example_dags/example_branch_operator.py took 0.267 seconds
[2024-12-15T19:54:12.007+0000] {processor.py:186} INFO - Started process (PID=398) to work on /home/airflow/.local/lib/python3.12/site-packages/airflow/example_dags/example_branch_operator.py
[2024-12-15T19:54:12.009+0000] {processor.py:914} INFO - Processing file /home/airflow/.local/lib/python3.12/site-packages/airflow/example_dags/example_branch_operator.py for tasks to queue
[2024-12-15T19:54:12.021+0000] {logging_mixin.py:190} INFO - [2024-12-15T19:54:12.020+0000] {dagbag.py:588} INFO - Filling up the DagBag from /home/airflow/.local/lib/python3.12/site-packages/airflow/example_dags/example_branch_operator.py
[2024-12-15T19:54:12.070+0000] {processor.py:925} INFO - DAG(s) 'example_branch_operator' retrieved from /home/airflow/.local/lib/python3.12/site-packages/airflow/example_dags/example_branch_operator.py
[2024-12-15T19:54:12.140+0000] {logging_mixin.py:190} INFO - [2024-12-15T19:54:12.140+0000] {dag.py:3239} INFO - Sync 1 DAGs
[2024-12-15T19:54:12.187+0000] {logging_mixin.py:190} INFO - [2024-12-15T19:54:12.186+0000] {dag.py:4180} INFO - Setting next_dagrun for example_branch_operator to 2024-12-14 00:00:00+00:00, run_after=2024-12-15 00:00:00+00:00
[2024-12-15T19:54:12.219+0000] {processor.py:208} INFO - Processing /home/airflow/.local/lib/python3.12/site-packages/airflow/example_dags/example_branch_operator.py took 0.222 seconds
[2024-12-15T19:54:44.846+0000] {processor.py:186} INFO - Started process (PID=464) to work on /home/airflow/.local/lib/python3.12/site-packages/airflow/example_dags/example_branch_operator.py
[2024-12-15T19:54:44.848+0000] {processor.py:914} INFO - Processing file /home/airflow/.local/lib/python3.12/site-packages/airflow/example_dags/example_branch_operator.py for tasks to queue
[2024-12-15T19:54:44.853+0000] {logging_mixin.py:190} INFO - [2024-12-15T19:54:44.852+0000] {dagbag.py:588} INFO - Filling up the DagBag from /home/airflow/.local/lib/python3.12/site-packages/airflow/example_dags/example_branch_operator.py
[2024-12-15T19:54:44.882+0000] {processor.py:925} INFO - DAG(s) 'example_branch_operator' retrieved from /home/airflow/.local/lib/python3.12/site-packages/airflow/example_dags/example_branch_operator.py
[2024-12-15T19:54:44.924+0000] {logging_mixin.py:190} INFO - [2024-12-15T19:54:44.924+0000] {dag.py:3239} INFO - Sync 1 DAGs
[2024-12-15T19:54:44.962+0000] {logging_mixin.py:190} INFO - [2024-12-15T19:54:44.961+0000] {dag.py:4180} INFO - Setting next_dagrun for example_branch_operator to 2024-12-14 00:00:00+00:00, run_after=2024-12-15 00:00:00+00:00
[2024-12-15T19:54:44.999+0000] {processor.py:208} INFO - Processing /home/airflow/.local/lib/python3.12/site-packages/airflow/example_dags/example_branch_operator.py took 0.163 seconds
[2024-12-15T19:55:19.374+0000] {processor.py:186} INFO - Started process (PID=529) to work on /home/airflow/.local/lib/python3.12/site-packages/airflow/example_dags/example_branch_operator.py
[2024-12-15T19:55:19.376+0000] {processor.py:914} INFO - Processing file /home/airflow/.local/lib/python3.12/site-packages/airflow/example_dags/example_branch_operator.py for tasks to queue
[2024-12-15T19:55:19.379+0000] {logging_mixin.py:190} INFO - [2024-12-15T19:55:19.378+0000] {dagbag.py:588} INFO - Filling up the DagBag from /home/airflow/.local/lib/python3.12/site-packages/airflow/example_dags/example_branch_operator.py
[2024-12-15T19:55:19.442+0000] {processor.py:925} INFO - DAG(s) 'example_branch_operator' retrieved from /home/airflow/.local/lib/python3.12/site-packages/airflow/example_dags/example_branch_operator.py
[2024-12-15T19:55:19.505+0000] {logging_mixin.py:190} INFO - [2024-12-15T19:55:19.505+0000] {dag.py:3239} INFO - Sync 1 DAGs
[2024-12-15T19:55:19.602+0000] {logging_mixin.py:190} INFO - [2024-12-15T19:55:19.602+0000] {dag.py:4180} INFO - Setting next_dagrun for example_branch_operator to 2024-12-14 00:00:00+00:00, run_after=2024-12-15 00:00:00+00:00
[2024-12-15T19:55:19.658+0000] {processor.py:208} INFO - Processing /home/airflow/.local/lib/python3.12/site-packages/airflow/example_dags/example_branch_operator.py took 0.305 seconds
[2024-12-15T19:56:02.114+0000] {processor.py:186} INFO - Started process (PID=604) to work on /home/airflow/.local/lib/python3.12/site-packages/airflow/example_dags/example_branch_operator.py
[2024-12-15T19:56:02.124+0000] {processor.py:914} INFO - Processing file /home/airflow/.local/lib/python3.12/site-packages/airflow/example_dags/example_branch_operator.py for tasks to queue
[2024-12-15T19:56:02.127+0000] {logging_mixin.py:190} INFO - [2024-12-15T19:56:02.127+0000] {dagbag.py:588} INFO - Filling up the DagBag from /home/airflow/.local/lib/python3.12/site-packages/airflow/example_dags/example_branch_operator.py
[2024-12-15T19:56:02.218+0000] {processor.py:925} INFO - DAG(s) 'example_branch_operator' retrieved from /home/airflow/.local/lib/python3.12/site-packages/airflow/example_dags/example_branch_operator.py
[2024-12-15T19:56:02.316+0000] {logging_mixin.py:190} INFO - [2024-12-15T19:56:02.316+0000] {dag.py:3239} INFO - Sync 1 DAGs
[2024-12-15T19:56:02.444+0000] {logging_mixin.py:190} INFO - [2024-12-15T19:56:02.444+0000] {dag.py:4180} INFO - Setting next_dagrun for example_branch_operator to 2024-12-14 00:00:00+00:00, run_after=2024-12-15 00:00:00+00:00
[2024-12-15T19:56:02.518+0000] {processor.py:208} INFO - Processing /home/airflow/.local/lib/python3.12/site-packages/airflow/example_dags/example_branch_operator.py took 0.424 seconds
[2024-12-15T19:59:36.184+0000] {processor.py:186} INFO - Started process (PID=74) to work on /home/airflow/.local/lib/python3.12/site-packages/airflow/example_dags/example_branch_operator.py
[2024-12-15T19:59:36.204+0000] {processor.py:914} INFO - Processing file /home/airflow/.local/lib/python3.12/site-packages/airflow/example_dags/example_branch_operator.py for tasks to queue
[2024-12-15T19:59:36.217+0000] {logging_mixin.py:190} INFO - [2024-12-15T19:59:36.214+0000] {dagbag.py:588} INFO - Filling up the DagBag from /home/airflow/.local/lib/python3.12/site-packages/airflow/example_dags/example_branch_operator.py
[2024-12-15T19:59:36.750+0000] {processor.py:925} INFO - DAG(s) 'example_branch_operator' retrieved from /home/airflow/.local/lib/python3.12/site-packages/airflow/example_dags/example_branch_operator.py
[2024-12-15T19:59:41.137+0000] {logging_mixin.py:190} INFO - [2024-12-15T19:59:41.137+0000] {dag.py:3239} INFO - Sync 1 DAGs
[2024-12-15T19:59:42.219+0000] {logging_mixin.py:190} INFO - [2024-12-15T19:59:42.205+0000] {dag.py:4180} INFO - Setting next_dagrun for example_branch_operator to 2024-12-14 00:00:00+00:00, run_after=2024-12-15 00:00:00+00:00
[2024-12-15T19:59:42.527+0000] {processor.py:208} INFO - Processing /home/airflow/.local/lib/python3.12/site-packages/airflow/example_dags/example_branch_operator.py took 6.381 seconds
[2024-12-15T20:01:34.322+0000] {processor.py:186} INFO - Started process (PID=157) to work on /home/airflow/.local/lib/python3.12/site-packages/airflow/example_dags/example_branch_operator.py
[2024-12-15T20:01:34.324+0000] {processor.py:914} INFO - Processing file /home/airflow/.local/lib/python3.12/site-packages/airflow/example_dags/example_branch_operator.py for tasks to queue
[2024-12-15T20:01:34.328+0000] {logging_mixin.py:190} INFO - [2024-12-15T20:01:34.327+0000] {dagbag.py:588} INFO - Filling up the DagBag from /home/airflow/.local/lib/python3.12/site-packages/airflow/example_dags/example_branch_operator.py
[2024-12-15T20:01:34.363+0000] {processor.py:925} INFO - DAG(s) 'example_branch_operator' retrieved from /home/airflow/.local/lib/python3.12/site-packages/airflow/example_dags/example_branch_operator.py
[2024-12-15T20:01:34.432+0000] {logging_mixin.py:190} INFO - [2024-12-15T20:01:34.431+0000] {dag.py:3239} INFO - Sync 1 DAGs
[2024-12-15T20:01:34.498+0000] {logging_mixin.py:190} INFO - [2024-12-15T20:01:34.497+0000] {dag.py:4180} INFO - Setting next_dagrun for example_branch_operator to 2024-12-14 00:00:00+00:00, run_after=2024-12-15 00:00:00+00:00
[2024-12-15T20:01:34.525+0000] {processor.py:208} INFO - Processing /home/airflow/.local/lib/python3.12/site-packages/airflow/example_dags/example_branch_operator.py took 0.213 seconds
[2024-12-15T20:02:04.892+0000] {processor.py:186} INFO - Started process (PID=222) to work on /home/airflow/.local/lib/python3.12/site-packages/airflow/example_dags/example_branch_operator.py
[2024-12-15T20:02:04.904+0000] {processor.py:914} INFO - Processing file /home/airflow/.local/lib/python3.12/site-packages/airflow/example_dags/example_branch_operator.py for tasks to queue
[2024-12-15T20:02:04.911+0000] {logging_mixin.py:190} INFO - [2024-12-15T20:02:04.910+0000] {dagbag.py:588} INFO - Filling up the DagBag from /home/airflow/.local/lib/python3.12/site-packages/airflow/example_dags/example_branch_operator.py
[2024-12-15T20:02:04.952+0000] {processor.py:925} INFO - DAG(s) 'example_branch_operator' retrieved from /home/airflow/.local/lib/python3.12/site-packages/airflow/example_dags/example_branch_operator.py
[2024-12-15T20:02:05.015+0000] {logging_mixin.py:190} INFO - [2024-12-15T20:02:05.014+0000] {dag.py:3239} INFO - Sync 1 DAGs
[2024-12-15T20:02:05.066+0000] {logging_mixin.py:190} INFO - [2024-12-15T20:02:05.066+0000] {dag.py:4180} INFO - Setting next_dagrun for example_branch_operator to 2024-12-14 00:00:00+00:00, run_after=2024-12-15 00:00:00+00:00
[2024-12-15T20:02:05.097+0000] {processor.py:208} INFO - Processing /home/airflow/.local/lib/python3.12/site-packages/airflow/example_dags/example_branch_operator.py took 0.221 seconds
[2024-12-15T20:03:02.461+0000] {processor.py:186} INFO - Started process (PID=300) to work on /home/airflow/.local/lib/python3.12/site-packages/airflow/example_dags/example_branch_operator.py
[2024-12-15T20:03:02.463+0000] {processor.py:914} INFO - Processing file /home/airflow/.local/lib/python3.12/site-packages/airflow/example_dags/example_branch_operator.py for tasks to queue
[2024-12-15T20:03:02.474+0000] {logging_mixin.py:190} INFO - [2024-12-15T20:03:02.470+0000] {dagbag.py:588} INFO - Filling up the DagBag from /home/airflow/.local/lib/python3.12/site-packages/airflow/example_dags/example_branch_operator.py
[2024-12-15T20:03:02.570+0000] {processor.py:925} INFO - DAG(s) 'example_branch_operator' retrieved from /home/airflow/.local/lib/python3.12/site-packages/airflow/example_dags/example_branch_operator.py
[2024-12-15T20:03:02.650+0000] {logging_mixin.py:190} INFO - [2024-12-15T20:03:02.650+0000] {dag.py:3239} INFO - Sync 1 DAGs
[2024-12-15T20:03:02.727+0000] {logging_mixin.py:190} INFO - [2024-12-15T20:03:02.727+0000] {dag.py:4180} INFO - Setting next_dagrun for example_branch_operator to 2024-12-14 00:00:00+00:00, run_after=2024-12-15 00:00:00+00:00
[2024-12-15T20:03:02.776+0000] {processor.py:208} INFO - Processing /home/airflow/.local/lib/python3.12/site-packages/airflow/example_dags/example_branch_operator.py took 0.345 seconds
[2024-12-15T20:03:33.097+0000] {processor.py:186} INFO - Started process (PID=364) to work on /home/airflow/.local/lib/python3.12/site-packages/airflow/example_dags/example_branch_operator.py
[2024-12-15T20:03:33.099+0000] {processor.py:914} INFO - Processing file /home/airflow/.local/lib/python3.12/site-packages/airflow/example_dags/example_branch_operator.py for tasks to queue
[2024-12-15T20:03:33.105+0000] {logging_mixin.py:190} INFO - [2024-12-15T20:03:33.104+0000] {dagbag.py:588} INFO - Filling up the DagBag from /home/airflow/.local/lib/python3.12/site-packages/airflow/example_dags/example_branch_operator.py
[2024-12-15T20:03:33.132+0000] {processor.py:925} INFO - DAG(s) 'example_branch_operator' retrieved from /home/airflow/.local/lib/python3.12/site-packages/airflow/example_dags/example_branch_operator.py
[2024-12-15T20:03:33.179+0000] {logging_mixin.py:190} INFO - [2024-12-15T20:03:33.179+0000] {dag.py:3239} INFO - Sync 1 DAGs
[2024-12-15T20:03:33.222+0000] {logging_mixin.py:190} INFO - [2024-12-15T20:03:33.222+0000] {dag.py:4180} INFO - Setting next_dagrun for example_branch_operator to 2024-12-14 00:00:00+00:00, run_after=2024-12-15 00:00:00+00:00
[2024-12-15T20:03:33.265+0000] {processor.py:208} INFO - Processing /home/airflow/.local/lib/python3.12/site-packages/airflow/example_dags/example_branch_operator.py took 0.178 seconds
[2024-12-15T20:04:03.793+0000] {processor.py:186} INFO - Started process (PID=433) to work on /home/airflow/.local/lib/python3.12/site-packages/airflow/example_dags/example_branch_operator.py
[2024-12-15T20:04:03.795+0000] {processor.py:914} INFO - Processing file /home/airflow/.local/lib/python3.12/site-packages/airflow/example_dags/example_branch_operator.py for tasks to queue
[2024-12-15T20:04:03.800+0000] {logging_mixin.py:190} INFO - [2024-12-15T20:04:03.800+0000] {dagbag.py:588} INFO - Filling up the DagBag from /home/airflow/.local/lib/python3.12/site-packages/airflow/example_dags/example_branch_operator.py
[2024-12-15T20:04:03.850+0000] {processor.py:925} INFO - DAG(s) 'example_branch_operator' retrieved from /home/airflow/.local/lib/python3.12/site-packages/airflow/example_dags/example_branch_operator.py
[2024-12-15T20:04:03.903+0000] {logging_mixin.py:190} INFO - [2024-12-15T20:04:03.902+0000] {dag.py:3239} INFO - Sync 1 DAGs
[2024-12-15T20:04:03.953+0000] {logging_mixin.py:190} INFO - [2024-12-15T20:04:03.952+0000] {dag.py:4180} INFO - Setting next_dagrun for example_branch_operator to 2024-12-14 00:00:00+00:00, run_after=2024-12-15 00:00:00+00:00
[2024-12-15T20:04:04.041+0000] {processor.py:208} INFO - Processing /home/airflow/.local/lib/python3.12/site-packages/airflow/example_dags/example_branch_operator.py took 0.260 seconds
[2024-12-15T20:04:41.524+0000] {processor.py:186} INFO - Started process (PID=498) to work on /home/airflow/.local/lib/python3.12/site-packages/airflow/example_dags/example_branch_operator.py
[2024-12-15T20:04:41.526+0000] {processor.py:914} INFO - Processing file /home/airflow/.local/lib/python3.12/site-packages/airflow/example_dags/example_branch_operator.py for tasks to queue
[2024-12-15T20:04:41.533+0000] {logging_mixin.py:190} INFO - [2024-12-15T20:04:41.532+0000] {dagbag.py:588} INFO - Filling up the DagBag from /home/airflow/.local/lib/python3.12/site-packages/airflow/example_dags/example_branch_operator.py
[2024-12-15T20:04:41.605+0000] {processor.py:925} INFO - DAG(s) 'example_branch_operator' retrieved from /home/airflow/.local/lib/python3.12/site-packages/airflow/example_dags/example_branch_operator.py
[2024-12-15T20:04:41.695+0000] {logging_mixin.py:190} INFO - [2024-12-15T20:04:41.695+0000] {dag.py:3239} INFO - Sync 1 DAGs
[2024-12-15T20:04:41.780+0000] {logging_mixin.py:190} INFO - [2024-12-15T20:04:41.780+0000] {dag.py:4180} INFO - Setting next_dagrun for example_branch_operator to 2024-12-14 00:00:00+00:00, run_after=2024-12-15 00:00:00+00:00
[2024-12-15T20:04:41.889+0000] {processor.py:208} INFO - Processing /home/airflow/.local/lib/python3.12/site-packages/airflow/example_dags/example_branch_operator.py took 0.393 seconds
[2024-12-15T20:06:04.868+0000] {processor.py:186} INFO - Started process (PID=579) to work on /home/airflow/.local/lib/python3.12/site-packages/airflow/example_dags/example_branch_operator.py
[2024-12-15T20:06:04.871+0000] {processor.py:914} INFO - Processing file /home/airflow/.local/lib/python3.12/site-packages/airflow/example_dags/example_branch_operator.py for tasks to queue
[2024-12-15T20:06:04.878+0000] {logging_mixin.py:190} INFO - [2024-12-15T20:06:04.877+0000] {dagbag.py:588} INFO - Filling up the DagBag from /home/airflow/.local/lib/python3.12/site-packages/airflow/example_dags/example_branch_operator.py
[2024-12-15T20:06:04.951+0000] {processor.py:925} INFO - DAG(s) 'example_branch_operator' retrieved from /home/airflow/.local/lib/python3.12/site-packages/airflow/example_dags/example_branch_operator.py
[2024-12-15T20:06:05.053+0000] {logging_mixin.py:190} INFO - [2024-12-15T20:06:05.052+0000] {dag.py:3239} INFO - Sync 1 DAGs
[2024-12-15T20:06:05.096+0000] {logging_mixin.py:190} INFO - [2024-12-15T20:06:05.095+0000] {dag.py:4180} INFO - Setting next_dagrun for example_branch_operator to 2024-12-14 00:00:00+00:00, run_after=2024-12-15 00:00:00+00:00
[2024-12-15T20:06:05.178+0000] {processor.py:208} INFO - Processing /home/airflow/.local/lib/python3.12/site-packages/airflow/example_dags/example_branch_operator.py took 0.357 seconds
[2024-12-15T20:06:35.310+0000] {processor.py:186} INFO - Started process (PID=645) to work on /home/airflow/.local/lib/python3.12/site-packages/airflow/example_dags/example_branch_operator.py
[2024-12-15T20:06:35.314+0000] {processor.py:914} INFO - Processing file /home/airflow/.local/lib/python3.12/site-packages/airflow/example_dags/example_branch_operator.py for tasks to queue
[2024-12-15T20:06:35.317+0000] {logging_mixin.py:190} INFO - [2024-12-15T20:06:35.317+0000] {dagbag.py:588} INFO - Filling up the DagBag from /home/airflow/.local/lib/python3.12/site-packages/airflow/example_dags/example_branch_operator.py
[2024-12-15T20:06:35.348+0000] {processor.py:925} INFO - DAG(s) 'example_branch_operator' retrieved from /home/airflow/.local/lib/python3.12/site-packages/airflow/example_dags/example_branch_operator.py
[2024-12-15T20:06:35.390+0000] {logging_mixin.py:190} INFO - [2024-12-15T20:06:35.390+0000] {dag.py:3239} INFO - Sync 1 DAGs
[2024-12-15T20:06:35.419+0000] {logging_mixin.py:190} INFO - [2024-12-15T20:06:35.418+0000] {dag.py:4180} INFO - Setting next_dagrun for example_branch_operator to 2024-12-14 00:00:00+00:00, run_after=2024-12-15 00:00:00+00:00
[2024-12-15T20:06:35.441+0000] {processor.py:208} INFO - Processing /home/airflow/.local/lib/python3.12/site-packages/airflow/example_dags/example_branch_operator.py took 0.144 seconds
[2024-12-15T20:07:09.072+0000] {processor.py:186} INFO - Started process (PID=711) to work on /home/airflow/.local/lib/python3.12/site-packages/airflow/example_dags/example_branch_operator.py
[2024-12-15T20:07:09.075+0000] {processor.py:914} INFO - Processing file /home/airflow/.local/lib/python3.12/site-packages/airflow/example_dags/example_branch_operator.py for tasks to queue
[2024-12-15T20:07:09.081+0000] {logging_mixin.py:190} INFO - [2024-12-15T20:07:09.081+0000] {dagbag.py:588} INFO - Filling up the DagBag from /home/airflow/.local/lib/python3.12/site-packages/airflow/example_dags/example_branch_operator.py
[2024-12-15T20:07:09.120+0000] {processor.py:925} INFO - DAG(s) 'example_branch_operator' retrieved from /home/airflow/.local/lib/python3.12/site-packages/airflow/example_dags/example_branch_operator.py
[2024-12-15T20:07:09.198+0000] {logging_mixin.py:190} INFO - [2024-12-15T20:07:09.197+0000] {dag.py:3239} INFO - Sync 1 DAGs
[2024-12-15T20:07:09.249+0000] {logging_mixin.py:190} INFO - [2024-12-15T20:07:09.248+0000] {dag.py:4180} INFO - Setting next_dagrun for example_branch_operator to 2024-12-14 00:00:00+00:00, run_after=2024-12-15 00:00:00+00:00
[2024-12-15T20:07:09.289+0000] {processor.py:208} INFO - Processing /home/airflow/.local/lib/python3.12/site-packages/airflow/example_dags/example_branch_operator.py took 0.230 seconds
[2024-12-15T20:16:30.596+0000] {processor.py:186} INFO - Started process (PID=75) to work on /home/airflow/.local/lib/python3.12/site-packages/airflow/example_dags/example_branch_operator.py
[2024-12-15T20:16:30.604+0000] {processor.py:914} INFO - Processing file /home/airflow/.local/lib/python3.12/site-packages/airflow/example_dags/example_branch_operator.py for tasks to queue
[2024-12-15T20:16:30.610+0000] {logging_mixin.py:190} INFO - [2024-12-15T20:16:30.609+0000] {dagbag.py:588} INFO - Filling up the DagBag from /home/airflow/.local/lib/python3.12/site-packages/airflow/example_dags/example_branch_operator.py
[2024-12-15T20:16:30.730+0000] {processor.py:925} INFO - DAG(s) 'example_branch_operator' retrieved from /home/airflow/.local/lib/python3.12/site-packages/airflow/example_dags/example_branch_operator.py
[2024-12-15T20:16:31.167+0000] {logging_mixin.py:190} INFO - [2024-12-15T20:16:31.166+0000] {dag.py:3239} INFO - Sync 1 DAGs
[2024-12-15T20:16:31.225+0000] {logging_mixin.py:190} INFO - [2024-12-15T20:16:31.224+0000] {dag.py:4180} INFO - Setting next_dagrun for example_branch_operator to 2024-12-14 00:00:00+00:00, run_after=2024-12-15 00:00:00+00:00
[2024-12-15T20:16:31.269+0000] {processor.py:208} INFO - Processing /home/airflow/.local/lib/python3.12/site-packages/airflow/example_dags/example_branch_operator.py took 0.693 seconds
[2024-12-15T20:17:02.855+0000] {processor.py:186} INFO - Started process (PID=139) to work on /home/airflow/.local/lib/python3.12/site-packages/airflow/example_dags/example_branch_operator.py
[2024-12-15T20:17:02.858+0000] {processor.py:914} INFO - Processing file /home/airflow/.local/lib/python3.12/site-packages/airflow/example_dags/example_branch_operator.py for tasks to queue
[2024-12-15T20:17:02.867+0000] {logging_mixin.py:190} INFO - [2024-12-15T20:17:02.866+0000] {dagbag.py:588} INFO - Filling up the DagBag from /home/airflow/.local/lib/python3.12/site-packages/airflow/example_dags/example_branch_operator.py
[2024-12-15T20:17:02.933+0000] {processor.py:925} INFO - DAG(s) 'example_branch_operator' retrieved from /home/airflow/.local/lib/python3.12/site-packages/airflow/example_dags/example_branch_operator.py
[2024-12-15T20:17:03.048+0000] {logging_mixin.py:190} INFO - [2024-12-15T20:17:03.047+0000] {dag.py:3239} INFO - Sync 1 DAGs
[2024-12-15T20:17:03.153+0000] {logging_mixin.py:190} INFO - [2024-12-15T20:17:03.152+0000] {dag.py:4180} INFO - Setting next_dagrun for example_branch_operator to 2024-12-14 00:00:00+00:00, run_after=2024-12-15 00:00:00+00:00
[2024-12-15T20:17:03.185+0000] {processor.py:208} INFO - Processing /home/airflow/.local/lib/python3.12/site-packages/airflow/example_dags/example_branch_operator.py took 0.344 seconds
[2024-12-15T20:17:34.513+0000] {processor.py:186} INFO - Started process (PID=203) to work on /home/airflow/.local/lib/python3.12/site-packages/airflow/example_dags/example_branch_operator.py
[2024-12-15T20:17:34.516+0000] {processor.py:914} INFO - Processing file /home/airflow/.local/lib/python3.12/site-packages/airflow/example_dags/example_branch_operator.py for tasks to queue
[2024-12-15T20:17:34.526+0000] {logging_mixin.py:190} INFO - [2024-12-15T20:17:34.524+0000] {dagbag.py:588} INFO - Filling up the DagBag from /home/airflow/.local/lib/python3.12/site-packages/airflow/example_dags/example_branch_operator.py
[2024-12-15T20:17:34.672+0000] {processor.py:925} INFO - DAG(s) 'example_branch_operator' retrieved from /home/airflow/.local/lib/python3.12/site-packages/airflow/example_dags/example_branch_operator.py
[2024-12-15T20:17:34.769+0000] {logging_mixin.py:190} INFO - [2024-12-15T20:17:34.769+0000] {dag.py:3239} INFO - Sync 1 DAGs
[2024-12-15T20:17:34.827+0000] {logging_mixin.py:190} INFO - [2024-12-15T20:17:34.824+0000] {dag.py:4180} INFO - Setting next_dagrun for example_branch_operator to 2024-12-14 00:00:00+00:00, run_after=2024-12-15 00:00:00+00:00
[2024-12-15T20:17:34.878+0000] {processor.py:208} INFO - Processing /home/airflow/.local/lib/python3.12/site-packages/airflow/example_dags/example_branch_operator.py took 0.390 seconds
[2024-12-15T20:18:07.250+0000] {processor.py:186} INFO - Started process (PID=266) to work on /home/airflow/.local/lib/python3.12/site-packages/airflow/example_dags/example_branch_operator.py
[2024-12-15T20:18:07.259+0000] {processor.py:914} INFO - Processing file /home/airflow/.local/lib/python3.12/site-packages/airflow/example_dags/example_branch_operator.py for tasks to queue
[2024-12-15T20:18:07.263+0000] {logging_mixin.py:190} INFO - [2024-12-15T20:18:07.263+0000] {dagbag.py:588} INFO - Filling up the DagBag from /home/airflow/.local/lib/python3.12/site-packages/airflow/example_dags/example_branch_operator.py
[2024-12-15T20:18:07.404+0000] {processor.py:925} INFO - DAG(s) 'example_branch_operator' retrieved from /home/airflow/.local/lib/python3.12/site-packages/airflow/example_dags/example_branch_operator.py
[2024-12-15T20:18:07.502+0000] {logging_mixin.py:190} INFO - [2024-12-15T20:18:07.502+0000] {dag.py:3239} INFO - Sync 1 DAGs
[2024-12-15T20:18:07.640+0000] {logging_mixin.py:190} INFO - [2024-12-15T20:18:07.640+0000] {dag.py:4180} INFO - Setting next_dagrun for example_branch_operator to 2024-12-14 00:00:00+00:00, run_after=2024-12-15 00:00:00+00:00
[2024-12-15T20:18:07.764+0000] {processor.py:208} INFO - Processing /home/airflow/.local/lib/python3.12/site-packages/airflow/example_dags/example_branch_operator.py took 0.552 seconds
[2024-12-15T20:18:42.143+0000] {processor.py:186} INFO - Started process (PID=330) to work on /home/airflow/.local/lib/python3.12/site-packages/airflow/example_dags/example_branch_operator.py
[2024-12-15T20:18:42.145+0000] {processor.py:914} INFO - Processing file /home/airflow/.local/lib/python3.12/site-packages/airflow/example_dags/example_branch_operator.py for tasks to queue
[2024-12-15T20:18:42.149+0000] {logging_mixin.py:190} INFO - [2024-12-15T20:18:42.148+0000] {dagbag.py:588} INFO - Filling up the DagBag from /home/airflow/.local/lib/python3.12/site-packages/airflow/example_dags/example_branch_operator.py
[2024-12-15T20:18:42.385+0000] {processor.py:925} INFO - DAG(s) 'example_branch_operator' retrieved from /home/airflow/.local/lib/python3.12/site-packages/airflow/example_dags/example_branch_operator.py
[2024-12-15T20:18:42.510+0000] {logging_mixin.py:190} INFO - [2024-12-15T20:18:42.510+0000] {dag.py:3239} INFO - Sync 1 DAGs
[2024-12-15T20:18:42.605+0000] {logging_mixin.py:190} INFO - [2024-12-15T20:18:42.605+0000] {dag.py:4180} INFO - Setting next_dagrun for example_branch_operator to 2024-12-14 00:00:00+00:00, run_after=2024-12-15 00:00:00+00:00
[2024-12-15T20:18:42.638+0000] {processor.py:208} INFO - Processing /home/airflow/.local/lib/python3.12/site-packages/airflow/example_dags/example_branch_operator.py took 0.522 seconds
[2024-12-15T20:19:13.737+0000] {processor.py:186} INFO - Started process (PID=394) to work on /home/airflow/.local/lib/python3.12/site-packages/airflow/example_dags/example_branch_operator.py
[2024-12-15T20:19:13.757+0000] {processor.py:914} INFO - Processing file /home/airflow/.local/lib/python3.12/site-packages/airflow/example_dags/example_branch_operator.py for tasks to queue
[2024-12-15T20:19:13.776+0000] {logging_mixin.py:190} INFO - [2024-12-15T20:19:13.775+0000] {dagbag.py:588} INFO - Filling up the DagBag from /home/airflow/.local/lib/python3.12/site-packages/airflow/example_dags/example_branch_operator.py
[2024-12-15T20:19:13.921+0000] {processor.py:925} INFO - DAG(s) 'example_branch_operator' retrieved from /home/airflow/.local/lib/python3.12/site-packages/airflow/example_dags/example_branch_operator.py
[2024-12-15T20:19:14.107+0000] {logging_mixin.py:190} INFO - [2024-12-15T20:19:14.107+0000] {dag.py:3239} INFO - Sync 1 DAGs
[2024-12-15T20:19:14.267+0000] {logging_mixin.py:190} INFO - [2024-12-15T20:19:14.266+0000] {dag.py:4180} INFO - Setting next_dagrun for example_branch_operator to 2024-12-14 00:00:00+00:00, run_after=2024-12-15 00:00:00+00:00
[2024-12-15T20:19:14.400+0000] {processor.py:208} INFO - Processing /home/airflow/.local/lib/python3.12/site-packages/airflow/example_dags/example_branch_operator.py took 0.734 seconds
[2024-12-15T20:20:58.861+0000] {processor.py:186} INFO - Started process (PID=453) to work on /home/airflow/.local/lib/python3.12/site-packages/airflow/example_dags/example_branch_operator.py
[2024-12-15T20:20:58.881+0000] {processor.py:914} INFO - Processing file /home/airflow/.local/lib/python3.12/site-packages/airflow/example_dags/example_branch_operator.py for tasks to queue
[2024-12-15T20:20:58.947+0000] {logging_mixin.py:190} INFO - [2024-12-15T20:20:58.945+0000] {dagbag.py:588} INFO - Filling up the DagBag from /home/airflow/.local/lib/python3.12/site-packages/airflow/example_dags/example_branch_operator.py
[2024-12-15T20:20:59.127+0000] {processor.py:925} INFO - DAG(s) 'example_branch_operator' retrieved from /home/airflow/.local/lib/python3.12/site-packages/airflow/example_dags/example_branch_operator.py
[2024-12-15T20:20:59.222+0000] {logging_mixin.py:190} INFO - [2024-12-15T20:20:59.222+0000] {dag.py:3239} INFO - Sync 1 DAGs
[2024-12-15T20:20:59.493+0000] {logging_mixin.py:190} INFO - [2024-12-15T20:20:59.485+0000] {dag.py:4180} INFO - Setting next_dagrun for example_branch_operator to 2024-12-14 00:00:00+00:00, run_after=2024-12-15 00:00:00+00:00
[2024-12-15T20:20:59.596+0000] {processor.py:208} INFO - Processing /home/airflow/.local/lib/python3.12/site-packages/airflow/example_dags/example_branch_operator.py took 0.900 seconds
[2024-12-15T20:21:30.100+0000] {processor.py:186} INFO - Started process (PID=516) to work on /home/airflow/.local/lib/python3.12/site-packages/airflow/example_dags/example_branch_operator.py
[2024-12-15T20:21:30.102+0000] {processor.py:914} INFO - Processing file /home/airflow/.local/lib/python3.12/site-packages/airflow/example_dags/example_branch_operator.py for tasks to queue
[2024-12-15T20:21:30.105+0000] {logging_mixin.py:190} INFO - [2024-12-15T20:21:30.104+0000] {dagbag.py:588} INFO - Filling up the DagBag from /home/airflow/.local/lib/python3.12/site-packages/airflow/example_dags/example_branch_operator.py
[2024-12-15T20:21:30.136+0000] {processor.py:925} INFO - DAG(s) 'example_branch_operator' retrieved from /home/airflow/.local/lib/python3.12/site-packages/airflow/example_dags/example_branch_operator.py
[2024-12-15T20:21:30.173+0000] {logging_mixin.py:190} INFO - [2024-12-15T20:21:30.173+0000] {dag.py:3239} INFO - Sync 1 DAGs
[2024-12-15T20:21:30.206+0000] {logging_mixin.py:190} INFO - [2024-12-15T20:21:30.206+0000] {dag.py:4180} INFO - Setting next_dagrun for example_branch_operator to 2024-12-14 00:00:00+00:00, run_after=2024-12-15 00:00:00+00:00
[2024-12-15T20:21:30.230+0000] {processor.py:208} INFO - Processing /home/airflow/.local/lib/python3.12/site-packages/airflow/example_dags/example_branch_operator.py took 0.140 seconds
[2024-12-15T20:22:00.851+0000] {processor.py:186} INFO - Started process (PID=582) to work on /home/airflow/.local/lib/python3.12/site-packages/airflow/example_dags/example_branch_operator.py
[2024-12-15T20:22:00.885+0000] {processor.py:914} INFO - Processing file /home/airflow/.local/lib/python3.12/site-packages/airflow/example_dags/example_branch_operator.py for tasks to queue
[2024-12-15T20:22:00.888+0000] {logging_mixin.py:190} INFO - [2024-12-15T20:22:00.888+0000] {dagbag.py:588} INFO - Filling up the DagBag from /home/airflow/.local/lib/python3.12/site-packages/airflow/example_dags/example_branch_operator.py
[2024-12-15T20:22:00.925+0000] {processor.py:925} INFO - DAG(s) 'example_branch_operator' retrieved from /home/airflow/.local/lib/python3.12/site-packages/airflow/example_dags/example_branch_operator.py
[2024-12-15T20:22:00.969+0000] {logging_mixin.py:190} INFO - [2024-12-15T20:22:00.968+0000] {dag.py:3239} INFO - Sync 1 DAGs
[2024-12-15T20:22:01.007+0000] {logging_mixin.py:190} INFO - [2024-12-15T20:22:01.006+0000] {dag.py:4180} INFO - Setting next_dagrun for example_branch_operator to 2024-12-14 00:00:00+00:00, run_after=2024-12-15 00:00:00+00:00
[2024-12-15T20:22:01.040+0000] {processor.py:208} INFO - Processing /home/airflow/.local/lib/python3.12/site-packages/airflow/example_dags/example_branch_operator.py took 0.198 seconds
[2024-12-15T20:22:31.344+0000] {processor.py:186} INFO - Started process (PID=647) to work on /home/airflow/.local/lib/python3.12/site-packages/airflow/example_dags/example_branch_operator.py
[2024-12-15T20:22:31.346+0000] {processor.py:914} INFO - Processing file /home/airflow/.local/lib/python3.12/site-packages/airflow/example_dags/example_branch_operator.py for tasks to queue
[2024-12-15T20:22:31.357+0000] {logging_mixin.py:190} INFO - [2024-12-15T20:22:31.356+0000] {dagbag.py:588} INFO - Filling up the DagBag from /home/airflow/.local/lib/python3.12/site-packages/airflow/example_dags/example_branch_operator.py
[2024-12-15T20:22:31.436+0000] {processor.py:925} INFO - DAG(s) 'example_branch_operator' retrieved from /home/airflow/.local/lib/python3.12/site-packages/airflow/example_dags/example_branch_operator.py
[2024-12-15T20:22:31.489+0000] {logging_mixin.py:190} INFO - [2024-12-15T20:22:31.489+0000] {dag.py:3239} INFO - Sync 1 DAGs
[2024-12-15T20:22:31.530+0000] {logging_mixin.py:190} INFO - [2024-12-15T20:22:31.529+0000] {dag.py:4180} INFO - Setting next_dagrun for example_branch_operator to 2024-12-14 00:00:00+00:00, run_after=2024-12-15 00:00:00+00:00
[2024-12-15T20:22:31.569+0000] {processor.py:208} INFO - Processing /home/airflow/.local/lib/python3.12/site-packages/airflow/example_dags/example_branch_operator.py took 0.254 seconds
[2024-12-15T20:23:01.666+0000] {processor.py:186} INFO - Started process (PID=713) to work on /home/airflow/.local/lib/python3.12/site-packages/airflow/example_dags/example_branch_operator.py
[2024-12-15T20:23:01.672+0000] {processor.py:914} INFO - Processing file /home/airflow/.local/lib/python3.12/site-packages/airflow/example_dags/example_branch_operator.py for tasks to queue
[2024-12-15T20:23:01.674+0000] {logging_mixin.py:190} INFO - [2024-12-15T20:23:01.673+0000] {dagbag.py:588} INFO - Filling up the DagBag from /home/airflow/.local/lib/python3.12/site-packages/airflow/example_dags/example_branch_operator.py
[2024-12-15T20:23:01.697+0000] {processor.py:925} INFO - DAG(s) 'example_branch_operator' retrieved from /home/airflow/.local/lib/python3.12/site-packages/airflow/example_dags/example_branch_operator.py
[2024-12-15T20:23:01.731+0000] {logging_mixin.py:190} INFO - [2024-12-15T20:23:01.731+0000] {dag.py:3239} INFO - Sync 1 DAGs
[2024-12-15T20:23:01.762+0000] {logging_mixin.py:190} INFO - [2024-12-15T20:23:01.761+0000] {dag.py:4180} INFO - Setting next_dagrun for example_branch_operator to 2024-12-14 00:00:00+00:00, run_after=2024-12-15 00:00:00+00:00
[2024-12-15T20:23:01.786+0000] {processor.py:208} INFO - Processing /home/airflow/.local/lib/python3.12/site-packages/airflow/example_dags/example_branch_operator.py took 0.128 seconds
[2024-12-15T20:23:32.302+0000] {processor.py:186} INFO - Started process (PID=778) to work on /home/airflow/.local/lib/python3.12/site-packages/airflow/example_dags/example_branch_operator.py
[2024-12-15T20:23:32.307+0000] {processor.py:914} INFO - Processing file /home/airflow/.local/lib/python3.12/site-packages/airflow/example_dags/example_branch_operator.py for tasks to queue
[2024-12-15T20:23:32.311+0000] {logging_mixin.py:190} INFO - [2024-12-15T20:23:32.311+0000] {dagbag.py:588} INFO - Filling up the DagBag from /home/airflow/.local/lib/python3.12/site-packages/airflow/example_dags/example_branch_operator.py
[2024-12-15T20:23:32.430+0000] {processor.py:925} INFO - DAG(s) 'example_branch_operator' retrieved from /home/airflow/.local/lib/python3.12/site-packages/airflow/example_dags/example_branch_operator.py
[2024-12-15T20:23:32.493+0000] {logging_mixin.py:190} INFO - [2024-12-15T20:23:32.493+0000] {dag.py:3239} INFO - Sync 1 DAGs
[2024-12-15T20:23:32.534+0000] {logging_mixin.py:190} INFO - [2024-12-15T20:23:32.534+0000] {dag.py:4180} INFO - Setting next_dagrun for example_branch_operator to 2024-12-14 00:00:00+00:00, run_after=2024-12-15 00:00:00+00:00
[2024-12-15T20:23:32.561+0000] {processor.py:208} INFO - Processing /home/airflow/.local/lib/python3.12/site-packages/airflow/example_dags/example_branch_operator.py took 0.277 seconds
[2024-12-15T20:29:08.348+0000] {processor.py:186} INFO - Started process (PID=874) to work on /home/airflow/.local/lib/python3.12/site-packages/airflow/example_dags/example_branch_operator.py
[2024-12-15T20:29:08.401+0000] {processor.py:914} INFO - Processing file /home/airflow/.local/lib/python3.12/site-packages/airflow/example_dags/example_branch_operator.py for tasks to queue
[2024-12-15T20:29:08.438+0000] {logging_mixin.py:190} INFO - [2024-12-15T20:29:08.437+0000] {dagbag.py:588} INFO - Filling up the DagBag from /home/airflow/.local/lib/python3.12/site-packages/airflow/example_dags/example_branch_operator.py
[2024-12-15T20:29:08.696+0000] {processor.py:925} INFO - DAG(s) 'example_branch_operator' retrieved from /home/airflow/.local/lib/python3.12/site-packages/airflow/example_dags/example_branch_operator.py
[2024-12-15T20:29:09.083+0000] {logging_mixin.py:190} INFO - [2024-12-15T20:29:09.082+0000] {dag.py:3239} INFO - Sync 1 DAGs
[2024-12-15T20:29:09.384+0000] {logging_mixin.py:190} INFO - [2024-12-15T20:29:09.383+0000] {dag.py:4180} INFO - Setting next_dagrun for example_branch_operator to 2024-12-14 00:00:00+00:00, run_after=2024-12-15 00:00:00+00:00
[2024-12-15T20:29:09.608+0000] {processor.py:208} INFO - Processing /home/airflow/.local/lib/python3.12/site-packages/airflow/example_dags/example_branch_operator.py took 1.440 seconds
[2024-12-15T20:30:24.245+0000] {processor.py:186} INFO - Started process (PID=949) to work on /home/airflow/.local/lib/python3.12/site-packages/airflow/example_dags/example_branch_operator.py
[2024-12-15T20:30:24.255+0000] {processor.py:914} INFO - Processing file /home/airflow/.local/lib/python3.12/site-packages/airflow/example_dags/example_branch_operator.py for tasks to queue
[2024-12-15T20:30:24.268+0000] {logging_mixin.py:190} INFO - [2024-12-15T20:30:24.264+0000] {dagbag.py:588} INFO - Filling up the DagBag from /home/airflow/.local/lib/python3.12/site-packages/airflow/example_dags/example_branch_operator.py
[2024-12-15T20:30:24.365+0000] {processor.py:925} INFO - DAG(s) 'example_branch_operator' retrieved from /home/airflow/.local/lib/python3.12/site-packages/airflow/example_dags/example_branch_operator.py
[2024-12-15T20:30:24.507+0000] {logging_mixin.py:190} INFO - [2024-12-15T20:30:24.507+0000] {dag.py:3239} INFO - Sync 1 DAGs
[2024-12-15T20:30:24.650+0000] {logging_mixin.py:190} INFO - [2024-12-15T20:30:24.647+0000] {dag.py:4180} INFO - Setting next_dagrun for example_branch_operator to 2024-12-14 00:00:00+00:00, run_after=2024-12-15 00:00:00+00:00
[2024-12-15T20:30:24.707+0000] {processor.py:208} INFO - Processing /home/airflow/.local/lib/python3.12/site-packages/airflow/example_dags/example_branch_operator.py took 0.493 seconds
[2024-12-15T20:30:56.579+0000] {processor.py:186} INFO - Started process (PID=1015) to work on /home/airflow/.local/lib/python3.12/site-packages/airflow/example_dags/example_branch_operator.py
[2024-12-15T20:30:56.582+0000] {processor.py:914} INFO - Processing file /home/airflow/.local/lib/python3.12/site-packages/airflow/example_dags/example_branch_operator.py for tasks to queue
[2024-12-15T20:30:56.584+0000] {logging_mixin.py:190} INFO - [2024-12-15T20:30:56.584+0000] {dagbag.py:588} INFO - Filling up the DagBag from /home/airflow/.local/lib/python3.12/site-packages/airflow/example_dags/example_branch_operator.py
[2024-12-15T20:30:56.688+0000] {processor.py:925} INFO - DAG(s) 'example_branch_operator' retrieved from /home/airflow/.local/lib/python3.12/site-packages/airflow/example_dags/example_branch_operator.py
[2024-12-15T20:30:56.853+0000] {logging_mixin.py:190} INFO - [2024-12-15T20:30:56.850+0000] {dag.py:3239} INFO - Sync 1 DAGs
[2024-12-15T20:30:57.077+0000] {logging_mixin.py:190} INFO - [2024-12-15T20:30:57.076+0000] {dag.py:4180} INFO - Setting next_dagrun for example_branch_operator to 2024-12-14 00:00:00+00:00, run_after=2024-12-15 00:00:00+00:00
[2024-12-15T20:30:57.233+0000] {processor.py:208} INFO - Processing /home/airflow/.local/lib/python3.12/site-packages/airflow/example_dags/example_branch_operator.py took 0.689 seconds
[2024-12-15T20:31:27.732+0000] {processor.py:186} INFO - Started process (PID=1079) to work on /home/airflow/.local/lib/python3.12/site-packages/airflow/example_dags/example_branch_operator.py
[2024-12-15T20:31:27.740+0000] {processor.py:914} INFO - Processing file /home/airflow/.local/lib/python3.12/site-packages/airflow/example_dags/example_branch_operator.py for tasks to queue
[2024-12-15T20:31:27.748+0000] {logging_mixin.py:190} INFO - [2024-12-15T20:31:27.746+0000] {dagbag.py:588} INFO - Filling up the DagBag from /home/airflow/.local/lib/python3.12/site-packages/airflow/example_dags/example_branch_operator.py
[2024-12-15T20:31:27.801+0000] {processor.py:925} INFO - DAG(s) 'example_branch_operator' retrieved from /home/airflow/.local/lib/python3.12/site-packages/airflow/example_dags/example_branch_operator.py
[2024-12-15T20:31:27.904+0000] {logging_mixin.py:190} INFO - [2024-12-15T20:31:27.904+0000] {dag.py:3239} INFO - Sync 1 DAGs
[2024-12-15T20:31:27.955+0000] {logging_mixin.py:190} INFO - [2024-12-15T20:31:27.955+0000] {dag.py:4180} INFO - Setting next_dagrun for example_branch_operator to 2024-12-14 00:00:00+00:00, run_after=2024-12-15 00:00:00+00:00
[2024-12-15T20:31:28.004+0000] {processor.py:208} INFO - Processing /home/airflow/.local/lib/python3.12/site-packages/airflow/example_dags/example_branch_operator.py took 0.298 seconds
[2024-12-15T20:33:02.022+0000] {processor.py:186} INFO - Started process (PID=1139) to work on /home/airflow/.local/lib/python3.12/site-packages/airflow/example_dags/example_branch_operator.py
[2024-12-15T20:33:02.030+0000] {processor.py:914} INFO - Processing file /home/airflow/.local/lib/python3.12/site-packages/airflow/example_dags/example_branch_operator.py for tasks to queue
[2024-12-15T20:33:02.062+0000] {logging_mixin.py:190} INFO - [2024-12-15T20:33:02.038+0000] {dagbag.py:588} INFO - Filling up the DagBag from /home/airflow/.local/lib/python3.12/site-packages/airflow/example_dags/example_branch_operator.py
[2024-12-15T20:33:02.558+0000] {processor.py:925} INFO - DAG(s) 'example_branch_operator' retrieved from /home/airflow/.local/lib/python3.12/site-packages/airflow/example_dags/example_branch_operator.py
[2024-12-15T20:33:02.787+0000] {logging_mixin.py:190} INFO - [2024-12-15T20:33:02.787+0000] {dag.py:3239} INFO - Sync 1 DAGs
[2024-12-15T20:33:02.913+0000] {logging_mixin.py:190} INFO - [2024-12-15T20:33:02.912+0000] {dag.py:4180} INFO - Setting next_dagrun for example_branch_operator to 2024-12-14 00:00:00+00:00, run_after=2024-12-15 00:00:00+00:00
[2024-12-15T20:33:03.009+0000] {processor.py:208} INFO - Processing /home/airflow/.local/lib/python3.12/site-packages/airflow/example_dags/example_branch_operator.py took 1.177 seconds
[2024-12-15T20:33:33.221+0000] {processor.py:186} INFO - Started process (PID=1205) to work on /home/airflow/.local/lib/python3.12/site-packages/airflow/example_dags/example_branch_operator.py
[2024-12-15T20:33:33.223+0000] {processor.py:914} INFO - Processing file /home/airflow/.local/lib/python3.12/site-packages/airflow/example_dags/example_branch_operator.py for tasks to queue
[2024-12-15T20:33:33.225+0000] {logging_mixin.py:190} INFO - [2024-12-15T20:33:33.225+0000] {dagbag.py:588} INFO - Filling up the DagBag from /home/airflow/.local/lib/python3.12/site-packages/airflow/example_dags/example_branch_operator.py
[2024-12-15T20:33:33.264+0000] {processor.py:925} INFO - DAG(s) 'example_branch_operator' retrieved from /home/airflow/.local/lib/python3.12/site-packages/airflow/example_dags/example_branch_operator.py
[2024-12-15T20:33:33.307+0000] {logging_mixin.py:190} INFO - [2024-12-15T20:33:33.307+0000] {dag.py:3239} INFO - Sync 1 DAGs
[2024-12-15T20:33:33.336+0000] {logging_mixin.py:190} INFO - [2024-12-15T20:33:33.336+0000] {dag.py:4180} INFO - Setting next_dagrun for example_branch_operator to 2024-12-14 00:00:00+00:00, run_after=2024-12-15 00:00:00+00:00
[2024-12-15T20:33:33.365+0000] {processor.py:208} INFO - Processing /home/airflow/.local/lib/python3.12/site-packages/airflow/example_dags/example_branch_operator.py took 0.153 seconds
[2024-12-15T20:34:03.563+0000] {processor.py:186} INFO - Started process (PID=1270) to work on /home/airflow/.local/lib/python3.12/site-packages/airflow/example_dags/example_branch_operator.py
[2024-12-15T20:34:03.566+0000] {processor.py:914} INFO - Processing file /home/airflow/.local/lib/python3.12/site-packages/airflow/example_dags/example_branch_operator.py for tasks to queue
[2024-12-15T20:34:03.569+0000] {logging_mixin.py:190} INFO - [2024-12-15T20:34:03.569+0000] {dagbag.py:588} INFO - Filling up the DagBag from /home/airflow/.local/lib/python3.12/site-packages/airflow/example_dags/example_branch_operator.py
[2024-12-15T20:34:03.614+0000] {processor.py:925} INFO - DAG(s) 'example_branch_operator' retrieved from /home/airflow/.local/lib/python3.12/site-packages/airflow/example_dags/example_branch_operator.py
[2024-12-15T20:34:03.673+0000] {logging_mixin.py:190} INFO - [2024-12-15T20:34:03.673+0000] {dag.py:3239} INFO - Sync 1 DAGs
[2024-12-15T20:34:03.714+0000] {logging_mixin.py:190} INFO - [2024-12-15T20:34:03.714+0000] {dag.py:4180} INFO - Setting next_dagrun for example_branch_operator to 2024-12-14 00:00:00+00:00, run_after=2024-12-15 00:00:00+00:00
[2024-12-15T20:34:03.743+0000] {processor.py:208} INFO - Processing /home/airflow/.local/lib/python3.12/site-packages/airflow/example_dags/example_branch_operator.py took 0.188 seconds
[2024-12-15T20:34:33.955+0000] {processor.py:186} INFO - Started process (PID=1336) to work on /home/airflow/.local/lib/python3.12/site-packages/airflow/example_dags/example_branch_operator.py
[2024-12-15T20:34:33.958+0000] {processor.py:914} INFO - Processing file /home/airflow/.local/lib/python3.12/site-packages/airflow/example_dags/example_branch_operator.py for tasks to queue
[2024-12-15T20:34:33.960+0000] {logging_mixin.py:190} INFO - [2024-12-15T20:34:33.959+0000] {dagbag.py:588} INFO - Filling up the DagBag from /home/airflow/.local/lib/python3.12/site-packages/airflow/example_dags/example_branch_operator.py
[2024-12-15T20:34:33.986+0000] {processor.py:925} INFO - DAG(s) 'example_branch_operator' retrieved from /home/airflow/.local/lib/python3.12/site-packages/airflow/example_dags/example_branch_operator.py
[2024-12-15T20:34:34.023+0000] {logging_mixin.py:190} INFO - [2024-12-15T20:34:34.022+0000] {dag.py:3239} INFO - Sync 1 DAGs
[2024-12-15T20:34:34.055+0000] {logging_mixin.py:190} INFO - [2024-12-15T20:34:34.054+0000] {dag.py:4180} INFO - Setting next_dagrun for example_branch_operator to 2024-12-14 00:00:00+00:00, run_after=2024-12-15 00:00:00+00:00
[2024-12-15T20:34:34.090+0000] {processor.py:208} INFO - Processing /home/airflow/.local/lib/python3.12/site-packages/airflow/example_dags/example_branch_operator.py took 0.144 seconds
[2024-12-15T20:35:08.941+0000] {processor.py:186} INFO - Started process (PID=1400) to work on /home/airflow/.local/lib/python3.12/site-packages/airflow/example_dags/example_branch_operator.py
[2024-12-15T20:35:08.944+0000] {processor.py:914} INFO - Processing file /home/airflow/.local/lib/python3.12/site-packages/airflow/example_dags/example_branch_operator.py for tasks to queue
[2024-12-15T20:35:08.946+0000] {logging_mixin.py:190} INFO - [2024-12-15T20:35:08.945+0000] {dagbag.py:588} INFO - Filling up the DagBag from /home/airflow/.local/lib/python3.12/site-packages/airflow/example_dags/example_branch_operator.py
[2024-12-15T20:35:08.987+0000] {processor.py:925} INFO - DAG(s) 'example_branch_operator' retrieved from /home/airflow/.local/lib/python3.12/site-packages/airflow/example_dags/example_branch_operator.py
[2024-12-15T20:35:09.056+0000] {logging_mixin.py:190} INFO - [2024-12-15T20:35:09.056+0000] {dag.py:3239} INFO - Sync 1 DAGs
[2024-12-15T20:35:09.122+0000] {logging_mixin.py:190} INFO - [2024-12-15T20:35:09.121+0000] {dag.py:4180} INFO - Setting next_dagrun for example_branch_operator to 2024-12-14 00:00:00+00:00, run_after=2024-12-15 00:00:00+00:00
[2024-12-15T20:35:09.189+0000] {processor.py:208} INFO - Processing /home/airflow/.local/lib/python3.12/site-packages/airflow/example_dags/example_branch_operator.py took 0.269 seconds
[2024-12-15T20:35:56.068+0000] {processor.py:186} INFO - Started process (PID=1471) to work on /home/airflow/.local/lib/python3.12/site-packages/airflow/example_dags/example_branch_operator.py
[2024-12-15T20:35:56.071+0000] {processor.py:914} INFO - Processing file /home/airflow/.local/lib/python3.12/site-packages/airflow/example_dags/example_branch_operator.py for tasks to queue
[2024-12-15T20:35:56.073+0000] {logging_mixin.py:190} INFO - [2024-12-15T20:35:56.073+0000] {dagbag.py:588} INFO - Filling up the DagBag from /home/airflow/.local/lib/python3.12/site-packages/airflow/example_dags/example_branch_operator.py
[2024-12-15T20:35:56.102+0000] {processor.py:925} INFO - DAG(s) 'example_branch_operator' retrieved from /home/airflow/.local/lib/python3.12/site-packages/airflow/example_dags/example_branch_operator.py
[2024-12-15T20:35:56.145+0000] {logging_mixin.py:190} INFO - [2024-12-15T20:35:56.144+0000] {dag.py:3239} INFO - Sync 1 DAGs
[2024-12-15T20:35:56.173+0000] {logging_mixin.py:190} INFO - [2024-12-15T20:35:56.173+0000] {dag.py:4180} INFO - Setting next_dagrun for example_branch_operator to 2024-12-14 00:00:00+00:00, run_after=2024-12-15 00:00:00+00:00
[2024-12-15T20:35:56.202+0000] {processor.py:208} INFO - Processing /home/airflow/.local/lib/python3.12/site-packages/airflow/example_dags/example_branch_operator.py took 0.145 seconds
[2024-12-15T20:36:27.675+0000] {processor.py:186} INFO - Started process (PID=1537) to work on /home/airflow/.local/lib/python3.12/site-packages/airflow/example_dags/example_branch_operator.py
[2024-12-15T20:36:27.679+0000] {processor.py:914} INFO - Processing file /home/airflow/.local/lib/python3.12/site-packages/airflow/example_dags/example_branch_operator.py for tasks to queue
[2024-12-15T20:36:27.682+0000] {logging_mixin.py:190} INFO - [2024-12-15T20:36:27.681+0000] {dagbag.py:588} INFO - Filling up the DagBag from /home/airflow/.local/lib/python3.12/site-packages/airflow/example_dags/example_branch_operator.py
[2024-12-15T20:36:27.720+0000] {processor.py:925} INFO - DAG(s) 'example_branch_operator' retrieved from /home/airflow/.local/lib/python3.12/site-packages/airflow/example_dags/example_branch_operator.py
[2024-12-15T20:36:27.765+0000] {logging_mixin.py:190} INFO - [2024-12-15T20:36:27.765+0000] {dag.py:3239} INFO - Sync 1 DAGs
[2024-12-15T20:36:27.793+0000] {logging_mixin.py:190} INFO - [2024-12-15T20:36:27.793+0000] {dag.py:4180} INFO - Setting next_dagrun for example_branch_operator to 2024-12-14 00:00:00+00:00, run_after=2024-12-15 00:00:00+00:00
[2024-12-15T20:36:27.814+0000] {processor.py:208} INFO - Processing /home/airflow/.local/lib/python3.12/site-packages/airflow/example_dags/example_branch_operator.py took 0.157 seconds
[2024-12-15T20:37:00.467+0000] {processor.py:186} INFO - Started process (PID=1603) to work on /home/airflow/.local/lib/python3.12/site-packages/airflow/example_dags/example_branch_operator.py
[2024-12-15T20:37:00.473+0000] {processor.py:914} INFO - Processing file /home/airflow/.local/lib/python3.12/site-packages/airflow/example_dags/example_branch_operator.py for tasks to queue
[2024-12-15T20:37:00.478+0000] {logging_mixin.py:190} INFO - [2024-12-15T20:37:00.476+0000] {dagbag.py:588} INFO - Filling up the DagBag from /home/airflow/.local/lib/python3.12/site-packages/airflow/example_dags/example_branch_operator.py
[2024-12-15T20:37:00.562+0000] {processor.py:925} INFO - DAG(s) 'example_branch_operator' retrieved from /home/airflow/.local/lib/python3.12/site-packages/airflow/example_dags/example_branch_operator.py
[2024-12-15T20:37:00.661+0000] {logging_mixin.py:190} INFO - [2024-12-15T20:37:00.661+0000] {dag.py:3239} INFO - Sync 1 DAGs
[2024-12-15T20:37:00.713+0000] {logging_mixin.py:190} INFO - [2024-12-15T20:37:00.712+0000] {dag.py:4180} INFO - Setting next_dagrun for example_branch_operator to 2024-12-14 00:00:00+00:00, run_after=2024-12-15 00:00:00+00:00
[2024-12-15T20:37:00.741+0000] {processor.py:208} INFO - Processing /home/airflow/.local/lib/python3.12/site-packages/airflow/example_dags/example_branch_operator.py took 0.390 seconds
[2024-12-15T20:37:32.545+0000] {processor.py:186} INFO - Started process (PID=1668) to work on /home/airflow/.local/lib/python3.12/site-packages/airflow/example_dags/example_branch_operator.py
[2024-12-15T20:37:32.546+0000] {processor.py:914} INFO - Processing file /home/airflow/.local/lib/python3.12/site-packages/airflow/example_dags/example_branch_operator.py for tasks to queue
[2024-12-15T20:37:32.548+0000] {logging_mixin.py:190} INFO - [2024-12-15T20:37:32.548+0000] {dagbag.py:588} INFO - Filling up the DagBag from /home/airflow/.local/lib/python3.12/site-packages/airflow/example_dags/example_branch_operator.py
[2024-12-15T20:37:32.575+0000] {processor.py:925} INFO - DAG(s) 'example_branch_operator' retrieved from /home/airflow/.local/lib/python3.12/site-packages/airflow/example_dags/example_branch_operator.py
[2024-12-15T20:37:32.726+0000] {logging_mixin.py:190} INFO - [2024-12-15T20:37:32.725+0000] {dag.py:3239} INFO - Sync 1 DAGs
[2024-12-15T20:37:32.799+0000] {logging_mixin.py:190} INFO - [2024-12-15T20:37:32.798+0000] {dag.py:4180} INFO - Setting next_dagrun for example_branch_operator to 2024-12-14 00:00:00+00:00, run_after=2024-12-15 00:00:00+00:00
[2024-12-15T20:37:32.905+0000] {processor.py:208} INFO - Processing /home/airflow/.local/lib/python3.12/site-packages/airflow/example_dags/example_branch_operator.py took 0.371 seconds
[2024-12-15T20:38:19.247+0000] {processor.py:186} INFO - Started process (PID=1741) to work on /home/airflow/.local/lib/python3.12/site-packages/airflow/example_dags/example_branch_operator.py
[2024-12-15T20:38:19.250+0000] {processor.py:914} INFO - Processing file /home/airflow/.local/lib/python3.12/site-packages/airflow/example_dags/example_branch_operator.py for tasks to queue
[2024-12-15T20:38:19.253+0000] {logging_mixin.py:190} INFO - [2024-12-15T20:38:19.252+0000] {dagbag.py:588} INFO - Filling up the DagBag from /home/airflow/.local/lib/python3.12/site-packages/airflow/example_dags/example_branch_operator.py
[2024-12-15T20:38:19.285+0000] {processor.py:925} INFO - DAG(s) 'example_branch_operator' retrieved from /home/airflow/.local/lib/python3.12/site-packages/airflow/example_dags/example_branch_operator.py
[2024-12-15T20:38:19.343+0000] {logging_mixin.py:190} INFO - [2024-12-15T20:38:19.343+0000] {dag.py:3239} INFO - Sync 1 DAGs
[2024-12-15T20:38:19.376+0000] {logging_mixin.py:190} INFO - [2024-12-15T20:38:19.376+0000] {dag.py:4180} INFO - Setting next_dagrun for example_branch_operator to 2024-12-14 00:00:00+00:00, run_after=2024-12-15 00:00:00+00:00
[2024-12-15T20:38:19.414+0000] {processor.py:208} INFO - Processing /home/airflow/.local/lib/python3.12/site-packages/airflow/example_dags/example_branch_operator.py took 0.179 seconds
[2024-12-15T20:41:04.689+0000] {processor.py:186} INFO - Started process (PID=1828) to work on /home/airflow/.local/lib/python3.12/site-packages/airflow/example_dags/example_branch_operator.py
[2024-12-15T20:41:04.697+0000] {processor.py:914} INFO - Processing file /home/airflow/.local/lib/python3.12/site-packages/airflow/example_dags/example_branch_operator.py for tasks to queue
[2024-12-15T20:41:04.719+0000] {logging_mixin.py:190} INFO - [2024-12-15T20:41:04.703+0000] {dagbag.py:588} INFO - Filling up the DagBag from /home/airflow/.local/lib/python3.12/site-packages/airflow/example_dags/example_branch_operator.py
[2024-12-15T20:41:04.984+0000] {processor.py:925} INFO - DAG(s) 'example_branch_operator' retrieved from /home/airflow/.local/lib/python3.12/site-packages/airflow/example_dags/example_branch_operator.py
[2024-12-15T20:41:05.404+0000] {logging_mixin.py:190} INFO - [2024-12-15T20:41:05.387+0000] {dag.py:3239} INFO - Sync 1 DAGs
[2024-12-15T20:41:05.679+0000] {logging_mixin.py:190} INFO - [2024-12-15T20:41:05.679+0000] {dag.py:4180} INFO - Setting next_dagrun for example_branch_operator to 2024-12-14 00:00:00+00:00, run_after=2024-12-15 00:00:00+00:00
[2024-12-15T20:41:05.748+0000] {processor.py:208} INFO - Processing /home/airflow/.local/lib/python3.12/site-packages/airflow/example_dags/example_branch_operator.py took 1.109 seconds
[2024-12-15T20:41:36.263+0000] {processor.py:186} INFO - Started process (PID=1894) to work on /home/airflow/.local/lib/python3.12/site-packages/airflow/example_dags/example_branch_operator.py
[2024-12-15T20:41:36.266+0000] {processor.py:914} INFO - Processing file /home/airflow/.local/lib/python3.12/site-packages/airflow/example_dags/example_branch_operator.py for tasks to queue
[2024-12-15T20:41:36.276+0000] {logging_mixin.py:190} INFO - [2024-12-15T20:41:36.275+0000] {dagbag.py:588} INFO - Filling up the DagBag from /home/airflow/.local/lib/python3.12/site-packages/airflow/example_dags/example_branch_operator.py
[2024-12-15T20:41:36.360+0000] {processor.py:925} INFO - DAG(s) 'example_branch_operator' retrieved from /home/airflow/.local/lib/python3.12/site-packages/airflow/example_dags/example_branch_operator.py
[2024-12-15T20:41:36.487+0000] {logging_mixin.py:190} INFO - [2024-12-15T20:41:36.486+0000] {dag.py:3239} INFO - Sync 1 DAGs
[2024-12-15T20:41:36.556+0000] {logging_mixin.py:190} INFO - [2024-12-15T20:41:36.554+0000] {dag.py:4180} INFO - Setting next_dagrun for example_branch_operator to 2024-12-14 00:00:00+00:00, run_after=2024-12-15 00:00:00+00:00
[2024-12-15T20:41:36.630+0000] {processor.py:208} INFO - Processing /home/airflow/.local/lib/python3.12/site-packages/airflow/example_dags/example_branch_operator.py took 0.378 seconds
[2024-12-15T20:42:07.509+0000] {processor.py:186} INFO - Started process (PID=1958) to work on /home/airflow/.local/lib/python3.12/site-packages/airflow/example_dags/example_branch_operator.py
[2024-12-15T20:42:07.525+0000] {processor.py:914} INFO - Processing file /home/airflow/.local/lib/python3.12/site-packages/airflow/example_dags/example_branch_operator.py for tasks to queue
[2024-12-15T20:42:07.551+0000] {logging_mixin.py:190} INFO - [2024-12-15T20:42:07.550+0000] {dagbag.py:588} INFO - Filling up the DagBag from /home/airflow/.local/lib/python3.12/site-packages/airflow/example_dags/example_branch_operator.py
[2024-12-15T20:42:07.744+0000] {processor.py:925} INFO - DAG(s) 'example_branch_operator' retrieved from /home/airflow/.local/lib/python3.12/site-packages/airflow/example_dags/example_branch_operator.py
[2024-12-15T20:42:07.932+0000] {logging_mixin.py:190} INFO - [2024-12-15T20:42:07.932+0000] {dag.py:3239} INFO - Sync 1 DAGs
[2024-12-15T20:42:08.174+0000] {logging_mixin.py:190} INFO - [2024-12-15T20:42:08.174+0000] {dag.py:4180} INFO - Setting next_dagrun for example_branch_operator to 2024-12-14 00:00:00+00:00, run_after=2024-12-15 00:00:00+00:00
[2024-12-15T20:42:08.231+0000] {processor.py:208} INFO - Processing /home/airflow/.local/lib/python3.12/site-packages/airflow/example_dags/example_branch_operator.py took 0.775 seconds
