[2024-12-15T19:39:38.453+0000] {processor.py:186} INFO - Started process (PID=48) to work on /home/airflow/.local/lib/python3.12/site-packages/airflow/example_dags/example_branch_labels.py
[2024-12-15T19:39:38.466+0000] {processor.py:914} INFO - Processing file /home/airflow/.local/lib/python3.12/site-packages/airflow/example_dags/example_branch_labels.py for tasks to queue
[2024-12-15T19:39:38.478+0000] {logging_mixin.py:190} INFO - [2024-12-15T19:39:38.478+0000] {dagbag.py:588} INFO - Filling up the DagBag from /home/airflow/.local/lib/python3.12/site-packages/airflow/example_dags/example_branch_labels.py
[2024-12-15T19:39:38.595+0000] {processor.py:925} INFO - DAG(s) 'example_branch_labels' retrieved from /home/airflow/.local/lib/python3.12/site-packages/airflow/example_dags/example_branch_labels.py
[2024-12-15T19:39:39.427+0000] {logging_mixin.py:190} INFO - [2024-12-15T19:39:39.414+0000] {override.py:1911} INFO - Created Permission View: can delete on DAG:example_branch_labels
[2024-12-15T19:39:39.522+0000] {logging_mixin.py:190} INFO - [2024-12-15T19:39:39.521+0000] {override.py:1911} INFO - Created Permission View: can read on DAG:example_branch_labels
[2024-12-15T19:39:39.576+0000] {logging_mixin.py:190} INFO - [2024-12-15T19:39:39.575+0000] {override.py:1911} INFO - Created Permission View: can edit on DAG:example_branch_labels
[2024-12-15T19:39:39.630+0000] {logging_mixin.py:190} INFO - [2024-12-15T19:39:39.630+0000] {override.py:1911} INFO - Created Permission View: menu access on DAG Run:example_branch_labels
[2024-12-15T19:39:39.709+0000] {logging_mixin.py:190} INFO - [2024-12-15T19:39:39.704+0000] {override.py:1911} INFO - Created Permission View: can delete on DAG Run:example_branch_labels
[2024-12-15T19:39:39.822+0000] {logging_mixin.py:190} INFO - [2024-12-15T19:39:39.822+0000] {override.py:1911} INFO - Created Permission View: can create on DAG Run:example_branch_labels
[2024-12-15T19:39:39.944+0000] {logging_mixin.py:190} INFO - [2024-12-15T19:39:39.930+0000] {override.py:1911} INFO - Created Permission View: can read on DAG Run:example_branch_labels
[2024-12-15T19:39:39.952+0000] {logging_mixin.py:190} INFO - [2024-12-15T19:39:39.951+0000] {dag.py:3239} INFO - Sync 1 DAGs
[2024-12-15T19:39:40.227+0000] {logging_mixin.py:190} INFO - [2024-12-15T19:39:40.227+0000] {dag.py:3262} INFO - Creating ORM DAG for example_branch_labels
[2024-12-15T19:39:40.342+0000] {logging_mixin.py:190} INFO - [2024-12-15T19:39:40.342+0000] {dag.py:4180} INFO - Setting next_dagrun for example_branch_labels to 2024-12-14 00:00:00+00:00, run_after=2024-12-15 00:00:00+00:00
[2024-12-15T19:39:40.469+0000] {processor.py:208} INFO - Processing /home/airflow/.local/lib/python3.12/site-packages/airflow/example_dags/example_branch_labels.py took 2.055 seconds
[2024-12-15T19:41:02.406+0000] {processor.py:186} INFO - Started process (PID=120) to work on /home/airflow/.local/lib/python3.12/site-packages/airflow/example_dags/example_branch_labels.py
[2024-12-15T19:41:02.408+0000] {processor.py:914} INFO - Processing file /home/airflow/.local/lib/python3.12/site-packages/airflow/example_dags/example_branch_labels.py for tasks to queue
[2024-12-15T19:41:02.415+0000] {logging_mixin.py:190} INFO - [2024-12-15T19:41:02.414+0000] {dagbag.py:588} INFO - Filling up the DagBag from /home/airflow/.local/lib/python3.12/site-packages/airflow/example_dags/example_branch_labels.py
[2024-12-15T19:41:02.441+0000] {processor.py:925} INFO - DAG(s) 'example_branch_labels' retrieved from /home/airflow/.local/lib/python3.12/site-packages/airflow/example_dags/example_branch_labels.py
[2024-12-15T19:41:02.519+0000] {logging_mixin.py:190} INFO - [2024-12-15T19:41:02.511+0000] {dag.py:3239} INFO - Sync 1 DAGs
[2024-12-15T19:41:02.588+0000] {logging_mixin.py:190} INFO - [2024-12-15T19:41:02.587+0000] {dag.py:4180} INFO - Setting next_dagrun for example_branch_labels to 2024-12-14 00:00:00+00:00, run_after=2024-12-15 00:00:00+00:00
[2024-12-15T19:41:02.637+0000] {processor.py:208} INFO - Processing /home/airflow/.local/lib/python3.12/site-packages/airflow/example_dags/example_branch_labels.py took 0.247 seconds
[2024-12-15T19:41:33.616+0000] {processor.py:186} INFO - Started process (PID=183) to work on /home/airflow/.local/lib/python3.12/site-packages/airflow/example_dags/example_branch_labels.py
[2024-12-15T19:41:33.620+0000] {processor.py:914} INFO - Processing file /home/airflow/.local/lib/python3.12/site-packages/airflow/example_dags/example_branch_labels.py for tasks to queue
[2024-12-15T19:41:33.626+0000] {logging_mixin.py:190} INFO - [2024-12-15T19:41:33.625+0000] {dagbag.py:588} INFO - Filling up the DagBag from /home/airflow/.local/lib/python3.12/site-packages/airflow/example_dags/example_branch_labels.py
[2024-12-15T19:41:33.710+0000] {processor.py:925} INFO - DAG(s) 'example_branch_labels' retrieved from /home/airflow/.local/lib/python3.12/site-packages/airflow/example_dags/example_branch_labels.py
[2024-12-15T19:41:33.815+0000] {logging_mixin.py:190} INFO - [2024-12-15T19:41:33.814+0000] {dag.py:3239} INFO - Sync 1 DAGs
[2024-12-15T19:41:33.973+0000] {logging_mixin.py:190} INFO - [2024-12-15T19:41:33.972+0000] {dag.py:4180} INFO - Setting next_dagrun for example_branch_labels to 2024-12-14 00:00:00+00:00, run_after=2024-12-15 00:00:00+00:00
[2024-12-15T19:41:34.043+0000] {processor.py:208} INFO - Processing /home/airflow/.local/lib/python3.12/site-packages/airflow/example_dags/example_branch_labels.py took 0.438 seconds
[2024-12-15T19:42:25.261+0000] {processor.py:186} INFO - Started process (PID=233) to work on /home/airflow/.local/lib/python3.12/site-packages/airflow/example_dags/example_branch_labels.py
[2024-12-15T19:42:25.263+0000] {processor.py:914} INFO - Processing file /home/airflow/.local/lib/python3.12/site-packages/airflow/example_dags/example_branch_labels.py for tasks to queue
[2024-12-15T19:42:25.268+0000] {logging_mixin.py:190} INFO - [2024-12-15T19:42:25.267+0000] {dagbag.py:588} INFO - Filling up the DagBag from /home/airflow/.local/lib/python3.12/site-packages/airflow/example_dags/example_branch_labels.py
[2024-12-15T19:42:25.303+0000] {processor.py:925} INFO - DAG(s) 'example_branch_labels' retrieved from /home/airflow/.local/lib/python3.12/site-packages/airflow/example_dags/example_branch_labels.py
[2024-12-15T19:42:25.372+0000] {logging_mixin.py:190} INFO - [2024-12-15T19:42:25.370+0000] {dag.py:3239} INFO - Sync 1 DAGs
[2024-12-15T19:42:25.451+0000] {logging_mixin.py:190} INFO - [2024-12-15T19:42:25.450+0000] {dag.py:4180} INFO - Setting next_dagrun for example_branch_labels to 2024-12-14 00:00:00+00:00, run_after=2024-12-15 00:00:00+00:00
[2024-12-15T19:42:25.506+0000] {processor.py:208} INFO - Processing /home/airflow/.local/lib/python3.12/site-packages/airflow/example_dags/example_branch_labels.py took 0.255 seconds
[2024-12-15T19:42:55.567+0000] {processor.py:186} INFO - Started process (PID=297) to work on /home/airflow/.local/lib/python3.12/site-packages/airflow/example_dags/example_branch_labels.py
[2024-12-15T19:42:55.570+0000] {processor.py:914} INFO - Processing file /home/airflow/.local/lib/python3.12/site-packages/airflow/example_dags/example_branch_labels.py for tasks to queue
[2024-12-15T19:42:55.574+0000] {logging_mixin.py:190} INFO - [2024-12-15T19:42:55.573+0000] {dagbag.py:588} INFO - Filling up the DagBag from /home/airflow/.local/lib/python3.12/site-packages/airflow/example_dags/example_branch_labels.py
[2024-12-15T19:42:55.588+0000] {processor.py:925} INFO - DAG(s) 'example_branch_labels' retrieved from /home/airflow/.local/lib/python3.12/site-packages/airflow/example_dags/example_branch_labels.py
[2024-12-15T19:42:55.614+0000] {logging_mixin.py:190} INFO - [2024-12-15T19:42:55.613+0000] {dag.py:3239} INFO - Sync 1 DAGs
[2024-12-15T19:42:55.642+0000] {logging_mixin.py:190} INFO - [2024-12-15T19:42:55.641+0000] {dag.py:4180} INFO - Setting next_dagrun for example_branch_labels to 2024-12-14 00:00:00+00:00, run_after=2024-12-15 00:00:00+00:00
[2024-12-15T19:42:55.665+0000] {processor.py:208} INFO - Processing /home/airflow/.local/lib/python3.12/site-packages/airflow/example_dags/example_branch_labels.py took 0.106 seconds
[2024-12-15T19:43:25.784+0000] {processor.py:186} INFO - Started process (PID=360) to work on /home/airflow/.local/lib/python3.12/site-packages/airflow/example_dags/example_branch_labels.py
[2024-12-15T19:43:25.789+0000] {processor.py:914} INFO - Processing file /home/airflow/.local/lib/python3.12/site-packages/airflow/example_dags/example_branch_labels.py for tasks to queue
[2024-12-15T19:43:25.794+0000] {logging_mixin.py:190} INFO - [2024-12-15T19:43:25.793+0000] {dagbag.py:588} INFO - Filling up the DagBag from /home/airflow/.local/lib/python3.12/site-packages/airflow/example_dags/example_branch_labels.py
[2024-12-15T19:43:25.816+0000] {processor.py:925} INFO - DAG(s) 'example_branch_labels' retrieved from /home/airflow/.local/lib/python3.12/site-packages/airflow/example_dags/example_branch_labels.py
[2024-12-15T19:43:25.856+0000] {logging_mixin.py:190} INFO - [2024-12-15T19:43:25.856+0000] {dag.py:3239} INFO - Sync 1 DAGs
[2024-12-15T19:43:25.896+0000] {logging_mixin.py:190} INFO - [2024-12-15T19:43:25.895+0000] {dag.py:4180} INFO - Setting next_dagrun for example_branch_labels to 2024-12-14 00:00:00+00:00, run_after=2024-12-15 00:00:00+00:00
[2024-12-15T19:43:25.930+0000] {processor.py:208} INFO - Processing /home/airflow/.local/lib/python3.12/site-packages/airflow/example_dags/example_branch_labels.py took 0.156 seconds
[2024-12-15T19:43:57.639+0000] {processor.py:186} INFO - Started process (PID=421) to work on /home/airflow/.local/lib/python3.12/site-packages/airflow/example_dags/example_branch_labels.py
[2024-12-15T19:43:57.648+0000] {processor.py:914} INFO - Processing file /home/airflow/.local/lib/python3.12/site-packages/airflow/example_dags/example_branch_labels.py for tasks to queue
[2024-12-15T19:43:57.665+0000] {logging_mixin.py:190} INFO - [2024-12-15T19:43:57.664+0000] {dagbag.py:588} INFO - Filling up the DagBag from /home/airflow/.local/lib/python3.12/site-packages/airflow/example_dags/example_branch_labels.py
[2024-12-15T19:43:57.730+0000] {processor.py:925} INFO - DAG(s) 'example_branch_labels' retrieved from /home/airflow/.local/lib/python3.12/site-packages/airflow/example_dags/example_branch_labels.py
[2024-12-15T19:43:57.786+0000] {logging_mixin.py:190} INFO - [2024-12-15T19:43:57.786+0000] {dag.py:3239} INFO - Sync 1 DAGs
[2024-12-15T19:43:57.880+0000] {logging_mixin.py:190} INFO - [2024-12-15T19:43:57.880+0000] {dag.py:4180} INFO - Setting next_dagrun for example_branch_labels to 2024-12-14 00:00:00+00:00, run_after=2024-12-15 00:00:00+00:00
[2024-12-15T19:43:57.951+0000] {processor.py:208} INFO - Processing /home/airflow/.local/lib/python3.12/site-packages/airflow/example_dags/example_branch_labels.py took 0.383 seconds
[2024-12-15T19:44:28.977+0000] {processor.py:186} INFO - Started process (PID=487) to work on /home/airflow/.local/lib/python3.12/site-packages/airflow/example_dags/example_branch_labels.py
[2024-12-15T19:44:28.983+0000] {processor.py:914} INFO - Processing file /home/airflow/.local/lib/python3.12/site-packages/airflow/example_dags/example_branch_labels.py for tasks to queue
[2024-12-15T19:44:28.999+0000] {logging_mixin.py:190} INFO - [2024-12-15T19:44:28.998+0000] {dagbag.py:588} INFO - Filling up the DagBag from /home/airflow/.local/lib/python3.12/site-packages/airflow/example_dags/example_branch_labels.py
[2024-12-15T19:44:29.087+0000] {processor.py:925} INFO - DAG(s) 'example_branch_labels' retrieved from /home/airflow/.local/lib/python3.12/site-packages/airflow/example_dags/example_branch_labels.py
[2024-12-15T19:44:29.193+0000] {logging_mixin.py:190} INFO - [2024-12-15T19:44:29.192+0000] {dag.py:3239} INFO - Sync 1 DAGs
[2024-12-15T19:44:29.258+0000] {logging_mixin.py:190} INFO - [2024-12-15T19:44:29.257+0000] {dag.py:4180} INFO - Setting next_dagrun for example_branch_labels to 2024-12-14 00:00:00+00:00, run_after=2024-12-15 00:00:00+00:00
[2024-12-15T19:44:29.292+0000] {processor.py:208} INFO - Processing /home/airflow/.local/lib/python3.12/site-packages/airflow/example_dags/example_branch_labels.py took 0.345 seconds
[2024-12-15T19:45:39.852+0000] {processor.py:186} INFO - Started process (PID=531) to work on /home/airflow/.local/lib/python3.12/site-packages/airflow/example_dags/example_branch_labels.py
[2024-12-15T19:45:39.857+0000] {processor.py:914} INFO - Processing file /home/airflow/.local/lib/python3.12/site-packages/airflow/example_dags/example_branch_labels.py for tasks to queue
[2024-12-15T19:45:39.863+0000] {logging_mixin.py:190} INFO - [2024-12-15T19:45:39.863+0000] {dagbag.py:588} INFO - Filling up the DagBag from /home/airflow/.local/lib/python3.12/site-packages/airflow/example_dags/example_branch_labels.py
[2024-12-15T19:45:39.884+0000] {processor.py:925} INFO - DAG(s) 'example_branch_labels' retrieved from /home/airflow/.local/lib/python3.12/site-packages/airflow/example_dags/example_branch_labels.py
[2024-12-15T19:45:39.929+0000] {logging_mixin.py:190} INFO - [2024-12-15T19:45:39.929+0000] {dag.py:3239} INFO - Sync 1 DAGs
[2024-12-15T19:45:39.986+0000] {logging_mixin.py:190} INFO - [2024-12-15T19:45:39.985+0000] {dag.py:4180} INFO - Setting next_dagrun for example_branch_labels to 2024-12-14 00:00:00+00:00, run_after=2024-12-15 00:00:00+00:00
[2024-12-15T19:45:40.059+0000] {processor.py:208} INFO - Processing /home/airflow/.local/lib/python3.12/site-packages/airflow/example_dags/example_branch_labels.py took 0.219 seconds
[2024-12-15T19:46:10.190+0000] {processor.py:186} INFO - Started process (PID=596) to work on /home/airflow/.local/lib/python3.12/site-packages/airflow/example_dags/example_branch_labels.py
[2024-12-15T19:46:10.197+0000] {processor.py:914} INFO - Processing file /home/airflow/.local/lib/python3.12/site-packages/airflow/example_dags/example_branch_labels.py for tasks to queue
[2024-12-15T19:46:10.207+0000] {logging_mixin.py:190} INFO - [2024-12-15T19:46:10.205+0000] {dagbag.py:588} INFO - Filling up the DagBag from /home/airflow/.local/lib/python3.12/site-packages/airflow/example_dags/example_branch_labels.py
[2024-12-15T19:46:10.237+0000] {processor.py:925} INFO - DAG(s) 'example_branch_labels' retrieved from /home/airflow/.local/lib/python3.12/site-packages/airflow/example_dags/example_branch_labels.py
[2024-12-15T19:46:10.282+0000] {logging_mixin.py:190} INFO - [2024-12-15T19:46:10.282+0000] {dag.py:3239} INFO - Sync 1 DAGs
[2024-12-15T19:46:10.346+0000] {logging_mixin.py:190} INFO - [2024-12-15T19:46:10.345+0000] {dag.py:4180} INFO - Setting next_dagrun for example_branch_labels to 2024-12-14 00:00:00+00:00, run_after=2024-12-15 00:00:00+00:00
[2024-12-15T19:46:10.400+0000] {processor.py:208} INFO - Processing /home/airflow/.local/lib/python3.12/site-packages/airflow/example_dags/example_branch_labels.py took 0.227 seconds
[2024-12-15T19:46:41.303+0000] {processor.py:186} INFO - Started process (PID=662) to work on /home/airflow/.local/lib/python3.12/site-packages/airflow/example_dags/example_branch_labels.py
[2024-12-15T19:46:41.305+0000] {processor.py:914} INFO - Processing file /home/airflow/.local/lib/python3.12/site-packages/airflow/example_dags/example_branch_labels.py for tasks to queue
[2024-12-15T19:46:41.315+0000] {logging_mixin.py:190} INFO - [2024-12-15T19:46:41.312+0000] {dagbag.py:588} INFO - Filling up the DagBag from /home/airflow/.local/lib/python3.12/site-packages/airflow/example_dags/example_branch_labels.py
[2024-12-15T19:46:41.328+0000] {processor.py:925} INFO - DAG(s) 'example_branch_labels' retrieved from /home/airflow/.local/lib/python3.12/site-packages/airflow/example_dags/example_branch_labels.py
[2024-12-15T19:46:41.353+0000] {logging_mixin.py:190} INFO - [2024-12-15T19:46:41.353+0000] {dag.py:3239} INFO - Sync 1 DAGs
[2024-12-15T19:46:41.385+0000] {logging_mixin.py:190} INFO - [2024-12-15T19:46:41.385+0000] {dag.py:4180} INFO - Setting next_dagrun for example_branch_labels to 2024-12-14 00:00:00+00:00, run_after=2024-12-15 00:00:00+00:00
[2024-12-15T19:46:41.406+0000] {processor.py:208} INFO - Processing /home/airflow/.local/lib/python3.12/site-packages/airflow/example_dags/example_branch_labels.py took 0.110 seconds
[2024-12-15T19:47:15.338+0000] {processor.py:186} INFO - Started process (PID=718) to work on /home/airflow/.local/lib/python3.12/site-packages/airflow/example_dags/example_branch_labels.py
[2024-12-15T19:47:15.342+0000] {processor.py:914} INFO - Processing file /home/airflow/.local/lib/python3.12/site-packages/airflow/example_dags/example_branch_labels.py for tasks to queue
[2024-12-15T19:47:15.347+0000] {logging_mixin.py:190} INFO - [2024-12-15T19:47:15.346+0000] {dagbag.py:588} INFO - Filling up the DagBag from /home/airflow/.local/lib/python3.12/site-packages/airflow/example_dags/example_branch_labels.py
[2024-12-15T19:47:15.376+0000] {processor.py:925} INFO - DAG(s) 'example_branch_labels' retrieved from /home/airflow/.local/lib/python3.12/site-packages/airflow/example_dags/example_branch_labels.py
[2024-12-15T19:47:15.414+0000] {logging_mixin.py:190} INFO - [2024-12-15T19:47:15.414+0000] {dag.py:3239} INFO - Sync 1 DAGs
[2024-12-15T19:47:15.473+0000] {logging_mixin.py:190} INFO - [2024-12-15T19:47:15.473+0000] {dag.py:4180} INFO - Setting next_dagrun for example_branch_labels to 2024-12-14 00:00:00+00:00, run_after=2024-12-15 00:00:00+00:00
[2024-12-15T19:47:15.518+0000] {processor.py:208} INFO - Processing /home/airflow/.local/lib/python3.12/site-packages/airflow/example_dags/example_branch_labels.py took 0.192 seconds
[2024-12-15T19:47:50.955+0000] {processor.py:186} INFO - Started process (PID=778) to work on /home/airflow/.local/lib/python3.12/site-packages/airflow/example_dags/example_branch_labels.py
[2024-12-15T19:47:50.959+0000] {processor.py:914} INFO - Processing file /home/airflow/.local/lib/python3.12/site-packages/airflow/example_dags/example_branch_labels.py for tasks to queue
[2024-12-15T19:47:50.972+0000] {logging_mixin.py:190} INFO - [2024-12-15T19:47:50.967+0000] {dagbag.py:588} INFO - Filling up the DagBag from /home/airflow/.local/lib/python3.12/site-packages/airflow/example_dags/example_branch_labels.py
[2024-12-15T19:47:51.024+0000] {processor.py:925} INFO - DAG(s) 'example_branch_labels' retrieved from /home/airflow/.local/lib/python3.12/site-packages/airflow/example_dags/example_branch_labels.py
[2024-12-15T19:47:51.131+0000] {logging_mixin.py:190} INFO - [2024-12-15T19:47:51.129+0000] {dag.py:3239} INFO - Sync 1 DAGs
[2024-12-15T19:47:51.304+0000] {logging_mixin.py:190} INFO - [2024-12-15T19:47:51.303+0000] {dag.py:4180} INFO - Setting next_dagrun for example_branch_labels to 2024-12-14 00:00:00+00:00, run_after=2024-12-15 00:00:00+00:00
[2024-12-15T19:47:51.427+0000] {processor.py:208} INFO - Processing /home/airflow/.local/lib/python3.12/site-packages/airflow/example_dags/example_branch_labels.py took 0.493 seconds
[2024-12-15T19:50:47.496+0000] {processor.py:186} INFO - Started process (PID=44) to work on /home/airflow/.local/lib/python3.12/site-packages/airflow/example_dags/example_branch_labels.py
[2024-12-15T19:50:47.506+0000] {processor.py:914} INFO - Processing file /home/airflow/.local/lib/python3.12/site-packages/airflow/example_dags/example_branch_labels.py for tasks to queue
[2024-12-15T19:50:47.525+0000] {logging_mixin.py:190} INFO - [2024-12-15T19:50:47.521+0000] {dagbag.py:588} INFO - Filling up the DagBag from /home/airflow/.local/lib/python3.12/site-packages/airflow/example_dags/example_branch_labels.py
[2024-12-15T19:50:47.583+0000] {processor.py:925} INFO - DAG(s) 'example_branch_labels' retrieved from /home/airflow/.local/lib/python3.12/site-packages/airflow/example_dags/example_branch_labels.py
[2024-12-15T19:50:47.664+0000] {logging_mixin.py:190} INFO - [2024-12-15T19:50:47.663+0000] {dag.py:3239} INFO - Sync 1 DAGs
[2024-12-15T19:50:47.723+0000] {logging_mixin.py:190} INFO - [2024-12-15T19:50:47.723+0000] {dag.py:4180} INFO - Setting next_dagrun for example_branch_labels to 2024-12-14 00:00:00+00:00, run_after=2024-12-15 00:00:00+00:00
[2024-12-15T19:50:47.775+0000] {processor.py:208} INFO - Processing /home/airflow/.local/lib/python3.12/site-packages/airflow/example_dags/example_branch_labels.py took 0.298 seconds
[2024-12-15T19:51:18.197+0000] {processor.py:186} INFO - Started process (PID=107) to work on /home/airflow/.local/lib/python3.12/site-packages/airflow/example_dags/example_branch_labels.py
[2024-12-15T19:51:18.213+0000] {processor.py:914} INFO - Processing file /home/airflow/.local/lib/python3.12/site-packages/airflow/example_dags/example_branch_labels.py for tasks to queue
[2024-12-15T19:51:18.234+0000] {logging_mixin.py:190} INFO - [2024-12-15T19:51:18.233+0000] {dagbag.py:588} INFO - Filling up the DagBag from /home/airflow/.local/lib/python3.12/site-packages/airflow/example_dags/example_branch_labels.py
[2024-12-15T19:51:18.340+0000] {processor.py:925} INFO - DAG(s) 'example_branch_labels' retrieved from /home/airflow/.local/lib/python3.12/site-packages/airflow/example_dags/example_branch_labels.py
[2024-12-15T19:51:18.557+0000] {logging_mixin.py:190} INFO - [2024-12-15T19:51:18.554+0000] {dag.py:3239} INFO - Sync 1 DAGs
[2024-12-15T19:51:18.739+0000] {logging_mixin.py:190} INFO - [2024-12-15T19:51:18.738+0000] {dag.py:4180} INFO - Setting next_dagrun for example_branch_labels to 2024-12-14 00:00:00+00:00, run_after=2024-12-15 00:00:00+00:00
[2024-12-15T19:51:18.940+0000] {processor.py:208} INFO - Processing /home/airflow/.local/lib/python3.12/site-packages/airflow/example_dags/example_branch_labels.py took 0.784 seconds
[2024-12-15T19:51:50.596+0000] {processor.py:186} INFO - Started process (PID=172) to work on /home/airflow/.local/lib/python3.12/site-packages/airflow/example_dags/example_branch_labels.py
[2024-12-15T19:51:50.599+0000] {processor.py:914} INFO - Processing file /home/airflow/.local/lib/python3.12/site-packages/airflow/example_dags/example_branch_labels.py for tasks to queue
[2024-12-15T19:51:50.607+0000] {logging_mixin.py:190} INFO - [2024-12-15T19:51:50.606+0000] {dagbag.py:588} INFO - Filling up the DagBag from /home/airflow/.local/lib/python3.12/site-packages/airflow/example_dags/example_branch_labels.py
[2024-12-15T19:51:50.680+0000] {processor.py:925} INFO - DAG(s) 'example_branch_labels' retrieved from /home/airflow/.local/lib/python3.12/site-packages/airflow/example_dags/example_branch_labels.py
[2024-12-15T19:51:50.768+0000] {logging_mixin.py:190} INFO - [2024-12-15T19:51:50.767+0000] {dag.py:3239} INFO - Sync 1 DAGs
[2024-12-15T19:51:51.001+0000] {logging_mixin.py:190} INFO - [2024-12-15T19:51:51.001+0000] {dag.py:4180} INFO - Setting next_dagrun for example_branch_labels to 2024-12-14 00:00:00+00:00, run_after=2024-12-15 00:00:00+00:00
[2024-12-15T19:51:51.125+0000] {processor.py:208} INFO - Processing /home/airflow/.local/lib/python3.12/site-packages/airflow/example_dags/example_branch_labels.py took 0.590 seconds
[2024-12-15T19:52:33.775+0000] {processor.py:186} INFO - Started process (PID=228) to work on /home/airflow/.local/lib/python3.12/site-packages/airflow/example_dags/example_branch_labels.py
[2024-12-15T19:52:33.784+0000] {processor.py:914} INFO - Processing file /home/airflow/.local/lib/python3.12/site-packages/airflow/example_dags/example_branch_labels.py for tasks to queue
[2024-12-15T19:52:33.804+0000] {logging_mixin.py:190} INFO - [2024-12-15T19:52:33.804+0000] {dagbag.py:588} INFO - Filling up the DagBag from /home/airflow/.local/lib/python3.12/site-packages/airflow/example_dags/example_branch_labels.py
[2024-12-15T19:52:33.873+0000] {processor.py:925} INFO - DAG(s) 'example_branch_labels' retrieved from /home/airflow/.local/lib/python3.12/site-packages/airflow/example_dags/example_branch_labels.py
[2024-12-15T19:52:34.113+0000] {logging_mixin.py:190} INFO - [2024-12-15T19:52:34.113+0000] {dag.py:3239} INFO - Sync 1 DAGs
[2024-12-15T19:52:34.332+0000] {logging_mixin.py:190} INFO - [2024-12-15T19:52:34.331+0000] {dag.py:4180} INFO - Setting next_dagrun for example_branch_labels to 2024-12-14 00:00:00+00:00, run_after=2024-12-15 00:00:00+00:00
[2024-12-15T19:52:34.492+0000] {processor.py:208} INFO - Processing /home/airflow/.local/lib/python3.12/site-packages/airflow/example_dags/example_branch_labels.py took 0.755 seconds
[2024-12-15T19:53:05.108+0000] {processor.py:186} INFO - Started process (PID=294) to work on /home/airflow/.local/lib/python3.12/site-packages/airflow/example_dags/example_branch_labels.py
[2024-12-15T19:53:05.115+0000] {processor.py:914} INFO - Processing file /home/airflow/.local/lib/python3.12/site-packages/airflow/example_dags/example_branch_labels.py for tasks to queue
[2024-12-15T19:53:05.133+0000] {logging_mixin.py:190} INFO - [2024-12-15T19:53:05.132+0000] {dagbag.py:588} INFO - Filling up the DagBag from /home/airflow/.local/lib/python3.12/site-packages/airflow/example_dags/example_branch_labels.py
[2024-12-15T19:53:05.194+0000] {processor.py:925} INFO - DAG(s) 'example_branch_labels' retrieved from /home/airflow/.local/lib/python3.12/site-packages/airflow/example_dags/example_branch_labels.py
[2024-12-15T19:53:05.313+0000] {logging_mixin.py:190} INFO - [2024-12-15T19:53:05.306+0000] {dag.py:3239} INFO - Sync 1 DAGs
[2024-12-15T19:53:05.425+0000] {logging_mixin.py:190} INFO - [2024-12-15T19:53:05.424+0000] {dag.py:4180} INFO - Setting next_dagrun for example_branch_labels to 2024-12-14 00:00:00+00:00, run_after=2024-12-15 00:00:00+00:00
[2024-12-15T19:53:05.564+0000] {processor.py:208} INFO - Processing /home/airflow/.local/lib/python3.12/site-packages/airflow/example_dags/example_branch_labels.py took 0.479 seconds
[2024-12-15T19:53:42.490+0000] {processor.py:186} INFO - Started process (PID=354) to work on /home/airflow/.local/lib/python3.12/site-packages/airflow/example_dags/example_branch_labels.py
[2024-12-15T19:53:42.495+0000] {processor.py:914} INFO - Processing file /home/airflow/.local/lib/python3.12/site-packages/airflow/example_dags/example_branch_labels.py for tasks to queue
[2024-12-15T19:53:42.503+0000] {logging_mixin.py:190} INFO - [2024-12-15T19:53:42.502+0000] {dagbag.py:588} INFO - Filling up the DagBag from /home/airflow/.local/lib/python3.12/site-packages/airflow/example_dags/example_branch_labels.py
[2024-12-15T19:53:42.541+0000] {processor.py:925} INFO - DAG(s) 'example_branch_labels' retrieved from /home/airflow/.local/lib/python3.12/site-packages/airflow/example_dags/example_branch_labels.py
[2024-12-15T19:53:42.598+0000] {logging_mixin.py:190} INFO - [2024-12-15T19:53:42.598+0000] {dag.py:3239} INFO - Sync 1 DAGs
[2024-12-15T19:53:42.672+0000] {logging_mixin.py:190} INFO - [2024-12-15T19:53:42.672+0000] {dag.py:4180} INFO - Setting next_dagrun for example_branch_labels to 2024-12-14 00:00:00+00:00, run_after=2024-12-15 00:00:00+00:00
[2024-12-15T19:53:42.735+0000] {processor.py:208} INFO - Processing /home/airflow/.local/lib/python3.12/site-packages/airflow/example_dags/example_branch_labels.py took 0.253 seconds
[2024-12-15T19:54:13.342+0000] {processor.py:186} INFO - Started process (PID=407) to work on /home/airflow/.local/lib/python3.12/site-packages/airflow/example_dags/example_branch_labels.py
[2024-12-15T19:54:13.349+0000] {processor.py:914} INFO - Processing file /home/airflow/.local/lib/python3.12/site-packages/airflow/example_dags/example_branch_labels.py for tasks to queue
[2024-12-15T19:54:13.365+0000] {logging_mixin.py:190} INFO - [2024-12-15T19:54:13.362+0000] {dagbag.py:588} INFO - Filling up the DagBag from /home/airflow/.local/lib/python3.12/site-packages/airflow/example_dags/example_branch_labels.py
[2024-12-15T19:54:13.412+0000] {processor.py:925} INFO - DAG(s) 'example_branch_labels' retrieved from /home/airflow/.local/lib/python3.12/site-packages/airflow/example_dags/example_branch_labels.py
[2024-12-15T19:54:13.490+0000] {logging_mixin.py:190} INFO - [2024-12-15T19:54:13.490+0000] {dag.py:3239} INFO - Sync 1 DAGs
[2024-12-15T19:54:13.583+0000] {logging_mixin.py:190} INFO - [2024-12-15T19:54:13.583+0000] {dag.py:4180} INFO - Setting next_dagrun for example_branch_labels to 2024-12-14 00:00:00+00:00, run_after=2024-12-15 00:00:00+00:00
[2024-12-15T19:54:13.624+0000] {processor.py:208} INFO - Processing /home/airflow/.local/lib/python3.12/site-packages/airflow/example_dags/example_branch_labels.py took 0.312 seconds
[2024-12-15T19:54:45.925+0000] {processor.py:186} INFO - Started process (PID=472) to work on /home/airflow/.local/lib/python3.12/site-packages/airflow/example_dags/example_branch_labels.py
[2024-12-15T19:54:45.928+0000] {processor.py:914} INFO - Processing file /home/airflow/.local/lib/python3.12/site-packages/airflow/example_dags/example_branch_labels.py for tasks to queue
[2024-12-15T19:54:45.942+0000] {logging_mixin.py:190} INFO - [2024-12-15T19:54:45.942+0000] {dagbag.py:588} INFO - Filling up the DagBag from /home/airflow/.local/lib/python3.12/site-packages/airflow/example_dags/example_branch_labels.py
[2024-12-15T19:54:45.968+0000] {processor.py:925} INFO - DAG(s) 'example_branch_labels' retrieved from /home/airflow/.local/lib/python3.12/site-packages/airflow/example_dags/example_branch_labels.py
[2024-12-15T19:54:46.002+0000] {logging_mixin.py:190} INFO - [2024-12-15T19:54:46.001+0000] {dag.py:3239} INFO - Sync 1 DAGs
[2024-12-15T19:54:46.038+0000] {logging_mixin.py:190} INFO - [2024-12-15T19:54:46.037+0000] {dag.py:4180} INFO - Setting next_dagrun for example_branch_labels to 2024-12-14 00:00:00+00:00, run_after=2024-12-15 00:00:00+00:00
[2024-12-15T19:54:46.066+0000] {processor.py:208} INFO - Processing /home/airflow/.local/lib/python3.12/site-packages/airflow/example_dags/example_branch_labels.py took 0.158 seconds
[2024-12-15T19:55:19.876+0000] {processor.py:186} INFO - Started process (PID=533) to work on /home/airflow/.local/lib/python3.12/site-packages/airflow/example_dags/example_branch_labels.py
[2024-12-15T19:55:19.878+0000] {processor.py:914} INFO - Processing file /home/airflow/.local/lib/python3.12/site-packages/airflow/example_dags/example_branch_labels.py for tasks to queue
[2024-12-15T19:55:19.880+0000] {logging_mixin.py:190} INFO - [2024-12-15T19:55:19.880+0000] {dagbag.py:588} INFO - Filling up the DagBag from /home/airflow/.local/lib/python3.12/site-packages/airflow/example_dags/example_branch_labels.py
[2024-12-15T19:55:19.900+0000] {processor.py:925} INFO - DAG(s) 'example_branch_labels' retrieved from /home/airflow/.local/lib/python3.12/site-packages/airflow/example_dags/example_branch_labels.py
[2024-12-15T19:55:19.937+0000] {logging_mixin.py:190} INFO - [2024-12-15T19:55:19.936+0000] {dag.py:3239} INFO - Sync 1 DAGs
[2024-12-15T19:55:20.018+0000] {logging_mixin.py:190} INFO - [2024-12-15T19:55:20.018+0000] {dag.py:4180} INFO - Setting next_dagrun for example_branch_labels to 2024-12-14 00:00:00+00:00, run_after=2024-12-15 00:00:00+00:00
[2024-12-15T19:55:20.057+0000] {processor.py:208} INFO - Processing /home/airflow/.local/lib/python3.12/site-packages/airflow/example_dags/example_branch_labels.py took 0.189 seconds
[2024-12-15T19:56:00.370+0000] {processor.py:186} INFO - Started process (PID=597) to work on /home/airflow/.local/lib/python3.12/site-packages/airflow/example_dags/example_branch_labels.py
[2024-12-15T19:56:00.389+0000] {processor.py:914} INFO - Processing file /home/airflow/.local/lib/python3.12/site-packages/airflow/example_dags/example_branch_labels.py for tasks to queue
[2024-12-15T19:56:00.392+0000] {logging_mixin.py:190} INFO - [2024-12-15T19:56:00.392+0000] {dagbag.py:588} INFO - Filling up the DagBag from /home/airflow/.local/lib/python3.12/site-packages/airflow/example_dags/example_branch_labels.py
[2024-12-15T19:56:00.481+0000] {processor.py:925} INFO - DAG(s) 'example_branch_labels' retrieved from /home/airflow/.local/lib/python3.12/site-packages/airflow/example_dags/example_branch_labels.py
[2024-12-15T19:56:00.561+0000] {logging_mixin.py:190} INFO - [2024-12-15T19:56:00.560+0000] {dag.py:3239} INFO - Sync 1 DAGs
[2024-12-15T19:56:00.664+0000] {logging_mixin.py:190} INFO - [2024-12-15T19:56:00.663+0000] {dag.py:4180} INFO - Setting next_dagrun for example_branch_labels to 2024-12-14 00:00:00+00:00, run_after=2024-12-15 00:00:00+00:00
[2024-12-15T19:56:00.736+0000] {processor.py:208} INFO - Processing /home/airflow/.local/lib/python3.12/site-packages/airflow/example_dags/example_branch_labels.py took 0.395 seconds
[2024-12-15T19:58:57.980+0000] {processor.py:186} INFO - Started process (PID=48) to work on /home/airflow/.local/lib/python3.12/site-packages/airflow/example_dags/example_branch_labels.py
[2024-12-15T19:58:57.987+0000] {processor.py:914} INFO - Processing file /home/airflow/.local/lib/python3.12/site-packages/airflow/example_dags/example_branch_labels.py for tasks to queue
[2024-12-15T19:58:58.005+0000] {logging_mixin.py:190} INFO - [2024-12-15T19:58:58.004+0000] {dagbag.py:588} INFO - Filling up the DagBag from /home/airflow/.local/lib/python3.12/site-packages/airflow/example_dags/example_branch_labels.py
[2024-12-15T19:58:58.257+0000] {processor.py:925} INFO - DAG(s) 'example_branch_labels' retrieved from /home/airflow/.local/lib/python3.12/site-packages/airflow/example_dags/example_branch_labels.py
[2024-12-15T19:58:58.528+0000] {logging_mixin.py:190} INFO - [2024-12-15T19:58:58.527+0000] {dag.py:3239} INFO - Sync 1 DAGs
[2024-12-15T19:58:58.712+0000] {logging_mixin.py:190} INFO - [2024-12-15T19:58:58.711+0000] {dag.py:4180} INFO - Setting next_dagrun for example_branch_labels to 2024-12-14 00:00:00+00:00, run_after=2024-12-15 00:00:00+00:00
[2024-12-15T19:58:58.810+0000] {processor.py:208} INFO - Processing /home/airflow/.local/lib/python3.12/site-packages/airflow/example_dags/example_branch_labels.py took 0.862 seconds
[2024-12-15T20:00:49.078+0000] {processor.py:186} INFO - Started process (PID=126) to work on /home/airflow/.local/lib/python3.12/site-packages/airflow/example_dags/example_branch_labels.py
[2024-12-15T20:00:49.089+0000] {processor.py:914} INFO - Processing file /home/airflow/.local/lib/python3.12/site-packages/airflow/example_dags/example_branch_labels.py for tasks to queue
[2024-12-15T20:00:49.125+0000] {logging_mixin.py:190} INFO - [2024-12-15T20:00:49.122+0000] {dagbag.py:588} INFO - Filling up the DagBag from /home/airflow/.local/lib/python3.12/site-packages/airflow/example_dags/example_branch_labels.py
[2024-12-15T20:00:49.215+0000] {processor.py:925} INFO - DAG(s) 'example_branch_labels' retrieved from /home/airflow/.local/lib/python3.12/site-packages/airflow/example_dags/example_branch_labels.py
[2024-12-15T20:00:49.790+0000] {logging_mixin.py:190} INFO - [2024-12-15T20:00:49.790+0000] {dag.py:3239} INFO - Sync 1 DAGs
[2024-12-15T20:00:50.137+0000] {logging_mixin.py:190} INFO - [2024-12-15T20:00:50.134+0000] {dag.py:4180} INFO - Setting next_dagrun for example_branch_labels to 2024-12-14 00:00:00+00:00, run_after=2024-12-15 00:00:00+00:00
[2024-12-15T20:00:50.301+0000] {processor.py:208} INFO - Processing /home/airflow/.local/lib/python3.12/site-packages/airflow/example_dags/example_branch_labels.py took 1.260 seconds
[2024-12-15T20:01:45.713+0000] {processor.py:186} INFO - Started process (PID=185) to work on /home/airflow/.local/lib/python3.12/site-packages/airflow/example_dags/example_branch_labels.py
[2024-12-15T20:01:45.724+0000] {processor.py:914} INFO - Processing file /home/airflow/.local/lib/python3.12/site-packages/airflow/example_dags/example_branch_labels.py for tasks to queue
[2024-12-15T20:01:45.741+0000] {logging_mixin.py:190} INFO - [2024-12-15T20:01:45.740+0000] {dagbag.py:588} INFO - Filling up the DagBag from /home/airflow/.local/lib/python3.12/site-packages/airflow/example_dags/example_branch_labels.py
[2024-12-15T20:01:45.802+0000] {processor.py:925} INFO - DAG(s) 'example_branch_labels' retrieved from /home/airflow/.local/lib/python3.12/site-packages/airflow/example_dags/example_branch_labels.py
[2024-12-15T20:01:45.945+0000] {logging_mixin.py:190} INFO - [2024-12-15T20:01:45.944+0000] {dag.py:3239} INFO - Sync 1 DAGs
[2024-12-15T20:01:46.110+0000] {logging_mixin.py:190} INFO - [2024-12-15T20:01:46.093+0000] {dag.py:4180} INFO - Setting next_dagrun for example_branch_labels to 2024-12-14 00:00:00+00:00, run_after=2024-12-15 00:00:00+00:00
[2024-12-15T20:01:46.176+0000] {processor.py:208} INFO - Processing /home/airflow/.local/lib/python3.12/site-packages/airflow/example_dags/example_branch_labels.py took 0.526 seconds
[2024-12-15T20:02:19.980+0000] {processor.py:186} INFO - Started process (PID=249) to work on /home/airflow/.local/lib/python3.12/site-packages/airflow/example_dags/example_branch_labels.py
[2024-12-15T20:02:19.983+0000] {processor.py:914} INFO - Processing file /home/airflow/.local/lib/python3.12/site-packages/airflow/example_dags/example_branch_labels.py for tasks to queue
[2024-12-15T20:02:20.004+0000] {logging_mixin.py:190} INFO - [2024-12-15T20:02:20.004+0000] {dagbag.py:588} INFO - Filling up the DagBag from /home/airflow/.local/lib/python3.12/site-packages/airflow/example_dags/example_branch_labels.py
[2024-12-15T20:02:20.121+0000] {processor.py:925} INFO - DAG(s) 'example_branch_labels' retrieved from /home/airflow/.local/lib/python3.12/site-packages/airflow/example_dags/example_branch_labels.py
[2024-12-15T20:02:20.224+0000] {logging_mixin.py:190} INFO - [2024-12-15T20:02:20.222+0000] {dag.py:3239} INFO - Sync 1 DAGs
[2024-12-15T20:02:20.302+0000] {logging_mixin.py:190} INFO - [2024-12-15T20:02:20.302+0000] {dag.py:4180} INFO - Setting next_dagrun for example_branch_labels to 2024-12-14 00:00:00+00:00, run_after=2024-12-15 00:00:00+00:00
[2024-12-15T20:02:20.391+0000] {processor.py:208} INFO - Processing /home/airflow/.local/lib/python3.12/site-packages/airflow/example_dags/example_branch_labels.py took 0.430 seconds
[2024-12-15T20:02:57.731+0000] {processor.py:186} INFO - Started process (PID=286) to work on /home/airflow/.local/lib/python3.12/site-packages/airflow/example_dags/example_branch_labels.py
[2024-12-15T20:02:57.737+0000] {processor.py:914} INFO - Processing file /home/airflow/.local/lib/python3.12/site-packages/airflow/example_dags/example_branch_labels.py for tasks to queue
[2024-12-15T20:02:57.741+0000] {logging_mixin.py:190} INFO - [2024-12-15T20:02:57.741+0000] {dagbag.py:588} INFO - Filling up the DagBag from /home/airflow/.local/lib/python3.12/site-packages/airflow/example_dags/example_branch_labels.py
[2024-12-15T20:02:57.760+0000] {processor.py:925} INFO - DAG(s) 'example_branch_labels' retrieved from /home/airflow/.local/lib/python3.12/site-packages/airflow/example_dags/example_branch_labels.py
[2024-12-15T20:02:57.794+0000] {logging_mixin.py:190} INFO - [2024-12-15T20:02:57.793+0000] {dag.py:3239} INFO - Sync 1 DAGs
[2024-12-15T20:02:57.827+0000] {logging_mixin.py:190} INFO - [2024-12-15T20:02:57.827+0000] {dag.py:4180} INFO - Setting next_dagrun for example_branch_labels to 2024-12-14 00:00:00+00:00, run_after=2024-12-15 00:00:00+00:00
[2024-12-15T20:02:57.847+0000] {processor.py:208} INFO - Processing /home/airflow/.local/lib/python3.12/site-packages/airflow/example_dags/example_branch_labels.py took 0.128 seconds
[2024-12-15T20:03:28.841+0000] {processor.py:186} INFO - Started process (PID=348) to work on /home/airflow/.local/lib/python3.12/site-packages/airflow/example_dags/example_branch_labels.py
[2024-12-15T20:03:28.843+0000] {processor.py:914} INFO - Processing file /home/airflow/.local/lib/python3.12/site-packages/airflow/example_dags/example_branch_labels.py for tasks to queue
[2024-12-15T20:03:28.846+0000] {logging_mixin.py:190} INFO - [2024-12-15T20:03:28.846+0000] {dagbag.py:588} INFO - Filling up the DagBag from /home/airflow/.local/lib/python3.12/site-packages/airflow/example_dags/example_branch_labels.py
[2024-12-15T20:03:28.860+0000] {processor.py:925} INFO - DAG(s) 'example_branch_labels' retrieved from /home/airflow/.local/lib/python3.12/site-packages/airflow/example_dags/example_branch_labels.py
[2024-12-15T20:03:28.903+0000] {logging_mixin.py:190} INFO - [2024-12-15T20:03:28.903+0000] {dag.py:3239} INFO - Sync 1 DAGs
[2024-12-15T20:03:28.951+0000] {logging_mixin.py:190} INFO - [2024-12-15T20:03:28.950+0000] {dag.py:4180} INFO - Setting next_dagrun for example_branch_labels to 2024-12-14 00:00:00+00:00, run_after=2024-12-15 00:00:00+00:00
[2024-12-15T20:03:28.982+0000] {processor.py:208} INFO - Processing /home/airflow/.local/lib/python3.12/site-packages/airflow/example_dags/example_branch_labels.py took 0.153 seconds
[2024-12-15T20:04:01.032+0000] {processor.py:186} INFO - Started process (PID=419) to work on /home/airflow/.local/lib/python3.12/site-packages/airflow/example_dags/example_branch_labels.py
[2024-12-15T20:04:01.037+0000] {processor.py:914} INFO - Processing file /home/airflow/.local/lib/python3.12/site-packages/airflow/example_dags/example_branch_labels.py for tasks to queue
[2024-12-15T20:04:01.052+0000] {logging_mixin.py:190} INFO - [2024-12-15T20:04:01.050+0000] {dagbag.py:588} INFO - Filling up the DagBag from /home/airflow/.local/lib/python3.12/site-packages/airflow/example_dags/example_branch_labels.py
[2024-12-15T20:04:01.086+0000] {processor.py:925} INFO - DAG(s) 'example_branch_labels' retrieved from /home/airflow/.local/lib/python3.12/site-packages/airflow/example_dags/example_branch_labels.py
[2024-12-15T20:04:01.127+0000] {logging_mixin.py:190} INFO - [2024-12-15T20:04:01.127+0000] {dag.py:3239} INFO - Sync 1 DAGs
[2024-12-15T20:04:01.175+0000] {logging_mixin.py:190} INFO - [2024-12-15T20:04:01.175+0000] {dag.py:4180} INFO - Setting next_dagrun for example_branch_labels to 2024-12-14 00:00:00+00:00, run_after=2024-12-15 00:00:00+00:00
[2024-12-15T20:04:01.231+0000] {processor.py:208} INFO - Processing /home/airflow/.local/lib/python3.12/site-packages/airflow/example_dags/example_branch_labels.py took 0.229 seconds
[2024-12-15T20:04:33.603+0000] {processor.py:186} INFO - Started process (PID=483) to work on /home/airflow/.local/lib/python3.12/site-packages/airflow/example_dags/example_branch_labels.py
[2024-12-15T20:04:33.612+0000] {processor.py:914} INFO - Processing file /home/airflow/.local/lib/python3.12/site-packages/airflow/example_dags/example_branch_labels.py for tasks to queue
[2024-12-15T20:04:33.616+0000] {logging_mixin.py:190} INFO - [2024-12-15T20:04:33.616+0000] {dagbag.py:588} INFO - Filling up the DagBag from /home/airflow/.local/lib/python3.12/site-packages/airflow/example_dags/example_branch_labels.py
[2024-12-15T20:04:33.667+0000] {processor.py:925} INFO - DAG(s) 'example_branch_labels' retrieved from /home/airflow/.local/lib/python3.12/site-packages/airflow/example_dags/example_branch_labels.py
[2024-12-15T20:04:33.754+0000] {logging_mixin.py:190} INFO - [2024-12-15T20:04:33.753+0000] {dag.py:3239} INFO - Sync 1 DAGs
[2024-12-15T20:04:33.831+0000] {logging_mixin.py:190} INFO - [2024-12-15T20:04:33.830+0000] {dag.py:4180} INFO - Setting next_dagrun for example_branch_labels to 2024-12-14 00:00:00+00:00, run_after=2024-12-15 00:00:00+00:00
[2024-12-15T20:04:33.988+0000] {processor.py:208} INFO - Processing /home/airflow/.local/lib/python3.12/site-packages/airflow/example_dags/example_branch_labels.py took 0.402 seconds
[2024-12-15T20:05:04.989+0000] {processor.py:186} INFO - Started process (PID=547) to work on /home/airflow/.local/lib/python3.12/site-packages/airflow/example_dags/example_branch_labels.py
[2024-12-15T20:05:05.007+0000] {processor.py:914} INFO - Processing file /home/airflow/.local/lib/python3.12/site-packages/airflow/example_dags/example_branch_labels.py for tasks to queue
[2024-12-15T20:05:05.014+0000] {logging_mixin.py:190} INFO - [2024-12-15T20:05:05.013+0000] {dagbag.py:588} INFO - Filling up the DagBag from /home/airflow/.local/lib/python3.12/site-packages/airflow/example_dags/example_branch_labels.py
[2024-12-15T20:05:05.072+0000] {processor.py:925} INFO - DAG(s) 'example_branch_labels' retrieved from /home/airflow/.local/lib/python3.12/site-packages/airflow/example_dags/example_branch_labels.py
[2024-12-15T20:05:05.299+0000] {logging_mixin.py:190} INFO - [2024-12-15T20:05:05.299+0000] {dag.py:3239} INFO - Sync 1 DAGs
[2024-12-15T20:05:05.385+0000] {logging_mixin.py:190} INFO - [2024-12-15T20:05:05.384+0000] {dag.py:4180} INFO - Setting next_dagrun for example_branch_labels to 2024-12-14 00:00:00+00:00, run_after=2024-12-15 00:00:00+00:00
[2024-12-15T20:05:05.522+0000] {processor.py:208} INFO - Processing /home/airflow/.local/lib/python3.12/site-packages/airflow/example_dags/example_branch_labels.py took 0.577 seconds
[2024-12-15T20:05:53.196+0000] {processor.py:186} INFO - Started process (PID=556) to work on /home/airflow/.local/lib/python3.12/site-packages/airflow/example_dags/example_branch_labels.py
[2024-12-15T20:05:53.200+0000] {processor.py:914} INFO - Processing file /home/airflow/.local/lib/python3.12/site-packages/airflow/example_dags/example_branch_labels.py for tasks to queue
[2024-12-15T20:05:53.218+0000] {logging_mixin.py:190} INFO - [2024-12-15T20:05:53.218+0000] {dagbag.py:588} INFO - Filling up the DagBag from /home/airflow/.local/lib/python3.12/site-packages/airflow/example_dags/example_branch_labels.py
[2024-12-15T20:05:53.309+0000] {processor.py:925} INFO - DAG(s) 'example_branch_labels' retrieved from /home/airflow/.local/lib/python3.12/site-packages/airflow/example_dags/example_branch_labels.py
[2024-12-15T20:05:53.401+0000] {logging_mixin.py:190} INFO - [2024-12-15T20:05:53.400+0000] {dag.py:3239} INFO - Sync 1 DAGs
[2024-12-15T20:05:53.492+0000] {logging_mixin.py:190} INFO - [2024-12-15T20:05:53.492+0000] {dag.py:4180} INFO - Setting next_dagrun for example_branch_labels to 2024-12-14 00:00:00+00:00, run_after=2024-12-15 00:00:00+00:00
[2024-12-15T20:05:53.560+0000] {processor.py:208} INFO - Processing /home/airflow/.local/lib/python3.12/site-packages/airflow/example_dags/example_branch_labels.py took 0.398 seconds
[2024-12-15T20:06:24.276+0000] {processor.py:186} INFO - Started process (PID=621) to work on /home/airflow/.local/lib/python3.12/site-packages/airflow/example_dags/example_branch_labels.py
[2024-12-15T20:06:24.294+0000] {processor.py:914} INFO - Processing file /home/airflow/.local/lib/python3.12/site-packages/airflow/example_dags/example_branch_labels.py for tasks to queue
[2024-12-15T20:06:24.325+0000] {logging_mixin.py:190} INFO - [2024-12-15T20:06:24.325+0000] {dagbag.py:588} INFO - Filling up the DagBag from /home/airflow/.local/lib/python3.12/site-packages/airflow/example_dags/example_branch_labels.py
[2024-12-15T20:06:24.404+0000] {processor.py:925} INFO - DAG(s) 'example_branch_labels' retrieved from /home/airflow/.local/lib/python3.12/site-packages/airflow/example_dags/example_branch_labels.py
[2024-12-15T20:06:24.491+0000] {logging_mixin.py:190} INFO - [2024-12-15T20:06:24.491+0000] {dag.py:3239} INFO - Sync 1 DAGs
[2024-12-15T20:06:24.572+0000] {logging_mixin.py:190} INFO - [2024-12-15T20:06:24.571+0000] {dag.py:4180} INFO - Setting next_dagrun for example_branch_labels to 2024-12-14 00:00:00+00:00, run_after=2024-12-15 00:00:00+00:00
[2024-12-15T20:06:24.600+0000] {processor.py:208} INFO - Processing /home/airflow/.local/lib/python3.12/site-packages/airflow/example_dags/example_branch_labels.py took 0.419 seconds
[2024-12-15T20:06:54.925+0000] {processor.py:186} INFO - Started process (PID=686) to work on /home/airflow/.local/lib/python3.12/site-packages/airflow/example_dags/example_branch_labels.py
[2024-12-15T20:06:54.927+0000] {processor.py:914} INFO - Processing file /home/airflow/.local/lib/python3.12/site-packages/airflow/example_dags/example_branch_labels.py for tasks to queue
[2024-12-15T20:06:54.948+0000] {logging_mixin.py:190} INFO - [2024-12-15T20:06:54.947+0000] {dagbag.py:588} INFO - Filling up the DagBag from /home/airflow/.local/lib/python3.12/site-packages/airflow/example_dags/example_branch_labels.py
[2024-12-15T20:06:54.971+0000] {processor.py:925} INFO - DAG(s) 'example_branch_labels' retrieved from /home/airflow/.local/lib/python3.12/site-packages/airflow/example_dags/example_branch_labels.py
[2024-12-15T20:06:55.023+0000] {logging_mixin.py:190} INFO - [2024-12-15T20:06:55.023+0000] {dag.py:3239} INFO - Sync 1 DAGs
[2024-12-15T20:06:55.082+0000] {logging_mixin.py:190} INFO - [2024-12-15T20:06:55.082+0000] {dag.py:4180} INFO - Setting next_dagrun for example_branch_labels to 2024-12-14 00:00:00+00:00, run_after=2024-12-15 00:00:00+00:00
[2024-12-15T20:06:55.120+0000] {processor.py:208} INFO - Processing /home/airflow/.local/lib/python3.12/site-packages/airflow/example_dags/example_branch_labels.py took 0.210 seconds
[2024-12-15T20:15:49.370+0000] {processor.py:186} INFO - Started process (PID=48) to work on /home/airflow/.local/lib/python3.12/site-packages/airflow/example_dags/example_branch_labels.py
[2024-12-15T20:15:49.390+0000] {processor.py:914} INFO - Processing file /home/airflow/.local/lib/python3.12/site-packages/airflow/example_dags/example_branch_labels.py for tasks to queue
[2024-12-15T20:15:49.403+0000] {logging_mixin.py:190} INFO - [2024-12-15T20:15:49.403+0000] {dagbag.py:588} INFO - Filling up the DagBag from /home/airflow/.local/lib/python3.12/site-packages/airflow/example_dags/example_branch_labels.py
[2024-12-15T20:15:49.511+0000] {processor.py:925} INFO - DAG(s) 'example_branch_labels' retrieved from /home/airflow/.local/lib/python3.12/site-packages/airflow/example_dags/example_branch_labels.py
[2024-12-15T20:15:49.639+0000] {logging_mixin.py:190} INFO - [2024-12-15T20:15:49.638+0000] {dag.py:3239} INFO - Sync 1 DAGs
[2024-12-15T20:15:49.768+0000] {logging_mixin.py:190} INFO - [2024-12-15T20:15:49.768+0000] {dag.py:4180} INFO - Setting next_dagrun for example_branch_labels to 2024-12-14 00:00:00+00:00, run_after=2024-12-15 00:00:00+00:00
[2024-12-15T20:15:50.059+0000] {processor.py:208} INFO - Processing /home/airflow/.local/lib/python3.12/site-packages/airflow/example_dags/example_branch_labels.py took 0.769 seconds
[2024-12-15T20:16:42.754+0000] {processor.py:186} INFO - Started process (PID=114) to work on /home/airflow/.local/lib/python3.12/site-packages/airflow/example_dags/example_branch_labels.py
[2024-12-15T20:16:42.765+0000] {processor.py:914} INFO - Processing file /home/airflow/.local/lib/python3.12/site-packages/airflow/example_dags/example_branch_labels.py for tasks to queue
[2024-12-15T20:16:42.805+0000] {logging_mixin.py:190} INFO - [2024-12-15T20:16:42.804+0000] {dagbag.py:588} INFO - Filling up the DagBag from /home/airflow/.local/lib/python3.12/site-packages/airflow/example_dags/example_branch_labels.py
[2024-12-15T20:16:42.909+0000] {processor.py:925} INFO - DAG(s) 'example_branch_labels' retrieved from /home/airflow/.local/lib/python3.12/site-packages/airflow/example_dags/example_branch_labels.py
[2024-12-15T20:16:43.117+0000] {logging_mixin.py:190} INFO - [2024-12-15T20:16:43.116+0000] {dag.py:3239} INFO - Sync 1 DAGs
[2024-12-15T20:16:44.333+0000] {logging_mixin.py:190} INFO - [2024-12-15T20:16:44.332+0000] {dag.py:4180} INFO - Setting next_dagrun for example_branch_labels to 2024-12-14 00:00:00+00:00, run_after=2024-12-15 00:00:00+00:00
[2024-12-15T20:16:44.445+0000] {processor.py:208} INFO - Processing /home/airflow/.local/lib/python3.12/site-packages/airflow/example_dags/example_branch_labels.py took 1.820 seconds
[2024-12-15T20:17:15.214+0000] {processor.py:186} INFO - Started process (PID=177) to work on /home/airflow/.local/lib/python3.12/site-packages/airflow/example_dags/example_branch_labels.py
[2024-12-15T20:17:15.216+0000] {processor.py:914} INFO - Processing file /home/airflow/.local/lib/python3.12/site-packages/airflow/example_dags/example_branch_labels.py for tasks to queue
[2024-12-15T20:17:15.220+0000] {logging_mixin.py:190} INFO - [2024-12-15T20:17:15.219+0000] {dagbag.py:588} INFO - Filling up the DagBag from /home/airflow/.local/lib/python3.12/site-packages/airflow/example_dags/example_branch_labels.py
[2024-12-15T20:17:15.240+0000] {processor.py:925} INFO - DAG(s) 'example_branch_labels' retrieved from /home/airflow/.local/lib/python3.12/site-packages/airflow/example_dags/example_branch_labels.py
[2024-12-15T20:17:15.269+0000] {logging_mixin.py:190} INFO - [2024-12-15T20:17:15.268+0000] {dag.py:3239} INFO - Sync 1 DAGs
[2024-12-15T20:17:15.309+0000] {logging_mixin.py:190} INFO - [2024-12-15T20:17:15.308+0000] {dag.py:4180} INFO - Setting next_dagrun for example_branch_labels to 2024-12-14 00:00:00+00:00, run_after=2024-12-15 00:00:00+00:00
[2024-12-15T20:17:15.348+0000] {processor.py:208} INFO - Processing /home/airflow/.local/lib/python3.12/site-packages/airflow/example_dags/example_branch_labels.py took 0.142 seconds
[2024-12-15T20:17:46.136+0000] {processor.py:186} INFO - Started process (PID=241) to work on /home/airflow/.local/lib/python3.12/site-packages/airflow/example_dags/example_branch_labels.py
[2024-12-15T20:17:46.141+0000] {processor.py:914} INFO - Processing file /home/airflow/.local/lib/python3.12/site-packages/airflow/example_dags/example_branch_labels.py for tasks to queue
[2024-12-15T20:17:46.151+0000] {logging_mixin.py:190} INFO - [2024-12-15T20:17:46.149+0000] {dagbag.py:588} INFO - Filling up the DagBag from /home/airflow/.local/lib/python3.12/site-packages/airflow/example_dags/example_branch_labels.py
[2024-12-15T20:17:46.223+0000] {processor.py:925} INFO - DAG(s) 'example_branch_labels' retrieved from /home/airflow/.local/lib/python3.12/site-packages/airflow/example_dags/example_branch_labels.py
[2024-12-15T20:17:46.343+0000] {logging_mixin.py:190} INFO - [2024-12-15T20:17:46.343+0000] {dag.py:3239} INFO - Sync 1 DAGs
[2024-12-15T20:17:47.078+0000] {logging_mixin.py:190} INFO - [2024-12-15T20:17:47.076+0000] {dag.py:4180} INFO - Setting next_dagrun for example_branch_labels to 2024-12-14 00:00:00+00:00, run_after=2024-12-15 00:00:00+00:00
[2024-12-15T20:17:47.515+0000] {processor.py:208} INFO - Processing /home/airflow/.local/lib/python3.12/site-packages/airflow/example_dags/example_branch_labels.py took 1.444 seconds
[2024-12-15T20:18:18.143+0000] {processor.py:186} INFO - Started process (PID=304) to work on /home/airflow/.local/lib/python3.12/site-packages/airflow/example_dags/example_branch_labels.py
[2024-12-15T20:18:18.145+0000] {processor.py:914} INFO - Processing file /home/airflow/.local/lib/python3.12/site-packages/airflow/example_dags/example_branch_labels.py for tasks to queue
[2024-12-15T20:18:18.150+0000] {logging_mixin.py:190} INFO - [2024-12-15T20:18:18.150+0000] {dagbag.py:588} INFO - Filling up the DagBag from /home/airflow/.local/lib/python3.12/site-packages/airflow/example_dags/example_branch_labels.py
[2024-12-15T20:18:18.167+0000] {processor.py:925} INFO - DAG(s) 'example_branch_labels' retrieved from /home/airflow/.local/lib/python3.12/site-packages/airflow/example_dags/example_branch_labels.py
[2024-12-15T20:18:18.196+0000] {logging_mixin.py:190} INFO - [2024-12-15T20:18:18.195+0000] {dag.py:3239} INFO - Sync 1 DAGs
[2024-12-15T20:18:18.242+0000] {logging_mixin.py:190} INFO - [2024-12-15T20:18:18.242+0000] {dag.py:4180} INFO - Setting next_dagrun for example_branch_labels to 2024-12-14 00:00:00+00:00, run_after=2024-12-15 00:00:00+00:00
[2024-12-15T20:18:18.267+0000] {processor.py:208} INFO - Processing /home/airflow/.local/lib/python3.12/site-packages/airflow/example_dags/example_branch_labels.py took 0.133 seconds
[2024-12-15T20:18:59.410+0000] {processor.py:186} INFO - Started process (PID=362) to work on /home/airflow/.local/lib/python3.12/site-packages/airflow/example_dags/example_branch_labels.py
[2024-12-15T20:18:59.412+0000] {processor.py:914} INFO - Processing file /home/airflow/.local/lib/python3.12/site-packages/airflow/example_dags/example_branch_labels.py for tasks to queue
[2024-12-15T20:18:59.420+0000] {logging_mixin.py:190} INFO - [2024-12-15T20:18:59.418+0000] {dagbag.py:588} INFO - Filling up the DagBag from /home/airflow/.local/lib/python3.12/site-packages/airflow/example_dags/example_branch_labels.py
[2024-12-15T20:18:59.440+0000] {processor.py:925} INFO - DAG(s) 'example_branch_labels' retrieved from /home/airflow/.local/lib/python3.12/site-packages/airflow/example_dags/example_branch_labels.py
[2024-12-15T20:18:59.471+0000] {logging_mixin.py:190} INFO - [2024-12-15T20:18:59.471+0000] {dag.py:3239} INFO - Sync 1 DAGs
[2024-12-15T20:18:59.505+0000] {logging_mixin.py:190} INFO - [2024-12-15T20:18:59.505+0000] {dag.py:4180} INFO - Setting next_dagrun for example_branch_labels to 2024-12-14 00:00:00+00:00, run_after=2024-12-15 00:00:00+00:00
[2024-12-15T20:18:59.525+0000] {processor.py:208} INFO - Processing /home/airflow/.local/lib/python3.12/site-packages/airflow/example_dags/example_branch_labels.py took 0.130 seconds
[2024-12-15T20:20:03.768+0000] {processor.py:186} INFO - Started process (PID=429) to work on /home/airflow/.local/lib/python3.12/site-packages/airflow/example_dags/example_branch_labels.py
[2024-12-15T20:20:03.810+0000] {processor.py:914} INFO - Processing file /home/airflow/.local/lib/python3.12/site-packages/airflow/example_dags/example_branch_labels.py for tasks to queue
[2024-12-15T20:20:03.840+0000] {logging_mixin.py:190} INFO - [2024-12-15T20:20:03.838+0000] {dagbag.py:588} INFO - Filling up the DagBag from /home/airflow/.local/lib/python3.12/site-packages/airflow/example_dags/example_branch_labels.py
[2024-12-15T20:20:03.914+0000] {processor.py:925} INFO - DAG(s) 'example_branch_labels' retrieved from /home/airflow/.local/lib/python3.12/site-packages/airflow/example_dags/example_branch_labels.py
[2024-12-15T20:20:04.002+0000] {logging_mixin.py:190} INFO - [2024-12-15T20:20:04.001+0000] {dag.py:3239} INFO - Sync 1 DAGs
[2024-12-15T20:20:04.108+0000] {logging_mixin.py:190} INFO - [2024-12-15T20:20:04.108+0000] {dag.py:4180} INFO - Setting next_dagrun for example_branch_labels to 2024-12-14 00:00:00+00:00, run_after=2024-12-15 00:00:00+00:00
[2024-12-15T20:20:04.197+0000] {processor.py:208} INFO - Processing /home/airflow/.local/lib/python3.12/site-packages/airflow/example_dags/example_branch_labels.py took 0.499 seconds
[2024-12-15T20:21:12.097+0000] {processor.py:186} INFO - Started process (PID=492) to work on /home/airflow/.local/lib/python3.12/site-packages/airflow/example_dags/example_branch_labels.py
[2024-12-15T20:21:12.101+0000] {processor.py:914} INFO - Processing file /home/airflow/.local/lib/python3.12/site-packages/airflow/example_dags/example_branch_labels.py for tasks to queue
[2024-12-15T20:21:12.103+0000] {logging_mixin.py:190} INFO - [2024-12-15T20:21:12.103+0000] {dagbag.py:588} INFO - Filling up the DagBag from /home/airflow/.local/lib/python3.12/site-packages/airflow/example_dags/example_branch_labels.py
[2024-12-15T20:21:12.131+0000] {processor.py:925} INFO - DAG(s) 'example_branch_labels' retrieved from /home/airflow/.local/lib/python3.12/site-packages/airflow/example_dags/example_branch_labels.py
[2024-12-15T20:21:12.167+0000] {logging_mixin.py:190} INFO - [2024-12-15T20:21:12.167+0000] {dag.py:3239} INFO - Sync 1 DAGs
[2024-12-15T20:21:12.198+0000] {logging_mixin.py:190} INFO - [2024-12-15T20:21:12.198+0000] {dag.py:4180} INFO - Setting next_dagrun for example_branch_labels to 2024-12-14 00:00:00+00:00, run_after=2024-12-15 00:00:00+00:00
[2024-12-15T20:21:12.223+0000] {processor.py:208} INFO - Processing /home/airflow/.local/lib/python3.12/site-packages/airflow/example_dags/example_branch_labels.py took 0.136 seconds
[2024-12-15T20:21:42.934+0000] {processor.py:186} INFO - Started process (PID=557) to work on /home/airflow/.local/lib/python3.12/site-packages/airflow/example_dags/example_branch_labels.py
[2024-12-15T20:21:42.937+0000] {processor.py:914} INFO - Processing file /home/airflow/.local/lib/python3.12/site-packages/airflow/example_dags/example_branch_labels.py for tasks to queue
[2024-12-15T20:21:42.940+0000] {logging_mixin.py:190} INFO - [2024-12-15T20:21:42.939+0000] {dagbag.py:588} INFO - Filling up the DagBag from /home/airflow/.local/lib/python3.12/site-packages/airflow/example_dags/example_branch_labels.py
[2024-12-15T20:21:42.957+0000] {processor.py:925} INFO - DAG(s) 'example_branch_labels' retrieved from /home/airflow/.local/lib/python3.12/site-packages/airflow/example_dags/example_branch_labels.py
[2024-12-15T20:21:42.987+0000] {logging_mixin.py:190} INFO - [2024-12-15T20:21:42.986+0000] {dag.py:3239} INFO - Sync 1 DAGs
[2024-12-15T20:21:43.027+0000] {logging_mixin.py:190} INFO - [2024-12-15T20:21:43.026+0000] {dag.py:4180} INFO - Setting next_dagrun for example_branch_labels to 2024-12-14 00:00:00+00:00, run_after=2024-12-15 00:00:00+00:00
[2024-12-15T20:21:43.051+0000] {processor.py:208} INFO - Processing /home/airflow/.local/lib/python3.12/site-packages/airflow/example_dags/example_branch_labels.py took 0.128 seconds
[2024-12-15T20:22:13.175+0000] {processor.py:186} INFO - Started process (PID=621) to work on /home/airflow/.local/lib/python3.12/site-packages/airflow/example_dags/example_branch_labels.py
[2024-12-15T20:22:13.179+0000] {processor.py:914} INFO - Processing file /home/airflow/.local/lib/python3.12/site-packages/airflow/example_dags/example_branch_labels.py for tasks to queue
[2024-12-15T20:22:13.182+0000] {logging_mixin.py:190} INFO - [2024-12-15T20:22:13.181+0000] {dagbag.py:588} INFO - Filling up the DagBag from /home/airflow/.local/lib/python3.12/site-packages/airflow/example_dags/example_branch_labels.py
[2024-12-15T20:22:13.205+0000] {processor.py:925} INFO - DAG(s) 'example_branch_labels' retrieved from /home/airflow/.local/lib/python3.12/site-packages/airflow/example_dags/example_branch_labels.py
[2024-12-15T20:22:13.237+0000] {logging_mixin.py:190} INFO - [2024-12-15T20:22:13.237+0000] {dag.py:3239} INFO - Sync 1 DAGs
[2024-12-15T20:22:13.274+0000] {logging_mixin.py:190} INFO - [2024-12-15T20:22:13.274+0000] {dag.py:4180} INFO - Setting next_dagrun for example_branch_labels to 2024-12-14 00:00:00+00:00, run_after=2024-12-15 00:00:00+00:00
[2024-12-15T20:22:13.332+0000] {processor.py:208} INFO - Processing /home/airflow/.local/lib/python3.12/site-packages/airflow/example_dags/example_branch_labels.py took 0.170 seconds
[2024-12-15T20:22:43.744+0000] {processor.py:186} INFO - Started process (PID=687) to work on /home/airflow/.local/lib/python3.12/site-packages/airflow/example_dags/example_branch_labels.py
[2024-12-15T20:22:43.746+0000] {processor.py:914} INFO - Processing file /home/airflow/.local/lib/python3.12/site-packages/airflow/example_dags/example_branch_labels.py for tasks to queue
[2024-12-15T20:22:43.750+0000] {logging_mixin.py:190} INFO - [2024-12-15T20:22:43.750+0000] {dagbag.py:588} INFO - Filling up the DagBag from /home/airflow/.local/lib/python3.12/site-packages/airflow/example_dags/example_branch_labels.py
[2024-12-15T20:22:43.770+0000] {processor.py:925} INFO - DAG(s) 'example_branch_labels' retrieved from /home/airflow/.local/lib/python3.12/site-packages/airflow/example_dags/example_branch_labels.py
[2024-12-15T20:22:43.803+0000] {logging_mixin.py:190} INFO - [2024-12-15T20:22:43.802+0000] {dag.py:3239} INFO - Sync 1 DAGs
[2024-12-15T20:22:43.850+0000] {logging_mixin.py:190} INFO - [2024-12-15T20:22:43.849+0000] {dag.py:4180} INFO - Setting next_dagrun for example_branch_labels to 2024-12-14 00:00:00+00:00, run_after=2024-12-15 00:00:00+00:00
[2024-12-15T20:22:43.887+0000] {processor.py:208} INFO - Processing /home/airflow/.local/lib/python3.12/site-packages/airflow/example_dags/example_branch_labels.py took 0.152 seconds
[2024-12-15T20:23:15.784+0000] {processor.py:186} INFO - Started process (PID=741) to work on /home/airflow/.local/lib/python3.12/site-packages/airflow/example_dags/example_branch_labels.py
[2024-12-15T20:23:15.791+0000] {processor.py:914} INFO - Processing file /home/airflow/.local/lib/python3.12/site-packages/airflow/example_dags/example_branch_labels.py for tasks to queue
[2024-12-15T20:23:15.796+0000] {logging_mixin.py:190} INFO - [2024-12-15T20:23:15.795+0000] {dagbag.py:588} INFO - Filling up the DagBag from /home/airflow/.local/lib/python3.12/site-packages/airflow/example_dags/example_branch_labels.py
[2024-12-15T20:23:15.896+0000] {processor.py:925} INFO - DAG(s) 'example_branch_labels' retrieved from /home/airflow/.local/lib/python3.12/site-packages/airflow/example_dags/example_branch_labels.py
[2024-12-15T20:23:15.985+0000] {logging_mixin.py:190} INFO - [2024-12-15T20:23:15.984+0000] {dag.py:3239} INFO - Sync 1 DAGs
[2024-12-15T20:23:16.169+0000] {logging_mixin.py:190} INFO - [2024-12-15T20:23:16.168+0000] {dag.py:4180} INFO - Setting next_dagrun for example_branch_labels to 2024-12-14 00:00:00+00:00, run_after=2024-12-15 00:00:00+00:00
[2024-12-15T20:23:16.267+0000] {processor.py:208} INFO - Processing /home/airflow/.local/lib/python3.12/site-packages/airflow/example_dags/example_branch_labels.py took 0.520 seconds
[2024-12-15T20:23:47.797+0000] {processor.py:186} INFO - Started process (PID=806) to work on /home/airflow/.local/lib/python3.12/site-packages/airflow/example_dags/example_branch_labels.py
[2024-12-15T20:23:47.799+0000] {processor.py:914} INFO - Processing file /home/airflow/.local/lib/python3.12/site-packages/airflow/example_dags/example_branch_labels.py for tasks to queue
[2024-12-15T20:23:47.802+0000] {logging_mixin.py:190} INFO - [2024-12-15T20:23:47.801+0000] {dagbag.py:588} INFO - Filling up the DagBag from /home/airflow/.local/lib/python3.12/site-packages/airflow/example_dags/example_branch_labels.py
[2024-12-15T20:23:47.821+0000] {processor.py:925} INFO - DAG(s) 'example_branch_labels' retrieved from /home/airflow/.local/lib/python3.12/site-packages/airflow/example_dags/example_branch_labels.py
[2024-12-15T20:23:47.861+0000] {logging_mixin.py:190} INFO - [2024-12-15T20:23:47.861+0000] {dag.py:3239} INFO - Sync 1 DAGs
[2024-12-15T20:23:47.901+0000] {logging_mixin.py:190} INFO - [2024-12-15T20:23:47.901+0000] {dag.py:4180} INFO - Setting next_dagrun for example_branch_labels to 2024-12-14 00:00:00+00:00, run_after=2024-12-15 00:00:00+00:00
[2024-12-15T20:23:47.930+0000] {processor.py:208} INFO - Processing /home/airflow/.local/lib/python3.12/site-packages/airflow/example_dags/example_branch_labels.py took 0.156 seconds
[2024-12-15T20:24:43.912+0000] {processor.py:186} INFO - Started process (PID=829) to work on /home/airflow/.local/lib/python3.12/site-packages/airflow/example_dags/example_branch_labels.py
[2024-12-15T20:24:43.922+0000] {processor.py:914} INFO - Processing file /home/airflow/.local/lib/python3.12/site-packages/airflow/example_dags/example_branch_labels.py for tasks to queue
[2024-12-15T20:24:43.926+0000] {logging_mixin.py:190} INFO - [2024-12-15T20:24:43.926+0000] {dagbag.py:588} INFO - Filling up the DagBag from /home/airflow/.local/lib/python3.12/site-packages/airflow/example_dags/example_branch_labels.py
[2024-12-15T20:24:44.003+0000] {processor.py:925} INFO - DAG(s) 'example_branch_labels' retrieved from /home/airflow/.local/lib/python3.12/site-packages/airflow/example_dags/example_branch_labels.py
[2024-12-15T20:24:44.110+0000] {logging_mixin.py:190} INFO - [2024-12-15T20:24:44.109+0000] {dag.py:3239} INFO - Sync 1 DAGs
[2024-12-15T20:24:44.342+0000] {logging_mixin.py:190} INFO - [2024-12-15T20:24:44.314+0000] {dag.py:4180} INFO - Setting next_dagrun for example_branch_labels to 2024-12-14 00:00:00+00:00, run_after=2024-12-15 00:00:00+00:00
[2024-12-15T20:24:44.494+0000] {processor.py:208} INFO - Processing /home/airflow/.local/lib/python3.12/site-packages/airflow/example_dags/example_branch_labels.py took 0.606 seconds
[2024-12-15T20:28:40.356+0000] {processor.py:186} INFO - Started process (PID=855) to work on /home/airflow/.local/lib/python3.12/site-packages/airflow/example_dags/example_branch_labels.py
[2024-12-15T20:28:40.363+0000] {processor.py:914} INFO - Processing file /home/airflow/.local/lib/python3.12/site-packages/airflow/example_dags/example_branch_labels.py for tasks to queue
[2024-12-15T20:28:40.370+0000] {logging_mixin.py:190} INFO - [2024-12-15T20:28:40.369+0000] {dagbag.py:588} INFO - Filling up the DagBag from /home/airflow/.local/lib/python3.12/site-packages/airflow/example_dags/example_branch_labels.py
[2024-12-15T20:28:40.519+0000] {processor.py:925} INFO - DAG(s) 'example_branch_labels' retrieved from /home/airflow/.local/lib/python3.12/site-packages/airflow/example_dags/example_branch_labels.py
[2024-12-15T20:28:40.691+0000] {logging_mixin.py:190} INFO - [2024-12-15T20:28:40.691+0000] {dag.py:3239} INFO - Sync 1 DAGs
[2024-12-15T20:28:40.896+0000] {logging_mixin.py:190} INFO - [2024-12-15T20:28:40.895+0000] {dag.py:4180} INFO - Setting next_dagrun for example_branch_labels to 2024-12-14 00:00:00+00:00, run_after=2024-12-15 00:00:00+00:00
[2024-12-15T20:28:41.004+0000] {processor.py:208} INFO - Processing /home/airflow/.local/lib/python3.12/site-packages/airflow/example_dags/example_branch_labels.py took 0.687 seconds
[2024-12-15T20:29:28.761+0000] {processor.py:186} INFO - Started process (PID=919) to work on /home/airflow/.local/lib/python3.12/site-packages/airflow/example_dags/example_branch_labels.py
[2024-12-15T20:29:28.775+0000] {processor.py:914} INFO - Processing file /home/airflow/.local/lib/python3.12/site-packages/airflow/example_dags/example_branch_labels.py for tasks to queue
[2024-12-15T20:29:28.786+0000] {logging_mixin.py:190} INFO - [2024-12-15T20:29:28.785+0000] {dagbag.py:588} INFO - Filling up the DagBag from /home/airflow/.local/lib/python3.12/site-packages/airflow/example_dags/example_branch_labels.py
[2024-12-15T20:29:28.834+0000] {processor.py:925} INFO - DAG(s) 'example_branch_labels' retrieved from /home/airflow/.local/lib/python3.12/site-packages/airflow/example_dags/example_branch_labels.py
[2024-12-15T20:29:28.988+0000] {logging_mixin.py:190} INFO - [2024-12-15T20:29:28.980+0000] {dag.py:3239} INFO - Sync 1 DAGs
[2024-12-15T20:29:29.129+0000] {logging_mixin.py:190} INFO - [2024-12-15T20:29:29.128+0000] {dag.py:4180} INFO - Setting next_dagrun for example_branch_labels to 2024-12-14 00:00:00+00:00, run_after=2024-12-15 00:00:00+00:00
[2024-12-15T20:29:29.213+0000] {processor.py:208} INFO - Processing /home/airflow/.local/lib/python3.12/site-packages/airflow/example_dags/example_branch_labels.py took 0.481 seconds
[2024-12-15T20:30:30.713+0000] {processor.py:186} INFO - Started process (PID=970) to work on /home/airflow/.local/lib/python3.12/site-packages/airflow/example_dags/example_branch_labels.py
[2024-12-15T20:30:30.721+0000] {processor.py:914} INFO - Processing file /home/airflow/.local/lib/python3.12/site-packages/airflow/example_dags/example_branch_labels.py for tasks to queue
[2024-12-15T20:30:30.729+0000] {logging_mixin.py:190} INFO - [2024-12-15T20:30:30.727+0000] {dagbag.py:588} INFO - Filling up the DagBag from /home/airflow/.local/lib/python3.12/site-packages/airflow/example_dags/example_branch_labels.py
[2024-12-15T20:30:30.830+0000] {processor.py:925} INFO - DAG(s) 'example_branch_labels' retrieved from /home/airflow/.local/lib/python3.12/site-packages/airflow/example_dags/example_branch_labels.py
[2024-12-15T20:30:30.938+0000] {logging_mixin.py:190} INFO - [2024-12-15T20:30:30.938+0000] {dag.py:3239} INFO - Sync 1 DAGs
[2024-12-15T20:30:31.013+0000] {logging_mixin.py:190} INFO - [2024-12-15T20:30:31.011+0000] {dag.py:4180} INFO - Setting next_dagrun for example_branch_labels to 2024-12-14 00:00:00+00:00, run_after=2024-12-15 00:00:00+00:00
[2024-12-15T20:30:31.056+0000] {processor.py:208} INFO - Processing /home/airflow/.local/lib/python3.12/site-packages/airflow/example_dags/example_branch_labels.py took 0.379 seconds
[2024-12-15T20:31:02.912+0000] {processor.py:186} INFO - Started process (PID=1035) to work on /home/airflow/.local/lib/python3.12/site-packages/airflow/example_dags/example_branch_labels.py
[2024-12-15T20:31:02.915+0000] {processor.py:914} INFO - Processing file /home/airflow/.local/lib/python3.12/site-packages/airflow/example_dags/example_branch_labels.py for tasks to queue
[2024-12-15T20:31:02.918+0000] {logging_mixin.py:190} INFO - [2024-12-15T20:31:02.917+0000] {dagbag.py:588} INFO - Filling up the DagBag from /home/airflow/.local/lib/python3.12/site-packages/airflow/example_dags/example_branch_labels.py
[2024-12-15T20:31:02.935+0000] {processor.py:925} INFO - DAG(s) 'example_branch_labels' retrieved from /home/airflow/.local/lib/python3.12/site-packages/airflow/example_dags/example_branch_labels.py
[2024-12-15T20:31:02.969+0000] {logging_mixin.py:190} INFO - [2024-12-15T20:31:02.968+0000] {dag.py:3239} INFO - Sync 1 DAGs
[2024-12-15T20:31:03.011+0000] {logging_mixin.py:190} INFO - [2024-12-15T20:31:03.010+0000] {dag.py:4180} INFO - Setting next_dagrun for example_branch_labels to 2024-12-14 00:00:00+00:00, run_after=2024-12-15 00:00:00+00:00
[2024-12-15T20:31:03.060+0000] {processor.py:208} INFO - Processing /home/airflow/.local/lib/python3.12/site-packages/airflow/example_dags/example_branch_labels.py took 0.160 seconds
[2024-12-15T20:31:34.415+0000] {processor.py:186} INFO - Started process (PID=1095) to work on /home/airflow/.local/lib/python3.12/site-packages/airflow/example_dags/example_branch_labels.py
[2024-12-15T20:31:34.422+0000] {processor.py:914} INFO - Processing file /home/airflow/.local/lib/python3.12/site-packages/airflow/example_dags/example_branch_labels.py for tasks to queue
[2024-12-15T20:31:34.425+0000] {logging_mixin.py:190} INFO - [2024-12-15T20:31:34.425+0000] {dagbag.py:588} INFO - Filling up the DagBag from /home/airflow/.local/lib/python3.12/site-packages/airflow/example_dags/example_branch_labels.py
[2024-12-15T20:31:34.513+0000] {processor.py:925} INFO - DAG(s) 'example_branch_labels' retrieved from /home/airflow/.local/lib/python3.12/site-packages/airflow/example_dags/example_branch_labels.py
[2024-12-15T20:31:34.575+0000] {logging_mixin.py:190} INFO - [2024-12-15T20:31:34.575+0000] {dag.py:3239} INFO - Sync 1 DAGs
[2024-12-15T20:31:34.662+0000] {logging_mixin.py:190} INFO - [2024-12-15T20:31:34.662+0000] {dag.py:4180} INFO - Setting next_dagrun for example_branch_labels to 2024-12-14 00:00:00+00:00, run_after=2024-12-15 00:00:00+00:00
[2024-12-15T20:31:34.712+0000] {processor.py:208} INFO - Processing /home/airflow/.local/lib/python3.12/site-packages/airflow/example_dags/example_branch_labels.py took 0.330 seconds
[2024-12-15T20:32:49.272+0000] {processor.py:186} INFO - Started process (PID=1120) to work on /home/airflow/.local/lib/python3.12/site-packages/airflow/example_dags/example_branch_labels.py
[2024-12-15T20:32:49.279+0000] {processor.py:914} INFO - Processing file /home/airflow/.local/lib/python3.12/site-packages/airflow/example_dags/example_branch_labels.py for tasks to queue
[2024-12-15T20:32:49.281+0000] {logging_mixin.py:190} INFO - [2024-12-15T20:32:49.280+0000] {dagbag.py:588} INFO - Filling up the DagBag from /home/airflow/.local/lib/python3.12/site-packages/airflow/example_dags/example_branch_labels.py
[2024-12-15T20:32:49.310+0000] {processor.py:925} INFO - DAG(s) 'example_branch_labels' retrieved from /home/airflow/.local/lib/python3.12/site-packages/airflow/example_dags/example_branch_labels.py
[2024-12-15T20:32:49.364+0000] {logging_mixin.py:190} INFO - [2024-12-15T20:32:49.363+0000] {dag.py:3239} INFO - Sync 1 DAGs
[2024-12-15T20:32:49.425+0000] {logging_mixin.py:190} INFO - [2024-12-15T20:32:49.425+0000] {dag.py:4180} INFO - Setting next_dagrun for example_branch_labels to 2024-12-14 00:00:00+00:00, run_after=2024-12-15 00:00:00+00:00
[2024-12-15T20:32:49.480+0000] {processor.py:208} INFO - Processing /home/airflow/.local/lib/python3.12/site-packages/airflow/example_dags/example_branch_labels.py took 0.222 seconds
[2024-12-15T20:33:20.129+0000] {processor.py:186} INFO - Started process (PID=1186) to work on /home/airflow/.local/lib/python3.12/site-packages/airflow/example_dags/example_branch_labels.py
[2024-12-15T20:33:20.133+0000] {processor.py:914} INFO - Processing file /home/airflow/.local/lib/python3.12/site-packages/airflow/example_dags/example_branch_labels.py for tasks to queue
[2024-12-15T20:33:20.141+0000] {logging_mixin.py:190} INFO - [2024-12-15T20:33:20.138+0000] {dagbag.py:588} INFO - Filling up the DagBag from /home/airflow/.local/lib/python3.12/site-packages/airflow/example_dags/example_branch_labels.py
[2024-12-15T20:33:20.191+0000] {processor.py:925} INFO - DAG(s) 'example_branch_labels' retrieved from /home/airflow/.local/lib/python3.12/site-packages/airflow/example_dags/example_branch_labels.py
[2024-12-15T20:33:20.273+0000] {logging_mixin.py:190} INFO - [2024-12-15T20:33:20.272+0000] {dag.py:3239} INFO - Sync 1 DAGs
[2024-12-15T20:33:20.390+0000] {logging_mixin.py:190} INFO - [2024-12-15T20:33:20.388+0000] {dag.py:4180} INFO - Setting next_dagrun for example_branch_labels to 2024-12-14 00:00:00+00:00, run_after=2024-12-15 00:00:00+00:00
[2024-12-15T20:33:20.454+0000] {processor.py:208} INFO - Processing /home/airflow/.local/lib/python3.12/site-packages/airflow/example_dags/example_branch_labels.py took 0.349 seconds
[2024-12-15T20:33:50.873+0000] {processor.py:186} INFO - Started process (PID=1251) to work on /home/airflow/.local/lib/python3.12/site-packages/airflow/example_dags/example_branch_labels.py
[2024-12-15T20:33:50.876+0000] {processor.py:914} INFO - Processing file /home/airflow/.local/lib/python3.12/site-packages/airflow/example_dags/example_branch_labels.py for tasks to queue
[2024-12-15T20:33:50.879+0000] {logging_mixin.py:190} INFO - [2024-12-15T20:33:50.879+0000] {dagbag.py:588} INFO - Filling up the DagBag from /home/airflow/.local/lib/python3.12/site-packages/airflow/example_dags/example_branch_labels.py
[2024-12-15T20:33:50.915+0000] {processor.py:925} INFO - DAG(s) 'example_branch_labels' retrieved from /home/airflow/.local/lib/python3.12/site-packages/airflow/example_dags/example_branch_labels.py
[2024-12-15T20:33:50.960+0000] {logging_mixin.py:190} INFO - [2024-12-15T20:33:50.959+0000] {dag.py:3239} INFO - Sync 1 DAGs
[2024-12-15T20:33:51.004+0000] {logging_mixin.py:190} INFO - [2024-12-15T20:33:51.004+0000] {dag.py:4180} INFO - Setting next_dagrun for example_branch_labels to 2024-12-14 00:00:00+00:00, run_after=2024-12-15 00:00:00+00:00
[2024-12-15T20:33:51.029+0000] {processor.py:208} INFO - Processing /home/airflow/.local/lib/python3.12/site-packages/airflow/example_dags/example_branch_labels.py took 0.179 seconds
[2024-12-15T20:34:23.009+0000] {processor.py:186} INFO - Started process (PID=1311) to work on /home/airflow/.local/lib/python3.12/site-packages/airflow/example_dags/example_branch_labels.py
[2024-12-15T20:34:23.013+0000] {processor.py:914} INFO - Processing file /home/airflow/.local/lib/python3.12/site-packages/airflow/example_dags/example_branch_labels.py for tasks to queue
[2024-12-15T20:34:23.045+0000] {logging_mixin.py:190} INFO - [2024-12-15T20:34:23.019+0000] {dagbag.py:588} INFO - Filling up the DagBag from /home/airflow/.local/lib/python3.12/site-packages/airflow/example_dags/example_branch_labels.py
[2024-12-15T20:34:23.094+0000] {processor.py:925} INFO - DAG(s) 'example_branch_labels' retrieved from /home/airflow/.local/lib/python3.12/site-packages/airflow/example_dags/example_branch_labels.py
[2024-12-15T20:34:23.237+0000] {logging_mixin.py:190} INFO - [2024-12-15T20:34:23.236+0000] {dag.py:3239} INFO - Sync 1 DAGs
[2024-12-15T20:34:23.375+0000] {logging_mixin.py:190} INFO - [2024-12-15T20:34:23.373+0000] {dag.py:4180} INFO - Setting next_dagrun for example_branch_labels to 2024-12-14 00:00:00+00:00, run_after=2024-12-15 00:00:00+00:00
[2024-12-15T20:34:23.597+0000] {processor.py:208} INFO - Processing /home/airflow/.local/lib/python3.12/site-packages/airflow/example_dags/example_branch_labels.py took 0.611 seconds
[2024-12-15T20:34:54.917+0000] {processor.py:186} INFO - Started process (PID=1374) to work on /home/airflow/.local/lib/python3.12/site-packages/airflow/example_dags/example_branch_labels.py
[2024-12-15T20:34:54.934+0000] {processor.py:914} INFO - Processing file /home/airflow/.local/lib/python3.12/site-packages/airflow/example_dags/example_branch_labels.py for tasks to queue
[2024-12-15T20:34:54.952+0000] {logging_mixin.py:190} INFO - [2024-12-15T20:34:54.951+0000] {dagbag.py:588} INFO - Filling up the DagBag from /home/airflow/.local/lib/python3.12/site-packages/airflow/example_dags/example_branch_labels.py
[2024-12-15T20:34:55.072+0000] {processor.py:925} INFO - DAG(s) 'example_branch_labels' retrieved from /home/airflow/.local/lib/python3.12/site-packages/airflow/example_dags/example_branch_labels.py
[2024-12-15T20:34:55.215+0000] {logging_mixin.py:190} INFO - [2024-12-15T20:34:55.214+0000] {dag.py:3239} INFO - Sync 1 DAGs
[2024-12-15T20:34:55.393+0000] {logging_mixin.py:190} INFO - [2024-12-15T20:34:55.392+0000] {dag.py:4180} INFO - Setting next_dagrun for example_branch_labels to 2024-12-14 00:00:00+00:00, run_after=2024-12-15 00:00:00+00:00
[2024-12-15T20:34:55.509+0000] {processor.py:208} INFO - Processing /home/airflow/.local/lib/python3.12/site-packages/airflow/example_dags/example_branch_labels.py took 0.676 seconds
[2024-12-15T20:35:26.052+0000] {processor.py:186} INFO - Started process (PID=1439) to work on /home/airflow/.local/lib/python3.12/site-packages/airflow/example_dags/example_branch_labels.py
[2024-12-15T20:35:26.055+0000] {processor.py:914} INFO - Processing file /home/airflow/.local/lib/python3.12/site-packages/airflow/example_dags/example_branch_labels.py for tasks to queue
[2024-12-15T20:35:26.059+0000] {logging_mixin.py:190} INFO - [2024-12-15T20:35:26.058+0000] {dagbag.py:588} INFO - Filling up the DagBag from /home/airflow/.local/lib/python3.12/site-packages/airflow/example_dags/example_branch_labels.py
[2024-12-15T20:35:26.084+0000] {processor.py:925} INFO - DAG(s) 'example_branch_labels' retrieved from /home/airflow/.local/lib/python3.12/site-packages/airflow/example_dags/example_branch_labels.py
[2024-12-15T20:35:26.158+0000] {logging_mixin.py:190} INFO - [2024-12-15T20:35:26.158+0000] {dag.py:3239} INFO - Sync 1 DAGs
[2024-12-15T20:35:26.198+0000] {logging_mixin.py:190} INFO - [2024-12-15T20:35:26.198+0000] {dag.py:4180} INFO - Setting next_dagrun for example_branch_labels to 2024-12-14 00:00:00+00:00, run_after=2024-12-15 00:00:00+00:00
[2024-12-15T20:35:26.226+0000] {processor.py:208} INFO - Processing /home/airflow/.local/lib/python3.12/site-packages/airflow/example_dags/example_branch_labels.py took 0.191 seconds
[2024-12-15T20:35:59.395+0000] {processor.py:186} INFO - Started process (PID=1498) to work on /home/airflow/.local/lib/python3.12/site-packages/airflow/example_dags/example_branch_labels.py
[2024-12-15T20:35:59.400+0000] {processor.py:914} INFO - Processing file /home/airflow/.local/lib/python3.12/site-packages/airflow/example_dags/example_branch_labels.py for tasks to queue
[2024-12-15T20:35:59.408+0000] {logging_mixin.py:190} INFO - [2024-12-15T20:35:59.407+0000] {dagbag.py:588} INFO - Filling up the DagBag from /home/airflow/.local/lib/python3.12/site-packages/airflow/example_dags/example_branch_labels.py
[2024-12-15T20:35:59.445+0000] {processor.py:925} INFO - DAG(s) 'example_branch_labels' retrieved from /home/airflow/.local/lib/python3.12/site-packages/airflow/example_dags/example_branch_labels.py
[2024-12-15T20:35:59.493+0000] {logging_mixin.py:190} INFO - [2024-12-15T20:35:59.493+0000] {dag.py:3239} INFO - Sync 1 DAGs
[2024-12-15T20:35:59.539+0000] {logging_mixin.py:190} INFO - [2024-12-15T20:35:59.538+0000] {dag.py:4180} INFO - Setting next_dagrun for example_branch_labels to 2024-12-14 00:00:00+00:00, run_after=2024-12-15 00:00:00+00:00
[2024-12-15T20:35:59.572+0000] {processor.py:208} INFO - Processing /home/airflow/.local/lib/python3.12/site-packages/airflow/example_dags/example_branch_labels.py took 0.207 seconds
[2024-12-15T20:36:30.131+0000] {processor.py:186} INFO - Started process (PID=1561) to work on /home/airflow/.local/lib/python3.12/site-packages/airflow/example_dags/example_branch_labels.py
[2024-12-15T20:36:30.132+0000] {processor.py:914} INFO - Processing file /home/airflow/.local/lib/python3.12/site-packages/airflow/example_dags/example_branch_labels.py for tasks to queue
[2024-12-15T20:36:30.135+0000] {logging_mixin.py:190} INFO - [2024-12-15T20:36:30.134+0000] {dagbag.py:588} INFO - Filling up the DagBag from /home/airflow/.local/lib/python3.12/site-packages/airflow/example_dags/example_branch_labels.py
[2024-12-15T20:36:30.147+0000] {processor.py:925} INFO - DAG(s) 'example_branch_labels' retrieved from /home/airflow/.local/lib/python3.12/site-packages/airflow/example_dags/example_branch_labels.py
[2024-12-15T20:36:30.177+0000] {logging_mixin.py:190} INFO - [2024-12-15T20:36:30.177+0000] {dag.py:3239} INFO - Sync 1 DAGs
[2024-12-15T20:36:30.202+0000] {logging_mixin.py:190} INFO - [2024-12-15T20:36:30.202+0000] {dag.py:4180} INFO - Setting next_dagrun for example_branch_labels to 2024-12-14 00:00:00+00:00, run_after=2024-12-15 00:00:00+00:00
[2024-12-15T20:36:30.228+0000] {processor.py:208} INFO - Processing /home/airflow/.local/lib/python3.12/site-packages/airflow/example_dags/example_branch_labels.py took 0.105 seconds
[2024-12-15T20:37:01.945+0000] {processor.py:186} INFO - Started process (PID=1615) to work on /home/airflow/.local/lib/python3.12/site-packages/airflow/example_dags/example_branch_labels.py
[2024-12-15T20:37:01.953+0000] {processor.py:914} INFO - Processing file /home/airflow/.local/lib/python3.12/site-packages/airflow/example_dags/example_branch_labels.py for tasks to queue
[2024-12-15T20:37:01.958+0000] {logging_mixin.py:190} INFO - [2024-12-15T20:37:01.956+0000] {dagbag.py:588} INFO - Filling up the DagBag from /home/airflow/.local/lib/python3.12/site-packages/airflow/example_dags/example_branch_labels.py
[2024-12-15T20:37:01.983+0000] {processor.py:925} INFO - DAG(s) 'example_branch_labels' retrieved from /home/airflow/.local/lib/python3.12/site-packages/airflow/example_dags/example_branch_labels.py
[2024-12-15T20:37:02.031+0000] {logging_mixin.py:190} INFO - [2024-12-15T20:37:02.030+0000] {dag.py:3239} INFO - Sync 1 DAGs
[2024-12-15T20:37:02.067+0000] {logging_mixin.py:190} INFO - [2024-12-15T20:37:02.067+0000] {dag.py:4180} INFO - Setting next_dagrun for example_branch_labels to 2024-12-14 00:00:00+00:00, run_after=2024-12-15 00:00:00+00:00
[2024-12-15T20:37:02.117+0000] {processor.py:208} INFO - Processing /home/airflow/.local/lib/python3.12/site-packages/airflow/example_dags/example_branch_labels.py took 0.183 seconds
[2024-12-15T20:37:34.856+0000] {processor.py:186} INFO - Started process (PID=1680) to work on /home/airflow/.local/lib/python3.12/site-packages/airflow/example_dags/example_branch_labels.py
[2024-12-15T20:37:34.867+0000] {processor.py:914} INFO - Processing file /home/airflow/.local/lib/python3.12/site-packages/airflow/example_dags/example_branch_labels.py for tasks to queue
[2024-12-15T20:37:34.874+0000] {logging_mixin.py:190} INFO - [2024-12-15T20:37:34.874+0000] {dagbag.py:588} INFO - Filling up the DagBag from /home/airflow/.local/lib/python3.12/site-packages/airflow/example_dags/example_branch_labels.py
[2024-12-15T20:37:35.011+0000] {processor.py:925} INFO - DAG(s) 'example_branch_labels' retrieved from /home/airflow/.local/lib/python3.12/site-packages/airflow/example_dags/example_branch_labels.py
[2024-12-15T20:37:35.270+0000] {logging_mixin.py:190} INFO - [2024-12-15T20:37:35.267+0000] {dag.py:3239} INFO - Sync 1 DAGs
[2024-12-15T20:37:35.644+0000] {logging_mixin.py:190} INFO - [2024-12-15T20:37:35.644+0000] {dag.py:4180} INFO - Setting next_dagrun for example_branch_labels to 2024-12-14 00:00:00+00:00, run_after=2024-12-15 00:00:00+00:00
[2024-12-15T20:37:35.799+0000] {processor.py:208} INFO - Processing /home/airflow/.local/lib/python3.12/site-packages/airflow/example_dags/example_branch_labels.py took 0.963 seconds
[2024-12-15T20:38:17.454+0000] {processor.py:186} INFO - Started process (PID=1733) to work on /home/airflow/.local/lib/python3.12/site-packages/airflow/example_dags/example_branch_labels.py
[2024-12-15T20:38:17.455+0000] {processor.py:914} INFO - Processing file /home/airflow/.local/lib/python3.12/site-packages/airflow/example_dags/example_branch_labels.py for tasks to queue
[2024-12-15T20:38:17.458+0000] {logging_mixin.py:190} INFO - [2024-12-15T20:38:17.458+0000] {dagbag.py:588} INFO - Filling up the DagBag from /home/airflow/.local/lib/python3.12/site-packages/airflow/example_dags/example_branch_labels.py
[2024-12-15T20:38:17.475+0000] {processor.py:925} INFO - DAG(s) 'example_branch_labels' retrieved from /home/airflow/.local/lib/python3.12/site-packages/airflow/example_dags/example_branch_labels.py
[2024-12-15T20:38:17.518+0000] {logging_mixin.py:190} INFO - [2024-12-15T20:38:17.517+0000] {dag.py:3239} INFO - Sync 1 DAGs
[2024-12-15T20:38:17.549+0000] {logging_mixin.py:190} INFO - [2024-12-15T20:38:17.549+0000] {dag.py:4180} INFO - Setting next_dagrun for example_branch_labels to 2024-12-14 00:00:00+00:00, run_after=2024-12-15 00:00:00+00:00
[2024-12-15T20:38:17.571+0000] {processor.py:208} INFO - Processing /home/airflow/.local/lib/python3.12/site-packages/airflow/example_dags/example_branch_labels.py took 0.126 seconds
[2024-12-15T20:39:53.488+0000] {processor.py:186} INFO - Started process (PID=1799) to work on /home/airflow/.local/lib/python3.12/site-packages/airflow/example_dags/example_branch_labels.py
[2024-12-15T20:39:53.494+0000] {processor.py:914} INFO - Processing file /home/airflow/.local/lib/python3.12/site-packages/airflow/example_dags/example_branch_labels.py for tasks to queue
[2024-12-15T20:39:53.497+0000] {logging_mixin.py:190} INFO - [2024-12-15T20:39:53.497+0000] {dagbag.py:588} INFO - Filling up the DagBag from /home/airflow/.local/lib/python3.12/site-packages/airflow/example_dags/example_branch_labels.py
[2024-12-15T20:39:53.571+0000] {processor.py:925} INFO - DAG(s) 'example_branch_labels' retrieved from /home/airflow/.local/lib/python3.12/site-packages/airflow/example_dags/example_branch_labels.py
[2024-12-15T20:39:53.662+0000] {logging_mixin.py:190} INFO - [2024-12-15T20:39:53.661+0000] {dag.py:3239} INFO - Sync 1 DAGs
[2024-12-15T20:39:53.834+0000] {logging_mixin.py:190} INFO - [2024-12-15T20:39:53.832+0000] {dag.py:4180} INFO - Setting next_dagrun for example_branch_labels to 2024-12-14 00:00:00+00:00, run_after=2024-12-15 00:00:00+00:00
[2024-12-15T20:39:53.977+0000] {processor.py:208} INFO - Processing /home/airflow/.local/lib/python3.12/site-packages/airflow/example_dags/example_branch_labels.py took 0.539 seconds
[2024-12-15T20:41:19.140+0000] {processor.py:186} INFO - Started process (PID=1866) to work on /home/airflow/.local/lib/python3.12/site-packages/airflow/example_dags/example_branch_labels.py
[2024-12-15T20:41:19.149+0000] {processor.py:914} INFO - Processing file /home/airflow/.local/lib/python3.12/site-packages/airflow/example_dags/example_branch_labels.py for tasks to queue
[2024-12-15T20:41:19.161+0000] {logging_mixin.py:190} INFO - [2024-12-15T20:41:19.160+0000] {dagbag.py:588} INFO - Filling up the DagBag from /home/airflow/.local/lib/python3.12/site-packages/airflow/example_dags/example_branch_labels.py
[2024-12-15T20:41:19.257+0000] {processor.py:925} INFO - DAG(s) 'example_branch_labels' retrieved from /home/airflow/.local/lib/python3.12/site-packages/airflow/example_dags/example_branch_labels.py
[2024-12-15T20:41:19.411+0000] {logging_mixin.py:190} INFO - [2024-12-15T20:41:19.408+0000] {dag.py:3239} INFO - Sync 1 DAGs
[2024-12-15T20:41:19.589+0000] {logging_mixin.py:190} INFO - [2024-12-15T20:41:19.589+0000] {dag.py:4180} INFO - Setting next_dagrun for example_branch_labels to 2024-12-14 00:00:00+00:00, run_after=2024-12-15 00:00:00+00:00
[2024-12-15T20:41:19.657+0000] {processor.py:208} INFO - Processing /home/airflow/.local/lib/python3.12/site-packages/airflow/example_dags/example_branch_labels.py took 0.587 seconds
[2024-12-15T20:41:50.635+0000] {processor.py:186} INFO - Started process (PID=1932) to work on /home/airflow/.local/lib/python3.12/site-packages/airflow/example_dags/example_branch_labels.py
[2024-12-15T20:41:50.638+0000] {processor.py:914} INFO - Processing file /home/airflow/.local/lib/python3.12/site-packages/airflow/example_dags/example_branch_labels.py for tasks to queue
[2024-12-15T20:41:50.641+0000] {logging_mixin.py:190} INFO - [2024-12-15T20:41:50.640+0000] {dagbag.py:588} INFO - Filling up the DagBag from /home/airflow/.local/lib/python3.12/site-packages/airflow/example_dags/example_branch_labels.py
[2024-12-15T20:41:50.660+0000] {processor.py:925} INFO - DAG(s) 'example_branch_labels' retrieved from /home/airflow/.local/lib/python3.12/site-packages/airflow/example_dags/example_branch_labels.py
[2024-12-15T20:41:50.708+0000] {logging_mixin.py:190} INFO - [2024-12-15T20:41:50.707+0000] {dag.py:3239} INFO - Sync 1 DAGs
[2024-12-15T20:41:50.740+0000] {logging_mixin.py:190} INFO - [2024-12-15T20:41:50.740+0000] {dag.py:4180} INFO - Setting next_dagrun for example_branch_labels to 2024-12-14 00:00:00+00:00, run_after=2024-12-15 00:00:00+00:00
[2024-12-15T20:41:50.769+0000] {processor.py:208} INFO - Processing /home/airflow/.local/lib/python3.12/site-packages/airflow/example_dags/example_branch_labels.py took 0.150 seconds
[2024-12-15T20:42:21.351+0000] {processor.py:186} INFO - Started process (PID=1995) to work on /home/airflow/.local/lib/python3.12/site-packages/airflow/example_dags/example_branch_labels.py
[2024-12-15T20:42:21.357+0000] {processor.py:914} INFO - Processing file /home/airflow/.local/lib/python3.12/site-packages/airflow/example_dags/example_branch_labels.py for tasks to queue
[2024-12-15T20:42:21.363+0000] {logging_mixin.py:190} INFO - [2024-12-15T20:42:21.362+0000] {dagbag.py:588} INFO - Filling up the DagBag from /home/airflow/.local/lib/python3.12/site-packages/airflow/example_dags/example_branch_labels.py
[2024-12-15T20:42:21.397+0000] {processor.py:925} INFO - DAG(s) 'example_branch_labels' retrieved from /home/airflow/.local/lib/python3.12/site-packages/airflow/example_dags/example_branch_labels.py
[2024-12-15T20:42:21.479+0000] {logging_mixin.py:190} INFO - [2024-12-15T20:42:21.479+0000] {dag.py:3239} INFO - Sync 1 DAGs
[2024-12-15T20:42:21.521+0000] {logging_mixin.py:190} INFO - [2024-12-15T20:42:21.521+0000] {dag.py:4180} INFO - Setting next_dagrun for example_branch_labels to 2024-12-14 00:00:00+00:00, run_after=2024-12-15 00:00:00+00:00
[2024-12-15T20:42:21.554+0000] {processor.py:208} INFO - Processing /home/airflow/.local/lib/python3.12/site-packages/airflow/example_dags/example_branch_labels.py took 0.221 seconds
