[2024-12-15T19:40:57.839+0000] {processor.py:186} INFO - Started process (PID=102) to work on /home/airflow/.local/lib/python3.12/site-packages/airflow/example_dags/example_latest_only_with_trigger.py
[2024-12-15T19:40:57.843+0000] {processor.py:914} INFO - Processing file /home/airflow/.local/lib/python3.12/site-packages/airflow/example_dags/example_latest_only_with_trigger.py for tasks to queue
[2024-12-15T19:40:57.850+0000] {logging_mixin.py:190} INFO - [2024-12-15T19:40:57.849+0000] {dagbag.py:588} INFO - Filling up the DagBag from /home/airflow/.local/lib/python3.12/site-packages/airflow/example_dags/example_latest_only_with_trigger.py
[2024-12-15T19:40:57.865+0000] {processor.py:925} INFO - DAG(s) 'latest_only_with_trigger' retrieved from /home/airflow/.local/lib/python3.12/site-packages/airflow/example_dags/example_latest_only_with_trigger.py
[2024-12-15T19:40:58.114+0000] {logging_mixin.py:190} INFO - [2024-12-15T19:40:58.112+0000] {override.py:1911} INFO - Created Permission View: can delete on DAG:latest_only_with_trigger
[2024-12-15T19:40:58.171+0000] {logging_mixin.py:190} INFO - [2024-12-15T19:40:58.166+0000] {override.py:1911} INFO - Created Permission View: can read on DAG:latest_only_with_trigger
[2024-12-15T19:40:58.210+0000] {logging_mixin.py:190} INFO - [2024-12-15T19:40:58.209+0000] {override.py:1911} INFO - Created Permission View: can edit on DAG:latest_only_with_trigger
[2024-12-15T19:40:58.237+0000] {logging_mixin.py:190} INFO - [2024-12-15T19:40:58.236+0000] {override.py:1911} INFO - Created Permission View: menu access on DAG Run:latest_only_with_trigger
[2024-12-15T19:40:58.258+0000] {logging_mixin.py:190} INFO - [2024-12-15T19:40:58.258+0000] {override.py:1911} INFO - Created Permission View: can delete on DAG Run:latest_only_with_trigger
[2024-12-15T19:40:58.293+0000] {logging_mixin.py:190} INFO - [2024-12-15T19:40:58.293+0000] {override.py:1911} INFO - Created Permission View: can create on DAG Run:latest_only_with_trigger
[2024-12-15T19:40:58.322+0000] {logging_mixin.py:190} INFO - [2024-12-15T19:40:58.321+0000] {override.py:1911} INFO - Created Permission View: can read on DAG Run:latest_only_with_trigger
[2024-12-15T19:40:58.325+0000] {logging_mixin.py:190} INFO - [2024-12-15T19:40:58.325+0000] {dag.py:3239} INFO - Sync 1 DAGs
[2024-12-15T19:40:58.347+0000] {logging_mixin.py:190} INFO - [2024-12-15T19:40:58.346+0000] {dag.py:3262} INFO - Creating ORM DAG for latest_only_with_trigger
[2024-12-15T19:40:58.363+0000] {logging_mixin.py:190} INFO - [2024-12-15T19:40:58.362+0000] {dag.py:4180} INFO - Setting next_dagrun for latest_only_with_trigger to 2024-12-15 12:00:00+00:00, run_after=2024-12-15 16:00:00+00:00
[2024-12-15T19:40:58.402+0000] {processor.py:208} INFO - Processing /home/airflow/.local/lib/python3.12/site-packages/airflow/example_dags/example_latest_only_with_trigger.py took 0.584 seconds
[2024-12-15T19:41:28.870+0000] {processor.py:186} INFO - Started process (PID=166) to work on /home/airflow/.local/lib/python3.12/site-packages/airflow/example_dags/example_latest_only_with_trigger.py
[2024-12-15T19:41:28.872+0000] {processor.py:914} INFO - Processing file /home/airflow/.local/lib/python3.12/site-packages/airflow/example_dags/example_latest_only_with_trigger.py for tasks to queue
[2024-12-15T19:41:28.879+0000] {logging_mixin.py:190} INFO - [2024-12-15T19:41:28.878+0000] {dagbag.py:588} INFO - Filling up the DagBag from /home/airflow/.local/lib/python3.12/site-packages/airflow/example_dags/example_latest_only_with_trigger.py
[2024-12-15T19:41:28.895+0000] {processor.py:925} INFO - DAG(s) 'latest_only_with_trigger' retrieved from /home/airflow/.local/lib/python3.12/site-packages/airflow/example_dags/example_latest_only_with_trigger.py
[2024-12-15T19:41:28.928+0000] {logging_mixin.py:190} INFO - [2024-12-15T19:41:28.928+0000] {dag.py:3239} INFO - Sync 1 DAGs
[2024-12-15T19:41:28.964+0000] {logging_mixin.py:190} INFO - [2024-12-15T19:41:28.964+0000] {dag.py:4180} INFO - Setting next_dagrun for latest_only_with_trigger to 2024-12-15 12:00:00+00:00, run_after=2024-12-15 16:00:00+00:00
[2024-12-15T19:41:28.993+0000] {processor.py:208} INFO - Processing /home/airflow/.local/lib/python3.12/site-packages/airflow/example_dags/example_latest_only_with_trigger.py took 0.135 seconds
[2024-12-15T19:42:40.605+0000] {processor.py:186} INFO - Started process (PID=259) to work on /home/airflow/.local/lib/python3.12/site-packages/airflow/example_dags/example_latest_only_with_trigger.py
[2024-12-15T19:42:40.654+0000] {processor.py:914} INFO - Processing file /home/airflow/.local/lib/python3.12/site-packages/airflow/example_dags/example_latest_only_with_trigger.py for tasks to queue
[2024-12-15T19:42:40.738+0000] {logging_mixin.py:190} INFO - [2024-12-15T19:42:40.712+0000] {dagbag.py:588} INFO - Filling up the DagBag from /home/airflow/.local/lib/python3.12/site-packages/airflow/example_dags/example_latest_only_with_trigger.py
[2024-12-15T19:42:40.827+0000] {processor.py:925} INFO - DAG(s) 'latest_only_with_trigger' retrieved from /home/airflow/.local/lib/python3.12/site-packages/airflow/example_dags/example_latest_only_with_trigger.py
[2024-12-15T19:42:41.050+0000] {logging_mixin.py:190} INFO - [2024-12-15T19:42:41.049+0000] {dag.py:3239} INFO - Sync 1 DAGs
[2024-12-15T19:42:41.231+0000] {logging_mixin.py:190} INFO - [2024-12-15T19:42:41.230+0000] {dag.py:4180} INFO - Setting next_dagrun for latest_only_with_trigger to 2024-12-15 12:00:00+00:00, run_after=2024-12-15 16:00:00+00:00
[2024-12-15T19:42:41.290+0000] {processor.py:208} INFO - Processing /home/airflow/.local/lib/python3.12/site-packages/airflow/example_dags/example_latest_only_with_trigger.py took 0.751 seconds
[2024-12-15T19:43:11.779+0000] {processor.py:186} INFO - Started process (PID=324) to work on /home/airflow/.local/lib/python3.12/site-packages/airflow/example_dags/example_latest_only_with_trigger.py
[2024-12-15T19:43:11.781+0000] {processor.py:914} INFO - Processing file /home/airflow/.local/lib/python3.12/site-packages/airflow/example_dags/example_latest_only_with_trigger.py for tasks to queue
[2024-12-15T19:43:11.797+0000] {logging_mixin.py:190} INFO - [2024-12-15T19:43:11.786+0000] {dagbag.py:588} INFO - Filling up the DagBag from /home/airflow/.local/lib/python3.12/site-packages/airflow/example_dags/example_latest_only_with_trigger.py
[2024-12-15T19:43:11.853+0000] {processor.py:925} INFO - DAG(s) 'latest_only_with_trigger' retrieved from /home/airflow/.local/lib/python3.12/site-packages/airflow/example_dags/example_latest_only_with_trigger.py
[2024-12-15T19:43:11.979+0000] {logging_mixin.py:190} INFO - [2024-12-15T19:43:11.978+0000] {dag.py:3239} INFO - Sync 1 DAGs
[2024-12-15T19:43:12.152+0000] {logging_mixin.py:190} INFO - [2024-12-15T19:43:12.150+0000] {dag.py:4180} INFO - Setting next_dagrun for latest_only_with_trigger to 2024-12-15 12:00:00+00:00, run_after=2024-12-15 16:00:00+00:00
[2024-12-15T19:43:12.264+0000] {processor.py:208} INFO - Processing /home/airflow/.local/lib/python3.12/site-packages/airflow/example_dags/example_latest_only_with_trigger.py took 0.516 seconds
[2024-12-15T19:43:43.322+0000] {processor.py:186} INFO - Started process (PID=387) to work on /home/airflow/.local/lib/python3.12/site-packages/airflow/example_dags/example_latest_only_with_trigger.py
[2024-12-15T19:43:43.325+0000] {processor.py:914} INFO - Processing file /home/airflow/.local/lib/python3.12/site-packages/airflow/example_dags/example_latest_only_with_trigger.py for tasks to queue
[2024-12-15T19:43:43.352+0000] {logging_mixin.py:190} INFO - [2024-12-15T19:43:43.352+0000] {dagbag.py:588} INFO - Filling up the DagBag from /home/airflow/.local/lib/python3.12/site-packages/airflow/example_dags/example_latest_only_with_trigger.py
[2024-12-15T19:43:43.383+0000] {processor.py:925} INFO - DAG(s) 'latest_only_with_trigger' retrieved from /home/airflow/.local/lib/python3.12/site-packages/airflow/example_dags/example_latest_only_with_trigger.py
[2024-12-15T19:43:43.414+0000] {logging_mixin.py:190} INFO - [2024-12-15T19:43:43.414+0000] {dag.py:3239} INFO - Sync 1 DAGs
[2024-12-15T19:43:43.447+0000] {logging_mixin.py:190} INFO - [2024-12-15T19:43:43.446+0000] {dag.py:4180} INFO - Setting next_dagrun for latest_only_with_trigger to 2024-12-15 12:00:00+00:00, run_after=2024-12-15 16:00:00+00:00
[2024-12-15T19:43:43.518+0000] {processor.py:208} INFO - Processing /home/airflow/.local/lib/python3.12/site-packages/airflow/example_dags/example_latest_only_with_trigger.py took 0.230 seconds
[2024-12-15T19:44:14.862+0000] {processor.py:186} INFO - Started process (PID=452) to work on /home/airflow/.local/lib/python3.12/site-packages/airflow/example_dags/example_latest_only_with_trigger.py
[2024-12-15T19:44:14.865+0000] {processor.py:914} INFO - Processing file /home/airflow/.local/lib/python3.12/site-packages/airflow/example_dags/example_latest_only_with_trigger.py for tasks to queue
[2024-12-15T19:44:14.871+0000] {logging_mixin.py:190} INFO - [2024-12-15T19:44:14.870+0000] {dagbag.py:588} INFO - Filling up the DagBag from /home/airflow/.local/lib/python3.12/site-packages/airflow/example_dags/example_latest_only_with_trigger.py
[2024-12-15T19:44:14.886+0000] {processor.py:925} INFO - DAG(s) 'latest_only_with_trigger' retrieved from /home/airflow/.local/lib/python3.12/site-packages/airflow/example_dags/example_latest_only_with_trigger.py
[2024-12-15T19:44:14.925+0000] {logging_mixin.py:190} INFO - [2024-12-15T19:44:14.924+0000] {dag.py:3239} INFO - Sync 1 DAGs
[2024-12-15T19:44:14.962+0000] {logging_mixin.py:190} INFO - [2024-12-15T19:44:14.962+0000] {dag.py:4180} INFO - Setting next_dagrun for latest_only_with_trigger to 2024-12-15 12:00:00+00:00, run_after=2024-12-15 16:00:00+00:00
[2024-12-15T19:44:14.997+0000] {processor.py:208} INFO - Processing /home/airflow/.local/lib/python3.12/site-packages/airflow/example_dags/example_latest_only_with_trigger.py took 0.148 seconds
[2024-12-15T19:45:38.768+0000] {processor.py:186} INFO - Started process (PID=523) to work on /home/airflow/.local/lib/python3.12/site-packages/airflow/example_dags/example_latest_only_with_trigger.py
[2024-12-15T19:45:38.770+0000] {processor.py:914} INFO - Processing file /home/airflow/.local/lib/python3.12/site-packages/airflow/example_dags/example_latest_only_with_trigger.py for tasks to queue
[2024-12-15T19:45:38.778+0000] {logging_mixin.py:190} INFO - [2024-12-15T19:45:38.777+0000] {dagbag.py:588} INFO - Filling up the DagBag from /home/airflow/.local/lib/python3.12/site-packages/airflow/example_dags/example_latest_only_with_trigger.py
[2024-12-15T19:45:38.828+0000] {processor.py:925} INFO - DAG(s) 'latest_only_with_trigger' retrieved from /home/airflow/.local/lib/python3.12/site-packages/airflow/example_dags/example_latest_only_with_trigger.py
[2024-12-15T19:45:38.890+0000] {logging_mixin.py:190} INFO - [2024-12-15T19:45:38.889+0000] {dag.py:3239} INFO - Sync 1 DAGs
[2024-12-15T19:45:38.962+0000] {logging_mixin.py:190} INFO - [2024-12-15T19:45:38.960+0000] {dag.py:4180} INFO - Setting next_dagrun for latest_only_with_trigger to 2024-12-15 12:00:00+00:00, run_after=2024-12-15 16:00:00+00:00
[2024-12-15T19:45:38.995+0000] {processor.py:208} INFO - Processing /home/airflow/.local/lib/python3.12/site-packages/airflow/example_dags/example_latest_only_with_trigger.py took 0.243 seconds
[2024-12-15T19:46:09.127+0000] {processor.py:186} INFO - Started process (PID=588) to work on /home/airflow/.local/lib/python3.12/site-packages/airflow/example_dags/example_latest_only_with_trigger.py
[2024-12-15T19:46:09.128+0000] {processor.py:914} INFO - Processing file /home/airflow/.local/lib/python3.12/site-packages/airflow/example_dags/example_latest_only_with_trigger.py for tasks to queue
[2024-12-15T19:46:09.133+0000] {logging_mixin.py:190} INFO - [2024-12-15T19:46:09.132+0000] {dagbag.py:588} INFO - Filling up the DagBag from /home/airflow/.local/lib/python3.12/site-packages/airflow/example_dags/example_latest_only_with_trigger.py
[2024-12-15T19:46:09.143+0000] {processor.py:925} INFO - DAG(s) 'latest_only_with_trigger' retrieved from /home/airflow/.local/lib/python3.12/site-packages/airflow/example_dags/example_latest_only_with_trigger.py
[2024-12-15T19:46:09.174+0000] {logging_mixin.py:190} INFO - [2024-12-15T19:46:09.174+0000] {dag.py:3239} INFO - Sync 1 DAGs
[2024-12-15T19:46:09.209+0000] {logging_mixin.py:190} INFO - [2024-12-15T19:46:09.209+0000] {dag.py:4180} INFO - Setting next_dagrun for latest_only_with_trigger to 2024-12-15 12:00:00+00:00, run_after=2024-12-15 16:00:00+00:00
[2024-12-15T19:46:09.233+0000] {processor.py:208} INFO - Processing /home/airflow/.local/lib/python3.12/site-packages/airflow/example_dags/example_latest_only_with_trigger.py took 0.114 seconds
[2024-12-15T19:46:39.593+0000] {processor.py:186} INFO - Started process (PID=654) to work on /home/airflow/.local/lib/python3.12/site-packages/airflow/example_dags/example_latest_only_with_trigger.py
[2024-12-15T19:46:39.595+0000] {processor.py:914} INFO - Processing file /home/airflow/.local/lib/python3.12/site-packages/airflow/example_dags/example_latest_only_with_trigger.py for tasks to queue
[2024-12-15T19:46:39.600+0000] {logging_mixin.py:190} INFO - [2024-12-15T19:46:39.599+0000] {dagbag.py:588} INFO - Filling up the DagBag from /home/airflow/.local/lib/python3.12/site-packages/airflow/example_dags/example_latest_only_with_trigger.py
[2024-12-15T19:46:39.613+0000] {processor.py:925} INFO - DAG(s) 'latest_only_with_trigger' retrieved from /home/airflow/.local/lib/python3.12/site-packages/airflow/example_dags/example_latest_only_with_trigger.py
[2024-12-15T19:46:39.637+0000] {logging_mixin.py:190} INFO - [2024-12-15T19:46:39.637+0000] {dag.py:3239} INFO - Sync 1 DAGs
[2024-12-15T19:46:39.671+0000] {logging_mixin.py:190} INFO - [2024-12-15T19:46:39.670+0000] {dag.py:4180} INFO - Setting next_dagrun for latest_only_with_trigger to 2024-12-15 12:00:00+00:00, run_after=2024-12-15 16:00:00+00:00
[2024-12-15T19:46:39.694+0000] {processor.py:208} INFO - Processing /home/airflow/.local/lib/python3.12/site-packages/airflow/example_dags/example_latest_only_with_trigger.py took 0.112 seconds
[2024-12-15T19:47:17.684+0000] {processor.py:186} INFO - Started process (PID=736) to work on /home/airflow/.local/lib/python3.12/site-packages/airflow/example_dags/example_latest_only_with_trigger.py
[2024-12-15T19:47:17.686+0000] {processor.py:914} INFO - Processing file /home/airflow/.local/lib/python3.12/site-packages/airflow/example_dags/example_latest_only_with_trigger.py for tasks to queue
[2024-12-15T19:47:17.692+0000] {logging_mixin.py:190} INFO - [2024-12-15T19:47:17.691+0000] {dagbag.py:588} INFO - Filling up the DagBag from /home/airflow/.local/lib/python3.12/site-packages/airflow/example_dags/example_latest_only_with_trigger.py
[2024-12-15T19:47:17.708+0000] {processor.py:925} INFO - DAG(s) 'latest_only_with_trigger' retrieved from /home/airflow/.local/lib/python3.12/site-packages/airflow/example_dags/example_latest_only_with_trigger.py
[2024-12-15T19:47:17.749+0000] {logging_mixin.py:190} INFO - [2024-12-15T19:47:17.749+0000] {dag.py:3239} INFO - Sync 1 DAGs
[2024-12-15T19:47:17.792+0000] {logging_mixin.py:190} INFO - [2024-12-15T19:47:17.792+0000] {dag.py:4180} INFO - Setting next_dagrun for latest_only_with_trigger to 2024-12-15 12:00:00+00:00, run_after=2024-12-15 16:00:00+00:00
[2024-12-15T19:47:17.827+0000] {processor.py:208} INFO - Processing /home/airflow/.local/lib/python3.12/site-packages/airflow/example_dags/example_latest_only_with_trigger.py took 0.153 seconds
[2024-12-15T19:47:57.945+0000] {processor.py:186} INFO - Started process (PID=801) to work on /home/airflow/.local/lib/python3.12/site-packages/airflow/example_dags/example_latest_only_with_trigger.py
[2024-12-15T19:47:57.955+0000] {processor.py:914} INFO - Processing file /home/airflow/.local/lib/python3.12/site-packages/airflow/example_dags/example_latest_only_with_trigger.py for tasks to queue
[2024-12-15T19:47:57.978+0000] {logging_mixin.py:190} INFO - [2024-12-15T19:47:57.976+0000] {dagbag.py:588} INFO - Filling up the DagBag from /home/airflow/.local/lib/python3.12/site-packages/airflow/example_dags/example_latest_only_with_trigger.py
[2024-12-15T19:47:58.026+0000] {processor.py:925} INFO - DAG(s) 'latest_only_with_trigger' retrieved from /home/airflow/.local/lib/python3.12/site-packages/airflow/example_dags/example_latest_only_with_trigger.py
[2024-12-15T19:47:58.138+0000] {logging_mixin.py:190} INFO - [2024-12-15T19:47:58.138+0000] {dag.py:3239} INFO - Sync 1 DAGs
[2024-12-15T19:47:58.279+0000] {logging_mixin.py:190} INFO - [2024-12-15T19:47:58.277+0000] {dag.py:4180} INFO - Setting next_dagrun for latest_only_with_trigger to 2024-12-15 12:00:00+00:00, run_after=2024-12-15 16:00:00+00:00
[2024-12-15T19:47:58.379+0000] {processor.py:208} INFO - Processing /home/airflow/.local/lib/python3.12/site-packages/airflow/example_dags/example_latest_only_with_trigger.py took 0.497 seconds
[2024-12-15T19:51:10.096+0000] {processor.py:186} INFO - Started process (PID=90) to work on /home/airflow/.local/lib/python3.12/site-packages/airflow/example_dags/example_latest_only_with_trigger.py
[2024-12-15T19:51:10.100+0000] {processor.py:914} INFO - Processing file /home/airflow/.local/lib/python3.12/site-packages/airflow/example_dags/example_latest_only_with_trigger.py for tasks to queue
[2024-12-15T19:51:10.115+0000] {logging_mixin.py:190} INFO - [2024-12-15T19:51:10.115+0000] {dagbag.py:588} INFO - Filling up the DagBag from /home/airflow/.local/lib/python3.12/site-packages/airflow/example_dags/example_latest_only_with_trigger.py
[2024-12-15T19:51:10.170+0000] {processor.py:925} INFO - DAG(s) 'latest_only_with_trigger' retrieved from /home/airflow/.local/lib/python3.12/site-packages/airflow/example_dags/example_latest_only_with_trigger.py
[2024-12-15T19:51:10.269+0000] {logging_mixin.py:190} INFO - [2024-12-15T19:51:10.267+0000] {dag.py:3239} INFO - Sync 1 DAGs
[2024-12-15T19:51:10.518+0000] {logging_mixin.py:190} INFO - [2024-12-15T19:51:10.512+0000] {dag.py:4180} INFO - Setting next_dagrun for latest_only_with_trigger to 2024-12-15 12:00:00+00:00, run_after=2024-12-15 16:00:00+00:00
[2024-12-15T19:51:10.618+0000] {processor.py:208} INFO - Processing /home/airflow/.local/lib/python3.12/site-packages/airflow/example_dags/example_latest_only_with_trigger.py took 0.560 seconds
[2024-12-15T19:51:45.792+0000] {processor.py:186} INFO - Started process (PID=155) to work on /home/airflow/.local/lib/python3.12/site-packages/airflow/example_dags/example_latest_only_with_trigger.py
[2024-12-15T19:51:45.795+0000] {processor.py:914} INFO - Processing file /home/airflow/.local/lib/python3.12/site-packages/airflow/example_dags/example_latest_only_with_trigger.py for tasks to queue
[2024-12-15T19:51:45.799+0000] {logging_mixin.py:190} INFO - [2024-12-15T19:51:45.799+0000] {dagbag.py:588} INFO - Filling up the DagBag from /home/airflow/.local/lib/python3.12/site-packages/airflow/example_dags/example_latest_only_with_trigger.py
[2024-12-15T19:51:45.828+0000] {processor.py:925} INFO - DAG(s) 'latest_only_with_trigger' retrieved from /home/airflow/.local/lib/python3.12/site-packages/airflow/example_dags/example_latest_only_with_trigger.py
[2024-12-15T19:51:45.997+0000] {logging_mixin.py:190} INFO - [2024-12-15T19:51:45.996+0000] {dag.py:3239} INFO - Sync 1 DAGs
[2024-12-15T19:51:46.117+0000] {logging_mixin.py:190} INFO - [2024-12-15T19:51:46.117+0000] {dag.py:4180} INFO - Setting next_dagrun for latest_only_with_trigger to 2024-12-15 12:00:00+00:00, run_after=2024-12-15 16:00:00+00:00
[2024-12-15T19:51:46.178+0000] {processor.py:208} INFO - Processing /home/airflow/.local/lib/python3.12/site-packages/airflow/example_dags/example_latest_only_with_trigger.py took 0.407 seconds
[2024-12-15T19:52:35.639+0000] {processor.py:186} INFO - Started process (PID=230) to work on /home/airflow/.local/lib/python3.12/site-packages/airflow/example_dags/example_latest_only_with_trigger.py
[2024-12-15T19:52:35.688+0000] {processor.py:914} INFO - Processing file /home/airflow/.local/lib/python3.12/site-packages/airflow/example_dags/example_latest_only_with_trigger.py for tasks to queue
[2024-12-15T19:52:35.714+0000] {logging_mixin.py:190} INFO - [2024-12-15T19:52:35.714+0000] {dagbag.py:588} INFO - Filling up the DagBag from /home/airflow/.local/lib/python3.12/site-packages/airflow/example_dags/example_latest_only_with_trigger.py
[2024-12-15T19:52:35.812+0000] {processor.py:925} INFO - DAG(s) 'latest_only_with_trigger' retrieved from /home/airflow/.local/lib/python3.12/site-packages/airflow/example_dags/example_latest_only_with_trigger.py
[2024-12-15T19:52:35.913+0000] {logging_mixin.py:190} INFO - [2024-12-15T19:52:35.913+0000] {dag.py:3239} INFO - Sync 1 DAGs
[2024-12-15T19:52:36.080+0000] {logging_mixin.py:190} INFO - [2024-12-15T19:52:36.080+0000] {dag.py:4180} INFO - Setting next_dagrun for latest_only_with_trigger to 2024-12-15 12:00:00+00:00, run_after=2024-12-15 16:00:00+00:00
[2024-12-15T19:52:36.176+0000] {processor.py:208} INFO - Processing /home/airflow/.local/lib/python3.12/site-packages/airflow/example_dags/example_latest_only_with_trigger.py took 0.573 seconds
[2024-12-15T19:53:06.723+0000] {processor.py:186} INFO - Started process (PID=297) to work on /home/airflow/.local/lib/python3.12/site-packages/airflow/example_dags/example_latest_only_with_trigger.py
[2024-12-15T19:53:06.728+0000] {processor.py:914} INFO - Processing file /home/airflow/.local/lib/python3.12/site-packages/airflow/example_dags/example_latest_only_with_trigger.py for tasks to queue
[2024-12-15T19:53:06.734+0000] {logging_mixin.py:190} INFO - [2024-12-15T19:53:06.733+0000] {dagbag.py:588} INFO - Filling up the DagBag from /home/airflow/.local/lib/python3.12/site-packages/airflow/example_dags/example_latest_only_with_trigger.py
[2024-12-15T19:53:06.768+0000] {processor.py:925} INFO - DAG(s) 'latest_only_with_trigger' retrieved from /home/airflow/.local/lib/python3.12/site-packages/airflow/example_dags/example_latest_only_with_trigger.py
[2024-12-15T19:53:06.970+0000] {logging_mixin.py:190} INFO - [2024-12-15T19:53:06.969+0000] {dag.py:3239} INFO - Sync 1 DAGs
[2024-12-15T19:53:07.116+0000] {logging_mixin.py:190} INFO - [2024-12-15T19:53:07.115+0000] {dag.py:4180} INFO - Setting next_dagrun for latest_only_with_trigger to 2024-12-15 12:00:00+00:00, run_after=2024-12-15 16:00:00+00:00
[2024-12-15T19:53:07.217+0000] {processor.py:208} INFO - Processing /home/airflow/.local/lib/python3.12/site-packages/airflow/example_dags/example_latest_only_with_trigger.py took 0.509 seconds
[2024-12-15T19:53:43.846+0000] {processor.py:186} INFO - Started process (PID=360) to work on /home/airflow/.local/lib/python3.12/site-packages/airflow/example_dags/example_latest_only_with_trigger.py
[2024-12-15T19:53:43.855+0000] {processor.py:914} INFO - Processing file /home/airflow/.local/lib/python3.12/site-packages/airflow/example_dags/example_latest_only_with_trigger.py for tasks to queue
[2024-12-15T19:53:43.863+0000] {logging_mixin.py:190} INFO - [2024-12-15T19:53:43.862+0000] {dagbag.py:588} INFO - Filling up the DagBag from /home/airflow/.local/lib/python3.12/site-packages/airflow/example_dags/example_latest_only_with_trigger.py
[2024-12-15T19:53:43.912+0000] {processor.py:925} INFO - DAG(s) 'latest_only_with_trigger' retrieved from /home/airflow/.local/lib/python3.12/site-packages/airflow/example_dags/example_latest_only_with_trigger.py
[2024-12-15T19:53:44.011+0000] {logging_mixin.py:190} INFO - [2024-12-15T19:53:44.011+0000] {dag.py:3239} INFO - Sync 1 DAGs
[2024-12-15T19:53:44.083+0000] {logging_mixin.py:190} INFO - [2024-12-15T19:53:44.083+0000] {dag.py:4180} INFO - Setting next_dagrun for latest_only_with_trigger to 2024-12-15 12:00:00+00:00, run_after=2024-12-15 16:00:00+00:00
[2024-12-15T19:53:44.140+0000] {processor.py:208} INFO - Processing /home/airflow/.local/lib/python3.12/site-packages/airflow/example_dags/example_latest_only_with_trigger.py took 0.306 seconds
[2024-12-15T19:54:17.502+0000] {processor.py:186} INFO - Started process (PID=423) to work on /home/airflow/.local/lib/python3.12/site-packages/airflow/example_dags/example_latest_only_with_trigger.py
[2024-12-15T19:54:17.505+0000] {processor.py:914} INFO - Processing file /home/airflow/.local/lib/python3.12/site-packages/airflow/example_dags/example_latest_only_with_trigger.py for tasks to queue
[2024-12-15T19:54:17.510+0000] {logging_mixin.py:190} INFO - [2024-12-15T19:54:17.509+0000] {dagbag.py:588} INFO - Filling up the DagBag from /home/airflow/.local/lib/python3.12/site-packages/airflow/example_dags/example_latest_only_with_trigger.py
[2024-12-15T19:54:17.526+0000] {processor.py:925} INFO - DAG(s) 'latest_only_with_trigger' retrieved from /home/airflow/.local/lib/python3.12/site-packages/airflow/example_dags/example_latest_only_with_trigger.py
[2024-12-15T19:54:17.565+0000] {logging_mixin.py:190} INFO - [2024-12-15T19:54:17.564+0000] {dag.py:3239} INFO - Sync 1 DAGs
[2024-12-15T19:54:17.622+0000] {logging_mixin.py:190} INFO - [2024-12-15T19:54:17.622+0000] {dag.py:4180} INFO - Setting next_dagrun for latest_only_with_trigger to 2024-12-15 12:00:00+00:00, run_after=2024-12-15 16:00:00+00:00
[2024-12-15T19:54:17.663+0000] {processor.py:208} INFO - Processing /home/airflow/.local/lib/python3.12/site-packages/airflow/example_dags/example_latest_only_with_trigger.py took 0.178 seconds
[2024-12-15T19:54:47.804+0000] {processor.py:186} INFO - Started process (PID=488) to work on /home/airflow/.local/lib/python3.12/site-packages/airflow/example_dags/example_latest_only_with_trigger.py
[2024-12-15T19:54:47.806+0000] {processor.py:914} INFO - Processing file /home/airflow/.local/lib/python3.12/site-packages/airflow/example_dags/example_latest_only_with_trigger.py for tasks to queue
[2024-12-15T19:54:47.808+0000] {logging_mixin.py:190} INFO - [2024-12-15T19:54:47.808+0000] {dagbag.py:588} INFO - Filling up the DagBag from /home/airflow/.local/lib/python3.12/site-packages/airflow/example_dags/example_latest_only_with_trigger.py
[2024-12-15T19:54:47.829+0000] {processor.py:925} INFO - DAG(s) 'latest_only_with_trigger' retrieved from /home/airflow/.local/lib/python3.12/site-packages/airflow/example_dags/example_latest_only_with_trigger.py
[2024-12-15T19:54:47.861+0000] {logging_mixin.py:190} INFO - [2024-12-15T19:54:47.861+0000] {dag.py:3239} INFO - Sync 1 DAGs
[2024-12-15T19:54:47.900+0000] {logging_mixin.py:190} INFO - [2024-12-15T19:54:47.900+0000] {dag.py:4180} INFO - Setting next_dagrun for latest_only_with_trigger to 2024-12-15 12:00:00+00:00, run_after=2024-12-15 16:00:00+00:00
[2024-12-15T19:54:47.923+0000] {processor.py:208} INFO - Processing /home/airflow/.local/lib/python3.12/site-packages/airflow/example_dags/example_latest_only_with_trigger.py took 0.127 seconds
[2024-12-15T19:55:27.441+0000] {processor.py:186} INFO - Started process (PID=561) to work on /home/airflow/.local/lib/python3.12/site-packages/airflow/example_dags/example_latest_only_with_trigger.py
[2024-12-15T19:55:27.447+0000] {processor.py:914} INFO - Processing file /home/airflow/.local/lib/python3.12/site-packages/airflow/example_dags/example_latest_only_with_trigger.py for tasks to queue
[2024-12-15T19:55:27.458+0000] {logging_mixin.py:190} INFO - [2024-12-15T19:55:27.456+0000] {dagbag.py:588} INFO - Filling up the DagBag from /home/airflow/.local/lib/python3.12/site-packages/airflow/example_dags/example_latest_only_with_trigger.py
[2024-12-15T19:55:27.492+0000] {processor.py:925} INFO - DAG(s) 'latest_only_with_trigger' retrieved from /home/airflow/.local/lib/python3.12/site-packages/airflow/example_dags/example_latest_only_with_trigger.py
[2024-12-15T19:55:27.588+0000] {logging_mixin.py:190} INFO - [2024-12-15T19:55:27.587+0000] {dag.py:3239} INFO - Sync 1 DAGs
[2024-12-15T19:55:27.648+0000] {logging_mixin.py:190} INFO - [2024-12-15T19:55:27.648+0000] {dag.py:4180} INFO - Setting next_dagrun for latest_only_with_trigger to 2024-12-15 12:00:00+00:00, run_after=2024-12-15 16:00:00+00:00
[2024-12-15T19:55:27.688+0000] {processor.py:208} INFO - Processing /home/airflow/.local/lib/python3.12/site-packages/airflow/example_dags/example_latest_only_with_trigger.py took 0.266 seconds
[2024-12-15T19:56:06.177+0000] {processor.py:186} INFO - Started process (PID=625) to work on /home/airflow/.local/lib/python3.12/site-packages/airflow/example_dags/example_latest_only_with_trigger.py
[2024-12-15T19:56:06.179+0000] {processor.py:914} INFO - Processing file /home/airflow/.local/lib/python3.12/site-packages/airflow/example_dags/example_latest_only_with_trigger.py for tasks to queue
[2024-12-15T19:56:06.182+0000] {logging_mixin.py:190} INFO - [2024-12-15T19:56:06.181+0000] {dagbag.py:588} INFO - Filling up the DagBag from /home/airflow/.local/lib/python3.12/site-packages/airflow/example_dags/example_latest_only_with_trigger.py
[2024-12-15T19:56:06.217+0000] {processor.py:925} INFO - DAG(s) 'latest_only_with_trigger' retrieved from /home/airflow/.local/lib/python3.12/site-packages/airflow/example_dags/example_latest_only_with_trigger.py
[2024-12-15T19:56:06.277+0000] {logging_mixin.py:190} INFO - [2024-12-15T19:56:06.277+0000] {dag.py:3239} INFO - Sync 1 DAGs
[2024-12-15T19:56:06.336+0000] {logging_mixin.py:190} INFO - [2024-12-15T19:56:06.335+0000] {dag.py:4180} INFO - Setting next_dagrun for latest_only_with_trigger to 2024-12-15 12:00:00+00:00, run_after=2024-12-15 16:00:00+00:00
[2024-12-15T19:56:06.359+0000] {processor.py:208} INFO - Processing /home/airflow/.local/lib/python3.12/site-packages/airflow/example_dags/example_latest_only_with_trigger.py took 0.211 seconds
[2024-12-15T20:00:13.662+0000] {processor.py:186} INFO - Started process (PID=102) to work on /home/airflow/.local/lib/python3.12/site-packages/airflow/example_dags/example_latest_only_with_trigger.py
[2024-12-15T20:00:13.685+0000] {processor.py:914} INFO - Processing file /home/airflow/.local/lib/python3.12/site-packages/airflow/example_dags/example_latest_only_with_trigger.py for tasks to queue
[2024-12-15T20:00:13.706+0000] {logging_mixin.py:190} INFO - [2024-12-15T20:00:13.702+0000] {dagbag.py:588} INFO - Filling up the DagBag from /home/airflow/.local/lib/python3.12/site-packages/airflow/example_dags/example_latest_only_with_trigger.py
[2024-12-15T20:00:13.744+0000] {processor.py:925} INFO - DAG(s) 'latest_only_with_trigger' retrieved from /home/airflow/.local/lib/python3.12/site-packages/airflow/example_dags/example_latest_only_with_trigger.py
[2024-12-15T20:00:13.991+0000] {logging_mixin.py:190} INFO - [2024-12-15T20:00:13.991+0000] {dag.py:3239} INFO - Sync 1 DAGs
[2024-12-15T20:00:15.728+0000] {logging_mixin.py:190} INFO - [2024-12-15T20:00:15.726+0000] {dag.py:4180} INFO - Setting next_dagrun for latest_only_with_trigger to 2024-12-15 16:00:00+00:00, run_after=2024-12-15 20:00:00+00:00
[2024-12-15T20:00:16.350+0000] {processor.py:208} INFO - Processing /home/airflow/.local/lib/python3.12/site-packages/airflow/example_dags/example_latest_only_with_trigger.py took 2.794 seconds
[2024-12-15T20:01:49.744+0000] {processor.py:186} INFO - Started process (PID=193) to work on /home/airflow/.local/lib/python3.12/site-packages/airflow/example_dags/example_latest_only_with_trigger.py
[2024-12-15T20:01:49.748+0000] {processor.py:914} INFO - Processing file /home/airflow/.local/lib/python3.12/site-packages/airflow/example_dags/example_latest_only_with_trigger.py for tasks to queue
[2024-12-15T20:01:49.764+0000] {logging_mixin.py:190} INFO - [2024-12-15T20:01:49.757+0000] {dagbag.py:588} INFO - Filling up the DagBag from /home/airflow/.local/lib/python3.12/site-packages/airflow/example_dags/example_latest_only_with_trigger.py
[2024-12-15T20:01:49.825+0000] {processor.py:925} INFO - DAG(s) 'latest_only_with_trigger' retrieved from /home/airflow/.local/lib/python3.12/site-packages/airflow/example_dags/example_latest_only_with_trigger.py
[2024-12-15T20:01:49.918+0000] {logging_mixin.py:190} INFO - [2024-12-15T20:01:49.918+0000] {dag.py:3239} INFO - Sync 1 DAGs
[2024-12-15T20:01:50.010+0000] {logging_mixin.py:190} INFO - [2024-12-15T20:01:50.010+0000] {dag.py:4180} INFO - Setting next_dagrun for latest_only_with_trigger to 2024-12-15 16:00:00+00:00, run_after=2024-12-15 20:00:00+00:00
[2024-12-15T20:01:50.167+0000] {processor.py:208} INFO - Processing /home/airflow/.local/lib/python3.12/site-packages/airflow/example_dags/example_latest_only_with_trigger.py took 0.450 seconds
[2024-12-15T20:02:25.917+0000] {processor.py:186} INFO - Started process (PID=257) to work on /home/airflow/.local/lib/python3.12/site-packages/airflow/example_dags/example_latest_only_with_trigger.py
[2024-12-15T20:02:25.919+0000] {processor.py:914} INFO - Processing file /home/airflow/.local/lib/python3.12/site-packages/airflow/example_dags/example_latest_only_with_trigger.py for tasks to queue
[2024-12-15T20:02:25.924+0000] {logging_mixin.py:190} INFO - [2024-12-15T20:02:25.923+0000] {dagbag.py:588} INFO - Filling up the DagBag from /home/airflow/.local/lib/python3.12/site-packages/airflow/example_dags/example_latest_only_with_trigger.py
[2024-12-15T20:02:25.966+0000] {processor.py:925} INFO - DAG(s) 'latest_only_with_trigger' retrieved from /home/airflow/.local/lib/python3.12/site-packages/airflow/example_dags/example_latest_only_with_trigger.py
[2024-12-15T20:02:26.187+0000] {logging_mixin.py:190} INFO - [2024-12-15T20:02:26.187+0000] {dag.py:3239} INFO - Sync 1 DAGs
[2024-12-15T20:02:26.595+0000] {logging_mixin.py:190} INFO - [2024-12-15T20:02:26.594+0000] {dag.py:4180} INFO - Setting next_dagrun for latest_only_with_trigger to 2024-12-15 16:00:00+00:00, run_after=2024-12-15 20:00:00+00:00
[2024-12-15T20:02:26.860+0000] {processor.py:208} INFO - Processing /home/airflow/.local/lib/python3.12/site-packages/airflow/example_dags/example_latest_only_with_trigger.py took 0.965 seconds
[2024-12-15T20:03:07.787+0000] {processor.py:186} INFO - Started process (PID=323) to work on /home/airflow/.local/lib/python3.12/site-packages/airflow/example_dags/example_latest_only_with_trigger.py
[2024-12-15T20:03:07.793+0000] {processor.py:914} INFO - Processing file /home/airflow/.local/lib/python3.12/site-packages/airflow/example_dags/example_latest_only_with_trigger.py for tasks to queue
[2024-12-15T20:03:07.803+0000] {logging_mixin.py:190} INFO - [2024-12-15T20:03:07.802+0000] {dagbag.py:588} INFO - Filling up the DagBag from /home/airflow/.local/lib/python3.12/site-packages/airflow/example_dags/example_latest_only_with_trigger.py
[2024-12-15T20:03:07.823+0000] {processor.py:925} INFO - DAG(s) 'latest_only_with_trigger' retrieved from /home/airflow/.local/lib/python3.12/site-packages/airflow/example_dags/example_latest_only_with_trigger.py
[2024-12-15T20:03:07.863+0000] {logging_mixin.py:190} INFO - [2024-12-15T20:03:07.862+0000] {dag.py:3239} INFO - Sync 1 DAGs
[2024-12-15T20:03:07.899+0000] {logging_mixin.py:190} INFO - [2024-12-15T20:03:07.899+0000] {dag.py:4180} INFO - Setting next_dagrun for latest_only_with_trigger to 2024-12-15 16:00:00+00:00, run_after=2024-12-15 20:00:00+00:00
[2024-12-15T20:03:07.957+0000] {processor.py:208} INFO - Processing /home/airflow/.local/lib/python3.12/site-packages/airflow/example_dags/example_latest_only_with_trigger.py took 0.184 seconds
[2024-12-15T20:03:38.854+0000] {processor.py:186} INFO - Started process (PID=386) to work on /home/airflow/.local/lib/python3.12/site-packages/airflow/example_dags/example_latest_only_with_trigger.py
[2024-12-15T20:03:38.856+0000] {processor.py:914} INFO - Processing file /home/airflow/.local/lib/python3.12/site-packages/airflow/example_dags/example_latest_only_with_trigger.py for tasks to queue
[2024-12-15T20:03:38.861+0000] {logging_mixin.py:190} INFO - [2024-12-15T20:03:38.859+0000] {dagbag.py:588} INFO - Filling up the DagBag from /home/airflow/.local/lib/python3.12/site-packages/airflow/example_dags/example_latest_only_with_trigger.py
[2024-12-15T20:03:38.880+0000] {processor.py:925} INFO - DAG(s) 'latest_only_with_trigger' retrieved from /home/airflow/.local/lib/python3.12/site-packages/airflow/example_dags/example_latest_only_with_trigger.py
[2024-12-15T20:03:38.918+0000] {logging_mixin.py:190} INFO - [2024-12-15T20:03:38.918+0000] {dag.py:3239} INFO - Sync 1 DAGs
[2024-12-15T20:03:38.987+0000] {logging_mixin.py:190} INFO - [2024-12-15T20:03:38.987+0000] {dag.py:4180} INFO - Setting next_dagrun for latest_only_with_trigger to 2024-12-15 16:00:00+00:00, run_after=2024-12-15 20:00:00+00:00
[2024-12-15T20:03:39.024+0000] {processor.py:208} INFO - Processing /home/airflow/.local/lib/python3.12/site-packages/airflow/example_dags/example_latest_only_with_trigger.py took 0.184 seconds
[2024-12-15T20:04:12.218+0000] {processor.py:186} INFO - Started process (PID=456) to work on /home/airflow/.local/lib/python3.12/site-packages/airflow/example_dags/example_latest_only_with_trigger.py
[2024-12-15T20:04:12.239+0000] {processor.py:914} INFO - Processing file /home/airflow/.local/lib/python3.12/site-packages/airflow/example_dags/example_latest_only_with_trigger.py for tasks to queue
[2024-12-15T20:04:12.250+0000] {logging_mixin.py:190} INFO - [2024-12-15T20:04:12.249+0000] {dagbag.py:588} INFO - Filling up the DagBag from /home/airflow/.local/lib/python3.12/site-packages/airflow/example_dags/example_latest_only_with_trigger.py
[2024-12-15T20:04:12.276+0000] {processor.py:925} INFO - DAG(s) 'latest_only_with_trigger' retrieved from /home/airflow/.local/lib/python3.12/site-packages/airflow/example_dags/example_latest_only_with_trigger.py
[2024-12-15T20:04:12.372+0000] {logging_mixin.py:190} INFO - [2024-12-15T20:04:12.371+0000] {dag.py:3239} INFO - Sync 1 DAGs
[2024-12-15T20:04:12.512+0000] {logging_mixin.py:190} INFO - [2024-12-15T20:04:12.511+0000] {dag.py:4180} INFO - Setting next_dagrun for latest_only_with_trigger to 2024-12-15 16:00:00+00:00, run_after=2024-12-15 20:00:00+00:00
[2024-12-15T20:04:12.619+0000] {processor.py:208} INFO - Processing /home/airflow/.local/lib/python3.12/site-packages/airflow/example_dags/example_latest_only_with_trigger.py took 0.418 seconds
[2024-12-15T20:04:47.163+0000] {processor.py:186} INFO - Started process (PID=521) to work on /home/airflow/.local/lib/python3.12/site-packages/airflow/example_dags/example_latest_only_with_trigger.py
[2024-12-15T20:04:47.167+0000] {processor.py:914} INFO - Processing file /home/airflow/.local/lib/python3.12/site-packages/airflow/example_dags/example_latest_only_with_trigger.py for tasks to queue
[2024-12-15T20:04:47.178+0000] {logging_mixin.py:190} INFO - [2024-12-15T20:04:47.177+0000] {dagbag.py:588} INFO - Filling up the DagBag from /home/airflow/.local/lib/python3.12/site-packages/airflow/example_dags/example_latest_only_with_trigger.py
[2024-12-15T20:04:47.211+0000] {processor.py:925} INFO - DAG(s) 'latest_only_with_trigger' retrieved from /home/airflow/.local/lib/python3.12/site-packages/airflow/example_dags/example_latest_only_with_trigger.py
[2024-12-15T20:04:47.314+0000] {logging_mixin.py:190} INFO - [2024-12-15T20:04:47.313+0000] {dag.py:3239} INFO - Sync 1 DAGs
[2024-12-15T20:04:47.466+0000] {logging_mixin.py:190} INFO - [2024-12-15T20:04:47.466+0000] {dag.py:4180} INFO - Setting next_dagrun for latest_only_with_trigger to 2024-12-15 16:00:00+00:00, run_after=2024-12-15 20:00:00+00:00
[2024-12-15T20:04:47.798+0000] {processor.py:208} INFO - Processing /home/airflow/.local/lib/python3.12/site-packages/airflow/example_dags/example_latest_only_with_trigger.py took 0.657 seconds
[2024-12-15T20:06:10.364+0000] {processor.py:186} INFO - Started process (PID=600) to work on /home/airflow/.local/lib/python3.12/site-packages/airflow/example_dags/example_latest_only_with_trigger.py
[2024-12-15T20:06:10.373+0000] {processor.py:914} INFO - Processing file /home/airflow/.local/lib/python3.12/site-packages/airflow/example_dags/example_latest_only_with_trigger.py for tasks to queue
[2024-12-15T20:06:10.392+0000] {logging_mixin.py:190} INFO - [2024-12-15T20:06:10.391+0000] {dagbag.py:588} INFO - Filling up the DagBag from /home/airflow/.local/lib/python3.12/site-packages/airflow/example_dags/example_latest_only_with_trigger.py
[2024-12-15T20:06:10.461+0000] {processor.py:925} INFO - DAG(s) 'latest_only_with_trigger' retrieved from /home/airflow/.local/lib/python3.12/site-packages/airflow/example_dags/example_latest_only_with_trigger.py
[2024-12-15T20:06:10.731+0000] {logging_mixin.py:190} INFO - [2024-12-15T20:06:10.731+0000] {dag.py:3239} INFO - Sync 1 DAGs
[2024-12-15T20:06:10.839+0000] {logging_mixin.py:190} INFO - [2024-12-15T20:06:10.830+0000] {dag.py:4180} INFO - Setting next_dagrun for latest_only_with_trigger to 2024-12-15 16:00:00+00:00, run_after=2024-12-15 20:00:00+00:00
[2024-12-15T20:06:10.921+0000] {processor.py:208} INFO - Processing /home/airflow/.local/lib/python3.12/site-packages/airflow/example_dags/example_latest_only_with_trigger.py took 0.577 seconds
[2024-12-15T20:06:41.544+0000] {processor.py:186} INFO - Started process (PID=666) to work on /home/airflow/.local/lib/python3.12/site-packages/airflow/example_dags/example_latest_only_with_trigger.py
[2024-12-15T20:06:41.547+0000] {processor.py:914} INFO - Processing file /home/airflow/.local/lib/python3.12/site-packages/airflow/example_dags/example_latest_only_with_trigger.py for tasks to queue
[2024-12-15T20:06:41.553+0000] {logging_mixin.py:190} INFO - [2024-12-15T20:06:41.553+0000] {dagbag.py:588} INFO - Filling up the DagBag from /home/airflow/.local/lib/python3.12/site-packages/airflow/example_dags/example_latest_only_with_trigger.py
[2024-12-15T20:06:41.565+0000] {processor.py:925} INFO - DAG(s) 'latest_only_with_trigger' retrieved from /home/airflow/.local/lib/python3.12/site-packages/airflow/example_dags/example_latest_only_with_trigger.py
[2024-12-15T20:06:41.597+0000] {logging_mixin.py:190} INFO - [2024-12-15T20:06:41.596+0000] {dag.py:3239} INFO - Sync 1 DAGs
[2024-12-15T20:06:41.639+0000] {logging_mixin.py:190} INFO - [2024-12-15T20:06:41.639+0000] {dag.py:4180} INFO - Setting next_dagrun for latest_only_with_trigger to 2024-12-15 16:00:00+00:00, run_after=2024-12-15 20:00:00+00:00
[2024-12-15T20:06:41.661+0000] {processor.py:208} INFO - Processing /home/airflow/.local/lib/python3.12/site-packages/airflow/example_dags/example_latest_only_with_trigger.py took 0.127 seconds
[2024-12-15T20:07:11.764+0000] {processor.py:186} INFO - Started process (PID=732) to work on /home/airflow/.local/lib/python3.12/site-packages/airflow/example_dags/example_latest_only_with_trigger.py
[2024-12-15T20:07:11.766+0000] {processor.py:914} INFO - Processing file /home/airflow/.local/lib/python3.12/site-packages/airflow/example_dags/example_latest_only_with_trigger.py for tasks to queue
[2024-12-15T20:07:11.771+0000] {logging_mixin.py:190} INFO - [2024-12-15T20:07:11.770+0000] {dagbag.py:588} INFO - Filling up the DagBag from /home/airflow/.local/lib/python3.12/site-packages/airflow/example_dags/example_latest_only_with_trigger.py
[2024-12-15T20:07:11.785+0000] {processor.py:925} INFO - DAG(s) 'latest_only_with_trigger' retrieved from /home/airflow/.local/lib/python3.12/site-packages/airflow/example_dags/example_latest_only_with_trigger.py
[2024-12-15T20:07:11.812+0000] {logging_mixin.py:190} INFO - [2024-12-15T20:07:11.811+0000] {dag.py:3239} INFO - Sync 1 DAGs
[2024-12-15T20:07:11.848+0000] {logging_mixin.py:190} INFO - [2024-12-15T20:07:11.848+0000] {dag.py:4180} INFO - Setting next_dagrun for latest_only_with_trigger to 2024-12-15 16:00:00+00:00, run_after=2024-12-15 20:00:00+00:00
[2024-12-15T20:07:11.870+0000] {processor.py:208} INFO - Processing /home/airflow/.local/lib/python3.12/site-packages/airflow/example_dags/example_latest_only_with_trigger.py took 0.114 seconds
[2024-12-15T20:16:33.795+0000] {processor.py:186} INFO - Started process (PID=96) to work on /home/airflow/.local/lib/python3.12/site-packages/airflow/example_dags/example_latest_only_with_trigger.py
[2024-12-15T20:16:33.798+0000] {processor.py:914} INFO - Processing file /home/airflow/.local/lib/python3.12/site-packages/airflow/example_dags/example_latest_only_with_trigger.py for tasks to queue
[2024-12-15T20:16:33.807+0000] {logging_mixin.py:190} INFO - [2024-12-15T20:16:33.806+0000] {dagbag.py:588} INFO - Filling up the DagBag from /home/airflow/.local/lib/python3.12/site-packages/airflow/example_dags/example_latest_only_with_trigger.py
[2024-12-15T20:16:33.829+0000] {processor.py:925} INFO - DAG(s) 'latest_only_with_trigger' retrieved from /home/airflow/.local/lib/python3.12/site-packages/airflow/example_dags/example_latest_only_with_trigger.py
[2024-12-15T20:16:34.032+0000] {logging_mixin.py:190} INFO - [2024-12-15T20:16:34.031+0000] {dag.py:3239} INFO - Sync 1 DAGs
[2024-12-15T20:16:34.201+0000] {logging_mixin.py:190} INFO - [2024-12-15T20:16:34.200+0000] {dag.py:4180} INFO - Setting next_dagrun for latest_only_with_trigger to 2024-12-15 16:00:00+00:00, run_after=2024-12-15 20:00:00+00:00
[2024-12-15T20:16:34.241+0000] {processor.py:208} INFO - Processing /home/airflow/.local/lib/python3.12/site-packages/airflow/example_dags/example_latest_only_with_trigger.py took 0.458 seconds
[2024-12-15T20:17:05.547+0000] {processor.py:186} INFO - Started process (PID=160) to work on /home/airflow/.local/lib/python3.12/site-packages/airflow/example_dags/example_latest_only_with_trigger.py
[2024-12-15T20:17:05.549+0000] {processor.py:914} INFO - Processing file /home/airflow/.local/lib/python3.12/site-packages/airflow/example_dags/example_latest_only_with_trigger.py for tasks to queue
[2024-12-15T20:17:05.555+0000] {logging_mixin.py:190} INFO - [2024-12-15T20:17:05.554+0000] {dagbag.py:588} INFO - Filling up the DagBag from /home/airflow/.local/lib/python3.12/site-packages/airflow/example_dags/example_latest_only_with_trigger.py
[2024-12-15T20:17:05.574+0000] {processor.py:925} INFO - DAG(s) 'latest_only_with_trigger' retrieved from /home/airflow/.local/lib/python3.12/site-packages/airflow/example_dags/example_latest_only_with_trigger.py
[2024-12-15T20:17:05.640+0000] {logging_mixin.py:190} INFO - [2024-12-15T20:17:05.639+0000] {dag.py:3239} INFO - Sync 1 DAGs
[2024-12-15T20:17:05.738+0000] {logging_mixin.py:190} INFO - [2024-12-15T20:17:05.736+0000] {dag.py:4180} INFO - Setting next_dagrun for latest_only_with_trigger to 2024-12-15 16:00:00+00:00, run_after=2024-12-15 20:00:00+00:00
[2024-12-15T20:17:05.796+0000] {processor.py:208} INFO - Processing /home/airflow/.local/lib/python3.12/site-packages/airflow/example_dags/example_latest_only_with_trigger.py took 0.262 seconds
[2024-12-15T20:17:38.960+0000] {processor.py:186} INFO - Started process (PID=224) to work on /home/airflow/.local/lib/python3.12/site-packages/airflow/example_dags/example_latest_only_with_trigger.py
[2024-12-15T20:17:38.969+0000] {processor.py:914} INFO - Processing file /home/airflow/.local/lib/python3.12/site-packages/airflow/example_dags/example_latest_only_with_trigger.py for tasks to queue
[2024-12-15T20:17:38.983+0000] {logging_mixin.py:190} INFO - [2024-12-15T20:17:38.983+0000] {dagbag.py:588} INFO - Filling up the DagBag from /home/airflow/.local/lib/python3.12/site-packages/airflow/example_dags/example_latest_only_with_trigger.py
[2024-12-15T20:17:39.060+0000] {processor.py:925} INFO - DAG(s) 'latest_only_with_trigger' retrieved from /home/airflow/.local/lib/python3.12/site-packages/airflow/example_dags/example_latest_only_with_trigger.py
[2024-12-15T20:17:39.267+0000] {logging_mixin.py:190} INFO - [2024-12-15T20:17:39.266+0000] {dag.py:3239} INFO - Sync 1 DAGs
[2024-12-15T20:17:39.550+0000] {logging_mixin.py:190} INFO - [2024-12-15T20:17:39.547+0000] {dag.py:4180} INFO - Setting next_dagrun for latest_only_with_trigger to 2024-12-15 16:00:00+00:00, run_after=2024-12-15 20:00:00+00:00
[2024-12-15T20:17:40.652+0000] {processor.py:208} INFO - Processing /home/airflow/.local/lib/python3.12/site-packages/airflow/example_dags/example_latest_only_with_trigger.py took 1.731 seconds
[2024-12-15T20:18:14.100+0000] {processor.py:186} INFO - Started process (PID=288) to work on /home/airflow/.local/lib/python3.12/site-packages/airflow/example_dags/example_latest_only_with_trigger.py
[2024-12-15T20:18:14.113+0000] {processor.py:914} INFO - Processing file /home/airflow/.local/lib/python3.12/site-packages/airflow/example_dags/example_latest_only_with_trigger.py for tasks to queue
[2024-12-15T20:18:14.128+0000] {logging_mixin.py:190} INFO - [2024-12-15T20:18:14.124+0000] {dagbag.py:588} INFO - Filling up the DagBag from /home/airflow/.local/lib/python3.12/site-packages/airflow/example_dags/example_latest_only_with_trigger.py
[2024-12-15T20:18:14.158+0000] {processor.py:925} INFO - DAG(s) 'latest_only_with_trigger' retrieved from /home/airflow/.local/lib/python3.12/site-packages/airflow/example_dags/example_latest_only_with_trigger.py
[2024-12-15T20:18:14.217+0000] {logging_mixin.py:190} INFO - [2024-12-15T20:18:14.217+0000] {dag.py:3239} INFO - Sync 1 DAGs
[2024-12-15T20:18:14.275+0000] {logging_mixin.py:190} INFO - [2024-12-15T20:18:14.274+0000] {dag.py:4180} INFO - Setting next_dagrun for latest_only_with_trigger to 2024-12-15 16:00:00+00:00, run_after=2024-12-15 20:00:00+00:00
[2024-12-15T20:18:14.317+0000] {processor.py:208} INFO - Processing /home/airflow/.local/lib/python3.12/site-packages/airflow/example_dags/example_latest_only_with_trigger.py took 0.245 seconds
[2024-12-15T20:18:58.789+0000] {processor.py:186} INFO - Started process (PID=358) to work on /home/airflow/.local/lib/python3.12/site-packages/airflow/example_dags/example_latest_only_with_trigger.py
[2024-12-15T20:18:58.792+0000] {processor.py:914} INFO - Processing file /home/airflow/.local/lib/python3.12/site-packages/airflow/example_dags/example_latest_only_with_trigger.py for tasks to queue
[2024-12-15T20:18:58.797+0000] {logging_mixin.py:190} INFO - [2024-12-15T20:18:58.797+0000] {dagbag.py:588} INFO - Filling up the DagBag from /home/airflow/.local/lib/python3.12/site-packages/airflow/example_dags/example_latest_only_with_trigger.py
[2024-12-15T20:18:58.812+0000] {processor.py:925} INFO - DAG(s) 'latest_only_with_trigger' retrieved from /home/airflow/.local/lib/python3.12/site-packages/airflow/example_dags/example_latest_only_with_trigger.py
[2024-12-15T20:18:58.857+0000] {logging_mixin.py:190} INFO - [2024-12-15T20:18:58.856+0000] {dag.py:3239} INFO - Sync 1 DAGs
[2024-12-15T20:18:58.918+0000] {logging_mixin.py:190} INFO - [2024-12-15T20:18:58.917+0000] {dag.py:4180} INFO - Setting next_dagrun for latest_only_with_trigger to 2024-12-15 16:00:00+00:00, run_after=2024-12-15 20:00:00+00:00
[2024-12-15T20:18:58.975+0000] {processor.py:208} INFO - Processing /home/airflow/.local/lib/python3.12/site-packages/airflow/example_dags/example_latest_only_with_trigger.py took 0.201 seconds
[2024-12-15T20:21:07.341+0000] {processor.py:186} INFO - Started process (PID=468) to work on /home/airflow/.local/lib/python3.12/site-packages/airflow/example_dags/example_latest_only_with_trigger.py
[2024-12-15T20:21:07.345+0000] {processor.py:914} INFO - Processing file /home/airflow/.local/lib/python3.12/site-packages/airflow/example_dags/example_latest_only_with_trigger.py for tasks to queue
[2024-12-15T20:21:07.348+0000] {logging_mixin.py:190} INFO - [2024-12-15T20:21:07.347+0000] {dagbag.py:588} INFO - Filling up the DagBag from /home/airflow/.local/lib/python3.12/site-packages/airflow/example_dags/example_latest_only_with_trigger.py
[2024-12-15T20:21:07.385+0000] {processor.py:925} INFO - DAG(s) 'latest_only_with_trigger' retrieved from /home/airflow/.local/lib/python3.12/site-packages/airflow/example_dags/example_latest_only_with_trigger.py
[2024-12-15T20:21:07.498+0000] {logging_mixin.py:190} INFO - [2024-12-15T20:21:07.494+0000] {dag.py:3239} INFO - Sync 1 DAGs
[2024-12-15T20:21:07.691+0000] {logging_mixin.py:190} INFO - [2024-12-15T20:21:07.690+0000] {dag.py:4180} INFO - Setting next_dagrun for latest_only_with_trigger to 2024-12-15 16:00:00+00:00, run_after=2024-12-15 20:00:00+00:00
[2024-12-15T20:21:07.830+0000] {processor.py:208} INFO - Processing /home/airflow/.local/lib/python3.12/site-packages/airflow/example_dags/example_latest_only_with_trigger.py took 0.500 seconds
[2024-12-15T20:21:38.794+0000] {processor.py:186} INFO - Started process (PID=532) to work on /home/airflow/.local/lib/python3.12/site-packages/airflow/example_dags/example_latest_only_with_trigger.py
[2024-12-15T20:21:38.797+0000] {processor.py:914} INFO - Processing file /home/airflow/.local/lib/python3.12/site-packages/airflow/example_dags/example_latest_only_with_trigger.py for tasks to queue
[2024-12-15T20:21:38.801+0000] {logging_mixin.py:190} INFO - [2024-12-15T20:21:38.800+0000] {dagbag.py:588} INFO - Filling up the DagBag from /home/airflow/.local/lib/python3.12/site-packages/airflow/example_dags/example_latest_only_with_trigger.py
[2024-12-15T20:21:38.827+0000] {processor.py:925} INFO - DAG(s) 'latest_only_with_trigger' retrieved from /home/airflow/.local/lib/python3.12/site-packages/airflow/example_dags/example_latest_only_with_trigger.py
[2024-12-15T20:21:38.870+0000] {logging_mixin.py:190} INFO - [2024-12-15T20:21:38.870+0000] {dag.py:3239} INFO - Sync 1 DAGs
[2024-12-15T20:21:38.927+0000] {logging_mixin.py:190} INFO - [2024-12-15T20:21:38.927+0000] {dag.py:4180} INFO - Setting next_dagrun for latest_only_with_trigger to 2024-12-15 16:00:00+00:00, run_after=2024-12-15 20:00:00+00:00
[2024-12-15T20:21:38.974+0000] {processor.py:208} INFO - Processing /home/airflow/.local/lib/python3.12/site-packages/airflow/example_dags/example_latest_only_with_trigger.py took 0.197 seconds
[2024-12-15T20:22:09.929+0000] {processor.py:186} INFO - Started process (PID=598) to work on /home/airflow/.local/lib/python3.12/site-packages/airflow/example_dags/example_latest_only_with_trigger.py
[2024-12-15T20:22:09.932+0000] {processor.py:914} INFO - Processing file /home/airflow/.local/lib/python3.12/site-packages/airflow/example_dags/example_latest_only_with_trigger.py for tasks to queue
[2024-12-15T20:22:09.943+0000] {logging_mixin.py:190} INFO - [2024-12-15T20:22:09.943+0000] {dagbag.py:588} INFO - Filling up the DagBag from /home/airflow/.local/lib/python3.12/site-packages/airflow/example_dags/example_latest_only_with_trigger.py
[2024-12-15T20:22:09.979+0000] {processor.py:925} INFO - DAG(s) 'latest_only_with_trigger' retrieved from /home/airflow/.local/lib/python3.12/site-packages/airflow/example_dags/example_latest_only_with_trigger.py
[2024-12-15T20:22:10.049+0000] {logging_mixin.py:190} INFO - [2024-12-15T20:22:10.049+0000] {dag.py:3239} INFO - Sync 1 DAGs
[2024-12-15T20:22:10.175+0000] {logging_mixin.py:190} INFO - [2024-12-15T20:22:10.175+0000] {dag.py:4180} INFO - Setting next_dagrun for latest_only_with_trigger to 2024-12-15 16:00:00+00:00, run_after=2024-12-15 20:00:00+00:00
[2024-12-15T20:22:10.231+0000] {processor.py:208} INFO - Processing /home/airflow/.local/lib/python3.12/site-packages/airflow/example_dags/example_latest_only_with_trigger.py took 0.337 seconds
[2024-12-15T20:22:40.787+0000] {processor.py:186} INFO - Started process (PID=671) to work on /home/airflow/.local/lib/python3.12/site-packages/airflow/example_dags/example_latest_only_with_trigger.py
[2024-12-15T20:22:40.789+0000] {processor.py:914} INFO - Processing file /home/airflow/.local/lib/python3.12/site-packages/airflow/example_dags/example_latest_only_with_trigger.py for tasks to queue
[2024-12-15T20:22:40.792+0000] {logging_mixin.py:190} INFO - [2024-12-15T20:22:40.791+0000] {dagbag.py:588} INFO - Filling up the DagBag from /home/airflow/.local/lib/python3.12/site-packages/airflow/example_dags/example_latest_only_with_trigger.py
[2024-12-15T20:22:40.810+0000] {processor.py:925} INFO - DAG(s) 'latest_only_with_trigger' retrieved from /home/airflow/.local/lib/python3.12/site-packages/airflow/example_dags/example_latest_only_with_trigger.py
[2024-12-15T20:22:40.850+0000] {logging_mixin.py:190} INFO - [2024-12-15T20:22:40.848+0000] {dag.py:3239} INFO - Sync 1 DAGs
[2024-12-15T20:22:40.914+0000] {logging_mixin.py:190} INFO - [2024-12-15T20:22:40.913+0000] {dag.py:4180} INFO - Setting next_dagrun for latest_only_with_trigger to 2024-12-15 16:00:00+00:00, run_after=2024-12-15 20:00:00+00:00
[2024-12-15T20:22:40.941+0000] {processor.py:208} INFO - Processing /home/airflow/.local/lib/python3.12/site-packages/airflow/example_dags/example_latest_only_with_trigger.py took 0.165 seconds
[2024-12-15T20:23:12.691+0000] {processor.py:186} INFO - Started process (PID=735) to work on /home/airflow/.local/lib/python3.12/site-packages/airflow/example_dags/example_latest_only_with_trigger.py
[2024-12-15T20:23:12.735+0000] {processor.py:914} INFO - Processing file /home/airflow/.local/lib/python3.12/site-packages/airflow/example_dags/example_latest_only_with_trigger.py for tasks to queue
[2024-12-15T20:23:12.778+0000] {logging_mixin.py:190} INFO - [2024-12-15T20:23:12.776+0000] {dagbag.py:588} INFO - Filling up the DagBag from /home/airflow/.local/lib/python3.12/site-packages/airflow/example_dags/example_latest_only_with_trigger.py
[2024-12-15T20:23:13.171+0000] {processor.py:925} INFO - DAG(s) 'latest_only_with_trigger' retrieved from /home/airflow/.local/lib/python3.12/site-packages/airflow/example_dags/example_latest_only_with_trigger.py
[2024-12-15T20:23:13.475+0000] {logging_mixin.py:190} INFO - [2024-12-15T20:23:13.474+0000] {dag.py:3239} INFO - Sync 1 DAGs
[2024-12-15T20:23:13.715+0000] {logging_mixin.py:190} INFO - [2024-12-15T20:23:13.714+0000] {dag.py:4180} INFO - Setting next_dagrun for latest_only_with_trigger to 2024-12-15 16:00:00+00:00, run_after=2024-12-15 20:00:00+00:00
[2024-12-15T20:23:13.920+0000] {processor.py:208} INFO - Processing /home/airflow/.local/lib/python3.12/site-packages/airflow/example_dags/example_latest_only_with_trigger.py took 1.360 seconds
[2024-12-15T20:23:44.126+0000] {processor.py:186} INFO - Started process (PID=800) to work on /home/airflow/.local/lib/python3.12/site-packages/airflow/example_dags/example_latest_only_with_trigger.py
[2024-12-15T20:23:44.128+0000] {processor.py:914} INFO - Processing file /home/airflow/.local/lib/python3.12/site-packages/airflow/example_dags/example_latest_only_with_trigger.py for tasks to queue
[2024-12-15T20:23:44.134+0000] {logging_mixin.py:190} INFO - [2024-12-15T20:23:44.134+0000] {dagbag.py:588} INFO - Filling up the DagBag from /home/airflow/.local/lib/python3.12/site-packages/airflow/example_dags/example_latest_only_with_trigger.py
[2024-12-15T20:23:44.148+0000] {processor.py:925} INFO - DAG(s) 'latest_only_with_trigger' retrieved from /home/airflow/.local/lib/python3.12/site-packages/airflow/example_dags/example_latest_only_with_trigger.py
[2024-12-15T20:23:44.175+0000] {logging_mixin.py:190} INFO - [2024-12-15T20:23:44.175+0000] {dag.py:3239} INFO - Sync 1 DAGs
[2024-12-15T20:23:44.202+0000] {logging_mixin.py:190} INFO - [2024-12-15T20:23:44.202+0000] {dag.py:4180} INFO - Setting next_dagrun for latest_only_with_trigger to 2024-12-15 16:00:00+00:00, run_after=2024-12-15 20:00:00+00:00
[2024-12-15T20:23:44.227+0000] {processor.py:208} INFO - Processing /home/airflow/.local/lib/python3.12/site-packages/airflow/example_dags/example_latest_only_with_trigger.py took 0.108 seconds
[2024-12-15T20:29:19.451+0000] {processor.py:186} INFO - Started process (PID=901) to work on /home/airflow/.local/lib/python3.12/site-packages/airflow/example_dags/example_latest_only_with_trigger.py
[2024-12-15T20:29:19.462+0000] {processor.py:914} INFO - Processing file /home/airflow/.local/lib/python3.12/site-packages/airflow/example_dags/example_latest_only_with_trigger.py for tasks to queue
[2024-12-15T20:29:19.483+0000] {logging_mixin.py:190} INFO - [2024-12-15T20:29:19.483+0000] {dagbag.py:588} INFO - Filling up the DagBag from /home/airflow/.local/lib/python3.12/site-packages/airflow/example_dags/example_latest_only_with_trigger.py
[2024-12-15T20:29:19.559+0000] {processor.py:925} INFO - DAG(s) 'latest_only_with_trigger' retrieved from /home/airflow/.local/lib/python3.12/site-packages/airflow/example_dags/example_latest_only_with_trigger.py
[2024-12-15T20:29:19.686+0000] {logging_mixin.py:190} INFO - [2024-12-15T20:29:19.685+0000] {dag.py:3239} INFO - Sync 1 DAGs
[2024-12-15T20:29:19.769+0000] {logging_mixin.py:190} INFO - [2024-12-15T20:29:19.769+0000] {dag.py:4180} INFO - Setting next_dagrun for latest_only_with_trigger to 2024-12-15 16:00:00+00:00, run_after=2024-12-15 20:00:00+00:00
[2024-12-15T20:29:19.898+0000] {processor.py:208} INFO - Processing /home/airflow/.local/lib/python3.12/site-packages/airflow/example_dags/example_latest_only_with_trigger.py took 0.512 seconds
[2024-12-15T20:30:35.864+0000] {processor.py:186} INFO - Started process (PID=979) to work on /home/airflow/.local/lib/python3.12/site-packages/airflow/example_dags/example_latest_only_with_trigger.py
[2024-12-15T20:30:35.867+0000] {processor.py:914} INFO - Processing file /home/airflow/.local/lib/python3.12/site-packages/airflow/example_dags/example_latest_only_with_trigger.py for tasks to queue
[2024-12-15T20:30:35.872+0000] {logging_mixin.py:190} INFO - [2024-12-15T20:30:35.871+0000] {dagbag.py:588} INFO - Filling up the DagBag from /home/airflow/.local/lib/python3.12/site-packages/airflow/example_dags/example_latest_only_with_trigger.py
[2024-12-15T20:30:35.905+0000] {processor.py:925} INFO - DAG(s) 'latest_only_with_trigger' retrieved from /home/airflow/.local/lib/python3.12/site-packages/airflow/example_dags/example_latest_only_with_trigger.py
[2024-12-15T20:30:35.958+0000] {logging_mixin.py:190} INFO - [2024-12-15T20:30:35.958+0000] {dag.py:3239} INFO - Sync 1 DAGs
[2024-12-15T20:30:36.021+0000] {logging_mixin.py:190} INFO - [2024-12-15T20:30:36.020+0000] {dag.py:4180} INFO - Setting next_dagrun for latest_only_with_trigger to 2024-12-15 16:00:00+00:00, run_after=2024-12-15 20:00:00+00:00
[2024-12-15T20:30:36.067+0000] {processor.py:208} INFO - Processing /home/airflow/.local/lib/python3.12/site-packages/airflow/example_dags/example_latest_only_with_trigger.py took 0.224 seconds
[2024-12-15T20:31:06.492+0000] {processor.py:186} INFO - Started process (PID=1044) to work on /home/airflow/.local/lib/python3.12/site-packages/airflow/example_dags/example_latest_only_with_trigger.py
[2024-12-15T20:31:06.496+0000] {processor.py:914} INFO - Processing file /home/airflow/.local/lib/python3.12/site-packages/airflow/example_dags/example_latest_only_with_trigger.py for tasks to queue
[2024-12-15T20:31:06.501+0000] {logging_mixin.py:190} INFO - [2024-12-15T20:31:06.499+0000] {dagbag.py:588} INFO - Filling up the DagBag from /home/airflow/.local/lib/python3.12/site-packages/airflow/example_dags/example_latest_only_with_trigger.py
[2024-12-15T20:31:06.530+0000] {processor.py:925} INFO - DAG(s) 'latest_only_with_trigger' retrieved from /home/airflow/.local/lib/python3.12/site-packages/airflow/example_dags/example_latest_only_with_trigger.py
[2024-12-15T20:31:06.582+0000] {logging_mixin.py:190} INFO - [2024-12-15T20:31:06.581+0000] {dag.py:3239} INFO - Sync 1 DAGs
[2024-12-15T20:31:06.676+0000] {logging_mixin.py:190} INFO - [2024-12-15T20:31:06.675+0000] {dag.py:4180} INFO - Setting next_dagrun for latest_only_with_trigger to 2024-12-15 16:00:00+00:00, run_after=2024-12-15 20:00:00+00:00
[2024-12-15T20:31:06.735+0000] {processor.py:208} INFO - Processing /home/airflow/.local/lib/python3.12/site-packages/airflow/example_dags/example_latest_only_with_trigger.py took 0.264 seconds
[2024-12-15T20:31:38.718+0000] {processor.py:186} INFO - Started process (PID=1109) to work on /home/airflow/.local/lib/python3.12/site-packages/airflow/example_dags/example_latest_only_with_trigger.py
[2024-12-15T20:31:38.729+0000] {processor.py:914} INFO - Processing file /home/airflow/.local/lib/python3.12/site-packages/airflow/example_dags/example_latest_only_with_trigger.py for tasks to queue
[2024-12-15T20:31:38.739+0000] {logging_mixin.py:190} INFO - [2024-12-15T20:31:38.733+0000] {dagbag.py:588} INFO - Filling up the DagBag from /home/airflow/.local/lib/python3.12/site-packages/airflow/example_dags/example_latest_only_with_trigger.py
[2024-12-15T20:31:38.867+0000] {processor.py:925} INFO - DAG(s) 'latest_only_with_trigger' retrieved from /home/airflow/.local/lib/python3.12/site-packages/airflow/example_dags/example_latest_only_with_trigger.py
[2024-12-15T20:31:39.227+0000] {logging_mixin.py:190} INFO - [2024-12-15T20:31:39.222+0000] {dag.py:3239} INFO - Sync 1 DAGs
[2024-12-15T20:31:45.090+0000] {logging_mixin.py:190} INFO - [2024-12-15T20:31:44.879+0000] {dag.py:4180} INFO - Setting next_dagrun for latest_only_with_trigger to 2024-12-15 16:00:00+00:00, run_after=2024-12-15 20:00:00+00:00
[2024-12-15T20:32:47.460+0000] {processor.py:208} INFO - Processing /home/airflow/.local/lib/python3.12/site-packages/airflow/example_dags/example_latest_only_with_trigger.py took 68.864 seconds
[2024-12-15T20:33:17.645+0000] {processor.py:186} INFO - Started process (PID=1181) to work on /home/airflow/.local/lib/python3.12/site-packages/airflow/example_dags/example_latest_only_with_trigger.py
[2024-12-15T20:33:17.647+0000] {processor.py:914} INFO - Processing file /home/airflow/.local/lib/python3.12/site-packages/airflow/example_dags/example_latest_only_with_trigger.py for tasks to queue
[2024-12-15T20:33:17.649+0000] {logging_mixin.py:190} INFO - [2024-12-15T20:33:17.649+0000] {dagbag.py:588} INFO - Filling up the DagBag from /home/airflow/.local/lib/python3.12/site-packages/airflow/example_dags/example_latest_only_with_trigger.py
[2024-12-15T20:33:17.662+0000] {processor.py:925} INFO - DAG(s) 'latest_only_with_trigger' retrieved from /home/airflow/.local/lib/python3.12/site-packages/airflow/example_dags/example_latest_only_with_trigger.py
[2024-12-15T20:33:17.687+0000] {logging_mixin.py:190} INFO - [2024-12-15T20:33:17.686+0000] {dag.py:3239} INFO - Sync 1 DAGs
[2024-12-15T20:33:17.711+0000] {logging_mixin.py:190} INFO - [2024-12-15T20:33:17.711+0000] {dag.py:4180} INFO - Setting next_dagrun for latest_only_with_trigger to 2024-12-15 16:00:00+00:00, run_after=2024-12-15 20:00:00+00:00
[2024-12-15T20:33:17.734+0000] {processor.py:208} INFO - Processing /home/airflow/.local/lib/python3.12/site-packages/airflow/example_dags/example_latest_only_with_trigger.py took 0.098 seconds
[2024-12-15T20:33:48.044+0000] {processor.py:186} INFO - Started process (PID=1245) to work on /home/airflow/.local/lib/python3.12/site-packages/airflow/example_dags/example_latest_only_with_trigger.py
[2024-12-15T20:33:48.047+0000] {processor.py:914} INFO - Processing file /home/airflow/.local/lib/python3.12/site-packages/airflow/example_dags/example_latest_only_with_trigger.py for tasks to queue
[2024-12-15T20:33:48.049+0000] {logging_mixin.py:190} INFO - [2024-12-15T20:33:48.049+0000] {dagbag.py:588} INFO - Filling up the DagBag from /home/airflow/.local/lib/python3.12/site-packages/airflow/example_dags/example_latest_only_with_trigger.py
[2024-12-15T20:33:48.063+0000] {processor.py:925} INFO - DAG(s) 'latest_only_with_trigger' retrieved from /home/airflow/.local/lib/python3.12/site-packages/airflow/example_dags/example_latest_only_with_trigger.py
[2024-12-15T20:33:48.099+0000] {logging_mixin.py:190} INFO - [2024-12-15T20:33:48.098+0000] {dag.py:3239} INFO - Sync 1 DAGs
[2024-12-15T20:33:48.132+0000] {logging_mixin.py:190} INFO - [2024-12-15T20:33:48.131+0000] {dag.py:4180} INFO - Setting next_dagrun for latest_only_with_trigger to 2024-12-15 16:00:00+00:00, run_after=2024-12-15 20:00:00+00:00
[2024-12-15T20:33:48.159+0000] {processor.py:208} INFO - Processing /home/airflow/.local/lib/python3.12/site-packages/airflow/example_dags/example_latest_only_with_trigger.py took 0.123 seconds
[2024-12-15T20:34:24.078+0000] {processor.py:186} INFO - Started process (PID=1313) to work on /home/airflow/.local/lib/python3.12/site-packages/airflow/example_dags/example_latest_only_with_trigger.py
[2024-12-15T20:34:24.081+0000] {processor.py:914} INFO - Processing file /home/airflow/.local/lib/python3.12/site-packages/airflow/example_dags/example_latest_only_with_trigger.py for tasks to queue
[2024-12-15T20:34:24.084+0000] {logging_mixin.py:190} INFO - [2024-12-15T20:34:24.083+0000] {dagbag.py:588} INFO - Filling up the DagBag from /home/airflow/.local/lib/python3.12/site-packages/airflow/example_dags/example_latest_only_with_trigger.py
[2024-12-15T20:34:24.108+0000] {processor.py:925} INFO - DAG(s) 'latest_only_with_trigger' retrieved from /home/airflow/.local/lib/python3.12/site-packages/airflow/example_dags/example_latest_only_with_trigger.py
[2024-12-15T20:34:24.186+0000] {logging_mixin.py:190} INFO - [2024-12-15T20:34:24.185+0000] {dag.py:3239} INFO - Sync 1 DAGs
[2024-12-15T20:34:24.269+0000] {logging_mixin.py:190} INFO - [2024-12-15T20:34:24.269+0000] {dag.py:4180} INFO - Setting next_dagrun for latest_only_with_trigger to 2024-12-15 16:00:00+00:00, run_after=2024-12-15 20:00:00+00:00
[2024-12-15T20:34:24.430+0000] {processor.py:208} INFO - Processing /home/airflow/.local/lib/python3.12/site-packages/airflow/example_dags/example_latest_only_with_trigger.py took 0.381 seconds
[2024-12-15T20:34:56.333+0000] {processor.py:186} INFO - Started process (PID=1377) to work on /home/airflow/.local/lib/python3.12/site-packages/airflow/example_dags/example_latest_only_with_trigger.py
[2024-12-15T20:34:56.338+0000] {processor.py:914} INFO - Processing file /home/airflow/.local/lib/python3.12/site-packages/airflow/example_dags/example_latest_only_with_trigger.py for tasks to queue
[2024-12-15T20:34:56.340+0000] {logging_mixin.py:190} INFO - [2024-12-15T20:34:56.340+0000] {dagbag.py:588} INFO - Filling up the DagBag from /home/airflow/.local/lib/python3.12/site-packages/airflow/example_dags/example_latest_only_with_trigger.py
[2024-12-15T20:34:56.478+0000] {processor.py:925} INFO - DAG(s) 'latest_only_with_trigger' retrieved from /home/airflow/.local/lib/python3.12/site-packages/airflow/example_dags/example_latest_only_with_trigger.py
[2024-12-15T20:34:56.750+0000] {logging_mixin.py:190} INFO - [2024-12-15T20:34:56.732+0000] {dag.py:3239} INFO - Sync 1 DAGs
[2024-12-15T20:34:57.004+0000] {logging_mixin.py:190} INFO - [2024-12-15T20:34:57.004+0000] {dag.py:4180} INFO - Setting next_dagrun for latest_only_with_trigger to 2024-12-15 16:00:00+00:00, run_after=2024-12-15 20:00:00+00:00
[2024-12-15T20:34:57.163+0000] {processor.py:208} INFO - Processing /home/airflow/.local/lib/python3.12/site-packages/airflow/example_dags/example_latest_only_with_trigger.py took 0.892 seconds
[2024-12-15T20:35:27.372+0000] {processor.py:186} INFO - Started process (PID=1441) to work on /home/airflow/.local/lib/python3.12/site-packages/airflow/example_dags/example_latest_only_with_trigger.py
[2024-12-15T20:35:27.401+0000] {processor.py:914} INFO - Processing file /home/airflow/.local/lib/python3.12/site-packages/airflow/example_dags/example_latest_only_with_trigger.py for tasks to queue
[2024-12-15T20:35:27.409+0000] {logging_mixin.py:190} INFO - [2024-12-15T20:35:27.408+0000] {dagbag.py:588} INFO - Filling up the DagBag from /home/airflow/.local/lib/python3.12/site-packages/airflow/example_dags/example_latest_only_with_trigger.py
[2024-12-15T20:35:27.439+0000] {processor.py:925} INFO - DAG(s) 'latest_only_with_trigger' retrieved from /home/airflow/.local/lib/python3.12/site-packages/airflow/example_dags/example_latest_only_with_trigger.py
[2024-12-15T20:35:27.503+0000] {logging_mixin.py:190} INFO - [2024-12-15T20:35:27.501+0000] {dag.py:3239} INFO - Sync 1 DAGs
[2024-12-15T20:35:27.653+0000] {logging_mixin.py:190} INFO - [2024-12-15T20:35:27.649+0000] {dag.py:4180} INFO - Setting next_dagrun for latest_only_with_trigger to 2024-12-15 16:00:00+00:00, run_after=2024-12-15 20:00:00+00:00
[2024-12-15T20:35:27.719+0000] {processor.py:208} INFO - Processing /home/airflow/.local/lib/python3.12/site-packages/airflow/example_dags/example_latest_only_with_trigger.py took 0.378 seconds
[2024-12-15T20:35:59.652+0000] {processor.py:186} INFO - Started process (PID=1500) to work on /home/airflow/.local/lib/python3.12/site-packages/airflow/example_dags/example_latest_only_with_trigger.py
[2024-12-15T20:35:59.654+0000] {processor.py:914} INFO - Processing file /home/airflow/.local/lib/python3.12/site-packages/airflow/example_dags/example_latest_only_with_trigger.py for tasks to queue
[2024-12-15T20:35:59.657+0000] {logging_mixin.py:190} INFO - [2024-12-15T20:35:59.657+0000] {dagbag.py:588} INFO - Filling up the DagBag from /home/airflow/.local/lib/python3.12/site-packages/airflow/example_dags/example_latest_only_with_trigger.py
[2024-12-15T20:35:59.673+0000] {processor.py:925} INFO - DAG(s) 'latest_only_with_trigger' retrieved from /home/airflow/.local/lib/python3.12/site-packages/airflow/example_dags/example_latest_only_with_trigger.py
[2024-12-15T20:35:59.704+0000] {logging_mixin.py:190} INFO - [2024-12-15T20:35:59.704+0000] {dag.py:3239} INFO - Sync 1 DAGs
[2024-12-15T20:35:59.737+0000] {logging_mixin.py:190} INFO - [2024-12-15T20:35:59.737+0000] {dag.py:4180} INFO - Setting next_dagrun for latest_only_with_trigger to 2024-12-15 16:00:00+00:00, run_after=2024-12-15 20:00:00+00:00
[2024-12-15T20:35:59.776+0000] {processor.py:208} INFO - Processing /home/airflow/.local/lib/python3.12/site-packages/airflow/example_dags/example_latest_only_with_trigger.py took 0.134 seconds
[2024-12-15T20:36:30.304+0000] {processor.py:186} INFO - Started process (PID=1563) to work on /home/airflow/.local/lib/python3.12/site-packages/airflow/example_dags/example_latest_only_with_trigger.py
[2024-12-15T20:36:30.306+0000] {processor.py:914} INFO - Processing file /home/airflow/.local/lib/python3.12/site-packages/airflow/example_dags/example_latest_only_with_trigger.py for tasks to queue
[2024-12-15T20:36:30.311+0000] {logging_mixin.py:190} INFO - [2024-12-15T20:36:30.310+0000] {dagbag.py:588} INFO - Filling up the DagBag from /home/airflow/.local/lib/python3.12/site-packages/airflow/example_dags/example_latest_only_with_trigger.py
[2024-12-15T20:36:30.336+0000] {processor.py:925} INFO - DAG(s) 'latest_only_with_trigger' retrieved from /home/airflow/.local/lib/python3.12/site-packages/airflow/example_dags/example_latest_only_with_trigger.py
[2024-12-15T20:36:30.373+0000] {logging_mixin.py:190} INFO - [2024-12-15T20:36:30.372+0000] {dag.py:3239} INFO - Sync 1 DAGs
[2024-12-15T20:36:30.411+0000] {logging_mixin.py:190} INFO - [2024-12-15T20:36:30.411+0000] {dag.py:4180} INFO - Setting next_dagrun for latest_only_with_trigger to 2024-12-15 16:00:00+00:00, run_after=2024-12-15 20:00:00+00:00
[2024-12-15T20:36:30.440+0000] {processor.py:208} INFO - Processing /home/airflow/.local/lib/python3.12/site-packages/airflow/example_dags/example_latest_only_with_trigger.py took 0.152 seconds
[2024-12-15T20:37:03.381+0000] {processor.py:186} INFO - Started process (PID=1628) to work on /home/airflow/.local/lib/python3.12/site-packages/airflow/example_dags/example_latest_only_with_trigger.py
[2024-12-15T20:37:03.384+0000] {processor.py:914} INFO - Processing file /home/airflow/.local/lib/python3.12/site-packages/airflow/example_dags/example_latest_only_with_trigger.py for tasks to queue
[2024-12-15T20:37:03.387+0000] {logging_mixin.py:190} INFO - [2024-12-15T20:37:03.387+0000] {dagbag.py:588} INFO - Filling up the DagBag from /home/airflow/.local/lib/python3.12/site-packages/airflow/example_dags/example_latest_only_with_trigger.py
[2024-12-15T20:37:03.411+0000] {processor.py:925} INFO - DAG(s) 'latest_only_with_trigger' retrieved from /home/airflow/.local/lib/python3.12/site-packages/airflow/example_dags/example_latest_only_with_trigger.py
[2024-12-15T20:37:03.448+0000] {logging_mixin.py:190} INFO - [2024-12-15T20:37:03.448+0000] {dag.py:3239} INFO - Sync 1 DAGs
[2024-12-15T20:37:03.487+0000] {logging_mixin.py:190} INFO - [2024-12-15T20:37:03.487+0000] {dag.py:4180} INFO - Setting next_dagrun for latest_only_with_trigger to 2024-12-15 16:00:00+00:00, run_after=2024-12-15 20:00:00+00:00
[2024-12-15T20:37:03.521+0000] {processor.py:208} INFO - Processing /home/airflow/.local/lib/python3.12/site-packages/airflow/example_dags/example_latest_only_with_trigger.py took 0.148 seconds
[2024-12-15T20:37:38.158+0000] {processor.py:186} INFO - Started process (PID=1693) to work on /home/airflow/.local/lib/python3.12/site-packages/airflow/example_dags/example_latest_only_with_trigger.py
[2024-12-15T20:37:38.160+0000] {processor.py:914} INFO - Processing file /home/airflow/.local/lib/python3.12/site-packages/airflow/example_dags/example_latest_only_with_trigger.py for tasks to queue
[2024-12-15T20:37:38.163+0000] {logging_mixin.py:190} INFO - [2024-12-15T20:37:38.162+0000] {dagbag.py:588} INFO - Filling up the DagBag from /home/airflow/.local/lib/python3.12/site-packages/airflow/example_dags/example_latest_only_with_trigger.py
[2024-12-15T20:37:38.183+0000] {processor.py:925} INFO - DAG(s) 'latest_only_with_trigger' retrieved from /home/airflow/.local/lib/python3.12/site-packages/airflow/example_dags/example_latest_only_with_trigger.py
[2024-12-15T20:37:38.212+0000] {logging_mixin.py:190} INFO - [2024-12-15T20:37:38.212+0000] {dag.py:3239} INFO - Sync 1 DAGs
[2024-12-15T20:37:38.280+0000] {logging_mixin.py:190} INFO - [2024-12-15T20:37:38.280+0000] {dag.py:4180} INFO - Setting next_dagrun for latest_only_with_trigger to 2024-12-15 16:00:00+00:00, run_after=2024-12-15 20:00:00+00:00
[2024-12-15T20:37:38.324+0000] {processor.py:208} INFO - Processing /home/airflow/.local/lib/python3.12/site-packages/airflow/example_dags/example_latest_only_with_trigger.py took 0.194 seconds
[2024-12-15T20:38:21.325+0000] {processor.py:186} INFO - Started process (PID=1762) to work on /home/airflow/.local/lib/python3.12/site-packages/airflow/example_dags/example_latest_only_with_trigger.py
[2024-12-15T20:38:21.326+0000] {processor.py:914} INFO - Processing file /home/airflow/.local/lib/python3.12/site-packages/airflow/example_dags/example_latest_only_with_trigger.py for tasks to queue
[2024-12-15T20:38:21.332+0000] {logging_mixin.py:190} INFO - [2024-12-15T20:38:21.331+0000] {dagbag.py:588} INFO - Filling up the DagBag from /home/airflow/.local/lib/python3.12/site-packages/airflow/example_dags/example_latest_only_with_trigger.py
[2024-12-15T20:38:21.348+0000] {processor.py:925} INFO - DAG(s) 'latest_only_with_trigger' retrieved from /home/airflow/.local/lib/python3.12/site-packages/airflow/example_dags/example_latest_only_with_trigger.py
[2024-12-15T20:38:21.383+0000] {logging_mixin.py:190} INFO - [2024-12-15T20:38:21.383+0000] {dag.py:3239} INFO - Sync 1 DAGs
[2024-12-15T20:38:21.418+0000] {logging_mixin.py:190} INFO - [2024-12-15T20:38:21.418+0000] {dag.py:4180} INFO - Setting next_dagrun for latest_only_with_trigger to 2024-12-15 16:00:00+00:00, run_after=2024-12-15 20:00:00+00:00
[2024-12-15T20:38:21.439+0000] {processor.py:208} INFO - Processing /home/airflow/.local/lib/python3.12/site-packages/airflow/example_dags/example_latest_only_with_trigger.py took 0.122 seconds
[2024-12-15T20:41:13.844+0000] {processor.py:186} INFO - Started process (PID=1849) to work on /home/airflow/.local/lib/python3.12/site-packages/airflow/example_dags/example_latest_only_with_trigger.py
[2024-12-15T20:41:13.849+0000] {processor.py:914} INFO - Processing file /home/airflow/.local/lib/python3.12/site-packages/airflow/example_dags/example_latest_only_with_trigger.py for tasks to queue
[2024-12-15T20:41:13.862+0000] {logging_mixin.py:190} INFO - [2024-12-15T20:41:13.859+0000] {dagbag.py:588} INFO - Filling up the DagBag from /home/airflow/.local/lib/python3.12/site-packages/airflow/example_dags/example_latest_only_with_trigger.py
[2024-12-15T20:41:13.902+0000] {processor.py:925} INFO - DAG(s) 'latest_only_with_trigger' retrieved from /home/airflow/.local/lib/python3.12/site-packages/airflow/example_dags/example_latest_only_with_trigger.py
[2024-12-15T20:41:13.987+0000] {logging_mixin.py:190} INFO - [2024-12-15T20:41:13.986+0000] {dag.py:3239} INFO - Sync 1 DAGs
[2024-12-15T20:41:14.077+0000] {logging_mixin.py:190} INFO - [2024-12-15T20:41:14.077+0000] {dag.py:4180} INFO - Setting next_dagrun for latest_only_with_trigger to 2024-12-15 16:00:00+00:00, run_after=2024-12-15 20:00:00+00:00
[2024-12-15T20:41:14.156+0000] {processor.py:208} INFO - Processing /home/airflow/.local/lib/python3.12/site-packages/airflow/example_dags/example_latest_only_with_trigger.py took 0.340 seconds
[2024-12-15T20:41:44.726+0000] {processor.py:186} INFO - Started process (PID=1915) to work on /home/airflow/.local/lib/python3.12/site-packages/airflow/example_dags/example_latest_only_with_trigger.py
[2024-12-15T20:41:44.728+0000] {processor.py:914} INFO - Processing file /home/airflow/.local/lib/python3.12/site-packages/airflow/example_dags/example_latest_only_with_trigger.py for tasks to queue
[2024-12-15T20:41:44.731+0000] {logging_mixin.py:190} INFO - [2024-12-15T20:41:44.730+0000] {dagbag.py:588} INFO - Filling up the DagBag from /home/airflow/.local/lib/python3.12/site-packages/airflow/example_dags/example_latest_only_with_trigger.py
[2024-12-15T20:41:44.746+0000] {processor.py:925} INFO - DAG(s) 'latest_only_with_trigger' retrieved from /home/airflow/.local/lib/python3.12/site-packages/airflow/example_dags/example_latest_only_with_trigger.py
[2024-12-15T20:41:44.776+0000] {logging_mixin.py:190} INFO - [2024-12-15T20:41:44.776+0000] {dag.py:3239} INFO - Sync 1 DAGs
[2024-12-15T20:41:44.816+0000] {logging_mixin.py:190} INFO - [2024-12-15T20:41:44.816+0000] {dag.py:4180} INFO - Setting next_dagrun for latest_only_with_trigger to 2024-12-15 16:00:00+00:00, run_after=2024-12-15 20:00:00+00:00
[2024-12-15T20:41:44.847+0000] {processor.py:208} INFO - Processing /home/airflow/.local/lib/python3.12/site-packages/airflow/example_dags/example_latest_only_with_trigger.py took 0.134 seconds
[2024-12-15T20:42:15.661+0000] {processor.py:186} INFO - Started process (PID=1979) to work on /home/airflow/.local/lib/python3.12/site-packages/airflow/example_dags/example_latest_only_with_trigger.py
[2024-12-15T20:42:15.666+0000] {processor.py:914} INFO - Processing file /home/airflow/.local/lib/python3.12/site-packages/airflow/example_dags/example_latest_only_with_trigger.py for tasks to queue
[2024-12-15T20:42:15.653+0000] {logging_mixin.py:190} INFO - [2024-12-15T20:42:15.652+0000] {dagbag.py:588} INFO - Filling up the DagBag from /home/airflow/.local/lib/python3.12/site-packages/airflow/example_dags/example_latest_only_with_trigger.py
[2024-12-15T20:42:15.684+0000] {processor.py:925} INFO - DAG(s) 'latest_only_with_trigger' retrieved from /home/airflow/.local/lib/python3.12/site-packages/airflow/example_dags/example_latest_only_with_trigger.py
[2024-12-15T20:42:15.757+0000] {logging_mixin.py:190} INFO - [2024-12-15T20:42:15.756+0000] {dag.py:3239} INFO - Sync 1 DAGs
[2024-12-15T20:42:15.812+0000] {logging_mixin.py:190} INFO - [2024-12-15T20:42:15.811+0000] {dag.py:4180} INFO - Setting next_dagrun for latest_only_with_trigger to 2024-12-15 16:00:00+00:00, run_after=2024-12-15 20:00:00+00:00
[2024-12-15T20:42:15.869+0000] {processor.py:208} INFO - Processing /home/airflow/.local/lib/python3.12/site-packages/airflow/example_dags/example_latest_only_with_trigger.py took 0.245 seconds
