[2024-12-15T19:40:53.841+0000] {processor.py:186} INFO - Started process (PID=87) to work on /home/airflow/.local/lib/python3.12/site-packages/airflow/example_dags/tutorial_taskflow_templates.py
[2024-12-15T19:40:53.849+0000] {processor.py:914} INFO - Processing file /home/airflow/.local/lib/python3.12/site-packages/airflow/example_dags/tutorial_taskflow_templates.py for tasks to queue
[2024-12-15T19:40:53.859+0000] {logging_mixin.py:190} INFO - [2024-12-15T19:40:53.858+0000] {dagbag.py:588} INFO - Filling up the DagBag from /home/airflow/.local/lib/python3.12/site-packages/airflow/example_dags/tutorial_taskflow_templates.py
[2024-12-15T19:40:53.946+0000] {processor.py:925} INFO - DAG(s) 'tutorial_taskflow_templates' retrieved from /home/airflow/.local/lib/python3.12/site-packages/airflow/example_dags/tutorial_taskflow_templates.py
[2024-12-15T19:40:54.405+0000] {logging_mixin.py:190} INFO - [2024-12-15T19:40:54.404+0000] {override.py:1911} INFO - Created Permission View: can delete on DAG:tutorial_taskflow_templates
[2024-12-15T19:40:54.436+0000] {logging_mixin.py:190} INFO - [2024-12-15T19:40:54.435+0000] {override.py:1911} INFO - Created Permission View: can read on DAG:tutorial_taskflow_templates
[2024-12-15T19:40:54.456+0000] {logging_mixin.py:190} INFO - [2024-12-15T19:40:54.455+0000] {override.py:1911} INFO - Created Permission View: can edit on DAG:tutorial_taskflow_templates
[2024-12-15T19:40:54.473+0000] {logging_mixin.py:190} INFO - [2024-12-15T19:40:54.473+0000] {override.py:1911} INFO - Created Permission View: menu access on DAG Run:tutorial_taskflow_templates
[2024-12-15T19:40:54.492+0000] {logging_mixin.py:190} INFO - [2024-12-15T19:40:54.491+0000] {override.py:1911} INFO - Created Permission View: can delete on DAG Run:tutorial_taskflow_templates
[2024-12-15T19:40:54.510+0000] {logging_mixin.py:190} INFO - [2024-12-15T19:40:54.509+0000] {override.py:1911} INFO - Created Permission View: can create on DAG Run:tutorial_taskflow_templates
[2024-12-15T19:40:54.530+0000] {logging_mixin.py:190} INFO - [2024-12-15T19:40:54.529+0000] {override.py:1911} INFO - Created Permission View: can read on DAG Run:tutorial_taskflow_templates
[2024-12-15T19:40:54.532+0000] {logging_mixin.py:190} INFO - [2024-12-15T19:40:54.532+0000] {dag.py:3239} INFO - Sync 1 DAGs
[2024-12-15T19:40:54.587+0000] {logging_mixin.py:190} INFO - [2024-12-15T19:40:54.586+0000] {dag.py:3262} INFO - Creating ORM DAG for tutorial_taskflow_templates
[2024-12-15T19:40:54.620+0000] {logging_mixin.py:190} INFO - [2024-12-15T19:40:54.619+0000] {dag.py:4180} INFO - Setting next_dagrun for tutorial_taskflow_templates to 2024-12-14 00:00:00+00:00, run_after=2024-12-15 00:00:00+00:00
[2024-12-15T19:40:54.674+0000] {processor.py:208} INFO - Processing /home/airflow/.local/lib/python3.12/site-packages/airflow/example_dags/tutorial_taskflow_templates.py took 0.850 seconds
[2024-12-15T19:41:25.511+0000] {processor.py:186} INFO - Started process (PID=151) to work on /home/airflow/.local/lib/python3.12/site-packages/airflow/example_dags/tutorial_taskflow_templates.py
[2024-12-15T19:41:25.514+0000] {processor.py:914} INFO - Processing file /home/airflow/.local/lib/python3.12/site-packages/airflow/example_dags/tutorial_taskflow_templates.py for tasks to queue
[2024-12-15T19:41:25.521+0000] {logging_mixin.py:190} INFO - [2024-12-15T19:41:25.520+0000] {dagbag.py:588} INFO - Filling up the DagBag from /home/airflow/.local/lib/python3.12/site-packages/airflow/example_dags/tutorial_taskflow_templates.py
[2024-12-15T19:41:25.564+0000] {processor.py:925} INFO - DAG(s) 'tutorial_taskflow_templates' retrieved from /home/airflow/.local/lib/python3.12/site-packages/airflow/example_dags/tutorial_taskflow_templates.py
[2024-12-15T19:41:25.610+0000] {logging_mixin.py:190} INFO - [2024-12-15T19:41:25.610+0000] {dag.py:3239} INFO - Sync 1 DAGs
[2024-12-15T19:41:25.666+0000] {logging_mixin.py:190} INFO - [2024-12-15T19:41:25.666+0000] {dag.py:4180} INFO - Setting next_dagrun for tutorial_taskflow_templates to 2024-12-14 00:00:00+00:00, run_after=2024-12-15 00:00:00+00:00
[2024-12-15T19:41:25.719+0000] {processor.py:208} INFO - Processing /home/airflow/.local/lib/python3.12/site-packages/airflow/example_dags/tutorial_taskflow_templates.py took 0.225 seconds
[2024-12-15T19:41:57.617+0000] {processor.py:186} INFO - Started process (PID=216) to work on /home/airflow/.local/lib/python3.12/site-packages/airflow/example_dags/tutorial_taskflow_templates.py
[2024-12-15T19:41:57.622+0000] {processor.py:914} INFO - Processing file /home/airflow/.local/lib/python3.12/site-packages/airflow/example_dags/tutorial_taskflow_templates.py for tasks to queue
[2024-12-15T19:41:57.632+0000] {logging_mixin.py:190} INFO - [2024-12-15T19:41:57.631+0000] {dagbag.py:588} INFO - Filling up the DagBag from /home/airflow/.local/lib/python3.12/site-packages/airflow/example_dags/tutorial_taskflow_templates.py
[2024-12-15T19:41:57.808+0000] {processor.py:925} INFO - DAG(s) 'tutorial_taskflow_templates' retrieved from /home/airflow/.local/lib/python3.12/site-packages/airflow/example_dags/tutorial_taskflow_templates.py
[2024-12-15T19:41:57.862+0000] {logging_mixin.py:190} INFO - [2024-12-15T19:41:57.862+0000] {dag.py:3239} INFO - Sync 1 DAGs
[2024-12-15T19:41:58.061+0000] {logging_mixin.py:190} INFO - [2024-12-15T19:41:58.059+0000] {dag.py:4180} INFO - Setting next_dagrun for tutorial_taskflow_templates to 2024-12-14 00:00:00+00:00, run_after=2024-12-15 00:00:00+00:00
[2024-12-15T19:41:58.132+0000] {processor.py:208} INFO - Processing /home/airflow/.local/lib/python3.12/site-packages/airflow/example_dags/tutorial_taskflow_templates.py took 0.540 seconds
[2024-12-15T19:42:48.073+0000] {processor.py:186} INFO - Started process (PID=279) to work on /home/airflow/.local/lib/python3.12/site-packages/airflow/example_dags/tutorial_taskflow_templates.py
[2024-12-15T19:42:48.076+0000] {processor.py:914} INFO - Processing file /home/airflow/.local/lib/python3.12/site-packages/airflow/example_dags/tutorial_taskflow_templates.py for tasks to queue
[2024-12-15T19:42:48.093+0000] {logging_mixin.py:190} INFO - [2024-12-15T19:42:48.092+0000] {dagbag.py:588} INFO - Filling up the DagBag from /home/airflow/.local/lib/python3.12/site-packages/airflow/example_dags/tutorial_taskflow_templates.py
[2024-12-15T19:42:48.115+0000] {processor.py:925} INFO - DAG(s) 'tutorial_taskflow_templates' retrieved from /home/airflow/.local/lib/python3.12/site-packages/airflow/example_dags/tutorial_taskflow_templates.py
[2024-12-15T19:42:48.143+0000] {logging_mixin.py:190} INFO - [2024-12-15T19:42:48.142+0000] {dag.py:3239} INFO - Sync 1 DAGs
[2024-12-15T19:42:48.179+0000] {logging_mixin.py:190} INFO - [2024-12-15T19:42:48.178+0000] {dag.py:4180} INFO - Setting next_dagrun for tutorial_taskflow_templates to 2024-12-14 00:00:00+00:00, run_after=2024-12-15 00:00:00+00:00
[2024-12-15T19:42:48.213+0000] {processor.py:208} INFO - Processing /home/airflow/.local/lib/python3.12/site-packages/airflow/example_dags/tutorial_taskflow_templates.py took 0.154 seconds
[2024-12-15T19:43:18.968+0000] {processor.py:186} INFO - Started process (PID=344) to work on /home/airflow/.local/lib/python3.12/site-packages/airflow/example_dags/tutorial_taskflow_templates.py
[2024-12-15T19:43:18.972+0000] {processor.py:914} INFO - Processing file /home/airflow/.local/lib/python3.12/site-packages/airflow/example_dags/tutorial_taskflow_templates.py for tasks to queue
[2024-12-15T19:43:18.980+0000] {logging_mixin.py:190} INFO - [2024-12-15T19:43:18.979+0000] {dagbag.py:588} INFO - Filling up the DagBag from /home/airflow/.local/lib/python3.12/site-packages/airflow/example_dags/tutorial_taskflow_templates.py
[2024-12-15T19:43:19.016+0000] {processor.py:925} INFO - DAG(s) 'tutorial_taskflow_templates' retrieved from /home/airflow/.local/lib/python3.12/site-packages/airflow/example_dags/tutorial_taskflow_templates.py
[2024-12-15T19:43:19.078+0000] {logging_mixin.py:190} INFO - [2024-12-15T19:43:19.078+0000] {dag.py:3239} INFO - Sync 1 DAGs
[2024-12-15T19:43:19.153+0000] {logging_mixin.py:190} INFO - [2024-12-15T19:43:19.152+0000] {dag.py:4180} INFO - Setting next_dagrun for tutorial_taskflow_templates to 2024-12-14 00:00:00+00:00, run_after=2024-12-15 00:00:00+00:00
[2024-12-15T19:43:19.182+0000] {processor.py:208} INFO - Processing /home/airflow/.local/lib/python3.12/site-packages/airflow/example_dags/tutorial_taskflow_templates.py took 0.237 seconds
[2024-12-15T19:43:53.262+0000] {processor.py:186} INFO - Started process (PID=414) to work on /home/airflow/.local/lib/python3.12/site-packages/airflow/example_dags/tutorial_taskflow_templates.py
[2024-12-15T19:43:53.275+0000] {processor.py:914} INFO - Processing file /home/airflow/.local/lib/python3.12/site-packages/airflow/example_dags/tutorial_taskflow_templates.py for tasks to queue
[2024-12-15T19:43:53.300+0000] {logging_mixin.py:190} INFO - [2024-12-15T19:43:53.295+0000] {dagbag.py:588} INFO - Filling up the DagBag from /home/airflow/.local/lib/python3.12/site-packages/airflow/example_dags/tutorial_taskflow_templates.py
[2024-12-15T19:43:53.504+0000] {processor.py:925} INFO - DAG(s) 'tutorial_taskflow_templates' retrieved from /home/airflow/.local/lib/python3.12/site-packages/airflow/example_dags/tutorial_taskflow_templates.py
[2024-12-15T19:43:53.817+0000] {logging_mixin.py:190} INFO - [2024-12-15T19:43:53.815+0000] {dag.py:3239} INFO - Sync 1 DAGs
[2024-12-15T19:43:54.091+0000] {logging_mixin.py:190} INFO - [2024-12-15T19:43:54.087+0000] {dag.py:4180} INFO - Setting next_dagrun for tutorial_taskflow_templates to 2024-12-14 00:00:00+00:00, run_after=2024-12-15 00:00:00+00:00
[2024-12-15T19:43:54.148+0000] {processor.py:208} INFO - Processing /home/airflow/.local/lib/python3.12/site-packages/airflow/example_dags/tutorial_taskflow_templates.py took 0.913 seconds
[2024-12-15T19:44:24.928+0000] {processor.py:186} INFO - Started process (PID=479) to work on /home/airflow/.local/lib/python3.12/site-packages/airflow/example_dags/tutorial_taskflow_templates.py
[2024-12-15T19:44:24.930+0000] {processor.py:914} INFO - Processing file /home/airflow/.local/lib/python3.12/site-packages/airflow/example_dags/tutorial_taskflow_templates.py for tasks to queue
[2024-12-15T19:44:24.936+0000] {logging_mixin.py:190} INFO - [2024-12-15T19:44:24.935+0000] {dagbag.py:588} INFO - Filling up the DagBag from /home/airflow/.local/lib/python3.12/site-packages/airflow/example_dags/tutorial_taskflow_templates.py
[2024-12-15T19:44:24.964+0000] {processor.py:925} INFO - DAG(s) 'tutorial_taskflow_templates' retrieved from /home/airflow/.local/lib/python3.12/site-packages/airflow/example_dags/tutorial_taskflow_templates.py
[2024-12-15T19:44:25.002+0000] {logging_mixin.py:190} INFO - [2024-12-15T19:44:25.002+0000] {dag.py:3239} INFO - Sync 1 DAGs
[2024-12-15T19:44:25.044+0000] {logging_mixin.py:190} INFO - [2024-12-15T19:44:25.044+0000] {dag.py:4180} INFO - Setting next_dagrun for tutorial_taskflow_templates to 2024-12-14 00:00:00+00:00, run_after=2024-12-15 00:00:00+00:00
[2024-12-15T19:44:25.083+0000] {processor.py:208} INFO - Processing /home/airflow/.local/lib/python3.12/site-packages/airflow/example_dags/tutorial_taskflow_templates.py took 0.165 seconds
[2024-12-15T19:45:41.241+0000] {processor.py:186} INFO - Started process (PID=537) to work on /home/airflow/.local/lib/python3.12/site-packages/airflow/example_dags/tutorial_taskflow_templates.py
[2024-12-15T19:45:41.251+0000] {processor.py:914} INFO - Processing file /home/airflow/.local/lib/python3.12/site-packages/airflow/example_dags/tutorial_taskflow_templates.py for tasks to queue
[2024-12-15T19:45:41.265+0000] {logging_mixin.py:190} INFO - [2024-12-15T19:45:41.264+0000] {dagbag.py:588} INFO - Filling up the DagBag from /home/airflow/.local/lib/python3.12/site-packages/airflow/example_dags/tutorial_taskflow_templates.py
[2024-12-15T19:45:41.320+0000] {processor.py:925} INFO - DAG(s) 'tutorial_taskflow_templates' retrieved from /home/airflow/.local/lib/python3.12/site-packages/airflow/example_dags/tutorial_taskflow_templates.py
[2024-12-15T19:45:41.380+0000] {logging_mixin.py:190} INFO - [2024-12-15T19:45:41.380+0000] {dag.py:3239} INFO - Sync 1 DAGs
[2024-12-15T19:45:41.439+0000] {logging_mixin.py:190} INFO - [2024-12-15T19:45:41.439+0000] {dag.py:4180} INFO - Setting next_dagrun for tutorial_taskflow_templates to 2024-12-14 00:00:00+00:00, run_after=2024-12-15 00:00:00+00:00
[2024-12-15T19:45:41.476+0000] {processor.py:208} INFO - Processing /home/airflow/.local/lib/python3.12/site-packages/airflow/example_dags/tutorial_taskflow_templates.py took 0.261 seconds
[2024-12-15T19:46:12.061+0000] {processor.py:186} INFO - Started process (PID=602) to work on /home/airflow/.local/lib/python3.12/site-packages/airflow/example_dags/tutorial_taskflow_templates.py
[2024-12-15T19:46:12.064+0000] {processor.py:914} INFO - Processing file /home/airflow/.local/lib/python3.12/site-packages/airflow/example_dags/tutorial_taskflow_templates.py for tasks to queue
[2024-12-15T19:46:12.069+0000] {logging_mixin.py:190} INFO - [2024-12-15T19:46:12.068+0000] {dagbag.py:588} INFO - Filling up the DagBag from /home/airflow/.local/lib/python3.12/site-packages/airflow/example_dags/tutorial_taskflow_templates.py
[2024-12-15T19:46:12.097+0000] {processor.py:925} INFO - DAG(s) 'tutorial_taskflow_templates' retrieved from /home/airflow/.local/lib/python3.12/site-packages/airflow/example_dags/tutorial_taskflow_templates.py
[2024-12-15T19:46:12.137+0000] {logging_mixin.py:190} INFO - [2024-12-15T19:46:12.137+0000] {dag.py:3239} INFO - Sync 1 DAGs
[2024-12-15T19:46:12.183+0000] {logging_mixin.py:190} INFO - [2024-12-15T19:46:12.182+0000] {dag.py:4180} INFO - Setting next_dagrun for tutorial_taskflow_templates to 2024-12-14 00:00:00+00:00, run_after=2024-12-15 00:00:00+00:00
[2024-12-15T19:46:12.205+0000] {processor.py:208} INFO - Processing /home/airflow/.local/lib/python3.12/site-packages/airflow/example_dags/tutorial_taskflow_templates.py took 0.157 seconds
[2024-12-15T19:46:42.939+0000] {processor.py:186} INFO - Started process (PID=668) to work on /home/airflow/.local/lib/python3.12/site-packages/airflow/example_dags/tutorial_taskflow_templates.py
[2024-12-15T19:46:42.942+0000] {processor.py:914} INFO - Processing file /home/airflow/.local/lib/python3.12/site-packages/airflow/example_dags/tutorial_taskflow_templates.py for tasks to queue
[2024-12-15T19:46:42.950+0000] {logging_mixin.py:190} INFO - [2024-12-15T19:46:42.949+0000] {dagbag.py:588} INFO - Filling up the DagBag from /home/airflow/.local/lib/python3.12/site-packages/airflow/example_dags/tutorial_taskflow_templates.py
[2024-12-15T19:46:42.979+0000] {processor.py:925} INFO - DAG(s) 'tutorial_taskflow_templates' retrieved from /home/airflow/.local/lib/python3.12/site-packages/airflow/example_dags/tutorial_taskflow_templates.py
[2024-12-15T19:46:43.038+0000] {logging_mixin.py:190} INFO - [2024-12-15T19:46:43.037+0000] {dag.py:3239} INFO - Sync 1 DAGs
[2024-12-15T19:46:43.129+0000] {logging_mixin.py:190} INFO - [2024-12-15T19:46:43.128+0000] {dag.py:4180} INFO - Setting next_dagrun for tutorial_taskflow_templates to 2024-12-14 00:00:00+00:00, run_after=2024-12-15 00:00:00+00:00
[2024-12-15T19:46:43.179+0000] {processor.py:208} INFO - Processing /home/airflow/.local/lib/python3.12/site-packages/airflow/example_dags/tutorial_taskflow_templates.py took 0.251 seconds
[2024-12-15T19:47:16.556+0000] {processor.py:186} INFO - Started process (PID=725) to work on /home/airflow/.local/lib/python3.12/site-packages/airflow/example_dags/tutorial_taskflow_templates.py
[2024-12-15T19:47:16.559+0000] {processor.py:914} INFO - Processing file /home/airflow/.local/lib/python3.12/site-packages/airflow/example_dags/tutorial_taskflow_templates.py for tasks to queue
[2024-12-15T19:47:16.566+0000] {logging_mixin.py:190} INFO - [2024-12-15T19:47:16.565+0000] {dagbag.py:588} INFO - Filling up the DagBag from /home/airflow/.local/lib/python3.12/site-packages/airflow/example_dags/tutorial_taskflow_templates.py
[2024-12-15T19:47:16.590+0000] {processor.py:925} INFO - DAG(s) 'tutorial_taskflow_templates' retrieved from /home/airflow/.local/lib/python3.12/site-packages/airflow/example_dags/tutorial_taskflow_templates.py
[2024-12-15T19:47:16.624+0000] {logging_mixin.py:190} INFO - [2024-12-15T19:47:16.623+0000] {dag.py:3239} INFO - Sync 1 DAGs
[2024-12-15T19:47:16.658+0000] {logging_mixin.py:190} INFO - [2024-12-15T19:47:16.658+0000] {dag.py:4180} INFO - Setting next_dagrun for tutorial_taskflow_templates to 2024-12-14 00:00:00+00:00, run_after=2024-12-15 00:00:00+00:00
[2024-12-15T19:47:16.693+0000] {processor.py:208} INFO - Processing /home/airflow/.local/lib/python3.12/site-packages/airflow/example_dags/tutorial_taskflow_templates.py took 0.149 seconds
[2024-12-15T19:47:54.761+0000] {processor.py:186} INFO - Started process (PID=786) to work on /home/airflow/.local/lib/python3.12/site-packages/airflow/example_dags/tutorial_taskflow_templates.py
[2024-12-15T19:47:54.764+0000] {processor.py:914} INFO - Processing file /home/airflow/.local/lib/python3.12/site-packages/airflow/example_dags/tutorial_taskflow_templates.py for tasks to queue
[2024-12-15T19:47:54.776+0000] {logging_mixin.py:190} INFO - [2024-12-15T19:47:54.773+0000] {dagbag.py:588} INFO - Filling up the DagBag from /home/airflow/.local/lib/python3.12/site-packages/airflow/example_dags/tutorial_taskflow_templates.py
[2024-12-15T19:47:54.896+0000] {processor.py:925} INFO - DAG(s) 'tutorial_taskflow_templates' retrieved from /home/airflow/.local/lib/python3.12/site-packages/airflow/example_dags/tutorial_taskflow_templates.py
[2024-12-15T19:47:54.962+0000] {logging_mixin.py:190} INFO - [2024-12-15T19:47:54.961+0000] {dag.py:3239} INFO - Sync 1 DAGs
[2024-12-15T19:47:55.086+0000] {logging_mixin.py:190} INFO - [2024-12-15T19:47:55.085+0000] {dag.py:4180} INFO - Setting next_dagrun for tutorial_taskflow_templates to 2024-12-14 00:00:00+00:00, run_after=2024-12-15 00:00:00+00:00
[2024-12-15T19:47:55.148+0000] {processor.py:208} INFO - Processing /home/airflow/.local/lib/python3.12/site-packages/airflow/example_dags/tutorial_taskflow_templates.py took 0.429 seconds
[2024-12-15T19:51:05.442+0000] {processor.py:186} INFO - Started process (PID=75) to work on /home/airflow/.local/lib/python3.12/site-packages/airflow/example_dags/tutorial_taskflow_templates.py
[2024-12-15T19:51:05.453+0000] {processor.py:914} INFO - Processing file /home/airflow/.local/lib/python3.12/site-packages/airflow/example_dags/tutorial_taskflow_templates.py for tasks to queue
[2024-12-15T19:51:05.474+0000] {logging_mixin.py:190} INFO - [2024-12-15T19:51:05.462+0000] {dagbag.py:588} INFO - Filling up the DagBag from /home/airflow/.local/lib/python3.12/site-packages/airflow/example_dags/tutorial_taskflow_templates.py
[2024-12-15T19:51:05.648+0000] {processor.py:925} INFO - DAG(s) 'tutorial_taskflow_templates' retrieved from /home/airflow/.local/lib/python3.12/site-packages/airflow/example_dags/tutorial_taskflow_templates.py
[2024-12-15T19:51:05.783+0000] {logging_mixin.py:190} INFO - [2024-12-15T19:51:05.783+0000] {dag.py:3239} INFO - Sync 1 DAGs
[2024-12-15T19:51:05.883+0000] {logging_mixin.py:190} INFO - [2024-12-15T19:51:05.883+0000] {dag.py:4180} INFO - Setting next_dagrun for tutorial_taskflow_templates to 2024-12-14 00:00:00+00:00, run_after=2024-12-15 00:00:00+00:00
[2024-12-15T19:51:05.931+0000] {processor.py:208} INFO - Processing /home/airflow/.local/lib/python3.12/site-packages/airflow/example_dags/tutorial_taskflow_templates.py took 0.514 seconds
[2024-12-15T19:51:41.541+0000] {processor.py:186} INFO - Started process (PID=140) to work on /home/airflow/.local/lib/python3.12/site-packages/airflow/example_dags/tutorial_taskflow_templates.py
[2024-12-15T19:51:41.558+0000] {processor.py:914} INFO - Processing file /home/airflow/.local/lib/python3.12/site-packages/airflow/example_dags/tutorial_taskflow_templates.py for tasks to queue
[2024-12-15T19:51:41.587+0000] {logging_mixin.py:190} INFO - [2024-12-15T19:51:41.586+0000] {dagbag.py:588} INFO - Filling up the DagBag from /home/airflow/.local/lib/python3.12/site-packages/airflow/example_dags/tutorial_taskflow_templates.py
[2024-12-15T19:51:41.656+0000] {processor.py:925} INFO - DAG(s) 'tutorial_taskflow_templates' retrieved from /home/airflow/.local/lib/python3.12/site-packages/airflow/example_dags/tutorial_taskflow_templates.py
[2024-12-15T19:51:41.948+0000] {logging_mixin.py:190} INFO - [2024-12-15T19:51:41.945+0000] {dag.py:3239} INFO - Sync 1 DAGs
[2024-12-15T19:51:42.044+0000] {logging_mixin.py:190} INFO - [2024-12-15T19:51:42.043+0000] {dag.py:4180} INFO - Setting next_dagrun for tutorial_taskflow_templates to 2024-12-14 00:00:00+00:00, run_after=2024-12-15 00:00:00+00:00
[2024-12-15T19:51:42.141+0000] {processor.py:208} INFO - Processing /home/airflow/.local/lib/python3.12/site-packages/airflow/example_dags/tutorial_taskflow_templates.py took 0.647 seconds
[2024-12-15T19:52:24.996+0000] {processor.py:186} INFO - Started process (PID=210) to work on /home/airflow/.local/lib/python3.12/site-packages/airflow/example_dags/tutorial_taskflow_templates.py
[2024-12-15T19:52:25.005+0000] {processor.py:914} INFO - Processing file /home/airflow/.local/lib/python3.12/site-packages/airflow/example_dags/tutorial_taskflow_templates.py for tasks to queue
[2024-12-15T19:52:25.022+0000] {logging_mixin.py:190} INFO - [2024-12-15T19:52:25.020+0000] {dagbag.py:588} INFO - Filling up the DagBag from /home/airflow/.local/lib/python3.12/site-packages/airflow/example_dags/tutorial_taskflow_templates.py
[2024-12-15T19:52:25.150+0000] {processor.py:925} INFO - DAG(s) 'tutorial_taskflow_templates' retrieved from /home/airflow/.local/lib/python3.12/site-packages/airflow/example_dags/tutorial_taskflow_templates.py
[2024-12-15T19:52:25.231+0000] {logging_mixin.py:190} INFO - [2024-12-15T19:52:25.229+0000] {dag.py:3239} INFO - Sync 1 DAGs
[2024-12-15T19:52:25.456+0000] {logging_mixin.py:190} INFO - [2024-12-15T19:52:25.455+0000] {dag.py:4180} INFO - Setting next_dagrun for tutorial_taskflow_templates to 2024-12-14 00:00:00+00:00, run_after=2024-12-15 00:00:00+00:00
[2024-12-15T19:52:25.625+0000] {processor.py:208} INFO - Processing /home/airflow/.local/lib/python3.12/site-packages/airflow/example_dags/tutorial_taskflow_templates.py took 0.652 seconds
[2024-12-15T19:52:56.092+0000] {processor.py:186} INFO - Started process (PID=277) to work on /home/airflow/.local/lib/python3.12/site-packages/airflow/example_dags/tutorial_taskflow_templates.py
[2024-12-15T19:52:56.094+0000] {processor.py:914} INFO - Processing file /home/airflow/.local/lib/python3.12/site-packages/airflow/example_dags/tutorial_taskflow_templates.py for tasks to queue
[2024-12-15T19:52:56.100+0000] {logging_mixin.py:190} INFO - [2024-12-15T19:52:56.100+0000] {dagbag.py:588} INFO - Filling up the DagBag from /home/airflow/.local/lib/python3.12/site-packages/airflow/example_dags/tutorial_taskflow_templates.py
[2024-12-15T19:52:56.128+0000] {processor.py:925} INFO - DAG(s) 'tutorial_taskflow_templates' retrieved from /home/airflow/.local/lib/python3.12/site-packages/airflow/example_dags/tutorial_taskflow_templates.py
[2024-12-15T19:52:56.203+0000] {logging_mixin.py:190} INFO - [2024-12-15T19:52:56.202+0000] {dag.py:3239} INFO - Sync 1 DAGs
[2024-12-15T19:52:56.238+0000] {logging_mixin.py:190} INFO - [2024-12-15T19:52:56.237+0000] {dag.py:4180} INFO - Setting next_dagrun for tutorial_taskflow_templates to 2024-12-14 00:00:00+00:00, run_after=2024-12-15 00:00:00+00:00
[2024-12-15T19:52:56.262+0000] {processor.py:208} INFO - Processing /home/airflow/.local/lib/python3.12/site-packages/airflow/example_dags/tutorial_taskflow_templates.py took 0.183 seconds
[2024-12-15T19:53:37.584+0000] {processor.py:186} INFO - Started process (PID=340) to work on /home/airflow/.local/lib/python3.12/site-packages/airflow/example_dags/tutorial_taskflow_templates.py
[2024-12-15T19:53:37.610+0000] {processor.py:914} INFO - Processing file /home/airflow/.local/lib/python3.12/site-packages/airflow/example_dags/tutorial_taskflow_templates.py for tasks to queue
[2024-12-15T19:53:37.656+0000] {logging_mixin.py:190} INFO - [2024-12-15T19:53:37.655+0000] {dagbag.py:588} INFO - Filling up the DagBag from /home/airflow/.local/lib/python3.12/site-packages/airflow/example_dags/tutorial_taskflow_templates.py
[2024-12-15T19:53:37.699+0000] {processor.py:925} INFO - DAG(s) 'tutorial_taskflow_templates' retrieved from /home/airflow/.local/lib/python3.12/site-packages/airflow/example_dags/tutorial_taskflow_templates.py
[2024-12-15T19:53:37.798+0000] {logging_mixin.py:190} INFO - [2024-12-15T19:53:37.797+0000] {dag.py:3239} INFO - Sync 1 DAGs
[2024-12-15T19:53:37.914+0000] {logging_mixin.py:190} INFO - [2024-12-15T19:53:37.913+0000] {dag.py:4180} INFO - Setting next_dagrun for tutorial_taskflow_templates to 2024-12-14 00:00:00+00:00, run_after=2024-12-15 00:00:00+00:00
[2024-12-15T19:53:38.020+0000] {processor.py:208} INFO - Processing /home/airflow/.local/lib/python3.12/site-packages/airflow/example_dags/tutorial_taskflow_templates.py took 0.464 seconds
[2024-12-15T19:54:12.817+0000] {processor.py:186} INFO - Started process (PID=404) to work on /home/airflow/.local/lib/python3.12/site-packages/airflow/example_dags/tutorial_taskflow_templates.py
[2024-12-15T19:54:12.827+0000] {processor.py:914} INFO - Processing file /home/airflow/.local/lib/python3.12/site-packages/airflow/example_dags/tutorial_taskflow_templates.py for tasks to queue
[2024-12-15T19:54:12.837+0000] {logging_mixin.py:190} INFO - [2024-12-15T19:54:12.836+0000] {dagbag.py:588} INFO - Filling up the DagBag from /home/airflow/.local/lib/python3.12/site-packages/airflow/example_dags/tutorial_taskflow_templates.py
[2024-12-15T19:54:12.860+0000] {processor.py:925} INFO - DAG(s) 'tutorial_taskflow_templates' retrieved from /home/airflow/.local/lib/python3.12/site-packages/airflow/example_dags/tutorial_taskflow_templates.py
[2024-12-15T19:54:12.932+0000] {logging_mixin.py:190} INFO - [2024-12-15T19:54:12.932+0000] {dag.py:3239} INFO - Sync 1 DAGs
[2024-12-15T19:54:12.984+0000] {logging_mixin.py:190} INFO - [2024-12-15T19:54:12.984+0000] {dag.py:4180} INFO - Setting next_dagrun for tutorial_taskflow_templates to 2024-12-14 00:00:00+00:00, run_after=2024-12-15 00:00:00+00:00
[2024-12-15T19:54:13.024+0000] {processor.py:208} INFO - Processing /home/airflow/.local/lib/python3.12/site-packages/airflow/example_dags/tutorial_taskflow_templates.py took 0.224 seconds
[2024-12-15T19:54:45.682+0000] {processor.py:186} INFO - Started process (PID=470) to work on /home/airflow/.local/lib/python3.12/site-packages/airflow/example_dags/tutorial_taskflow_templates.py
[2024-12-15T19:54:45.691+0000] {processor.py:914} INFO - Processing file /home/airflow/.local/lib/python3.12/site-packages/airflow/example_dags/tutorial_taskflow_templates.py for tasks to queue
[2024-12-15T19:54:45.700+0000] {logging_mixin.py:190} INFO - [2024-12-15T19:54:45.699+0000] {dagbag.py:588} INFO - Filling up the DagBag from /home/airflow/.local/lib/python3.12/site-packages/airflow/example_dags/tutorial_taskflow_templates.py
[2024-12-15T19:54:45.729+0000] {processor.py:925} INFO - DAG(s) 'tutorial_taskflow_templates' retrieved from /home/airflow/.local/lib/python3.12/site-packages/airflow/example_dags/tutorial_taskflow_templates.py
[2024-12-15T19:54:45.771+0000] {logging_mixin.py:190} INFO - [2024-12-15T19:54:45.771+0000] {dag.py:3239} INFO - Sync 1 DAGs
[2024-12-15T19:54:45.819+0000] {logging_mixin.py:190} INFO - [2024-12-15T19:54:45.819+0000] {dag.py:4180} INFO - Setting next_dagrun for tutorial_taskflow_templates to 2024-12-14 00:00:00+00:00, run_after=2024-12-15 00:00:00+00:00
[2024-12-15T19:54:45.847+0000] {processor.py:208} INFO - Processing /home/airflow/.local/lib/python3.12/site-packages/airflow/example_dags/tutorial_taskflow_templates.py took 0.179 seconds
[2024-12-15T19:55:20.464+0000] {processor.py:186} INFO - Started process (PID=538) to work on /home/airflow/.local/lib/python3.12/site-packages/airflow/example_dags/tutorial_taskflow_templates.py
[2024-12-15T19:55:20.466+0000] {processor.py:914} INFO - Processing file /home/airflow/.local/lib/python3.12/site-packages/airflow/example_dags/tutorial_taskflow_templates.py for tasks to queue
[2024-12-15T19:55:20.470+0000] {logging_mixin.py:190} INFO - [2024-12-15T19:55:20.469+0000] {dagbag.py:588} INFO - Filling up the DagBag from /home/airflow/.local/lib/python3.12/site-packages/airflow/example_dags/tutorial_taskflow_templates.py
[2024-12-15T19:55:20.498+0000] {processor.py:925} INFO - DAG(s) 'tutorial_taskflow_templates' retrieved from /home/airflow/.local/lib/python3.12/site-packages/airflow/example_dags/tutorial_taskflow_templates.py
[2024-12-15T19:55:20.551+0000] {logging_mixin.py:190} INFO - [2024-12-15T19:55:20.550+0000] {dag.py:3239} INFO - Sync 1 DAGs
[2024-12-15T19:55:20.610+0000] {logging_mixin.py:190} INFO - [2024-12-15T19:55:20.609+0000] {dag.py:4180} INFO - Setting next_dagrun for tutorial_taskflow_templates to 2024-12-14 00:00:00+00:00, run_after=2024-12-15 00:00:00+00:00
[2024-12-15T19:55:20.660+0000] {processor.py:208} INFO - Processing /home/airflow/.local/lib/python3.12/site-packages/airflow/example_dags/tutorial_taskflow_templates.py took 0.207 seconds
[2024-12-15T19:56:03.331+0000] {processor.py:186} INFO - Started process (PID=610) to work on /home/airflow/.local/lib/python3.12/site-packages/airflow/example_dags/tutorial_taskflow_templates.py
[2024-12-15T19:56:03.336+0000] {processor.py:914} INFO - Processing file /home/airflow/.local/lib/python3.12/site-packages/airflow/example_dags/tutorial_taskflow_templates.py for tasks to queue
[2024-12-15T19:56:03.341+0000] {logging_mixin.py:190} INFO - [2024-12-15T19:56:03.340+0000] {dagbag.py:588} INFO - Filling up the DagBag from /home/airflow/.local/lib/python3.12/site-packages/airflow/example_dags/tutorial_taskflow_templates.py
[2024-12-15T19:56:03.417+0000] {processor.py:925} INFO - DAG(s) 'tutorial_taskflow_templates' retrieved from /home/airflow/.local/lib/python3.12/site-packages/airflow/example_dags/tutorial_taskflow_templates.py
[2024-12-15T19:56:03.475+0000] {logging_mixin.py:190} INFO - [2024-12-15T19:56:03.474+0000] {dag.py:3239} INFO - Sync 1 DAGs
[2024-12-15T19:56:03.609+0000] {logging_mixin.py:190} INFO - [2024-12-15T19:56:03.609+0000] {dag.py:4180} INFO - Setting next_dagrun for tutorial_taskflow_templates to 2024-12-14 00:00:00+00:00, run_after=2024-12-15 00:00:00+00:00
[2024-12-15T19:56:03.687+0000] {processor.py:208} INFO - Processing /home/airflow/.local/lib/python3.12/site-packages/airflow/example_dags/tutorial_taskflow_templates.py took 0.383 seconds
[2024-12-15T19:59:45.550+0000] {processor.py:186} INFO - Started process (PID=80) to work on /home/airflow/.local/lib/python3.12/site-packages/airflow/example_dags/tutorial_taskflow_templates.py
[2024-12-15T19:59:45.559+0000] {processor.py:914} INFO - Processing file /home/airflow/.local/lib/python3.12/site-packages/airflow/example_dags/tutorial_taskflow_templates.py for tasks to queue
[2024-12-15T19:59:45.588+0000] {logging_mixin.py:190} INFO - [2024-12-15T19:59:45.587+0000] {dagbag.py:588} INFO - Filling up the DagBag from /home/airflow/.local/lib/python3.12/site-packages/airflow/example_dags/tutorial_taskflow_templates.py
[2024-12-15T19:59:45.826+0000] {processor.py:925} INFO - DAG(s) 'tutorial_taskflow_templates' retrieved from /home/airflow/.local/lib/python3.12/site-packages/airflow/example_dags/tutorial_taskflow_templates.py
[2024-12-15T19:59:45.996+0000] {logging_mixin.py:190} INFO - [2024-12-15T19:59:45.995+0000] {dag.py:3239} INFO - Sync 1 DAGs
[2024-12-15T19:59:46.397+0000] {logging_mixin.py:190} INFO - [2024-12-15T19:59:46.397+0000] {dag.py:4180} INFO - Setting next_dagrun for tutorial_taskflow_templates to 2024-12-14 00:00:00+00:00, run_after=2024-12-15 00:00:00+00:00
[2024-12-15T19:59:46.761+0000] {processor.py:208} INFO - Processing /home/airflow/.local/lib/python3.12/site-packages/airflow/example_dags/tutorial_taskflow_templates.py took 1.260 seconds
[2024-12-15T20:01:37.417+0000] {processor.py:186} INFO - Started process (PID=163) to work on /home/airflow/.local/lib/python3.12/site-packages/airflow/example_dags/tutorial_taskflow_templates.py
[2024-12-15T20:01:37.420+0000] {processor.py:914} INFO - Processing file /home/airflow/.local/lib/python3.12/site-packages/airflow/example_dags/tutorial_taskflow_templates.py for tasks to queue
[2024-12-15T20:01:37.430+0000] {logging_mixin.py:190} INFO - [2024-12-15T20:01:37.424+0000] {dagbag.py:588} INFO - Filling up the DagBag from /home/airflow/.local/lib/python3.12/site-packages/airflow/example_dags/tutorial_taskflow_templates.py
[2024-12-15T20:01:37.475+0000] {processor.py:925} INFO - DAG(s) 'tutorial_taskflow_templates' retrieved from /home/airflow/.local/lib/python3.12/site-packages/airflow/example_dags/tutorial_taskflow_templates.py
[2024-12-15T20:01:37.640+0000] {logging_mixin.py:190} INFO - [2024-12-15T20:01:37.640+0000] {dag.py:3239} INFO - Sync 1 DAGs
[2024-12-15T20:01:37.699+0000] {logging_mixin.py:190} INFO - [2024-12-15T20:01:37.699+0000] {dag.py:4180} INFO - Setting next_dagrun for tutorial_taskflow_templates to 2024-12-14 00:00:00+00:00, run_after=2024-12-15 00:00:00+00:00
[2024-12-15T20:01:37.733+0000] {processor.py:208} INFO - Processing /home/airflow/.local/lib/python3.12/site-packages/airflow/example_dags/tutorial_taskflow_templates.py took 0.338 seconds
[2024-12-15T20:02:08.387+0000] {processor.py:186} INFO - Started process (PID=229) to work on /home/airflow/.local/lib/python3.12/site-packages/airflow/example_dags/tutorial_taskflow_templates.py
[2024-12-15T20:02:08.392+0000] {processor.py:914} INFO - Processing file /home/airflow/.local/lib/python3.12/site-packages/airflow/example_dags/tutorial_taskflow_templates.py for tasks to queue
[2024-12-15T20:02:08.401+0000] {logging_mixin.py:190} INFO - [2024-12-15T20:02:08.401+0000] {dagbag.py:588} INFO - Filling up the DagBag from /home/airflow/.local/lib/python3.12/site-packages/airflow/example_dags/tutorial_taskflow_templates.py
[2024-12-15T20:02:08.434+0000] {processor.py:925} INFO - DAG(s) 'tutorial_taskflow_templates' retrieved from /home/airflow/.local/lib/python3.12/site-packages/airflow/example_dags/tutorial_taskflow_templates.py
[2024-12-15T20:02:08.495+0000] {logging_mixin.py:190} INFO - [2024-12-15T20:02:08.494+0000] {dag.py:3239} INFO - Sync 1 DAGs
[2024-12-15T20:02:08.578+0000] {logging_mixin.py:190} INFO - [2024-12-15T20:02:08.578+0000] {dag.py:4180} INFO - Setting next_dagrun for tutorial_taskflow_templates to 2024-12-14 00:00:00+00:00, run_after=2024-12-15 00:00:00+00:00
[2024-12-15T20:02:08.710+0000] {processor.py:208} INFO - Processing /home/airflow/.local/lib/python3.12/site-packages/airflow/example_dags/tutorial_taskflow_templates.py took 0.336 seconds
[2024-12-15T20:03:03.802+0000] {processor.py:186} INFO - Started process (PID=306) to work on /home/airflow/.local/lib/python3.12/site-packages/airflow/example_dags/tutorial_taskflow_templates.py
[2024-12-15T20:03:03.826+0000] {processor.py:914} INFO - Processing file /home/airflow/.local/lib/python3.12/site-packages/airflow/example_dags/tutorial_taskflow_templates.py for tasks to queue
[2024-12-15T20:03:03.830+0000] {logging_mixin.py:190} INFO - [2024-12-15T20:03:03.829+0000] {dagbag.py:588} INFO - Filling up the DagBag from /home/airflow/.local/lib/python3.12/site-packages/airflow/example_dags/tutorial_taskflow_templates.py
[2024-12-15T20:03:03.867+0000] {processor.py:925} INFO - DAG(s) 'tutorial_taskflow_templates' retrieved from /home/airflow/.local/lib/python3.12/site-packages/airflow/example_dags/tutorial_taskflow_templates.py
[2024-12-15T20:03:03.936+0000] {logging_mixin.py:190} INFO - [2024-12-15T20:03:03.935+0000] {dag.py:3239} INFO - Sync 1 DAGs
[2024-12-15T20:03:04.146+0000] {logging_mixin.py:190} INFO - [2024-12-15T20:03:04.145+0000] {dag.py:4180} INFO - Setting next_dagrun for tutorial_taskflow_templates to 2024-12-14 00:00:00+00:00, run_after=2024-12-15 00:00:00+00:00
[2024-12-15T20:03:04.300+0000] {processor.py:208} INFO - Processing /home/airflow/.local/lib/python3.12/site-packages/airflow/example_dags/tutorial_taskflow_templates.py took 0.506 seconds
[2024-12-15T20:03:35.037+0000] {processor.py:186} INFO - Started process (PID=370) to work on /home/airflow/.local/lib/python3.12/site-packages/airflow/example_dags/tutorial_taskflow_templates.py
[2024-12-15T20:03:35.040+0000] {processor.py:914} INFO - Processing file /home/airflow/.local/lib/python3.12/site-packages/airflow/example_dags/tutorial_taskflow_templates.py for tasks to queue
[2024-12-15T20:03:35.049+0000] {logging_mixin.py:190} INFO - [2024-12-15T20:03:35.049+0000] {dagbag.py:588} INFO - Filling up the DagBag from /home/airflow/.local/lib/python3.12/site-packages/airflow/example_dags/tutorial_taskflow_templates.py
[2024-12-15T20:03:35.081+0000] {processor.py:925} INFO - DAG(s) 'tutorial_taskflow_templates' retrieved from /home/airflow/.local/lib/python3.12/site-packages/airflow/example_dags/tutorial_taskflow_templates.py
[2024-12-15T20:03:35.116+0000] {logging_mixin.py:190} INFO - [2024-12-15T20:03:35.115+0000] {dag.py:3239} INFO - Sync 1 DAGs
[2024-12-15T20:03:35.156+0000] {logging_mixin.py:190} INFO - [2024-12-15T20:03:35.155+0000] {dag.py:4180} INFO - Setting next_dagrun for tutorial_taskflow_templates to 2024-12-14 00:00:00+00:00, run_after=2024-12-15 00:00:00+00:00
[2024-12-15T20:03:35.192+0000] {processor.py:208} INFO - Processing /home/airflow/.local/lib/python3.12/site-packages/airflow/example_dags/tutorial_taskflow_templates.py took 0.172 seconds
[2024-12-15T20:04:08.047+0000] {processor.py:186} INFO - Started process (PID=440) to work on /home/airflow/.local/lib/python3.12/site-packages/airflow/example_dags/tutorial_taskflow_templates.py
[2024-12-15T20:04:08.050+0000] {processor.py:914} INFO - Processing file /home/airflow/.local/lib/python3.12/site-packages/airflow/example_dags/tutorial_taskflow_templates.py for tasks to queue
[2024-12-15T20:04:08.059+0000] {logging_mixin.py:190} INFO - [2024-12-15T20:04:08.058+0000] {dagbag.py:588} INFO - Filling up the DagBag from /home/airflow/.local/lib/python3.12/site-packages/airflow/example_dags/tutorial_taskflow_templates.py
[2024-12-15T20:04:08.121+0000] {processor.py:925} INFO - DAG(s) 'tutorial_taskflow_templates' retrieved from /home/airflow/.local/lib/python3.12/site-packages/airflow/example_dags/tutorial_taskflow_templates.py
[2024-12-15T20:04:08.191+0000] {logging_mixin.py:190} INFO - [2024-12-15T20:04:08.191+0000] {dag.py:3239} INFO - Sync 1 DAGs
[2024-12-15T20:04:08.277+0000] {logging_mixin.py:190} INFO - [2024-12-15T20:04:08.277+0000] {dag.py:4180} INFO - Setting next_dagrun for tutorial_taskflow_templates to 2024-12-14 00:00:00+00:00, run_after=2024-12-15 00:00:00+00:00
[2024-12-15T20:04:08.419+0000] {processor.py:208} INFO - Processing /home/airflow/.local/lib/python3.12/site-packages/airflow/example_dags/tutorial_taskflow_templates.py took 0.389 seconds
[2024-12-15T20:04:44.176+0000] {processor.py:186} INFO - Started process (PID=506) to work on /home/airflow/.local/lib/python3.12/site-packages/airflow/example_dags/tutorial_taskflow_templates.py
[2024-12-15T20:04:44.185+0000] {processor.py:914} INFO - Processing file /home/airflow/.local/lib/python3.12/site-packages/airflow/example_dags/tutorial_taskflow_templates.py for tasks to queue
[2024-12-15T20:04:44.195+0000] {logging_mixin.py:190} INFO - [2024-12-15T20:04:44.195+0000] {dagbag.py:588} INFO - Filling up the DagBag from /home/airflow/.local/lib/python3.12/site-packages/airflow/example_dags/tutorial_taskflow_templates.py
[2024-12-15T20:04:44.223+0000] {processor.py:925} INFO - DAG(s) 'tutorial_taskflow_templates' retrieved from /home/airflow/.local/lib/python3.12/site-packages/airflow/example_dags/tutorial_taskflow_templates.py
[2024-12-15T20:04:44.339+0000] {logging_mixin.py:190} INFO - [2024-12-15T20:04:44.339+0000] {dag.py:3239} INFO - Sync 1 DAGs
[2024-12-15T20:04:44.407+0000] {logging_mixin.py:190} INFO - [2024-12-15T20:04:44.407+0000] {dag.py:4180} INFO - Setting next_dagrun for tutorial_taskflow_templates to 2024-12-14 00:00:00+00:00, run_after=2024-12-15 00:00:00+00:00
[2024-12-15T20:04:44.503+0000] {processor.py:208} INFO - Processing /home/airflow/.local/lib/python3.12/site-packages/airflow/example_dags/tutorial_taskflow_templates.py took 0.340 seconds
[2024-12-15T20:06:06.575+0000] {processor.py:186} INFO - Started process (PID=585) to work on /home/airflow/.local/lib/python3.12/site-packages/airflow/example_dags/tutorial_taskflow_templates.py
[2024-12-15T20:06:06.578+0000] {processor.py:914} INFO - Processing file /home/airflow/.local/lib/python3.12/site-packages/airflow/example_dags/tutorial_taskflow_templates.py for tasks to queue
[2024-12-15T20:06:06.586+0000] {logging_mixin.py:190} INFO - [2024-12-15T20:06:06.585+0000] {dagbag.py:588} INFO - Filling up the DagBag from /home/airflow/.local/lib/python3.12/site-packages/airflow/example_dags/tutorial_taskflow_templates.py
[2024-12-15T20:06:06.653+0000] {processor.py:925} INFO - DAG(s) 'tutorial_taskflow_templates' retrieved from /home/airflow/.local/lib/python3.12/site-packages/airflow/example_dags/tutorial_taskflow_templates.py
[2024-12-15T20:06:06.742+0000] {logging_mixin.py:190} INFO - [2024-12-15T20:06:06.742+0000] {dag.py:3239} INFO - Sync 1 DAGs
[2024-12-15T20:06:06.811+0000] {logging_mixin.py:190} INFO - [2024-12-15T20:06:06.811+0000] {dag.py:4180} INFO - Setting next_dagrun for tutorial_taskflow_templates to 2024-12-14 00:00:00+00:00, run_after=2024-12-15 00:00:00+00:00
[2024-12-15T20:06:06.854+0000] {processor.py:208} INFO - Processing /home/airflow/.local/lib/python3.12/site-packages/airflow/example_dags/tutorial_taskflow_templates.py took 0.295 seconds
[2024-12-15T20:06:37.716+0000] {processor.py:186} INFO - Started process (PID=651) to work on /home/airflow/.local/lib/python3.12/site-packages/airflow/example_dags/tutorial_taskflow_templates.py
[2024-12-15T20:06:37.718+0000] {processor.py:914} INFO - Processing file /home/airflow/.local/lib/python3.12/site-packages/airflow/example_dags/tutorial_taskflow_templates.py for tasks to queue
[2024-12-15T20:06:37.730+0000] {logging_mixin.py:190} INFO - [2024-12-15T20:06:37.729+0000] {dagbag.py:588} INFO - Filling up the DagBag from /home/airflow/.local/lib/python3.12/site-packages/airflow/example_dags/tutorial_taskflow_templates.py
[2024-12-15T20:06:37.752+0000] {processor.py:925} INFO - DAG(s) 'tutorial_taskflow_templates' retrieved from /home/airflow/.local/lib/python3.12/site-packages/airflow/example_dags/tutorial_taskflow_templates.py
[2024-12-15T20:06:37.795+0000] {logging_mixin.py:190} INFO - [2024-12-15T20:06:37.795+0000] {dag.py:3239} INFO - Sync 1 DAGs
[2024-12-15T20:06:37.831+0000] {logging_mixin.py:190} INFO - [2024-12-15T20:06:37.831+0000] {dag.py:4180} INFO - Setting next_dagrun for tutorial_taskflow_templates to 2024-12-14 00:00:00+00:00, run_after=2024-12-15 00:00:00+00:00
[2024-12-15T20:06:37.858+0000] {processor.py:208} INFO - Processing /home/airflow/.local/lib/python3.12/site-packages/airflow/example_dags/tutorial_taskflow_templates.py took 0.158 seconds
[2024-12-15T20:07:09.966+0000] {processor.py:186} INFO - Started process (PID=717) to work on /home/airflow/.local/lib/python3.12/site-packages/airflow/example_dags/tutorial_taskflow_templates.py
[2024-12-15T20:07:09.968+0000] {processor.py:914} INFO - Processing file /home/airflow/.local/lib/python3.12/site-packages/airflow/example_dags/tutorial_taskflow_templates.py for tasks to queue
[2024-12-15T20:07:10.036+0000] {logging_mixin.py:190} INFO - [2024-12-15T20:07:10.036+0000] {dagbag.py:588} INFO - Filling up the DagBag from /home/airflow/.local/lib/python3.12/site-packages/airflow/example_dags/tutorial_taskflow_templates.py
[2024-12-15T20:07:10.121+0000] {processor.py:925} INFO - DAG(s) 'tutorial_taskflow_templates' retrieved from /home/airflow/.local/lib/python3.12/site-packages/airflow/example_dags/tutorial_taskflow_templates.py
[2024-12-15T20:07:10.181+0000] {logging_mixin.py:190} INFO - [2024-12-15T20:07:10.180+0000] {dag.py:3239} INFO - Sync 1 DAGs
[2024-12-15T20:07:10.226+0000] {logging_mixin.py:190} INFO - [2024-12-15T20:07:10.226+0000] {dag.py:4180} INFO - Setting next_dagrun for tutorial_taskflow_templates to 2024-12-14 00:00:00+00:00, run_after=2024-12-15 00:00:00+00:00
[2024-12-15T20:07:10.250+0000] {processor.py:208} INFO - Processing /home/airflow/.local/lib/python3.12/site-packages/airflow/example_dags/tutorial_taskflow_templates.py took 0.292 seconds
[2024-12-15T20:16:31.902+0000] {processor.py:186} INFO - Started process (PID=81) to work on /home/airflow/.local/lib/python3.12/site-packages/airflow/example_dags/tutorial_taskflow_templates.py
[2024-12-15T20:16:31.904+0000] {processor.py:914} INFO - Processing file /home/airflow/.local/lib/python3.12/site-packages/airflow/example_dags/tutorial_taskflow_templates.py for tasks to queue
[2024-12-15T20:16:31.909+0000] {logging_mixin.py:190} INFO - [2024-12-15T20:16:31.908+0000] {dagbag.py:588} INFO - Filling up the DagBag from /home/airflow/.local/lib/python3.12/site-packages/airflow/example_dags/tutorial_taskflow_templates.py
[2024-12-15T20:16:31.940+0000] {processor.py:925} INFO - DAG(s) 'tutorial_taskflow_templates' retrieved from /home/airflow/.local/lib/python3.12/site-packages/airflow/example_dags/tutorial_taskflow_templates.py
[2024-12-15T20:16:31.984+0000] {logging_mixin.py:190} INFO - [2024-12-15T20:16:31.984+0000] {dag.py:3239} INFO - Sync 1 DAGs
[2024-12-15T20:16:32.029+0000] {logging_mixin.py:190} INFO - [2024-12-15T20:16:32.028+0000] {dag.py:4180} INFO - Setting next_dagrun for tutorial_taskflow_templates to 2024-12-14 00:00:00+00:00, run_after=2024-12-15 00:00:00+00:00
[2024-12-15T20:16:32.059+0000] {processor.py:208} INFO - Processing /home/airflow/.local/lib/python3.12/site-packages/airflow/example_dags/tutorial_taskflow_templates.py took 0.170 seconds
[2024-12-15T20:17:04.000+0000] {processor.py:186} INFO - Started process (PID=145) to work on /home/airflow/.local/lib/python3.12/site-packages/airflow/example_dags/tutorial_taskflow_templates.py
[2024-12-15T20:17:04.003+0000] {processor.py:914} INFO - Processing file /home/airflow/.local/lib/python3.12/site-packages/airflow/example_dags/tutorial_taskflow_templates.py for tasks to queue
[2024-12-15T20:17:04.009+0000] {logging_mixin.py:190} INFO - [2024-12-15T20:17:04.008+0000] {dagbag.py:588} INFO - Filling up the DagBag from /home/airflow/.local/lib/python3.12/site-packages/airflow/example_dags/tutorial_taskflow_templates.py
[2024-12-15T20:17:04.052+0000] {processor.py:925} INFO - DAG(s) 'tutorial_taskflow_templates' retrieved from /home/airflow/.local/lib/python3.12/site-packages/airflow/example_dags/tutorial_taskflow_templates.py
[2024-12-15T20:17:04.098+0000] {logging_mixin.py:190} INFO - [2024-12-15T20:17:04.098+0000] {dag.py:3239} INFO - Sync 1 DAGs
[2024-12-15T20:17:04.164+0000] {logging_mixin.py:190} INFO - [2024-12-15T20:17:04.163+0000] {dag.py:4180} INFO - Setting next_dagrun for tutorial_taskflow_templates to 2024-12-14 00:00:00+00:00, run_after=2024-12-15 00:00:00+00:00
[2024-12-15T20:17:04.201+0000] {processor.py:208} INFO - Processing /home/airflow/.local/lib/python3.12/site-packages/airflow/example_dags/tutorial_taskflow_templates.py took 0.213 seconds
[2024-12-15T20:17:36.502+0000] {processor.py:186} INFO - Started process (PID=209) to work on /home/airflow/.local/lib/python3.12/site-packages/airflow/example_dags/tutorial_taskflow_templates.py
[2024-12-15T20:17:36.509+0000] {processor.py:914} INFO - Processing file /home/airflow/.local/lib/python3.12/site-packages/airflow/example_dags/tutorial_taskflow_templates.py for tasks to queue
[2024-12-15T20:17:36.520+0000] {logging_mixin.py:190} INFO - [2024-12-15T20:17:36.520+0000] {dagbag.py:588} INFO - Filling up the DagBag from /home/airflow/.local/lib/python3.12/site-packages/airflow/example_dags/tutorial_taskflow_templates.py
[2024-12-15T20:17:36.583+0000] {processor.py:925} INFO - DAG(s) 'tutorial_taskflow_templates' retrieved from /home/airflow/.local/lib/python3.12/site-packages/airflow/example_dags/tutorial_taskflow_templates.py
[2024-12-15T20:17:36.636+0000] {logging_mixin.py:190} INFO - [2024-12-15T20:17:36.635+0000] {dag.py:3239} INFO - Sync 1 DAGs
[2024-12-15T20:17:36.716+0000] {logging_mixin.py:190} INFO - [2024-12-15T20:17:36.715+0000] {dag.py:4180} INFO - Setting next_dagrun for tutorial_taskflow_templates to 2024-12-14 00:00:00+00:00, run_after=2024-12-15 00:00:00+00:00
[2024-12-15T20:17:36.801+0000] {processor.py:208} INFO - Processing /home/airflow/.local/lib/python3.12/site-packages/airflow/example_dags/tutorial_taskflow_templates.py took 0.329 seconds
[2024-12-15T20:18:11.698+0000] {processor.py:186} INFO - Started process (PID=273) to work on /home/airflow/.local/lib/python3.12/site-packages/airflow/example_dags/tutorial_taskflow_templates.py
[2024-12-15T20:18:11.701+0000] {processor.py:914} INFO - Processing file /home/airflow/.local/lib/python3.12/site-packages/airflow/example_dags/tutorial_taskflow_templates.py for tasks to queue
[2024-12-15T20:18:11.707+0000] {logging_mixin.py:190} INFO - [2024-12-15T20:18:11.706+0000] {dagbag.py:588} INFO - Filling up the DagBag from /home/airflow/.local/lib/python3.12/site-packages/airflow/example_dags/tutorial_taskflow_templates.py
[2024-12-15T20:18:11.737+0000] {processor.py:925} INFO - DAG(s) 'tutorial_taskflow_templates' retrieved from /home/airflow/.local/lib/python3.12/site-packages/airflow/example_dags/tutorial_taskflow_templates.py
[2024-12-15T20:18:11.787+0000] {logging_mixin.py:190} INFO - [2024-12-15T20:18:11.787+0000] {dag.py:3239} INFO - Sync 1 DAGs
[2024-12-15T20:18:11.850+0000] {logging_mixin.py:190} INFO - [2024-12-15T20:18:11.849+0000] {dag.py:4180} INFO - Setting next_dagrun for tutorial_taskflow_templates to 2024-12-14 00:00:00+00:00, run_after=2024-12-15 00:00:00+00:00
[2024-12-15T20:18:11.885+0000] {processor.py:208} INFO - Processing /home/airflow/.local/lib/python3.12/site-packages/airflow/example_dags/tutorial_taskflow_templates.py took 0.203 seconds
[2024-12-15T20:18:45.541+0000] {processor.py:186} INFO - Started process (PID=337) to work on /home/airflow/.local/lib/python3.12/site-packages/airflow/example_dags/tutorial_taskflow_templates.py
[2024-12-15T20:18:45.550+0000] {processor.py:914} INFO - Processing file /home/airflow/.local/lib/python3.12/site-packages/airflow/example_dags/tutorial_taskflow_templates.py for tasks to queue
[2024-12-15T20:18:45.577+0000] {logging_mixin.py:190} INFO - [2024-12-15T20:18:45.575+0000] {dagbag.py:588} INFO - Filling up the DagBag from /home/airflow/.local/lib/python3.12/site-packages/airflow/example_dags/tutorial_taskflow_templates.py
[2024-12-15T20:18:45.627+0000] {processor.py:925} INFO - DAG(s) 'tutorial_taskflow_templates' retrieved from /home/airflow/.local/lib/python3.12/site-packages/airflow/example_dags/tutorial_taskflow_templates.py
[2024-12-15T20:18:45.670+0000] {logging_mixin.py:190} INFO - [2024-12-15T20:18:45.670+0000] {dag.py:3239} INFO - Sync 1 DAGs
[2024-12-15T20:18:45.743+0000] {logging_mixin.py:190} INFO - [2024-12-15T20:18:45.743+0000] {dag.py:4180} INFO - Setting next_dagrun for tutorial_taskflow_templates to 2024-12-14 00:00:00+00:00, run_after=2024-12-15 00:00:00+00:00
[2024-12-15T20:18:45.820+0000] {processor.py:208} INFO - Processing /home/airflow/.local/lib/python3.12/site-packages/airflow/example_dags/tutorial_taskflow_templates.py took 0.297 seconds
[2024-12-15T20:19:18.610+0000] {processor.py:186} INFO - Started process (PID=400) to work on /home/airflow/.local/lib/python3.12/site-packages/airflow/example_dags/tutorial_taskflow_templates.py
[2024-12-15T20:19:18.619+0000] {processor.py:914} INFO - Processing file /home/airflow/.local/lib/python3.12/site-packages/airflow/example_dags/tutorial_taskflow_templates.py for tasks to queue
[2024-12-15T20:19:18.647+0000] {logging_mixin.py:190} INFO - [2024-12-15T20:19:18.645+0000] {dagbag.py:588} INFO - Filling up the DagBag from /home/airflow/.local/lib/python3.12/site-packages/airflow/example_dags/tutorial_taskflow_templates.py
[2024-12-15T20:19:18.770+0000] {processor.py:925} INFO - DAG(s) 'tutorial_taskflow_templates' retrieved from /home/airflow/.local/lib/python3.12/site-packages/airflow/example_dags/tutorial_taskflow_templates.py
[2024-12-15T20:19:18.910+0000] {logging_mixin.py:190} INFO - [2024-12-15T20:19:18.909+0000] {dag.py:3239} INFO - Sync 1 DAGs
[2024-12-15T20:19:19.012+0000] {logging_mixin.py:190} INFO - [2024-12-15T20:19:19.012+0000] {dag.py:4180} INFO - Setting next_dagrun for tutorial_taskflow_templates to 2024-12-14 00:00:00+00:00, run_after=2024-12-15 00:00:00+00:00
[2024-12-15T20:19:19.109+0000] {processor.py:208} INFO - Processing /home/airflow/.local/lib/python3.12/site-packages/airflow/example_dags/tutorial_taskflow_templates.py took 0.553 seconds
[2024-12-15T20:21:04.198+0000] {processor.py:186} INFO - Started process (PID=459) to work on /home/airflow/.local/lib/python3.12/site-packages/airflow/example_dags/tutorial_taskflow_templates.py
[2024-12-15T20:21:04.206+0000] {processor.py:914} INFO - Processing file /home/airflow/.local/lib/python3.12/site-packages/airflow/example_dags/tutorial_taskflow_templates.py for tasks to queue
[2024-12-15T20:21:04.212+0000] {logging_mixin.py:190} INFO - [2024-12-15T20:21:04.211+0000] {dagbag.py:588} INFO - Filling up the DagBag from /home/airflow/.local/lib/python3.12/site-packages/airflow/example_dags/tutorial_taskflow_templates.py
[2024-12-15T20:21:04.516+0000] {processor.py:925} INFO - DAG(s) 'tutorial_taskflow_templates' retrieved from /home/airflow/.local/lib/python3.12/site-packages/airflow/example_dags/tutorial_taskflow_templates.py
[2024-12-15T20:21:04.586+0000] {logging_mixin.py:190} INFO - [2024-12-15T20:21:04.586+0000] {dag.py:3239} INFO - Sync 1 DAGs
[2024-12-15T20:21:04.728+0000] {logging_mixin.py:190} INFO - [2024-12-15T20:21:04.727+0000] {dag.py:4180} INFO - Setting next_dagrun for tutorial_taskflow_templates to 2024-12-14 00:00:00+00:00, run_after=2024-12-15 00:00:00+00:00
[2024-12-15T20:21:04.807+0000] {processor.py:208} INFO - Processing /home/airflow/.local/lib/python3.12/site-packages/airflow/example_dags/tutorial_taskflow_templates.py took 0.629 seconds
[2024-12-15T20:21:35.636+0000] {processor.py:186} INFO - Started process (PID=523) to work on /home/airflow/.local/lib/python3.12/site-packages/airflow/example_dags/tutorial_taskflow_templates.py
[2024-12-15T20:21:35.641+0000] {processor.py:914} INFO - Processing file /home/airflow/.local/lib/python3.12/site-packages/airflow/example_dags/tutorial_taskflow_templates.py for tasks to queue
[2024-12-15T20:21:35.646+0000] {logging_mixin.py:190} INFO - [2024-12-15T20:21:35.645+0000] {dagbag.py:588} INFO - Filling up the DagBag from /home/airflow/.local/lib/python3.12/site-packages/airflow/example_dags/tutorial_taskflow_templates.py
[2024-12-15T20:21:35.691+0000] {processor.py:925} INFO - DAG(s) 'tutorial_taskflow_templates' retrieved from /home/airflow/.local/lib/python3.12/site-packages/airflow/example_dags/tutorial_taskflow_templates.py
[2024-12-15T20:21:35.755+0000] {logging_mixin.py:190} INFO - [2024-12-15T20:21:35.755+0000] {dag.py:3239} INFO - Sync 1 DAGs
[2024-12-15T20:21:35.809+0000] {logging_mixin.py:190} INFO - [2024-12-15T20:21:35.809+0000] {dag.py:4180} INFO - Setting next_dagrun for tutorial_taskflow_templates to 2024-12-14 00:00:00+00:00, run_after=2024-12-15 00:00:00+00:00
[2024-12-15T20:21:35.863+0000] {processor.py:208} INFO - Processing /home/airflow/.local/lib/python3.12/site-packages/airflow/example_dags/tutorial_taskflow_templates.py took 0.238 seconds
[2024-12-15T20:22:06.908+0000] {processor.py:186} INFO - Started process (PID=589) to work on /home/airflow/.local/lib/python3.12/site-packages/airflow/example_dags/tutorial_taskflow_templates.py
[2024-12-15T20:22:06.910+0000] {processor.py:914} INFO - Processing file /home/airflow/.local/lib/python3.12/site-packages/airflow/example_dags/tutorial_taskflow_templates.py for tasks to queue
[2024-12-15T20:22:06.918+0000] {logging_mixin.py:190} INFO - [2024-12-15T20:22:06.916+0000] {dagbag.py:588} INFO - Filling up the DagBag from /home/airflow/.local/lib/python3.12/site-packages/airflow/example_dags/tutorial_taskflow_templates.py
[2024-12-15T20:22:06.956+0000] {processor.py:925} INFO - DAG(s) 'tutorial_taskflow_templates' retrieved from /home/airflow/.local/lib/python3.12/site-packages/airflow/example_dags/tutorial_taskflow_templates.py
[2024-12-15T20:22:06.997+0000] {logging_mixin.py:190} INFO - [2024-12-15T20:22:06.997+0000] {dag.py:3239} INFO - Sync 1 DAGs
[2024-12-15T20:22:07.070+0000] {logging_mixin.py:190} INFO - [2024-12-15T20:22:07.070+0000] {dag.py:4180} INFO - Setting next_dagrun for tutorial_taskflow_templates to 2024-12-14 00:00:00+00:00, run_after=2024-12-15 00:00:00+00:00
[2024-12-15T20:22:07.113+0000] {processor.py:208} INFO - Processing /home/airflow/.local/lib/python3.12/site-packages/airflow/example_dags/tutorial_taskflow_templates.py took 0.237 seconds
[2024-12-15T20:22:37.315+0000] {processor.py:186} INFO - Started process (PID=653) to work on /home/airflow/.local/lib/python3.12/site-packages/airflow/example_dags/tutorial_taskflow_templates.py
[2024-12-15T20:22:37.317+0000] {processor.py:914} INFO - Processing file /home/airflow/.local/lib/python3.12/site-packages/airflow/example_dags/tutorial_taskflow_templates.py for tasks to queue
[2024-12-15T20:22:37.327+0000] {logging_mixin.py:190} INFO - [2024-12-15T20:22:37.320+0000] {dagbag.py:588} INFO - Filling up the DagBag from /home/airflow/.local/lib/python3.12/site-packages/airflow/example_dags/tutorial_taskflow_templates.py
[2024-12-15T20:22:37.450+0000] {processor.py:925} INFO - DAG(s) 'tutorial_taskflow_templates' retrieved from /home/airflow/.local/lib/python3.12/site-packages/airflow/example_dags/tutorial_taskflow_templates.py
[2024-12-15T20:22:37.919+0000] {logging_mixin.py:190} INFO - [2024-12-15T20:22:37.918+0000] {dag.py:3239} INFO - Sync 1 DAGs
[2024-12-15T20:22:38.010+0000] {logging_mixin.py:190} INFO - [2024-12-15T20:22:38.010+0000] {dag.py:4180} INFO - Setting next_dagrun for tutorial_taskflow_templates to 2024-12-14 00:00:00+00:00, run_after=2024-12-15 00:00:00+00:00
[2024-12-15T20:22:38.114+0000] {processor.py:208} INFO - Processing /home/airflow/.local/lib/python3.12/site-packages/airflow/example_dags/tutorial_taskflow_templates.py took 0.841 seconds
[2024-12-15T20:23:08.412+0000] {processor.py:186} INFO - Started process (PID=718) to work on /home/airflow/.local/lib/python3.12/site-packages/airflow/example_dags/tutorial_taskflow_templates.py
[2024-12-15T20:23:08.415+0000] {processor.py:914} INFO - Processing file /home/airflow/.local/lib/python3.12/site-packages/airflow/example_dags/tutorial_taskflow_templates.py for tasks to queue
[2024-12-15T20:23:08.418+0000] {logging_mixin.py:190} INFO - [2024-12-15T20:23:08.417+0000] {dagbag.py:588} INFO - Filling up the DagBag from /home/airflow/.local/lib/python3.12/site-packages/airflow/example_dags/tutorial_taskflow_templates.py
[2024-12-15T20:23:08.439+0000] {processor.py:925} INFO - DAG(s) 'tutorial_taskflow_templates' retrieved from /home/airflow/.local/lib/python3.12/site-packages/airflow/example_dags/tutorial_taskflow_templates.py
[2024-12-15T20:23:08.468+0000] {logging_mixin.py:190} INFO - [2024-12-15T20:23:08.467+0000] {dag.py:3239} INFO - Sync 1 DAGs
[2024-12-15T20:23:08.508+0000] {logging_mixin.py:190} INFO - [2024-12-15T20:23:08.507+0000] {dag.py:4180} INFO - Setting next_dagrun for tutorial_taskflow_templates to 2024-12-14 00:00:00+00:00, run_after=2024-12-15 00:00:00+00:00
[2024-12-15T20:23:08.530+0000] {processor.py:208} INFO - Processing /home/airflow/.local/lib/python3.12/site-packages/airflow/example_dags/tutorial_taskflow_templates.py took 0.138 seconds
[2024-12-15T20:23:38.960+0000] {processor.py:186} INFO - Started process (PID=783) to work on /home/airflow/.local/lib/python3.12/site-packages/airflow/example_dags/tutorial_taskflow_templates.py
[2024-12-15T20:23:38.964+0000] {processor.py:914} INFO - Processing file /home/airflow/.local/lib/python3.12/site-packages/airflow/example_dags/tutorial_taskflow_templates.py for tasks to queue
[2024-12-15T20:23:38.968+0000] {logging_mixin.py:190} INFO - [2024-12-15T20:23:38.967+0000] {dagbag.py:588} INFO - Filling up the DagBag from /home/airflow/.local/lib/python3.12/site-packages/airflow/example_dags/tutorial_taskflow_templates.py
[2024-12-15T20:23:39.022+0000] {processor.py:925} INFO - DAG(s) 'tutorial_taskflow_templates' retrieved from /home/airflow/.local/lib/python3.12/site-packages/airflow/example_dags/tutorial_taskflow_templates.py
[2024-12-15T20:23:39.077+0000] {logging_mixin.py:190} INFO - [2024-12-15T20:23:39.077+0000] {dag.py:3239} INFO - Sync 1 DAGs
[2024-12-15T20:23:39.146+0000] {logging_mixin.py:190} INFO - [2024-12-15T20:23:39.146+0000] {dag.py:4180} INFO - Setting next_dagrun for tutorial_taskflow_templates to 2024-12-14 00:00:00+00:00, run_after=2024-12-15 00:00:00+00:00
[2024-12-15T20:23:39.190+0000] {processor.py:208} INFO - Processing /home/airflow/.local/lib/python3.12/site-packages/airflow/example_dags/tutorial_taskflow_templates.py took 0.246 seconds
[2024-12-15T20:29:13.355+0000] {processor.py:186} INFO - Started process (PID=886) to work on /home/airflow/.local/lib/python3.12/site-packages/airflow/example_dags/tutorial_taskflow_templates.py
[2024-12-15T20:29:13.361+0000] {processor.py:914} INFO - Processing file /home/airflow/.local/lib/python3.12/site-packages/airflow/example_dags/tutorial_taskflow_templates.py for tasks to queue
[2024-12-15T20:29:13.369+0000] {logging_mixin.py:190} INFO - [2024-12-15T20:29:13.368+0000] {dagbag.py:588} INFO - Filling up the DagBag from /home/airflow/.local/lib/python3.12/site-packages/airflow/example_dags/tutorial_taskflow_templates.py
[2024-12-15T20:29:13.443+0000] {processor.py:925} INFO - DAG(s) 'tutorial_taskflow_templates' retrieved from /home/airflow/.local/lib/python3.12/site-packages/airflow/example_dags/tutorial_taskflow_templates.py
[2024-12-15T20:29:13.497+0000] {logging_mixin.py:190} INFO - [2024-12-15T20:29:13.496+0000] {dag.py:3239} INFO - Sync 1 DAGs
[2024-12-15T20:29:13.550+0000] {logging_mixin.py:190} INFO - [2024-12-15T20:29:13.550+0000] {dag.py:4180} INFO - Setting next_dagrun for tutorial_taskflow_templates to 2024-12-14 00:00:00+00:00, run_after=2024-12-15 00:00:00+00:00
[2024-12-15T20:29:13.592+0000] {processor.py:208} INFO - Processing /home/airflow/.local/lib/python3.12/site-packages/airflow/example_dags/tutorial_taskflow_templates.py took 0.260 seconds
[2024-12-15T20:30:26.310+0000] {processor.py:186} INFO - Started process (PID=955) to work on /home/airflow/.local/lib/python3.12/site-packages/airflow/example_dags/tutorial_taskflow_templates.py
[2024-12-15T20:30:26.321+0000] {processor.py:914} INFO - Processing file /home/airflow/.local/lib/python3.12/site-packages/airflow/example_dags/tutorial_taskflow_templates.py for tasks to queue
[2024-12-15T20:30:26.330+0000] {logging_mixin.py:190} INFO - [2024-12-15T20:30:26.326+0000] {dagbag.py:588} INFO - Filling up the DagBag from /home/airflow/.local/lib/python3.12/site-packages/airflow/example_dags/tutorial_taskflow_templates.py
[2024-12-15T20:30:26.389+0000] {processor.py:925} INFO - DAG(s) 'tutorial_taskflow_templates' retrieved from /home/airflow/.local/lib/python3.12/site-packages/airflow/example_dags/tutorial_taskflow_templates.py
[2024-12-15T20:30:26.469+0000] {logging_mixin.py:190} INFO - [2024-12-15T20:30:26.469+0000] {dag.py:3239} INFO - Sync 1 DAGs
[2024-12-15T20:30:26.575+0000] {logging_mixin.py:190} INFO - [2024-12-15T20:30:26.567+0000] {dag.py:4180} INFO - Setting next_dagrun for tutorial_taskflow_templates to 2024-12-14 00:00:00+00:00, run_after=2024-12-15 00:00:00+00:00
[2024-12-15T20:30:26.648+0000] {processor.py:208} INFO - Processing /home/airflow/.local/lib/python3.12/site-packages/airflow/example_dags/tutorial_taskflow_templates.py took 0.364 seconds
[2024-12-15T20:31:00.130+0000] {processor.py:186} INFO - Started process (PID=1021) to work on /home/airflow/.local/lib/python3.12/site-packages/airflow/example_dags/tutorial_taskflow_templates.py
[2024-12-15T20:31:00.139+0000] {processor.py:914} INFO - Processing file /home/airflow/.local/lib/python3.12/site-packages/airflow/example_dags/tutorial_taskflow_templates.py for tasks to queue
[2024-12-15T20:31:00.146+0000] {logging_mixin.py:190} INFO - [2024-12-15T20:31:00.145+0000] {dagbag.py:588} INFO - Filling up the DagBag from /home/airflow/.local/lib/python3.12/site-packages/airflow/example_dags/tutorial_taskflow_templates.py
[2024-12-15T20:31:00.231+0000] {processor.py:925} INFO - DAG(s) 'tutorial_taskflow_templates' retrieved from /home/airflow/.local/lib/python3.12/site-packages/airflow/example_dags/tutorial_taskflow_templates.py
[2024-12-15T20:31:00.347+0000] {logging_mixin.py:190} INFO - [2024-12-15T20:31:00.347+0000] {dag.py:3239} INFO - Sync 1 DAGs
[2024-12-15T20:31:00.642+0000] {logging_mixin.py:190} INFO - [2024-12-15T20:31:00.641+0000] {dag.py:4180} INFO - Setting next_dagrun for tutorial_taskflow_templates to 2024-12-14 00:00:00+00:00, run_after=2024-12-15 00:00:00+00:00
[2024-12-15T20:31:00.715+0000] {processor.py:208} INFO - Processing /home/airflow/.local/lib/python3.12/site-packages/airflow/example_dags/tutorial_taskflow_templates.py took 0.627 seconds
[2024-12-15T20:31:32.028+0000] {processor.py:186} INFO - Started process (PID=1086) to work on /home/airflow/.local/lib/python3.12/site-packages/airflow/example_dags/tutorial_taskflow_templates.py
[2024-12-15T20:31:32.034+0000] {processor.py:914} INFO - Processing file /home/airflow/.local/lib/python3.12/site-packages/airflow/example_dags/tutorial_taskflow_templates.py for tasks to queue
[2024-12-15T20:31:32.040+0000] {logging_mixin.py:190} INFO - [2024-12-15T20:31:32.039+0000] {dagbag.py:588} INFO - Filling up the DagBag from /home/airflow/.local/lib/python3.12/site-packages/airflow/example_dags/tutorial_taskflow_templates.py
[2024-12-15T20:31:32.081+0000] {processor.py:925} INFO - DAG(s) 'tutorial_taskflow_templates' retrieved from /home/airflow/.local/lib/python3.12/site-packages/airflow/example_dags/tutorial_taskflow_templates.py
[2024-12-15T20:31:32.219+0000] {logging_mixin.py:190} INFO - [2024-12-15T20:31:32.213+0000] {dag.py:3239} INFO - Sync 1 DAGs
[2024-12-15T20:31:32.374+0000] {logging_mixin.py:190} INFO - [2024-12-15T20:31:32.374+0000] {dag.py:4180} INFO - Setting next_dagrun for tutorial_taskflow_templates to 2024-12-14 00:00:00+00:00, run_after=2024-12-15 00:00:00+00:00
[2024-12-15T20:31:32.525+0000] {processor.py:208} INFO - Processing /home/airflow/.local/lib/python3.12/site-packages/airflow/example_dags/tutorial_taskflow_templates.py took 0.510 seconds
[2024-12-15T20:33:04.446+0000] {processor.py:186} INFO - Started process (PID=1145) to work on /home/airflow/.local/lib/python3.12/site-packages/airflow/example_dags/tutorial_taskflow_templates.py
[2024-12-15T20:33:04.455+0000] {processor.py:914} INFO - Processing file /home/airflow/.local/lib/python3.12/site-packages/airflow/example_dags/tutorial_taskflow_templates.py for tasks to queue
[2024-12-15T20:33:04.472+0000] {logging_mixin.py:190} INFO - [2024-12-15T20:33:04.467+0000] {dagbag.py:588} INFO - Filling up the DagBag from /home/airflow/.local/lib/python3.12/site-packages/airflow/example_dags/tutorial_taskflow_templates.py
[2024-12-15T20:33:04.597+0000] {processor.py:925} INFO - DAG(s) 'tutorial_taskflow_templates' retrieved from /home/airflow/.local/lib/python3.12/site-packages/airflow/example_dags/tutorial_taskflow_templates.py
[2024-12-15T20:33:04.853+0000] {logging_mixin.py:190} INFO - [2024-12-15T20:33:04.853+0000] {dag.py:3239} INFO - Sync 1 DAGs
[2024-12-15T20:33:05.122+0000] {logging_mixin.py:190} INFO - [2024-12-15T20:33:05.122+0000] {dag.py:4180} INFO - Setting next_dagrun for tutorial_taskflow_templates to 2024-12-14 00:00:00+00:00, run_after=2024-12-15 00:00:00+00:00
[2024-12-15T20:33:05.407+0000] {processor.py:208} INFO - Processing /home/airflow/.local/lib/python3.12/site-packages/airflow/example_dags/tutorial_taskflow_templates.py took 1.014 seconds
[2024-12-15T20:33:36.329+0000] {processor.py:186} INFO - Started process (PID=1211) to work on /home/airflow/.local/lib/python3.12/site-packages/airflow/example_dags/tutorial_taskflow_templates.py
[2024-12-15T20:33:36.338+0000] {processor.py:914} INFO - Processing file /home/airflow/.local/lib/python3.12/site-packages/airflow/example_dags/tutorial_taskflow_templates.py for tasks to queue
[2024-12-15T20:33:36.353+0000] {logging_mixin.py:190} INFO - [2024-12-15T20:33:36.349+0000] {dagbag.py:588} INFO - Filling up the DagBag from /home/airflow/.local/lib/python3.12/site-packages/airflow/example_dags/tutorial_taskflow_templates.py
[2024-12-15T20:33:36.456+0000] {processor.py:925} INFO - DAG(s) 'tutorial_taskflow_templates' retrieved from /home/airflow/.local/lib/python3.12/site-packages/airflow/example_dags/tutorial_taskflow_templates.py
[2024-12-15T20:33:36.559+0000] {logging_mixin.py:190} INFO - [2024-12-15T20:33:36.549+0000] {dag.py:3239} INFO - Sync 1 DAGs
[2024-12-15T20:33:36.619+0000] {logging_mixin.py:190} INFO - [2024-12-15T20:33:36.619+0000] {dag.py:4180} INFO - Setting next_dagrun for tutorial_taskflow_templates to 2024-12-14 00:00:00+00:00, run_after=2024-12-15 00:00:00+00:00
[2024-12-15T20:33:36.675+0000] {processor.py:208} INFO - Processing /home/airflow/.local/lib/python3.12/site-packages/airflow/example_dags/tutorial_taskflow_templates.py took 0.391 seconds
[2024-12-15T20:34:07.517+0000] {processor.py:186} INFO - Started process (PID=1276) to work on /home/airflow/.local/lib/python3.12/site-packages/airflow/example_dags/tutorial_taskflow_templates.py
[2024-12-15T20:34:07.525+0000] {processor.py:914} INFO - Processing file /home/airflow/.local/lib/python3.12/site-packages/airflow/example_dags/tutorial_taskflow_templates.py for tasks to queue
[2024-12-15T20:34:07.540+0000] {logging_mixin.py:190} INFO - [2024-12-15T20:34:07.537+0000] {dagbag.py:588} INFO - Filling up the DagBag from /home/airflow/.local/lib/python3.12/site-packages/airflow/example_dags/tutorial_taskflow_templates.py
[2024-12-15T20:34:07.614+0000] {processor.py:925} INFO - DAG(s) 'tutorial_taskflow_templates' retrieved from /home/airflow/.local/lib/python3.12/site-packages/airflow/example_dags/tutorial_taskflow_templates.py
[2024-12-15T20:34:07.679+0000] {logging_mixin.py:190} INFO - [2024-12-15T20:34:07.678+0000] {dag.py:3239} INFO - Sync 1 DAGs
[2024-12-15T20:34:07.761+0000] {logging_mixin.py:190} INFO - [2024-12-15T20:34:07.760+0000] {dag.py:4180} INFO - Setting next_dagrun for tutorial_taskflow_templates to 2024-12-14 00:00:00+00:00, run_after=2024-12-15 00:00:00+00:00
[2024-12-15T20:34:07.826+0000] {processor.py:208} INFO - Processing /home/airflow/.local/lib/python3.12/site-packages/airflow/example_dags/tutorial_taskflow_templates.py took 0.351 seconds
[2024-12-15T20:34:38.521+0000] {processor.py:186} INFO - Started process (PID=1342) to work on /home/airflow/.local/lib/python3.12/site-packages/airflow/example_dags/tutorial_taskflow_templates.py
[2024-12-15T20:34:38.524+0000] {processor.py:914} INFO - Processing file /home/airflow/.local/lib/python3.12/site-packages/airflow/example_dags/tutorial_taskflow_templates.py for tasks to queue
[2024-12-15T20:34:38.530+0000] {logging_mixin.py:190} INFO - [2024-12-15T20:34:38.529+0000] {dagbag.py:588} INFO - Filling up the DagBag from /home/airflow/.local/lib/python3.12/site-packages/airflow/example_dags/tutorial_taskflow_templates.py
[2024-12-15T20:34:38.579+0000] {processor.py:925} INFO - DAG(s) 'tutorial_taskflow_templates' retrieved from /home/airflow/.local/lib/python3.12/site-packages/airflow/example_dags/tutorial_taskflow_templates.py
[2024-12-15T20:34:38.609+0000] {logging_mixin.py:190} INFO - [2024-12-15T20:34:38.609+0000] {dag.py:3239} INFO - Sync 1 DAGs
[2024-12-15T20:34:38.653+0000] {logging_mixin.py:190} INFO - [2024-12-15T20:34:38.653+0000] {dag.py:4180} INFO - Setting next_dagrun for tutorial_taskflow_templates to 2024-12-14 00:00:00+00:00, run_after=2024-12-15 00:00:00+00:00
[2024-12-15T20:34:38.689+0000] {processor.py:208} INFO - Processing /home/airflow/.local/lib/python3.12/site-packages/airflow/example_dags/tutorial_taskflow_templates.py took 0.191 seconds
[2024-12-15T20:35:10.130+0000] {processor.py:186} INFO - Started process (PID=1406) to work on /home/airflow/.local/lib/python3.12/site-packages/airflow/example_dags/tutorial_taskflow_templates.py
[2024-12-15T20:35:10.133+0000] {processor.py:914} INFO - Processing file /home/airflow/.local/lib/python3.12/site-packages/airflow/example_dags/tutorial_taskflow_templates.py for tasks to queue
[2024-12-15T20:35:10.139+0000] {logging_mixin.py:190} INFO - [2024-12-15T20:35:10.137+0000] {dagbag.py:588} INFO - Filling up the DagBag from /home/airflow/.local/lib/python3.12/site-packages/airflow/example_dags/tutorial_taskflow_templates.py
[2024-12-15T20:35:10.184+0000] {processor.py:925} INFO - DAG(s) 'tutorial_taskflow_templates' retrieved from /home/airflow/.local/lib/python3.12/site-packages/airflow/example_dags/tutorial_taskflow_templates.py
[2024-12-15T20:35:10.250+0000] {logging_mixin.py:190} INFO - [2024-12-15T20:35:10.249+0000] {dag.py:3239} INFO - Sync 1 DAGs
[2024-12-15T20:35:10.346+0000] {logging_mixin.py:190} INFO - [2024-12-15T20:35:10.346+0000] {dag.py:4180} INFO - Setting next_dagrun for tutorial_taskflow_templates to 2024-12-14 00:00:00+00:00, run_after=2024-12-15 00:00:00+00:00
[2024-12-15T20:35:10.411+0000] {processor.py:208} INFO - Processing /home/airflow/.local/lib/python3.12/site-packages/airflow/example_dags/tutorial_taskflow_templates.py took 0.303 seconds
[2024-12-15T20:35:56.862+0000] {processor.py:186} INFO - Started process (PID=1477) to work on /home/airflow/.local/lib/python3.12/site-packages/airflow/example_dags/tutorial_taskflow_templates.py
[2024-12-15T20:35:56.864+0000] {processor.py:914} INFO - Processing file /home/airflow/.local/lib/python3.12/site-packages/airflow/example_dags/tutorial_taskflow_templates.py for tasks to queue
[2024-12-15T20:35:56.867+0000] {logging_mixin.py:190} INFO - [2024-12-15T20:35:56.866+0000] {dagbag.py:588} INFO - Filling up the DagBag from /home/airflow/.local/lib/python3.12/site-packages/airflow/example_dags/tutorial_taskflow_templates.py
[2024-12-15T20:35:56.894+0000] {processor.py:925} INFO - DAG(s) 'tutorial_taskflow_templates' retrieved from /home/airflow/.local/lib/python3.12/site-packages/airflow/example_dags/tutorial_taskflow_templates.py
[2024-12-15T20:35:56.924+0000] {logging_mixin.py:190} INFO - [2024-12-15T20:35:56.924+0000] {dag.py:3239} INFO - Sync 1 DAGs
[2024-12-15T20:35:56.953+0000] {logging_mixin.py:190} INFO - [2024-12-15T20:35:56.953+0000] {dag.py:4180} INFO - Setting next_dagrun for tutorial_taskflow_templates to 2024-12-14 00:00:00+00:00, run_after=2024-12-15 00:00:00+00:00
[2024-12-15T20:35:56.983+0000] {processor.py:208} INFO - Processing /home/airflow/.local/lib/python3.12/site-packages/airflow/example_dags/tutorial_taskflow_templates.py took 0.131 seconds
[2024-12-15T20:36:28.391+0000] {processor.py:186} INFO - Started process (PID=1543) to work on /home/airflow/.local/lib/python3.12/site-packages/airflow/example_dags/tutorial_taskflow_templates.py
[2024-12-15T20:36:28.394+0000] {processor.py:914} INFO - Processing file /home/airflow/.local/lib/python3.12/site-packages/airflow/example_dags/tutorial_taskflow_templates.py for tasks to queue
[2024-12-15T20:36:28.397+0000] {logging_mixin.py:190} INFO - [2024-12-15T20:36:28.396+0000] {dagbag.py:588} INFO - Filling up the DagBag from /home/airflow/.local/lib/python3.12/site-packages/airflow/example_dags/tutorial_taskflow_templates.py
[2024-12-15T20:36:28.422+0000] {processor.py:925} INFO - DAG(s) 'tutorial_taskflow_templates' retrieved from /home/airflow/.local/lib/python3.12/site-packages/airflow/example_dags/tutorial_taskflow_templates.py
[2024-12-15T20:36:28.467+0000] {logging_mixin.py:190} INFO - [2024-12-15T20:36:28.467+0000] {dag.py:3239} INFO - Sync 1 DAGs
[2024-12-15T20:36:28.504+0000] {logging_mixin.py:190} INFO - [2024-12-15T20:36:28.504+0000] {dag.py:4180} INFO - Setting next_dagrun for tutorial_taskflow_templates to 2024-12-14 00:00:00+00:00, run_after=2024-12-15 00:00:00+00:00
[2024-12-15T20:36:28.524+0000] {processor.py:208} INFO - Processing /home/airflow/.local/lib/python3.12/site-packages/airflow/example_dags/tutorial_taskflow_templates.py took 0.144 seconds
[2024-12-15T20:37:01.279+0000] {processor.py:186} INFO - Started process (PID=1609) to work on /home/airflow/.local/lib/python3.12/site-packages/airflow/example_dags/tutorial_taskflow_templates.py
[2024-12-15T20:37:01.286+0000] {processor.py:914} INFO - Processing file /home/airflow/.local/lib/python3.12/site-packages/airflow/example_dags/tutorial_taskflow_templates.py for tasks to queue
[2024-12-15T20:37:01.290+0000] {logging_mixin.py:190} INFO - [2024-12-15T20:37:01.289+0000] {dagbag.py:588} INFO - Filling up the DagBag from /home/airflow/.local/lib/python3.12/site-packages/airflow/example_dags/tutorial_taskflow_templates.py
[2024-12-15T20:37:01.329+0000] {processor.py:925} INFO - DAG(s) 'tutorial_taskflow_templates' retrieved from /home/airflow/.local/lib/python3.12/site-packages/airflow/example_dags/tutorial_taskflow_templates.py
[2024-12-15T20:37:01.375+0000] {logging_mixin.py:190} INFO - [2024-12-15T20:37:01.375+0000] {dag.py:3239} INFO - Sync 1 DAGs
[2024-12-15T20:37:01.412+0000] {logging_mixin.py:190} INFO - [2024-12-15T20:37:01.411+0000] {dag.py:4180} INFO - Setting next_dagrun for tutorial_taskflow_templates to 2024-12-14 00:00:00+00:00, run_after=2024-12-15 00:00:00+00:00
[2024-12-15T20:37:01.472+0000] {processor.py:208} INFO - Processing /home/airflow/.local/lib/python3.12/site-packages/airflow/example_dags/tutorial_taskflow_templates.py took 0.204 seconds
[2024-12-15T20:37:33.612+0000] {processor.py:186} INFO - Started process (PID=1674) to work on /home/airflow/.local/lib/python3.12/site-packages/airflow/example_dags/tutorial_taskflow_templates.py
[2024-12-15T20:37:33.615+0000] {processor.py:914} INFO - Processing file /home/airflow/.local/lib/python3.12/site-packages/airflow/example_dags/tutorial_taskflow_templates.py for tasks to queue
[2024-12-15T20:37:33.618+0000] {logging_mixin.py:190} INFO - [2024-12-15T20:37:33.617+0000] {dagbag.py:588} INFO - Filling up the DagBag from /home/airflow/.local/lib/python3.12/site-packages/airflow/example_dags/tutorial_taskflow_templates.py
[2024-12-15T20:37:33.657+0000] {processor.py:925} INFO - DAG(s) 'tutorial_taskflow_templates' retrieved from /home/airflow/.local/lib/python3.12/site-packages/airflow/example_dags/tutorial_taskflow_templates.py
[2024-12-15T20:37:33.708+0000] {logging_mixin.py:190} INFO - [2024-12-15T20:37:33.708+0000] {dag.py:3239} INFO - Sync 1 DAGs
[2024-12-15T20:37:33.803+0000] {logging_mixin.py:190} INFO - [2024-12-15T20:37:33.803+0000] {dag.py:4180} INFO - Setting next_dagrun for tutorial_taskflow_templates to 2024-12-14 00:00:00+00:00, run_after=2024-12-15 00:00:00+00:00
[2024-12-15T20:37:33.873+0000] {processor.py:208} INFO - Processing /home/airflow/.local/lib/python3.12/site-packages/airflow/example_dags/tutorial_taskflow_templates.py took 0.277 seconds
[2024-12-15T20:38:19.874+0000] {processor.py:186} INFO - Started process (PID=1747) to work on /home/airflow/.local/lib/python3.12/site-packages/airflow/example_dags/tutorial_taskflow_templates.py
[2024-12-15T20:38:19.876+0000] {processor.py:914} INFO - Processing file /home/airflow/.local/lib/python3.12/site-packages/airflow/example_dags/tutorial_taskflow_templates.py for tasks to queue
[2024-12-15T20:38:19.879+0000] {logging_mixin.py:190} INFO - [2024-12-15T20:38:19.878+0000] {dagbag.py:588} INFO - Filling up the DagBag from /home/airflow/.local/lib/python3.12/site-packages/airflow/example_dags/tutorial_taskflow_templates.py
[2024-12-15T20:38:19.910+0000] {processor.py:925} INFO - DAG(s) 'tutorial_taskflow_templates' retrieved from /home/airflow/.local/lib/python3.12/site-packages/airflow/example_dags/tutorial_taskflow_templates.py
[2024-12-15T20:38:19.950+0000] {logging_mixin.py:190} INFO - [2024-12-15T20:38:19.950+0000] {dag.py:3239} INFO - Sync 1 DAGs
[2024-12-15T20:38:19.978+0000] {logging_mixin.py:190} INFO - [2024-12-15T20:38:19.978+0000] {dag.py:4180} INFO - Setting next_dagrun for tutorial_taskflow_templates to 2024-12-14 00:00:00+00:00, run_after=2024-12-15 00:00:00+00:00
[2024-12-15T20:38:20.001+0000] {processor.py:208} INFO - Processing /home/airflow/.local/lib/python3.12/site-packages/airflow/example_dags/tutorial_taskflow_templates.py took 0.139 seconds
[2024-12-15T20:41:08.404+0000] {processor.py:186} INFO - Started process (PID=1834) to work on /home/airflow/.local/lib/python3.12/site-packages/airflow/example_dags/tutorial_taskflow_templates.py
[2024-12-15T20:41:08.411+0000] {processor.py:914} INFO - Processing file /home/airflow/.local/lib/python3.12/site-packages/airflow/example_dags/tutorial_taskflow_templates.py for tasks to queue
[2024-12-15T20:41:08.415+0000] {logging_mixin.py:190} INFO - [2024-12-15T20:41:08.414+0000] {dagbag.py:588} INFO - Filling up the DagBag from /home/airflow/.local/lib/python3.12/site-packages/airflow/example_dags/tutorial_taskflow_templates.py
[2024-12-15T20:41:08.929+0000] {processor.py:925} INFO - DAG(s) 'tutorial_taskflow_templates' retrieved from /home/airflow/.local/lib/python3.12/site-packages/airflow/example_dags/tutorial_taskflow_templates.py
[2024-12-15T20:41:09.650+0000] {logging_mixin.py:190} INFO - [2024-12-15T20:41:09.650+0000] {dag.py:3239} INFO - Sync 1 DAGs
[2024-12-15T20:41:09.875+0000] {logging_mixin.py:190} INFO - [2024-12-15T20:41:09.875+0000] {dag.py:4180} INFO - Setting next_dagrun for tutorial_taskflow_templates to 2024-12-14 00:00:00+00:00, run_after=2024-12-15 00:00:00+00:00
[2024-12-15T20:41:10.072+0000] {processor.py:208} INFO - Processing /home/airflow/.local/lib/python3.12/site-packages/airflow/example_dags/tutorial_taskflow_templates.py took 1.717 seconds
[2024-12-15T20:41:40.639+0000] {processor.py:186} INFO - Started process (PID=1900) to work on /home/airflow/.local/lib/python3.12/site-packages/airflow/example_dags/tutorial_taskflow_templates.py
[2024-12-15T20:41:40.642+0000] {processor.py:914} INFO - Processing file /home/airflow/.local/lib/python3.12/site-packages/airflow/example_dags/tutorial_taskflow_templates.py for tasks to queue
[2024-12-15T20:41:40.645+0000] {logging_mixin.py:190} INFO - [2024-12-15T20:41:40.644+0000] {dagbag.py:588} INFO - Filling up the DagBag from /home/airflow/.local/lib/python3.12/site-packages/airflow/example_dags/tutorial_taskflow_templates.py
[2024-12-15T20:41:40.676+0000] {processor.py:925} INFO - DAG(s) 'tutorial_taskflow_templates' retrieved from /home/airflow/.local/lib/python3.12/site-packages/airflow/example_dags/tutorial_taskflow_templates.py
[2024-12-15T20:41:40.770+0000] {logging_mixin.py:190} INFO - [2024-12-15T20:41:40.768+0000] {dag.py:3239} INFO - Sync 1 DAGs
[2024-12-15T20:41:40.885+0000] {logging_mixin.py:190} INFO - [2024-12-15T20:41:40.885+0000] {dag.py:4180} INFO - Setting next_dagrun for tutorial_taskflow_templates to 2024-12-14 00:00:00+00:00, run_after=2024-12-15 00:00:00+00:00
[2024-12-15T20:41:40.920+0000] {processor.py:208} INFO - Processing /home/airflow/.local/lib/python3.12/site-packages/airflow/example_dags/tutorial_taskflow_templates.py took 0.296 seconds
[2024-12-15T20:42:11.960+0000] {processor.py:186} INFO - Started process (PID=1964) to work on /home/airflow/.local/lib/python3.12/site-packages/airflow/example_dags/tutorial_taskflow_templates.py
[2024-12-15T20:42:11.963+0000] {processor.py:914} INFO - Processing file /home/airflow/.local/lib/python3.12/site-packages/airflow/example_dags/tutorial_taskflow_templates.py for tasks to queue
[2024-12-15T20:42:11.966+0000] {logging_mixin.py:190} INFO - [2024-12-15T20:42:11.965+0000] {dagbag.py:588} INFO - Filling up the DagBag from /home/airflow/.local/lib/python3.12/site-packages/airflow/example_dags/tutorial_taskflow_templates.py
[2024-12-15T20:42:11.990+0000] {processor.py:925} INFO - DAG(s) 'tutorial_taskflow_templates' retrieved from /home/airflow/.local/lib/python3.12/site-packages/airflow/example_dags/tutorial_taskflow_templates.py
[2024-12-15T20:42:12.021+0000] {logging_mixin.py:190} INFO - [2024-12-15T20:42:12.021+0000] {dag.py:3239} INFO - Sync 1 DAGs
[2024-12-15T20:42:12.051+0000] {logging_mixin.py:190} INFO - [2024-12-15T20:42:12.050+0000] {dag.py:4180} INFO - Setting next_dagrun for tutorial_taskflow_templates to 2024-12-14 00:00:00+00:00, run_after=2024-12-15 00:00:00+00:00
[2024-12-15T20:42:12.071+0000] {processor.py:208} INFO - Processing /home/airflow/.local/lib/python3.12/site-packages/airflow/example_dags/tutorial_taskflow_templates.py took 0.120 seconds
