[2024-12-15T19:39:34.307+0000] {processor.py:186} INFO - Started process (PID=45) to work on /opt/airflow/dags/movielens_recommender_pipeline.py
[2024-12-15T19:39:34.310+0000] {processor.py:914} INFO - Processing file /opt/airflow/dags/movielens_recommender_pipeline.py for tasks to queue
[2024-12-15T19:39:34.318+0000] {logging_mixin.py:190} INFO - [2024-12-15T19:39:34.318+0000] {dagbag.py:588} INFO - Filling up the DagBag from /opt/airflow/dags/movielens_recommender_pipeline.py
[2024-12-15T19:39:39.410+0000] {processor.py:925} INFO - DAG(s) 'movielens_recommender_pipeline' retrieved from /opt/airflow/dags/movielens_recommender_pipeline.py
[2024-12-15T19:39:40.674+0000] {logging_mixin.py:190} INFO - [2024-12-15T19:39:40.671+0000] {override.py:1911} INFO - Created Permission View: can delete on DAG:movielens_recommender_pipeline
[2024-12-15T19:39:40.737+0000] {logging_mixin.py:190} INFO - [2024-12-15T19:39:40.737+0000] {override.py:1911} INFO - Created Permission View: can read on DAG:movielens_recommender_pipeline
[2024-12-15T19:39:40.810+0000] {logging_mixin.py:190} INFO - [2024-12-15T19:39:40.802+0000] {override.py:1911} INFO - Created Permission View: can edit on DAG:movielens_recommender_pipeline
[2024-12-15T19:39:40.849+0000] {logging_mixin.py:190} INFO - [2024-12-15T19:39:40.849+0000] {override.py:1911} INFO - Created Permission View: menu access on DAG Run:movielens_recommender_pipeline
[2024-12-15T19:39:40.889+0000] {logging_mixin.py:190} INFO - [2024-12-15T19:39:40.889+0000] {override.py:1911} INFO - Created Permission View: can delete on DAG Run:movielens_recommender_pipeline
[2024-12-15T19:39:40.937+0000] {logging_mixin.py:190} INFO - [2024-12-15T19:39:40.937+0000] {override.py:1911} INFO - Created Permission View: can create on DAG Run:movielens_recommender_pipeline
[2024-12-15T19:39:40.978+0000] {logging_mixin.py:190} INFO - [2024-12-15T19:39:40.973+0000] {override.py:1911} INFO - Created Permission View: can read on DAG Run:movielens_recommender_pipeline
[2024-12-15T19:39:40.985+0000] {logging_mixin.py:190} INFO - [2024-12-15T19:39:40.982+0000] {dag.py:3239} INFO - Sync 1 DAGs
[2024-12-15T19:39:41.059+0000] {logging_mixin.py:190} INFO - [2024-12-15T19:39:41.054+0000] {dag.py:3262} INFO - Creating ORM DAG for movielens_recommender_pipeline
[2024-12-15T19:39:41.067+0000] {logging_mixin.py:190} INFO - [2024-12-15T19:39:41.065+0000] {dag.py:4180} INFO - Setting next_dagrun for movielens_recommender_pipeline to None, run_after=None
[2024-12-15T19:39:41.156+0000] {processor.py:208} INFO - Processing /opt/airflow/dags/movielens_recommender_pipeline.py took 6.870 seconds
[2024-12-15T19:41:01.868+0000] {processor.py:186} INFO - Started process (PID=117) to work on /opt/airflow/dags/movielens_recommender_pipeline.py
[2024-12-15T19:41:01.893+0000] {processor.py:914} INFO - Processing file /opt/airflow/dags/movielens_recommender_pipeline.py for tasks to queue
[2024-12-15T19:41:01.906+0000] {logging_mixin.py:190} INFO - [2024-12-15T19:41:01.905+0000] {dagbag.py:588} INFO - Filling up the DagBag from /opt/airflow/dags/movielens_recommender_pipeline.py
[2024-12-15T19:41:03.915+0000] {processor.py:925} INFO - DAG(s) 'movielens_recommender_pipeline' retrieved from /opt/airflow/dags/movielens_recommender_pipeline.py
[2024-12-15T19:41:03.965+0000] {logging_mixin.py:190} INFO - [2024-12-15T19:41:03.964+0000] {dag.py:3239} INFO - Sync 1 DAGs
[2024-12-15T19:41:03.998+0000] {logging_mixin.py:190} INFO - [2024-12-15T19:41:03.997+0000] {dag.py:4180} INFO - Setting next_dagrun for movielens_recommender_pipeline to None, run_after=None
[2024-12-15T19:41:04.038+0000] {processor.py:208} INFO - Processing /opt/airflow/dags/movielens_recommender_pipeline.py took 2.197 seconds
[2024-12-15T19:41:34.704+0000] {processor.py:186} INFO - Started process (PID=185) to work on /opt/airflow/dags/movielens_recommender_pipeline.py
[2024-12-15T19:41:34.712+0000] {processor.py:914} INFO - Processing file /opt/airflow/dags/movielens_recommender_pipeline.py for tasks to queue
[2024-12-15T19:41:34.722+0000] {logging_mixin.py:190} INFO - [2024-12-15T19:41:34.721+0000] {dagbag.py:588} INFO - Filling up the DagBag from /opt/airflow/dags/movielens_recommender_pipeline.py
[2024-12-15T19:41:35.709+0000] {processor.py:925} INFO - DAG(s) 'movielens_recommender_pipeline' retrieved from /opt/airflow/dags/movielens_recommender_pipeline.py
[2024-12-15T19:41:35.743+0000] {logging_mixin.py:190} INFO - [2024-12-15T19:41:35.742+0000] {dag.py:3239} INFO - Sync 1 DAGs
[2024-12-15T19:41:35.769+0000] {logging_mixin.py:190} INFO - [2024-12-15T19:41:35.769+0000] {dag.py:4180} INFO - Setting next_dagrun for movielens_recommender_pipeline to None, run_after=None
[2024-12-15T19:41:35.818+0000] {processor.py:208} INFO - Processing /opt/airflow/dags/movielens_recommender_pipeline.py took 1.139 seconds
[2024-12-15T19:42:24.462+0000] {processor.py:186} INFO - Started process (PID=230) to work on /opt/airflow/dags/movielens_recommender_pipeline.py
[2024-12-15T19:42:24.472+0000] {processor.py:914} INFO - Processing file /opt/airflow/dags/movielens_recommender_pipeline.py for tasks to queue
[2024-12-15T19:42:24.494+0000] {logging_mixin.py:190} INFO - [2024-12-15T19:42:24.493+0000] {dagbag.py:588} INFO - Filling up the DagBag from /opt/airflow/dags/movielens_recommender_pipeline.py
[2024-12-15T19:42:26.490+0000] {processor.py:925} INFO - DAG(s) 'movielens_recommender_pipeline' retrieved from /opt/airflow/dags/movielens_recommender_pipeline.py
[2024-12-15T19:42:26.534+0000] {logging_mixin.py:190} INFO - [2024-12-15T19:42:26.532+0000] {dag.py:3239} INFO - Sync 1 DAGs
[2024-12-15T19:42:26.560+0000] {logging_mixin.py:190} INFO - [2024-12-15T19:42:26.560+0000] {dag.py:4180} INFO - Setting next_dagrun for movielens_recommender_pipeline to None, run_after=None
[2024-12-15T19:42:26.586+0000] {processor.py:208} INFO - Processing /opt/airflow/dags/movielens_recommender_pipeline.py took 2.168 seconds
[2024-12-15T19:42:56.741+0000] {processor.py:186} INFO - Started process (PID=299) to work on /opt/airflow/dags/movielens_recommender_pipeline.py
[2024-12-15T19:42:56.744+0000] {processor.py:914} INFO - Processing file /opt/airflow/dags/movielens_recommender_pipeline.py for tasks to queue
[2024-12-15T19:42:56.752+0000] {logging_mixin.py:190} INFO - [2024-12-15T19:42:56.752+0000] {dagbag.py:588} INFO - Filling up the DagBag from /opt/airflow/dags/movielens_recommender_pipeline.py
[2024-12-15T19:42:57.536+0000] {processor.py:925} INFO - DAG(s) 'movielens_recommender_pipeline' retrieved from /opt/airflow/dags/movielens_recommender_pipeline.py
[2024-12-15T19:42:57.591+0000] {logging_mixin.py:190} INFO - [2024-12-15T19:42:57.591+0000] {dag.py:3239} INFO - Sync 1 DAGs
[2024-12-15T19:42:57.620+0000] {logging_mixin.py:190} INFO - [2024-12-15T19:42:57.620+0000] {dag.py:4180} INFO - Setting next_dagrun for movielens_recommender_pipeline to None, run_after=None
[2024-12-15T19:42:57.916+0000] {processor.py:208} INFO - Processing /opt/airflow/dags/movielens_recommender_pipeline.py took 1.190 seconds
[2024-12-15T19:43:28.015+0000] {processor.py:186} INFO - Started process (PID=362) to work on /opt/airflow/dags/movielens_recommender_pipeline.py
[2024-12-15T19:43:28.017+0000] {processor.py:914} INFO - Processing file /opt/airflow/dags/movielens_recommender_pipeline.py for tasks to queue
[2024-12-15T19:43:28.021+0000] {logging_mixin.py:190} INFO - [2024-12-15T19:43:28.020+0000] {dagbag.py:588} INFO - Filling up the DagBag from /opt/airflow/dags/movielens_recommender_pipeline.py
[2024-12-15T19:43:28.514+0000] {processor.py:925} INFO - DAG(s) 'movielens_recommender_pipeline' retrieved from /opt/airflow/dags/movielens_recommender_pipeline.py
[2024-12-15T19:43:28.551+0000] {logging_mixin.py:190} INFO - [2024-12-15T19:43:28.551+0000] {dag.py:3239} INFO - Sync 1 DAGs
[2024-12-15T19:43:28.579+0000] {logging_mixin.py:190} INFO - [2024-12-15T19:43:28.579+0000] {dag.py:4180} INFO - Setting next_dagrun for movielens_recommender_pipeline to None, run_after=None
[2024-12-15T19:43:28.917+0000] {processor.py:208} INFO - Processing /opt/airflow/dags/movielens_recommender_pipeline.py took 0.913 seconds
[2024-12-15T19:44:00.575+0000] {processor.py:186} INFO - Started process (PID=426) to work on /opt/airflow/dags/movielens_recommender_pipeline.py
[2024-12-15T19:44:00.579+0000] {processor.py:914} INFO - Processing file /opt/airflow/dags/movielens_recommender_pipeline.py for tasks to queue
[2024-12-15T19:44:00.595+0000] {logging_mixin.py:190} INFO - [2024-12-15T19:44:00.593+0000] {dagbag.py:588} INFO - Filling up the DagBag from /opt/airflow/dags/movielens_recommender_pipeline.py
[2024-12-15T19:44:02.962+0000] {processor.py:925} INFO - DAG(s) 'movielens_recommender_pipeline' retrieved from /opt/airflow/dags/movielens_recommender_pipeline.py
[2024-12-15T19:44:03.089+0000] {logging_mixin.py:190} INFO - [2024-12-15T19:44:03.088+0000] {dag.py:3239} INFO - Sync 1 DAGs
[2024-12-15T19:44:03.180+0000] {logging_mixin.py:190} INFO - [2024-12-15T19:44:03.180+0000] {dag.py:4180} INFO - Setting next_dagrun for movielens_recommender_pipeline to None, run_after=None
[2024-12-15T19:44:03.290+0000] {processor.py:208} INFO - Processing /opt/airflow/dags/movielens_recommender_pipeline.py took 2.736 seconds
[2024-12-15T19:45:11.703+0000] {processor.py:186} INFO - Started process (PID=491) to work on /opt/airflow/dags/movielens_recommender_pipeline.py
[2024-12-15T19:45:11.709+0000] {processor.py:914} INFO - Processing file /opt/airflow/dags/movielens_recommender_pipeline.py for tasks to queue
[2024-12-15T19:45:11.747+0000] {logging_mixin.py:190} INFO - [2024-12-15T19:45:11.729+0000] {dagbag.py:588} INFO - Filling up the DagBag from /opt/airflow/dags/movielens_recommender_pipeline.py
[2024-12-15T19:45:19.621+0000] {processor.py:925} INFO - DAG(s) 'movielens_recommender_pipeline' retrieved from /opt/airflow/dags/movielens_recommender_pipeline.py
[2024-12-15T19:45:19.788+0000] {logging_mixin.py:190} INFO - [2024-12-15T19:45:19.788+0000] {dag.py:3239} INFO - Sync 1 DAGs
[2024-12-15T19:45:19.860+0000] {logging_mixin.py:190} INFO - [2024-12-15T19:45:19.860+0000] {dag.py:4180} INFO - Setting next_dagrun for movielens_recommender_pipeline to None, run_after=None
[2024-12-15T19:45:25.475+0000] {processor.py:208} INFO - Processing /opt/airflow/dags/movielens_recommender_pipeline.py took 13.920 seconds
[2024-12-15T19:45:55.808+0000] {processor.py:186} INFO - Started process (PID=555) to work on /opt/airflow/dags/movielens_recommender_pipeline.py
[2024-12-15T19:45:55.810+0000] {processor.py:914} INFO - Processing file /opt/airflow/dags/movielens_recommender_pipeline.py for tasks to queue
[2024-12-15T19:45:55.817+0000] {logging_mixin.py:190} INFO - [2024-12-15T19:45:55.816+0000] {dagbag.py:588} INFO - Filling up the DagBag from /opt/airflow/dags/movielens_recommender_pipeline.py
[2024-12-15T19:45:56.747+0000] {processor.py:925} INFO - DAG(s) 'movielens_recommender_pipeline' retrieved from /opt/airflow/dags/movielens_recommender_pipeline.py
[2024-12-15T19:45:56.774+0000] {logging_mixin.py:190} INFO - [2024-12-15T19:45:56.774+0000] {dag.py:3239} INFO - Sync 1 DAGs
[2024-12-15T19:45:56.796+0000] {logging_mixin.py:190} INFO - [2024-12-15T19:45:56.796+0000] {dag.py:4180} INFO - Setting next_dagrun for movielens_recommender_pipeline to None, run_after=None
[2024-12-15T19:45:57.053+0000] {processor.py:208} INFO - Processing /opt/airflow/dags/movielens_recommender_pipeline.py took 1.257 seconds
[2024-12-15T19:46:27.174+0000] {processor.py:186} INFO - Started process (PID=620) to work on /opt/airflow/dags/movielens_recommender_pipeline.py
[2024-12-15T19:46:27.177+0000] {processor.py:914} INFO - Processing file /opt/airflow/dags/movielens_recommender_pipeline.py for tasks to queue
[2024-12-15T19:46:27.191+0000] {logging_mixin.py:190} INFO - [2024-12-15T19:46:27.190+0000] {dagbag.py:588} INFO - Filling up the DagBag from /opt/airflow/dags/movielens_recommender_pipeline.py
[2024-12-15T19:46:30.356+0000] {processor.py:925} INFO - DAG(s) 'movielens_recommender_pipeline' retrieved from /opt/airflow/dags/movielens_recommender_pipeline.py
[2024-12-15T19:46:30.436+0000] {logging_mixin.py:190} INFO - [2024-12-15T19:46:30.436+0000] {dag.py:3239} INFO - Sync 1 DAGs
[2024-12-15T19:46:30.485+0000] {logging_mixin.py:190} INFO - [2024-12-15T19:46:30.485+0000] {dag.py:4180} INFO - Setting next_dagrun for movielens_recommender_pipeline to None, run_after=None
[2024-12-15T19:46:30.549+0000] {processor.py:208} INFO - Processing /opt/airflow/dags/movielens_recommender_pipeline.py took 3.420 seconds
[2024-12-15T19:47:00.767+0000] {processor.py:186} INFO - Started process (PID=686) to work on /opt/airflow/dags/movielens_recommender_pipeline.py
[2024-12-15T19:47:00.769+0000] {processor.py:914} INFO - Processing file /opt/airflow/dags/movielens_recommender_pipeline.py for tasks to queue
[2024-12-15T19:47:00.774+0000] {logging_mixin.py:190} INFO - [2024-12-15T19:47:00.774+0000] {dagbag.py:588} INFO - Filling up the DagBag from /opt/airflow/dags/movielens_recommender_pipeline.py
[2024-12-15T19:47:01.176+0000] {processor.py:925} INFO - DAG(s) 'movielens_recommender_pipeline' retrieved from /opt/airflow/dags/movielens_recommender_pipeline.py
[2024-12-15T19:47:01.202+0000] {logging_mixin.py:190} INFO - [2024-12-15T19:47:01.202+0000] {dag.py:3239} INFO - Sync 1 DAGs
[2024-12-15T19:47:01.225+0000] {logging_mixin.py:190} INFO - [2024-12-15T19:47:01.224+0000] {dag.py:4180} INFO - Setting next_dagrun for movielens_recommender_pipeline to None, run_after=None
[2024-12-15T19:47:01.253+0000] {processor.py:208} INFO - Processing /opt/airflow/dags/movielens_recommender_pipeline.py took 0.494 seconds
[2024-12-15T19:47:31.491+0000] {processor.py:186} INFO - Started process (PID=751) to work on /opt/airflow/dags/movielens_recommender_pipeline.py
[2024-12-15T19:47:31.494+0000] {processor.py:914} INFO - Processing file /opt/airflow/dags/movielens_recommender_pipeline.py for tasks to queue
[2024-12-15T19:47:31.520+0000] {logging_mixin.py:190} INFO - [2024-12-15T19:47:31.520+0000] {dagbag.py:588} INFO - Filling up the DagBag from /opt/airflow/dags/movielens_recommender_pipeline.py
[2024-12-15T19:47:32.851+0000] {processor.py:925} INFO - DAG(s) 'movielens_recommender_pipeline' retrieved from /opt/airflow/dags/movielens_recommender_pipeline.py
[2024-12-15T19:47:32.885+0000] {logging_mixin.py:190} INFO - [2024-12-15T19:47:32.885+0000] {dag.py:3239} INFO - Sync 1 DAGs
[2024-12-15T19:47:32.913+0000] {logging_mixin.py:190} INFO - [2024-12-15T19:47:32.913+0000] {dag.py:4180} INFO - Setting next_dagrun for movielens_recommender_pipeline to None, run_after=None
[2024-12-15T19:47:32.945+0000] {processor.py:208} INFO - Processing /opt/airflow/dags/movielens_recommender_pipeline.py took 1.500 seconds
[2024-12-15T19:50:45.680+0000] {processor.py:186} INFO - Started process (PID=41) to work on /opt/airflow/dags/movielens_recommender_pipeline.py
[2024-12-15T19:50:45.691+0000] {processor.py:914} INFO - Processing file /opt/airflow/dags/movielens_recommender_pipeline.py for tasks to queue
[2024-12-15T19:50:45.730+0000] {logging_mixin.py:190} INFO - [2024-12-15T19:50:45.725+0000] {dagbag.py:588} INFO - Filling up the DagBag from /opt/airflow/dags/movielens_recommender_pipeline.py
[2024-12-15T19:50:48.110+0000] {processor.py:925} INFO - DAG(s) 'movielens_recommender_pipeline' retrieved from /opt/airflow/dags/movielens_recommender_pipeline.py
[2024-12-15T19:50:48.204+0000] {logging_mixin.py:190} INFO - [2024-12-15T19:50:48.204+0000] {dag.py:3239} INFO - Sync 1 DAGs
[2024-12-15T19:50:48.252+0000] {logging_mixin.py:190} INFO - [2024-12-15T19:50:48.252+0000] {dag.py:4180} INFO - Setting next_dagrun for movielens_recommender_pipeline to None, run_after=None
[2024-12-15T19:50:48.295+0000] {processor.py:208} INFO - Processing /opt/airflow/dags/movielens_recommender_pipeline.py took 2.667 seconds
[2024-12-15T19:51:18.862+0000] {processor.py:186} INFO - Started process (PID=108) to work on /opt/airflow/dags/movielens_recommender_pipeline.py
[2024-12-15T19:51:18.873+0000] {processor.py:914} INFO - Processing file /opt/airflow/dags/movielens_recommender_pipeline.py for tasks to queue
[2024-12-15T19:51:18.981+0000] {logging_mixin.py:190} INFO - [2024-12-15T19:51:18.978+0000] {dagbag.py:588} INFO - Filling up the DagBag from /opt/airflow/dags/movielens_recommender_pipeline.py
[2024-12-15T19:51:21.375+0000] {processor.py:925} INFO - DAG(s) 'movielens_recommender_pipeline' retrieved from /opt/airflow/dags/movielens_recommender_pipeline.py
[2024-12-15T19:51:21.463+0000] {logging_mixin.py:190} INFO - [2024-12-15T19:51:21.462+0000] {dag.py:3239} INFO - Sync 1 DAGs
[2024-12-15T19:51:21.567+0000] {logging_mixin.py:190} INFO - [2024-12-15T19:51:21.566+0000] {dag.py:4180} INFO - Setting next_dagrun for movielens_recommender_pipeline to None, run_after=None
[2024-12-15T19:51:21.736+0000] {processor.py:208} INFO - Processing /opt/airflow/dags/movielens_recommender_pipeline.py took 2.957 seconds
[2024-12-15T19:51:52.399+0000] {processor.py:186} INFO - Started process (PID=174) to work on /opt/airflow/dags/movielens_recommender_pipeline.py
[2024-12-15T19:51:52.409+0000] {processor.py:914} INFO - Processing file /opt/airflow/dags/movielens_recommender_pipeline.py for tasks to queue
[2024-12-15T19:51:52.468+0000] {logging_mixin.py:190} INFO - [2024-12-15T19:51:52.452+0000] {dagbag.py:588} INFO - Filling up the DagBag from /opt/airflow/dags/movielens_recommender_pipeline.py
[2024-12-15T19:51:55.874+0000] {processor.py:925} INFO - DAG(s) 'movielens_recommender_pipeline' retrieved from /opt/airflow/dags/movielens_recommender_pipeline.py
[2024-12-15T19:51:55.973+0000] {logging_mixin.py:190} INFO - [2024-12-15T19:51:55.972+0000] {dag.py:3239} INFO - Sync 1 DAGs
[2024-12-15T19:51:56.024+0000] {logging_mixin.py:190} INFO - [2024-12-15T19:51:56.024+0000] {dag.py:4180} INFO - Setting next_dagrun for movielens_recommender_pipeline to None, run_after=None
[2024-12-15T19:51:56.096+0000] {processor.py:208} INFO - Processing /opt/airflow/dags/movielens_recommender_pipeline.py took 3.748 seconds
[2024-12-15T19:52:30.214+0000] {processor.py:186} INFO - Started process (PID=225) to work on /opt/airflow/dags/movielens_recommender_pipeline.py
[2024-12-15T19:52:30.217+0000] {processor.py:914} INFO - Processing file /opt/airflow/dags/movielens_recommender_pipeline.py for tasks to queue
[2024-12-15T19:52:30.229+0000] {logging_mixin.py:190} INFO - [2024-12-15T19:52:30.223+0000] {dagbag.py:588} INFO - Filling up the DagBag from /opt/airflow/dags/movielens_recommender_pipeline.py
[2024-12-15T19:52:35.098+0000] {processor.py:925} INFO - DAG(s) 'movielens_recommender_pipeline' retrieved from /opt/airflow/dags/movielens_recommender_pipeline.py
[2024-12-15T19:52:35.292+0000] {logging_mixin.py:190} INFO - [2024-12-15T19:52:35.273+0000] {dag.py:3239} INFO - Sync 1 DAGs
[2024-12-15T19:52:35.473+0000] {logging_mixin.py:190} INFO - [2024-12-15T19:52:35.472+0000] {dag.py:4180} INFO - Setting next_dagrun for movielens_recommender_pipeline to None, run_after=None
[2024-12-15T19:52:35.630+0000] {processor.py:208} INFO - Processing /opt/airflow/dags/movielens_recommender_pipeline.py took 5.434 seconds
[2024-12-15T19:53:06.262+0000] {processor.py:186} INFO - Started process (PID=296) to work on /opt/airflow/dags/movielens_recommender_pipeline.py
[2024-12-15T19:53:06.267+0000] {processor.py:914} INFO - Processing file /opt/airflow/dags/movielens_recommender_pipeline.py for tasks to queue
[2024-12-15T19:53:06.280+0000] {logging_mixin.py:190} INFO - [2024-12-15T19:53:06.279+0000] {dagbag.py:588} INFO - Filling up the DagBag from /opt/airflow/dags/movielens_recommender_pipeline.py
[2024-12-15T19:53:08.575+0000] {processor.py:925} INFO - DAG(s) 'movielens_recommender_pipeline' retrieved from /opt/airflow/dags/movielens_recommender_pipeline.py
[2024-12-15T19:53:08.689+0000] {logging_mixin.py:190} INFO - [2024-12-15T19:53:08.684+0000] {dag.py:3239} INFO - Sync 1 DAGs
[2024-12-15T19:53:08.765+0000] {logging_mixin.py:190} INFO - [2024-12-15T19:53:08.765+0000] {dag.py:4180} INFO - Setting next_dagrun for movielens_recommender_pipeline to None, run_after=None
[2024-12-15T19:53:08.842+0000] {processor.py:208} INFO - Processing /opt/airflow/dags/movielens_recommender_pipeline.py took 2.603 seconds
[2024-12-15T19:53:41.166+0000] {processor.py:186} INFO - Started process (PID=351) to work on /opt/airflow/dags/movielens_recommender_pipeline.py
[2024-12-15T19:53:41.171+0000] {processor.py:914} INFO - Processing file /opt/airflow/dags/movielens_recommender_pipeline.py for tasks to queue
[2024-12-15T19:53:41.177+0000] {logging_mixin.py:190} INFO - [2024-12-15T19:53:41.177+0000] {dagbag.py:588} INFO - Filling up the DagBag from /opt/airflow/dags/movielens_recommender_pipeline.py
[2024-12-15T19:53:42.623+0000] {processor.py:925} INFO - DAG(s) 'movielens_recommender_pipeline' retrieved from /opt/airflow/dags/movielens_recommender_pipeline.py
[2024-12-15T19:53:42.669+0000] {logging_mixin.py:190} INFO - [2024-12-15T19:53:42.669+0000] {dag.py:3239} INFO - Sync 1 DAGs
[2024-12-15T19:53:42.703+0000] {logging_mixin.py:190} INFO - [2024-12-15T19:53:42.703+0000] {dag.py:4180} INFO - Setting next_dagrun for movielens_recommender_pipeline to None, run_after=None
[2024-12-15T19:53:42.755+0000] {processor.py:208} INFO - Processing /opt/airflow/dags/movielens_recommender_pipeline.py took 1.630 seconds
[2024-12-15T19:54:08.932+0000] {processor.py:186} INFO - Started process (PID=386) to work on /opt/airflow/dags/movielens_recommender_pipeline.py
[2024-12-15T19:54:08.935+0000] {processor.py:914} INFO - Processing file /opt/airflow/dags/movielens_recommender_pipeline.py for tasks to queue
[2024-12-15T19:54:08.940+0000] {logging_mixin.py:190} INFO - [2024-12-15T19:54:08.940+0000] {dagbag.py:588} INFO - Filling up the DagBag from /opt/airflow/dags/movielens_recommender_pipeline.py
[2024-12-15T19:54:09.772+0000] {processor.py:925} INFO - DAG(s) 'movielens_processing_pipeline' retrieved from /opt/airflow/dags/movielens_recommender_pipeline.py
[2024-12-15T19:54:10.206+0000] {logging_mixin.py:190} INFO - [2024-12-15T19:54:10.205+0000] {override.py:1911} INFO - Created Permission View: can delete on DAG:movielens_processing_pipeline
[2024-12-15T19:54:10.226+0000] {logging_mixin.py:190} INFO - [2024-12-15T19:54:10.226+0000] {override.py:1911} INFO - Created Permission View: can edit on DAG:movielens_processing_pipeline
[2024-12-15T19:54:10.240+0000] {logging_mixin.py:190} INFO - [2024-12-15T19:54:10.240+0000] {override.py:1911} INFO - Created Permission View: can read on DAG:movielens_processing_pipeline
[2024-12-15T19:54:10.250+0000] {logging_mixin.py:190} INFO - [2024-12-15T19:54:10.250+0000] {override.py:1911} INFO - Created Permission View: can create on DAG Run:movielens_processing_pipeline
[2024-12-15T19:54:10.265+0000] {logging_mixin.py:190} INFO - [2024-12-15T19:54:10.265+0000] {override.py:1911} INFO - Created Permission View: menu access on DAG Run:movielens_processing_pipeline
[2024-12-15T19:54:10.278+0000] {logging_mixin.py:190} INFO - [2024-12-15T19:54:10.277+0000] {override.py:1911} INFO - Created Permission View: can delete on DAG Run:movielens_processing_pipeline
[2024-12-15T19:54:10.290+0000] {logging_mixin.py:190} INFO - [2024-12-15T19:54:10.290+0000] {override.py:1911} INFO - Created Permission View: can read on DAG Run:movielens_processing_pipeline
[2024-12-15T19:54:10.292+0000] {logging_mixin.py:190} INFO - [2024-12-15T19:54:10.292+0000] {dag.py:3239} INFO - Sync 1 DAGs
[2024-12-15T19:54:10.328+0000] {logging_mixin.py:190} INFO - [2024-12-15T19:54:10.328+0000] {dag.py:3262} INFO - Creating ORM DAG for movielens_processing_pipeline
[2024-12-15T19:54:10.331+0000] {logging_mixin.py:190} INFO - [2024-12-15T19:54:10.330+0000] {dag.py:4180} INFO - Setting next_dagrun for movielens_processing_pipeline to None, run_after=None
[2024-12-15T19:54:10.357+0000] {processor.py:208} INFO - Processing /opt/airflow/dags/movielens_recommender_pipeline.py took 1.448 seconds
[2024-12-15T19:54:42.156+0000] {processor.py:186} INFO - Started process (PID=451) to work on /opt/airflow/dags/movielens_recommender_pipeline.py
[2024-12-15T19:54:42.172+0000] {processor.py:914} INFO - Processing file /opt/airflow/dags/movielens_recommender_pipeline.py for tasks to queue
[2024-12-15T19:54:42.259+0000] {logging_mixin.py:190} INFO - [2024-12-15T19:54:42.258+0000] {dagbag.py:588} INFO - Filling up the DagBag from /opt/airflow/dags/movielens_recommender_pipeline.py
[2024-12-15T19:54:42.930+0000] {processor.py:925} INFO - DAG(s) 'movielens_processing_pipeline' retrieved from /opt/airflow/dags/movielens_recommender_pipeline.py
[2024-12-15T19:54:42.978+0000] {logging_mixin.py:190} INFO - [2024-12-15T19:54:42.978+0000] {dag.py:3239} INFO - Sync 1 DAGs
[2024-12-15T19:54:43.010+0000] {logging_mixin.py:190} INFO - [2024-12-15T19:54:43.009+0000] {dag.py:4180} INFO - Setting next_dagrun for movielens_processing_pipeline to None, run_after=None
[2024-12-15T19:54:43.039+0000] {processor.py:208} INFO - Processing /opt/airflow/dags/movielens_recommender_pipeline.py took 1.282 seconds
[2024-12-15T19:55:13.708+0000] {processor.py:186} INFO - Started process (PID=516) to work on /opt/airflow/dags/movielens_recommender_pipeline.py
[2024-12-15T19:55:13.717+0000] {processor.py:914} INFO - Processing file /opt/airflow/dags/movielens_recommender_pipeline.py for tasks to queue
[2024-12-15T19:55:13.728+0000] {logging_mixin.py:190} INFO - [2024-12-15T19:55:13.726+0000] {dagbag.py:588} INFO - Filling up the DagBag from /opt/airflow/dags/movielens_recommender_pipeline.py
[2024-12-15T19:55:15.550+0000] {processor.py:925} INFO - DAG(s) 'movielens_processing_pipeline' retrieved from /opt/airflow/dags/movielens_recommender_pipeline.py
[2024-12-15T19:55:15.643+0000] {logging_mixin.py:190} INFO - [2024-12-15T19:55:15.643+0000] {dag.py:3239} INFO - Sync 1 DAGs
[2024-12-15T19:55:15.690+0000] {logging_mixin.py:190} INFO - [2024-12-15T19:55:15.689+0000] {dag.py:4180} INFO - Setting next_dagrun for movielens_processing_pipeline to None, run_after=None
[2024-12-15T19:55:15.736+0000] {processor.py:208} INFO - Processing /opt/airflow/dags/movielens_recommender_pipeline.py took 2.059 seconds
[2024-12-15T19:55:46.143+0000] {processor.py:186} INFO - Started process (PID=585) to work on /opt/airflow/dags/movielens_recommender_pipeline.py
[2024-12-15T19:55:46.146+0000] {processor.py:914} INFO - Processing file /opt/airflow/dags/movielens_recommender_pipeline.py for tasks to queue
[2024-12-15T19:55:46.149+0000] {logging_mixin.py:190} INFO - [2024-12-15T19:55:46.149+0000] {dagbag.py:588} INFO - Filling up the DagBag from /opt/airflow/dags/movielens_recommender_pipeline.py
[2024-12-15T19:55:46.609+0000] {processor.py:925} INFO - DAG(s) 'movielens_processing_pipeline' retrieved from /opt/airflow/dags/movielens_recommender_pipeline.py
[2024-12-15T19:55:46.654+0000] {logging_mixin.py:190} INFO - [2024-12-15T19:55:46.653+0000] {dag.py:3239} INFO - Sync 1 DAGs
[2024-12-15T19:55:46.679+0000] {logging_mixin.py:190} INFO - [2024-12-15T19:55:46.679+0000] {dag.py:4180} INFO - Setting next_dagrun for movielens_processing_pipeline to None, run_after=None
[2024-12-15T19:55:46.707+0000] {processor.py:208} INFO - Processing /opt/airflow/dags/movielens_recommender_pipeline.py took 0.573 seconds
[2024-12-15T19:58:52.628+0000] {processor.py:186} INFO - Started process (PID=45) to work on /opt/airflow/dags/movielens_recommender_pipeline.py
[2024-12-15T19:58:52.654+0000] {processor.py:914} INFO - Processing file /opt/airflow/dags/movielens_recommender_pipeline.py for tasks to queue
[2024-12-15T19:58:52.700+0000] {logging_mixin.py:190} INFO - [2024-12-15T19:58:52.692+0000] {dagbag.py:588} INFO - Filling up the DagBag from /opt/airflow/dags/movielens_recommender_pipeline.py
[2024-12-15T19:59:01.555+0000] {processor.py:925} INFO - DAG(s) 'movielens_processing_pipeline' retrieved from /opt/airflow/dags/movielens_recommender_pipeline.py
[2024-12-15T19:59:02.171+0000] {logging_mixin.py:190} INFO - [2024-12-15T19:59:02.166+0000] {dag.py:3239} INFO - Sync 1 DAGs
[2024-12-15T19:59:02.383+0000] {logging_mixin.py:190} INFO - [2024-12-15T19:59:02.383+0000] {dag.py:4180} INFO - Setting next_dagrun for movielens_processing_pipeline to None, run_after=None
[2024-12-15T19:59:02.510+0000] {processor.py:208} INFO - Processing /opt/airflow/dags/movielens_recommender_pipeline.py took 10.059 seconds
[2024-12-15T20:00:38.913+0000] {processor.py:186} INFO - Started process (PID=123) to work on /opt/airflow/dags/movielens_recommender_pipeline.py
[2024-12-15T20:00:38.917+0000] {processor.py:914} INFO - Processing file /opt/airflow/dags/movielens_recommender_pipeline.py for tasks to queue
[2024-12-15T20:00:38.936+0000] {logging_mixin.py:190} INFO - [2024-12-15T20:00:38.932+0000] {dagbag.py:588} INFO - Filling up the DagBag from /opt/airflow/dags/movielens_recommender_pipeline.py
[2024-12-15T20:00:45.815+0000] {processor.py:925} INFO - DAG(s) 'movielens_processing_pipeline' retrieved from /opt/airflow/dags/movielens_recommender_pipeline.py
[2024-12-15T20:00:46.260+0000] {logging_mixin.py:190} INFO - [2024-12-15T20:00:46.259+0000] {dag.py:3239} INFO - Sync 1 DAGs
[2024-12-15T20:00:46.430+0000] {logging_mixin.py:190} INFO - [2024-12-15T20:00:46.428+0000] {dag.py:4180} INFO - Setting next_dagrun for movielens_processing_pipeline to None, run_after=None
[2024-12-15T20:00:46.855+0000] {processor.py:208} INFO - Processing /opt/airflow/dags/movielens_recommender_pipeline.py took 8.019 seconds
[2024-12-15T20:01:43.469+0000] {processor.py:186} INFO - Started process (PID=182) to work on /opt/airflow/dags/movielens_recommender_pipeline.py
[2024-12-15T20:01:43.471+0000] {processor.py:914} INFO - Processing file /opt/airflow/dags/movielens_recommender_pipeline.py for tasks to queue
[2024-12-15T20:01:43.503+0000] {logging_mixin.py:190} INFO - [2024-12-15T20:01:43.502+0000] {dagbag.py:588} INFO - Filling up the DagBag from /opt/airflow/dags/movielens_recommender_pipeline.py
[2024-12-15T20:01:46.640+0000] {processor.py:925} INFO - DAG(s) 'movielens_processing_pipeline' retrieved from /opt/airflow/dags/movielens_recommender_pipeline.py
[2024-12-15T20:01:46.736+0000] {logging_mixin.py:190} INFO - [2024-12-15T20:01:46.736+0000] {dag.py:3239} INFO - Sync 1 DAGs
[2024-12-15T20:01:46.818+0000] {logging_mixin.py:190} INFO - [2024-12-15T20:01:46.818+0000] {dag.py:4180} INFO - Setting next_dagrun for movielens_processing_pipeline to None, run_after=None
[2024-12-15T20:01:46.933+0000] {processor.py:208} INFO - Processing /opt/airflow/dags/movielens_recommender_pipeline.py took 3.551 seconds
[2024-12-15T20:02:18.950+0000] {processor.py:186} INFO - Started process (PID=246) to work on /opt/airflow/dags/movielens_recommender_pipeline.py
[2024-12-15T20:02:18.953+0000] {processor.py:914} INFO - Processing file /opt/airflow/dags/movielens_recommender_pipeline.py for tasks to queue
[2024-12-15T20:02:18.970+0000] {logging_mixin.py:190} INFO - [2024-12-15T20:02:18.969+0000] {dagbag.py:588} INFO - Filling up the DagBag from /opt/airflow/dags/movielens_recommender_pipeline.py
[2024-12-15T20:02:23.193+0000] {processor.py:925} INFO - DAG(s) 'movielens_processing_pipeline' retrieved from /opt/airflow/dags/movielens_recommender_pipeline.py
[2024-12-15T20:02:23.345+0000] {logging_mixin.py:190} INFO - [2024-12-15T20:02:23.345+0000] {dag.py:3239} INFO - Sync 1 DAGs
[2024-12-15T20:02:23.805+0000] {logging_mixin.py:190} INFO - [2024-12-15T20:02:23.805+0000] {dag.py:4180} INFO - Setting next_dagrun for movielens_processing_pipeline to None, run_after=None
[2024-12-15T20:02:24.048+0000] {processor.py:208} INFO - Processing /opt/airflow/dags/movielens_recommender_pipeline.py took 5.118 seconds
[2024-12-15T20:02:56.691+0000] {processor.py:186} INFO - Started process (PID=283) to work on /opt/airflow/dags/movielens_recommender_pipeline.py
[2024-12-15T20:02:56.698+0000] {processor.py:914} INFO - Processing file /opt/airflow/dags/movielens_recommender_pipeline.py for tasks to queue
[2024-12-15T20:02:56.712+0000] {logging_mixin.py:190} INFO - [2024-12-15T20:02:56.711+0000] {dagbag.py:588} INFO - Filling up the DagBag from /opt/airflow/dags/movielens_recommender_pipeline.py
[2024-12-15T20:02:58.156+0000] {processor.py:925} INFO - DAG(s) 'movielens_processing_pipeline' retrieved from /opt/airflow/dags/movielens_recommender_pipeline.py
[2024-12-15T20:02:58.203+0000] {logging_mixin.py:190} INFO - [2024-12-15T20:02:58.202+0000] {dag.py:3239} INFO - Sync 1 DAGs
[2024-12-15T20:02:58.229+0000] {logging_mixin.py:190} INFO - [2024-12-15T20:02:58.228+0000] {dag.py:4180} INFO - Setting next_dagrun for movielens_processing_pipeline to None, run_after=None
[2024-12-15T20:02:58.275+0000] {processor.py:208} INFO - Processing /opt/airflow/dags/movielens_recommender_pipeline.py took 1.607 seconds
[2024-12-15T20:03:29.217+0000] {processor.py:186} INFO - Started process (PID=351) to work on /opt/airflow/dags/movielens_recommender_pipeline.py
[2024-12-15T20:03:29.220+0000] {processor.py:914} INFO - Processing file /opt/airflow/dags/movielens_recommender_pipeline.py for tasks to queue
[2024-12-15T20:03:29.227+0000] {logging_mixin.py:190} INFO - [2024-12-15T20:03:29.227+0000] {dagbag.py:588} INFO - Filling up the DagBag from /opt/airflow/dags/movielens_recommender_pipeline.py
[2024-12-15T20:03:29.807+0000] {processor.py:925} INFO - DAG(s) 'movielens_processing_pipeline' retrieved from /opt/airflow/dags/movielens_recommender_pipeline.py
[2024-12-15T20:03:29.836+0000] {logging_mixin.py:190} INFO - [2024-12-15T20:03:29.836+0000] {dag.py:3239} INFO - Sync 1 DAGs
[2024-12-15T20:03:29.862+0000] {logging_mixin.py:190} INFO - [2024-12-15T20:03:29.861+0000] {dag.py:4180} INFO - Setting next_dagrun for movielens_processing_pipeline to None, run_after=None
[2024-12-15T20:03:29.894+0000] {processor.py:208} INFO - Processing /opt/airflow/dags/movielens_recommender_pipeline.py took 0.691 seconds
[2024-12-15T20:04:00.683+0000] {processor.py:186} INFO - Started process (PID=418) to work on /opt/airflow/dags/movielens_recommender_pipeline.py
[2024-12-15T20:04:00.685+0000] {processor.py:914} INFO - Processing file /opt/airflow/dags/movielens_recommender_pipeline.py for tasks to queue
[2024-12-15T20:04:00.693+0000] {logging_mixin.py:190} INFO - [2024-12-15T20:04:00.692+0000] {dagbag.py:588} INFO - Filling up the DagBag from /opt/airflow/dags/movielens_recommender_pipeline.py
[2024-12-15T20:04:01.245+0000] {processor.py:925} INFO - DAG(s) 'movielens_processing_pipeline' retrieved from /opt/airflow/dags/movielens_recommender_pipeline.py
[2024-12-15T20:04:01.285+0000] {logging_mixin.py:190} INFO - [2024-12-15T20:04:01.285+0000] {dag.py:3239} INFO - Sync 1 DAGs
[2024-12-15T20:04:01.345+0000] {logging_mixin.py:190} INFO - [2024-12-15T20:04:01.345+0000] {dag.py:4180} INFO - Setting next_dagrun for movielens_processing_pipeline to None, run_after=None
[2024-12-15T20:04:01.398+0000] {processor.py:208} INFO - Processing /opt/airflow/dags/movielens_recommender_pipeline.py took 0.734 seconds
[2024-12-15T20:04:31.820+0000] {processor.py:186} INFO - Started process (PID=482) to work on /opt/airflow/dags/movielens_recommender_pipeline.py
[2024-12-15T20:04:31.892+0000] {processor.py:914} INFO - Processing file /opt/airflow/dags/movielens_recommender_pipeline.py for tasks to queue
[2024-12-15T20:04:31.900+0000] {logging_mixin.py:190} INFO - [2024-12-15T20:04:31.899+0000] {dagbag.py:588} INFO - Filling up the DagBag from /opt/airflow/dags/movielens_recommender_pipeline.py
[2024-12-15T20:04:33.245+0000] {processor.py:925} INFO - DAG(s) 'movielens_processing_pipeline' retrieved from /opt/airflow/dags/movielens_recommender_pipeline.py
[2024-12-15T20:04:33.324+0000] {logging_mixin.py:190} INFO - [2024-12-15T20:04:33.324+0000] {dag.py:3239} INFO - Sync 1 DAGs
[2024-12-15T20:04:33.425+0000] {logging_mixin.py:190} INFO - [2024-12-15T20:04:33.423+0000] {dag.py:4180} INFO - Setting next_dagrun for movielens_processing_pipeline to None, run_after=None
[2024-12-15T20:04:33.472+0000] {processor.py:208} INFO - Processing /opt/airflow/dags/movielens_recommender_pipeline.py took 1.731 seconds
[2024-12-15T20:05:03.932+0000] {processor.py:186} INFO - Started process (PID=546) to work on /opt/airflow/dags/movielens_recommender_pipeline.py
[2024-12-15T20:05:03.936+0000] {processor.py:914} INFO - Processing file /opt/airflow/dags/movielens_recommender_pipeline.py for tasks to queue
[2024-12-15T20:05:03.962+0000] {logging_mixin.py:190} INFO - [2024-12-15T20:05:03.961+0000] {dagbag.py:588} INFO - Filling up the DagBag from /opt/airflow/dags/movielens_recommender_pipeline.py
[2024-12-15T20:05:07.379+0000] {processor.py:925} INFO - DAG(s) 'movielens_processing_pipeline' retrieved from /opt/airflow/dags/movielens_recommender_pipeline.py
[2024-12-15T20:05:07.539+0000] {logging_mixin.py:190} INFO - [2024-12-15T20:05:07.538+0000] {dag.py:3239} INFO - Sync 1 DAGs
[2024-12-15T20:05:07.608+0000] {logging_mixin.py:190} INFO - [2024-12-15T20:05:07.607+0000] {dag.py:4180} INFO - Setting next_dagrun for movielens_processing_pipeline to None, run_after=None
[2024-12-15T20:05:07.737+0000] {processor.py:208} INFO - Processing /opt/airflow/dags/movielens_recommender_pipeline.py took 3.832 seconds
[2024-12-15T20:05:51.194+0000] {processor.py:186} INFO - Started process (PID=553) to work on /opt/airflow/dags/movielens_recommender_pipeline.py
[2024-12-15T20:05:51.198+0000] {processor.py:914} INFO - Processing file /opt/airflow/dags/movielens_recommender_pipeline.py for tasks to queue
[2024-12-15T20:05:51.218+0000] {logging_mixin.py:190} INFO - [2024-12-15T20:05:51.213+0000] {dagbag.py:588} INFO - Filling up the DagBag from /opt/airflow/dags/movielens_recommender_pipeline.py
[2024-12-15T20:05:55.667+0000] {processor.py:925} INFO - DAG(s) 'movielens_processing_pipeline' retrieved from /opt/airflow/dags/movielens_recommender_pipeline.py
[2024-12-15T20:05:55.785+0000] {logging_mixin.py:190} INFO - [2024-12-15T20:05:55.784+0000] {dag.py:3239} INFO - Sync 1 DAGs
[2024-12-15T20:05:55.857+0000] {logging_mixin.py:190} INFO - [2024-12-15T20:05:55.857+0000] {dag.py:4180} INFO - Setting next_dagrun for movielens_processing_pipeline to None, run_after=None
[2024-12-15T20:05:55.963+0000] {processor.py:208} INFO - Processing /opt/airflow/dags/movielens_recommender_pipeline.py took 4.803 seconds
[2024-12-15T20:06:26.496+0000] {processor.py:186} INFO - Started process (PID=623) to work on /opt/airflow/dags/movielens_recommender_pipeline.py
[2024-12-15T20:06:26.521+0000] {processor.py:914} INFO - Processing file /opt/airflow/dags/movielens_recommender_pipeline.py for tasks to queue
[2024-12-15T20:06:26.541+0000] {logging_mixin.py:190} INFO - [2024-12-15T20:06:26.536+0000] {dagbag.py:588} INFO - Filling up the DagBag from /opt/airflow/dags/movielens_recommender_pipeline.py
[2024-12-15T20:06:30.379+0000] {processor.py:925} INFO - DAG(s) 'movielens_processing_pipeline' retrieved from /opt/airflow/dags/movielens_recommender_pipeline.py
[2024-12-15T20:06:30.430+0000] {logging_mixin.py:190} INFO - [2024-12-15T20:06:30.429+0000] {dag.py:3239} INFO - Sync 1 DAGs
[2024-12-15T20:06:30.474+0000] {logging_mixin.py:190} INFO - [2024-12-15T20:06:30.474+0000] {dag.py:4180} INFO - Setting next_dagrun for movielens_processing_pipeline to None, run_after=None
[2024-12-15T20:06:30.530+0000] {processor.py:208} INFO - Processing /opt/airflow/dags/movielens_recommender_pipeline.py took 4.098 seconds
[2024-12-15T20:07:00.993+0000] {processor.py:186} INFO - Started process (PID=690) to work on /opt/airflow/dags/movielens_recommender_pipeline.py
[2024-12-15T20:07:00.996+0000] {processor.py:914} INFO - Processing file /opt/airflow/dags/movielens_recommender_pipeline.py for tasks to queue
[2024-12-15T20:07:01.009+0000] {logging_mixin.py:190} INFO - [2024-12-15T20:07:01.009+0000] {dagbag.py:588} INFO - Filling up the DagBag from /opt/airflow/dags/movielens_recommender_pipeline.py
[2024-12-15T20:07:02.856+0000] {processor.py:925} INFO - DAG(s) 'movielens_processing_pipeline' retrieved from /opt/airflow/dags/movielens_recommender_pipeline.py
[2024-12-15T20:07:02.949+0000] {logging_mixin.py:190} INFO - [2024-12-15T20:07:02.945+0000] {dag.py:3239} INFO - Sync 1 DAGs
[2024-12-15T20:07:03.022+0000] {logging_mixin.py:190} INFO - [2024-12-15T20:07:03.022+0000] {dag.py:4180} INFO - Setting next_dagrun for movielens_processing_pipeline to None, run_after=None
[2024-12-15T20:07:03.147+0000] {processor.py:208} INFO - Processing /opt/airflow/dags/movielens_recommender_pipeline.py took 2.195 seconds
[2024-12-15T20:15:47.043+0000] {processor.py:186} INFO - Started process (PID=45) to work on /opt/airflow/dags/movielens_recommender_pipeline.py
[2024-12-15T20:15:47.055+0000] {processor.py:914} INFO - Processing file /opt/airflow/dags/movielens_recommender_pipeline.py for tasks to queue
[2024-12-15T20:15:47.104+0000] {logging_mixin.py:190} INFO - [2024-12-15T20:15:47.104+0000] {dagbag.py:588} INFO - Filling up the DagBag from /opt/airflow/dags/movielens_recommender_pipeline.py
[2024-12-15T20:15:51.415+0000] {processor.py:925} INFO - DAG(s) 'movielens_processing_pipeline' retrieved from /opt/airflow/dags/movielens_recommender_pipeline.py
[2024-12-15T20:15:51.544+0000] {logging_mixin.py:190} INFO - [2024-12-15T20:15:51.543+0000] {dag.py:3239} INFO - Sync 1 DAGs
[2024-12-15T20:15:51.606+0000] {logging_mixin.py:190} INFO - [2024-12-15T20:15:51.605+0000] {dag.py:4180} INFO - Setting next_dagrun for movielens_processing_pipeline to None, run_after=None
[2024-12-15T20:15:51.644+0000] {processor.py:208} INFO - Processing /opt/airflow/dags/movielens_recommender_pipeline.py took 4.670 seconds
[2024-12-15T20:16:41.293+0000] {processor.py:186} INFO - Started process (PID=111) to work on /opt/airflow/dags/movielens_recommender_pipeline.py
[2024-12-15T20:16:41.300+0000] {processor.py:914} INFO - Processing file /opt/airflow/dags/movielens_recommender_pipeline.py for tasks to queue
[2024-12-15T20:16:41.310+0000] {logging_mixin.py:190} INFO - [2024-12-15T20:16:41.308+0000] {dagbag.py:588} INFO - Filling up the DagBag from /opt/airflow/dags/movielens_recommender_pipeline.py
[2024-12-15T20:16:48.030+0000] {processor.py:925} INFO - DAG(s) 'movielens_processing_pipeline' retrieved from /opt/airflow/dags/movielens_recommender_pipeline.py
[2024-12-15T20:16:48.192+0000] {logging_mixin.py:190} INFO - [2024-12-15T20:16:48.190+0000] {dag.py:3239} INFO - Sync 1 DAGs
[2024-12-15T20:16:48.363+0000] {logging_mixin.py:190} INFO - [2024-12-15T20:16:48.362+0000] {dag.py:4180} INFO - Setting next_dagrun for movielens_processing_pipeline to None, run_after=None
[2024-12-15T20:16:48.715+0000] {processor.py:208} INFO - Processing /opt/airflow/dags/movielens_recommender_pipeline.py took 7.386 seconds
[2024-12-15T20:17:19.530+0000] {processor.py:186} INFO - Started process (PID=185) to work on /opt/airflow/dags/movielens_recommender_pipeline.py
[2024-12-15T20:17:19.531+0000] {processor.py:914} INFO - Processing file /opt/airflow/dags/movielens_recommender_pipeline.py for tasks to queue
[2024-12-15T20:17:19.538+0000] {logging_mixin.py:190} INFO - [2024-12-15T20:17:19.538+0000] {dagbag.py:588} INFO - Filling up the DagBag from /opt/airflow/dags/movielens_recommender_pipeline.py
[2024-12-15T20:17:20.502+0000] {processor.py:925} INFO - DAG(s) 'movielens_processing_pipeline' retrieved from /opt/airflow/dags/movielens_recommender_pipeline.py
[2024-12-15T20:17:20.557+0000] {logging_mixin.py:190} INFO - [2024-12-15T20:17:20.557+0000] {dag.py:3239} INFO - Sync 1 DAGs
[2024-12-15T20:17:20.629+0000] {logging_mixin.py:190} INFO - [2024-12-15T20:17:20.629+0000] {dag.py:4180} INFO - Setting next_dagrun for movielens_processing_pipeline to None, run_after=None
[2024-12-15T20:17:20.823+0000] {processor.py:208} INFO - Processing /opt/airflow/dags/movielens_recommender_pipeline.py took 1.337 seconds
[2024-12-15T20:17:51.032+0000] {processor.py:186} INFO - Started process (PID=249) to work on /opt/airflow/dags/movielens_recommender_pipeline.py
[2024-12-15T20:17:51.034+0000] {processor.py:914} INFO - Processing file /opt/airflow/dags/movielens_recommender_pipeline.py for tasks to queue
[2024-12-15T20:17:51.039+0000] {logging_mixin.py:190} INFO - [2024-12-15T20:17:51.039+0000] {dagbag.py:588} INFO - Filling up the DagBag from /opt/airflow/dags/movielens_recommender_pipeline.py
[2024-12-15T20:17:52.268+0000] {processor.py:925} INFO - DAG(s) 'movielens_processing_pipeline' retrieved from /opt/airflow/dags/movielens_recommender_pipeline.py
[2024-12-15T20:17:52.299+0000] {logging_mixin.py:190} INFO - [2024-12-15T20:17:52.298+0000] {dag.py:3239} INFO - Sync 1 DAGs
[2024-12-15T20:17:52.327+0000] {logging_mixin.py:190} INFO - [2024-12-15T20:17:52.326+0000] {dag.py:4180} INFO - Setting next_dagrun for movielens_processing_pipeline to None, run_after=None
[2024-12-15T20:17:52.365+0000] {processor.py:208} INFO - Processing /opt/airflow/dags/movielens_recommender_pipeline.py took 1.342 seconds
[2024-12-15T20:18:23.467+0000] {processor.py:186} INFO - Started process (PID=313) to work on /opt/airflow/dags/movielens_recommender_pipeline.py
[2024-12-15T20:18:23.472+0000] {processor.py:914} INFO - Processing file /opt/airflow/dags/movielens_recommender_pipeline.py for tasks to queue
[2024-12-15T20:18:23.481+0000] {logging_mixin.py:190} INFO - [2024-12-15T20:18:23.480+0000] {dagbag.py:588} INFO - Filling up the DagBag from /opt/airflow/dags/movielens_recommender_pipeline.py
[2024-12-15T20:18:24.341+0000] {processor.py:925} INFO - DAG(s) 'movielens_processing_pipeline' retrieved from /opt/airflow/dags/movielens_recommender_pipeline.py
[2024-12-15T20:18:24.368+0000] {logging_mixin.py:190} INFO - [2024-12-15T20:18:24.367+0000] {dag.py:3239} INFO - Sync 1 DAGs
[2024-12-15T20:18:24.388+0000] {logging_mixin.py:190} INFO - [2024-12-15T20:18:24.388+0000] {dag.py:4180} INFO - Setting next_dagrun for movielens_processing_pipeline to None, run_after=None
[2024-12-15T20:18:24.412+0000] {processor.py:208} INFO - Processing /opt/airflow/dags/movielens_recommender_pipeline.py took 0.973 seconds
[2024-12-15T20:18:58.950+0000] {processor.py:186} INFO - Started process (PID=359) to work on /opt/airflow/dags/movielens_recommender_pipeline.py
[2024-12-15T20:18:58.954+0000] {processor.py:914} INFO - Processing file /opt/airflow/dags/movielens_recommender_pipeline.py for tasks to queue
[2024-12-15T20:18:58.960+0000] {logging_mixin.py:190} INFO - [2024-12-15T20:18:58.960+0000] {dagbag.py:588} INFO - Filling up the DagBag from /opt/airflow/dags/movielens_recommender_pipeline.py
[2024-12-15T20:19:00.297+0000] {processor.py:925} INFO - DAG(s) 'movielens_processing_pipeline' retrieved from /opt/airflow/dags/movielens_recommender_pipeline.py
[2024-12-15T20:19:00.343+0000] {logging_mixin.py:190} INFO - [2024-12-15T20:19:00.342+0000] {dag.py:3239} INFO - Sync 1 DAGs
[2024-12-15T20:19:00.371+0000] {logging_mixin.py:190} INFO - [2024-12-15T20:19:00.370+0000] {dag.py:4180} INFO - Setting next_dagrun for movielens_processing_pipeline to None, run_after=None
[2024-12-15T20:19:00.401+0000] {processor.py:208} INFO - Processing /opt/airflow/dags/movielens_recommender_pipeline.py took 1.466 seconds
[2024-12-15T20:20:01.247+0000] {processor.py:186} INFO - Started process (PID=426) to work on /opt/airflow/dags/movielens_recommender_pipeline.py
[2024-12-15T20:20:01.262+0000] {processor.py:914} INFO - Processing file /opt/airflow/dags/movielens_recommender_pipeline.py for tasks to queue
[2024-12-15T20:20:01.272+0000] {logging_mixin.py:190} INFO - [2024-12-15T20:20:01.272+0000] {dagbag.py:588} INFO - Filling up the DagBag from /opt/airflow/dags/movielens_recommender_pipeline.py
[2024-12-15T20:20:04.480+0000] {processor.py:925} INFO - DAG(s) 'movielens_processing_pipeline' retrieved from /opt/airflow/dags/movielens_recommender_pipeline.py
[2024-12-15T20:20:04.566+0000] {logging_mixin.py:190} INFO - [2024-12-15T20:20:04.566+0000] {dag.py:3239} INFO - Sync 1 DAGs
[2024-12-15T20:20:04.645+0000] {logging_mixin.py:190} INFO - [2024-12-15T20:20:04.644+0000] {dag.py:4180} INFO - Setting next_dagrun for movielens_processing_pipeline to None, run_after=None
[2024-12-15T20:20:04.734+0000] {processor.py:208} INFO - Processing /opt/airflow/dags/movielens_recommender_pipeline.py took 3.545 seconds
[2024-12-15T20:21:11.656+0000] {processor.py:186} INFO - Started process (PID=489) to work on /opt/airflow/dags/movielens_recommender_pipeline.py
[2024-12-15T20:21:11.666+0000] {processor.py:914} INFO - Processing file /opt/airflow/dags/movielens_recommender_pipeline.py for tasks to queue
[2024-12-15T20:21:11.669+0000] {logging_mixin.py:190} INFO - [2024-12-15T20:21:11.668+0000] {dagbag.py:588} INFO - Filling up the DagBag from /opt/airflow/dags/movielens_recommender_pipeline.py
[2024-12-15T20:21:12.578+0000] {processor.py:925} INFO - DAG(s) 'movielens_processing_pipeline' retrieved from /opt/airflow/dags/movielens_recommender_pipeline.py
[2024-12-15T20:21:12.601+0000] {logging_mixin.py:190} INFO - [2024-12-15T20:21:12.601+0000] {dag.py:3239} INFO - Sync 1 DAGs
[2024-12-15T20:21:12.833+0000] {logging_mixin.py:190} INFO - [2024-12-15T20:21:12.833+0000] {dag.py:4180} INFO - Setting next_dagrun for movielens_processing_pipeline to None, run_after=None
[2024-12-15T20:21:12.853+0000] {processor.py:208} INFO - Processing /opt/airflow/dags/movielens_recommender_pipeline.py took 1.213 seconds
[2024-12-15T20:21:43.329+0000] {processor.py:186} INFO - Started process (PID=559) to work on /opt/airflow/dags/movielens_recommender_pipeline.py
[2024-12-15T20:21:43.330+0000] {processor.py:914} INFO - Processing file /opt/airflow/dags/movielens_recommender_pipeline.py for tasks to queue
[2024-12-15T20:21:43.333+0000] {logging_mixin.py:190} INFO - [2024-12-15T20:21:43.332+0000] {dagbag.py:588} INFO - Filling up the DagBag from /opt/airflow/dags/movielens_recommender_pipeline.py
[2024-12-15T20:21:43.851+0000] {processor.py:925} INFO - DAG(s) 'movielens_processing_pipeline' retrieved from /opt/airflow/dags/movielens_recommender_pipeline.py
[2024-12-15T20:21:43.888+0000] {logging_mixin.py:190} INFO - [2024-12-15T20:21:43.887+0000] {dag.py:3239} INFO - Sync 1 DAGs
[2024-12-15T20:21:44.183+0000] {logging_mixin.py:190} INFO - [2024-12-15T20:21:44.183+0000] {dag.py:4180} INFO - Setting next_dagrun for movielens_processing_pipeline to None, run_after=None
[2024-12-15T20:21:44.210+0000] {processor.py:208} INFO - Processing /opt/airflow/dags/movielens_recommender_pipeline.py took 0.889 seconds
[2024-12-15T20:22:14.439+0000] {processor.py:186} INFO - Started process (PID=624) to work on /opt/airflow/dags/movielens_recommender_pipeline.py
[2024-12-15T20:22:14.441+0000] {processor.py:914} INFO - Processing file /opt/airflow/dags/movielens_recommender_pipeline.py for tasks to queue
[2024-12-15T20:22:14.445+0000] {logging_mixin.py:190} INFO - [2024-12-15T20:22:14.444+0000] {dagbag.py:588} INFO - Filling up the DagBag from /opt/airflow/dags/movielens_recommender_pipeline.py
[2024-12-15T20:22:14.942+0000] {processor.py:925} INFO - DAG(s) 'movielens_processing_pipeline' retrieved from /opt/airflow/dags/movielens_recommender_pipeline.py
[2024-12-15T20:22:14.973+0000] {logging_mixin.py:190} INFO - [2024-12-15T20:22:14.973+0000] {dag.py:3239} INFO - Sync 1 DAGs
[2024-12-15T20:22:14.998+0000] {logging_mixin.py:190} INFO - [2024-12-15T20:22:14.998+0000] {dag.py:4180} INFO - Setting next_dagrun for movielens_processing_pipeline to None, run_after=None
[2024-12-15T20:22:15.240+0000] {processor.py:208} INFO - Processing /opt/airflow/dags/movielens_recommender_pipeline.py took 0.843 seconds
[2024-12-15T20:22:45.968+0000] {processor.py:186} INFO - Started process (PID=690) to work on /opt/airflow/dags/movielens_recommender_pipeline.py
[2024-12-15T20:22:45.970+0000] {processor.py:914} INFO - Processing file /opt/airflow/dags/movielens_recommender_pipeline.py for tasks to queue
[2024-12-15T20:22:45.973+0000] {logging_mixin.py:190} INFO - [2024-12-15T20:22:45.972+0000] {dagbag.py:588} INFO - Filling up the DagBag from /opt/airflow/dags/movielens_recommender_pipeline.py
[2024-12-15T20:22:46.937+0000] {processor.py:925} INFO - DAG(s) 'movielens_processing_pipeline' retrieved from /opt/airflow/dags/movielens_recommender_pipeline.py
[2024-12-15T20:22:46.957+0000] {logging_mixin.py:190} INFO - [2024-12-15T20:22:46.957+0000] {dag.py:3239} INFO - Sync 1 DAGs
[2024-12-15T20:22:46.974+0000] {logging_mixin.py:190} INFO - [2024-12-15T20:22:46.974+0000] {dag.py:4180} INFO - Setting next_dagrun for movielens_processing_pipeline to None, run_after=None
[2024-12-15T20:22:46.997+0000] {processor.py:208} INFO - Processing /opt/airflow/dags/movielens_recommender_pipeline.py took 1.037 seconds
[2024-12-15T20:23:19.889+0000] {processor.py:186} INFO - Started process (PID=754) to work on /opt/airflow/dags/movielens_recommender_pipeline.py
[2024-12-15T20:23:19.891+0000] {processor.py:914} INFO - Processing file /opt/airflow/dags/movielens_recommender_pipeline.py for tasks to queue
[2024-12-15T20:23:19.895+0000] {logging_mixin.py:190} INFO - [2024-12-15T20:23:19.895+0000] {dagbag.py:588} INFO - Filling up the DagBag from /opt/airflow/dags/movielens_recommender_pipeline.py
[2024-12-15T20:23:22.198+0000] {processor.py:925} INFO - DAG(s) 'movielens_processing_pipeline' retrieved from /opt/airflow/dags/movielens_recommender_pipeline.py
[2024-12-15T20:23:22.299+0000] {logging_mixin.py:190} INFO - [2024-12-15T20:23:22.297+0000] {dag.py:3239} INFO - Sync 1 DAGs
[2024-12-15T20:23:22.324+0000] {logging_mixin.py:190} INFO - [2024-12-15T20:23:22.324+0000] {dag.py:4180} INFO - Setting next_dagrun for movielens_processing_pipeline to None, run_after=None
[2024-12-15T20:23:22.349+0000] {processor.py:208} INFO - Processing /opt/airflow/dags/movielens_recommender_pipeline.py took 2.471 seconds
[2024-12-15T20:23:53.623+0000] {processor.py:186} INFO - Started process (PID=819) to work on /opt/airflow/dags/movielens_recommender_pipeline.py
[2024-12-15T20:23:53.638+0000] {processor.py:914} INFO - Processing file /opt/airflow/dags/movielens_recommender_pipeline.py for tasks to queue
[2024-12-15T20:23:53.644+0000] {logging_mixin.py:190} INFO - [2024-12-15T20:23:53.640+0000] {dagbag.py:588} INFO - Filling up the DagBag from /opt/airflow/dags/movielens_recommender_pipeline.py
[2024-12-15T20:24:26.842+0000] {logging_mixin.py:190} INFO - [2024-12-15T20:24:24.172+0000] {timeout.py:68} ERROR - Process timed out, PID: 819
[2024-12-15T20:24:29.923+0000] {logging_mixin.py:190} INFO - [2024-12-15T20:24:26.906+0000] {dagbag.py:387} ERROR - Failed to import: /opt/airflow/dags/movielens_recommender_pipeline.py
Traceback (most recent call last):
  File "/home/airflow/.local/lib/python3.12/site-packages/airflow/models/dagbag.py", line 383, in parse
    loader.exec_module(new_module)
  File "<frozen importlib._bootstrap_external>", line 995, in exec_module
  File "<frozen importlib._bootstrap>", line 488, in _call_with_frames_removed
  File "/opt/airflow/dags/movielens_recommender_pipeline.py", line 12, in <module>
    from pyspark.ml.recommendation import ALS
  File "/home/airflow/.local/lib/python3.12/site-packages/pyspark/ml/__init__.py", line 31, in <module>
    from pyspark.ml import (
  File "/home/airflow/.local/lib/python3.12/site-packages/pyspark/ml/clustering.py", line 52, in <module>
    from pyspark.ml.stat import MultivariateGaussian
  File "<frozen importlib._bootstrap>", line 1360, in _find_and_load
  File "<frozen importlib._bootstrap>", line 1322, in _find_and_load_unlocked
  File "<frozen importlib._bootstrap>", line 1262, in _find_spec
  File "<frozen importlib._bootstrap_external>", line 1528, in find_spec
  File "<frozen importlib._bootstrap_external>", line 1502, in _get_spec
  File "<frozen importlib._bootstrap_external>", line 1634, in find_spec
  File "<frozen importlib._bootstrap_external>", line 161, in _path_isfile
  File "<frozen importlib._bootstrap_external>", line 153, in _path_is_mode_type
  File "<frozen importlib._bootstrap_external>", line 147, in _path_stat
  File "/home/airflow/.local/lib/python3.12/site-packages/airflow/utils/timeout.py", line 69, in handle_timeout
    raise AirflowTaskTimeout(self.error_message)
airflow.exceptions.AirflowTaskTimeout: DagBag import timeout for /opt/airflow/dags/movielens_recommender_pipeline.py after 30.0s.
Please take a look at these docs to improve your DAG import time:
* https://airflow.apache.org/docs/apache-airflow/2.10.3/best-practices.html#top-level-python-code
* https://airflow.apache.org/docs/apache-airflow/2.10.3/best-practices.html#reducing-dag-complexity, PID: 819
[2024-12-15T20:24:31.322+0000] {processor.py:927} WARNING - No viable dags retrieved from /opt/airflow/dags/movielens_recommender_pipeline.py
[2024-12-15T20:24:41.755+0000] {processor.py:208} INFO - Processing /opt/airflow/dags/movielens_recommender_pipeline.py took 48.397 seconds
[2024-12-15T20:28:36.840+0000] {processor.py:186} INFO - Started process (PID=847) to work on /opt/airflow/dags/movielens_recommender_pipeline.py
[2024-12-15T20:28:36.851+0000] {processor.py:914} INFO - Processing file /opt/airflow/dags/movielens_recommender_pipeline.py for tasks to queue
[2024-12-15T20:28:36.888+0000] {logging_mixin.py:190} INFO - [2024-12-15T20:28:36.874+0000] {dagbag.py:588} INFO - Filling up the DagBag from /opt/airflow/dags/movielens_recommender_pipeline.py
[2024-12-15T20:28:45.517+0000] {processor.py:925} INFO - DAG(s) 'movielens_processing_pipeline' retrieved from /opt/airflow/dags/movielens_recommender_pipeline.py
[2024-12-15T20:28:45.933+0000] {logging_mixin.py:190} INFO - [2024-12-15T20:28:45.933+0000] {dag.py:3239} INFO - Sync 1 DAGs
[2024-12-15T20:28:45.999+0000] {logging_mixin.py:190} INFO - [2024-12-15T20:28:45.998+0000] {dag.py:4180} INFO - Setting next_dagrun for movielens_processing_pipeline to None, run_after=None
[2024-12-15T20:28:46.120+0000] {processor.py:208} INFO - Processing /opt/airflow/dags/movielens_recommender_pipeline.py took 9.337 seconds
[2024-12-15T20:29:26.134+0000] {processor.py:186} INFO - Started process (PID=916) to work on /opt/airflow/dags/movielens_recommender_pipeline.py
[2024-12-15T20:29:26.154+0000] {processor.py:914} INFO - Processing file /opt/airflow/dags/movielens_recommender_pipeline.py for tasks to queue
[2024-12-15T20:29:26.167+0000] {logging_mixin.py:190} INFO - [2024-12-15T20:29:26.163+0000] {dagbag.py:588} INFO - Filling up the DagBag from /opt/airflow/dags/movielens_recommender_pipeline.py
[2024-12-15T20:29:30.015+0000] {processor.py:925} INFO - DAG(s) 'movielens_processing_pipeline' retrieved from /opt/airflow/dags/movielens_recommender_pipeline.py
[2024-12-15T20:29:30.247+0000] {logging_mixin.py:190} INFO - [2024-12-15T20:29:30.247+0000] {dag.py:3239} INFO - Sync 1 DAGs
[2024-12-15T20:29:30.357+0000] {logging_mixin.py:190} INFO - [2024-12-15T20:29:30.355+0000] {dag.py:4180} INFO - Setting next_dagrun for movielens_processing_pipeline to None, run_after=None
[2024-12-15T20:29:30.474+0000] {processor.py:208} INFO - Processing /opt/airflow/dags/movielens_recommender_pipeline.py took 4.379 seconds
[2024-12-15T20:30:29.536+0000] {processor.py:186} INFO - Started process (PID=967) to work on /opt/airflow/dags/movielens_recommender_pipeline.py
[2024-12-15T20:30:29.544+0000] {processor.py:914} INFO - Processing file /opt/airflow/dags/movielens_recommender_pipeline.py for tasks to queue
[2024-12-15T20:30:29.555+0000] {logging_mixin.py:190} INFO - [2024-12-15T20:30:29.553+0000] {dagbag.py:588} INFO - Filling up the DagBag from /opt/airflow/dags/movielens_recommender_pipeline.py
[2024-12-15T20:30:32.347+0000] {processor.py:925} INFO - DAG(s) 'movielens_processing_pipeline' retrieved from /opt/airflow/dags/movielens_recommender_pipeline.py
[2024-12-15T20:30:32.414+0000] {logging_mixin.py:190} INFO - [2024-12-15T20:30:32.414+0000] {dag.py:3239} INFO - Sync 1 DAGs
[2024-12-15T20:30:32.461+0000] {logging_mixin.py:190} INFO - [2024-12-15T20:30:32.461+0000] {dag.py:4180} INFO - Setting next_dagrun for movielens_processing_pipeline to None, run_after=None
[2024-12-15T20:30:32.518+0000] {processor.py:208} INFO - Processing /opt/airflow/dags/movielens_recommender_pipeline.py took 2.996 seconds
[2024-12-15T20:31:03.351+0000] {processor.py:186} INFO - Started process (PID=1037) to work on /opt/airflow/dags/movielens_recommender_pipeline.py
[2024-12-15T20:31:03.356+0000] {processor.py:914} INFO - Processing file /opt/airflow/dags/movielens_recommender_pipeline.py for tasks to queue
[2024-12-15T20:31:03.360+0000] {logging_mixin.py:190} INFO - [2024-12-15T20:31:03.359+0000] {dagbag.py:588} INFO - Filling up the DagBag from /opt/airflow/dags/movielens_recommender_pipeline.py
[2024-12-15T20:31:04.764+0000] {processor.py:925} INFO - DAG(s) 'movielens_processing_pipeline' retrieved from /opt/airflow/dags/movielens_recommender_pipeline.py
[2024-12-15T20:31:04.834+0000] {logging_mixin.py:190} INFO - [2024-12-15T20:31:04.826+0000] {dag.py:3239} INFO - Sync 1 DAGs
[2024-12-15T20:31:04.887+0000] {logging_mixin.py:190} INFO - [2024-12-15T20:31:04.886+0000] {dag.py:4180} INFO - Setting next_dagrun for movielens_processing_pipeline to None, run_after=None
[2024-12-15T20:31:04.943+0000] {processor.py:208} INFO - Processing /opt/airflow/dags/movielens_recommender_pipeline.py took 1.621 seconds
[2024-12-15T20:31:36.229+0000] {processor.py:186} INFO - Started process (PID=1103) to work on /opt/airflow/dags/movielens_recommender_pipeline.py
[2024-12-15T20:31:36.238+0000] {processor.py:914} INFO - Processing file /opt/airflow/dags/movielens_recommender_pipeline.py for tasks to queue
[2024-12-15T20:31:36.247+0000] {logging_mixin.py:190} INFO - [2024-12-15T20:31:36.244+0000] {dagbag.py:588} INFO - Filling up the DagBag from /opt/airflow/dags/movielens_recommender_pipeline.py
[2024-12-15T20:31:39.318+0000] {processor.py:925} INFO - DAG(s) 'movielens_processing_pipeline' retrieved from /opt/airflow/dags/movielens_recommender_pipeline.py
[2024-12-15T20:32:46.538+0000] {logging_mixin.py:190} INFO - [2024-12-15T20:32:46.506+0000] {dag.py:3239} INFO - Sync 1 DAGs
[2024-12-15T20:33:17.616+0000] {processor.py:186} INFO - Started process (PID=1180) to work on /opt/airflow/dags/movielens_recommender_pipeline.py
[2024-12-15T20:33:17.618+0000] {processor.py:914} INFO - Processing file /opt/airflow/dags/movielens_recommender_pipeline.py for tasks to queue
[2024-12-15T20:33:17.621+0000] {logging_mixin.py:190} INFO - [2024-12-15T20:33:17.621+0000] {dagbag.py:588} INFO - Filling up the DagBag from /opt/airflow/dags/movielens_recommender_pipeline.py
[2024-12-15T20:33:19.323+0000] {processor.py:925} INFO - DAG(s) 'movielens_processing_pipeline' retrieved from /opt/airflow/dags/movielens_recommender_pipeline.py
[2024-12-15T20:33:19.377+0000] {logging_mixin.py:190} INFO - [2024-12-15T20:33:19.376+0000] {dag.py:3239} INFO - Sync 1 DAGs
[2024-12-15T20:33:19.415+0000] {logging_mixin.py:190} INFO - [2024-12-15T20:33:19.414+0000] {dag.py:4180} INFO - Setting next_dagrun for movielens_processing_pipeline to None, run_after=None
[2024-12-15T20:33:19.459+0000] {processor.py:208} INFO - Processing /opt/airflow/dags/movielens_recommender_pipeline.py took 1.855 seconds
[2024-12-15T20:33:50.238+0000] {processor.py:186} INFO - Started process (PID=1247) to work on /opt/airflow/dags/movielens_recommender_pipeline.py
[2024-12-15T20:33:50.241+0000] {processor.py:914} INFO - Processing file /opt/airflow/dags/movielens_recommender_pipeline.py for tasks to queue
[2024-12-15T20:33:50.243+0000] {logging_mixin.py:190} INFO - [2024-12-15T20:33:50.243+0000] {dagbag.py:588} INFO - Filling up the DagBag from /opt/airflow/dags/movielens_recommender_pipeline.py
[2024-12-15T20:33:51.184+0000] {processor.py:925} INFO - DAG(s) 'movielens_processing_pipeline' retrieved from /opt/airflow/dags/movielens_recommender_pipeline.py
[2024-12-15T20:33:51.211+0000] {logging_mixin.py:190} INFO - [2024-12-15T20:33:51.210+0000] {dag.py:3239} INFO - Sync 1 DAGs
[2024-12-15T20:33:51.229+0000] {logging_mixin.py:190} INFO - [2024-12-15T20:33:51.229+0000] {dag.py:4180} INFO - Setting next_dagrun for movielens_processing_pipeline to None, run_after=None
[2024-12-15T20:33:51.252+0000] {processor.py:208} INFO - Processing /opt/airflow/dags/movielens_recommender_pipeline.py took 1.024 seconds
[2024-12-15T20:34:21.509+0000] {processor.py:186} INFO - Started process (PID=1308) to work on /opt/airflow/dags/movielens_recommender_pipeline.py
[2024-12-15T20:34:21.518+0000] {processor.py:914} INFO - Processing file /opt/airflow/dags/movielens_recommender_pipeline.py for tasks to queue
[2024-12-15T20:34:21.527+0000] {logging_mixin.py:190} INFO - [2024-12-15T20:34:21.522+0000] {dagbag.py:588} INFO - Filling up the DagBag from /opt/airflow/dags/movielens_recommender_pipeline.py
[2024-12-15T20:34:24.133+0000] {processor.py:925} INFO - DAG(s) 'movielens_processing_pipeline' retrieved from /opt/airflow/dags/movielens_recommender_pipeline.py
[2024-12-15T20:34:24.184+0000] {logging_mixin.py:190} INFO - [2024-12-15T20:34:24.183+0000] {dag.py:3239} INFO - Sync 1 DAGs
[2024-12-15T20:34:24.232+0000] {logging_mixin.py:190} INFO - [2024-12-15T20:34:24.225+0000] {dag.py:4180} INFO - Setting next_dagrun for movielens_processing_pipeline to None, run_after=None
[2024-12-15T20:34:24.337+0000] {processor.py:208} INFO - Processing /opt/airflow/dags/movielens_recommender_pipeline.py took 2.893 seconds
[2024-12-15T20:34:55.930+0000] {processor.py:186} INFO - Started process (PID=1376) to work on /opt/airflow/dags/movielens_recommender_pipeline.py
[2024-12-15T20:34:55.953+0000] {processor.py:914} INFO - Processing file /opt/airflow/dags/movielens_recommender_pipeline.py for tasks to queue
[2024-12-15T20:34:55.957+0000] {logging_mixin.py:190} INFO - [2024-12-15T20:34:55.956+0000] {dagbag.py:588} INFO - Filling up the DagBag from /opt/airflow/dags/movielens_recommender_pipeline.py
[2024-12-15T20:35:00.499+0000] {processor.py:925} INFO - DAG(s) 'movielens_processing_pipeline' retrieved from /opt/airflow/dags/movielens_recommender_pipeline.py
[2024-12-15T20:35:00.555+0000] {logging_mixin.py:190} INFO - [2024-12-15T20:35:00.555+0000] {dag.py:3239} INFO - Sync 1 DAGs
[2024-12-15T20:35:00.608+0000] {logging_mixin.py:190} INFO - [2024-12-15T20:35:00.607+0000] {dag.py:4180} INFO - Setting next_dagrun for movielens_processing_pipeline to None, run_after=None
[2024-12-15T20:35:00.670+0000] {processor.py:208} INFO - Processing /opt/airflow/dags/movielens_recommender_pipeline.py took 4.763 seconds
[2024-12-15T20:35:31.000+0000] {processor.py:186} INFO - Started process (PID=1446) to work on /opt/airflow/dags/movielens_recommender_pipeline.py
[2024-12-15T20:35:31.009+0000] {processor.py:914} INFO - Processing file /opt/airflow/dags/movielens_recommender_pipeline.py for tasks to queue
[2024-12-15T20:35:31.024+0000] {logging_mixin.py:190} INFO - [2024-12-15T20:35:31.015+0000] {dagbag.py:588} INFO - Filling up the DagBag from /opt/airflow/dags/movielens_recommender_pipeline.py
[2024-12-15T20:35:32.328+0000] {processor.py:925} INFO - DAG(s) 'movielens_processing_pipeline' retrieved from /opt/airflow/dags/movielens_recommender_pipeline.py
[2024-12-15T20:35:32.353+0000] {logging_mixin.py:190} INFO - [2024-12-15T20:35:32.352+0000] {dag.py:3239} INFO - Sync 1 DAGs
[2024-12-15T20:35:32.370+0000] {logging_mixin.py:190} INFO - [2024-12-15T20:35:32.369+0000] {dag.py:4180} INFO - Setting next_dagrun for movielens_processing_pipeline to None, run_after=None
[2024-12-15T20:35:32.406+0000] {processor.py:208} INFO - Processing /opt/airflow/dags/movielens_recommender_pipeline.py took 1.470 seconds
[2024-12-15T20:36:02.733+0000] {processor.py:186} INFO - Started process (PID=1511) to work on /opt/airflow/dags/movielens_recommender_pipeline.py
[2024-12-15T20:36:02.735+0000] {processor.py:914} INFO - Processing file /opt/airflow/dags/movielens_recommender_pipeline.py for tasks to queue
[2024-12-15T20:36:02.737+0000] {logging_mixin.py:190} INFO - [2024-12-15T20:36:02.737+0000] {dagbag.py:588} INFO - Filling up the DagBag from /opt/airflow/dags/movielens_recommender_pipeline.py
[2024-12-15T20:36:03.897+0000] {processor.py:925} INFO - DAG(s) 'movielens_processing_pipeline' retrieved from /opt/airflow/dags/movielens_recommender_pipeline.py
[2024-12-15T20:36:03.920+0000] {logging_mixin.py:190} INFO - [2024-12-15T20:36:03.919+0000] {dag.py:3239} INFO - Sync 1 DAGs
[2024-12-15T20:36:03.934+0000] {logging_mixin.py:190} INFO - [2024-12-15T20:36:03.933+0000] {dag.py:4180} INFO - Setting next_dagrun for movielens_processing_pipeline to None, run_after=None
[2024-12-15T20:36:03.951+0000] {processor.py:208} INFO - Processing /opt/airflow/dags/movielens_recommender_pipeline.py took 1.227 seconds
[2024-12-15T20:36:34.481+0000] {processor.py:186} INFO - Started process (PID=1577) to work on /opt/airflow/dags/movielens_recommender_pipeline.py
[2024-12-15T20:36:34.483+0000] {processor.py:914} INFO - Processing file /opt/airflow/dags/movielens_recommender_pipeline.py for tasks to queue
[2024-12-15T20:36:34.485+0000] {logging_mixin.py:190} INFO - [2024-12-15T20:36:34.485+0000] {dagbag.py:588} INFO - Filling up the DagBag from /opt/airflow/dags/movielens_recommender_pipeline.py
[2024-12-15T20:36:35.044+0000] {processor.py:925} INFO - DAG(s) 'movielens_processing_pipeline' retrieved from /opt/airflow/dags/movielens_recommender_pipeline.py
[2024-12-15T20:36:35.076+0000] {logging_mixin.py:190} INFO - [2024-12-15T20:36:35.075+0000] {dag.py:3239} INFO - Sync 1 DAGs
[2024-12-15T20:36:35.094+0000] {logging_mixin.py:190} INFO - [2024-12-15T20:36:35.093+0000] {dag.py:4180} INFO - Setting next_dagrun for movielens_processing_pipeline to None, run_after=None
[2024-12-15T20:36:35.124+0000] {processor.py:208} INFO - Processing /opt/airflow/dags/movielens_recommender_pipeline.py took 0.651 seconds
[2024-12-15T20:37:05.614+0000] {processor.py:186} INFO - Started process (PID=1643) to work on /opt/airflow/dags/movielens_recommender_pipeline.py
[2024-12-15T20:37:05.618+0000] {processor.py:914} INFO - Processing file /opt/airflow/dags/movielens_recommender_pipeline.py for tasks to queue
[2024-12-15T20:37:05.624+0000] {logging_mixin.py:190} INFO - [2024-12-15T20:37:05.620+0000] {dagbag.py:588} INFO - Filling up the DagBag from /opt/airflow/dags/movielens_recommender_pipeline.py
[2024-12-15T20:37:06.328+0000] {processor.py:925} INFO - DAG(s) 'movielens_processing_pipeline' retrieved from /opt/airflow/dags/movielens_recommender_pipeline.py
[2024-12-15T20:37:06.348+0000] {logging_mixin.py:190} INFO - [2024-12-15T20:37:06.348+0000] {dag.py:3239} INFO - Sync 1 DAGs
[2024-12-15T20:37:06.362+0000] {logging_mixin.py:190} INFO - [2024-12-15T20:37:06.362+0000] {dag.py:4180} INFO - Setting next_dagrun for movielens_processing_pipeline to None, run_after=None
[2024-12-15T20:37:06.378+0000] {processor.py:208} INFO - Processing /opt/airflow/dags/movielens_recommender_pipeline.py took 0.781 seconds
[2024-12-15T20:37:39.544+0000] {processor.py:186} INFO - Started process (PID=1703) to work on /opt/airflow/dags/movielens_recommender_pipeline.py
[2024-12-15T20:37:39.545+0000] {processor.py:914} INFO - Processing file /opt/airflow/dags/movielens_recommender_pipeline.py for tasks to queue
[2024-12-15T20:37:39.547+0000] {logging_mixin.py:190} INFO - [2024-12-15T20:37:39.547+0000] {dagbag.py:588} INFO - Filling up the DagBag from /opt/airflow/dags/movielens_recommender_pipeline.py
[2024-12-15T20:37:40.142+0000] {processor.py:925} INFO - DAG(s) 'movielens_processing_pipeline' retrieved from /opt/airflow/dags/movielens_recommender_pipeline.py
[2024-12-15T20:37:40.165+0000] {logging_mixin.py:190} INFO - [2024-12-15T20:37:40.165+0000] {dag.py:3239} INFO - Sync 1 DAGs
[2024-12-15T20:37:40.181+0000] {logging_mixin.py:190} INFO - [2024-12-15T20:37:40.181+0000] {dag.py:4180} INFO - Setting next_dagrun for movielens_processing_pipeline to None, run_after=None
[2024-12-15T20:37:40.200+0000] {processor.py:208} INFO - Processing /opt/airflow/dags/movielens_recommender_pipeline.py took 0.664 seconds
[2024-12-15T20:38:14.852+0000] {processor.py:186} INFO - Started process (PID=1730) to work on /opt/airflow/dags/movielens_recommender_pipeline.py
[2024-12-15T20:38:14.854+0000] {processor.py:914} INFO - Processing file /opt/airflow/dags/movielens_recommender_pipeline.py for tasks to queue
[2024-12-15T20:38:14.861+0000] {logging_mixin.py:190} INFO - [2024-12-15T20:38:14.858+0000] {dagbag.py:588} INFO - Filling up the DagBag from /opt/airflow/dags/movielens_recommender_pipeline.py
[2024-12-15T20:38:17.311+0000] {processor.py:925} INFO - DAG(s) 'movielens_processing_pipeline' retrieved from /opt/airflow/dags/movielens_recommender_pipeline.py
[2024-12-15T20:38:17.337+0000] {logging_mixin.py:190} INFO - [2024-12-15T20:38:17.337+0000] {dag.py:3239} INFO - Sync 1 DAGs
[2024-12-15T20:38:17.356+0000] {logging_mixin.py:190} INFO - [2024-12-15T20:38:17.356+0000] {dag.py:4180} INFO - Setting next_dagrun for movielens_processing_pipeline to None, run_after=None
[2024-12-15T20:38:17.377+0000] {processor.py:208} INFO - Processing /opt/airflow/dags/movielens_recommender_pipeline.py took 2.554 seconds
[2024-12-15T20:39:28.823+0000] {processor.py:186} INFO - Started process (PID=1796) to work on /opt/airflow/dags/movielens_recommender_pipeline.py
[2024-12-15T20:39:28.835+0000] {processor.py:914} INFO - Processing file /opt/airflow/dags/movielens_recommender_pipeline.py for tasks to queue
[2024-12-15T20:39:28.847+0000] {logging_mixin.py:190} INFO - [2024-12-15T20:39:28.843+0000] {dagbag.py:588} INFO - Filling up the DagBag from /opt/airflow/dags/movielens_recommender_pipeline.py
[2024-12-15T20:39:55.877+0000] {processor.py:925} INFO - DAG(s) 'movielens_processing_pipeline' retrieved from /opt/airflow/dags/movielens_recommender_pipeline.py
[2024-12-15T20:40:32.919+0000] {logging_mixin.py:190} INFO - [2024-12-15T20:40:32.916+0000] {dag.py:3239} INFO - Sync 1 DAGs
[2024-12-15T20:40:33.535+0000] {logging_mixin.py:190} INFO - [2024-12-15T20:40:33.505+0000] {dag.py:4180} INFO - Setting next_dagrun for movielens_processing_pipeline to None, run_after=None
[2024-12-15T20:40:38.019+0000] {processor.py:208} INFO - Processing /opt/airflow/dags/movielens_recommender_pipeline.py took 69.303 seconds
[2024-12-15T20:41:17.408+0000] {processor.py:186} INFO - Started process (PID=1863) to work on /opt/airflow/dags/movielens_recommender_pipeline.py
[2024-12-15T20:41:17.416+0000] {processor.py:914} INFO - Processing file /opt/airflow/dags/movielens_recommender_pipeline.py for tasks to queue
[2024-12-15T20:41:17.418+0000] {logging_mixin.py:190} INFO - [2024-12-15T20:41:17.418+0000] {dagbag.py:588} INFO - Filling up the DagBag from /opt/airflow/dags/movielens_recommender_pipeline.py
[2024-12-15T20:41:19.872+0000] {processor.py:925} INFO - DAG(s) 'movielens_processing_pipeline' retrieved from /opt/airflow/dags/movielens_recommender_pipeline.py
[2024-12-15T20:41:19.922+0000] {logging_mixin.py:190} INFO - [2024-12-15T20:41:19.922+0000] {dag.py:3239} INFO - Sync 1 DAGs
[2024-12-15T20:41:19.951+0000] {logging_mixin.py:190} INFO - [2024-12-15T20:41:19.951+0000] {dag.py:4180} INFO - Setting next_dagrun for movielens_processing_pipeline to None, run_after=None
[2024-12-15T20:41:20.011+0000] {processor.py:208} INFO - Processing /opt/airflow/dags/movielens_recommender_pipeline.py took 2.622 seconds
[2024-12-15T20:41:50.607+0000] {processor.py:186} INFO - Started process (PID=1931) to work on /opt/airflow/dags/movielens_recommender_pipeline.py
[2024-12-15T20:41:50.610+0000] {processor.py:914} INFO - Processing file /opt/airflow/dags/movielens_recommender_pipeline.py for tasks to queue
[2024-12-15T20:41:50.615+0000] {logging_mixin.py:190} INFO - [2024-12-15T20:41:50.615+0000] {dagbag.py:588} INFO - Filling up the DagBag from /opt/airflow/dags/movielens_recommender_pipeline.py
[2024-12-15T20:41:51.399+0000] {processor.py:925} INFO - DAG(s) 'movielens_processing_pipeline' retrieved from /opt/airflow/dags/movielens_recommender_pipeline.py
[2024-12-15T20:41:51.440+0000] {logging_mixin.py:190} INFO - [2024-12-15T20:41:51.440+0000] {dag.py:3239} INFO - Sync 1 DAGs
[2024-12-15T20:41:51.456+0000] {logging_mixin.py:190} INFO - [2024-12-15T20:41:51.455+0000] {dag.py:4180} INFO - Setting next_dagrun for movielens_processing_pipeline to None, run_after=None
[2024-12-15T20:41:51.481+0000] {processor.py:208} INFO - Processing /opt/airflow/dags/movielens_recommender_pipeline.py took 0.887 seconds
[2024-12-15T20:42:21.601+0000] {processor.py:186} INFO - Started process (PID=1997) to work on /opt/airflow/dags/movielens_recommender_pipeline.py
[2024-12-15T20:42:21.604+0000] {processor.py:914} INFO - Processing file /opt/airflow/dags/movielens_recommender_pipeline.py for tasks to queue
[2024-12-15T20:42:21.607+0000] {logging_mixin.py:190} INFO - [2024-12-15T20:42:21.606+0000] {dagbag.py:588} INFO - Filling up the DagBag from /opt/airflow/dags/movielens_recommender_pipeline.py
[2024-12-15T20:42:23.101+0000] {processor.py:925} INFO - DAG(s) 'movielens_processing_pipeline' retrieved from /opt/airflow/dags/movielens_recommender_pipeline.py
[2024-12-15T20:42:23.179+0000] {logging_mixin.py:190} INFO - [2024-12-15T20:42:23.178+0000] {dag.py:3239} INFO - Sync 1 DAGs
[2024-12-15T20:42:23.227+0000] {logging_mixin.py:190} INFO - [2024-12-15T20:42:23.226+0000] {dag.py:4180} INFO - Setting next_dagrun for movielens_processing_pipeline to None, run_after=None
[2024-12-15T20:42:23.276+0000] {processor.py:208} INFO - Processing /opt/airflow/dags/movielens_recommender_pipeline.py took 1.686 seconds
